2024-02-04 23:29:35,035 - EXECUT - INFO - starting server...
2024-02-04 23:29:40,759 - EXECUT - INFO - trainer number statipo12 just joined the pool
2024-02-04 23:29:40,824 - EXECUT - INFO - trainer number statipo11 just joined the pool
2024-02-04 23:29:40,835 - EXECUT - INFO - trainer number statipo21 just joined the pool
2024-02-04 23:29:40,858 - EXECUT - INFO - trainer number statipo13 just joined the pool
2024-02-04 23:29:41,041 - METRIC - INFO - round: 1
2024-02-04 23:29:41,041 - METRIC - INFO - n_selected: 2
2024-02-04 23:29:41,042 - METRIC - INFO - selected_trainers: statipo11 - statipo21
2024-02-04 23:29:42,253 - EXECUT - INFO - received weights from trainer statipo11!
2024-02-04 23:29:42,317 - EXECUT - INFO - received weights from trainer statipo21!
2024-02-04 23:29:43,136 - EXECUT - INFO - sent aggregated weights to trainers!
2024-02-04 23:29:43,271 - METRIC - INFO - statipo12 loss: 37.5361328125 - accuracy: 0.18965516984462738
2024-02-04 23:29:43,274 - METRIC - INFO - statipo21 loss: 0.10986263304948807 - accuracy: 0.9632768630981445
2024-02-04 23:29:43,280 - METRIC - INFO - statipo13 loss: 34.22050857543945 - accuracy: 0.285897433757782
2024-02-04 23:29:43,309 - METRIC - INFO - statipo11 loss: 0.21025055646896362 - accuracy: 0.9230769276618958
2024-02-04 23:29:44,138 - METRIC - INFO - mean_accuracy: 0.5904765985906124

2024-02-04 23:29:44,139 - METRIC - INFO - round: 2
2024-02-04 23:29:44,139 - METRIC - INFO - n_selected: 2
2024-02-04 23:29:44,139 - METRIC - INFO - selected_trainers: statipo12 - statipo13
2024-02-04 23:29:45,141 - EXECUT - INFO - received weights from trainer statipo12!
2024-02-04 23:29:45,336 - EXECUT - INFO - received weights from trainer statipo13!
2024-02-04 23:29:46,230 - EXECUT - INFO - sent aggregated weights to trainers!
2024-02-04 23:29:46,359 - METRIC - INFO - statipo12 loss: 0.16984018683433533 - accuracy: 0.9482758641242981
2024-02-04 23:29:46,360 - METRIC - INFO - statipo21 loss: 2.1148414611816406 - accuracy: 0.29378530383110046
2024-02-04 23:29:46,362 - METRIC - INFO - statipo13 loss: 0.46729201078414917 - accuracy: 0.8102564215660095
2024-02-04 23:29:46,396 - METRIC - INFO - statipo11 loss: 2.9068784713745117 - accuracy: 0.18429486453533173
2024-02-04 23:29:47,231 - METRIC - INFO - mean_accuracy: 0.559153113514185

2024-02-04 23:29:47,232 - METRIC - INFO - round: 3
2024-02-04 23:29:47,232 - METRIC - INFO - n_selected: 2
2024-02-04 23:29:47,232 - METRIC - INFO - selected_trainers: statipo11 - statipo21
2024-02-04 23:29:48,015 - EXECUT - INFO - received weights from trainer statipo11!
2024-02-04 23:29:48,084 - EXECUT - INFO - received weights from trainer statipo21!
2024-02-04 23:29:48,357 - EXECUT - INFO - sent aggregated weights to trainers!
2024-02-04 23:29:48,478 - METRIC - INFO - statipo12 loss: 1.441764235496521 - accuracy: 0.4099617004394531
2024-02-04 23:29:48,482 - METRIC - INFO - statipo11 loss: 0.14760276675224304 - accuracy: 0.9519230723381042
2024-02-04 23:29:48,489 - METRIC - INFO - statipo21 loss: 0.06757345795631409 - accuracy: 0.9731638431549072
2024-02-04 23:29:48,489 - METRIC - INFO - statipo13 loss: 0.7804044485092163 - accuracy: 0.7615384459495544
2024-02-04 23:29:49,358 - METRIC - INFO - mean_accuracy: 0.7741467654705048

2024-02-04 23:29:49,358 - METRIC - INFO - round: 4
2024-02-04 23:29:49,359 - METRIC - INFO - n_selected: 2
2024-02-04 23:29:49,359 - METRIC - INFO - selected_trainers: statipo12 - statipo13
2024-02-04 23:29:50,115 - EXECUT - INFO - received weights from trainer statipo12!
2024-02-04 23:29:50,320 - EXECUT - INFO - received weights from trainer statipo13!
2024-02-04 23:29:50,450 - EXECUT - INFO - sent aggregated weights to trainers!
2024-02-04 23:29:50,575 - METRIC - INFO - statipo12 loss: 0.29695552587509155 - accuracy: 0.8965517282485962
2024-02-04 23:29:50,580 - METRIC - INFO - statipo11 loss: 1.028112769126892 - accuracy: 0.6394230723381042
2024-02-04 23:29:50,585 - METRIC - INFO - statipo21 loss: 0.6522658467292786 - accuracy: 0.7316384315490723
2024-02-04 23:29:50,589 - METRIC - INFO - statipo13 loss: 0.38047707080841064 - accuracy: 0.843589723110199
2024-02-04 23:29:51,451 - METRIC - INFO - mean_accuracy: 0.7778007388114929

2024-02-04 23:29:51,451 - METRIC - INFO - round: 5
2024-02-04 23:29:51,451 - METRIC - INFO - n_selected: 2
2024-02-04 23:29:51,451 - METRIC - INFO - selected_trainers: statipo11 - statipo21
2024-02-04 23:29:52,326 - EXECUT - INFO - received weights from trainer statipo11!
2024-02-04 23:29:52,397 - EXECUT - INFO - received weights from trainer statipo21!
2024-02-04 23:29:52,572 - EXECUT - INFO - sent aggregated weights to trainers!
2024-02-04 23:29:52,691 - METRIC - INFO - statipo12 loss: 1.400512456893921 - accuracy: 0.532567024230957
2024-02-04 23:29:52,706 - METRIC - INFO - statipo13 loss: 0.45799869298934937 - accuracy: 0.8487179279327393
2024-02-04 23:29:52,706 - METRIC - INFO - statipo11 loss: 0.10545925050973892 - accuracy: 0.9647436141967773
2024-02-04 23:29:52,740 - METRIC - INFO - statipo21 loss: 0.08411882817745209 - accuracy: 0.9802259802818298
2024-02-04 23:29:53,574 - METRIC - INFO - mean_accuracy: 0.8315636366605759

2024-02-04 23:29:53,574 - METRIC - INFO - round: 6
2024-02-04 23:29:53,574 - METRIC - INFO - n_selected: 1
2024-02-04 23:29:53,575 - METRIC - INFO - selected_trainers: statipo12
2024-02-04 23:29:54,234 - EXECUT - INFO - received weights from trainer statipo12!
2024-02-04 23:29:54,698 - EXECUT - INFO - sent aggregated weights to trainers!
2024-02-04 23:29:54,819 - METRIC - INFO - statipo12 loss: 0.06724298000335693 - accuracy: 0.9789271950721741
2024-02-04 23:29:54,828 - METRIC - INFO - statipo21 loss: 0.3246520161628723 - accuracy: 0.8827683329582214
2024-02-04 23:29:54,834 - METRIC - INFO - statipo13 loss: 0.7971709370613098 - accuracy: 0.7076923251152039
2024-02-04 23:29:54,861 - METRIC - INFO - statipo11 loss: 1.0078701972961426 - accuracy: 0.7019230723381042
2024-02-04 23:29:55,700 - METRIC - INFO - mean_accuracy: 0.8178277313709259

2024-02-04 23:29:55,701 - METRIC - INFO - round: 7
2024-02-04 23:29:55,701 - METRIC - INFO - n_selected: 2
2024-02-04 23:29:55,701 - METRIC - INFO - selected_trainers: statipo11 - statipo13
2024-02-04 23:29:56,569 - EXECUT - INFO - received weights from trainer statipo11!
2024-02-04 23:29:56,700 - EXECUT - INFO - received weights from trainer statipo13!
2024-02-04 23:29:56,786 - EXECUT - INFO - sent aggregated weights to trainers!
2024-02-04 23:29:56,908 - METRIC - INFO - statipo12 loss: 0.06724298000335693 - accuracy: 0.9789271950721741
2024-02-04 23:29:56,915 - METRIC - INFO - statipo11 loss: 0.0819622054696083 - accuracy: 0.9743589758872986
2024-02-04 23:29:56,915 - METRIC - INFO - statipo21 loss: 0.7607302665710449 - accuracy: 0.6920903921127319
2024-02-04 23:29:56,917 - METRIC - INFO - statipo13 loss: 0.1689041703939438 - accuracy: 0.9346153736114502
2024-02-04 23:29:57,788 - METRIC - INFO - mean_accuracy: 0.8949979841709137

2024-02-04 23:29:57,789 - METRIC - INFO - round: 8
2024-02-04 23:29:57,789 - METRIC - INFO - n_selected: 1
2024-02-04 23:29:57,789 - METRIC - INFO - selected_trainers: statipo21
2024-02-04 23:29:58,524 - EXECUT - INFO - received weights from trainer statipo21!
2024-02-04 23:29:58,877 - EXECUT - INFO - sent aggregated weights to trainers!
2024-02-04 23:29:59,001 - METRIC - INFO - statipo12 loss: 0.7036084532737732 - accuracy: 0.8026819825172424
2024-02-04 23:29:59,013 - METRIC - INFO - statipo21 loss: 0.1396990418434143 - accuracy: 0.9533898234367371
2024-02-04 23:29:59,044 - METRIC - INFO - statipo11 loss: 0.6735389828681946 - accuracy: 0.7868589758872986
2024-02-04 23:29:59,048 - METRIC - INFO - statipo13 loss: 0.30310192704200745 - accuracy: 0.879487156867981
2024-02-04 23:29:59,878 - METRIC - INFO - mean_accuracy: 0.8556044846773148

2024-02-04 23:29:59,878 - METRIC - INFO - round: 9
2024-02-04 23:29:59,879 - METRIC - INFO - n_selected: 2
2024-02-04 23:29:59,879 - METRIC - INFO - selected_trainers: statipo12 - statipo11
2024-02-04 23:30:00,573 - EXECUT - INFO - received weights from trainer statipo12!
2024-02-04 23:30:00,646 - EXECUT - INFO - received weights from trainer statipo11!
2024-02-04 23:30:00,967 - EXECUT - INFO - sent aggregated weights to trainers!
2024-02-04 23:30:01,090 - METRIC - INFO - statipo12 loss: 0.06043938174843788 - accuracy: 0.9808428883552551
2024-02-04 23:30:01,092 - METRIC - INFO - statipo11 loss: 0.057548247277736664 - accuracy: 0.9839743375778198
2024-02-04 23:30:01,094 - METRIC - INFO - statipo21 loss: 0.1396990418434143 - accuracy: 0.9533898234367371
2024-02-04 23:30:01,096 - METRIC - INFO - statipo13 loss: 0.7643565535545349 - accuracy: 0.7410256266593933
2024-02-04 23:30:01,968 - METRIC - INFO - mean_accuracy: 0.9148081690073013

2024-02-04 23:30:01,968 - METRIC - INFO - round: 10
2024-02-04 23:30:01,968 - METRIC - INFO - n_selected: 1
2024-02-04 23:30:01,968 - METRIC - INFO - selected_trainers: statipo13
2024-02-04 23:30:02,753 - EXECUT - INFO - received weights from trainer statipo13!
2024-02-04 23:30:03,056 - EXECUT - INFO - sent aggregated weights to trainers!
2024-02-04 23:30:03,180 - METRIC - INFO - statipo11 loss: 0.3926519453525543 - accuracy: 0.8621794581413269
2024-02-04 23:30:03,180 - METRIC - INFO - statipo12 loss: 0.5896691679954529 - accuracy: 0.8314176201820374
2024-02-04 23:30:03,182 - METRIC - INFO - statipo21 loss: 0.10130083560943604 - accuracy: 0.9604519605636597
2024-02-04 23:30:03,188 - METRIC - INFO - statipo13 loss: 0.2418123483657837 - accuracy: 0.879487156867981
2024-02-04 23:30:04,057 - METRIC - INFO - mean_accuracy: 0.8833840489387512

2024-02-04 23:30:04,057 - METRIC - INFO - round: 11
2024-02-04 23:30:04,058 - METRIC - INFO - n_selected: 3
2024-02-04 23:30:04,058 - METRIC - INFO - selected_trainers: statipo12 - statipo11 - statipo13
2024-02-04 23:30:04,875 - EXECUT - INFO - received weights from trainer statipo12!
2024-02-04 23:30:04,981 - EXECUT - INFO - received weights from trainer statipo11!
2024-02-04 23:30:05,095 - EXECUT - INFO - received weights from trainer statipo13!
2024-02-04 23:30:06,178 - EXECUT - INFO - sent aggregated weights to trainers!
2024-02-04 23:30:06,301 - METRIC - INFO - statipo12 loss: 0.04821870103478432 - accuracy: 0.977011501789093
2024-02-04 23:30:06,309 - METRIC - INFO - statipo21 loss: 0.8723181486129761 - accuracy: 0.7895480394363403
2024-02-04 23:30:06,311 - METRIC - INFO - statipo13 loss: 0.11056149750947952 - accuracy: 0.9615384340286255
2024-02-04 23:30:06,344 - METRIC - INFO - statipo11 loss: 0.05995521694421768 - accuracy: 0.9871794581413269
2024-02-04 23:30:07,179 - METRIC - INFO - mean_accuracy: 0.9288193583488464

2024-02-04 23:30:07,179 - METRIC - INFO - round: 12
2024-02-04 23:30:07,179 - METRIC - INFO - n_selected: 1
2024-02-04 23:30:07,179 - METRIC - INFO - selected_trainers: statipo21
2024-02-04 23:30:07,902 - EXECUT - INFO - received weights from trainer statipo21!
2024-02-04 23:30:08,268 - EXECUT - INFO - sent aggregated weights to trainers!
2024-02-04 23:30:08,385 - METRIC - INFO - statipo12 loss: 0.6326205730438232 - accuracy: 0.8371647596359253
2024-02-04 23:30:08,398 - METRIC - INFO - statipo13 loss: 0.21060287952423096 - accuracy: 0.9115384817123413
2024-02-04 23:30:08,436 - METRIC - INFO - statipo11 loss: 0.37450069189071655 - accuracy: 0.8669871687889099
2024-02-04 23:30:08,438 - METRIC - INFO - statipo21 loss: 0.06238703429698944 - accuracy: 0.9830508232116699
2024-02-04 23:30:09,269 - METRIC - INFO - mean_accuracy: 0.8996853083372116

2024-02-04 23:30:09,269 - METRIC - INFO - round: 13
2024-02-04 23:30:09,269 - METRIC - INFO - n_selected: 2
2024-02-04 23:30:09,270 - METRIC - INFO - selected_trainers: statipo12 - statipo11
2024-02-04 23:30:09,959 - EXECUT - INFO - received weights from trainer statipo12!
2024-02-04 23:30:10,024 - EXECUT - INFO - received weights from trainer statipo11!
2024-02-04 23:30:10,394 - EXECUT - INFO - sent aggregated weights to trainers!
2024-02-04 23:30:10,514 - METRIC - INFO - statipo12 loss: 0.08706718683242798 - accuracy: 0.9731800556182861
2024-02-04 23:30:10,519 - METRIC - INFO - statipo11 loss: 0.051353082060813904 - accuracy: 0.9855769276618958
2024-02-04 23:30:10,524 - METRIC - INFO - statipo13 loss: 0.42359021306037903 - accuracy: 0.8307692408561707
2024-02-04 23:30:10,527 - METRIC - INFO - statipo21 loss: 0.06238703429698944 - accuracy: 0.9830508232116699
2024-02-04 23:30:11,396 - METRIC - INFO - mean_accuracy: 0.9431442618370056

2024-02-04 23:30:11,396 - METRIC - INFO - round: 14
2024-02-04 23:30:11,397 - METRIC - INFO - n_selected: 1
2024-02-04 23:30:11,397 - METRIC - INFO - selected_trainers: statipo13
2024-02-04 23:30:12,173 - EXECUT - INFO - received weights from trainer statipo13!
2024-02-04 23:30:12,483 - EXECUT - INFO - sent aggregated weights to trainers!
2024-02-04 23:30:12,606 - METRIC - INFO - statipo11 loss: 0.37496039271354675 - accuracy: 0.8717948794364929
2024-02-04 23:30:12,610 - METRIC - INFO - statipo21 loss: 0.08390616625547409 - accuracy: 0.9632768630981445
2024-02-04 23:30:12,614 - METRIC - INFO - statipo13 loss: 0.13278260827064514 - accuracy: 0.9512820243835449
2024-02-04 23:30:12,644 - METRIC - INFO - statipo12 loss: 0.297504723072052 - accuracy: 0.9003831148147583
2024-02-04 23:30:13,484 - METRIC - INFO - mean_accuracy: 0.9216842204332352

2024-02-04 23:30:13,485 - METRIC - INFO - round: 15
2024-02-04 23:30:13,485 - METRIC - INFO - n_selected: 2
2024-02-04 23:30:13,485 - METRIC - INFO - selected_trainers: statipo12 - statipo11
2024-02-04 23:30:14,172 - EXECUT - INFO - received weights from trainer statipo12!
2024-02-04 23:30:14,248 - EXECUT - INFO - received weights from trainer statipo11!
2024-02-04 23:30:14,571 - EXECUT - INFO - sent aggregated weights to trainers!
2024-02-04 23:30:14,694 - METRIC - INFO - statipo12 loss: 0.0473027266561985 - accuracy: 0.9865900278091431
2024-02-04 23:30:14,695 - METRIC - INFO - statipo11 loss: 0.044818732887506485 - accuracy: 0.9823718070983887
2024-02-04 23:30:14,703 - METRIC - INFO - statipo21 loss: 0.4988090693950653 - accuracy: 0.8700565099716187
2024-02-04 23:30:14,741 - METRIC - INFO - statipo13 loss: 0.13278260827064514 - accuracy: 0.9512820243835449
2024-02-04 23:30:15,572 - METRIC - INFO - mean_accuracy: 0.9475750923156738

2024-02-04 23:30:15,573 - METRIC - INFO - round: 16
2024-02-04 23:30:15,573 - METRIC - INFO - n_selected: 1
2024-02-04 23:30:15,573 - METRIC - INFO - selected_trainers: statipo21
2024-02-04 23:30:16,299 - EXECUT - INFO - received weights from trainer statipo21!
2024-02-04 23:30:16,693 - EXECUT - INFO - sent aggregated weights to trainers!
2024-02-04 23:30:16,813 - METRIC - INFO - statipo12 loss: 0.27433252334594727 - accuracy: 0.8965517282485962
2024-02-04 23:30:16,819 - METRIC - INFO - statipo21 loss: 0.06473865360021591 - accuracy: 0.9774011373519897
2024-02-04 23:30:16,820 - METRIC - INFO - statipo11 loss: 0.17014046013355255 - accuracy: 0.9358974099159241
2024-02-04 23:30:16,859 - METRIC - INFO - statipo13 loss: 0.16743412613868713 - accuracy: 0.9371795058250427
2024-02-04 23:30:17,694 - METRIC - INFO - mean_accuracy: 0.9367574453353882

2024-02-04 23:30:17,694 - METRIC - INFO - round: 17
2024-02-04 23:30:17,695 - METRIC - INFO - n_selected: 2
2024-02-04 23:30:17,695 - METRIC - INFO - selected_trainers: statipo12 - statipo11
2024-02-04 23:30:18,444 - EXECUT - INFO - received weights from trainer statipo11!
2024-02-04 23:30:18,501 - EXECUT - INFO - received weights from trainer statipo12!
2024-02-04 23:30:18,818 - EXECUT - INFO - sent aggregated weights to trainers!
2024-02-04 23:30:18,939 - METRIC - INFO - statipo12 loss: 0.05108002573251724 - accuracy: 0.9789271950721741
2024-02-04 23:30:18,943 - METRIC - INFO - statipo11 loss: 0.04242456704378128 - accuracy: 0.9887820482254028
2024-02-04 23:30:18,949 - METRIC - INFO - statipo13 loss: 0.2639622092247009 - accuracy: 0.906410276889801
2024-02-04 23:30:18,981 - METRIC - INFO - statipo21 loss: 0.06473865360021591 - accuracy: 0.9774011373519897
2024-02-04 23:30:19,819 - METRIC - INFO - mean_accuracy: 0.9628801643848419

2024-02-04 23:30:19,819 - METRIC - INFO - round: 18
2024-02-04 23:30:19,820 - METRIC - INFO - n_selected: 1
2024-02-04 23:30:19,820 - METRIC - INFO - selected_trainers: statipo13
2024-02-04 23:30:20,603 - EXECUT - INFO - received weights from trainer statipo13!
2024-02-04 23:30:20,945 - EXECUT - INFO - sent aggregated weights to trainers!
2024-02-04 23:30:21,068 - METRIC - INFO - statipo12 loss: 0.27191904187202454 - accuracy: 0.9137930870056152
2024-02-04 23:30:21,069 - METRIC - INFO - statipo11 loss: 0.1535201221704483 - accuracy: 0.9439102411270142
2024-02-04 23:30:21,077 - METRIC - INFO - statipo21 loss: 0.05224036052823067 - accuracy: 0.9816384315490723
2024-02-04 23:30:21,078 - METRIC - INFO - statipo13 loss: 0.11960533261299133 - accuracy: 0.9512820243835449
2024-02-04 23:30:21,946 - METRIC - INFO - mean_accuracy: 0.9476559460163116

2024-02-04 23:30:21,946 - METRIC - INFO - round: 19
2024-02-04 23:30:21,946 - METRIC - INFO - n_selected: 2
2024-02-04 23:30:21,947 - METRIC - INFO - selected_trainers: statipo12 - statipo11
2024-02-04 23:30:22,640 - EXECUT - INFO - received weights from trainer statipo12!
2024-02-04 23:30:22,711 - EXECUT - INFO - received weights from trainer statipo11!
2024-02-04 23:30:23,069 - EXECUT - INFO - sent aggregated weights to trainers!
2024-02-04 23:30:23,190 - METRIC - INFO - statipo12 loss: 0.049333199858665466 - accuracy: 0.9865900278091431
2024-02-04 23:30:23,197 - METRIC - INFO - statipo21 loss: 0.24044707417488098 - accuracy: 0.9152542352676392
2024-02-04 23:30:23,203 - METRIC - INFO - statipo13 loss: 0.11960533261299133 - accuracy: 0.9512820243835449
2024-02-04 23:30:23,233 - METRIC - INFO - statipo11 loss: 0.03954709321260452 - accuracy: 0.9903846383094788
2024-02-04 23:30:24,071 - METRIC - INFO - mean_accuracy: 0.9608777314424515

2024-02-04 23:30:24,071 - METRIC - INFO - round: 20
2024-02-04 23:30:24,071 - METRIC - INFO - n_selected: 2
2024-02-04 23:30:24,072 - METRIC - INFO - selected_trainers: statipo21 - statipo13
2024-02-04 23:30:24,929 - EXECUT - INFO - received weights from trainer statipo21!
2024-02-04 23:30:24,981 - EXECUT - INFO - received weights from trainer statipo13!
2024-02-04 23:30:25,193 - EXECUT - INFO - sent aggregated weights to trainers!
2024-02-04 23:30:25,312 - METRIC - INFO - statipo12 loss: 0.15294377505779266 - accuracy: 0.9521072506904602
2024-02-04 23:30:25,316 - METRIC - INFO - statipo11 loss: 0.1059274673461914 - accuracy: 0.9583333134651184
2024-02-04 23:30:25,323 - METRIC - INFO - statipo21 loss: 0.032980889081954956 - accuracy: 0.9887005686759949
2024-02-04 23:30:25,324 - METRIC - INFO - statipo13 loss: 0.09188274294137955 - accuracy: 0.9576923251152039
2024-02-04 23:30:26,194 - METRIC - INFO - mean_accuracy: 0.9642083644866943

2024-02-04 23:30:26,195 - METRIC - INFO - round: 21
2024-02-04 23:30:26,195 - METRIC - INFO - n_selected: 3
2024-02-04 23:30:26,195 - METRIC - INFO - selected_trainers: statipo12 - statipo11 - statipo13
2024-02-04 23:30:27,031 - EXECUT - INFO - received weights from trainer statipo12!
2024-02-04 23:30:27,119 - EXECUT - INFO - received weights from trainer statipo11!
2024-02-04 23:30:27,244 - EXECUT - INFO - received weights from trainer statipo13!
2024-02-04 23:30:28,328 - EXECUT - INFO - sent aggregated weights to trainers!
2024-02-04 23:30:28,451 - METRIC - INFO - statipo12 loss: 0.044751062989234924 - accuracy: 0.9885057210922241
2024-02-04 23:30:28,455 - METRIC - INFO - statipo11 loss: 0.0402609184384346 - accuracy: 0.9855769276618958
2024-02-04 23:30:28,460 - METRIC - INFO - statipo21 loss: 0.10680418461561203 - accuracy: 0.9576271176338196
2024-02-04 23:30:28,463 - METRIC - INFO - statipo13 loss: 0.14113885164260864 - accuracy: 0.9410256147384644
2024-02-04 23:30:29,329 - METRIC - INFO - mean_accuracy: 0.968183845281601

2024-02-04 23:30:29,330 - METRIC - INFO - round: 22
2024-02-04 23:30:29,330 - METRIC - INFO - n_selected: 2
2024-02-04 23:30:29,330 - METRIC - INFO - selected_trainers: statipo21 - statipo13
2024-02-04 23:30:30,183 - EXECUT - INFO - received weights from trainer statipo21!
2024-02-04 23:30:30,237 - EXECUT - INFO - received weights from trainer statipo13!
2024-02-04 23:30:30,452 - EXECUT - INFO - sent aggregated weights to trainers!
2024-02-04 23:30:30,572 - METRIC - INFO - statipo12 loss: 0.26741278171539307 - accuracy: 0.9022988677024841
2024-02-04 23:30:30,577 - METRIC - INFO - statipo11 loss: 0.1143283098936081 - accuracy: 0.9551281929016113
2024-02-04 23:30:30,584 - METRIC - INFO - statipo21 loss: 0.03677811473608017 - accuracy: 0.9858757257461548
2024-02-04 23:30:30,584 - METRIC - INFO - statipo13 loss: 0.15363220870494843 - accuracy: 0.9346153736114502
2024-02-04 23:30:31,454 - METRIC - INFO - mean_accuracy: 0.9444795399904251

2024-02-04 23:30:31,454 - METRIC - INFO - round: 23
2024-02-04 23:30:31,455 - METRIC - INFO - n_selected: 2
2024-02-04 23:30:31,455 - METRIC - INFO - selected_trainers: statipo12 - statipo13
2024-02-04 23:30:32,141 - EXECUT - INFO - received weights from trainer statipo12!
2024-02-04 23:30:32,337 - EXECUT - INFO - received weights from trainer statipo13!
2024-02-04 23:30:32,581 - EXECUT - INFO - sent aggregated weights to trainers!
2024-02-04 23:30:32,701 - METRIC - INFO - statipo12 loss: 0.0663749948143959 - accuracy: 0.9731800556182861
2024-02-04 23:30:32,705 - METRIC - INFO - statipo11 loss: 0.15962962806224823 - accuracy: 0.9391025900840759
2024-02-04 23:30:32,710 - METRIC - INFO - statipo21 loss: 0.04122869297862053 - accuracy: 0.9844632744789124
2024-02-04 23:30:32,754 - METRIC - INFO - statipo13 loss: 0.08753573149442673 - accuracy: 0.9602563977241516
2024-02-04 23:30:33,582 - METRIC - INFO - mean_accuracy: 0.9642505794763565

2024-02-04 23:30:33,582 - METRIC - INFO - round: 24
2024-02-04 23:30:33,583 - METRIC - INFO - n_selected: 2
2024-02-04 23:30:33,583 - METRIC - INFO - selected_trainers: statipo11 - statipo13
2024-02-04 23:30:34,359 - EXECUT - INFO - received weights from trainer statipo11!
2024-02-04 23:30:34,479 - EXECUT - INFO - received weights from trainer statipo13!
2024-02-04 23:30:34,707 - EXECUT - INFO - sent aggregated weights to trainers!
2024-02-04 23:30:34,830 - METRIC - INFO - statipo12 loss: 0.1920955628156662 - accuracy: 0.9272030591964722
2024-02-04 23:30:34,835 - METRIC - INFO - statipo21 loss: 0.10070397704839706 - accuracy: 0.9604519605636597
2024-02-04 23:30:34,840 - METRIC - INFO - statipo13 loss: 0.0793464183807373 - accuracy: 0.964102566242218
2024-02-04 23:30:34,875 - METRIC - INFO - statipo11 loss: 0.03842012956738472 - accuracy: 0.9855769276618958
2024-02-04 23:30:35,709 - METRIC - INFO - mean_accuracy: 0.9593336284160614

2024-02-04 23:30:35,709 - METRIC - INFO - round: 25
2024-02-04 23:30:35,709 - METRIC - INFO - n_selected: 1
2024-02-04 23:30:35,710 - METRIC - INFO - selected_trainers: statipo12
2024-02-04 23:30:36,301 - EXECUT - INFO - received weights from trainer statipo12!
2024-02-04 23:30:36,797 - EXECUT - INFO - sent aggregated weights to trainers!
2024-02-04 23:30:36,925 - METRIC - INFO - statipo11 loss: 0.10102060437202454 - accuracy: 0.9615384340286255
2024-02-04 23:30:36,929 - METRIC - INFO - statipo21 loss: 0.10905522108078003 - accuracy: 0.9646892547607422
2024-02-04 23:30:36,963 - METRIC - INFO - statipo12 loss: 0.04121198132634163 - accuracy: 0.992337167263031
2024-02-04 23:30:36,966 - METRIC - INFO - statipo13 loss: 0.09285248816013336 - accuracy: 0.9615384340286255
2024-02-04 23:30:37,799 - METRIC - INFO - mean_accuracy: 0.970025822520256

2024-02-04 23:30:37,800 - METRIC - INFO - stop_condition: accuracy
