2024-03-13 14:45:45,606 - EXECUT - INFO - starting server...
2024-03-13 14:46:05,057 - EXECUT - INFO - trainer number statipo11 just joined the pool
2024-03-13 14:46:05,106 - EXECUT - INFO - trainer number statipo23 just joined the pool
2024-03-13 14:46:05,107 - EXECUT - INFO - trainer number statipo21 just joined the pool
2024-03-13 14:46:05,107 - EXECUT - INFO - trainer number statipo12 just joined the pool
2024-03-13 14:46:05,107 - EXECUT - INFO - trainer number statipo22 just joined the pool
2024-03-13 14:46:05,358 - EXECUT - INFO - trainer number statipo13 just joined the pool
2024-03-13 14:46:05,626 - METRIC - INFO - round: 1
2024-03-13 14:46:05,627 - METRIC - INFO - n_selected: 3
2024-03-13 14:46:05,627 - METRIC - INFO - selected_trainers: statipo22 - statipo23 - statipo12
2024-03-13 14:46:08,381 - EXECUT - INFO - received weights from trainer statipo22!
2024-03-13 14:46:08,434 - EXECUT - INFO - received weights from trainer statipo23!
2024-03-13 14:46:10,101 - EXECUT - INFO - received weights from trainer statipo12!
2024-03-13 14:46:10,748 - EXECUT - INFO - sent aggregated weights to trainers!
2024-03-13 14:46:12,182 - METRIC - INFO - statipo23 loss: 0.23695307970046997 - accuracy: 0.9193548560142517
2024-03-13 14:46:12,196 - METRIC - INFO - statipo22 loss: 0.16046521067619324 - accuracy: 0.9463414549827576
2024-03-13 14:46:12,198 - METRIC - INFO - statipo21 loss: 27.346323013305664 - accuracy: 0.14406779408454895
2024-03-13 14:46:13,511 - METRIC - INFO - statipo12 loss: 0.14874179661273956 - accuracy: 0.961685836315155
2024-03-13 14:46:13,513 - METRIC - INFO - statipo11 loss: 36.053951263427734 - accuracy: 0.16025641560554504
2024-03-13 14:46:13,518 - METRIC - INFO - statipo13 loss: 38.479679107666016 - accuracy: 0.18205128610134125
2024-03-13 14:46:13,752 - METRIC - INFO - mean_accuracy: 0.5522929405172666

2024-03-13 14:46:13,753 - METRIC - INFO - round: 2
2024-03-13 14:46:13,753 - METRIC - INFO - n_selected: 3
2024-03-13 14:46:13,753 - METRIC - INFO - selected_trainers: statipo21 - statipo22 - statipo12
2024-03-13 14:46:16,340 - EXECUT - INFO - received weights from trainer statipo21!
2024-03-13 14:46:16,598 - EXECUT - INFO - received weights from trainer statipo22!
2024-03-13 14:46:17,199 - EXECUT - INFO - received weights from trainer statipo12!
2024-03-13 14:46:17,876 - EXECUT - INFO - sent aggregated weights to trainers!
2024-03-13 14:46:19,350 - METRIC - INFO - statipo22 loss: 0.20980994403362274 - accuracy: 0.9219512343406677
2024-03-13 14:46:19,354 - METRIC - INFO - statipo23 loss: 1.7405422925949097 - accuracy: 0.3841642141342163
2024-03-13 14:46:19,357 - METRIC - INFO - statipo21 loss: 0.12694917619228363 - accuracy: 0.9477401375770569
2024-03-13 14:46:20,648 - METRIC - INFO - statipo13 loss: 2.225928783416748 - accuracy: 0.28333333134651184
2024-03-13 14:46:20,675 - METRIC - INFO - statipo12 loss: 0.24359245598316193 - accuracy: 0.9195402264595032
2024-03-13 14:46:20,678 - METRIC - INFO - statipo11 loss: 1.7717175483703613 - accuracy: 0.38942307233810425
2024-03-13 14:46:20,879 - METRIC - INFO - mean_accuracy: 0.6410253693660101

2024-03-13 14:46:20,880 - METRIC - INFO - round: 3
2024-03-13 14:46:20,880 - METRIC - INFO - n_selected: 3
2024-03-13 14:46:20,880 - METRIC - INFO - selected_trainers: statipo23 - statipo22 - statipo12
2024-03-13 14:46:23,240 - EXECUT - INFO - received weights from trainer statipo22!
2024-03-13 14:46:23,296 - EXECUT - INFO - received weights from trainer statipo23!
2024-03-13 14:46:25,072 - EXECUT - INFO - received weights from trainer statipo12!
2024-03-13 14:46:25,970 - EXECUT - INFO - sent aggregated weights to trainers!
2024-03-13 14:46:27,442 - METRIC - INFO - statipo22 loss: 0.36789247393608093 - accuracy: 0.8341463208198547
2024-03-13 14:46:27,443 - METRIC - INFO - statipo21 loss: 0.8346239328384399 - accuracy: 0.6610169410705566
2024-03-13 14:46:27,451 - METRIC - INFO - statipo23 loss: 0.3524256944656372 - accuracy: 0.8504399061203003
2024-03-13 14:46:28,761 - METRIC - INFO - statipo12 loss: 0.14689239859580994 - accuracy: 0.9559386968612671
2024-03-13 14:46:28,766 - METRIC - INFO - statipo13 loss: 2.5280568599700928 - accuracy: 0.27051281929016113
2024-03-13 14:46:28,793 - METRIC - INFO - statipo11 loss: 1.7174774408340454 - accuracy: 0.3701923191547394
2024-03-13 14:46:28,974 - METRIC - INFO - mean_accuracy: 0.6570411672194799

2024-03-13 14:46:28,974 - METRIC - INFO - round: 4
2024-03-13 14:46:28,975 - METRIC - INFO - n_selected: 3
2024-03-13 14:46:28,975 - METRIC - INFO - selected_trainers: statipo22 - statipo12 - statipo23
2024-03-13 14:46:31,534 - EXECUT - INFO - received weights from trainer statipo23!
2024-03-13 14:46:31,761 - EXECUT - INFO - received weights from trainer statipo22!
2024-03-13 14:46:33,121 - EXECUT - INFO - received weights from trainer statipo12!
2024-03-13 14:46:34,061 - EXECUT - INFO - sent aggregated weights to trainers!
2024-03-13 14:46:35,537 - METRIC - INFO - statipo21 loss: 1.7461096048355103 - accuracy: 0.3884180784225464
2024-03-13 14:46:35,569 - METRIC - INFO - statipo22 loss: 0.21843752264976501 - accuracy: 0.9040650129318237
2024-03-13 14:46:35,571 - METRIC - INFO - statipo23 loss: 0.18896636366844177 - accuracy: 0.9252199530601501
2024-03-13 14:46:36,810 - METRIC - INFO - statipo12 loss: 0.10658062249422073 - accuracy: 0.967432975769043
2024-03-13 14:46:36,814 - METRIC - INFO - statipo11 loss: 1.7670767307281494 - accuracy: 0.3381410241127014
2024-03-13 14:46:36,818 - METRIC - INFO - statipo13 loss: 5.189230918884277 - accuracy: 0.23846153914928436
2024-03-13 14:46:37,064 - METRIC - INFO - mean_accuracy: 0.6269564305742582

2024-03-13 14:46:37,065 - METRIC - INFO - round: 5
2024-03-13 14:46:37,065 - METRIC - INFO - n_selected: 3
2024-03-13 14:46:37,065 - METRIC - INFO - selected_trainers: statipo21 - statipo23 - statipo22
2024-03-13 14:46:39,493 - EXECUT - INFO - received weights from trainer statipo21!
2024-03-13 14:46:39,900 - EXECUT - INFO - received weights from trainer statipo22!
2024-03-13 14:46:39,957 - EXECUT - INFO - received weights from trainer statipo23!
2024-03-13 14:46:40,174 - EXECUT - INFO - sent aggregated weights to trainers!
2024-03-13 14:46:41,607 - METRIC - INFO - statipo22 loss: 0.16132499277591705 - accuracy: 0.9398373961448669
2024-03-13 14:46:41,617 - METRIC - INFO - statipo21 loss: 0.1643119901418686 - accuracy: 0.9378530979156494
2024-03-13 14:46:41,619 - METRIC - INFO - statipo23 loss: 0.19519123435020447 - accuracy: 0.929618775844574
2024-03-13 14:46:42,921 - METRIC - INFO - statipo12 loss: 1.1892786026000977 - accuracy: 0.538314163684845
2024-03-13 14:46:42,932 - METRIC - INFO - statipo13 loss: 8.297415733337402 - accuracy: 0.22179487347602844
2024-03-13 14:46:42,964 - METRIC - INFO - statipo11 loss: 1.988924264907837 - accuracy: 0.35576921701431274
2024-03-13 14:46:43,178 - METRIC - INFO - mean_accuracy: 0.6538645873467127

2024-03-13 14:46:43,179 - METRIC - INFO - round: 6
2024-03-13 14:46:43,179 - METRIC - INFO - n_selected: 3
2024-03-13 14:46:43,179 - METRIC - INFO - selected_trainers: statipo13 - statipo23 - statipo22
2024-03-13 14:46:45,471 - EXECUT - INFO - received weights from trainer statipo22!
2024-03-13 14:46:45,527 - EXECUT - INFO - received weights from trainer statipo23!
2024-03-13 14:46:47,164 - EXECUT - INFO - received weights from trainer statipo13!
2024-03-13 14:46:47,263 - EXECUT - INFO - sent aggregated weights to trainers!
2024-03-13 14:46:48,709 - METRIC - INFO - statipo22 loss: 0.1599140465259552 - accuracy: 0.9414634108543396
2024-03-13 14:46:48,715 - METRIC - INFO - statipo21 loss: 0.9861462116241455 - accuracy: 0.659604549407959
2024-03-13 14:46:48,753 - METRIC - INFO - statipo23 loss: 0.568269670009613 - accuracy: 0.8049853444099426
2024-03-13 14:46:50,015 - METRIC - INFO - statipo12 loss: 1.5398380756378174 - accuracy: 0.4750957787036896
2024-03-13 14:46:50,017 - METRIC - INFO - statipo11 loss: 2.2159221172332764 - accuracy: 0.3830128312110901
2024-03-13 14:46:50,029 - METRIC - INFO - statipo13 loss: 0.2551742196083069 - accuracy: 0.9217948913574219
2024-03-13 14:46:50,267 - METRIC - INFO - mean_accuracy: 0.6976594676574072

2024-03-13 14:46:50,267 - METRIC - INFO - round: 7
2024-03-13 14:46:50,268 - METRIC - INFO - n_selected: 3
2024-03-13 14:46:50,269 - METRIC - INFO - selected_trainers: statipo22 - statipo12 - statipo13
2024-03-13 14:46:53,166 - EXECUT - INFO - received weights from trainer statipo22!
2024-03-13 14:46:53,805 - EXECUT - INFO - received weights from trainer statipo12!
2024-03-13 14:46:54,038 - EXECUT - INFO - received weights from trainer statipo13!
2024-03-13 14:46:54,368 - EXECUT - INFO - sent aggregated weights to trainers!
2024-03-13 14:46:55,813 - METRIC - INFO - statipo23 loss: 0.36426180601119995 - accuracy: 0.859237551689148
2024-03-13 14:46:55,815 - METRIC - INFO - statipo21 loss: 1.1936585903167725 - accuracy: 0.5762711763381958
2024-03-13 14:46:55,860 - METRIC - INFO - statipo22 loss: 0.17454706132411957 - accuracy: 0.9398373961448669
2024-03-13 14:46:57,124 - METRIC - INFO - statipo11 loss: 2.5169365406036377 - accuracy: 0.3830128312110901
2024-03-13 14:46:57,125 - METRIC - INFO - statipo12 loss: 0.13428625464439392 - accuracy: 0.9578543901443481
2024-03-13 14:46:57,129 - METRIC - INFO - statipo13 loss: 0.2749665677547455 - accuracy: 0.8897435665130615
2024-03-13 14:46:57,373 - METRIC - INFO - mean_accuracy: 0.7676594853401184

2024-03-13 14:46:57,373 - METRIC - INFO - round: 8
2024-03-13 14:46:57,373 - METRIC - INFO - n_selected: 3
2024-03-13 14:46:57,373 - METRIC - INFO - selected_trainers: statipo21 - statipo23 - statipo12
2024-03-13 14:46:59,688 - EXECUT - INFO - received weights from trainer statipo23!
2024-03-13 14:46:59,741 - EXECUT - INFO - received weights from trainer statipo21!
2024-03-13 14:47:01,531 - EXECUT - INFO - received weights from trainer statipo12!
2024-03-13 14:47:02,462 - EXECUT - INFO - sent aggregated weights to trainers!
2024-03-13 14:47:03,902 - METRIC - INFO - statipo23 loss: 0.16872937977313995 - accuracy: 0.9398826956748962
2024-03-13 14:47:03,903 - METRIC - INFO - statipo22 loss: 1.6287275552749634 - accuracy: 0.5902438759803772
2024-03-13 14:47:03,915 - METRIC - INFO - statipo21 loss: 0.08565451949834824 - accuracy: 0.9703390002250671
2024-03-13 14:47:05,213 - METRIC - INFO - statipo11 loss: 2.9027111530303955 - accuracy: 0.3173076808452606
2024-03-13 14:47:05,213 - METRIC - INFO - statipo12 loss: 0.08785054087638855 - accuracy: 0.9655172228813171
2024-03-13 14:47:05,223 - METRIC - INFO - statipo13 loss: 1.1431931257247925 - accuracy: 0.6064102649688721
2024-03-13 14:47:05,466 - METRIC - INFO - mean_accuracy: 0.731616790095965

2024-03-13 14:47:05,466 - METRIC - INFO - round: 9
2024-03-13 14:47:05,466 - METRIC - INFO - n_selected: 3
2024-03-13 14:47:05,467 - METRIC - INFO - selected_trainers: statipo12 - statipo11 - statipo13
2024-03-13 14:47:08,957 - EXECUT - INFO - received weights from trainer statipo12!
2024-03-13 14:47:09,303 - EXECUT - INFO - received weights from trainer statipo11!
2024-03-13 14:47:09,605 - EXECUT - INFO - received weights from trainer statipo13!
2024-03-13 14:47:10,555 - EXECUT - INFO - sent aggregated weights to trainers!
2024-03-13 14:47:11,994 - METRIC - INFO - statipo22 loss: 3.0728416442871094 - accuracy: 0.4569105803966522
2024-03-13 14:47:11,997 - METRIC - INFO - statipo23 loss: 0.4041828215122223 - accuracy: 0.8445748090744019
2024-03-13 14:47:11,999 - METRIC - INFO - statipo21 loss: 0.5720586776733398 - accuracy: 0.7824859023094177
2024-03-13 14:47:13,306 - METRIC - INFO - statipo12 loss: 0.09336305409669876 - accuracy: 0.9636015295982361
2024-03-13 14:47:13,313 - METRIC - INFO - statipo11 loss: 0.13842462003231049 - accuracy: 0.9663461446762085
2024-03-13 14:47:13,318 - METRIC - INFO - statipo13 loss: 0.20318502187728882 - accuracy: 0.9217948913574219
2024-03-13 14:47:13,558 - METRIC - INFO - mean_accuracy: 0.8226189762353897

2024-03-13 14:47:13,559 - METRIC - INFO - round: 10
2024-03-13 14:47:13,559 - METRIC - INFO - n_selected: 3
2024-03-13 14:47:13,559 - METRIC - INFO - selected_trainers: statipo11 - statipo22 - statipo13
2024-03-13 14:47:16,371 - EXECUT - INFO - received weights from trainer statipo22!
2024-03-13 14:47:17,217 - EXECUT - INFO - received weights from trainer statipo11!
2024-03-13 14:47:17,347 - EXECUT - INFO - received weights from trainer statipo13!
2024-03-13 14:47:17,684 - EXECUT - INFO - sent aggregated weights to trainers!
2024-03-13 14:47:19,128 - METRIC - INFO - statipo22 loss: 0.08054527640342712 - accuracy: 0.9772357940673828
2024-03-13 14:47:19,131 - METRIC - INFO - statipo21 loss: 1.2858108282089233 - accuracy: 0.5395480394363403
2024-03-13 14:47:19,167 - METRIC - INFO - statipo23 loss: 0.4831908047199249 - accuracy: 0.8357771039009094
2024-03-13 14:47:20,437 - METRIC - INFO - statipo12 loss: 0.8007841110229492 - accuracy: 0.7126436829566956
2024-03-13 14:47:20,443 - METRIC - INFO - statipo13 loss: 0.2050321400165558 - accuracy: 0.9294871687889099
2024-03-13 14:47:20,444 - METRIC - INFO - statipo11 loss: 0.14111335575580597 - accuracy: 0.9567307829856873
2024-03-13 14:47:20,687 - METRIC - INFO - mean_accuracy: 0.8252370953559875

2024-03-13 14:47:20,688 - METRIC - INFO - round: 11
2024-03-13 14:47:20,688 - METRIC - INFO - n_selected: 3
2024-03-13 14:47:20,688 - METRIC - INFO - selected_trainers: statipo11 - statipo13 - statipo21
2024-03-13 14:47:23,132 - EXECUT - INFO - received weights from trainer statipo21!
2024-03-13 14:47:24,485 - EXECUT - INFO - received weights from trainer statipo13!
2024-03-13 14:47:24,814 - EXECUT - INFO - received weights from trainer statipo11!
2024-03-13 14:47:25,790 - EXECUT - INFO - sent aggregated weights to trainers!
2024-03-13 14:47:27,228 - METRIC - INFO - statipo22 loss: 1.4164538383483887 - accuracy: 0.6406503915786743
2024-03-13 14:47:27,246 - METRIC - INFO - statipo23 loss: 0.5487810969352722 - accuracy: 0.8020527958869934
2024-03-13 14:47:27,247 - METRIC - INFO - statipo21 loss: 0.3107791543006897 - accuracy: 0.9166666865348816
2024-03-13 14:47:28,542 - METRIC - INFO - statipo12 loss: 2.0326311588287354 - accuracy: 0.42720305919647217
2024-03-13 14:47:28,551 - METRIC - INFO - statipo13 loss: 0.21380996704101562 - accuracy: 0.8935897350311279
2024-03-13 14:47:28,580 - METRIC - INFO - statipo11 loss: 0.08626570552587509 - accuracy: 0.9791666865348816
2024-03-13 14:47:28,794 - METRIC - INFO - mean_accuracy: 0.7765548924605051

2024-03-13 14:47:28,794 - METRIC - INFO - round: 12
2024-03-13 14:47:28,794 - METRIC - INFO - n_selected: 3
2024-03-13 14:47:28,794 - METRIC - INFO - selected_trainers: statipo22 - statipo21 - statipo23
2024-03-13 14:47:31,073 - EXECUT - INFO - received weights from trainer statipo22!
2024-03-13 14:47:31,126 - EXECUT - INFO - received weights from trainer statipo23!
2024-03-13 14:47:31,642 - EXECUT - INFO - received weights from trainer statipo21!
2024-03-13 14:47:31,910 - EXECUT - INFO - sent aggregated weights to trainers!
2024-03-13 14:47:33,349 - METRIC - INFO - statipo22 loss: 0.0805315151810646 - accuracy: 0.9772357940673828
2024-03-13 14:47:33,353 - METRIC - INFO - statipo23 loss: 0.198894664645195 - accuracy: 0.9325513243675232
2024-03-13 14:47:33,356 - METRIC - INFO - statipo21 loss: 0.1164817065000534 - accuracy: 0.9618644118309021
2024-03-13 14:47:34,656 - METRIC - INFO - statipo12 loss: 1.946233868598938 - accuracy: 0.4750957787036896
2024-03-13 14:47:34,658 - METRIC - INFO - statipo11 loss: 0.8539983034133911 - accuracy: 0.6987179517745972
2024-03-13 14:47:34,670 - METRIC - INFO - statipo13 loss: 0.5166732668876648 - accuracy: 0.8153846263885498
2024-03-13 14:47:34,912 - METRIC - INFO - mean_accuracy: 0.8101416478554407

2024-03-13 14:47:34,913 - METRIC - INFO - round: 13
2024-03-13 14:47:34,913 - METRIC - INFO - n_selected: 3
2024-03-13 14:47:34,913 - METRIC - INFO - selected_trainers: statipo21 - statipo13 - statipo23
2024-03-13 14:47:37,312 - EXECUT - INFO - received weights from trainer statipo23!
2024-03-13 14:47:37,748 - EXECUT - INFO - received weights from trainer statipo21!
2024-03-13 14:47:38,704 - EXECUT - INFO - received weights from trainer statipo13!
2024-03-13 14:47:39,024 - EXECUT - INFO - sent aggregated weights to trainers!
2024-03-13 14:47:40,466 - METRIC - INFO - statipo23 loss: 0.13608109951019287 - accuracy: 0.9501466155052185
2024-03-13 14:47:40,469 - METRIC - INFO - statipo21 loss: 0.35332414507865906 - accuracy: 0.901129961013794
2024-03-13 14:47:40,500 - METRIC - INFO - statipo22 loss: 1.5368422269821167 - accuracy: 0.6569105982780457
2024-03-13 14:47:41,778 - METRIC - INFO - statipo12 loss: 2.6250908374786377 - accuracy: 0.4137931168079376
2024-03-13 14:47:41,779 - METRIC - INFO - statipo11 loss: 0.9041474461555481 - accuracy: 0.7083333134651184
2024-03-13 14:47:41,784 - METRIC - INFO - statipo13 loss: 0.16939043998718262 - accuracy: 0.9358974099159241
2024-03-13 14:47:42,028 - METRIC - INFO - mean_accuracy: 0.7610351691643397

2024-03-13 14:47:42,028 - METRIC - INFO - round: 14
2024-03-13 14:47:42,028 - METRIC - INFO - n_selected: 3
2024-03-13 14:47:42,029 - METRIC - INFO - selected_trainers: statipo12 - statipo11 - statipo22
2024-03-13 14:47:44,263 - EXECUT - INFO - received weights from trainer statipo22!
2024-03-13 14:47:45,525 - EXECUT - INFO - received weights from trainer statipo12!
2024-03-13 14:47:45,579 - EXECUT - INFO - received weights from trainer statipo11!
2024-03-13 14:47:46,151 - EXECUT - INFO - sent aggregated weights to trainers!
2024-03-13 14:47:47,598 - METRIC - INFO - statipo22 loss: 0.1031135767698288 - accuracy: 0.9593495726585388
2024-03-13 14:47:47,608 - METRIC - INFO - statipo21 loss: 0.3276887536048889 - accuracy: 0.8827683329582214
2024-03-13 14:47:47,643 - METRIC - INFO - statipo23 loss: 0.2937858998775482 - accuracy: 0.9017595052719116
2024-03-13 14:47:48,931 - METRIC - INFO - statipo12 loss: 0.07432568818330765 - accuracy: 0.9808428883552551
2024-03-13 14:47:48,939 - METRIC - INFO - statipo13 loss: 0.5954810976982117 - accuracy: 0.7756410241127014
2024-03-13 14:47:48,987 - METRIC - INFO - statipo11 loss: 0.09850987792015076 - accuracy: 0.9711538553237915
2024-03-13 14:47:49,154 - METRIC - INFO - mean_accuracy: 0.9119191964467367

2024-03-13 14:47:49,155 - METRIC - INFO - round: 15
2024-03-13 14:47:49,155 - METRIC - INFO - n_selected: 3
2024-03-13 14:47:49,155 - METRIC - INFO - selected_trainers: statipo21 - statipo13 - statipo12
2024-03-13 14:47:52,036 - EXECUT - INFO - received weights from trainer statipo21!
2024-03-13 14:47:53,014 - EXECUT - INFO - received weights from trainer statipo13!
2024-03-13 14:47:53,396 - EXECUT - INFO - received weights from trainer statipo12!
2024-03-13 14:47:54,243 - EXECUT - INFO - sent aggregated weights to trainers!
2024-03-13 14:47:55,710 - METRIC - INFO - statipo22 loss: 0.7190492749214172 - accuracy: 0.7837398648262024
2024-03-13 14:47:55,716 - METRIC - INFO - statipo23 loss: 0.5096036195755005 - accuracy: 0.829912006855011
2024-03-13 14:47:55,717 - METRIC - INFO - statipo21 loss: 0.07203338295221329 - accuracy: 0.9774011373519897
2024-03-13 14:47:57,037 - METRIC - INFO - statipo13 loss: 0.1769152730703354 - accuracy: 0.9384615421295166
2024-03-13 14:47:57,068 - METRIC - INFO - statipo11 loss: 0.5115942358970642 - accuracy: 0.8205128312110901
2024-03-13 14:47:57,068 - METRIC - INFO - statipo12 loss: 0.06657040119171143 - accuracy: 0.9789271950721741
2024-03-13 14:47:57,245 - METRIC - INFO - mean_accuracy: 0.8881590962409973

2024-03-13 14:47:57,246 - METRIC - INFO - round: 16
2024-03-13 14:47:57,246 - METRIC - INFO - n_selected: 3
2024-03-13 14:47:57,246 - METRIC - INFO - selected_trainers: statipo11 - statipo23 - statipo13
2024-03-13 14:48:00,106 - EXECUT - INFO - received weights from trainer statipo23!
2024-03-13 14:48:01,053 - EXECUT - INFO - received weights from trainer statipo13!
2024-03-13 14:48:01,367 - EXECUT - INFO - received weights from trainer statipo11!
2024-03-13 14:48:02,332 - EXECUT - INFO - sent aggregated weights to trainers!
2024-03-13 14:48:03,766 - METRIC - INFO - statipo22 loss: 1.6693693399429321 - accuracy: 0.6341463327407837
2024-03-13 14:48:03,772 - METRIC - INFO - statipo23 loss: 0.13910618424415588 - accuracy: 0.9413489699363708
2024-03-13 14:48:03,773 - METRIC - INFO - statipo21 loss: 0.31459957361221313 - accuracy: 0.8827683329582214
2024-03-13 14:48:05,080 - METRIC - INFO - statipo12 loss: 0.7330003976821899 - accuracy: 0.7777777910232544
2024-03-13 14:48:05,083 - METRIC - INFO - statipo11 loss: 0.07090052217245102 - accuracy: 0.9823718070983887
2024-03-13 14:48:05,086 - METRIC - INFO - statipo13 loss: 0.1493675261735916 - accuracy: 0.9512820243835449
2024-03-13 14:48:05,337 - METRIC - INFO - mean_accuracy: 0.8616158763567606

2024-03-13 14:48:05,337 - METRIC - INFO - round: 17
2024-03-13 14:48:05,338 - METRIC - INFO - n_selected: 3
2024-03-13 14:48:05,338 - METRIC - INFO - selected_trainers: statipo13 - statipo11 - statipo12
2024-03-13 14:48:08,860 - EXECUT - INFO - received weights from trainer statipo12!
2024-03-13 14:48:08,930 - EXECUT - INFO - received weights from trainer statipo11!
2024-03-13 14:48:09,077 - EXECUT - INFO - received weights from trainer statipo13!
2024-03-13 14:48:09,461 - EXECUT - INFO - sent aggregated weights to trainers!
2024-03-13 14:48:10,896 - METRIC - INFO - statipo22 loss: 2.134248971939087 - accuracy: 0.5756097435951233
2024-03-13 14:48:10,903 - METRIC - INFO - statipo23 loss: 0.3672788739204407 - accuracy: 0.8870967626571655
2024-03-13 14:48:10,908 - METRIC - INFO - statipo21 loss: 0.5934858322143555 - accuracy: 0.8064971566200256
2024-03-13 14:48:12,215 - METRIC - INFO - statipo12 loss: 0.06405258178710938 - accuracy: 0.9808428883552551
2024-03-13 14:48:12,216 - METRIC - INFO - statipo11 loss: 0.0708169937133789 - accuracy: 0.9823718070983887
2024-03-13 14:48:12,216 - METRIC - INFO - statipo13 loss: 0.13865073025226593 - accuracy: 0.9435897469520569
2024-03-13 14:48:12,463 - METRIC - INFO - mean_accuracy: 0.8626680175463358

2024-03-13 14:48:12,464 - METRIC - INFO - round: 18
2024-03-13 14:48:12,464 - METRIC - INFO - n_selected: 3
2024-03-13 14:48:12,464 - METRIC - INFO - selected_trainers: statipo11 - statipo13 - statipo12
2024-03-13 14:48:15,966 - EXECUT - INFO - received weights from trainer statipo12!
2024-03-13 14:48:16,051 - EXECUT - INFO - received weights from trainer statipo11!
2024-03-13 14:48:16,194 - EXECUT - INFO - received weights from trainer statipo13!
2024-03-13 14:48:16,552 - EXECUT - INFO - sent aggregated weights to trainers!
2024-03-13 14:48:17,988 - METRIC - INFO - statipo22 loss: 2.390110731124878 - accuracy: 0.5252032279968262
2024-03-13 14:48:17,994 - METRIC - INFO - statipo23 loss: 0.5027755498886108 - accuracy: 0.859237551689148
2024-03-13 14:48:18,033 - METRIC - INFO - statipo21 loss: 0.8252491354942322 - accuracy: 0.741525411605835
2024-03-13 14:48:19,306 - METRIC - INFO - statipo12 loss: 0.07317230105400085 - accuracy: 0.977011501789093
2024-03-13 14:48:19,306 - METRIC - INFO - statipo11 loss: 0.06558869779109955 - accuracy: 0.9855769276618958
2024-03-13 14:48:19,314 - METRIC - INFO - statipo13 loss: 0.2532925307750702 - accuracy: 0.9102563858032227
2024-03-13 14:48:19,556 - METRIC - INFO - mean_accuracy: 0.83313516775767

2024-03-13 14:48:19,557 - METRIC - INFO - round: 19
2024-03-13 14:48:19,557 - METRIC - INFO - n_selected: 3
2024-03-13 14:48:19,557 - METRIC - INFO - selected_trainers: statipo21 - statipo22 - statipo13
2024-03-13 14:48:21,940 - EXECUT - INFO - received weights from trainer statipo21!
2024-03-13 14:48:22,445 - EXECUT - INFO - received weights from trainer statipo22!
2024-03-13 14:48:23,298 - EXECUT - INFO - received weights from trainer statipo13!
2024-03-13 14:48:23,644 - EXECUT - INFO - sent aggregated weights to trainers!
2024-03-13 14:48:25,082 - METRIC - INFO - statipo22 loss: 0.07085020840167999 - accuracy: 0.9772357940673828
2024-03-13 14:48:25,088 - METRIC - INFO - statipo21 loss: 0.06593728810548782 - accuracy: 0.9788135886192322
2024-03-13 14:48:25,124 - METRIC - INFO - statipo23 loss: 0.5947297811508179 - accuracy: 0.8225806355476379
2024-03-13 14:48:26,426 - METRIC - INFO - statipo12 loss: 0.5591027140617371 - accuracy: 0.8544061183929443
2024-03-13 14:48:26,430 - METRIC - INFO - statipo11 loss: 0.43878114223480225 - accuracy: 0.8509615659713745
2024-03-13 14:48:26,435 - METRIC - INFO - statipo13 loss: 0.1371406763792038 - accuracy: 0.9628205299377441
2024-03-13 14:48:26,649 - METRIC - INFO - mean_accuracy: 0.9078030387560526

2024-03-13 14:48:26,649 - METRIC - INFO - round: 20
2024-03-13 14:48:26,650 - METRIC - INFO - n_selected: 3
2024-03-13 14:48:26,650 - METRIC - INFO - selected_trainers: statipo13 - statipo11 - statipo12
2024-03-13 14:48:30,229 - EXECUT - INFO - received weights from trainer statipo11!
2024-03-13 14:48:30,369 - EXECUT - INFO - received weights from trainer statipo13!
2024-03-13 14:48:30,799 - EXECUT - INFO - received weights from trainer statipo12!
2024-03-13 14:48:31,739 - EXECUT - INFO - sent aggregated weights to trainers!
2024-03-13 14:48:33,176 - METRIC - INFO - statipo22 loss: 1.38991117477417 - accuracy: 0.6617886424064636
2024-03-13 14:48:33,184 - METRIC - INFO - statipo23 loss: 0.6337130665779114 - accuracy: 0.8387096524238586
2024-03-13 14:48:33,185 - METRIC - INFO - statipo21 loss: 0.30937135219573975 - accuracy: 0.8926553726196289
2024-03-13 14:48:34,486 - METRIC - INFO - statipo12 loss: 0.05869298428297043 - accuracy: 0.9865900278091431
2024-03-13 14:48:34,494 - METRIC - INFO - statipo11 loss: 0.0665716603398323 - accuracy: 0.9839743375778198
2024-03-13 14:48:34,499 - METRIC - INFO - statipo13 loss: 0.09774592518806458 - accuracy: 0.9602563977241516
2024-03-13 14:48:34,743 - METRIC - INFO - mean_accuracy: 0.8873290717601776

2024-03-13 14:48:34,743 - METRIC - INFO - round: 21
2024-03-13 14:48:34,743 - METRIC - INFO - n_selected: 3
2024-03-13 14:48:34,743 - METRIC - INFO - selected_trainers: statipo23 - statipo12 - statipo11
2024-03-13 14:48:37,068 - EXECUT - INFO - received weights from trainer statipo23!
2024-03-13 14:48:38,893 - EXECUT - INFO - received weights from trainer statipo11!
2024-03-13 14:48:38,946 - EXECUT - INFO - received weights from trainer statipo12!
2024-03-13 14:48:39,864 - EXECUT - INFO - sent aggregated weights to trainers!
2024-03-13 14:48:41,303 - METRIC - INFO - statipo23 loss: 0.12554538249969482 - accuracy: 0.9472140669822693
2024-03-13 14:48:41,303 - METRIC - INFO - statipo21 loss: 0.5426360368728638 - accuracy: 0.805084764957428
2024-03-13 14:48:41,339 - METRIC - INFO - statipo22 loss: 1.6570996046066284 - accuracy: 0.6308943033218384
2024-03-13 14:48:42,616 - METRIC - INFO - statipo12 loss: 0.05283335968852043 - accuracy: 0.9885057210922241
2024-03-13 14:48:42,618 - METRIC - INFO - statipo11 loss: 0.06226230412721634 - accuracy: 0.9839743375778198
2024-03-13 14:48:42,622 - METRIC - INFO - statipo13 loss: 0.17576923966407776 - accuracy: 0.9256410002708435
2024-03-13 14:48:42,868 - METRIC - INFO - mean_accuracy: 0.8802190323670706

2024-03-13 14:48:42,868 - METRIC - INFO - round: 22
2024-03-13 14:48:42,868 - METRIC - INFO - n_selected: 3
2024-03-13 14:48:42,869 - METRIC - INFO - selected_trainers: statipo12 - statipo22 - statipo23
2024-03-13 14:48:45,138 - EXECUT - INFO - received weights from trainer statipo22!
2024-03-13 14:48:45,191 - EXECUT - INFO - received weights from trainer statipo23!
2024-03-13 14:48:46,999 - EXECUT - INFO - received weights from trainer statipo12!
2024-03-13 14:48:47,956 - EXECUT - INFO - sent aggregated weights to trainers!
2024-03-13 14:48:49,393 - METRIC - INFO - statipo22 loss: 0.08419132977724075 - accuracy: 0.9642276167869568
2024-03-13 14:48:49,398 - METRIC - INFO - statipo21 loss: 0.7449917793273926 - accuracy: 0.7711864113807678
2024-03-13 14:48:49,399 - METRIC - INFO - statipo23 loss: 0.12006700038909912 - accuracy: 0.9589442610740662
2024-03-13 14:48:50,706 - METRIC - INFO - statipo12 loss: 0.09751074761152267 - accuracy: 0.975095808506012
2024-03-13 14:48:50,708 - METRIC - INFO - statipo11 loss: 0.41076019406318665 - accuracy: 0.8589743375778198
2024-03-13 14:48:50,718 - METRIC - INFO - statipo13 loss: 0.3658216893672943 - accuracy: 0.8358974456787109
2024-03-13 14:48:50,961 - METRIC - INFO - mean_accuracy: 0.8940543135007223

2024-03-13 14:48:50,962 - METRIC - INFO - round: 23
2024-03-13 14:48:50,962 - METRIC - INFO - n_selected: 3
2024-03-13 14:48:50,962 - METRIC - INFO - selected_trainers: statipo13 - statipo21 - statipo23
2024-03-13 14:48:53,405 - EXECUT - INFO - received weights from trainer statipo21!
2024-03-13 14:48:53,871 - EXECUT - INFO - received weights from trainer statipo23!
2024-03-13 14:48:54,763 - EXECUT - INFO - received weights from trainer statipo13!
2024-03-13 14:48:55,050 - EXECUT - INFO - sent aggregated weights to trainers!
2024-03-13 14:48:56,489 - METRIC - INFO - statipo22 loss: 1.0371055603027344 - accuracy: 0.7544715404510498
2024-03-13 14:48:56,494 - METRIC - INFO - statipo23 loss: 0.0940820500254631 - accuracy: 0.9618768095970154
2024-03-13 14:48:56,533 - METRIC - INFO - statipo21 loss: 0.04691595956683159 - accuracy: 0.9858757257461548
2024-03-13 14:48:57,799 - METRIC - INFO - statipo12 loss: 0.3719169795513153 - accuracy: 0.8812260627746582
2024-03-13 14:48:57,801 - METRIC - INFO - statipo11 loss: 0.8194991946220398 - accuracy: 0.7772436141967773
2024-03-13 14:48:57,807 - METRIC - INFO - statipo13 loss: 0.10122761130332947 - accuracy: 0.9705128073692322
2024-03-13 14:48:58,053 - METRIC - INFO - mean_accuracy: 0.888534426689148

2024-03-13 14:48:58,053 - METRIC - INFO - round: 24
2024-03-13 14:48:58,053 - METRIC - INFO - n_selected: 3
2024-03-13 14:48:58,053 - METRIC - INFO - selected_trainers: statipo11 - statipo23 - statipo21
2024-03-13 14:49:00,388 - EXECUT - INFO - received weights from trainer statipo23!
2024-03-13 14:49:00,441 - EXECUT - INFO - received weights from trainer statipo21!
2024-03-13 14:49:01,673 - EXECUT - INFO - received weights from trainer statipo11!
2024-03-13 14:49:02,140 - EXECUT - INFO - sent aggregated weights to trainers!
2024-03-13 14:49:03,577 - METRIC - INFO - statipo22 loss: 1.9775136709213257 - accuracy: 0.6308943033218384
2024-03-13 14:49:03,587 - METRIC - INFO - statipo21 loss: 0.072595976293087 - accuracy: 0.9802259802818298
2024-03-13 14:49:03,621 - METRIC - INFO - statipo23 loss: 0.09930673986673355 - accuracy: 0.9589442610740662
2024-03-13 14:49:04,887 - METRIC - INFO - statipo12 loss: 0.5583350658416748 - accuracy: 0.8448275923728943
2024-03-13 14:49:04,891 - METRIC - INFO - statipo11 loss: 0.05964919924736023 - accuracy: 0.9855769276618958
2024-03-13 14:49:04,895 - METRIC - INFO - statipo13 loss: 0.31345948576927185 - accuracy: 0.8679487109184265
2024-03-13 14:49:05,145 - METRIC - INFO - mean_accuracy: 0.8780696292718252

2024-03-13 14:49:05,145 - METRIC - INFO - round: 25
2024-03-13 14:49:05,145 - METRIC - INFO - n_selected: 3
2024-03-13 14:49:05,145 - METRIC - INFO - selected_trainers: statipo13 - statipo21 - statipo12
2024-03-13 14:49:07,525 - EXECUT - INFO - received weights from trainer statipo21!
2024-03-13 14:49:08,625 - EXECUT - INFO - received weights from trainer statipo12!
2024-03-13 14:49:08,915 - EXECUT - INFO - received weights from trainer statipo13!
2024-03-13 14:49:09,270 - EXECUT - INFO - sent aggregated weights to trainers!
2024-03-13 14:49:10,706 - METRIC - INFO - statipo22 loss: 2.017366886138916 - accuracy: 0.6520324945449829
2024-03-13 14:49:10,714 - METRIC - INFO - statipo21 loss: 0.05555260181427002 - accuracy: 0.9802259802818298
2024-03-13 14:49:10,714 - METRIC - INFO - statipo23 loss: 0.21360091865062714 - accuracy: 0.9252199530601501
2024-03-13 14:49:12,020 - METRIC - INFO - statipo12 loss: 0.0715581551194191 - accuracy: 0.9808428883552551
2024-03-13 14:49:12,026 - METRIC - INFO - statipo13 loss: 0.14096121490001678 - accuracy: 0.9461538195610046
2024-03-13 14:49:12,030 - METRIC - INFO - statipo11 loss: 0.763626217842102 - accuracy: 0.7900640964508057
2024-03-13 14:49:12,273 - METRIC - INFO - mean_accuracy: 0.879089872042338

2024-03-13 14:49:12,273 - METRIC - INFO - round: 26
2024-03-13 14:49:12,273 - METRIC - INFO - n_selected: 3
2024-03-13 14:49:12,273 - METRIC - INFO - selected_trainers: statipo22 - statipo21 - statipo13
2024-03-13 14:49:14,635 - EXECUT - INFO - received weights from trainer statipo22!
2024-03-13 14:49:14,687 - EXECUT - INFO - received weights from trainer statipo21!
2024-03-13 14:49:16,069 - EXECUT - INFO - received weights from trainer statipo13!
2024-03-13 14:49:16,361 - EXECUT - INFO - sent aggregated weights to trainers!
2024-03-13 14:49:17,803 - METRIC - INFO - statipo23 loss: 0.26581043004989624 - accuracy: 0.9076246619224548
2024-03-13 14:49:17,804 - METRIC - INFO - statipo21 loss: 0.046709541231393814 - accuracy: 0.9858757257461548
2024-03-13 14:49:17,848 - METRIC - INFO - statipo22 loss: 0.08288559317588806 - accuracy: 0.9707317352294922
2024-03-13 14:49:19,111 - METRIC - INFO - statipo11 loss: 1.1049549579620361 - accuracy: 0.754807710647583
2024-03-13 14:49:19,115 - METRIC - INFO - statipo12 loss: 0.5322073101997375 - accuracy: 0.8371647596359253
2024-03-13 14:49:19,121 - METRIC - INFO - statipo13 loss: 0.12271703779697418 - accuracy: 0.9487179517745972
2024-03-13 14:49:19,364 - METRIC - INFO - mean_accuracy: 0.9008204241593679

2024-03-13 14:49:19,365 - METRIC - INFO - round: 27
2024-03-13 14:49:19,365 - METRIC - INFO - n_selected: 3
2024-03-13 14:49:19,365 - METRIC - INFO - selected_trainers: statipo22 - statipo11 - statipo21
2024-03-13 14:49:21,638 - EXECUT - INFO - received weights from trainer statipo22!
2024-03-13 14:49:21,706 - EXECUT - INFO - received weights from trainer statipo21!
2024-03-13 14:49:22,935 - EXECUT - INFO - received weights from trainer statipo11!
2024-03-13 14:49:23,451 - EXECUT - INFO - sent aggregated weights to trainers!
2024-03-13 14:49:24,895 - METRIC - INFO - statipo23 loss: 0.3142321705818176 - accuracy: 0.9076246619224548
2024-03-13 14:49:24,897 - METRIC - INFO - statipo22 loss: 0.07459775358438492 - accuracy: 0.9739837646484375
2024-03-13 14:49:24,900 - METRIC - INFO - statipo21 loss: 0.13269305229187012 - accuracy: 0.9548022747039795
2024-03-13 14:49:26,200 - METRIC - INFO - statipo12 loss: 0.6883422136306763 - accuracy: 0.8141762614250183
2024-03-13 14:49:26,202 - METRIC - INFO - statipo11 loss: 0.05880298465490341 - accuracy: 0.9887820482254028
2024-03-13 14:49:26,243 - METRIC - INFO - statipo13 loss: 0.29142919182777405 - accuracy: 0.8743589520454407
2024-03-13 14:49:26,454 - METRIC - INFO - mean_accuracy: 0.9189546604951223

2024-03-13 14:49:26,455 - METRIC - INFO - round: 28
2024-03-13 14:49:26,455 - METRIC - INFO - n_selected: 3
2024-03-13 14:49:26,455 - METRIC - INFO - selected_trainers: statipo22 - statipo21 - statipo23
2024-03-13 14:49:28,804 - EXECUT - INFO - received weights from trainer statipo23!
2024-03-13 14:49:28,857 - EXECUT - INFO - received weights from trainer statipo21!
2024-03-13 14:49:29,307 - EXECUT - INFO - received weights from trainer statipo22!
2024-03-13 14:49:29,543 - EXECUT - INFO - sent aggregated weights to trainers!
2024-03-13 14:49:31,020 - METRIC - INFO - statipo22 loss: 0.06542041897773743 - accuracy: 0.9821138381958008
2024-03-13 14:49:31,024 - METRIC - INFO - statipo23 loss: 0.1069968119263649 - accuracy: 0.9574779868125916
2024-03-13 14:49:31,026 - METRIC - INFO - statipo21 loss: 0.061697933822870255 - accuracy: 0.9774011373519897
2024-03-13 14:49:32,292 - METRIC - INFO - statipo12 loss: 1.1071466207504272 - accuracy: 0.7547892928123474
2024-03-13 14:49:32,293 - METRIC - INFO - statipo11 loss: 0.3639509379863739 - accuracy: 0.8717948794364929
2024-03-13 14:49:32,296 - METRIC - INFO - statipo13 loss: 0.5672959685325623 - accuracy: 0.7961538434028625
2024-03-13 14:49:32,547 - METRIC - INFO - mean_accuracy: 0.8899551630020142

2024-03-13 14:49:32,547 - METRIC - INFO - round: 29
2024-03-13 14:49:32,548 - METRIC - INFO - n_selected: 3
2024-03-13 14:49:32,548 - METRIC - INFO - selected_trainers: statipo21 - statipo23 - statipo12
2024-03-13 14:49:34,893 - EXECUT - INFO - received weights from trainer statipo23!
2024-03-13 14:49:34,946 - EXECUT - INFO - received weights from trainer statipo21!
2024-03-13 14:49:36,015 - EXECUT - INFO - received weights from trainer statipo12!
2024-03-13 14:49:36,635 - EXECUT - INFO - sent aggregated weights to trainers!
2024-03-13 14:49:38,077 - METRIC - INFO - statipo21 loss: 0.06628987193107605 - accuracy: 0.9788135886192322
2024-03-13 14:49:38,079 - METRIC - INFO - statipo23 loss: 0.18451207876205444 - accuracy: 0.9413489699363708
2024-03-13 14:49:38,124 - METRIC - INFO - statipo22 loss: 0.44052818417549133 - accuracy: 0.8861788511276245
2024-03-13 14:49:39,383 - METRIC - INFO - statipo12 loss: 0.06079201400279999 - accuracy: 0.982758641242981
2024-03-13 14:49:39,386 - METRIC - INFO - statipo11 loss: 0.5443339943885803 - accuracy: 0.8365384340286255
2024-03-13 14:49:39,391 - METRIC - INFO - statipo13 loss: 0.8176705241203308 - accuracy: 0.7628205418586731
2024-03-13 14:49:39,640 - METRIC - INFO - mean_accuracy: 0.8980765044689178

2024-03-13 14:49:39,641 - METRIC - INFO - round: 30
2024-03-13 14:49:39,641 - METRIC - INFO - n_selected: 3
2024-03-13 14:49:39,641 - METRIC - INFO - selected_trainers: statipo11 - statipo13 - statipo12
2024-03-13 14:49:43,140 - EXECUT - INFO - received weights from trainer statipo12!
2024-03-13 14:49:43,227 - EXECUT - INFO - received weights from trainer statipo11!
2024-03-13 14:49:43,405 - EXECUT - INFO - received weights from trainer statipo13!
2024-03-13 14:49:43,727 - EXECUT - INFO - sent aggregated weights to trainers!
2024-03-13 14:49:45,166 - METRIC - INFO - statipo22 loss: 0.9329679012298584 - accuracy: 0.8113821148872375
2024-03-13 14:49:45,169 - METRIC - INFO - statipo21 loss: 0.07234436273574829 - accuracy: 0.9731638431549072
2024-03-13 14:49:45,175 - METRIC - INFO - statipo23 loss: 0.1455003023147583 - accuracy: 0.9442815184593201
2024-03-13 14:49:46,481 - METRIC - INFO - statipo11 loss: 0.058826711028814316 - accuracy: 0.9855769276618958
2024-03-13 14:49:46,481 - METRIC - INFO - statipo12 loss: 0.043870508670806885 - accuracy: 0.9865900278091431
2024-03-13 14:49:46,489 - METRIC - INFO - statipo13 loss: 0.10621639341115952 - accuracy: 0.9564102292060852
2024-03-13 14:49:46,730 - METRIC - INFO - mean_accuracy: 0.9429007768630981

2024-03-13 14:49:46,731 - METRIC - INFO - round: 31
2024-03-13 14:49:46,731 - METRIC - INFO - n_selected: 3
2024-03-13 14:49:46,731 - METRIC - INFO - selected_trainers: statipo22 - statipo13 - statipo12
2024-03-13 14:49:49,013 - EXECUT - INFO - received weights from trainer statipo22!
2024-03-13 14:49:50,233 - EXECUT - INFO - received weights from trainer statipo12!
2024-03-13 14:49:50,479 - EXECUT - INFO - received weights from trainer statipo13!
2024-03-13 14:49:50,852 - EXECUT - INFO - sent aggregated weights to trainers!
2024-03-13 14:49:52,291 - METRIC - INFO - statipo22 loss: 0.06634490936994553 - accuracy: 0.9788618087768555
2024-03-13 14:49:52,294 - METRIC - INFO - statipo23 loss: 0.25999072194099426 - accuracy: 0.9120234847068787
2024-03-13 14:49:52,300 - METRIC - INFO - statipo21 loss: 0.14781944453716278 - accuracy: 0.944915235042572
2024-03-13 14:49:53,604 - METRIC - INFO - statipo12 loss: 0.050783220678567886 - accuracy: 0.984674334526062
2024-03-13 14:49:53,609 - METRIC - INFO - statipo11 loss: 0.6373476386070251 - accuracy: 0.8028846383094788
2024-03-13 14:49:53,613 - METRIC - INFO - statipo13 loss: 0.3083864450454712 - accuracy: 0.8858974575996399
2024-03-13 14:49:53,856 - METRIC - INFO - mean_accuracy: 0.9182094931602478

2024-03-13 14:49:53,857 - METRIC - INFO - round: 32
2024-03-13 14:49:53,857 - METRIC - INFO - n_selected: 3
2024-03-13 14:49:53,857 - METRIC - INFO - selected_trainers: statipo21 - statipo13 - statipo11
2024-03-13 14:49:56,231 - EXECUT - INFO - received weights from trainer statipo21!
2024-03-13 14:49:57,610 - EXECUT - INFO - received weights from trainer statipo13!
2024-03-13 14:49:58,048 - EXECUT - INFO - received weights from trainer statipo11!
2024-03-13 14:49:58,945 - EXECUT - INFO - sent aggregated weights to trainers!
2024-03-13 14:50:00,387 - METRIC - INFO - statipo21 loss: 0.03494639694690704 - accuracy: 0.9872881174087524
2024-03-13 14:50:00,389 - METRIC - INFO - statipo23 loss: 0.30164870619773865 - accuracy: 0.900293231010437
2024-03-13 14:50:00,423 - METRIC - INFO - statipo22 loss: 0.5594230890274048 - accuracy: 0.8455284833908081
2024-03-13 14:50:01,697 - METRIC - INFO - statipo12 loss: 0.19581039249897003 - accuracy: 0.9329501986503601
2024-03-13 14:50:01,698 - METRIC - INFO - statipo11 loss: 0.05462638661265373 - accuracy: 0.9871794581413269
2024-03-13 14:50:01,704 - METRIC - INFO - statipo13 loss: 0.09202249348163605 - accuracy: 0.9628205299377441
2024-03-13 14:50:01,948 - METRIC - INFO - mean_accuracy: 0.9360100030899048

2024-03-13 14:50:01,948 - METRIC - INFO - round: 33
2024-03-13 14:50:01,948 - METRIC - INFO - n_selected: 3
2024-03-13 14:50:01,949 - METRIC - INFO - selected_trainers: statipo11 - statipo23 - statipo22
2024-03-13 14:50:04,232 - EXECUT - INFO - received weights from trainer statipo22!
2024-03-13 14:50:04,285 - EXECUT - INFO - received weights from trainer statipo23!
2024-03-13 14:50:05,562 - EXECUT - INFO - received weights from trainer statipo11!
2024-03-13 14:50:06,033 - EXECUT - INFO - sent aggregated weights to trainers!
2024-03-13 14:50:07,474 - METRIC - INFO - statipo23 loss: 0.08985970914363861 - accuracy: 0.9706745147705078
2024-03-13 14:50:07,475 - METRIC - INFO - statipo21 loss: 0.12779437005519867 - accuracy: 0.9519773721694946
2024-03-13 14:50:07,521 - METRIC - INFO - statipo22 loss: 0.07282505184412003 - accuracy: 0.9772357940673828
2024-03-13 14:50:08,796 - METRIC - INFO - statipo12 loss: 0.4880036413669586 - accuracy: 0.8831417560577393
2024-03-13 14:50:08,801 - METRIC - INFO - statipo11 loss: 0.04844527691602707 - accuracy: 0.9855769276618958
2024-03-13 14:50:08,805 - METRIC - INFO - statipo13 loss: 0.11775527149438858 - accuracy: 0.942307710647583
2024-03-13 14:50:09,035 - METRIC - INFO - mean_accuracy: 0.9518190125624338

2024-03-13 14:50:09,036 - METRIC - INFO - round: 34
2024-03-13 14:50:09,036 - METRIC - INFO - n_selected: 3
2024-03-13 14:50:09,036 - METRIC - INFO - selected_trainers: statipo23 - statipo21 - statipo11
2024-03-13 14:50:11,563 - EXECUT - INFO - received weights from trainer statipo23!
2024-03-13 14:50:11,879 - EXECUT - INFO - received weights from trainer statipo21!
2024-03-13 14:50:12,831 - EXECUT - INFO - received weights from trainer statipo11!
2024-03-13 14:50:13,155 - EXECUT - INFO - sent aggregated weights to trainers!
2024-03-13 14:50:14,635 - METRIC - INFO - statipo22 loss: 0.34994035959243774 - accuracy: 0.9203252196311951
2024-03-13 14:50:14,638 - METRIC - INFO - statipo23 loss: 0.1059286817908287 - accuracy: 0.96334308385849
2024-03-13 14:50:14,642 - METRIC - INFO - statipo21 loss: 0.035847242921590805 - accuracy: 0.9858757257461548
2024-03-13 14:50:15,937 - METRIC - INFO - statipo12 loss: 0.7750064730644226 - accuracy: 0.8275862336158752
2024-03-13 14:50:15,947 - METRIC - INFO - statipo13 loss: 0.2284189909696579 - accuracy: 0.8871794939041138
2024-03-13 14:50:15,978 - METRIC - INFO - statipo11 loss: 0.04794759303331375 - accuracy: 0.9839743375778198
2024-03-13 14:50:16,158 - METRIC - INFO - mean_accuracy: 0.9280473490556082

2024-03-13 14:50:16,159 - METRIC - INFO - round: 35
2024-03-13 14:50:16,159 - METRIC - INFO - n_selected: 3
2024-03-13 14:50:16,159 - METRIC - INFO - selected_trainers: statipo13 - statipo22 - statipo23
2024-03-13 14:50:18,714 - EXECUT - INFO - received weights from trainer statipo23!
2024-03-13 14:50:19,030 - EXECUT - INFO - received weights from trainer statipo22!
2024-03-13 14:50:20,087 - EXECUT - INFO - received weights from trainer statipo13!
2024-03-13 14:50:20,278 - EXECUT - INFO - sent aggregated weights to trainers!
2024-03-13 14:50:21,760 - METRIC - INFO - statipo22 loss: 0.06662721186876297 - accuracy: 0.9788618087768555
2024-03-13 14:50:21,762 - METRIC - INFO - statipo23 loss: 0.13345040380954742 - accuracy: 0.9648093581199646
2024-03-13 14:50:21,764 - METRIC - INFO - statipo21 loss: 0.0828535184264183 - accuracy: 0.9618644118309021
2024-03-13 14:50:23,029 - METRIC - INFO - statipo11 loss: 0.25624769926071167 - accuracy: 0.9134615659713745
2024-03-13 14:50:23,034 - METRIC - INFO - statipo12 loss: 1.0994796752929688 - accuracy: 0.7873563170433044
2024-03-13 14:50:23,041 - METRIC - INFO - statipo13 loss: 0.08688633143901825 - accuracy: 0.9705128073692322
2024-03-13 14:50:23,282 - METRIC - INFO - mean_accuracy: 0.9294777115186056

2024-03-13 14:50:23,282 - METRIC - INFO - round: 36
2024-03-13 14:50:23,283 - METRIC - INFO - n_selected: 3
2024-03-13 14:50:23,283 - METRIC - INFO - selected_trainers: statipo22 - statipo13 - statipo21
2024-03-13 14:50:25,638 - EXECUT - INFO - received weights from trainer statipo22!
2024-03-13 14:50:25,692 - EXECUT - INFO - received weights from trainer statipo21!
2024-03-13 14:50:27,108 - EXECUT - INFO - received weights from trainer statipo13!
2024-03-13 14:50:27,405 - EXECUT - INFO - sent aggregated weights to trainers!
2024-03-13 14:50:28,874 - METRIC - INFO - statipo22 loss: 0.06149272620677948 - accuracy: 0.9804878234863281
2024-03-13 14:50:28,880 - METRIC - INFO - statipo23 loss: 0.1613050103187561 - accuracy: 0.9428152441978455
2024-03-13 14:50:28,880 - METRIC - INFO - statipo21 loss: 0.5017189979553223 - accuracy: 0.9124293923377991
2024-03-13 14:50:30,177 - METRIC - INFO - statipo12 loss: 0.9394662976264954 - accuracy: 0.8122605085372925
2024-03-13 14:50:30,183 - METRIC - INFO - statipo13 loss: 0.20014069974422455 - accuracy: 0.9141025543212891
2024-03-13 14:50:30,223 - METRIC - INFO - statipo11 loss: 0.3877294361591339 - accuracy: 0.8782051205635071
2024-03-13 14:50:30,407 - METRIC - INFO - mean_accuracy: 0.9067167739073435

2024-03-13 14:50:30,408 - METRIC - INFO - round: 37
2024-03-13 14:50:30,408 - METRIC - INFO - n_selected: 3
2024-03-13 14:50:30,408 - METRIC - INFO - selected_trainers: statipo23 - statipo13 - statipo11
2024-03-13 14:50:32,917 - EXECUT - INFO - received weights from trainer statipo23!
2024-03-13 14:50:34,300 - EXECUT - INFO - received weights from trainer statipo13!
2024-03-13 14:50:34,581 - EXECUT - INFO - received weights from trainer statipo11!
2024-03-13 14:50:35,496 - EXECUT - INFO - sent aggregated weights to trainers!
2024-03-13 14:50:36,943 - METRIC - INFO - statipo21 loss: 0.11292409151792526 - accuracy: 0.959039568901062
2024-03-13 14:50:36,950 - METRIC - INFO - statipo23 loss: 0.0851549282670021 - accuracy: 0.9721407890319824
2024-03-13 14:50:36,953 - METRIC - INFO - statipo22 loss: 0.25041723251342773 - accuracy: 0.9333333373069763
2024-03-13 14:50:38,255 - METRIC - INFO - statipo11 loss: 0.0489388145506382 - accuracy: 0.9871794581413269
2024-03-13 14:50:38,255 - METRIC - INFO - statipo12 loss: 1.2849481105804443 - accuracy: 0.7701149582862854
2024-03-13 14:50:38,263 - METRIC - INFO - statipo13 loss: 0.08336987346410751 - accuracy: 0.9692307710647583
2024-03-13 14:50:38,498 - METRIC - INFO - mean_accuracy: 0.9318398137887319

2024-03-13 14:50:38,499 - METRIC - INFO - round: 38
2024-03-13 14:50:38,499 - METRIC - INFO - n_selected: 3
2024-03-13 14:50:38,499 - METRIC - INFO - selected_trainers: statipo22 - statipo12 - statipo11
2024-03-13 14:50:40,803 - EXECUT - INFO - received weights from trainer statipo22!
2024-03-13 14:50:42,010 - EXECUT - INFO - received weights from trainer statipo12!
2024-03-13 14:50:42,094 - EXECUT - INFO - received weights from trainer statipo11!
2024-03-13 14:50:42,587 - EXECUT - INFO - sent aggregated weights to trainers!
2024-03-13 14:50:44,029 - METRIC - INFO - statipo22 loss: 0.061908040195703506 - accuracy: 0.9804878234863281
2024-03-13 14:50:44,035 - METRIC - INFO - statipo21 loss: 0.14214475452899933 - accuracy: 0.9463276863098145
2024-03-13 14:50:44,035 - METRIC - INFO - statipo23 loss: 0.17322583496570587 - accuracy: 0.9398826956748962
2024-03-13 14:50:45,337 - METRIC - INFO - statipo12 loss: 0.054533474147319794 - accuracy: 0.9865900278091431
2024-03-13 14:50:45,340 - METRIC - INFO - statipo11 loss: 0.04785823076963425 - accuracy: 0.9871794581413269
2024-03-13 14:50:45,347 - METRIC - INFO - statipo13 loss: 0.1263890266418457 - accuracy: 0.9474359154701233
2024-03-13 14:50:45,591 - METRIC - INFO - mean_accuracy: 0.9646506011486053

2024-03-13 14:50:45,592 - METRIC - INFO - round: 39
2024-03-13 14:50:45,592 - METRIC - INFO - n_selected: 3
2024-03-13 14:50:45,592 - METRIC - INFO - selected_trainers: statipo23 - statipo21 - statipo11
2024-03-13 14:50:47,973 - EXECUT - INFO - received weights from trainer statipo21!
2024-03-13 14:50:48,426 - EXECUT - INFO - received weights from trainer statipo23!
2024-03-13 14:50:49,739 - EXECUT - INFO - received weights from trainer statipo11!
2024-03-13 14:50:50,682 - EXECUT - INFO - sent aggregated weights to trainers!
2024-03-13 14:50:52,124 - METRIC - INFO - statipo22 loss: 0.22419428825378418 - accuracy: 0.9495934844017029
2024-03-13 14:50:52,131 - METRIC - INFO - statipo23 loss: 0.08868909627199173 - accuracy: 0.9765396118164062
2024-03-13 14:50:52,131 - METRIC - INFO - statipo21 loss: 0.07571007311344147 - accuracy: 0.9703390002250671
2024-03-13 14:50:53,435 - METRIC - INFO - statipo11 loss: 0.05131112039089203 - accuracy: 0.9839743375778198
2024-03-13 14:50:53,436 - METRIC - INFO - statipo12 loss: 0.5187454223632812 - accuracy: 0.8812260627746582
2024-03-13 14:50:53,444 - METRIC - INFO - statipo13 loss: 0.22169677913188934 - accuracy: 0.892307698726654
2024-03-13 14:50:53,686 - METRIC - INFO - mean_accuracy: 0.9423300325870514

2024-03-13 14:50:53,687 - METRIC - INFO - round: 40
2024-03-13 14:50:53,687 - METRIC - INFO - n_selected: 3
2024-03-13 14:50:53,687 - METRIC - INFO - selected_trainers: statipo12 - statipo23 - statipo11
2024-03-13 14:50:56,066 - EXECUT - INFO - received weights from trainer statipo23!
2024-03-13 14:50:57,203 - EXECUT - INFO - received weights from trainer statipo12!
2024-03-13 14:50:57,288 - EXECUT - INFO - received weights from trainer statipo11!
2024-03-13 14:50:57,804 - EXECUT - INFO - sent aggregated weights to trainers!
2024-03-13 14:50:59,241 - METRIC - INFO - statipo22 loss: 0.3755500018596649 - accuracy: 0.9056910276412964
2024-03-13 14:50:59,251 - METRIC - INFO - statipo23 loss: 0.4722844958305359 - accuracy: 0.866568922996521
2024-03-13 14:50:59,253 - METRIC - INFO - statipo21 loss: 0.08253780007362366 - accuracy: 0.9661017060279846
2024-03-13 14:51:00,559 - METRIC - INFO - statipo12 loss: 0.048128802329301834 - accuracy: 0.99042147397995
2024-03-13 14:51:00,563 - METRIC - INFO - statipo13 loss: 0.2730817496776581 - accuracy: 0.8807692527770996
2024-03-13 14:51:00,602 - METRIC - INFO - statipo11 loss: 0.04592021554708481 - accuracy: 0.9855769276618958
2024-03-13 14:51:00,810 - METRIC - INFO - mean_accuracy: 0.9325215518474579

2024-03-13 14:51:00,810 - METRIC - INFO - round: 41
2024-03-13 14:51:00,810 - METRIC - INFO - n_selected: 3
2024-03-13 14:51:00,811 - METRIC - INFO - selected_trainers: statipo21 - statipo12 - statipo22
2024-03-13 14:51:03,112 - EXECUT - INFO - received weights from trainer statipo22!
2024-03-13 14:51:03,166 - EXECUT - INFO - received weights from trainer statipo21!
2024-03-13 14:51:04,311 - EXECUT - INFO - received weights from trainer statipo12!
2024-03-13 14:51:04,899 - EXECUT - INFO - sent aggregated weights to trainers!
2024-03-13 14:51:06,337 - METRIC - INFO - statipo22 loss: 0.06588776409626007 - accuracy: 0.9772357940673828
2024-03-13 14:51:06,342 - METRIC - INFO - statipo23 loss: 0.20433387160301208 - accuracy: 0.9237536787986755
2024-03-13 14:51:06,346 - METRIC - INFO - statipo21 loss: 0.03663233295083046 - accuracy: 0.9844632744789124
2024-03-13 14:51:07,660 - METRIC - INFO - statipo11 loss: 0.2609530985355377 - accuracy: 0.9134615659713745
2024-03-13 14:51:07,662 - METRIC - INFO - statipo12 loss: 0.05807051062583923 - accuracy: 0.9885057210922241
2024-03-13 14:51:07,668 - METRIC - INFO - statipo13 loss: 0.2937784790992737 - accuracy: 0.8756410479545593
2024-03-13 14:51:07,902 - METRIC - INFO - mean_accuracy: 0.9438435137271881

2024-03-13 14:51:07,903 - METRIC - INFO - round: 42
2024-03-13 14:51:07,903 - METRIC - INFO - n_selected: 3
2024-03-13 14:51:07,903 - METRIC - INFO - selected_trainers: statipo12 - statipo23 - statipo22
2024-03-13 14:51:10,188 - EXECUT - INFO - received weights from trainer statipo22!
2024-03-13 14:51:10,242 - EXECUT - INFO - received weights from trainer statipo23!
2024-03-13 14:51:11,399 - EXECUT - INFO - received weights from trainer statipo12!
2024-03-13 14:51:11,992 - EXECUT - INFO - sent aggregated weights to trainers!
2024-03-13 14:51:13,432 - METRIC - INFO - statipo22 loss: 0.06569113582372665 - accuracy: 0.9788618087768555
2024-03-13 14:51:13,441 - METRIC - INFO - statipo21 loss: 0.07154020667076111 - accuracy: 0.9745762944221497
2024-03-13 14:51:13,474 - METRIC - INFO - statipo23 loss: 0.10307005792856216 - accuracy: 0.9604105353355408
2024-03-13 14:51:14,744 - METRIC - INFO - statipo12 loss: 0.051317110657691956 - accuracy: 0.9885057210922241
2024-03-13 14:51:14,752 - METRIC - INFO - statipo13 loss: 0.4010848104953766 - accuracy: 0.8384615182876587
2024-03-13 14:51:14,785 - METRIC - INFO - statipo11 loss: 0.4668693542480469 - accuracy: 0.8733974099159241
2024-03-13 14:51:14,997 - METRIC - INFO - mean_accuracy: 0.9357022146383921

2024-03-13 14:51:14,997 - METRIC - INFO - round: 43
2024-03-13 14:51:14,997 - METRIC - INFO - n_selected: 3
2024-03-13 14:51:14,997 - METRIC - INFO - selected_trainers: statipo21 - statipo12 - statipo11
2024-03-13 14:51:17,367 - EXECUT - INFO - received weights from trainer statipo21!
2024-03-13 14:51:18,517 - EXECUT - INFO - received weights from trainer statipo12!
2024-03-13 14:51:18,613 - EXECUT - INFO - received weights from trainer statipo11!
2024-03-13 14:51:19,120 - EXECUT - INFO - sent aggregated weights to trainers!
2024-03-13 14:51:20,568 - METRIC - INFO - statipo22 loss: 0.26667508482933044 - accuracy: 0.9382113814353943
2024-03-13 14:51:20,571 - METRIC - INFO - statipo23 loss: 0.15341511368751526 - accuracy: 0.9340175986289978
2024-03-13 14:51:20,574 - METRIC - INFO - statipo21 loss: 0.029630545526742935 - accuracy: 0.9872881174087524
2024-03-13 14:51:21,874 - METRIC - INFO - statipo12 loss: 0.05050523206591606 - accuracy: 0.9865900278091431
2024-03-13 14:51:21,874 - METRIC - INFO - statipo11 loss: 0.04582417756319046 - accuracy: 0.9839743375778198
2024-03-13 14:51:21,882 - METRIC - INFO - statipo13 loss: 0.5638470649719238 - accuracy: 0.7974358797073364
2024-03-13 14:51:22,125 - METRIC - INFO - mean_accuracy: 0.937919557094574

2024-03-13 14:51:22,125 - METRIC - INFO - round: 44
2024-03-13 14:51:22,125 - METRIC - INFO - n_selected: 3
2024-03-13 14:51:22,125 - METRIC - INFO - selected_trainers: statipo21 - statipo22 - statipo23
2024-03-13 14:51:24,451 - EXECUT - INFO - received weights from trainer statipo22!
2024-03-13 14:51:24,506 - EXECUT - INFO - received weights from trainer statipo23!
2024-03-13 14:51:24,563 - EXECUT - INFO - received weights from trainer statipo21!
2024-03-13 14:51:25,213 - EXECUT - INFO - sent aggregated weights to trainers!
2024-03-13 14:51:26,649 - METRIC - INFO - statipo22 loss: 0.06046157330274582 - accuracy: 0.9804878234863281
2024-03-13 14:51:26,655 - METRIC - INFO - statipo23 loss: 0.10164941102266312 - accuracy: 0.9662756323814392
2024-03-13 14:51:26,658 - METRIC - INFO - statipo21 loss: 0.02958941087126732 - accuracy: 0.9858757257461548
2024-03-13 14:51:27,963 - METRIC - INFO - statipo12 loss: 0.250510036945343 - accuracy: 0.9272030591964722
2024-03-13 14:51:27,968 - METRIC - INFO - statipo11 loss: 0.37544721364974976 - accuracy: 0.8846153616905212
2024-03-13 14:51:27,972 - METRIC - INFO - statipo13 loss: 0.5996576547622681 - accuracy: 0.7961538434028625
2024-03-13 14:51:28,217 - METRIC - INFO - mean_accuracy: 0.923435240983963

2024-03-13 14:51:28,217 - METRIC - INFO - round: 45
2024-03-13 14:51:28,217 - METRIC - INFO - n_selected: 3
2024-03-13 14:51:28,217 - METRIC - INFO - selected_trainers: statipo12 - statipo22 - statipo13
2024-03-13 14:51:30,520 - EXECUT - INFO - received weights from trainer statipo22!
2024-03-13 14:51:31,711 - EXECUT - INFO - received weights from trainer statipo12!
2024-03-13 14:51:32,001 - EXECUT - INFO - received weights from trainer statipo13!
2024-03-13 14:51:32,340 - EXECUT - INFO - sent aggregated weights to trainers!
2024-03-13 14:51:33,776 - METRIC - INFO - statipo22 loss: 0.06387016922235489 - accuracy: 0.9804878234863281
2024-03-13 14:51:33,784 - METRIC - INFO - statipo23 loss: 0.14430750906467438 - accuracy: 0.936950147151947
2024-03-13 14:51:33,787 - METRIC - INFO - statipo21 loss: 0.04027624800801277 - accuracy: 0.9830508232116699
2024-03-13 14:51:35,089 - METRIC - INFO - statipo12 loss: 0.051313333213329315 - accuracy: 0.9885057210922241
2024-03-13 14:51:35,095 - METRIC - INFO - statipo11 loss: 0.4452175199985504 - accuracy: 0.8717948794364929
2024-03-13 14:51:35,097 - METRIC - INFO - statipo13 loss: 0.09517008811235428 - accuracy: 0.9538461565971375
2024-03-13 14:51:35,344 - METRIC - INFO - mean_accuracy: 0.9524392584959666

2024-03-13 14:51:35,345 - METRIC - INFO - round: 46
2024-03-13 14:51:35,345 - METRIC - INFO - n_selected: 3
2024-03-13 14:51:35,345 - METRIC - INFO - selected_trainers: statipo22 - statipo12 - statipo23
2024-03-13 14:51:37,673 - EXECUT - INFO - received weights from trainer statipo23!
2024-03-13 14:51:38,154 - EXECUT - INFO - received weights from trainer statipo22!
2024-03-13 14:51:38,825 - EXECUT - INFO - received weights from trainer statipo12!
2024-03-13 14:51:39,435 - EXECUT - INFO - sent aggregated weights to trainers!
2024-03-13 14:51:40,873 - METRIC - INFO - statipo22 loss: 0.0668160542845726 - accuracy: 0.9821138381958008
2024-03-13 14:51:40,879 - METRIC - INFO - statipo23 loss: 0.12804433703422546 - accuracy: 0.9486803412437439
2024-03-13 14:51:40,880 - METRIC - INFO - statipo21 loss: 0.08490922302007675 - accuracy: 0.9717513918876648
2024-03-13 14:51:42,187 - METRIC - INFO - statipo11 loss: 0.6469267010688782 - accuracy: 0.8477563858032227
2024-03-13 14:51:42,188 - METRIC - INFO - statipo12 loss: 0.050958238542079926 - accuracy: 0.99042147397995
2024-03-13 14:51:42,193 - METRIC - INFO - statipo13 loss: 0.2444208711385727 - accuracy: 0.8884615302085876
2024-03-13 14:51:42,439 - METRIC - INFO - mean_accuracy: 0.9381974935531616

2024-03-13 14:51:42,440 - METRIC - INFO - round: 47
2024-03-13 14:51:42,440 - METRIC - INFO - n_selected: 3
2024-03-13 14:51:42,440 - METRIC - INFO - selected_trainers: statipo21 - statipo13 - statipo11
2024-03-13 14:51:44,843 - EXECUT - INFO - received weights from trainer statipo21!
2024-03-13 14:51:46,094 - EXECUT - INFO - received weights from trainer statipo11!
2024-03-13 14:51:46,266 - EXECUT - INFO - received weights from trainer statipo13!
2024-03-13 14:51:46,529 - EXECUT - INFO - sent aggregated weights to trainers!
2024-03-13 14:51:48,001 - METRIC - INFO - statipo22 loss: 0.38377803564071655 - accuracy: 0.9008129835128784
2024-03-13 14:51:48,005 - METRIC - INFO - statipo23 loss: 0.28878292441368103 - accuracy: 0.9076246619224548
2024-03-13 14:51:48,010 - METRIC - INFO - statipo21 loss: 0.03190193697810173 - accuracy: 0.991525411605835
2024-03-13 14:51:49,279 - METRIC - INFO - statipo12 loss: 0.2220437079668045 - accuracy: 0.9348658919334412
2024-03-13 14:51:49,281 - METRIC - INFO - statipo11 loss: 0.04650886356830597 - accuracy: 0.9871794581413269
2024-03-13 14:51:49,289 - METRIC - INFO - statipo13 loss: 0.08784058690071106 - accuracy: 0.9679487347602844
2024-03-13 14:51:49,531 - METRIC - INFO - mean_accuracy: 0.9483261903127035

2024-03-13 14:51:49,532 - METRIC - INFO - round: 48
2024-03-13 14:51:49,532 - METRIC - INFO - n_selected: 3
2024-03-13 14:51:49,532 - METRIC - INFO - selected_trainers: statipo12 - statipo11 - statipo22
2024-03-13 14:51:51,824 - EXECUT - INFO - received weights from trainer statipo22!
2024-03-13 14:51:53,135 - EXECUT - INFO - received weights from trainer statipo11!
2024-03-13 14:51:53,622 - EXECUT - INFO - received weights from trainer statipo12!
2024-03-13 14:51:54,651 - EXECUT - INFO - sent aggregated weights to trainers!
2024-03-13 14:51:56,090 - METRIC - INFO - statipo22 loss: 0.07264556735754013 - accuracy: 0.9804878234863281
2024-03-13 14:51:56,094 - METRIC - INFO - statipo23 loss: 0.25846001505851746 - accuracy: 0.910557210445404
2024-03-13 14:51:56,145 - METRIC - INFO - statipo21 loss: 0.09261512011289597 - accuracy: 0.9632768630981445
2024-03-13 14:51:57,404 - METRIC - INFO - statipo12 loss: 0.040907107293605804 - accuracy: 0.99042147397995
2024-03-13 14:51:57,404 - METRIC - INFO - statipo11 loss: 0.049477919936180115 - accuracy: 0.9871794581413269
2024-03-13 14:51:57,408 - METRIC - INFO - statipo13 loss: 0.17489878833293915 - accuracy: 0.9128205180168152
2024-03-13 14:51:57,656 - METRIC - INFO - mean_accuracy: 0.9574572245279948

2024-03-13 14:51:57,657 - METRIC - INFO - round: 49
2024-03-13 14:51:57,657 - METRIC - INFO - n_selected: 3
2024-03-13 14:51:57,657 - METRIC - INFO - selected_trainers: statipo22 - statipo13 - statipo23
2024-03-13 14:52:00,519 - EXECUT - INFO - received weights from trainer statipo22!
2024-03-13 14:52:00,573 - EXECUT - INFO - received weights from trainer statipo23!
2024-03-13 14:52:01,474 - EXECUT - INFO - received weights from trainer statipo13!
2024-03-13 14:52:01,779 - EXECUT - INFO - sent aggregated weights to trainers!
2024-03-13 14:52:03,253 - METRIC - INFO - statipo21 loss: 0.10105744004249573 - accuracy: 0.9675140976905823
2024-03-13 14:52:03,288 - METRIC - INFO - statipo22 loss: 0.06698489934206009 - accuracy: 0.9804878234863281
2024-03-13 14:52:03,290 - METRIC - INFO - statipo23 loss: 0.08986303955316544 - accuracy: 0.9692082405090332
2024-03-13 14:52:04,532 - METRIC - INFO - statipo12 loss: 0.20316168665885925 - accuracy: 0.9329501986503601
2024-03-13 14:52:04,573 - METRIC - INFO - statipo13 loss: 0.22035206854343414 - accuracy: 0.9205127954483032
2024-03-13 14:52:04,576 - METRIC - INFO - statipo11 loss: 0.2925183176994324 - accuracy: 0.9022436141967773
2024-03-13 14:52:04,782 - METRIC - INFO - mean_accuracy: 0.9454861283302307

2024-03-13 14:52:04,783 - METRIC - INFO - round: 50
2024-03-13 14:52:04,783 - METRIC - INFO - n_selected: 3
2024-03-13 14:52:04,783 - METRIC - INFO - selected_trainers: statipo11 - statipo21 - statipo12
2024-03-13 14:52:07,135 - EXECUT - INFO - received weights from trainer statipo21!
2024-03-13 14:52:08,303 - EXECUT - INFO - received weights from trainer statipo12!
2024-03-13 14:52:08,869 - EXECUT - INFO - received weights from trainer statipo11!
2024-03-13 14:52:09,905 - EXECUT - INFO - sent aggregated weights to trainers!
2024-03-13 14:52:11,348 - METRIC - INFO - statipo23 loss: 0.16676299273967743 - accuracy: 0.9486803412437439
2024-03-13 14:52:11,353 - METRIC - INFO - statipo21 loss: 0.04155389219522476 - accuracy: 0.9901130199432373
2024-03-13 14:52:11,385 - METRIC - INFO - statipo22 loss: 0.17377562820911407 - accuracy: 0.9626016020774841
2024-03-13 14:52:12,660 - METRIC - INFO - statipo12 loss: 0.050523243844509125 - accuracy: 0.99042147397995
2024-03-13 14:52:12,664 - METRIC - INFO - statipo13 loss: 0.23080432415008545 - accuracy: 0.9089743494987488
2024-03-13 14:52:12,699 - METRIC - INFO - statipo11 loss: 0.044138308614492416 - accuracy: 0.9871794581413269
2024-03-13 14:52:12,910 - METRIC - INFO - mean_accuracy: 0.9646617074807485

2024-03-13 14:52:12,910 - METRIC - INFO - stop_condition: rounds
