2024-03-01 23:29:17,048 - EXECUT - INFO - starting server...
2024-03-01 23:29:23,348 - EXECUT - INFO - trainer number statipo12 just joined the pool
2024-03-01 23:29:23,391 - EXECUT - INFO - trainer number statipo11 just joined the pool
2024-03-01 23:29:23,391 - EXECUT - INFO - trainer number statipo13 just joined the pool
2024-03-01 23:29:23,424 - EXECUT - INFO - trainer number statipo15 just joined the pool
2024-03-01 23:29:23,471 - EXECUT - INFO - trainer number statipo21 just joined the pool
2024-03-01 23:29:23,471 - EXECUT - INFO - trainer number statipo14 just joined the pool
2024-03-01 23:29:24,055 - METRIC - INFO - round: 1
2024-03-01 23:29:24,055 - METRIC - INFO - n_selected: 3
2024-03-01 23:29:24,056 - METRIC - INFO - selected_trainers: statipo14 - statipo11 - statipo21
2024-03-01 23:29:28,320 - EXECUT - INFO - received weights from trainer statipo11!
2024-03-01 23:29:28,456 - EXECUT - INFO - received weights from trainer statipo21!
2024-03-01 23:29:28,521 - EXECUT - INFO - received weights from trainer statipo14!
2024-03-01 23:29:29,173 - EXECUT - INFO - sent aggregated weights to trainers!
2024-03-01 23:29:29,320 - METRIC - INFO - statipo11 loss: 0.12458110600709915 - accuracy: 0.9583333134651184
2024-03-01 23:29:29,331 - METRIC - INFO - statipo12 loss: 22.696256637573242 - accuracy: 0.14176245033740997
2024-03-01 23:29:29,337 - METRIC - INFO - statipo13 loss: 35.35831069946289 - accuracy: 0.12435897439718246
2024-03-01 23:29:29,341 - METRIC - INFO - statipo21 loss: 0.3239952325820923 - accuracy: 0.8695014715194702
2024-03-01 23:29:29,341 - METRIC - INFO - statipo14 loss: 0.07745307683944702 - accuracy: 0.9774011373519897
2024-03-01 23:29:29,359 - METRIC - INFO - statipo15 loss: 28.543350219726562 - accuracy: 0.1642276495695114
2024-03-01 23:29:30,175 - METRIC - INFO - mean_accuracy: 0.5392641661067804

2024-03-01 23:29:30,175 - METRIC - INFO - round: 2
2024-03-01 23:29:30,176 - METRIC - INFO - n_selected: 3
2024-03-01 23:29:30,176 - METRIC - INFO - selected_trainers: statipo21 - statipo11 - statipo13
2024-03-01 23:29:34,102 - EXECUT - INFO - received weights from trainer statipo21!
2024-03-01 23:29:35,517 - EXECUT - INFO - received weights from trainer statipo11!
2024-03-01 23:29:35,605 - EXECUT - INFO - received weights from trainer statipo13!
2024-03-01 23:29:36,270 - EXECUT - INFO - sent aggregated weights to trainers!
2024-03-01 23:29:36,410 - METRIC - INFO - statipo11 loss: 0.2499384582042694 - accuracy: 0.9262820482254028
2024-03-01 23:29:36,418 - METRIC - INFO - statipo15 loss: 1.8527799844741821 - accuracy: 0.18373984098434448
2024-03-01 23:29:36,424 - METRIC - INFO - statipo12 loss: 1.7235392332077026 - accuracy: 0.2183908075094223
2024-03-01 23:29:36,424 - METRIC - INFO - statipo13 loss: 0.312273770570755 - accuracy: 0.8961538672447205
2024-03-01 23:29:36,443 - METRIC - INFO - statipo14 loss: 1.723476767539978 - accuracy: 0.32485875487327576
2024-03-01 23:29:36,445 - METRIC - INFO - statipo21 loss: 0.3450738191604614 - accuracy: 0.8548387289047241
2024-03-01 23:29:37,272 - METRIC - INFO - mean_accuracy: 0.567377341290315

2024-03-01 23:29:37,272 - METRIC - INFO - round: 3
2024-03-01 23:29:37,272 - METRIC - INFO - n_selected: 3
2024-03-01 23:29:37,273 - METRIC - INFO - selected_trainers: statipo21 - statipo11 - statipo15
2024-03-01 23:29:41,000 - EXECUT - INFO - received weights from trainer statipo11!
2024-03-01 23:29:41,171 - EXECUT - INFO - received weights from trainer statipo21!
2024-03-01 23:29:41,601 - EXECUT - INFO - received weights from trainer statipo15!
2024-03-01 23:29:42,366 - EXECUT - INFO - sent aggregated weights to trainers!
2024-03-01 23:29:42,511 - METRIC - INFO - statipo12 loss: 2.3730194568634033 - accuracy: 0.2375478893518448
2024-03-01 23:29:42,518 - METRIC - INFO - statipo14 loss: 1.734156847000122 - accuracy: 0.23022599518299103
2024-03-01 23:29:42,521 - METRIC - INFO - statipo15 loss: 0.22517988085746765 - accuracy: 0.9365853667259216
2024-03-01 23:29:42,534 - METRIC - INFO - statipo11 loss: 0.19702589511871338 - accuracy: 0.9455128312110901
2024-03-01 23:29:42,535 - METRIC - INFO - statipo13 loss: 1.1329256296157837 - accuracy: 0.5435897707939148
2024-03-01 23:29:42,541 - METRIC - INFO - statipo21 loss: 0.3110414147377014 - accuracy: 0.8636363744735718
2024-03-01 23:29:43,369 - METRIC - INFO - mean_accuracy: 0.6261830379565557

2024-03-01 23:29:43,369 - METRIC - INFO - round: 4
2024-03-01 23:29:43,369 - METRIC - INFO - n_selected: 3
2024-03-01 23:29:43,370 - METRIC - INFO - selected_trainers: statipo15 - statipo13 - statipo14
2024-03-01 23:29:47,602 - EXECUT - INFO - received weights from trainer statipo15!
2024-03-01 23:29:47,818 - EXECUT - INFO - received weights from trainer statipo14!
2024-03-01 23:29:47,931 - EXECUT - INFO - received weights from trainer statipo13!
2024-03-01 23:29:48,462 - EXECUT - INFO - sent aggregated weights to trainers!
2024-03-01 23:29:48,597 - METRIC - INFO - statipo11 loss: 0.641940712928772 - accuracy: 0.7483974099159241
2024-03-01 23:29:48,608 - METRIC - INFO - statipo15 loss: 0.14496059715747833 - accuracy: 0.9560975432395935
2024-03-01 23:29:48,617 - METRIC - INFO - statipo13 loss: 0.2424459457397461 - accuracy: 0.9153845906257629
2024-03-01 23:29:48,633 - METRIC - INFO - statipo14 loss: 0.09660472720861435 - accuracy: 0.9604519605636597
2024-03-01 23:29:48,637 - METRIC - INFO - statipo21 loss: 0.6113707423210144 - accuracy: 0.7580645084381104
2024-03-01 23:29:48,639 - METRIC - INFO - statipo12 loss: 4.138157367706299 - accuracy: 0.21647509932518005
2024-03-01 23:29:49,465 - METRIC - INFO - mean_accuracy: 0.7591451853513718

2024-03-01 23:29:49,465 - METRIC - INFO - round: 5
2024-03-01 23:29:49,466 - METRIC - INFO - n_selected: 3
2024-03-01 23:29:49,466 - METRIC - INFO - selected_trainers: statipo14 - statipo15 - statipo21
2024-03-01 23:29:50,876 - EXECUT - INFO - received weights from trainer statipo15!
2024-03-01 23:29:50,947 - EXECUT - INFO - received weights from trainer statipo21!
2024-03-01 23:29:51,000 - EXECUT - INFO - received weights from trainer statipo14!
2024-03-01 23:29:51,555 - EXECUT - INFO - sent aggregated weights to trainers!
2024-03-01 23:29:51,695 - METRIC - INFO - statipo11 loss: 0.9635514616966248 - accuracy: 0.6362179517745972
2024-03-01 23:29:51,707 - METRIC - INFO - statipo14 loss: 0.1514960676431656 - accuracy: 0.9477401375770569
2024-03-01 23:29:51,726 - METRIC - INFO - statipo13 loss: 1.0639770030975342 - accuracy: 0.6179487109184265
2024-03-01 23:29:51,727 - METRIC - INFO - statipo12 loss: 4.854983806610107 - accuracy: 0.2107279747724533
2024-03-01 23:29:51,733 - METRIC - INFO - statipo21 loss: 0.4288978576660156 - accuracy: 0.8416422009468079
2024-03-01 23:29:51,738 - METRIC - INFO - statipo15 loss: 0.15638640522956848 - accuracy: 0.9414634108543396
2024-03-01 23:29:52,557 - METRIC - INFO - mean_accuracy: 0.6992900644739469

2024-03-01 23:29:52,557 - METRIC - INFO - round: 6
2024-03-01 23:29:52,557 - METRIC - INFO - n_selected: 3
2024-03-01 23:29:52,557 - METRIC - INFO - selected_trainers: statipo21 - statipo11 - statipo14
2024-03-01 23:29:56,879 - EXECUT - INFO - received weights from trainer statipo11!
2024-03-01 23:29:57,016 - EXECUT - INFO - received weights from trainer statipo21!
2024-03-01 23:29:57,084 - EXECUT - INFO - received weights from trainer statipo14!
2024-03-01 23:29:57,648 - EXECUT - INFO - sent aggregated weights to trainers!
2024-03-01 23:29:57,787 - METRIC - INFO - statipo12 loss: 5.650959491729736 - accuracy: 0.20114941895008087
2024-03-01 23:29:57,794 - METRIC - INFO - statipo15 loss: 2.499736785888672 - accuracy: 0.45203250646591187
2024-03-01 23:29:57,797 - METRIC - INFO - statipo13 loss: 2.636960744857788 - accuracy: 0.36282050609588623
2024-03-01 23:29:57,824 - METRIC - INFO - statipo11 loss: 0.1436559557914734 - accuracy: 0.9551281929016113
2024-03-01 23:29:57,834 - METRIC - INFO - statipo21 loss: 0.1767222285270691 - accuracy: 0.9310850501060486
2024-03-01 23:29:57,835 - METRIC - INFO - statipo14 loss: 0.08043547719717026 - accuracy: 0.9689265489578247
2024-03-01 23:29:58,651 - METRIC - INFO - mean_accuracy: 0.6451903705795606

2024-03-01 23:29:58,651 - METRIC - INFO - round: 7
2024-03-01 23:29:58,652 - METRIC - INFO - n_selected: 3
2024-03-01 23:29:58,652 - METRIC - INFO - selected_trainers: statipo15 - statipo21 - statipo11
2024-03-01 23:30:03,305 - EXECUT - INFO - received weights from trainer statipo11!
2024-03-01 23:30:03,431 - EXECUT - INFO - received weights from trainer statipo21!
2024-03-01 23:30:04,023 - EXECUT - INFO - received weights from trainer statipo15!
2024-03-01 23:30:04,746 - EXECUT - INFO - sent aggregated weights to trainers!
2024-03-01 23:30:04,889 - METRIC - INFO - statipo15 loss: 0.18453796207904816 - accuracy: 0.9333333373069763
2024-03-01 23:30:04,897 - METRIC - INFO - statipo21 loss: 0.17658671736717224 - accuracy: 0.9354838728904724
2024-03-01 23:30:04,900 - METRIC - INFO - statipo14 loss: 0.6273395419120789 - accuracy: 0.7697740197181702
2024-03-01 23:30:04,914 - METRIC - INFO - statipo11 loss: 0.12270284444093704 - accuracy: 0.9631410241127014
2024-03-01 23:30:04,917 - METRIC - INFO - statipo12 loss: 6.80814790725708 - accuracy: 0.18965516984462738
2024-03-01 23:30:04,920 - METRIC - INFO - statipo13 loss: 3.80914044380188 - accuracy: 0.3294871747493744
2024-03-01 23:30:05,749 - METRIC - INFO - mean_accuracy: 0.6868124331037203

2024-03-01 23:30:05,749 - METRIC - INFO - round: 8
2024-03-01 23:30:05,749 - METRIC - INFO - n_selected: 3
2024-03-01 23:30:05,749 - METRIC - INFO - selected_trainers: statipo14 - statipo12 - statipo11
2024-03-01 23:30:09,252 - EXECUT - INFO - received weights from trainer statipo11!
2024-03-01 23:30:09,537 - EXECUT - INFO - received weights from trainer statipo14!
2024-03-01 23:30:09,591 - EXECUT - INFO - received weights from trainer statipo12!
2024-03-01 23:30:09,840 - EXECUT - INFO - sent aggregated weights to trainers!
2024-03-01 23:30:09,976 - METRIC - INFO - statipo11 loss: 0.10903825610876083 - accuracy: 0.9743589758872986
2024-03-01 23:30:09,982 - METRIC - INFO - statipo12 loss: 0.1985841691493988 - accuracy: 0.938697338104248
2024-03-01 23:30:09,985 - METRIC - INFO - statipo14 loss: 0.2528754770755768 - accuracy: 0.8912429213523865
2024-03-01 23:30:09,989 - METRIC - INFO - statipo13 loss: 5.407688140869141 - accuracy: 0.25256410241127014
2024-03-01 23:30:09,991 - METRIC - INFO - statipo21 loss: 1.201709270477295 - accuracy: 0.6656891703605652
2024-03-01 23:30:10,012 - METRIC - INFO - statipo15 loss: 2.403120279312134 - accuracy: 0.4585365951061249
2024-03-01 23:30:10,842 - METRIC - INFO - mean_accuracy: 0.6968481838703156

2024-03-01 23:30:10,842 - METRIC - INFO - round: 9
2024-03-01 23:30:10,842 - METRIC - INFO - n_selected: 3
2024-03-01 23:30:10,842 - METRIC - INFO - selected_trainers: statipo15 - statipo12 - statipo11
2024-03-01 23:30:14,247 - EXECUT - INFO - received weights from trainer statipo12!
2024-03-01 23:30:14,395 - EXECUT - INFO - received weights from trainer statipo11!
2024-03-01 23:30:14,448 - EXECUT - INFO - received weights from trainer statipo15!
2024-03-01 23:30:14,932 - EXECUT - INFO - sent aggregated weights to trainers!
2024-03-01 23:30:15,075 - METRIC - INFO - statipo11 loss: 0.09666499495506287 - accuracy: 0.9711538553237915
2024-03-01 23:30:15,075 - METRIC - INFO - statipo14 loss: 0.7007319927215576 - accuracy: 0.7768361568450928
2024-03-01 23:30:15,081 - METRIC - INFO - statipo15 loss: 0.11040758341550827 - accuracy: 0.9544715285301208
2024-03-01 23:30:15,082 - METRIC - INFO - statipo21 loss: 2.630615711212158 - accuracy: 0.570381224155426
2024-03-01 23:30:15,111 - METRIC - INFO - statipo13 loss: 4.76096773147583 - accuracy: 0.3166666626930237
2024-03-01 23:30:15,114 - METRIC - INFO - statipo12 loss: 0.1274021863937378 - accuracy: 0.959770143032074
2024-03-01 23:30:15,934 - METRIC - INFO - mean_accuracy: 0.7582132617632548

2024-03-01 23:30:15,934 - METRIC - INFO - round: 10
2024-03-01 23:30:15,934 - METRIC - INFO - n_selected: 3
2024-03-01 23:30:15,934 - METRIC - INFO - selected_trainers: statipo21 - statipo14 - statipo15
2024-03-01 23:30:20,813 - EXECUT - INFO - received weights from trainer statipo21!
2024-03-01 23:30:20,915 - EXECUT - INFO - received weights from trainer statipo14!
2024-03-01 23:30:21,244 - EXECUT - INFO - received weights from trainer statipo15!
2024-03-01 23:30:22,026 - EXECUT - INFO - sent aggregated weights to trainers!
2024-03-01 23:30:22,169 - METRIC - INFO - statipo13 loss: 6.63844633102417 - accuracy: 0.2064102590084076
2024-03-01 23:30:22,170 - METRIC - INFO - statipo11 loss: 0.4335400462150574 - accuracy: 0.8397436141967773
2024-03-01 23:30:22,170 - METRIC - INFO - statipo14 loss: 0.08771698921918869 - accuracy: 0.9675140976905823
2024-03-01 23:30:22,173 - METRIC - INFO - statipo15 loss: 0.08746643364429474 - accuracy: 0.9772357940673828
2024-03-01 23:30:22,176 - METRIC - INFO - statipo21 loss: 0.1415899246931076 - accuracy: 0.9413489699363708
2024-03-01 23:30:22,199 - METRIC - INFO - statipo12 loss: 2.089824676513672 - accuracy: 0.4214559495449066
2024-03-01 23:30:23,029 - METRIC - INFO - mean_accuracy: 0.7256181140740713

2024-03-01 23:30:23,029 - METRIC - INFO - round: 11
2024-03-01 23:30:23,030 - METRIC - INFO - n_selected: 3
2024-03-01 23:30:23,030 - METRIC - INFO - selected_trainers: statipo14 - statipo11 - statipo15
2024-03-01 23:30:26,528 - EXECUT - INFO - received weights from trainer statipo11!
2024-03-01 23:30:26,603 - EXECUT - INFO - received weights from trainer statipo15!
2024-03-01 23:30:26,768 - EXECUT - INFO - received weights from trainer statipo14!
2024-03-01 23:30:27,121 - EXECUT - INFO - sent aggregated weights to trainers!
2024-03-01 23:30:27,262 - METRIC - INFO - statipo15 loss: 0.0781479924917221 - accuracy: 0.9756097793579102
2024-03-01 23:30:27,265 - METRIC - INFO - statipo12 loss: 2.6427369117736816 - accuracy: 0.33908045291900635
2024-03-01 23:30:27,265 - METRIC - INFO - statipo11 loss: 0.10945972055196762 - accuracy: 0.9567307829856873
2024-03-01 23:30:27,266 - METRIC - INFO - statipo13 loss: 7.404271125793457 - accuracy: 0.1974359005689621
2024-03-01 23:30:27,274 - METRIC - INFO - statipo21 loss: 1.554809808731079 - accuracy: 0.6392961740493774
2024-03-01 23:30:27,304 - METRIC - INFO - statipo14 loss: 0.05850963667035103 - accuracy: 0.9774011373519897
2024-03-01 23:30:28,123 - METRIC - INFO - mean_accuracy: 0.6809257045388222

2024-03-01 23:30:28,123 - METRIC - INFO - round: 12
2024-03-01 23:30:28,123 - METRIC - INFO - n_selected: 3
2024-03-01 23:30:28,123 - METRIC - INFO - selected_trainers: statipo21 - statipo15 - statipo11
2024-03-01 23:30:32,942 - EXECUT - INFO - received weights from trainer statipo15!
2024-03-01 23:30:32,996 - EXECUT - INFO - received weights from trainer statipo11!
2024-03-01 23:30:33,087 - EXECUT - INFO - received weights from trainer statipo21!
2024-03-01 23:30:33,225 - EXECUT - INFO - sent aggregated weights to trainers!
2024-03-01 23:30:33,367 - METRIC - INFO - statipo12 loss: 4.060592174530029 - accuracy: 0.2854406237602234
2024-03-01 23:30:33,372 - METRIC - INFO - statipo14 loss: 0.4446641802787781 - accuracy: 0.8361582159996033
2024-03-01 23:30:33,394 - METRIC - INFO - statipo11 loss: 0.0737541988492012 - accuracy: 0.9791666865348816
2024-03-01 23:30:33,397 - METRIC - INFO - statipo13 loss: 8.374176025390625 - accuracy: 0.20512820780277252
2024-03-01 23:30:33,403 - METRIC - INFO - statipo21 loss: 0.16923198103904724 - accuracy: 0.9486803412437439
2024-03-01 23:30:33,403 - METRIC - INFO - statipo15 loss: 0.07216963917016983 - accuracy: 0.9788618087768555
2024-03-01 23:30:34,226 - METRIC - INFO - mean_accuracy: 0.7055726473530134

2024-03-01 23:30:34,227 - METRIC - INFO - round: 13
2024-03-01 23:30:34,227 - METRIC - INFO - n_selected: 3
2024-03-01 23:30:34,227 - METRIC - INFO - selected_trainers: statipo12 - statipo13 - statipo21
2024-03-01 23:30:38,197 - EXECUT - INFO - received weights from trainer statipo12!
2024-03-01 23:30:38,501 - EXECUT - INFO - received weights from trainer statipo21!
2024-03-01 23:30:38,744 - EXECUT - INFO - received weights from trainer statipo13!
2024-03-01 23:30:39,320 - EXECUT - INFO - sent aggregated weights to trainers!
2024-03-01 23:30:39,470 - METRIC - INFO - statipo12 loss: 0.3635251224040985 - accuracy: 0.8697317838668823
2024-03-01 23:30:39,475 - METRIC - INFO - statipo21 loss: 0.13340584933757782 - accuracy: 0.9501466155052185
2024-03-01 23:30:39,490 - METRIC - INFO - statipo11 loss: 0.4065304100513458 - accuracy: 0.8509615659713745
2024-03-01 23:30:39,491 - METRIC - INFO - statipo13 loss: 0.21995186805725098 - accuracy: 0.9269230961799622
2024-03-01 23:30:39,491 - METRIC - INFO - statipo14 loss: 0.9051890969276428 - accuracy: 0.7302259802818298
2024-03-01 23:30:39,502 - METRIC - INFO - statipo15 loss: 0.8991402387619019 - accuracy: 0.7170731425285339
2024-03-01 23:30:40,322 - METRIC - INFO - mean_accuracy: 0.8408436973889669

2024-03-01 23:30:40,322 - METRIC - INFO - round: 14
2024-03-01 23:30:40,322 - METRIC - INFO - n_selected: 3
2024-03-01 23:30:40,323 - METRIC - INFO - selected_trainers: statipo14 - statipo11 - statipo21
2024-03-01 23:30:43,052 - EXECUT - INFO - received weights from trainer statipo11!
2024-03-01 23:30:43,166 - EXECUT - INFO - received weights from trainer statipo14!
2024-03-01 23:30:43,218 - EXECUT - INFO - received weights from trainer statipo21!
2024-03-01 23:30:43,414 - EXECUT - INFO - sent aggregated weights to trainers!
2024-03-01 23:30:43,551 - METRIC - INFO - statipo12 loss: 1.7466217279434204 - accuracy: 0.43869730830192566
2024-03-01 23:30:43,558 - METRIC - INFO - statipo14 loss: 0.06729505956172943 - accuracy: 0.9774011373519897
2024-03-01 23:30:43,563 - METRIC - INFO - statipo15 loss: 4.736124038696289 - accuracy: 0.356097549200058
2024-03-01 23:30:43,563 - METRIC - INFO - statipo21 loss: 0.1358390599489212 - accuracy: 0.9574779868125916
2024-03-01 23:30:43,565 - METRIC - INFO - statipo11 loss: 0.1481756567955017 - accuracy: 0.9471153616905212
2024-03-01 23:30:43,582 - METRIC - INFO - statipo13 loss: 1.8462638854980469 - accuracy: 0.5102564096450806
2024-03-01 23:30:44,416 - METRIC - INFO - mean_accuracy: 0.6978409588336945

2024-03-01 23:30:44,416 - METRIC - INFO - round: 15
2024-03-01 23:30:44,417 - METRIC - INFO - n_selected: 3
2024-03-01 23:30:44,417 - METRIC - INFO - selected_trainers: statipo14 - statipo15 - statipo11
2024-03-01 23:30:48,015 - EXECUT - INFO - received weights from trainer statipo11!
2024-03-01 23:30:48,097 - EXECUT - INFO - received weights from trainer statipo15!
2024-03-01 23:30:48,279 - EXECUT - INFO - received weights from trainer statipo14!
2024-03-01 23:30:48,544 - EXECUT - INFO - sent aggregated weights to trainers!
2024-03-01 23:30:48,689 - METRIC - INFO - statipo13 loss: 2.6119911670684814 - accuracy: 0.47948718070983887
2024-03-01 23:30:48,690 - METRIC - INFO - statipo15 loss: 0.1398070603609085 - accuracy: 0.9447154402732849
2024-03-01 23:30:48,699 - METRIC - INFO - statipo21 loss: 0.8112517595291138 - accuracy: 0.7360703945159912
2024-03-01 23:30:48,705 - METRIC - INFO - statipo14 loss: 0.07434845715761185 - accuracy: 0.9774011373519897
2024-03-01 23:30:48,712 - METRIC - INFO - statipo11 loss: 0.07220249623060226 - accuracy: 0.9759615659713745
2024-03-01 23:30:48,715 - METRIC - INFO - statipo12 loss: 2.7913944721221924 - accuracy: 0.3371647596359253
2024-03-01 23:30:49,547 - METRIC - INFO - mean_accuracy: 0.7418000797430674

2024-03-01 23:30:49,547 - METRIC - INFO - round: 16
2024-03-01 23:30:49,548 - METRIC - INFO - n_selected: 3
2024-03-01 23:30:49,548 - METRIC - INFO - selected_trainers: statipo15 - statipo21 - statipo12
2024-03-01 23:30:52,707 - EXECUT - INFO - received weights from trainer statipo12!
2024-03-01 23:30:52,895 - EXECUT - INFO - received weights from trainer statipo15!
2024-03-01 23:30:52,949 - EXECUT - INFO - received weights from trainer statipo21!
2024-03-01 23:30:53,673 - EXECUT - INFO - sent aggregated weights to trainers!
2024-03-01 23:30:53,824 - METRIC - INFO - statipo12 loss: 0.10835586488246918 - accuracy: 0.9712643623352051
2024-03-01 23:30:53,844 - METRIC - INFO - statipo11 loss: 0.34531456232070923 - accuracy: 0.8685897588729858
2024-03-01 23:30:53,854 - METRIC - INFO - statipo21 loss: 0.12392554432153702 - accuracy: 0.9574779868125916
2024-03-01 23:30:53,871 - METRIC - INFO - statipo14 loss: 0.18858899176120758 - accuracy: 0.9293785095214844
2024-03-01 23:30:53,873 - METRIC - INFO - statipo13 loss: 3.370833396911621 - accuracy: 0.46794870495796204
2024-03-01 23:30:53,876 - METRIC - INFO - statipo15 loss: 0.06839282810688019 - accuracy: 0.9772357940673828
2024-03-01 23:30:54,675 - METRIC - INFO - mean_accuracy: 0.8619825194279352

2024-03-01 23:30:54,675 - METRIC - INFO - round: 17
2024-03-01 23:30:54,676 - METRIC - INFO - n_selected: 3
2024-03-01 23:30:54,676 - METRIC - INFO - selected_trainers: statipo14 - statipo11 - statipo21
2024-03-01 23:30:57,905 - EXECUT - INFO - received weights from trainer statipo11!
2024-03-01 23:30:58,158 - EXECUT - INFO - received weights from trainer statipo14!
2024-03-01 23:31:00,014 - EXECUT - INFO - received weights from trainer statipo21!
2024-03-01 23:31:00,784 - EXECUT - INFO - sent aggregated weights to trainers!
2024-03-01 23:31:00,934 - METRIC - INFO - statipo12 loss: 1.691608190536499 - accuracy: 0.5344827771186829
2024-03-01 23:31:00,938 - METRIC - INFO - statipo13 loss: 4.103842258453369 - accuracy: 0.45769229531288147
2024-03-01 23:31:00,941 - METRIC - INFO - statipo21 loss: 0.10534749925136566 - accuracy: 0.9560117125511169
2024-03-01 23:31:00,943 - METRIC - INFO - statipo15 loss: 1.279450535774231 - accuracy: 0.6764227747917175
2024-03-01 23:31:00,956 - METRIC - INFO - statipo11 loss: 0.0680558979511261 - accuracy: 0.9807692170143127
2024-03-01 23:31:00,968 - METRIC - INFO - statipo14 loss: 0.06693348288536072 - accuracy: 0.9717513918876648
2024-03-01 23:31:01,787 - METRIC - INFO - mean_accuracy: 0.7628550281127294

2024-03-01 23:31:01,787 - METRIC - INFO - round: 18
2024-03-01 23:31:01,787 - METRIC - INFO - n_selected: 3
2024-03-01 23:31:01,787 - METRIC - INFO - selected_trainers: statipo15 - statipo11 - statipo13
2024-03-01 23:31:05,448 - EXECUT - INFO - received weights from trainer statipo11!
2024-03-01 23:31:05,511 - EXECUT - INFO - received weights from trainer statipo15!
2024-03-01 23:31:05,969 - EXECUT - INFO - received weights from trainer statipo13!
2024-03-01 23:31:06,881 - EXECUT - INFO - sent aggregated weights to trainers!
2024-03-01 23:31:07,023 - METRIC - INFO - statipo11 loss: 0.05725684389472008 - accuracy: 0.9855769276618958
2024-03-01 23:31:07,039 - METRIC - INFO - statipo14 loss: 0.21946614980697632 - accuracy: 0.9223163723945618
2024-03-01 23:31:07,046 - METRIC - INFO - statipo15 loss: 0.06748698651790619 - accuracy: 0.9788618087768555
2024-03-01 23:31:07,051 - METRIC - INFO - statipo12 loss: 2.9141812324523926 - accuracy: 0.3888888955116272
2024-03-01 23:31:07,060 - METRIC - INFO - statipo13 loss: 0.20931945741176605 - accuracy: 0.9166666865348816
2024-03-01 23:31:07,061 - METRIC - INFO - statipo21 loss: 0.7157491445541382 - accuracy: 0.7785923480987549
2024-03-01 23:31:07,882 - METRIC - INFO - mean_accuracy: 0.8284838398297628

2024-03-01 23:31:07,882 - METRIC - INFO - round: 19
2024-03-01 23:31:07,883 - METRIC - INFO - n_selected: 3
2024-03-01 23:31:07,883 - METRIC - INFO - selected_trainers: statipo21 - statipo11 - statipo15
2024-03-01 23:31:11,114 - EXECUT - INFO - received weights from trainer statipo15!
2024-03-01 23:31:11,214 - EXECUT - INFO - received weights from trainer statipo21!
2024-03-01 23:31:13,224 - EXECUT - INFO - received weights from trainer statipo11!
2024-03-01 23:31:13,975 - EXECUT - INFO - sent aggregated weights to trainers!
2024-03-01 23:31:14,110 - METRIC - INFO - statipo12 loss: 2.9955456256866455 - accuracy: 0.33141762018203735
2024-03-01 23:31:14,121 - METRIC - INFO - statipo21 loss: 0.16817443072795868 - accuracy: 0.9428152441978455
2024-03-01 23:31:14,128 - METRIC - INFO - statipo14 loss: 0.2297842800617218 - accuracy: 0.909604549407959
2024-03-01 23:31:14,128 - METRIC - INFO - statipo15 loss: 0.0570085234940052 - accuracy: 0.9821138381958008
2024-03-01 23:31:14,153 - METRIC - INFO - statipo13 loss: 1.5025858879089355 - accuracy: 0.5961538553237915
2024-03-01 23:31:14,154 - METRIC - INFO - statipo11 loss: 0.05752170830965042 - accuracy: 0.9855769276618958
2024-03-01 23:31:14,978 - METRIC - INFO - mean_accuracy: 0.7912803391615549

2024-03-01 23:31:14,978 - METRIC - INFO - round: 20
2024-03-01 23:31:14,979 - METRIC - INFO - n_selected: 3
2024-03-01 23:31:14,979 - METRIC - INFO - selected_trainers: statipo14 - statipo12 - statipo13
2024-03-01 23:31:19,088 - EXECUT - INFO - received weights from trainer statipo12!
2024-03-01 23:31:20,086 - EXECUT - INFO - received weights from trainer statipo14!
2024-03-01 23:31:20,182 - EXECUT - INFO - received weights from trainer statipo13!
2024-03-01 23:31:21,104 - EXECUT - INFO - sent aggregated weights to trainers!
2024-03-01 23:31:21,252 - METRIC - INFO - statipo12 loss: 0.08979234844446182 - accuracy: 0.977011501789093
2024-03-01 23:31:21,258 - METRIC - INFO - statipo11 loss: 0.38512536883354187 - accuracy: 0.870192289352417
2024-03-01 23:31:21,279 - METRIC - INFO - statipo14 loss: 0.05030088499188423 - accuracy: 0.9816384315490723
2024-03-01 23:31:21,286 - METRIC - INFO - statipo15 loss: 0.5552919507026672 - accuracy: 0.842276394367218
2024-03-01 23:31:21,286 - METRIC - INFO - statipo21 loss: 0.8822769522666931 - accuracy: 0.7507331371307373
2024-03-01 23:31:21,287 - METRIC - INFO - statipo13 loss: 0.25649765133857727 - accuracy: 0.8820512890815735
2024-03-01 23:31:22,105 - METRIC - INFO - mean_accuracy: 0.8839838405450186

2024-03-01 23:31:22,106 - METRIC - INFO - round: 21
2024-03-01 23:31:22,106 - METRIC - INFO - n_selected: 3
2024-03-01 23:31:22,106 - METRIC - INFO - selected_trainers: statipo13 - statipo11 - statipo12
2024-03-01 23:31:25,557 - EXECUT - INFO - received weights from trainer statipo12!
2024-03-01 23:31:25,741 - EXECUT - INFO - received weights from trainer statipo11!
2024-03-01 23:31:26,098 - EXECUT - INFO - received weights from trainer statipo13!
2024-03-01 23:31:26,195 - EXECUT - INFO - sent aggregated weights to trainers!
2024-03-01 23:31:26,344 - METRIC - INFO - statipo12 loss: 0.09528171271085739 - accuracy: 0.975095808506012
2024-03-01 23:31:26,349 - METRIC - INFO - statipo11 loss: 0.0630602091550827 - accuracy: 0.9839743375778198
2024-03-01 23:31:26,362 - METRIC - INFO - statipo21 loss: 1.1186022758483887 - accuracy: 0.6847507357597351
2024-03-01 23:31:26,370 - METRIC - INFO - statipo14 loss: 0.28744634985923767 - accuracy: 0.8813559412956238
2024-03-01 23:31:26,383 - METRIC - INFO - statipo13 loss: 0.18431727588176727 - accuracy: 0.9346153736114502
2024-03-01 23:31:26,402 - METRIC - INFO - statipo15 loss: 1.9519132375717163 - accuracy: 0.5593495965003967
2024-03-01 23:31:27,197 - METRIC - INFO - mean_accuracy: 0.8365236322085062

2024-03-01 23:31:27,197 - METRIC - INFO - round: 22
2024-03-01 23:31:27,197 - METRIC - INFO - n_selected: 3
2024-03-01 23:31:27,197 - METRIC - INFO - selected_trainers: statipo15 - statipo14 - statipo11
2024-03-01 23:31:31,670 - EXECUT - INFO - received weights from trainer statipo11!
2024-03-01 23:31:31,725 - EXECUT - INFO - received weights from trainer statipo15!
2024-03-01 23:31:31,881 - EXECUT - INFO - received weights from trainer statipo14!
2024-03-01 23:31:32,291 - EXECUT - INFO - sent aggregated weights to trainers!
2024-03-01 23:31:32,425 - METRIC - INFO - statipo11 loss: 0.052877895534038544 - accuracy: 0.9839743375778198
2024-03-01 23:31:32,431 - METRIC - INFO - statipo12 loss: 0.903789222240448 - accuracy: 0.7126436829566956
2024-03-01 23:31:32,441 - METRIC - INFO - statipo13 loss: 0.3913484513759613 - accuracy: 0.8269230723381042
2024-03-01 23:31:32,442 - METRIC - INFO - statipo15 loss: 0.062339089810848236 - accuracy: 0.9756097793579102
2024-03-01 23:31:32,444 - METRIC - INFO - statipo21 loss: 1.5043038129806519 - accuracy: 0.6392961740493774
2024-03-01 23:31:32,467 - METRIC - INFO - statipo14 loss: 0.14712826907634735 - accuracy: 0.9618644118309021
2024-03-01 23:31:33,294 - METRIC - INFO - mean_accuracy: 0.8500519096851349

2024-03-01 23:31:33,294 - METRIC - INFO - round: 23
2024-03-01 23:31:33,294 - METRIC - INFO - n_selected: 3
2024-03-01 23:31:33,294 - METRIC - INFO - selected_trainers: statipo14 - statipo15 - statipo21
2024-03-01 23:31:35,936 - EXECUT - INFO - received weights from trainer statipo15!
2024-03-01 23:31:36,017 - EXECUT - INFO - received weights from trainer statipo21!
2024-03-01 23:31:36,108 - EXECUT - INFO - received weights from trainer statipo14!
2024-03-01 23:31:36,421 - EXECUT - INFO - sent aggregated weights to trainers!
2024-03-01 23:31:36,570 - METRIC - INFO - statipo11 loss: 0.21302291750907898 - accuracy: 0.9182692170143127
2024-03-01 23:31:36,572 - METRIC - INFO - statipo14 loss: 0.04179847985506058 - accuracy: 0.9844632744789124
2024-03-01 23:31:36,589 - METRIC - INFO - statipo13 loss: 1.008434772491455 - accuracy: 0.6769230961799622
2024-03-01 23:31:36,593 - METRIC - INFO - statipo12 loss: 1.740876317024231 - accuracy: 0.6053639650344849
2024-03-01 23:31:36,605 - METRIC - INFO - statipo15 loss: 0.06851541996002197 - accuracy: 0.9723577499389648
2024-03-01 23:31:36,608 - METRIC - INFO - statipo21 loss: 0.10220654308795929 - accuracy: 0.96334308385849
2024-03-01 23:31:37,423 - METRIC - INFO - mean_accuracy: 0.8534533977508545

2024-03-01 23:31:37,423 - METRIC - INFO - round: 24
2024-03-01 23:31:37,423 - METRIC - INFO - n_selected: 3
2024-03-01 23:31:37,424 - METRIC - INFO - selected_trainers: statipo11 - statipo14 - statipo13
2024-03-01 23:31:41,609 - EXECUT - INFO - received weights from trainer statipo11!
2024-03-01 23:31:41,883 - EXECUT - INFO - received weights from trainer statipo14!
2024-03-01 23:31:42,008 - EXECUT - INFO - received weights from trainer statipo13!
2024-03-01 23:31:42,516 - EXECUT - INFO - sent aggregated weights to trainers!
2024-03-01 23:31:42,665 - METRIC - INFO - statipo14 loss: 0.04916863515973091 - accuracy: 0.9802259802818298
2024-03-01 23:31:42,665 - METRIC - INFO - statipo21 loss: 0.8817076086997986 - accuracy: 0.7609970569610596
2024-03-01 23:31:42,682 - METRIC - INFO - statipo11 loss: 0.05539119988679886 - accuracy: 0.9807692170143127
2024-03-01 23:31:42,688 - METRIC - INFO - statipo12 loss: 2.1429123878479004 - accuracy: 0.5344827771186829
2024-03-01 23:31:42,693 - METRIC - INFO - statipo13 loss: 0.1400979459285736 - accuracy: 0.9358974099159241
2024-03-01 23:31:42,694 - METRIC - INFO - statipo15 loss: 0.7523855566978455 - accuracy: 0.7918699383735657
2024-03-01 23:31:43,518 - METRIC - INFO - mean_accuracy: 0.8307070632775625

2024-03-01 23:31:43,519 - METRIC - INFO - round: 25
2024-03-01 23:31:43,519 - METRIC - INFO - n_selected: 3
2024-03-01 23:31:43,519 - METRIC - INFO - selected_trainers: statipo14 - statipo13 - statipo21
2024-03-01 23:31:48,542 - EXECUT - INFO - received weights from trainer statipo21!
2024-03-01 23:31:48,619 - EXECUT - INFO - received weights from trainer statipo14!
2024-03-01 23:31:48,774 - EXECUT - INFO - received weights from trainer statipo13!
2024-03-01 23:31:49,625 - EXECUT - INFO - sent aggregated weights to trainers!
2024-03-01 23:31:49,768 - METRIC - INFO - statipo12 loss: 2.7640302181243896 - accuracy: 0.39846742153167725
2024-03-01 23:31:49,773 - METRIC - INFO - statipo21 loss: 0.09213333576917648 - accuracy: 0.9721407890319824
2024-03-01 23:31:49,795 - METRIC - INFO - statipo11 loss: 0.31436437368392944 - accuracy: 0.8878205418586731
2024-03-01 23:31:49,800 - METRIC - INFO - statipo15 loss: 1.1728930473327637 - accuracy: 0.7154471278190613
2024-03-01 23:31:49,801 - METRIC - INFO - statipo14 loss: 0.04490375146269798 - accuracy: 0.9816384315490723
2024-03-01 23:31:49,806 - METRIC - INFO - statipo13 loss: 0.1780920773744583 - accuracy: 0.9243589639663696
2024-03-01 23:31:50,627 - METRIC - INFO - mean_accuracy: 0.8133122126261393

2024-03-01 23:31:50,628 - METRIC - INFO - round: 26
2024-03-01 23:31:50,628 - METRIC - INFO - n_selected: 3
2024-03-01 23:31:50,628 - METRIC - INFO - selected_trainers: statipo11 - statipo14 - statipo13
2024-03-01 23:31:53,538 - EXECUT - INFO - received weights from trainer statipo11!
2024-03-01 23:31:53,797 - EXECUT - INFO - received weights from trainer statipo14!
2024-03-01 23:31:53,918 - EXECUT - INFO - received weights from trainer statipo13!
2024-03-01 23:31:54,720 - EXECUT - INFO - sent aggregated weights to trainers!
2024-03-01 23:31:54,853 - METRIC - INFO - statipo12 loss: 3.1239686012268066 - accuracy: 0.3735632300376892
2024-03-01 23:31:54,864 - METRIC - INFO - statipo11 loss: 0.054161034524440765 - accuracy: 0.9839743375778198
2024-03-01 23:31:54,870 - METRIC - INFO - statipo14 loss: 0.04373693838715553 - accuracy: 0.9830508232116699
2024-03-01 23:31:54,882 - METRIC - INFO - statipo21 loss: 0.5628516674041748 - accuracy: 0.8079178929328918
2024-03-01 23:31:54,883 - METRIC - INFO - statipo13 loss: 0.19673514366149902 - accuracy: 0.9128205180168152
2024-03-01 23:31:54,897 - METRIC - INFO - statipo15 loss: 2.3657078742980957 - accuracy: 0.56747967004776
2024-03-01 23:31:55,721 - METRIC - INFO - mean_accuracy: 0.7714677453041077

2024-03-01 23:31:55,721 - METRIC - INFO - round: 27
2024-03-01 23:31:55,722 - METRIC - INFO - n_selected: 3
2024-03-01 23:31:55,722 - METRIC - INFO - selected_trainers: statipo21 - statipo11 - statipo15
2024-03-01 23:31:59,306 - EXECUT - INFO - received weights from trainer statipo11!
2024-03-01 23:31:59,360 - EXECUT - INFO - received weights from trainer statipo15!
2024-03-01 23:31:59,448 - EXECUT - INFO - received weights from trainer statipo21!
2024-03-01 23:31:59,814 - EXECUT - INFO - sent aggregated weights to trainers!
2024-03-01 23:31:59,960 - METRIC - INFO - statipo12 loss: 3.6817755699157715 - accuracy: 0.34291186928749084
2024-03-01 23:31:59,963 - METRIC - INFO - statipo15 loss: 0.05376160889863968 - accuracy: 0.9837398529052734
2024-03-01 23:31:59,972 - METRIC - INFO - statipo11 loss: 0.05149288848042488 - accuracy: 0.9823718070983887
2024-03-01 23:31:59,972 - METRIC - INFO - statipo21 loss: 0.12217158824205399 - accuracy: 0.9560117125511169
2024-03-01 23:31:59,986 - METRIC - INFO - statipo13 loss: 0.42983537912368774 - accuracy: 0.8205128312110901
2024-03-01 23:32:00,034 - METRIC - INFO - statipo14 loss: 0.1200409010052681 - accuracy: 0.950564980506897
2024-03-01 23:32:00,815 - METRIC - INFO - mean_accuracy: 0.8393521755933762

2024-03-01 23:32:00,815 - METRIC - INFO - round: 28
2024-03-01 23:32:00,816 - METRIC - INFO - n_selected: 3
2024-03-01 23:32:00,816 - METRIC - INFO - selected_trainers: statipo12 - statipo14 - statipo13
2024-03-01 23:32:03,609 - EXECUT - INFO - received weights from trainer statipo14!
2024-03-01 23:32:03,665 - EXECUT - INFO - received weights from trainer statipo12!
2024-03-01 23:32:06,158 - EXECUT - INFO - received weights from trainer statipo13!
2024-03-01 23:32:06,924 - EXECUT - INFO - sent aggregated weights to trainers!
2024-03-01 23:32:07,094 - METRIC - INFO - statipo15 loss: 0.7739306688308716 - accuracy: 0.7983739972114563
2024-03-01 23:32:07,100 - METRIC - INFO - statipo11 loss: 0.2266560047864914 - accuracy: 0.9262820482254028
2024-03-01 23:32:07,101 - METRIC - INFO - statipo13 loss: 0.11144795268774033 - accuracy: 0.9538461565971375
2024-03-01 23:32:07,111 - METRIC - INFO - statipo14 loss: 0.03593107685446739 - accuracy: 0.9858757257461548
2024-03-01 23:32:07,116 - METRIC - INFO - statipo12 loss: 0.08580292016267776 - accuracy: 0.977011501789093
2024-03-01 23:32:07,188 - METRIC - INFO - statipo21 loss: 0.704634428024292 - accuracy: 0.7947214245796204
2024-03-01 23:32:07,925 - METRIC - INFO - mean_accuracy: 0.9060184756914774

2024-03-01 23:32:07,926 - METRIC - INFO - round: 29
2024-03-01 23:32:07,926 - METRIC - INFO - n_selected: 3
2024-03-01 23:32:07,926 - METRIC - INFO - selected_trainers: statipo13 - statipo11 - statipo12
2024-03-01 23:32:09,381 - EXECUT - INFO - received weights from trainer statipo11!
2024-03-01 23:32:09,437 - EXECUT - INFO - received weights from trainer statipo12!
2024-03-01 23:32:09,696 - EXECUT - INFO - received weights from trainer statipo13!
2024-03-01 23:32:10,015 - EXECUT - INFO - sent aggregated weights to trainers!
2024-03-01 23:32:10,158 - METRIC - INFO - statipo12 loss: 0.06991691887378693 - accuracy: 0.977011501789093
2024-03-01 23:32:10,164 - METRIC - INFO - statipo15 loss: 1.9725536108016968 - accuracy: 0.6081300973892212
2024-03-01 23:32:10,171 - METRIC - INFO - statipo14 loss: 0.14615072309970856 - accuracy: 0.9477401375770569
2024-03-01 23:32:10,192 - METRIC - INFO - statipo11 loss: 0.05381208285689354 - accuracy: 0.9807692170143127
2024-03-01 23:32:10,194 - METRIC - INFO - statipo13 loss: 0.14515577256679535 - accuracy: 0.9397435784339905
2024-03-01 23:32:10,234 - METRIC - INFO - statipo21 loss: 0.9110835790634155 - accuracy: 0.7536656856536865
2024-03-01 23:32:11,016 - METRIC - INFO - mean_accuracy: 0.8678433696428934

2024-03-01 23:32:11,017 - METRIC - INFO - round: 30
2024-03-01 23:32:11,017 - METRIC - INFO - n_selected: 3
2024-03-01 23:32:11,017 - METRIC - INFO - selected_trainers: statipo12 - statipo14 - statipo15
2024-03-01 23:32:12,488 - EXECUT - INFO - received weights from trainer statipo12!
2024-03-01 23:32:12,643 - EXECUT - INFO - received weights from trainer statipo15!
2024-03-01 23:32:12,792 - EXECUT - INFO - received weights from trainer statipo14!
2024-03-01 23:32:13,141 - EXECUT - INFO - sent aggregated weights to trainers!
2024-03-01 23:32:13,277 - METRIC - INFO - statipo11 loss: 0.3351786732673645 - accuracy: 0.8846153616905212
2024-03-01 23:32:13,285 - METRIC - INFO - statipo15 loss: 0.04592355340719223 - accuracy: 0.9821138381958008
2024-03-01 23:32:13,287 - METRIC - INFO - statipo13 loss: 0.25207483768463135 - accuracy: 0.8833333253860474
2024-03-01 23:32:13,290 - METRIC - INFO - statipo21 loss: 1.2987405061721802 - accuracy: 0.7140762209892273
2024-03-01 23:32:13,300 - METRIC - INFO - statipo14 loss: 0.04406203329563141 - accuracy: 0.9844632744789124
2024-03-01 23:32:13,313 - METRIC - INFO - statipo12 loss: 0.06277712434530258 - accuracy: 0.982758641242981
2024-03-01 23:32:14,144 - METRIC - INFO - mean_accuracy: 0.9052267769972483

2024-03-01 23:32:14,144 - METRIC - INFO - round: 31
2024-03-01 23:32:14,144 - METRIC - INFO - n_selected: 3
2024-03-01 23:32:14,144 - METRIC - INFO - selected_trainers: statipo21 - statipo13 - statipo12
2024-03-01 23:32:15,638 - EXECUT - INFO - received weights from trainer statipo12!
2024-03-01 23:32:15,825 - EXECUT - INFO - received weights from trainer statipo21!
2024-03-01 23:32:16,073 - EXECUT - INFO - received weights from trainer statipo13!
2024-03-01 23:32:16,240 - EXECUT - INFO - sent aggregated weights to trainers!
2024-03-01 23:32:16,415 - METRIC - INFO - statipo14 loss: 0.0891803726553917 - accuracy: 0.9675140976905823
2024-03-01 23:32:16,429 - METRIC - INFO - statipo15 loss: 0.7898020148277283 - accuracy: 0.790243923664093
2024-03-01 23:32:16,432 - METRIC - INFO - statipo21 loss: 0.08799909055233002 - accuracy: 0.9618768095970154
2024-03-01 23:32:16,437 - METRIC - INFO - statipo13 loss: 0.1066037192940712 - accuracy: 0.9538461565971375
2024-03-01 23:32:16,451 - METRIC - INFO - statipo12 loss: 0.06641268730163574 - accuracy: 0.984674334526062
2024-03-01 23:32:16,510 - METRIC - INFO - statipo11 loss: 0.5060508251190186 - accuracy: 0.8493589758872986
2024-03-01 23:32:17,241 - METRIC - INFO - mean_accuracy: 0.9179190496603647

2024-03-01 23:32:17,241 - METRIC - INFO - round: 32
2024-03-01 23:32:17,241 - METRIC - INFO - n_selected: 3
2024-03-01 23:32:17,241 - METRIC - INFO - selected_trainers: statipo13 - statipo15 - statipo12
2024-03-01 23:32:19,312 - EXECUT - INFO - received weights from trainer statipo12!
2024-03-01 23:32:19,518 - EXECUT - INFO - received weights from trainer statipo15!
2024-03-01 23:32:20,379 - EXECUT - INFO - received weights from trainer statipo13!
2024-03-01 23:32:21,364 - EXECUT - INFO - sent aggregated weights to trainers!
2024-03-01 23:32:21,505 - METRIC - INFO - statipo11 loss: 0.8853720426559448 - accuracy: 0.7900640964508057
2024-03-01 23:32:21,509 - METRIC - INFO - statipo12 loss: 0.05378834158182144 - accuracy: 0.9885057210922241
2024-03-01 23:32:21,519 - METRIC - INFO - statipo14 loss: 0.218263640999794 - accuracy: 0.9180790781974792
2024-03-01 23:32:21,520 - METRIC - INFO - statipo13 loss: 0.12020453065633774 - accuracy: 0.9551281929016113
2024-03-01 23:32:21,548 - METRIC - INFO - statipo15 loss: 0.09024272114038467 - accuracy: 0.9658536314964294
2024-03-01 23:32:21,556 - METRIC - INFO - statipo21 loss: 0.5156413316726685 - accuracy: 0.8152492642402649
2024-03-01 23:32:22,365 - METRIC - INFO - mean_accuracy: 0.9054799973964691

2024-03-01 23:32:22,366 - METRIC - INFO - round: 33
2024-03-01 23:32:22,366 - METRIC - INFO - n_selected: 3
2024-03-01 23:32:22,366 - METRIC - INFO - selected_trainers: statipo15 - statipo12 - statipo13
2024-03-01 23:32:24,896 - EXECUT - INFO - received weights from trainer statipo12!
2024-03-01 23:32:25,086 - EXECUT - INFO - received weights from trainer statipo15!
2024-03-01 23:32:25,441 - EXECUT - INFO - received weights from trainer statipo13!
2024-03-01 23:32:26,496 - EXECUT - INFO - sent aggregated weights to trainers!
2024-03-01 23:32:26,640 - METRIC - INFO - statipo11 loss: 0.8374812602996826 - accuracy: 0.807692289352417
2024-03-01 23:32:26,644 - METRIC - INFO - statipo12 loss: 0.05618329346179962 - accuracy: 0.982758641242981
2024-03-01 23:32:26,644 - METRIC - INFO - statipo15 loss: 0.042836226522922516 - accuracy: 0.9837398529052734
2024-03-01 23:32:26,648 - METRIC - INFO - statipo13 loss: 0.25068923830986023 - accuracy: 0.9141025543212891
2024-03-01 23:32:26,653 - METRIC - INFO - statipo21 loss: 0.6614851951599121 - accuracy: 0.7888563275337219
2024-03-01 23:32:26,671 - METRIC - INFO - statipo14 loss: 0.3115067481994629 - accuracy: 0.8771186470985413
2024-03-01 23:32:27,497 - METRIC - INFO - mean_accuracy: 0.892378052075704

2024-03-01 23:32:27,497 - METRIC - INFO - round: 34
2024-03-01 23:32:27,498 - METRIC - INFO - n_selected: 3
2024-03-01 23:32:27,498 - METRIC - INFO - selected_trainers: statipo21 - statipo12 - statipo13
2024-03-01 23:32:30,498 - EXECUT - INFO - received weights from trainer statipo12!
2024-03-01 23:32:30,736 - EXECUT - INFO - received weights from trainer statipo21!
2024-03-01 23:32:31,080 - EXECUT - INFO - received weights from trainer statipo13!
2024-03-01 23:32:31,594 - EXECUT - INFO - sent aggregated weights to trainers!
2024-03-01 23:32:31,736 - METRIC - INFO - statipo12 loss: 0.0742267370223999 - accuracy: 0.977011501789093
2024-03-01 23:32:31,742 - METRIC - INFO - statipo14 loss: 0.3702904284000397 - accuracy: 0.8601694703102112
2024-03-01 23:32:31,746 - METRIC - INFO - statipo15 loss: 0.4780609905719757 - accuracy: 0.8634146451950073
2024-03-01 23:32:31,748 - METRIC - INFO - statipo21 loss: 0.09278740733861923 - accuracy: 0.9677419066429138
2024-03-01 23:32:31,764 - METRIC - INFO - statipo13 loss: 0.1345922350883484 - accuracy: 0.9512820243835449
2024-03-01 23:32:31,765 - METRIC - INFO - statipo11 loss: 0.8609740138053894 - accuracy: 0.8108974099159241
2024-03-01 23:32:32,596 - METRIC - INFO - mean_accuracy: 0.9050861597061157

2024-03-01 23:32:32,596 - METRIC - INFO - round: 35
2024-03-01 23:32:32,596 - METRIC - INFO - n_selected: 3
2024-03-01 23:32:32,597 - METRIC - INFO - selected_trainers: statipo13 - statipo15 - statipo14
2024-03-01 23:32:35,432 - EXECUT - INFO - received weights from trainer statipo15!
2024-03-01 23:32:35,597 - EXECUT - INFO - received weights from trainer statipo14!
2024-03-01 23:32:35,721 - EXECUT - INFO - received weights from trainer statipo13!
2024-03-01 23:32:36,714 - EXECUT - INFO - sent aggregated weights to trainers!
2024-03-01 23:32:36,866 - METRIC - INFO - statipo14 loss: 0.04190540313720703 - accuracy: 0.9830508232116699
2024-03-01 23:32:36,873 - METRIC - INFO - statipo21 loss: 0.38430723547935486 - accuracy: 0.8563050031661987
2024-03-01 23:32:36,887 - METRIC - INFO - statipo13 loss: 0.14812670648097992 - accuracy: 0.9448717832565308
2024-03-01 23:32:36,891 - METRIC - INFO - statipo12 loss: 0.2056630700826645 - accuracy: 0.9425287246704102
2024-03-01 23:32:36,906 - METRIC - INFO - statipo15 loss: 0.04975023493170738 - accuracy: 0.9837398529052734
2024-03-01 23:32:36,954 - METRIC - INFO - statipo11 loss: 1.1234132051467896 - accuracy: 0.7612179517745972
2024-03-01 23:32:37,716 - METRIC - INFO - mean_accuracy: 0.9119523564974467

2024-03-01 23:32:37,716 - METRIC - INFO - round: 36
2024-03-01 23:32:37,716 - METRIC - INFO - n_selected: 3
2024-03-01 23:32:37,717 - METRIC - INFO - selected_trainers: statipo11 - statipo14 - statipo12
2024-03-01 23:32:39,156 - EXECUT - INFO - received weights from trainer statipo11!
2024-03-01 23:32:39,211 - EXECUT - INFO - received weights from trainer statipo12!
2024-03-01 23:32:40,455 - EXECUT - INFO - received weights from trainer statipo14!
2024-03-01 23:32:40,806 - EXECUT - INFO - sent aggregated weights to trainers!
2024-03-01 23:32:40,980 - METRIC - INFO - statipo11 loss: 0.0574001669883728 - accuracy: 0.9823718070983887
2024-03-01 23:32:40,997 - METRIC - INFO - statipo13 loss: 0.19060742855072021 - accuracy: 0.9230769276618958
2024-03-01 23:32:40,999 - METRIC - INFO - statipo14 loss: 0.043344464153051376 - accuracy: 0.9816384315490723
2024-03-01 23:32:41,016 - METRIC - INFO - statipo21 loss: 0.567274272441864 - accuracy: 0.803519070148468
2024-03-01 23:32:41,019 - METRIC - INFO - statipo12 loss: 0.07234185189008713 - accuracy: 0.977011501789093
2024-03-01 23:32:41,048 - METRIC - INFO - statipo15 loss: 0.4294804334640503 - accuracy: 0.869918704032898
2024-03-01 23:32:41,808 - METRIC - INFO - mean_accuracy: 0.9229227403799692

2024-03-01 23:32:41,808 - METRIC - INFO - round: 37
2024-03-01 23:32:41,808 - METRIC - INFO - n_selected: 3
2024-03-01 23:32:41,809 - METRIC - INFO - selected_trainers: statipo13 - statipo15 - statipo14
2024-03-01 23:32:43,484 - EXECUT - INFO - received weights from trainer statipo14!
2024-03-01 23:32:43,631 - EXECUT - INFO - received weights from trainer statipo13!
2024-03-01 23:32:44,561 - EXECUT - INFO - received weights from trainer statipo15!
2024-03-01 23:32:44,898 - EXECUT - INFO - sent aggregated weights to trainers!
2024-03-01 23:32:45,045 - METRIC - INFO - statipo12 loss: 0.4122353494167328 - accuracy: 0.8888888955116272
2024-03-01 23:32:45,050 - METRIC - INFO - statipo13 loss: 0.10762687027454376 - accuracy: 0.9564102292060852
2024-03-01 23:32:45,072 - METRIC - INFO - statipo11 loss: 0.4940953254699707 - accuracy: 0.8589743375778198
2024-03-01 23:32:45,074 - METRIC - INFO - statipo15 loss: 0.059415485709905624 - accuracy: 0.9772357940673828
2024-03-01 23:32:45,079 - METRIC - INFO - statipo14 loss: 0.0442805252969265 - accuracy: 0.9816384315490723
2024-03-01 23:32:45,082 - METRIC - INFO - statipo21 loss: 0.9440600872039795 - accuracy: 0.7609970569610596
2024-03-01 23:32:45,899 - METRIC - INFO - mean_accuracy: 0.9040241241455078

2024-03-01 23:32:45,899 - METRIC - INFO - round: 38
2024-03-01 23:32:45,900 - METRIC - INFO - n_selected: 3
2024-03-01 23:32:45,900 - METRIC - INFO - selected_trainers: statipo12 - statipo21 - statipo15
2024-03-01 23:32:48,739 - EXECUT - INFO - received weights from trainer statipo12!
2024-03-01 23:32:49,012 - EXECUT - INFO - received weights from trainer statipo21!
2024-03-01 23:32:51,245 - EXECUT - INFO - received weights from trainer statipo15!
2024-03-01 23:32:52,017 - EXECUT - INFO - sent aggregated weights to trainers!
2024-03-01 23:32:52,155 - METRIC - INFO - statipo12 loss: 0.0601029172539711 - accuracy: 0.982758641242981
2024-03-01 23:32:52,160 - METRIC - INFO - statipo13 loss: 0.20195600390434265 - accuracy: 0.9102563858032227
2024-03-01 23:32:52,165 - METRIC - INFO - statipo14 loss: 0.08254803717136383 - accuracy: 0.9661017060279846
2024-03-01 23:32:52,167 - METRIC - INFO - statipo21 loss: 0.10253334790468216 - accuracy: 0.9618768095970154
2024-03-01 23:32:52,200 - METRIC - INFO - statipo15 loss: 0.09344282001256943 - accuracy: 0.9691057205200195
2024-03-01 23:32:52,202 - METRIC - INFO - statipo11 loss: 0.5321059226989746 - accuracy: 0.8445512652397156
2024-03-01 23:32:53,020 - METRIC - INFO - mean_accuracy: 0.9391084214051565

2024-03-01 23:32:53,020 - METRIC - INFO - round: 39
2024-03-01 23:32:53,020 - METRIC - INFO - n_selected: 3
2024-03-01 23:32:53,020 - METRIC - INFO - selected_trainers: statipo14 - statipo15 - statipo12
2024-03-01 23:32:56,316 - EXECUT - INFO - received weights from trainer statipo12!
2024-03-01 23:32:56,491 - EXECUT - INFO - received weights from trainer statipo15!
2024-03-01 23:32:56,676 - EXECUT - INFO - received weights from trainer statipo14!
2024-03-01 23:32:57,112 - EXECUT - INFO - sent aggregated weights to trainers!
2024-03-01 23:32:57,258 - METRIC - INFO - statipo14 loss: 0.05017774552106857 - accuracy: 0.9816384315490723
2024-03-01 23:32:57,261 - METRIC - INFO - statipo13 loss: 0.2814880907535553 - accuracy: 0.8782051205635071
2024-03-01 23:32:57,267 - METRIC - INFO - statipo21 loss: 0.34710726141929626 - accuracy: 0.8709677457809448
2024-03-01 23:32:57,279 - METRIC - INFO - statipo11 loss: 0.7555555105209351 - accuracy: 0.8125
2024-03-01 23:32:57,294 - METRIC - INFO - statipo15 loss: 0.08150304853916168 - accuracy: 0.9691057205200195
2024-03-01 23:32:57,333 - METRIC - INFO - statipo12 loss: 0.048844002187252045 - accuracy: 0.99042147397995
2024-03-01 23:32:58,115 - METRIC - INFO - mean_accuracy: 0.9171397487322489

2024-03-01 23:32:58,115 - METRIC - INFO - round: 40
2024-03-01 23:32:58,115 - METRIC - INFO - n_selected: 3
2024-03-01 23:32:58,115 - METRIC - INFO - selected_trainers: statipo21 - statipo11 - statipo14
2024-03-01 23:33:01,046 - EXECUT - INFO - received weights from trainer statipo11!
2024-03-01 23:33:01,169 - EXECUT - INFO - received weights from trainer statipo21!
2024-03-01 23:33:01,222 - EXECUT - INFO - received weights from trainer statipo14!
2024-03-01 23:33:02,252 - EXECUT - INFO - sent aggregated weights to trainers!
2024-03-01 23:33:02,390 - METRIC - INFO - statipo12 loss: 0.202080637216568 - accuracy: 0.9367815852165222
2024-03-01 23:33:02,400 - METRIC - INFO - statipo21 loss: 0.10212232917547226 - accuracy: 0.9662756323814392
2024-03-01 23:33:02,402 - METRIC - INFO - statipo13 loss: 0.4563208520412445 - accuracy: 0.8333333134651184
2024-03-01 23:33:02,410 - METRIC - INFO - statipo14 loss: 0.03511606156826019 - accuracy: 0.9887005686759949
2024-03-01 23:33:02,420 - METRIC - INFO - statipo11 loss: 0.051433973014354706 - accuracy: 0.9823718070983887
2024-03-01 23:33:02,430 - METRIC - INFO - statipo15 loss: 0.24481575191020966 - accuracy: 0.925203263759613
2024-03-01 23:33:03,254 - METRIC - INFO - mean_accuracy: 0.9387776950995127

2024-03-01 23:33:03,254 - METRIC - INFO - round: 41
2024-03-01 23:33:03,255 - METRIC - INFO - n_selected: 3
2024-03-01 23:33:03,255 - METRIC - INFO - selected_trainers: statipo15 - statipo13 - statipo14
2024-03-01 23:33:07,920 - EXECUT - INFO - received weights from trainer statipo15!
2024-03-01 23:33:08,289 - EXECUT - INFO - received weights from trainer statipo14!
2024-03-01 23:33:08,409 - EXECUT - INFO - received weights from trainer statipo13!
2024-03-01 23:33:09,370 - EXECUT - INFO - sent aggregated weights to trainers!
2024-03-01 23:33:09,512 - METRIC - INFO - statipo21 loss: 0.3494705557823181 - accuracy: 0.8753665685653687
2024-03-01 23:33:09,516 - METRIC - INFO - statipo15 loss: 0.0522407703101635 - accuracy: 0.9804878234863281
2024-03-01 23:33:09,521 - METRIC - INFO - statipo13 loss: 0.10486962646245956 - accuracy: 0.9538461565971375
2024-03-01 23:33:09,524 - METRIC - INFO - statipo14 loss: 0.09112413972616196 - accuracy: 0.9717513918876648
2024-03-01 23:33:09,543 - METRIC - INFO - statipo11 loss: 0.4286338686943054 - accuracy: 0.8509615659713745
2024-03-01 23:33:09,543 - METRIC - INFO - statipo12 loss: 0.5325866937637329 - accuracy: 0.8544061183929443
2024-03-01 23:33:10,373 - METRIC - INFO - mean_accuracy: 0.9144699374834696

2024-03-01 23:33:10,373 - METRIC - INFO - round: 42
2024-03-01 23:33:10,373 - METRIC - INFO - n_selected: 3
2024-03-01 23:33:10,374 - METRIC - INFO - selected_trainers: statipo21 - statipo12 - statipo13
2024-03-01 23:33:15,700 - EXECUT - INFO - received weights from trainer statipo12!
2024-03-01 23:33:15,755 - EXECUT - INFO - received weights from trainer statipo21!
2024-03-01 23:33:15,808 - EXECUT - INFO - received weights from trainer statipo13!
2024-03-01 23:33:16,468 - EXECUT - INFO - sent aggregated weights to trainers!
2024-03-01 23:33:16,608 - METRIC - INFO - statipo12 loss: 0.04611886665225029 - accuracy: 0.9885057210922241
2024-03-01 23:33:16,614 - METRIC - INFO - statipo21 loss: 0.08121373504400253 - accuracy: 0.9765396118164062
2024-03-01 23:33:16,620 - METRIC - INFO - statipo13 loss: 0.08813847601413727 - accuracy: 0.964102566242218
2024-03-01 23:33:16,636 - METRIC - INFO - statipo11 loss: 0.47101858258247375 - accuracy: 0.8493589758872986
2024-03-01 23:33:16,644 - METRIC - INFO - statipo15 loss: 0.2649320363998413 - accuracy: 0.9203252196311951
2024-03-01 23:33:16,660 - METRIC - INFO - statipo14 loss: 0.0792258158326149 - accuracy: 0.9717513918876648
2024-03-01 23:33:17,470 - METRIC - INFO - mean_accuracy: 0.9450972477595011

2024-03-01 23:33:17,471 - METRIC - INFO - round: 43
2024-03-01 23:33:17,471 - METRIC - INFO - n_selected: 3
2024-03-01 23:33:17,471 - METRIC - INFO - selected_trainers: statipo21 - statipo11 - statipo14
2024-03-01 23:33:21,543 - EXECUT - INFO - received weights from trainer statipo21!
2024-03-01 23:33:21,628 - EXECUT - INFO - received weights from trainer statipo14!
2024-03-01 23:33:22,771 - EXECUT - INFO - received weights from trainer statipo11!
2024-03-01 23:33:23,565 - EXECUT - INFO - sent aggregated weights to trainers!
2024-03-01 23:33:23,704 - METRIC - INFO - statipo11 loss: 0.057792045176029205 - accuracy: 0.9791666865348816
2024-03-01 23:33:23,710 - METRIC - INFO - statipo15 loss: 0.704848051071167 - accuracy: 0.8097561001777649
2024-03-01 23:33:23,710 - METRIC - INFO - statipo21 loss: 0.14027093350887299 - accuracy: 0.9560117125511169
2024-03-01 23:33:23,714 - METRIC - INFO - statipo13 loss: 0.12433364987373352 - accuracy: 0.9487179517745972
2024-03-01 23:33:23,714 - METRIC - INFO - statipo14 loss: 0.13693810999393463 - accuracy: 0.950564980506897
2024-03-01 23:33:23,734 - METRIC - INFO - statipo12 loss: 0.23434703052043915 - accuracy: 0.938697338104248
2024-03-01 23:33:24,566 - METRIC - INFO - mean_accuracy: 0.9304857949415842

2024-03-01 23:33:24,566 - METRIC - INFO - round: 44
2024-03-01 23:33:24,567 - METRIC - INFO - n_selected: 3
2024-03-01 23:33:24,567 - METRIC - INFO - selected_trainers: statipo13 - statipo12 - statipo21
2024-03-01 23:33:28,264 - EXECUT - INFO - received weights from trainer statipo12!
2024-03-01 23:33:28,652 - EXECUT - INFO - received weights from trainer statipo21!
2024-03-01 23:33:28,923 - EXECUT - INFO - received weights from trainer statipo13!
2024-03-01 23:33:29,670 - EXECUT - INFO - sent aggregated weights to trainers!
2024-03-01 23:33:29,812 - METRIC - INFO - statipo12 loss: 0.060885995626449585 - accuracy: 0.984674334526062
2024-03-01 23:33:29,838 - METRIC - INFO - statipo11 loss: 0.3268923759460449 - accuracy: 0.8814102411270142
2024-03-01 23:33:29,844 - METRIC - INFO - statipo14 loss: 0.0829598680138588 - accuracy: 0.9646892547607422
2024-03-01 23:33:29,848 - METRIC - INFO - statipo13 loss: 0.08505376428365707 - accuracy: 0.9679487347602844
2024-03-01 23:33:29,850 - METRIC - INFO - statipo21 loss: 0.10050465166568756 - accuracy: 0.9721407890319824
2024-03-01 23:33:29,888 - METRIC - INFO - statipo15 loss: 0.7093142867088318 - accuracy: 0.8113821148872375
2024-03-01 23:33:30,672 - METRIC - INFO - mean_accuracy: 0.9303742448488871

2024-03-01 23:33:30,672 - METRIC - INFO - round: 45
2024-03-01 23:33:30,672 - METRIC - INFO - n_selected: 3
2024-03-01 23:33:30,672 - METRIC - INFO - selected_trainers: statipo11 - statipo21 - statipo15
2024-03-01 23:33:34,437 - EXECUT - INFO - received weights from trainer statipo11!
2024-03-01 23:33:34,568 - EXECUT - INFO - received weights from trainer statipo21!
2024-03-01 23:33:36,042 - EXECUT - INFO - received weights from trainer statipo15!
2024-03-01 23:33:36,769 - EXECUT - INFO - sent aggregated weights to trainers!
2024-03-01 23:33:36,917 - METRIC - INFO - statipo13 loss: 0.1244172528386116 - accuracy: 0.9448717832565308
2024-03-01 23:33:36,917 - METRIC - INFO - statipo21 loss: 0.08868494629859924 - accuracy: 0.9706745147705078
2024-03-01 23:33:36,935 - METRIC - INFO - statipo11 loss: 0.05382885783910751 - accuracy: 0.9807692170143127
2024-03-01 23:33:36,941 - METRIC - INFO - statipo12 loss: 0.23392219841480255 - accuracy: 0.9367815852165222
2024-03-01 23:33:36,942 - METRIC - INFO - statipo15 loss: 0.04843316599726677 - accuracy: 0.9804878234863281
2024-03-01 23:33:36,946 - METRIC - INFO - statipo14 loss: 0.18300238251686096 - accuracy: 0.9406779408454895
2024-03-01 23:33:37,771 - METRIC - INFO - mean_accuracy: 0.9590438107649485

2024-03-01 23:33:37,772 - METRIC - INFO - round: 46
2024-03-01 23:33:37,772 - METRIC - INFO - n_selected: 3
2024-03-01 23:33:37,772 - METRIC - INFO - selected_trainers: statipo13 - statipo14 - statipo15
2024-03-01 23:33:42,795 - EXECUT - INFO - received weights from trainer statipo15!
2024-03-01 23:33:43,002 - EXECUT - INFO - received weights from trainer statipo14!
2024-03-01 23:33:43,107 - EXECUT - INFO - received weights from trainer statipo13!
2024-03-01 23:33:43,877 - EXECUT - INFO - sent aggregated weights to trainers!
2024-03-01 23:33:44,022 - METRIC - INFO - statipo12 loss: 0.39817994832992554 - accuracy: 0.8812260627746582
2024-03-01 23:33:44,025 - METRIC - INFO - statipo14 loss: 0.045951951295137405 - accuracy: 0.9858757257461548
2024-03-01 23:33:44,027 - METRIC - INFO - statipo13 loss: 0.08160081505775452 - accuracy: 0.9679487347602844
2024-03-01 23:33:44,038 - METRIC - INFO - statipo15 loss: 0.041006263345479965 - accuracy: 0.9853658676147461
2024-03-01 23:33:44,045 - METRIC - INFO - statipo21 loss: 0.19960415363311768 - accuracy: 0.9178885817527771
2024-03-01 23:33:44,046 - METRIC - INFO - statipo11 loss: 0.18912148475646973 - accuracy: 0.9342948794364929
2024-03-01 23:33:44,880 - METRIC - INFO - mean_accuracy: 0.9454333086808523

2024-03-01 23:33:44,880 - METRIC - INFO - round: 47
2024-03-01 23:33:44,880 - METRIC - INFO - n_selected: 3
2024-03-01 23:33:44,880 - METRIC - INFO - selected_trainers: statipo13 - statipo15 - statipo11
2024-03-01 23:33:49,438 - EXECUT - INFO - received weights from trainer statipo11!
2024-03-01 23:33:50,115 - EXECUT - INFO - received weights from trainer statipo13!
2024-03-01 23:33:50,264 - EXECUT - INFO - received weights from trainer statipo15!
2024-03-01 23:33:50,973 - EXECUT - INFO - sent aggregated weights to trainers!
2024-03-01 23:33:51,121 - METRIC - INFO - statipo14 loss: 0.08022424578666687 - accuracy: 0.9675140976905823
2024-03-01 23:33:51,126 - METRIC - INFO - statipo13 loss: 0.18312962353229523 - accuracy: 0.9358974099159241
2024-03-01 23:33:51,144 - METRIC - INFO - statipo11 loss: 0.06004909425973892 - accuracy: 0.9839743375778198
2024-03-01 23:33:51,149 - METRIC - INFO - statipo12 loss: 0.451107919216156 - accuracy: 0.8697317838668823
2024-03-01 23:33:51,150 - METRIC - INFO - statipo15 loss: 0.03847203031182289 - accuracy: 0.9869918823242188
2024-03-01 23:33:51,151 - METRIC - INFO - statipo21 loss: 0.2355535328388214 - accuracy: 0.9061583280563354
2024-03-01 23:33:51,976 - METRIC - INFO - mean_accuracy: 0.9417113065719604

2024-03-01 23:33:51,976 - METRIC - INFO - round: 48
2024-03-01 23:33:51,977 - METRIC - INFO - n_selected: 3
2024-03-01 23:33:51,977 - METRIC - INFO - selected_trainers: statipo12 - statipo21 - statipo11
2024-03-01 23:33:55,615 - EXECUT - INFO - received weights from trainer statipo12!
2024-03-01 23:33:55,769 - EXECUT - INFO - received weights from trainer statipo11!
2024-03-01 23:33:55,908 - EXECUT - INFO - received weights from trainer statipo21!
2024-03-01 23:33:56,103 - EXECUT - INFO - sent aggregated weights to trainers!
2024-03-01 23:33:56,243 - METRIC - INFO - statipo12 loss: 0.05267224833369255 - accuracy: 0.984674334526062
2024-03-01 23:33:56,247 - METRIC - INFO - statipo11 loss: 0.052178747951984406 - accuracy: 0.9855769276618958
2024-03-01 23:33:56,251 - METRIC - INFO - statipo15 loss: 0.11902166903018951 - accuracy: 0.9691057205200195
2024-03-01 23:33:56,254 - METRIC - INFO - statipo13 loss: 0.14086753129959106 - accuracy: 0.9371795058250427
2024-03-01 23:33:56,257 - METRIC - INFO - statipo21 loss: 0.08474649488925934 - accuracy: 0.9765396118164062
2024-03-01 23:33:56,276 - METRIC - INFO - statipo14 loss: 0.09727175533771515 - accuracy: 0.9689265489578247
2024-03-01 23:33:57,105 - METRIC - INFO - mean_accuracy: 0.9703337748845419

2024-03-01 23:33:57,105 - METRIC - INFO - stop_condition: accuracy
