2024-03-06 01:03:47,963 - EXECUT - INFO - starting server...
2024-03-06 01:04:00,596 - EXECUT - INFO - trainer number statipo12 just joined the pool
2024-03-06 01:04:00,644 - EXECUT - INFO - trainer number statipo13 just joined the pool
2024-03-06 01:04:00,644 - EXECUT - INFO - trainer number statipo15 just joined the pool
2024-03-06 01:04:00,646 - EXECUT - INFO - trainer number statipo21 just joined the pool
2024-03-06 01:04:00,692 - EXECUT - INFO - trainer number statipo14 just joined the pool
2024-03-06 01:04:00,693 - EXECUT - INFO - trainer number statipo11 just joined the pool
2024-03-06 01:04:00,976 - METRIC - INFO - round: 1
2024-03-06 01:04:00,976 - METRIC - INFO - n_selected: 3
2024-03-06 01:04:00,976 - METRIC - INFO - selected_trainers: statipo14 - statipo13 - statipo11
2024-03-06 01:04:03,777 - EXECUT - INFO - received weights from trainer statipo14!
2024-03-06 01:04:03,831 - EXECUT - INFO - received weights from trainer statipo13!
2024-03-06 01:04:04,258 - EXECUT - INFO - received weights from trainer statipo11!
2024-03-06 01:04:05,069 - EXECUT - INFO - sent aggregated weights to trainers!
2024-03-06 01:04:06,512 - METRIC - INFO - statipo14 loss: 0.08163934201002121 - accuracy: 0.9675140976905823
2024-03-06 01:04:06,533 - METRIC - INFO - statipo11 loss: 0.11154063791036606 - accuracy: 0.9583333134651184
2024-03-06 01:04:06,542 - METRIC - INFO - statipo15 loss: 23.502588272094727 - accuracy: 0.2341463416814804
2024-03-06 01:04:06,543 - METRIC - INFO - statipo21 loss: 28.543357849121094 - accuracy: 0.10703812539577484
2024-03-06 01:04:06,544 - METRIC - INFO - statipo13 loss: 0.23044481873512268 - accuracy: 0.9115384817123413
2024-03-06 01:04:06,591 - METRIC - INFO - statipo12 loss: 18.780385971069336 - accuracy: 0.2145593911409378
2024-03-06 01:04:07,073 - METRIC - INFO - mean_accuracy: 0.5655216251810392

2024-03-06 01:04:07,073 - METRIC - INFO - round: 2
2024-03-06 01:04:07,074 - METRIC - INFO - n_selected: 3
2024-03-06 01:04:07,074 - METRIC - INFO - selected_trainers: statipo11 - statipo15 - statipo13
2024-03-06 01:04:09,347 - EXECUT - INFO - received weights from trainer statipo11!
2024-03-06 01:04:09,478 - EXECUT - INFO - received weights from trainer statipo13!
2024-03-06 01:04:09,619 - EXECUT - INFO - received weights from trainer statipo15!
2024-03-06 01:04:10,163 - EXECUT - INFO - sent aggregated weights to trainers!
2024-03-06 01:04:11,652 - METRIC - INFO - statipo12 loss: 2.5931897163391113 - accuracy: 0.18773946166038513
2024-03-06 01:04:11,664 - METRIC - INFO - statipo21 loss: 2.470017671585083 - accuracy: 0.23900292813777924
2024-03-06 01:04:11,673 - METRIC - INFO - statipo14 loss: 2.0752432346343994 - accuracy: 0.21045197546482086
2024-03-06 01:04:11,677 - METRIC - INFO - statipo11 loss: 0.2703813314437866 - accuracy: 0.8942307829856873
2024-03-06 01:04:11,682 - METRIC - INFO - statipo15 loss: 0.24076175689697266 - accuracy: 0.9073171019554138
2024-03-06 01:04:11,699 - METRIC - INFO - statipo13 loss: 0.31598609685897827 - accuracy: 0.8884615302085876
2024-03-06 01:04:12,165 - METRIC - INFO - mean_accuracy: 0.5545339634021124

2024-03-06 01:04:12,165 - METRIC - INFO - round: 3
2024-03-06 01:04:12,165 - METRIC - INFO - n_selected: 3
2024-03-06 01:04:12,165 - METRIC - INFO - selected_trainers: statipo11 - statipo14 - statipo13
2024-03-06 01:04:14,838 - EXECUT - INFO - received weights from trainer statipo14!
2024-03-06 01:04:14,892 - EXECUT - INFO - received weights from trainer statipo13!
2024-03-06 01:04:14,945 - EXECUT - INFO - received weights from trainer statipo11!
2024-03-06 01:04:15,253 - EXECUT - INFO - sent aggregated weights to trainers!
2024-03-06 01:04:16,713 - METRIC - INFO - statipo12 loss: 2.4240245819091797 - accuracy: 0.2068965584039688
2024-03-06 01:04:16,736 - METRIC - INFO - statipo14 loss: 0.13717567920684814 - accuracy: 0.9519773721694946
2024-03-06 01:04:16,746 - METRIC - INFO - statipo21 loss: 1.6082332134246826 - accuracy: 0.4340175986289978
2024-03-06 01:04:16,747 - METRIC - INFO - statipo13 loss: 0.2866247594356537 - accuracy: 0.8897435665130615
2024-03-06 01:04:16,762 - METRIC - INFO - statipo15 loss: 1.813415288925171 - accuracy: 0.27642276883125305
2024-03-06 01:04:16,762 - METRIC - INFO - statipo11 loss: 0.18735913932323456 - accuracy: 0.9358974099159241
2024-03-06 01:04:17,255 - METRIC - INFO - mean_accuracy: 0.6158258790771166

2024-03-06 01:04:17,255 - METRIC - INFO - round: 4
2024-03-06 01:04:17,255 - METRIC - INFO - n_selected: 3
2024-03-06 01:04:17,255 - METRIC - INFO - selected_trainers: statipo13 - statipo15 - statipo12
2024-03-06 01:04:19,777 - EXECUT - INFO - received weights from trainer statipo15!
2024-03-06 01:04:19,990 - EXECUT - INFO - received weights from trainer statipo12!
2024-03-06 01:04:20,041 - EXECUT - INFO - received weights from trainer statipo13!
2024-03-06 01:04:20,341 - EXECUT - INFO - sent aggregated weights to trainers!
2024-03-06 01:04:21,805 - METRIC - INFO - statipo12 loss: 0.1674453616142273 - accuracy: 0.9406130313873291
2024-03-06 01:04:21,807 - METRIC - INFO - statipo11 loss: 0.9764066934585571 - accuracy: 0.6602563858032227
2024-03-06 01:04:21,812 - METRIC - INFO - statipo21 loss: 2.8531699180603027 - accuracy: 0.44428151845932007
2024-03-06 01:04:21,812 - METRIC - INFO - statipo14 loss: 0.9251561760902405 - accuracy: 0.6144067645072937
2024-03-06 01:04:21,818 - METRIC - INFO - statipo13 loss: 0.44232767820358276 - accuracy: 0.800000011920929
2024-03-06 01:04:21,818 - METRIC - INFO - statipo15 loss: 0.13693690299987793 - accuracy: 0.9495934844017029
2024-03-06 01:04:22,344 - METRIC - INFO - mean_accuracy: 0.7348585327466329

2024-03-06 01:04:22,345 - METRIC - INFO - round: 5
2024-03-06 01:04:22,345 - METRIC - INFO - n_selected: 3
2024-03-06 01:04:22,345 - METRIC - INFO - selected_trainers: statipo15 - statipo21 - statipo11
2024-03-06 01:04:24,592 - EXECUT - INFO - received weights from trainer statipo11!
2024-03-06 01:04:25,049 - EXECUT - INFO - received weights from trainer statipo21!
2024-03-06 01:04:25,116 - EXECUT - INFO - received weights from trainer statipo15!
2024-03-06 01:04:25,466 - EXECUT - INFO - sent aggregated weights to trainers!
2024-03-06 01:04:26,956 - METRIC - INFO - statipo14 loss: 2.1775941848754883 - accuracy: 0.2881355881690979
2024-03-06 01:04:26,961 - METRIC - INFO - statipo11 loss: 0.5645461678504944 - accuracy: 0.8092948794364929
2024-03-06 01:04:26,965 - METRIC - INFO - statipo13 loss: 0.66061931848526 - accuracy: 0.721794843673706
2024-03-06 01:04:26,980 - METRIC - INFO - statipo21 loss: 0.46983879804611206 - accuracy: 0.8020527958869934
2024-03-06 01:04:26,990 - METRIC - INFO - statipo15 loss: 0.15188570320606232 - accuracy: 0.9479674696922302
2024-03-06 01:04:26,992 - METRIC - INFO - statipo12 loss: 2.431335687637329 - accuracy: 0.3486590087413788
2024-03-06 01:04:27,468 - METRIC - INFO - mean_accuracy: 0.6529840975999832

2024-03-06 01:04:27,468 - METRIC - INFO - round: 6
2024-03-06 01:04:27,469 - METRIC - INFO - n_selected: 3
2024-03-06 01:04:27,469 - METRIC - INFO - selected_trainers: statipo11 - statipo12 - statipo14
2024-03-06 01:04:29,862 - EXECUT - INFO - received weights from trainer statipo11!
2024-03-06 01:04:29,916 - EXECUT - INFO - received weights from trainer statipo14!
2024-03-06 01:04:30,257 - EXECUT - INFO - received weights from trainer statipo12!
2024-03-06 01:04:30,590 - EXECUT - INFO - sent aggregated weights to trainers!
2024-03-06 01:04:32,058 - METRIC - INFO - statipo14 loss: 0.09243535995483398 - accuracy: 0.9717513918876648
2024-03-06 01:04:32,081 - METRIC - INFO - statipo12 loss: 0.13404294848442078 - accuracy: 0.959770143032074
2024-03-06 01:04:32,083 - METRIC - INFO - statipo11 loss: 0.12069444358348846 - accuracy: 0.9583333134651184
2024-03-06 01:04:32,104 - METRIC - INFO - statipo21 loss: 1.5767112970352173 - accuracy: 0.5747800469398499
2024-03-06 01:04:32,114 - METRIC - INFO - statipo15 loss: 1.7466959953308105 - accuracy: 0.5138211250305176
2024-03-06 01:04:32,114 - METRIC - INFO - statipo13 loss: 2.291121482849121 - accuracy: 0.37051281332969666
2024-03-06 01:04:32,592 - METRIC - INFO - mean_accuracy: 0.7248281389474869

2024-03-06 01:04:32,592 - METRIC - INFO - round: 7
2024-03-06 01:04:32,593 - METRIC - INFO - n_selected: 3
2024-03-06 01:04:32,593 - METRIC - INFO - selected_trainers: statipo11 - statipo15 - statipo13
2024-03-06 01:04:34,976 - EXECUT - INFO - received weights from trainer statipo11!
2024-03-06 01:04:35,104 - EXECUT - INFO - received weights from trainer statipo13!
2024-03-06 01:04:35,428 - EXECUT - INFO - received weights from trainer statipo15!
2024-03-06 01:04:35,686 - EXECUT - INFO - sent aggregated weights to trainers!
2024-03-06 01:04:37,172 - METRIC - INFO - statipo21 loss: 3.3465206623077393 - accuracy: 0.4824046790599823
2024-03-06 01:04:37,190 - METRIC - INFO - statipo15 loss: 0.1057838499546051 - accuracy: 0.9609755873680115
2024-03-06 01:04:37,197 - METRIC - INFO - statipo14 loss: 0.6873164772987366 - accuracy: 0.7104519605636597
2024-03-06 01:04:37,210 - METRIC - INFO - statipo13 loss: 0.23699606955051422 - accuracy: 0.9141025543212891
2024-03-06 01:04:37,216 - METRIC - INFO - statipo11 loss: 0.16100814938545227 - accuracy: 0.9310897588729858
2024-03-06 01:04:37,243 - METRIC - INFO - statipo12 loss: 1.5571166276931763 - accuracy: 0.5593869686126709
2024-03-06 01:04:37,688 - METRIC - INFO - mean_accuracy: 0.7597352514664332

2024-03-06 01:04:37,689 - METRIC - INFO - round: 8
2024-03-06 01:04:37,689 - METRIC - INFO - n_selected: 3
2024-03-06 01:04:37,689 - METRIC - INFO - selected_trainers: statipo21 - statipo11 - statipo12
2024-03-06 01:04:39,990 - EXECUT - INFO - received weights from trainer statipo11!
2024-03-06 01:04:40,045 - EXECUT - INFO - received weights from trainer statipo21!
2024-03-06 01:04:40,532 - EXECUT - INFO - received weights from trainer statipo12!
2024-03-06 01:04:40,783 - EXECUT - INFO - sent aggregated weights to trainers!
2024-03-06 01:04:42,246 - METRIC - INFO - statipo14 loss: 1.2396422624588013 - accuracy: 0.555084764957428
2024-03-06 01:04:42,246 - METRIC - INFO - statipo12 loss: 0.11582352966070175 - accuracy: 0.969348669052124
2024-03-06 01:04:42,247 - METRIC - INFO - statipo11 loss: 0.07989956438541412 - accuracy: 0.9775640964508057
2024-03-06 01:04:42,252 - METRIC - INFO - statipo21 loss: 0.20178428292274475 - accuracy: 0.9266862273216248
2024-03-06 01:04:42,254 - METRIC - INFO - statipo13 loss: 1.0885450839996338 - accuracy: 0.6153846383094788
2024-03-06 01:04:42,277 - METRIC - INFO - statipo15 loss: 1.916636347770691 - accuracy: 0.572357714176178
2024-03-06 01:04:42,787 - METRIC - INFO - mean_accuracy: 0.7694043517112732

2024-03-06 01:04:42,787 - METRIC - INFO - round: 9
2024-03-06 01:04:42,787 - METRIC - INFO - n_selected: 3
2024-03-06 01:04:42,787 - METRIC - INFO - selected_trainers: statipo11 - statipo12 - statipo14
2024-03-06 01:04:45,062 - EXECUT - INFO - received weights from trainer statipo11!
2024-03-06 01:04:45,113 - EXECUT - INFO - received weights from trainer statipo14!
2024-03-06 01:04:45,582 - EXECUT - INFO - received weights from trainer statipo12!
2024-03-06 01:04:45,908 - EXECUT - INFO - sent aggregated weights to trainers!
2024-03-06 01:04:47,353 - METRIC - INFO - statipo12 loss: 0.1324981302022934 - accuracy: 0.9578543901443481
2024-03-06 01:04:47,359 - METRIC - INFO - statipo11 loss: 0.08036720007658005 - accuracy: 0.9759615659713745
2024-03-06 01:04:47,366 - METRIC - INFO - statipo15 loss: 4.406385898590088 - accuracy: 0.33495935797691345
2024-03-06 01:04:47,370 - METRIC - INFO - statipo14 loss: 0.06578949838876724 - accuracy: 0.9745762944221497
2024-03-06 01:04:47,375 - METRIC - INFO - statipo13 loss: 2.4985389709472656 - accuracy: 0.40128204226493835
2024-03-06 01:04:47,392 - METRIC - INFO - statipo21 loss: 1.8372082710266113 - accuracy: 0.6187683343887329
2024-03-06 01:04:47,910 - METRIC - INFO - mean_accuracy: 0.7105669975280762

2024-03-06 01:04:47,911 - METRIC - INFO - round: 10
2024-03-06 01:04:47,911 - METRIC - INFO - n_selected: 3
2024-03-06 01:04:47,911 - METRIC - INFO - selected_trainers: statipo13 - statipo11 - statipo14
2024-03-06 01:04:50,231 - EXECUT - INFO - received weights from trainer statipo11!
2024-03-06 01:04:50,331 - EXECUT - INFO - received weights from trainer statipo14!
2024-03-06 01:04:50,387 - EXECUT - INFO - received weights from trainer statipo13!
2024-03-06 01:04:51,002 - EXECUT - INFO - sent aggregated weights to trainers!
2024-03-06 01:04:52,473 - METRIC - INFO - statipo11 loss: 0.06562777608633041 - accuracy: 0.9839743375778198
2024-03-06 01:04:52,479 - METRIC - INFO - statipo15 loss: 6.60515022277832 - accuracy: 0.30243903398513794
2024-03-06 01:04:52,489 - METRIC - INFO - statipo14 loss: 0.07211322337388992 - accuracy: 0.9689265489578247
2024-03-06 01:04:52,495 - METRIC - INFO - statipo13 loss: 0.211081400513649 - accuracy: 0.9205127954483032
2024-03-06 01:04:52,496 - METRIC - INFO - statipo12 loss: 1.2344787120819092 - accuracy: 0.6513410210609436
2024-03-06 01:04:52,503 - METRIC - INFO - statipo21 loss: 3.5438461303710938 - accuracy: 0.5
2024-03-06 01:04:53,005 - METRIC - INFO - mean_accuracy: 0.7211989561716715

2024-03-06 01:04:53,005 - METRIC - INFO - round: 11
2024-03-06 01:04:53,005 - METRIC - INFO - n_selected: 3
2024-03-06 01:04:53,005 - METRIC - INFO - selected_trainers: statipo15 - statipo11 - statipo14
2024-03-06 01:04:55,445 - EXECUT - INFO - received weights from trainer statipo11!
2024-03-06 01:04:55,500 - EXECUT - INFO - received weights from trainer statipo15!
2024-03-06 01:04:55,554 - EXECUT - INFO - received weights from trainer statipo14!
2024-03-06 01:04:56,127 - EXECUT - INFO - sent aggregated weights to trainers!
2024-03-06 01:04:57,602 - METRIC - INFO - statipo14 loss: 0.07088281214237213 - accuracy: 0.9745762944221497
2024-03-06 01:04:57,602 - METRIC - INFO - statipo13 loss: 0.7371855974197388 - accuracy: 0.692307710647583
2024-03-06 01:04:57,622 - METRIC - INFO - statipo15 loss: 0.09400708973407745 - accuracy: 0.9658536314964294
2024-03-06 01:04:57,627 - METRIC - INFO - statipo11 loss: 0.07087790220975876 - accuracy: 0.9823718070983887
2024-03-06 01:04:57,629 - METRIC - INFO - statipo21 loss: 3.943125009536743 - accuracy: 0.4868035316467285
2024-03-06 01:04:57,630 - METRIC - INFO - statipo12 loss: 1.8100035190582275 - accuracy: 0.6283524632453918
2024-03-06 01:04:58,129 - METRIC - INFO - mean_accuracy: 0.7883775730927786

2024-03-06 01:04:58,129 - METRIC - INFO - round: 12
2024-03-06 01:04:58,130 - METRIC - INFO - n_selected: 3
2024-03-06 01:04:58,130 - METRIC - INFO - selected_trainers: statipo14 - statipo12 - statipo11
2024-03-06 01:05:00,476 - EXECUT - INFO - received weights from trainer statipo12!
2024-03-06 01:05:00,654 - EXECUT - INFO - received weights from trainer statipo14!
2024-03-06 01:05:01,000 - EXECUT - INFO - received weights from trainer statipo11!
2024-03-06 01:05:01,224 - EXECUT - INFO - sent aggregated weights to trainers!
2024-03-06 01:05:02,699 - METRIC - INFO - statipo21 loss: 3.9456002712249756 - accuracy: 0.5249266624450684
2024-03-06 01:05:02,700 - METRIC - INFO - statipo11 loss: 0.06886472553014755 - accuracy: 0.9823718070983887
2024-03-06 01:05:02,705 - METRIC - INFO - statipo15 loss: 2.0770456790924072 - accuracy: 0.5853658318519592
2024-03-06 01:05:02,723 - METRIC - INFO - statipo14 loss: 0.04918309673666954 - accuracy: 0.9830508232116699
2024-03-06 01:05:02,729 - METRIC - INFO - statipo13 loss: 1.6449289321899414 - accuracy: 0.528205156326294
2024-03-06 01:05:02,729 - METRIC - INFO - statipo12 loss: 0.07839290052652359 - accuracy: 0.9712643623352051
2024-03-06 01:05:03,228 - METRIC - INFO - mean_accuracy: 0.7625307738780975

2024-03-06 01:05:03,228 - METRIC - INFO - round: 13
2024-03-06 01:05:03,228 - METRIC - INFO - n_selected: 3
2024-03-06 01:05:03,228 - METRIC - INFO - selected_trainers: statipo21 - statipo15 - statipo12
2024-03-06 01:05:05,741 - EXECUT - INFO - received weights from trainer statipo21!
2024-03-06 01:05:06,041 - EXECUT - INFO - received weights from trainer statipo15!
2024-03-06 01:05:06,095 - EXECUT - INFO - received weights from trainer statipo12!
2024-03-06 01:05:06,350 - EXECUT - INFO - sent aggregated weights to trainers!
2024-03-06 01:05:07,827 - METRIC - INFO - statipo13 loss: 2.8740975856781006 - accuracy: 0.4474358856678009
2024-03-06 01:05:07,828 - METRIC - INFO - statipo21 loss: 0.195784330368042 - accuracy: 0.9281525015830994
2024-03-06 01:05:07,845 - METRIC - INFO - statipo14 loss: 0.1194181963801384 - accuracy: 0.9646892547607422
2024-03-06 01:05:07,852 - METRIC - INFO - statipo12 loss: 0.07382818311452866 - accuracy: 0.9789271950721741
2024-03-06 01:05:07,853 - METRIC - INFO - statipo15 loss: 0.12946489453315735 - accuracy: 0.9609755873680115
2024-03-06 01:05:07,859 - METRIC - INFO - statipo11 loss: 0.5606949329376221 - accuracy: 0.8221153616905212
2024-03-06 01:05:08,352 - METRIC - INFO - mean_accuracy: 0.8503826310237249

2024-03-06 01:05:08,352 - METRIC - INFO - round: 14
2024-03-06 01:05:08,352 - METRIC - INFO - n_selected: 3
2024-03-06 01:05:08,352 - METRIC - INFO - selected_trainers: statipo14 - statipo13 - statipo15
2024-03-06 01:05:10,807 - EXECUT - INFO - received weights from trainer statipo14!
2024-03-06 01:05:10,859 - EXECUT - INFO - received weights from trainer statipo13!
2024-03-06 01:05:11,126 - EXECUT - INFO - received weights from trainer statipo15!
2024-03-06 01:05:11,470 - EXECUT - INFO - sent aggregated weights to trainers!
2024-03-06 01:05:12,970 - METRIC - INFO - statipo12 loss: 1.1338993310928345 - accuracy: 0.6896551847457886
2024-03-06 01:05:12,972 - METRIC - INFO - statipo11 loss: 0.9349697828292847 - accuracy: 0.7612179517745972
2024-03-06 01:05:12,981 - METRIC - INFO - statipo13 loss: 0.16420389711856842 - accuracy: 0.9346153736114502
2024-03-06 01:05:12,982 - METRIC - INFO - statipo15 loss: 0.07707583159208298 - accuracy: 0.9707317352294922
2024-03-06 01:05:12,996 - METRIC - INFO - statipo21 loss: 2.063352108001709 - accuracy: 0.6099706888198853
2024-03-06 01:05:12,997 - METRIC - INFO - statipo14 loss: 0.10054066777229309 - accuracy: 0.9661017060279846
2024-03-06 01:05:13,472 - METRIC - INFO - mean_accuracy: 0.8220487733681997

2024-03-06 01:05:13,472 - METRIC - INFO - round: 15
2024-03-06 01:05:13,473 - METRIC - INFO - n_selected: 3
2024-03-06 01:05:13,473 - METRIC - INFO - selected_trainers: statipo13 - statipo11 - statipo15
2024-03-06 01:05:15,827 - EXECUT - INFO - received weights from trainer statipo15!
2024-03-06 01:05:15,933 - EXECUT - INFO - received weights from trainer statipo13!
2024-03-06 01:05:16,302 - EXECUT - INFO - received weights from trainer statipo11!
2024-03-06 01:05:16,561 - EXECUT - INFO - sent aggregated weights to trainers!
2024-03-06 01:05:18,012 - METRIC - INFO - statipo11 loss: 0.06392711400985718 - accuracy: 0.9807692170143127
2024-03-06 01:05:18,020 - METRIC - INFO - statipo21 loss: 2.2929813861846924 - accuracy: 0.5879765152931213
2024-03-06 01:05:18,023 - METRIC - INFO - statipo14 loss: 0.15767177939414978 - accuracy: 0.9392655491828918
2024-03-06 01:05:18,023 - METRIC - INFO - statipo15 loss: 0.1586272269487381 - accuracy: 0.9528455138206482
2024-03-06 01:05:18,045 - METRIC - INFO - statipo12 loss: 1.1804256439208984 - accuracy: 0.7318007946014404
2024-03-06 01:05:18,049 - METRIC - INFO - statipo13 loss: 0.13499979674816132 - accuracy: 0.9551281929016113
2024-03-06 01:05:18,563 - METRIC - INFO - mean_accuracy: 0.857964297135671

2024-03-06 01:05:18,564 - METRIC - INFO - round: 16
2024-03-06 01:05:18,564 - METRIC - INFO - n_selected: 3
2024-03-06 01:05:18,564 - METRIC - INFO - selected_trainers: statipo15 - statipo13 - statipo21
2024-03-06 01:05:20,965 - EXECUT - INFO - received weights from trainer statipo21!
2024-03-06 01:05:21,031 - EXECUT - INFO - received weights from trainer statipo13!
2024-03-06 01:05:21,425 - EXECUT - INFO - received weights from trainer statipo15!
2024-03-06 01:05:21,655 - EXECUT - INFO - sent aggregated weights to trainers!
2024-03-06 01:05:23,161 - METRIC - INFO - statipo11 loss: 0.5350002646446228 - accuracy: 0.8189102411270142
2024-03-06 01:05:23,165 - METRIC - INFO - statipo14 loss: 0.2672310173511505 - accuracy: 0.8968926668167114
2024-03-06 01:05:23,170 - METRIC - INFO - statipo15 loss: 0.06525760143995285 - accuracy: 0.9837398529052734
2024-03-06 01:05:23,175 - METRIC - INFO - statipo21 loss: 0.18542306125164032 - accuracy: 0.929618775844574
2024-03-06 01:05:23,178 - METRIC - INFO - statipo12 loss: 1.490648627281189 - accuracy: 0.6781609058380127
2024-03-06 01:05:23,226 - METRIC - INFO - statipo13 loss: 0.12514595687389374 - accuracy: 0.9525641202926636
2024-03-06 01:05:23,657 - METRIC - INFO - mean_accuracy: 0.8766477604707082

2024-03-06 01:05:23,657 - METRIC - INFO - round: 17
2024-03-06 01:05:23,657 - METRIC - INFO - n_selected: 3
2024-03-06 01:05:23,657 - METRIC - INFO - selected_trainers: statipo11 - statipo15 - statipo14
2024-03-06 01:05:26,327 - EXECUT - INFO - received weights from trainer statipo11!
2024-03-06 01:05:26,396 - EXECUT - INFO - received weights from trainer statipo14!
2024-03-06 01:05:26,451 - EXECUT - INFO - received weights from trainer statipo15!
2024-03-06 01:05:26,774 - EXECUT - INFO - sent aggregated weights to trainers!
2024-03-06 01:05:28,234 - METRIC - INFO - statipo15 loss: 0.10646507143974304 - accuracy: 0.9674796462059021
2024-03-06 01:05:28,235 - METRIC - INFO - statipo12 loss: 2.058116912841797 - accuracy: 0.6168582439422607
2024-03-06 01:05:28,244 - METRIC - INFO - statipo13 loss: 0.3360712230205536 - accuracy: 0.8512820601463318
2024-03-06 01:05:28,251 - METRIC - INFO - statipo21 loss: 1.4587366580963135 - accuracy: 0.640762448310852
2024-03-06 01:05:28,255 - METRIC - INFO - statipo11 loss: 0.055504210293293 - accuracy: 0.9887820482254028
2024-03-06 01:05:28,258 - METRIC - INFO - statipo14 loss: 1.1045931577682495 - accuracy: 0.8206214904785156
2024-03-06 01:05:28,776 - METRIC - INFO - mean_accuracy: 0.8142976562182108

2024-03-06 01:05:28,776 - METRIC - INFO - round: 18
2024-03-06 01:05:28,776 - METRIC - INFO - n_selected: 3
2024-03-06 01:05:28,776 - METRIC - INFO - selected_trainers: statipo11 - statipo12 - statipo21
2024-03-06 01:05:31,057 - EXECUT - INFO - received weights from trainer statipo11!
2024-03-06 01:05:31,113 - EXECUT - INFO - received weights from trainer statipo21!
2024-03-06 01:05:31,576 - EXECUT - INFO - received weights from trainer statipo12!
2024-03-06 01:05:31,899 - EXECUT - INFO - sent aggregated weights to trainers!
2024-03-06 01:05:33,385 - METRIC - INFO - statipo11 loss: 0.048769738525152206 - accuracy: 0.9871794581413269
2024-03-06 01:05:33,387 - METRIC - INFO - statipo13 loss: 0.6585946083068848 - accuracy: 0.7756410241127014
2024-03-06 01:05:33,391 - METRIC - INFO - statipo21 loss: 0.23091155290603638 - accuracy: 0.9120234847068787
2024-03-06 01:05:33,395 - METRIC - INFO - statipo14 loss: 0.2290683537721634 - accuracy: 0.901129961013794
2024-03-06 01:05:33,418 - METRIC - INFO - statipo15 loss: 0.4828135073184967 - accuracy: 0.8308942914009094
2024-03-06 01:05:33,419 - METRIC - INFO - statipo12 loss: 0.0785139799118042 - accuracy: 0.977011501789093
2024-03-06 01:05:33,901 - METRIC - INFO - mean_accuracy: 0.8973132868607839

2024-03-06 01:05:33,901 - METRIC - INFO - round: 19
2024-03-06 01:05:33,902 - METRIC - INFO - n_selected: 3
2024-03-06 01:05:33,902 - METRIC - INFO - selected_trainers: statipo21 - statipo15 - statipo13
2024-03-06 01:05:36,468 - EXECUT - INFO - received weights from trainer statipo21!
2024-03-06 01:05:36,525 - EXECUT - INFO - received weights from trainer statipo13!
2024-03-06 01:05:36,795 - EXECUT - INFO - received weights from trainer statipo15!
2024-03-06 01:05:37,006 - EXECUT - INFO - sent aggregated weights to trainers!
2024-03-06 01:05:38,539 - METRIC - INFO - statipo11 loss: 0.7131885886192322 - accuracy: 0.7996794581413269
2024-03-06 01:05:38,545 - METRIC - INFO - statipo14 loss: 0.26179787516593933 - accuracy: 0.9067796468734741
2024-03-06 01:05:38,574 - METRIC - INFO - statipo15 loss: 0.10644792765378952 - accuracy: 0.9577235579490662
2024-03-06 01:05:38,585 - METRIC - INFO - statipo21 loss: 0.14677035808563232 - accuracy: 0.9501466155052185
2024-03-06 01:05:38,588 - METRIC - INFO - statipo13 loss: 0.12018981575965881 - accuracy: 0.9564102292060852
2024-03-06 01:05:38,592 - METRIC - INFO - statipo12 loss: 1.2723006010055542 - accuracy: 0.7126436829566956
2024-03-06 01:05:39,009 - METRIC - INFO - mean_accuracy: 0.880563865105311

2024-03-06 01:05:39,009 - METRIC - INFO - round: 20
2024-03-06 01:05:39,009 - METRIC - INFO - n_selected: 3
2024-03-06 01:05:39,009 - METRIC - INFO - selected_trainers: statipo14 - statipo21 - statipo11
2024-03-06 01:05:41,768 - EXECUT - INFO - received weights from trainer statipo21!
2024-03-06 01:05:41,823 - EXECUT - INFO - received weights from trainer statipo14!
2024-03-06 01:05:41,878 - EXECUT - INFO - received weights from trainer statipo11!
2024-03-06 01:05:42,129 - EXECUT - INFO - sent aggregated weights to trainers!
2024-03-06 01:05:43,629 - METRIC - INFO - statipo14 loss: 0.0462251640856266 - accuracy: 0.9830508232116699
2024-03-06 01:05:43,634 - METRIC - INFO - statipo21 loss: 0.1060274988412857 - accuracy: 0.9618768095970154
2024-03-06 01:05:43,646 - METRIC - INFO - statipo12 loss: 1.6317856311798096 - accuracy: 0.6762452125549316
2024-03-06 01:05:43,649 - METRIC - INFO - statipo15 loss: 1.00675368309021 - accuracy: 0.707317054271698
2024-03-06 01:05:43,651 - METRIC - INFO - statipo13 loss: 0.46148645877838135 - accuracy: 0.8230769038200378
2024-03-06 01:05:43,651 - METRIC - INFO - statipo11 loss: 0.04837694391608238 - accuracy: 0.9903846383094788
2024-03-06 01:05:44,130 - METRIC - INFO - mean_accuracy: 0.8569919069608053

2024-03-06 01:05:44,131 - METRIC - INFO - round: 21
2024-03-06 01:05:44,131 - METRIC - INFO - n_selected: 3
2024-03-06 01:05:44,131 - METRIC - INFO - selected_trainers: statipo11 - statipo13 - statipo21
2024-03-06 01:05:46,517 - EXECUT - INFO - received weights from trainer statipo21!
2024-03-06 01:05:46,571 - EXECUT - INFO - received weights from trainer statipo13!
2024-03-06 01:05:46,971 - EXECUT - INFO - received weights from trainer statipo11!
2024-03-06 01:05:47,217 - EXECUT - INFO - sent aggregated weights to trainers!
2024-03-06 01:05:48,707 - METRIC - INFO - statipo12 loss: 2.2454593181610107 - accuracy: 0.6340996026992798
2024-03-06 01:05:48,717 - METRIC - INFO - statipo14 loss: 0.1170240268111229 - accuracy: 0.9675140976905823
2024-03-06 01:05:48,726 - METRIC - INFO - statipo11 loss: 0.0458153560757637 - accuracy: 0.9887820482254028
2024-03-06 01:05:48,737 - METRIC - INFO - statipo21 loss: 0.1256837546825409 - accuracy: 0.9560117125511169
2024-03-06 01:05:48,738 - METRIC - INFO - statipo15 loss: 1.8742207288742065 - accuracy: 0.5983740091323853
2024-03-06 01:05:48,745 - METRIC - INFO - statipo13 loss: 0.13635236024856567 - accuracy: 0.942307710647583
2024-03-06 01:05:49,221 - METRIC - INFO - mean_accuracy: 0.8478481968243917

2024-03-06 01:05:49,221 - METRIC - INFO - round: 22
2024-03-06 01:05:49,222 - METRIC - INFO - n_selected: 3
2024-03-06 01:05:49,222 - METRIC - INFO - selected_trainers: statipo13 - statipo15 - statipo14
2024-03-06 01:05:52,084 - EXECUT - INFO - received weights from trainer statipo15!
2024-03-06 01:05:52,138 - EXECUT - INFO - received weights from trainer statipo13!
2024-03-06 01:05:53,383 - EXECUT - INFO - received weights from trainer statipo14!
2024-03-06 01:05:54,342 - EXECUT - INFO - sent aggregated weights to trainers!
2024-03-06 01:05:55,848 - METRIC - INFO - statipo15 loss: 0.05915411189198494 - accuracy: 0.9853658676147461
2024-03-06 01:05:55,861 - METRIC - INFO - statipo21 loss: 0.7851699590682983 - accuracy: 0.7624633312225342
2024-03-06 01:05:55,864 - METRIC - INFO - statipo13 loss: 0.18086731433868408 - accuracy: 0.928205132484436
2024-03-06 01:05:55,868 - METRIC - INFO - statipo12 loss: 2.486189842224121 - accuracy: 0.6206896305084229
2024-03-06 01:05:55,871 - METRIC - INFO - statipo11 loss: 0.8039702773094177 - accuracy: 0.7932692170143127
2024-03-06 01:05:55,883 - METRIC - INFO - statipo14 loss: 0.05187687650322914 - accuracy: 0.9774011373519897
2024-03-06 01:05:56,344 - METRIC - INFO - mean_accuracy: 0.8445657193660736

2024-03-06 01:05:56,345 - METRIC - INFO - round: 23
2024-03-06 01:05:56,345 - METRIC - INFO - n_selected: 3
2024-03-06 01:05:56,345 - METRIC - INFO - selected_trainers: statipo21 - statipo15 - statipo14
2024-03-06 01:05:58,982 - EXECUT - INFO - received weights from trainer statipo21!
2024-03-06 01:05:59,037 - EXECUT - INFO - received weights from trainer statipo14!
2024-03-06 01:05:59,225 - EXECUT - INFO - received weights from trainer statipo15!
2024-03-06 01:05:59,464 - EXECUT - INFO - sent aggregated weights to trainers!
2024-03-06 01:06:00,992 - METRIC - INFO - statipo12 loss: 2.427157163619995 - accuracy: 0.6053639650344849
2024-03-06 01:06:01,003 - METRIC - INFO - statipo13 loss: 0.2882750630378723 - accuracy: 0.8589743375778198
2024-03-06 01:06:01,014 - METRIC - INFO - statipo11 loss: 1.006467342376709 - accuracy: 0.7852563858032227
2024-03-06 01:06:01,043 - METRIC - INFO - statipo14 loss: 0.04677072539925575 - accuracy: 0.9830508232116699
2024-03-06 01:06:01,085 - METRIC - INFO - statipo15 loss: 0.0513395331799984 - accuracy: 0.9869918823242188
2024-03-06 01:06:01,098 - METRIC - INFO - statipo21 loss: 0.10397389531135559 - accuracy: 0.96334308385849
2024-03-06 01:06:01,466 - METRIC - INFO - mean_accuracy: 0.8638300796349844

2024-03-06 01:06:01,467 - METRIC - INFO - round: 24
2024-03-06 01:06:01,467 - METRIC - INFO - n_selected: 3
2024-03-06 01:06:01,467 - METRIC - INFO - selected_trainers: statipo12 - statipo21 - statipo15
2024-03-06 01:06:03,978 - EXECUT - INFO - received weights from trainer statipo12!
2024-03-06 01:06:04,115 - EXECUT - INFO - received weights from trainer statipo15!
2024-03-06 01:06:04,173 - EXECUT - INFO - received weights from trainer statipo21!
2024-03-06 01:06:04,590 - EXECUT - INFO - sent aggregated weights to trainers!
2024-03-06 01:06:06,077 - METRIC - INFO - statipo12 loss: 0.08211440593004227 - accuracy: 0.9712643623352051
2024-03-06 01:06:06,080 - METRIC - INFO - statipo14 loss: 0.07722765952348709 - accuracy: 0.9703390002250671
2024-03-06 01:06:06,088 - METRIC - INFO - statipo15 loss: 0.0529789999127388 - accuracy: 0.9821138381958008
2024-03-06 01:06:06,090 - METRIC - INFO - statipo13 loss: 0.5088290572166443 - accuracy: 0.8102564215660095
2024-03-06 01:06:06,093 - METRIC - INFO - statipo11 loss: 1.169565200805664 - accuracy: 0.7628205418586731
2024-03-06 01:06:06,095 - METRIC - INFO - statipo21 loss: 0.10908810049295425 - accuracy: 0.9648093581199646
2024-03-06 01:06:06,592 - METRIC - INFO - mean_accuracy: 0.9102672537167867

2024-03-06 01:06:06,592 - METRIC - INFO - round: 25
2024-03-06 01:06:06,593 - METRIC - INFO - n_selected: 3
2024-03-06 01:06:06,593 - METRIC - INFO - selected_trainers: statipo21 - statipo11 - statipo13
2024-03-06 01:06:09,175 - EXECUT - INFO - received weights from trainer statipo11!
2024-03-06 01:06:09,339 - EXECUT - INFO - received weights from trainer statipo13!
2024-03-06 01:06:09,399 - EXECUT - INFO - received weights from trainer statipo21!
2024-03-06 01:06:09,717 - EXECUT - INFO - sent aggregated weights to trainers!
2024-03-06 01:06:11,216 - METRIC - INFO - statipo14 loss: 0.11168097704648972 - accuracy: 0.9576271176338196
2024-03-06 01:06:11,223 - METRIC - INFO - statipo11 loss: 0.04567123204469681 - accuracy: 0.9903846383094788
2024-03-06 01:06:11,231 - METRIC - INFO - statipo15 loss: 0.4831245243549347 - accuracy: 0.842276394367218
2024-03-06 01:06:11,235 - METRIC - INFO - statipo13 loss: 0.10747580230236053 - accuracy: 0.9589743614196777
2024-03-06 01:06:11,240 - METRIC - INFO - statipo12 loss: 1.2402325868606567 - accuracy: 0.7509578466415405
2024-03-06 01:06:11,252 - METRIC - INFO - statipo21 loss: 0.1533113718032837 - accuracy: 0.9486803412437439
2024-03-06 01:06:11,720 - METRIC - INFO - mean_accuracy: 0.9081501166025797

2024-03-06 01:06:11,720 - METRIC - INFO - round: 26
2024-03-06 01:06:11,721 - METRIC - INFO - n_selected: 3
2024-03-06 01:06:11,721 - METRIC - INFO - selected_trainers: statipo15 - statipo14 - statipo21
2024-03-06 01:06:14,287 - EXECUT - INFO - received weights from trainer statipo15!
2024-03-06 01:06:14,385 - EXECUT - INFO - received weights from trainer statipo14!
2024-03-06 01:06:14,612 - EXECUT - INFO - received weights from trainer statipo21!
2024-03-06 01:06:14,828 - EXECUT - INFO - sent aggregated weights to trainers!
2024-03-06 01:06:16,327 - METRIC - INFO - statipo11 loss: 0.8938862681388855 - accuracy: 0.7772436141967773
2024-03-06 01:06:16,331 - METRIC - INFO - statipo21 loss: 0.09091021865606308 - accuracy: 0.9692082405090332
2024-03-06 01:06:16,336 - METRIC - INFO - statipo14 loss: 0.04191645234823227 - accuracy: 0.9858757257461548
2024-03-06 01:06:16,339 - METRIC - INFO - statipo13 loss: 0.4203345775604248 - accuracy: 0.8384615182876587
2024-03-06 01:06:16,350 - METRIC - INFO - statipo12 loss: 1.5296666622161865 - accuracy: 0.7203065156936646
2024-03-06 01:06:16,369 - METRIC - INFO - statipo15 loss: 0.13644494116306305 - accuracy: 0.9577235579490662
2024-03-06 01:06:16,832 - METRIC - INFO - mean_accuracy: 0.8748031953970591

2024-03-06 01:06:16,832 - METRIC - INFO - round: 27
2024-03-06 01:06:16,833 - METRIC - INFO - n_selected: 3
2024-03-06 01:06:16,833 - METRIC - INFO - selected_trainers: statipo13 - statipo14 - statipo11
2024-03-06 01:06:19,364 - EXECUT - INFO - received weights from trainer statipo13!
2024-03-06 01:06:19,657 - EXECUT - INFO - received weights from trainer statipo11!
2024-03-06 01:06:19,717 - EXECUT - INFO - received weights from trainer statipo14!
2024-03-06 01:06:19,924 - EXECUT - INFO - sent aggregated weights to trainers!
2024-03-06 01:06:21,431 - METRIC - INFO - statipo21 loss: 0.28855809569358826 - accuracy: 0.8768328428268433
2024-03-06 01:06:21,432 - METRIC - INFO - statipo11 loss: 0.046580784022808075 - accuracy: 0.9887820482254028
2024-03-06 01:06:21,439 - METRIC - INFO - statipo15 loss: 0.4699383080005646 - accuracy: 0.8536585569381714
2024-03-06 01:06:21,452 - METRIC - INFO - statipo14 loss: 0.04044722765684128 - accuracy: 0.9872881174087524
2024-03-06 01:06:21,454 - METRIC - INFO - statipo13 loss: 0.09087897837162018 - accuracy: 0.971794843673706
2024-03-06 01:06:21,464 - METRIC - INFO - statipo12 loss: 1.8832086324691772 - accuracy: 0.6800765991210938
2024-03-06 01:06:21,926 - METRIC - INFO - mean_accuracy: 0.8930721680323283

2024-03-06 01:06:21,927 - METRIC - INFO - round: 28
2024-03-06 01:06:21,927 - METRIC - INFO - n_selected: 3
2024-03-06 01:06:21,927 - METRIC - INFO - selected_trainers: statipo11 - statipo14 - statipo21
2024-03-06 01:06:24,328 - EXECUT - INFO - received weights from trainer statipo11!
2024-03-06 01:06:24,392 - EXECUT - INFO - received weights from trainer statipo21!
2024-03-06 01:06:24,446 - EXECUT - INFO - received weights from trainer statipo14!
2024-03-06 01:06:25,032 - EXECUT - INFO - sent aggregated weights to trainers!
2024-03-06 01:06:26,531 - METRIC - INFO - statipo14 loss: 0.037550486624240875 - accuracy: 0.9844632744789124
2024-03-06 01:06:26,536 - METRIC - INFO - statipo11 loss: 0.07517785578966141 - accuracy: 0.9775640964508057
2024-03-06 01:06:26,540 - METRIC - INFO - statipo12 loss: 2.008725166320801 - accuracy: 0.6743295192718506
2024-03-06 01:06:26,544 - METRIC - INFO - statipo15 loss: 0.6352896094322205 - accuracy: 0.8113821148872375
2024-03-06 01:06:26,550 - METRIC - INFO - statipo13 loss: 0.30604737997055054 - accuracy: 0.8628205060958862
2024-03-06 01:06:26,552 - METRIC - INFO - statipo21 loss: 0.09992581605911255 - accuracy: 0.9662756323814392
2024-03-06 01:06:27,035 - METRIC - INFO - mean_accuracy: 0.8794725239276886

2024-03-06 01:06:27,035 - METRIC - INFO - round: 29
2024-03-06 01:06:27,035 - METRIC - INFO - n_selected: 3
2024-03-06 01:06:27,035 - METRIC - INFO - selected_trainers: statipo13 - statipo11 - statipo12
2024-03-06 01:06:29,516 - EXECUT - INFO - received weights from trainer statipo11!
2024-03-06 01:06:29,679 - EXECUT - INFO - received weights from trainer statipo13!
2024-03-06 01:06:29,948 - EXECUT - INFO - received weights from trainer statipo12!
2024-03-06 01:06:30,122 - EXECUT - INFO - sent aggregated weights to trainers!
2024-03-06 01:06:31,592 - METRIC - INFO - statipo14 loss: 0.04962730407714844 - accuracy: 0.9844632744789124
2024-03-06 01:06:31,601 - METRIC - INFO - statipo15 loss: 0.9521226286888123 - accuracy: 0.7349593639373779
2024-03-06 01:06:31,603 - METRIC - INFO - statipo13 loss: 0.10272279381752014 - accuracy: 0.964102566242218
2024-03-06 01:06:31,616 - METRIC - INFO - statipo11 loss: 0.0420679934322834 - accuracy: 0.9903846383094788
2024-03-06 01:06:31,620 - METRIC - INFO - statipo21 loss: 0.6793351173400879 - accuracy: 0.7873900532722473
2024-03-06 01:06:31,624 - METRIC - INFO - statipo12 loss: 0.10787681490182877 - accuracy: 0.969348669052124
2024-03-06 01:06:32,123 - METRIC - INFO - mean_accuracy: 0.9051080942153931

2024-03-06 01:06:32,124 - METRIC - INFO - round: 30
2024-03-06 01:06:32,124 - METRIC - INFO - n_selected: 3
2024-03-06 01:06:32,124 - METRIC - INFO - selected_trainers: statipo14 - statipo13 - statipo11
2024-03-06 01:06:34,636 - EXECUT - INFO - received weights from trainer statipo14!
2024-03-06 01:06:34,690 - EXECUT - INFO - received weights from trainer statipo13!
2024-03-06 01:06:34,951 - EXECUT - INFO - received weights from trainer statipo11!
2024-03-06 01:06:35,231 - EXECUT - INFO - sent aggregated weights to trainers!
2024-03-06 01:06:36,728 - METRIC - INFO - statipo11 loss: 0.04003894701600075 - accuracy: 0.9903846383094788
2024-03-06 01:06:36,731 - METRIC - INFO - statipo14 loss: 0.06154782325029373 - accuracy: 0.9802259802818298
2024-03-06 01:06:36,736 - METRIC - INFO - statipo15 loss: 0.8414319753646851 - accuracy: 0.7609755992889404
2024-03-06 01:06:36,750 - METRIC - INFO - statipo13 loss: 0.10629362612962723 - accuracy: 0.964102566242218
2024-03-06 01:06:36,750 - METRIC - INFO - statipo12 loss: 1.0127012729644775 - accuracy: 0.7892720103263855
2024-03-06 01:06:36,753 - METRIC - INFO - statipo21 loss: 1.5002127885818481 - accuracy: 0.6891495585441589
2024-03-06 01:06:37,233 - METRIC - INFO - mean_accuracy: 0.8623517254988352

2024-03-06 01:06:37,233 - METRIC - INFO - round: 31
2024-03-06 01:06:37,234 - METRIC - INFO - n_selected: 3
2024-03-06 01:06:37,234 - METRIC - INFO - selected_trainers: statipo21 - statipo12 - statipo11
2024-03-06 01:06:39,435 - EXECUT - INFO - received weights from trainer statipo12!
2024-03-06 01:06:39,526 - EXECUT - INFO - received weights from trainer statipo11!
2024-03-06 01:06:39,593 - EXECUT - INFO - received weights from trainer statipo21!
2024-03-06 01:06:40,356 - EXECUT - INFO - sent aggregated weights to trainers!
2024-03-06 01:06:41,854 - METRIC - INFO - statipo15 loss: 1.0213793516159058 - accuracy: 0.7268292903900146
2024-03-06 01:06:41,856 - METRIC - INFO - statipo13 loss: 0.1815161556005478 - accuracy: 0.9141025543212891
2024-03-06 01:06:41,867 - METRIC - INFO - statipo14 loss: 0.08081447333097458 - accuracy: 0.9675140976905823
2024-03-06 01:06:41,870 - METRIC - INFO - statipo21 loss: 0.10506220161914825 - accuracy: 0.9648093581199646
2024-03-06 01:06:41,877 - METRIC - INFO - statipo12 loss: 0.07016582041978836 - accuracy: 0.982758641242981
2024-03-06 01:06:41,878 - METRIC - INFO - statipo11 loss: 0.04001668095588684 - accuracy: 0.9887820482254028
2024-03-06 01:06:42,358 - METRIC - INFO - mean_accuracy: 0.9241326649983724

2024-03-06 01:06:42,358 - METRIC - INFO - round: 32
2024-03-06 01:06:42,359 - METRIC - INFO - n_selected: 3
2024-03-06 01:06:42,359 - METRIC - INFO - selected_trainers: statipo15 - statipo21 - statipo12
2024-03-06 01:06:44,620 - EXECUT - INFO - received weights from trainer statipo12!
2024-03-06 01:06:44,791 - EXECUT - INFO - received weights from trainer statipo21!
2024-03-06 01:06:45,165 - EXECUT - INFO - received weights from trainer statipo15!
2024-03-06 01:06:45,462 - EXECUT - INFO - sent aggregated weights to trainers!
2024-03-06 01:06:46,968 - METRIC - INFO - statipo12 loss: 0.07747077196836472 - accuracy: 0.9731800556182861
2024-03-06 01:06:46,973 - METRIC - INFO - statipo11 loss: 0.471406489610672 - accuracy: 0.8669871687889099
2024-03-06 01:06:46,975 - METRIC - INFO - statipo15 loss: 0.06743190437555313 - accuracy: 0.9739837646484375
2024-03-06 01:06:46,984 - METRIC - INFO - statipo14 loss: 0.10438121855258942 - accuracy: 0.9562146663665771
2024-03-06 01:06:46,997 - METRIC - INFO - statipo13 loss: 0.3141251504421234 - accuracy: 0.8589743375778198
2024-03-06 01:06:47,007 - METRIC - INFO - statipo21 loss: 0.08624719083309174 - accuracy: 0.9750733375549316
2024-03-06 01:06:47,464 - METRIC - INFO - mean_accuracy: 0.934068888425827

2024-03-06 01:06:47,464 - METRIC - INFO - round: 33
2024-03-06 01:06:47,465 - METRIC - INFO - n_selected: 3
2024-03-06 01:06:47,465 - METRIC - INFO - selected_trainers: statipo13 - statipo15 - statipo14
2024-03-06 01:06:49,991 - EXECUT - INFO - received weights from trainer statipo15!
2024-03-06 01:06:50,163 - EXECUT - INFO - received weights from trainer statipo13!
2024-03-06 01:06:50,385 - EXECUT - INFO - received weights from trainer statipo14!
2024-03-06 01:06:50,582 - EXECUT - INFO - sent aggregated weights to trainers!
2024-03-06 01:06:52,072 - METRIC - INFO - statipo12 loss: 0.41964250802993774 - accuracy: 0.8831417560577393
2024-03-06 01:06:52,091 - METRIC - INFO - statipo13 loss: 0.09478778392076492 - accuracy: 0.9653846025466919
2024-03-06 01:06:52,092 - METRIC - INFO - statipo15 loss: 0.06684297323226929 - accuracy: 0.9756097793579102
2024-03-06 01:06:52,099 - METRIC - INFO - statipo11 loss: 0.7850949168205261 - accuracy: 0.817307710647583
2024-03-06 01:06:52,103 - METRIC - INFO - statipo14 loss: 0.037069980055093765 - accuracy: 0.9872881174087524
2024-03-06 01:06:52,109 - METRIC - INFO - statipo21 loss: 0.3524855971336365 - accuracy: 0.8563050031661987
2024-03-06 01:06:52,584 - METRIC - INFO - mean_accuracy: 0.9141728281974792

2024-03-06 01:06:52,584 - METRIC - INFO - round: 34
2024-03-06 01:06:52,585 - METRIC - INFO - n_selected: 3
2024-03-06 01:06:52,585 - METRIC - INFO - selected_trainers: statipo13 - statipo12 - statipo15
2024-03-06 01:06:55,028 - EXECUT - INFO - received weights from trainer statipo15!
2024-03-06 01:06:55,185 - EXECUT - INFO - received weights from trainer statipo13!
2024-03-06 01:06:55,448 - EXECUT - INFO - received weights from trainer statipo12!
2024-03-06 01:06:55,683 - EXECUT - INFO - sent aggregated weights to trainers!
2024-03-06 01:06:57,171 - METRIC - INFO - statipo11 loss: 0.9146397113800049 - accuracy: 0.8012820482254028
2024-03-06 01:06:57,187 - METRIC - INFO - statipo14 loss: 0.07189282774925232 - accuracy: 0.9759886860847473
2024-03-06 01:06:57,191 - METRIC - INFO - statipo12 loss: 0.06468170881271362 - accuracy: 0.982758641242981
2024-03-06 01:06:57,201 - METRIC - INFO - statipo13 loss: 0.11937792599201202 - accuracy: 0.9564102292060852
2024-03-06 01:06:57,213 - METRIC - INFO - statipo15 loss: 0.05107572302222252 - accuracy: 0.9821138381958008
2024-03-06 01:06:57,217 - METRIC - INFO - statipo21 loss: 0.4237564504146576 - accuracy: 0.8475073575973511
2024-03-06 01:06:57,685 - METRIC - INFO - mean_accuracy: 0.924343466758728

2024-03-06 01:06:57,685 - METRIC - INFO - round: 35
2024-03-06 01:06:57,685 - METRIC - INFO - n_selected: 3
2024-03-06 01:06:57,685 - METRIC - INFO - selected_trainers: statipo15 - statipo21 - statipo13
2024-03-06 01:07:00,373 - EXECUT - INFO - received weights from trainer statipo21!
2024-03-06 01:07:00,453 - EXECUT - INFO - received weights from trainer statipo13!
2024-03-06 01:07:00,508 - EXECUT - INFO - received weights from trainer statipo15!
2024-03-06 01:07:00,801 - EXECUT - INFO - sent aggregated weights to trainers!
2024-03-06 01:07:02,282 - METRIC - INFO - statipo14 loss: 0.14117616415023804 - accuracy: 0.944915235042572
2024-03-06 01:07:02,291 - METRIC - INFO - statipo11 loss: 0.9690182209014893 - accuracy: 0.7964743375778198
2024-03-06 01:07:02,297 - METRIC - INFO - statipo15 loss: 0.04740840941667557 - accuracy: 0.9837398529052734
2024-03-06 01:07:02,302 - METRIC - INFO - statipo12 loss: 0.3648393750190735 - accuracy: 0.8888888955116272
2024-03-06 01:07:02,307 - METRIC - INFO - statipo13 loss: 0.08470173180103302 - accuracy: 0.9705128073692322
2024-03-06 01:07:02,317 - METRIC - INFO - statipo21 loss: 0.09943976253271103 - accuracy: 0.96334308385849
2024-03-06 01:07:02,804 - METRIC - INFO - mean_accuracy: 0.9246457020441691

2024-03-06 01:07:02,804 - METRIC - INFO - round: 36
2024-03-06 01:07:02,805 - METRIC - INFO - n_selected: 3
2024-03-06 01:07:02,805 - METRIC - INFO - selected_trainers: statipo11 - statipo21 - statipo15
2024-03-06 01:07:05,175 - EXECUT - INFO - received weights from trainer statipo15!
2024-03-06 01:07:05,257 - EXECUT - INFO - received weights from trainer statipo21!
2024-03-06 01:07:05,624 - EXECUT - INFO - received weights from trainer statipo11!
2024-03-06 01:07:05,909 - EXECUT - INFO - sent aggregated weights to trainers!
2024-03-06 01:07:07,402 - METRIC - INFO - statipo12 loss: 0.5307160019874573 - accuracy: 0.8544061183929443
2024-03-06 01:07:07,430 - METRIC - INFO - statipo14 loss: 0.14128796756267548 - accuracy: 0.9477401375770569
2024-03-06 01:07:07,434 - METRIC - INFO - statipo13 loss: 0.1668725460767746 - accuracy: 0.9217948913574219
2024-03-06 01:07:07,438 - METRIC - INFO - statipo21 loss: 0.10331078618764877 - accuracy: 0.9692082405090332
2024-03-06 01:07:07,439 - METRIC - INFO - statipo11 loss: 0.04370184242725372 - accuracy: 0.9871794581413269
2024-03-06 01:07:07,455 - METRIC - INFO - statipo15 loss: 0.1094706580042839 - accuracy: 0.9577235579490662
2024-03-06 01:07:07,911 - METRIC - INFO - mean_accuracy: 0.9396754006544749

2024-03-06 01:07:07,911 - METRIC - INFO - round: 37
2024-03-06 01:07:07,911 - METRIC - INFO - n_selected: 3
2024-03-06 01:07:07,911 - METRIC - INFO - selected_trainers: statipo13 - statipo11 - statipo21
2024-03-06 01:07:10,419 - EXECUT - INFO - received weights from trainer statipo11!
2024-03-06 01:07:10,474 - EXECUT - INFO - received weights from trainer statipo21!
2024-03-06 01:07:10,557 - EXECUT - INFO - received weights from trainer statipo13!
2024-03-06 01:07:11,039 - EXECUT - INFO - sent aggregated weights to trainers!
2024-03-06 01:07:12,518 - METRIC - INFO - statipo12 loss: 0.7541201710700989 - accuracy: 0.8237547874450684
2024-03-06 01:07:12,536 - METRIC - INFO - statipo14 loss: 0.1298113465309143 - accuracy: 0.9548022747039795
2024-03-06 01:07:12,545 - METRIC - INFO - statipo13 loss: 0.100294329226017 - accuracy: 0.9653846025466919
2024-03-06 01:07:12,547 - METRIC - INFO - statipo21 loss: 0.08876338601112366 - accuracy: 0.9677419066429138
2024-03-06 01:07:12,556 - METRIC - INFO - statipo15 loss: 0.2511634826660156 - accuracy: 0.9121951460838318
2024-03-06 01:07:12,557 - METRIC - INFO - statipo11 loss: 0.04375872388482094 - accuracy: 0.9887820482254028
2024-03-06 01:07:13,043 - METRIC - INFO - mean_accuracy: 0.9354434609413147

2024-03-06 01:07:13,043 - METRIC - INFO - round: 38
2024-03-06 01:07:13,043 - METRIC - INFO - n_selected: 3
2024-03-06 01:07:13,043 - METRIC - INFO - selected_trainers: statipo21 - statipo12 - statipo13
2024-03-06 01:07:15,852 - EXECUT - INFO - received weights from trainer statipo21!
2024-03-06 01:07:15,909 - EXECUT - INFO - received weights from trainer statipo12!
2024-03-06 01:07:15,969 - EXECUT - INFO - received weights from trainer statipo13!
2024-03-06 01:07:16,155 - EXECUT - INFO - sent aggregated weights to trainers!
2024-03-06 01:07:17,667 - METRIC - INFO - statipo21 loss: 0.12553046643733978 - accuracy: 0.9618768095970154
2024-03-06 01:07:17,670 - METRIC - INFO - statipo14 loss: 0.15143771469593048 - accuracy: 0.944915235042572
2024-03-06 01:07:17,670 - METRIC - INFO - statipo13 loss: 0.08248107135295868 - accuracy: 0.9705128073692322
2024-03-06 01:07:17,686 - METRIC - INFO - statipo11 loss: 0.460670530796051 - accuracy: 0.8621794581413269
2024-03-06 01:07:17,687 - METRIC - INFO - statipo12 loss: 0.07420691847801208 - accuracy: 0.982758641242981
2024-03-06 01:07:17,690 - METRIC - INFO - statipo15 loss: 0.4444848597049713 - accuracy: 0.8682926893234253
2024-03-06 01:07:18,157 - METRIC - INFO - mean_accuracy: 0.9317559401194254

2024-03-06 01:07:18,157 - METRIC - INFO - round: 39
2024-03-06 01:07:18,158 - METRIC - INFO - n_selected: 3
2024-03-06 01:07:18,158 - METRIC - INFO - selected_trainers: statipo14 - statipo11 - statipo21
2024-03-06 01:07:20,669 - EXECUT - INFO - received weights from trainer statipo11!
2024-03-06 01:07:20,725 - EXECUT - INFO - received weights from trainer statipo14!
2024-03-06 01:07:21,028 - EXECUT - INFO - received weights from trainer statipo21!
2024-03-06 01:07:21,267 - EXECUT - INFO - sent aggregated weights to trainers!
2024-03-06 01:07:22,760 - METRIC - INFO - statipo12 loss: 0.4930660128593445 - accuracy: 0.8639847040176392
2024-03-06 01:07:22,777 - METRIC - INFO - statipo21 loss: 0.09368972480297089 - accuracy: 0.9721407890319824
2024-03-06 01:07:22,781 - METRIC - INFO - statipo15 loss: 0.7201959490776062 - accuracy: 0.8032520413398743
2024-03-06 01:07:22,786 - METRIC - INFO - statipo13 loss: 0.16061115264892578 - accuracy: 0.9346153736114502
2024-03-06 01:07:22,789 - METRIC - INFO - statipo11 loss: 0.045625366270542145 - accuracy: 0.9871794581413269
2024-03-06 01:07:22,800 - METRIC - INFO - statipo14 loss: 0.03560541942715645 - accuracy: 0.9872881174087524
2024-03-06 01:07:23,269 - METRIC - INFO - mean_accuracy: 0.9247434139251709

2024-03-06 01:07:23,269 - METRIC - INFO - round: 40
2024-03-06 01:07:23,269 - METRIC - INFO - n_selected: 3
2024-03-06 01:07:23,269 - METRIC - INFO - selected_trainers: statipo14 - statipo13 - statipo21
2024-03-06 01:07:25,769 - EXECUT - INFO - received weights from trainer statipo21!
2024-03-06 01:07:25,824 - EXECUT - INFO - received weights from trainer statipo14!
2024-03-06 01:07:25,879 - EXECUT - INFO - received weights from trainer statipo13!
2024-03-06 01:07:26,392 - EXECUT - INFO - sent aggregated weights to trainers!
2024-03-06 01:07:27,883 - METRIC - INFO - statipo11 loss: 0.5628382563591003 - accuracy: 0.8509615659713745
2024-03-06 01:07:27,891 - METRIC - INFO - statipo15 loss: 0.8940996527671814 - accuracy: 0.7560975551605225
2024-03-06 01:07:27,891 - METRIC - INFO - statipo12 loss: 0.7398273348808289 - accuracy: 0.8333333134651184
2024-03-06 01:07:27,899 - METRIC - INFO - statipo21 loss: 0.09937446564435959 - accuracy: 0.96334308385849
2024-03-06 01:07:27,901 - METRIC - INFO - statipo14 loss: 0.033676788210868835 - accuracy: 0.9887005686759949
2024-03-06 01:07:27,913 - METRIC - INFO - statipo13 loss: 0.08753260970115662 - accuracy: 0.9679487347602844
2024-03-06 01:07:28,394 - METRIC - INFO - mean_accuracy: 0.8933974703152975

2024-03-06 01:07:28,395 - METRIC - INFO - round: 41
2024-03-06 01:07:28,395 - METRIC - INFO - n_selected: 3
2024-03-06 01:07:28,395 - METRIC - INFO - selected_trainers: statipo21 - statipo13 - statipo14
2024-03-06 01:07:30,936 - EXECUT - INFO - received weights from trainer statipo14!
2024-03-06 01:07:30,990 - EXECUT - INFO - received weights from trainer statipo13!
2024-03-06 01:07:31,269 - EXECUT - INFO - received weights from trainer statipo21!
2024-03-06 01:07:31,494 - EXECUT - INFO - sent aggregated weights to trainers!
2024-03-06 01:07:32,993 - METRIC - INFO - statipo21 loss: 0.08220132440328598 - accuracy: 0.9618768095970154
2024-03-06 01:07:32,994 - METRIC - INFO - statipo14 loss: 0.04097256064414978 - accuracy: 0.9830508232116699
2024-03-06 01:07:32,995 - METRIC - INFO - statipo11 loss: 0.9242023825645447 - accuracy: 0.807692289352417
2024-03-06 01:07:32,999 - METRIC - INFO - statipo12 loss: 0.9817758798599243 - accuracy: 0.7988505959510803
2024-03-06 01:07:33,018 - METRIC - INFO - statipo15 loss: 1.184664249420166 - accuracy: 0.6975609660148621
2024-03-06 01:07:33,018 - METRIC - INFO - statipo13 loss: 0.08448684215545654 - accuracy: 0.9628205299377441
2024-03-06 01:07:33,495 - METRIC - INFO - mean_accuracy: 0.8686420023441315

2024-03-06 01:07:33,495 - METRIC - INFO - round: 42
2024-03-06 01:07:33,495 - METRIC - INFO - n_selected: 3
2024-03-06 01:07:33,495 - METRIC - INFO - selected_trainers: statipo14 - statipo15 - statipo12
2024-03-06 01:07:35,761 - EXECUT - INFO - received weights from trainer statipo12!
2024-03-06 01:07:35,820 - EXECUT - INFO - received weights from trainer statipo15!
2024-03-06 01:07:35,950 - EXECUT - INFO - received weights from trainer statipo14!
2024-03-06 01:07:36,618 - EXECUT - INFO - sent aggregated weights to trainers!
2024-03-06 01:07:38,117 - METRIC - INFO - statipo21 loss: 0.1327904909849167 - accuracy: 0.9472140669822693
2024-03-06 01:07:38,126 - METRIC - INFO - statipo15 loss: 0.04615804925560951 - accuracy: 0.9788618087768555
2024-03-06 01:07:38,139 - METRIC - INFO - statipo14 loss: 0.053959257900714874 - accuracy: 0.9858757257461548
2024-03-06 01:07:38,147 - METRIC - INFO - statipo13 loss: 0.14981502294540405 - accuracy: 0.9307692050933838
2024-03-06 01:07:38,151 - METRIC - INFO - statipo12 loss: 0.0679110586643219 - accuracy: 0.9789271950721741
2024-03-06 01:07:38,176 - METRIC - INFO - statipo11 loss: 1.162062168121338 - accuracy: 0.7852563858032227
2024-03-06 01:07:38,620 - METRIC - INFO - mean_accuracy: 0.93448406457901

2024-03-06 01:07:38,620 - METRIC - INFO - round: 43
2024-03-06 01:07:38,621 - METRIC - INFO - n_selected: 3
2024-03-06 01:07:38,621 - METRIC - INFO - selected_trainers: statipo21 - statipo15 - statipo14
2024-03-06 01:07:41,117 - EXECUT - INFO - received weights from trainer statipo21!
2024-03-06 01:07:41,172 - EXECUT - INFO - received weights from trainer statipo14!
2024-03-06 01:07:41,497 - EXECUT - INFO - received weights from trainer statipo15!
2024-03-06 01:07:41,743 - EXECUT - INFO - sent aggregated weights to trainers!
2024-03-06 01:07:43,226 - METRIC - INFO - statipo14 loss: 0.04190099984407425 - accuracy: 0.9872881174087524
2024-03-06 01:07:43,240 - METRIC - INFO - statipo12 loss: 0.5212928652763367 - accuracy: 0.8563218116760254
2024-03-06 01:07:43,247 - METRIC - INFO - statipo11 loss: 1.094350814819336 - accuracy: 0.7980769276618958
2024-03-06 01:07:43,258 - METRIC - INFO - statipo21 loss: 0.0826752707362175 - accuracy: 0.9780058860778809
2024-03-06 01:07:43,258 - METRIC - INFO - statipo13 loss: 0.2805385887622833 - accuracy: 0.8884615302085876
2024-03-06 01:07:43,261 - METRIC - INFO - statipo15 loss: 0.04518358036875725 - accuracy: 0.9837398529052734
2024-03-06 01:07:43,744 - METRIC - INFO - mean_accuracy: 0.9153156876564026

2024-03-06 01:07:43,745 - METRIC - INFO - round: 44
2024-03-06 01:07:43,745 - METRIC - INFO - n_selected: 3
2024-03-06 01:07:43,745 - METRIC - INFO - selected_trainers: statipo13 - statipo21 - statipo14
2024-03-06 01:07:46,223 - EXECUT - INFO - received weights from trainer statipo21!
2024-03-06 01:07:46,277 - EXECUT - INFO - received weights from trainer statipo14!
2024-03-06 01:07:46,334 - EXECUT - INFO - received weights from trainer statipo13!
2024-03-06 01:07:46,869 - EXECUT - INFO - sent aggregated weights to trainers!
2024-03-06 01:07:48,376 - METRIC - INFO - statipo13 loss: 0.11930828541517258 - accuracy: 0.9525641202926636
2024-03-06 01:07:48,385 - METRIC - INFO - statipo21 loss: 0.08650095760822296 - accuracy: 0.9721407890319824
2024-03-06 01:07:48,388 - METRIC - INFO - statipo14 loss: 0.23667918145656586 - accuracy: 0.9519773721694946
2024-03-06 01:07:48,392 - METRIC - INFO - statipo12 loss: 0.7670267224311829 - accuracy: 0.8141762614250183
2024-03-06 01:07:48,392 - METRIC - INFO - statipo11 loss: 1.251779556274414 - accuracy: 0.7740384340286255
2024-03-06 01:07:48,397 - METRIC - INFO - statipo15 loss: 0.22008845210075378 - accuracy: 0.9333333373069763
2024-03-06 01:07:48,872 - METRIC - INFO - mean_accuracy: 0.8997050523757935

2024-03-06 01:07:48,872 - METRIC - INFO - round: 45
2024-03-06 01:07:48,872 - METRIC - INFO - n_selected: 3
2024-03-06 01:07:48,872 - METRIC - INFO - selected_trainers: statipo14 - statipo15 - statipo12
2024-03-06 01:07:51,190 - EXECUT - INFO - received weights from trainer statipo12!
2024-03-06 01:07:51,249 - EXECUT - INFO - received weights from trainer statipo15!
2024-03-06 01:07:51,313 - EXECUT - INFO - received weights from trainer statipo14!
2024-03-06 01:07:51,996 - EXECUT - INFO - sent aggregated weights to trainers!
2024-03-06 01:07:53,501 - METRIC - INFO - statipo13 loss: 0.21401189267635345 - accuracy: 0.9076923131942749
2024-03-06 01:07:53,519 - METRIC - INFO - statipo15 loss: 0.03968367353081703 - accuracy: 0.9886178970336914
2024-03-06 01:07:53,521 - METRIC - INFO - statipo21 loss: 0.11991915106773376 - accuracy: 0.9560117125511169
2024-03-06 01:07:53,527 - METRIC - INFO - statipo14 loss: 0.0300638098269701 - accuracy: 0.9887005686759949
2024-03-06 01:07:53,528 - METRIC - INFO - statipo12 loss: 0.08750884234905243 - accuracy: 0.984674334526062
2024-03-06 01:07:53,529 - METRIC - INFO - statipo11 loss: 1.4040063619613647 - accuracy: 0.7724359035491943
2024-03-06 01:07:53,999 - METRIC - INFO - mean_accuracy: 0.933022121588389

2024-03-06 01:07:53,999 - METRIC - INFO - round: 46
2024-03-06 01:07:53,999 - METRIC - INFO - n_selected: 3
2024-03-06 01:07:53,999 - METRIC - INFO - selected_trainers: statipo13 - statipo15 - statipo11
2024-03-06 01:07:56,461 - EXECUT - INFO - received weights from trainer statipo11!
2024-03-06 01:07:56,536 - EXECUT - INFO - received weights from trainer statipo13!
2024-03-06 01:07:56,904 - EXECUT - INFO - received weights from trainer statipo15!
2024-03-06 01:07:57,120 - EXECUT - INFO - sent aggregated weights to trainers!
2024-03-06 01:07:58,623 - METRIC - INFO - statipo11 loss: 0.038976047188043594 - accuracy: 0.9919871687889099
2024-03-06 01:07:58,623 - METRIC - INFO - statipo15 loss: 0.04640546813607216 - accuracy: 0.9804878234863281
2024-03-06 01:07:58,642 - METRIC - INFO - statipo12 loss: 0.4176846742630005 - accuracy: 0.8850574493408203
2024-03-06 01:07:58,647 - METRIC - INFO - statipo21 loss: 0.17727430164813995 - accuracy: 0.9266862273216248
2024-03-06 01:07:58,649 - METRIC - INFO - statipo14 loss: 0.04332396015524864 - accuracy: 0.9887005686759949
2024-03-06 01:07:58,649 - METRIC - INFO - statipo13 loss: 0.08243026584386826 - accuracy: 0.9679487347602844
2024-03-06 01:07:59,122 - METRIC - INFO - mean_accuracy: 0.9568113287289938

2024-03-06 01:07:59,123 - METRIC - INFO - round: 47
2024-03-06 01:07:59,123 - METRIC - INFO - n_selected: 3
2024-03-06 01:07:59,123 - METRIC - INFO - selected_trainers: statipo12 - statipo14 - statipo11
2024-03-06 01:08:01,568 - EXECUT - INFO - received weights from trainer statipo14!
2024-03-06 01:08:01,985 - EXECUT - INFO - received weights from trainer statipo11!
2024-03-06 01:08:02,040 - EXECUT - INFO - received weights from trainer statipo12!
2024-03-06 01:08:02,243 - EXECUT - INFO - sent aggregated weights to trainers!
2024-03-06 01:08:03,728 - METRIC - INFO - statipo12 loss: 0.08522387593984604 - accuracy: 0.984674334526062
2024-03-06 01:08:03,745 - METRIC - INFO - statipo13 loss: 0.1844778060913086 - accuracy: 0.9179487228393555
2024-03-06 01:08:03,745 - METRIC - INFO - statipo15 loss: 0.11662782728672028 - accuracy: 0.9642276167869568
2024-03-06 01:08:03,746 - METRIC - INFO - statipo14 loss: 0.0330597385764122 - accuracy: 0.9901130199432373
2024-03-06 01:08:03,761 - METRIC - INFO - statipo11 loss: 0.04018402099609375 - accuracy: 0.9903846383094788
2024-03-06 01:08:03,786 - METRIC - INFO - statipo21 loss: 0.4965342879295349 - accuracy: 0.8577712774276733
2024-03-06 01:08:04,244 - METRIC - INFO - mean_accuracy: 0.9508532683054606

2024-03-06 01:08:04,244 - METRIC - INFO - round: 48
2024-03-06 01:08:04,244 - METRIC - INFO - n_selected: 3
2024-03-06 01:08:04,244 - METRIC - INFO - selected_trainers: statipo13 - statipo14 - statipo15
2024-03-06 01:08:06,647 - EXECUT - INFO - received weights from trainer statipo15!
2024-03-06 01:08:06,701 - EXECUT - INFO - received weights from trainer statipo14!
2024-03-06 01:08:06,755 - EXECUT - INFO - received weights from trainer statipo13!
2024-03-06 01:08:07,367 - EXECUT - INFO - sent aggregated weights to trainers!
2024-03-06 01:08:08,856 - METRIC - INFO - statipo12 loss: 0.3561680018901825 - accuracy: 0.9099617004394531
2024-03-06 01:08:08,857 - METRIC - INFO - statipo11 loss: 0.32619136571884155 - accuracy: 0.9054487347602844
2024-03-06 01:08:08,859 - METRIC - INFO - statipo14 loss: 0.03896564990282059 - accuracy: 0.9816384315490723
2024-03-06 01:08:08,869 - METRIC - INFO - statipo13 loss: 0.08268706500530243 - accuracy: 0.9628205299377441
2024-03-06 01:08:08,872 - METRIC - INFO - statipo21 loss: 0.9726449847221375 - accuracy: 0.7829912304878235
2024-03-06 01:08:08,872 - METRIC - INFO - statipo15 loss: 0.0478438138961792 - accuracy: 0.9821138381958008
2024-03-06 01:08:09,369 - METRIC - INFO - mean_accuracy: 0.9208290775616964

2024-03-06 01:08:09,369 - METRIC - INFO - round: 49
2024-03-06 01:08:09,370 - METRIC - INFO - n_selected: 3
2024-03-06 01:08:09,370 - METRIC - INFO - selected_trainers: statipo14 - statipo15 - statipo13
2024-03-06 01:08:11,937 - EXECUT - INFO - received weights from trainer statipo13!
2024-03-06 01:08:12,203 - EXECUT - INFO - received weights from trainer statipo14!
2024-03-06 01:08:12,258 - EXECUT - INFO - received weights from trainer statipo15!
2024-03-06 01:08:12,489 - EXECUT - INFO - sent aggregated weights to trainers!
2024-03-06 01:08:13,983 - METRIC - INFO - statipo12 loss: 0.4564022421836853 - accuracy: 0.8754789233207703
2024-03-06 01:08:13,988 - METRIC - INFO - statipo21 loss: 0.8632388114929199 - accuracy: 0.7800586223602295
2024-03-06 01:08:13,993 - METRIC - INFO - statipo13 loss: 0.11814986169338226 - accuracy: 0.9487179517745972
2024-03-06 01:08:13,999 - METRIC - INFO - statipo14 loss: 0.0312914215028286 - accuracy: 0.9929378628730774
2024-03-06 01:08:14,009 - METRIC - INFO - statipo11 loss: 0.4169793725013733 - accuracy: 0.8846153616905212
2024-03-06 01:08:14,009 - METRIC - INFO - statipo15 loss: 0.05749238654971123 - accuracy: 0.9756097793579102
2024-03-06 01:08:14,491 - METRIC - INFO - mean_accuracy: 0.9095697502295176

2024-03-06 01:08:14,491 - METRIC - INFO - round: 50
2024-03-06 01:08:14,492 - METRIC - INFO - n_selected: 3
2024-03-06 01:08:14,492 - METRIC - INFO - selected_trainers: statipo12 - statipo14 - statipo21
2024-03-06 01:08:16,917 - EXECUT - INFO - received weights from trainer statipo21!
2024-03-06 01:08:16,973 - EXECUT - INFO - received weights from trainer statipo14!
2024-03-06 01:08:17,325 - EXECUT - INFO - received weights from trainer statipo12!
2024-03-06 01:08:17,611 - EXECUT - INFO - sent aggregated weights to trainers!
2024-03-06 01:08:19,111 - METRIC - INFO - statipo21 loss: 0.13205604255199432 - accuracy: 0.9648093581199646
2024-03-06 01:08:19,112 - METRIC - INFO - statipo11 loss: 0.4918200671672821 - accuracy: 0.870192289352417
2024-03-06 01:08:19,128 - METRIC - INFO - statipo12 loss: 0.08928372710943222 - accuracy: 0.982758641242981
2024-03-06 01:08:19,133 - METRIC - INFO - statipo14 loss: 0.03281703591346741 - accuracy: 0.9872881174087524
2024-03-06 01:08:19,135 - METRIC - INFO - statipo15 loss: 0.11112002283334732 - accuracy: 0.9674796462059021
2024-03-06 01:08:19,140 - METRIC - INFO - statipo13 loss: 0.12976551055908203 - accuracy: 0.9371795058250427
2024-03-06 01:08:19,613 - METRIC - INFO - mean_accuracy: 0.9516179263591766

2024-03-06 01:08:19,613 - METRIC - INFO - stop_condition: rounds
