2024-02-06 23:25:28,849 - EXECUT - INFO - starting server...
2024-02-06 23:25:34,686 - EXECUT - INFO - trainer number statipo13 just joined the pool
2024-02-06 23:25:34,693 - EXECUT - INFO - trainer number statipo21 just joined the pool
2024-02-06 23:25:34,726 - EXECUT - INFO - trainer number statipo11 just joined the pool
2024-02-06 23:25:34,726 - EXECUT - INFO - trainer number statipo12 just joined the pool
2024-02-06 23:25:34,856 - METRIC - INFO - round: 1
2024-02-06 23:25:34,856 - METRIC - INFO - n_selected: 3
2024-02-06 23:25:34,856 - METRIC - INFO - selected_trainers: statipo13 - statipo11 - statipo12
2024-02-06 23:25:36,092 - EXECUT - INFO - received weights from trainer statipo12!
2024-02-06 23:25:36,208 - EXECUT - INFO - received weights from trainer statipo11!
2024-02-06 23:25:36,324 - EXECUT - INFO - received weights from trainer statipo13!
2024-02-06 23:25:36,988 - EXECUT - INFO - sent aggregated weights to trainers!
2024-02-06 23:25:37,134 - METRIC - INFO - statipo12 loss: 0.5539462566375732 - accuracy: 0.8007662892341614
2024-02-06 23:25:37,134 - METRIC - INFO - statipo11 loss: 0.13590283691883087 - accuracy: 0.9471153616905212
2024-02-06 23:25:37,139 - METRIC - INFO - statipo13 loss: 0.43524685502052307 - accuracy: 0.8089743852615356
2024-02-06 23:25:37,141 - METRIC - INFO - statipo21 loss: 19.753711700439453 - accuracy: 0.23163841664791107
2024-02-06 23:25:37,989 - METRIC - INFO - mean_accuracy: 0.6971236132085323

2024-02-06 23:25:37,989 - METRIC - INFO - round: 2
2024-02-06 23:25:37,989 - METRIC - INFO - n_selected: 1
2024-02-06 23:25:37,989 - METRIC - INFO - selected_trainers: statipo21
2024-02-06 23:25:39,125 - EXECUT - INFO - received weights from trainer statipo21!
2024-02-06 23:25:40,115 - EXECUT - INFO - sent aggregated weights to trainers!
2024-02-06 23:25:40,247 - METRIC - INFO - statipo21 loss: 0.14901931583881378 - accuracy: 0.9435028433799744
2024-02-06 23:25:40,252 - METRIC - INFO - statipo13 loss: 1.8588602542877197 - accuracy: 0.16923077404499054
2024-02-06 23:25:40,252 - METRIC - INFO - statipo11 loss: 2.06105899810791 - accuracy: 0.19391025602817535
2024-02-06 23:25:40,256 - METRIC - INFO - statipo12 loss: 1.6823846101760864 - accuracy: 0.21264368295669556
2024-02-06 23:25:41,118 - METRIC - INFO - mean_accuracy: 0.37982188910245895

2024-02-06 23:25:41,118 - METRIC - INFO - round: 3
2024-02-06 23:25:41,119 - METRIC - INFO - n_selected: 3
2024-02-06 23:25:41,119 - METRIC - INFO - selected_trainers: statipo13 - statipo11 - statipo12
2024-02-06 23:25:42,033 - EXECUT - INFO - received weights from trainer statipo11!
2024-02-06 23:25:42,146 - EXECUT - INFO - received weights from trainer statipo13!
2024-02-06 23:25:42,602 - EXECUT - INFO - received weights from trainer statipo12!
2024-02-06 23:25:43,230 - EXECUT - INFO - sent aggregated weights to trainers!
2024-02-06 23:25:43,358 - METRIC - INFO - statipo12 loss: 1.2676146030426025 - accuracy: 0.5957854390144348
2024-02-06 23:25:43,363 - METRIC - INFO - statipo21 loss: 0.14901931583881378 - accuracy: 0.9435028433799744
2024-02-06 23:25:43,394 - METRIC - INFO - statipo13 loss: 0.38553866744041443 - accuracy: 0.8538461327552795
2024-02-06 23:25:43,399 - METRIC - INFO - statipo11 loss: 0.24408641457557678 - accuracy: 0.9214743375778198
2024-02-06 23:25:44,231 - METRIC - INFO - mean_accuracy: 0.8286521881818771

2024-02-06 23:25:44,231 - METRIC - INFO - round: 4
2024-02-06 23:25:44,232 - METRIC - INFO - n_selected: 1
2024-02-06 23:25:44,232 - METRIC - INFO - selected_trainers: statipo12
2024-02-06 23:25:44,815 - EXECUT - INFO - received weights from trainer statipo12!
2024-02-06 23:25:45,319 - EXECUT - INFO - sent aggregated weights to trainers!
2024-02-06 23:25:45,444 - METRIC - INFO - statipo11 loss: 1.4636549949645996 - accuracy: 0.5592948794364929
2024-02-06 23:25:45,445 - METRIC - INFO - statipo12 loss: 0.16656047105789185 - accuracy: 0.9444444179534912
2024-02-06 23:25:45,449 - METRIC - INFO - statipo21 loss: 0.8764361143112183 - accuracy: 0.7429378628730774
2024-02-06 23:25:45,486 - METRIC - INFO - statipo13 loss: 1.4573383331298828 - accuracy: 0.45512819290161133
2024-02-06 23:25:46,321 - METRIC - INFO - mean_accuracy: 0.6754513382911682

2024-02-06 23:25:46,321 - METRIC - INFO - round: 5
2024-02-06 23:25:46,321 - METRIC - INFO - n_selected: 2
2024-02-06 23:25:46,321 - METRIC - INFO - selected_trainers: statipo13 - statipo11
2024-02-06 23:25:47,126 - EXECUT - INFO - received weights from trainer statipo11!
2024-02-06 23:25:47,256 - EXECUT - INFO - received weights from trainer statipo13!
2024-02-06 23:25:47,443 - EXECUT - INFO - sent aggregated weights to trainers!
2024-02-06 23:25:47,575 - METRIC - INFO - statipo12 loss: 0.16656047105789185 - accuracy: 0.9444444179534912
2024-02-06 23:25:47,613 - METRIC - INFO - statipo21 loss: 1.8047547340393066 - accuracy: 0.590395450592041
2024-02-06 23:25:47,613 - METRIC - INFO - statipo11 loss: 0.141902893781662 - accuracy: 0.9583333134651184
2024-02-06 23:25:47,614 - METRIC - INFO - statipo13 loss: 0.4622997045516968 - accuracy: 0.8179486989974976
2024-02-06 23:25:48,445 - METRIC - INFO - mean_accuracy: 0.827780470252037

2024-02-06 23:25:48,445 - METRIC - INFO - round: 6
2024-02-06 23:25:48,445 - METRIC - INFO - n_selected: 2
2024-02-06 23:25:48,445 - METRIC - INFO - selected_trainers: statipo13 - statipo21
2024-02-06 23:25:49,319 - EXECUT - INFO - received weights from trainer statipo21!
2024-02-06 23:25:49,372 - EXECUT - INFO - received weights from trainer statipo13!
2024-02-06 23:25:49,560 - EXECUT - INFO - sent aggregated weights to trainers!
2024-02-06 23:25:49,687 - METRIC - INFO - statipo11 loss: 1.3025929927825928 - accuracy: 0.6474359035491943
2024-02-06 23:25:49,691 - METRIC - INFO - statipo21 loss: 0.1081649661064148 - accuracy: 0.9618644118309021
2024-02-06 23:25:49,721 - METRIC - INFO - statipo13 loss: 0.5803342461585999 - accuracy: 0.7807692289352417
2024-02-06 23:25:49,725 - METRIC - INFO - statipo12 loss: 0.5028169751167297 - accuracy: 0.8180076479911804
2024-02-06 23:25:50,561 - METRIC - INFO - mean_accuracy: 0.8020192980766296

2024-02-06 23:25:50,562 - METRIC - INFO - round: 7
2024-02-06 23:25:50,562 - METRIC - INFO - n_selected: 2
2024-02-06 23:25:50,562 - METRIC - INFO - selected_trainers: statipo13 - statipo11
2024-02-06 23:25:51,411 - EXECUT - INFO - received weights from trainer statipo11!
2024-02-06 23:25:51,546 - EXECUT - INFO - received weights from trainer statipo13!
2024-02-06 23:25:51,684 - EXECUT - INFO - sent aggregated weights to trainers!
2024-02-06 23:25:51,858 - METRIC - INFO - statipo13 loss: 0.18152585625648499 - accuracy: 0.9243589639663696
2024-02-06 23:25:51,859 - METRIC - INFO - statipo21 loss: 0.3223540186882019 - accuracy: 0.8700565099716187
2024-02-06 23:25:51,861 - METRIC - INFO - statipo11 loss: 0.10545416176319122 - accuracy: 0.9679487347602844
2024-02-06 23:25:51,864 - METRIC - INFO - statipo12 loss: 0.8332306146621704 - accuracy: 0.7605363726615906
2024-02-06 23:25:52,686 - METRIC - INFO - mean_accuracy: 0.8807251453399658

2024-02-06 23:25:52,686 - METRIC - INFO - round: 8
2024-02-06 23:25:52,686 - METRIC - INFO - n_selected: 2
2024-02-06 23:25:52,687 - METRIC - INFO - selected_trainers: statipo21 - statipo12
2024-02-06 23:25:53,520 - EXECUT - INFO - received weights from trainer statipo12!
2024-02-06 23:25:53,674 - EXECUT - INFO - received weights from trainer statipo21!
2024-02-06 23:25:53,813 - EXECUT - INFO - sent aggregated weights to trainers!
2024-02-06 23:25:53,958 - METRIC - INFO - statipo21 loss: 0.29542890191078186 - accuracy: 0.9307909607887268
2024-02-06 23:25:53,958 - METRIC - INFO - statipo12 loss: 0.17187896370887756 - accuracy: 0.9406130313873291
2024-02-06 23:25:53,958 - METRIC - INFO - statipo11 loss: 0.9426855444908142 - accuracy: 0.7339743375778198
2024-02-06 23:25:53,984 - METRIC - INFO - statipo13 loss: 0.44676950573921204 - accuracy: 0.7871794700622559
2024-02-06 23:25:54,814 - METRIC - INFO - mean_accuracy: 0.8481394499540329

2024-02-06 23:25:54,814 - METRIC - INFO - round: 9
2024-02-06 23:25:54,814 - METRIC - INFO - n_selected: 2
2024-02-06 23:25:54,814 - METRIC - INFO - selected_trainers: statipo13 - statipo11
2024-02-06 23:25:55,643 - EXECUT - INFO - received weights from trainer statipo11!
2024-02-06 23:25:55,752 - EXECUT - INFO - received weights from trainer statipo13!
2024-02-06 23:25:55,926 - EXECUT - INFO - sent aggregated weights to trainers!
2024-02-06 23:25:56,062 - METRIC - INFO - statipo12 loss: 0.48934856057167053 - accuracy: 0.8582375645637512
2024-02-06 23:25:56,062 - METRIC - INFO - statipo21 loss: 0.199839249253273 - accuracy: 0.9265536665916443
2024-02-06 23:25:56,062 - METRIC - INFO - statipo13 loss: 0.5021249651908875 - accuracy: 0.8346154093742371
2024-02-06 23:25:56,091 - METRIC - INFO - statipo11 loss: 0.07035982608795166 - accuracy: 0.9791666865348816
2024-02-06 23:25:56,927 - METRIC - INFO - mean_accuracy: 0.8996433317661285

2024-02-06 23:25:56,927 - METRIC - INFO - round: 10
2024-02-06 23:25:56,927 - METRIC - INFO - n_selected: 2
2024-02-06 23:25:56,927 - METRIC - INFO - selected_trainers: statipo13 - statipo12
2024-02-06 23:25:57,614 - EXECUT - INFO - received weights from trainer statipo12!
2024-02-06 23:25:57,809 - EXECUT - INFO - received weights from trainer statipo13!
2024-02-06 23:25:58,050 - EXECUT - INFO - sent aggregated weights to trainers!
2024-02-06 23:25:58,174 - METRIC - INFO - statipo12 loss: 0.08434219658374786 - accuracy: 0.9712643623352051
2024-02-06 23:25:58,175 - METRIC - INFO - statipo11 loss: 0.7802613377571106 - accuracy: 0.7740384340286255
2024-02-06 23:25:58,178 - METRIC - INFO - statipo13 loss: 0.17474830150604248 - accuracy: 0.9269230961799622
2024-02-06 23:25:58,178 - METRIC - INFO - statipo21 loss: 0.5474411845207214 - accuracy: 0.805084764957428
2024-02-06 23:25:59,052 - METRIC - INFO - mean_accuracy: 0.8693276643753052

2024-02-06 23:25:59,052 - METRIC - INFO - round: 11
2024-02-06 23:25:59,052 - METRIC - INFO - n_selected: 2
2024-02-06 23:25:59,052 - METRIC - INFO - selected_trainers: statipo21 - statipo11
2024-02-06 23:25:59,850 - EXECUT - INFO - received weights from trainer statipo11!
2024-02-06 23:25:59,925 - EXECUT - INFO - received weights from trainer statipo21!
2024-02-06 23:26:00,176 - EXECUT - INFO - sent aggregated weights to trainers!
2024-02-06 23:26:00,301 - METRIC - INFO - statipo21 loss: 0.0877525731921196 - accuracy: 0.9646892547607422
2024-02-06 23:26:00,303 - METRIC - INFO - statipo12 loss: 0.3823157548904419 - accuracy: 0.8869732022285461
2024-02-06 23:26:00,307 - METRIC - INFO - statipo11 loss: 0.09831877052783966 - accuracy: 0.9647436141967773
2024-02-06 23:26:00,313 - METRIC - INFO - statipo13 loss: 0.25992223620414734 - accuracy: 0.8987179398536682
2024-02-06 23:26:01,177 - METRIC - INFO - mean_accuracy: 0.9287810027599335

2024-02-06 23:26:01,178 - METRIC - INFO - round: 12
2024-02-06 23:26:01,178 - METRIC - INFO - n_selected: 2
2024-02-06 23:26:01,178 - METRIC - INFO - selected_trainers: statipo13 - statipo12
2024-02-06 23:26:01,898 - EXECUT - INFO - received weights from trainer statipo12!
2024-02-06 23:26:02,108 - EXECUT - INFO - received weights from trainer statipo13!
2024-02-06 23:26:02,304 - EXECUT - INFO - sent aggregated weights to trainers!
2024-02-06 23:26:02,437 - METRIC - INFO - statipo13 loss: 0.27821385860443115 - accuracy: 0.8871794939041138
2024-02-06 23:26:02,478 - METRIC - INFO - statipo21 loss: 0.16181279718875885 - accuracy: 0.9392655491828918
2024-02-06 23:26:02,480 - METRIC - INFO - statipo11 loss: 0.6398966908454895 - accuracy: 0.8285256624221802
2024-02-06 23:26:02,480 - METRIC - INFO - statipo12 loss: 0.09684397280216217 - accuracy: 0.959770143032074
2024-02-06 23:26:03,305 - METRIC - INFO - mean_accuracy: 0.9036852121353149

2024-02-06 23:26:03,306 - METRIC - INFO - round: 13
2024-02-06 23:26:03,306 - METRIC - INFO - n_selected: 2
2024-02-06 23:26:03,306 - METRIC - INFO - selected_trainers: statipo13 - statipo11
2024-02-06 23:26:04,135 - EXECUT - INFO - received weights from trainer statipo11!
2024-02-06 23:26:04,252 - EXECUT - INFO - received weights from trainer statipo13!
2024-02-06 23:26:04,431 - EXECUT - INFO - sent aggregated weights to trainers!
2024-02-06 23:26:04,560 - METRIC - INFO - statipo11 loss: 0.059951793402433395 - accuracy: 0.9839743375778198
2024-02-06 23:26:04,561 - METRIC - INFO - statipo12 loss: 0.34308263659477234 - accuracy: 0.9022988677024841
2024-02-06 23:26:04,592 - METRIC - INFO - statipo13 loss: 0.12102039903402328 - accuracy: 0.9538461565971375
2024-02-06 23:26:04,593 - METRIC - INFO - statipo21 loss: 0.580977201461792 - accuracy: 0.8319209218025208
2024-02-06 23:26:05,432 - METRIC - INFO - mean_accuracy: 0.9180100709199905

2024-02-06 23:26:05,432 - METRIC - INFO - round: 14
2024-02-06 23:26:05,433 - METRIC - INFO - n_selected: 2
2024-02-06 23:26:05,433 - METRIC - INFO - selected_trainers: statipo21 - statipo12
2024-02-06 23:26:06,200 - EXECUT - INFO - received weights from trainer statipo12!
2024-02-06 23:26:06,360 - EXECUT - INFO - received weights from trainer statipo21!
2024-02-06 23:26:06,557 - EXECUT - INFO - sent aggregated weights to trainers!
2024-02-06 23:26:06,686 - METRIC - INFO - statipo12 loss: 0.0761377140879631 - accuracy: 0.9712643623352051
2024-02-06 23:26:06,686 - METRIC - INFO - statipo13 loss: 0.23956698179244995 - accuracy: 0.8974359035491943
2024-02-06 23:26:06,731 - METRIC - INFO - statipo21 loss: 0.05848325416445732 - accuracy: 0.9788135886192322
2024-02-06 23:26:06,731 - METRIC - INFO - statipo11 loss: 0.5066598653793335 - accuracy: 0.8525640964508057
2024-02-06 23:26:07,558 - METRIC - INFO - mean_accuracy: 0.9250194877386093

2024-02-06 23:26:07,558 - METRIC - INFO - round: 15
2024-02-06 23:26:07,558 - METRIC - INFO - n_selected: 2
2024-02-06 23:26:07,559 - METRIC - INFO - selected_trainers: statipo13 - statipo11
2024-02-06 23:26:08,421 - EXECUT - INFO - received weights from trainer statipo11!
2024-02-06 23:26:08,553 - EXECUT - INFO - received weights from trainer statipo13!
2024-02-06 23:26:08,645 - EXECUT - INFO - sent aggregated weights to trainers!
2024-02-06 23:26:08,773 - METRIC - INFO - statipo11 loss: 0.049110423773527145 - accuracy: 0.9855769276618958
2024-02-06 23:26:08,773 - METRIC - INFO - statipo12 loss: 0.3481908440589905 - accuracy: 0.8946360349655151
2024-02-06 23:26:08,777 - METRIC - INFO - statipo13 loss: 0.11850257962942123 - accuracy: 0.9474359154701233
2024-02-06 23:26:08,808 - METRIC - INFO - statipo21 loss: 0.1436595320701599 - accuracy: 0.9533898234367371
2024-02-06 23:26:09,647 - METRIC - INFO - mean_accuracy: 0.9452596753835678

2024-02-06 23:26:09,647 - METRIC - INFO - round: 16
2024-02-06 23:26:09,648 - METRIC - INFO - n_selected: 1
2024-02-06 23:26:09,648 - METRIC - INFO - selected_trainers: statipo12
2024-02-06 23:26:10,278 - EXECUT - INFO - received weights from trainer statipo12!
2024-02-06 23:26:10,773 - EXECUT - INFO - sent aggregated weights to trainers!
2024-02-06 23:26:10,898 - METRIC - INFO - statipo12 loss: 0.0523274727165699 - accuracy: 0.984674334526062
2024-02-06 23:26:10,901 - METRIC - INFO - statipo11 loss: 0.46873223781585693 - accuracy: 0.8669871687889099
2024-02-06 23:26:10,902 - METRIC - INFO - statipo21 loss: 0.4119815230369568 - accuracy: 0.8700565099716187
2024-02-06 23:26:10,908 - METRIC - INFO - statipo13 loss: 0.19388024508953094 - accuracy: 0.9115384817123413
2024-02-06 23:26:11,775 - METRIC - INFO - mean_accuracy: 0.908314123749733

2024-02-06 23:26:11,775 - METRIC - INFO - round: 17
2024-02-06 23:26:11,775 - METRIC - INFO - n_selected: 2
2024-02-06 23:26:11,775 - METRIC - INFO - selected_trainers: statipo21 - statipo11
2024-02-06 23:26:12,647 - EXECUT - INFO - received weights from trainer statipo11!
2024-02-06 23:26:12,719 - EXECUT - INFO - received weights from trainer statipo21!
2024-02-06 23:26:12,884 - EXECUT - INFO - sent aggregated weights to trainers!
2024-02-06 23:26:13,014 - METRIC - INFO - statipo11 loss: 0.05424677953124046 - accuracy: 0.9823718070983887
2024-02-06 23:26:13,014 - METRIC - INFO - statipo12 loss: 0.0523274727165699 - accuracy: 0.984674334526062
2024-02-06 23:26:13,016 - METRIC - INFO - statipo13 loss: 0.933124303817749 - accuracy: 0.7512820363044739
2024-02-06 23:26:13,046 - METRIC - INFO - statipo21 loss: 0.05102938786149025 - accuracy: 0.9774011373519897
2024-02-06 23:26:13,885 - METRIC - INFO - mean_accuracy: 0.9239323288202286

2024-02-06 23:26:13,886 - METRIC - INFO - round: 18
2024-02-06 23:26:13,886 - METRIC - INFO - n_selected: 1
2024-02-06 23:26:13,886 - METRIC - INFO - selected_trainers: statipo13
2024-02-06 23:26:14,704 - EXECUT - INFO - received weights from trainer statipo13!
2024-02-06 23:26:15,003 - EXECUT - INFO - sent aggregated weights to trainers!
2024-02-06 23:26:15,138 - METRIC - INFO - statipo12 loss: 0.2747703790664673 - accuracy: 0.9118773937225342
2024-02-06 23:26:15,139 - METRIC - INFO - statipo13 loss: 0.1405753195285797 - accuracy: 0.942307710647583
2024-02-06 23:26:15,172 - METRIC - INFO - statipo11 loss: 0.45951905846595764 - accuracy: 0.8717948794364929
2024-02-06 23:26:15,176 - METRIC - INFO - statipo21 loss: 0.22338981926441193 - accuracy: 0.9350282549858093
2024-02-06 23:26:16,004 - METRIC - INFO - mean_accuracy: 0.9152520596981049

2024-02-06 23:26:16,004 - METRIC - INFO - round: 19
2024-02-06 23:26:16,005 - METRIC - INFO - n_selected: 2
2024-02-06 23:26:16,005 - METRIC - INFO - selected_trainers: statipo11 - statipo12
2024-02-06 23:26:16,736 - EXECUT - INFO - received weights from trainer statipo12!
2024-02-06 23:26:16,822 - EXECUT - INFO - received weights from trainer statipo11!
2024-02-06 23:26:17,126 - EXECUT - INFO - sent aggregated weights to trainers!
2024-02-06 23:26:17,254 - METRIC - INFO - statipo12 loss: 0.09226466715335846 - accuracy: 0.967432975769043
2024-02-06 23:26:17,262 - METRIC - INFO - statipo13 loss: 0.1405753195285797 - accuracy: 0.942307710647583
2024-02-06 23:26:17,292 - METRIC - INFO - statipo21 loss: 0.6168909668922424 - accuracy: 0.8276836276054382
2024-02-06 23:26:17,293 - METRIC - INFO - statipo11 loss: 0.043600089848041534 - accuracy: 0.9855769276618958
2024-02-06 23:26:18,128 - METRIC - INFO - mean_accuracy: 0.93075031042099

2024-02-06 23:26:18,128 - METRIC - INFO - round: 20
2024-02-06 23:26:18,129 - METRIC - INFO - n_selected: 1
2024-02-06 23:26:18,129 - METRIC - INFO - selected_trainers: statipo21
2024-02-06 23:26:18,883 - EXECUT - INFO - received weights from trainer statipo21!
2024-02-06 23:26:19,224 - EXECUT - INFO - sent aggregated weights to trainers!
2024-02-06 23:26:19,350 - METRIC - INFO - statipo12 loss: 0.19900824129581451 - accuracy: 0.931034505367279
2024-02-06 23:26:19,351 - METRIC - INFO - statipo11 loss: 0.207672119140625 - accuracy: 0.9102563858032227
2024-02-06 23:26:19,354 - METRIC - INFO - statipo21 loss: 0.06662454456090927 - accuracy: 0.9731638431549072
2024-02-06 23:26:19,357 - METRIC - INFO - statipo13 loss: 0.2461244761943817 - accuracy: 0.8935897350311279
2024-02-06 23:26:20,225 - METRIC - INFO - mean_accuracy: 0.9270111173391342

2024-02-06 23:26:20,226 - METRIC - INFO - round: 21
2024-02-06 23:26:20,226 - METRIC - INFO - n_selected: 2
2024-02-06 23:26:20,226 - METRIC - INFO - selected_trainers: statipo13 - statipo11
2024-02-06 23:26:21,039 - EXECUT - INFO - received weights from trainer statipo11!
2024-02-06 23:26:21,149 - EXECUT - INFO - received weights from trainer statipo13!
2024-02-06 23:26:21,316 - EXECUT - INFO - sent aggregated weights to trainers!
2024-02-06 23:26:21,446 - METRIC - INFO - statipo12 loss: 0.6087505221366882 - accuracy: 0.8486589789390564
2024-02-06 23:26:21,446 - METRIC - INFO - statipo11 loss: 0.045455362647771835 - accuracy: 0.9855769276618958
2024-02-06 23:26:21,449 - METRIC - INFO - statipo21 loss: 0.06662454456090927 - accuracy: 0.9731638431549072
2024-02-06 23:26:21,479 - METRIC - INFO - statipo13 loss: 0.10416831076145172 - accuracy: 0.9602563977241516
2024-02-06 23:26:22,318 - METRIC - INFO - mean_accuracy: 0.9419140368700027

2024-02-06 23:26:22,318 - METRIC - INFO - round: 22
2024-02-06 23:26:22,318 - METRIC - INFO - n_selected: 1
2024-02-06 23:26:22,319 - METRIC - INFO - selected_trainers: statipo12
2024-02-06 23:26:22,952 - EXECUT - INFO - received weights from trainer statipo12!
2024-02-06 23:26:23,411 - EXECUT - INFO - sent aggregated weights to trainers!
2024-02-06 23:26:23,541 - METRIC - INFO - statipo11 loss: 0.2509564757347107 - accuracy: 0.9198718070983887
2024-02-06 23:26:23,543 - METRIC - INFO - statipo12 loss: 0.04347268491983414 - accuracy: 0.984674334526062
2024-02-06 23:26:23,551 - METRIC - INFO - statipo13 loss: 0.1560034304857254 - accuracy: 0.9294871687889099
2024-02-06 23:26:23,576 - METRIC - INFO - statipo21 loss: 0.0697285458445549 - accuracy: 0.9745762944221497
2024-02-06 23:26:24,413 - METRIC - INFO - mean_accuracy: 0.9521524012088776

2024-02-06 23:26:24,413 - METRIC - INFO - round: 23
2024-02-06 23:26:24,413 - METRIC - INFO - n_selected: 2
2024-02-06 23:26:24,414 - METRIC - INFO - selected_trainers: statipo13 - statipo11
2024-02-06 23:26:25,251 - EXECUT - INFO - received weights from trainer statipo11!
2024-02-06 23:26:25,892 - EXECUT - INFO - received weights from trainer statipo13!
2024-02-06 23:26:26,523 - EXECUT - INFO - sent aggregated weights to trainers!
2024-02-06 23:26:26,650 - METRIC - INFO - statipo12 loss: 0.04347268491983414 - accuracy: 0.984674334526062
2024-02-06 23:26:26,656 - METRIC - INFO - statipo21 loss: 0.41784095764160156 - accuracy: 0.8389830589294434
2024-02-06 23:26:26,658 - METRIC - INFO - statipo13 loss: 0.09837491065263748 - accuracy: 0.9615384340286255
2024-02-06 23:26:26,689 - METRIC - INFO - statipo11 loss: 0.0410359688103199 - accuracy: 0.9871794581413269
2024-02-06 23:26:27,525 - METRIC - INFO - mean_accuracy: 0.9430938214063644

2024-02-06 23:26:27,525 - METRIC - INFO - round: 24
2024-02-06 23:26:27,525 - METRIC - INFO - n_selected: 1
2024-02-06 23:26:27,525 - METRIC - INFO - selected_trainers: statipo21
2024-02-06 23:26:28,260 - EXECUT - INFO - received weights from trainer statipo21!
2024-02-06 23:26:28,613 - EXECUT - INFO - sent aggregated weights to trainers!
2024-02-06 23:26:28,739 - METRIC - INFO - statipo21 loss: 0.058982186019420624 - accuracy: 0.9816384315490723
2024-02-06 23:26:28,739 - METRIC - INFO - statipo12 loss: 0.09574413299560547 - accuracy: 0.9655172228813171
2024-02-06 23:26:28,775 - METRIC - INFO - statipo13 loss: 0.1448151022195816 - accuracy: 0.9384615421295166
2024-02-06 23:26:28,776 - METRIC - INFO - statipo11 loss: 0.29875874519348145 - accuracy: 0.9006410241127014
2024-02-06 23:26:29,615 - METRIC - INFO - mean_accuracy: 0.9465645551681519

2024-02-06 23:26:29,615 - METRIC - INFO - round: 25
2024-02-06 23:26:29,615 - METRIC - INFO - n_selected: 2
2024-02-06 23:26:29,615 - METRIC - INFO - selected_trainers: statipo13 - statipo11
2024-02-06 23:26:30,404 - EXECUT - INFO - received weights from trainer statipo11!
2024-02-06 23:26:30,521 - EXECUT - INFO - received weights from trainer statipo13!
2024-02-06 23:26:30,730 - EXECUT - INFO - sent aggregated weights to trainers!
2024-02-06 23:26:30,860 - METRIC - INFO - statipo12 loss: 0.28356099128723145 - accuracy: 0.9118773937225342
2024-02-06 23:26:30,864 - METRIC - INFO - statipo21 loss: 0.058982186019420624 - accuracy: 0.9816384315490723
2024-02-06 23:26:30,866 - METRIC - INFO - statipo13 loss: 0.10496675223112106 - accuracy: 0.9589743614196777
2024-02-06 23:26:30,900 - METRIC - INFO - statipo11 loss: 0.044181667268276215 - accuracy: 0.9855769276618958
2024-02-06 23:26:31,732 - METRIC - INFO - mean_accuracy: 0.959516778588295

2024-02-06 23:26:31,732 - METRIC - INFO - round: 26
2024-02-06 23:26:31,732 - METRIC - INFO - n_selected: 2
2024-02-06 23:26:31,732 - METRIC - INFO - selected_trainers: statipo13 - statipo12
2024-02-06 23:26:32,532 - EXECUT - INFO - received weights from trainer statipo12!
2024-02-06 23:26:32,725 - EXECUT - INFO - received weights from trainer statipo13!
2024-02-06 23:26:32,851 - EXECUT - INFO - sent aggregated weights to trainers!
2024-02-06 23:26:33,031 - METRIC - INFO - statipo21 loss: 0.0542585514485836 - accuracy: 0.9858757257461548
2024-02-06 23:26:33,045 - METRIC - INFO - statipo11 loss: 0.2319190949201584 - accuracy: 0.9310897588729858
2024-02-06 23:26:33,058 - METRIC - INFO - statipo12 loss: 0.031750477850437164 - accuracy: 0.992337167263031
2024-02-06 23:26:33,062 - METRIC - INFO - statipo13 loss: 0.10077986121177673 - accuracy: 0.964102566242218
2024-02-06 23:26:33,852 - METRIC - INFO - mean_accuracy: 0.9683513045310974

2024-02-06 23:26:33,853 - METRIC - INFO - round: 27
2024-02-06 23:26:33,853 - METRIC - INFO - n_selected: 2
2024-02-06 23:26:33,853 - METRIC - INFO - selected_trainers: statipo13 - statipo11
2024-02-06 23:26:34,695 - EXECUT - INFO - received weights from trainer statipo11!
2024-02-06 23:26:34,807 - EXECUT - INFO - received weights from trainer statipo13!
2024-02-06 23:26:34,947 - EXECUT - INFO - sent aggregated weights to trainers!
2024-02-06 23:26:35,075 - METRIC - INFO - statipo12 loss: 0.11196689307689667 - accuracy: 0.954023003578186
2024-02-06 23:26:35,075 - METRIC - INFO - statipo11 loss: 0.03948694095015526 - accuracy: 0.9887820482254028
2024-02-06 23:26:35,076 - METRIC - INFO - statipo21 loss: 0.10927333682775497 - accuracy: 0.9576271176338196
2024-02-06 23:26:35,142 - METRIC - INFO - statipo13 loss: 0.09580554813146591 - accuracy: 0.9602563977241516
2024-02-06 23:26:35,949 - METRIC - INFO - mean_accuracy: 0.96517214179039

2024-02-06 23:26:35,949 - METRIC - INFO - round: 28
2024-02-06 23:26:35,949 - METRIC - INFO - n_selected: 3
2024-02-06 23:26:35,949 - METRIC - INFO - selected_trainers: statipo13 - statipo21 - statipo12
2024-02-06 23:26:36,818 - EXECUT - INFO - received weights from trainer statipo12!
2024-02-06 23:26:37,000 - EXECUT - INFO - received weights from trainer statipo21!
2024-02-06 23:26:37,054 - EXECUT - INFO - received weights from trainer statipo13!
2024-02-06 23:26:38,117 - EXECUT - INFO - sent aggregated weights to trainers!
2024-02-06 23:26:38,246 - METRIC - INFO - statipo12 loss: 0.0301135815680027 - accuracy: 0.9942528605461121
2024-02-06 23:26:38,249 - METRIC - INFO - statipo11 loss: 0.16324754059314728 - accuracy: 0.9391025900840759
2024-02-06 23:26:38,251 - METRIC - INFO - statipo21 loss: 0.027090296149253845 - accuracy: 0.9887005686759949
2024-02-06 23:26:38,282 - METRIC - INFO - statipo13 loss: 0.14354254305362701 - accuracy: 0.9435897469520569
2024-02-06 23:26:39,118 - METRIC - INFO - mean_accuracy: 0.9664114415645599

2024-02-06 23:26:39,118 - METRIC - INFO - round: 29
2024-02-06 23:26:39,118 - METRIC - INFO - n_selected: 2
2024-02-06 23:26:39,119 - METRIC - INFO - selected_trainers: statipo13 - statipo11
2024-02-06 23:26:39,989 - EXECUT - INFO - received weights from trainer statipo11!
2024-02-06 23:26:40,116 - EXECUT - INFO - received weights from trainer statipo13!
2024-02-06 23:26:40,204 - EXECUT - INFO - sent aggregated weights to trainers!
2024-02-06 23:26:40,332 - METRIC - INFO - statipo11 loss: 0.03778217360377312 - accuracy: 0.9871794581413269
2024-02-06 23:26:40,335 - METRIC - INFO - statipo13 loss: 0.09684973210096359 - accuracy: 0.9692307710647583
2024-02-06 23:26:40,367 - METRIC - INFO - statipo21 loss: 0.05595387890934944 - accuracy: 0.9816384315490723
2024-02-06 23:26:40,368 - METRIC - INFO - statipo12 loss: 0.14077098667621613 - accuracy: 0.9406130313873291
2024-02-06 23:26:41,205 - METRIC - INFO - mean_accuracy: 0.9696654230356216

2024-02-06 23:26:41,205 - METRIC - INFO - round: 30
2024-02-06 23:26:41,206 - METRIC - INFO - n_selected: 2
2024-02-06 23:26:41,206 - METRIC - INFO - selected_trainers: statipo13 - statipo12
2024-02-06 23:26:41,908 - EXECUT - INFO - received weights from trainer statipo12!
2024-02-06 23:26:42,109 - EXECUT - INFO - received weights from trainer statipo13!
2024-02-06 23:26:42,330 - EXECUT - INFO - sent aggregated weights to trainers!
2024-02-06 23:26:42,461 - METRIC - INFO - statipo11 loss: 0.1276957094669342 - accuracy: 0.9487179517745972
2024-02-06 23:26:42,464 - METRIC - INFO - statipo21 loss: 0.0852842628955841 - accuracy: 0.9632768630981445
2024-02-06 23:26:42,493 - METRIC - INFO - statipo13 loss: 0.0882808268070221 - accuracy: 0.9564102292060852
2024-02-06 23:26:42,498 - METRIC - INFO - statipo12 loss: 0.05485996603965759 - accuracy: 0.9808428883552551
2024-02-06 23:26:43,331 - METRIC - INFO - mean_accuracy: 0.9623119831085205

2024-02-06 23:26:43,331 - METRIC - INFO - round: 31
2024-02-06 23:26:43,332 - METRIC - INFO - n_selected: 2
2024-02-06 23:26:43,332 - METRIC - INFO - selected_trainers: statipo13 - statipo11
2024-02-06 23:26:44,157 - EXECUT - INFO - received weights from trainer statipo11!
2024-02-06 23:26:44,279 - EXECUT - INFO - received weights from trainer statipo13!
2024-02-06 23:26:44,437 - EXECUT - INFO - sent aggregated weights to trainers!
2024-02-06 23:26:44,573 - METRIC - INFO - statipo21 loss: 0.12947940826416016 - accuracy: 0.9576271176338196
2024-02-06 23:26:44,604 - METRIC - INFO - statipo11 loss: 0.03810844570398331 - accuracy: 0.9871794581413269
2024-02-06 23:26:44,606 - METRIC - INFO - statipo13 loss: 0.07510360330343246 - accuracy: 0.9628205299377441
2024-02-06 23:26:44,606 - METRIC - INFO - statipo12 loss: 0.07664820551872253 - accuracy: 0.9712643623352051
2024-02-06 23:26:45,438 - METRIC - INFO - mean_accuracy: 0.9697228670120239

2024-02-06 23:26:45,439 - METRIC - INFO - round: 32
2024-02-06 23:26:45,439 - METRIC - INFO - n_selected: 2
2024-02-06 23:26:45,439 - METRIC - INFO - selected_trainers: statipo13 - statipo21
2024-02-06 23:26:46,402 - EXECUT - INFO - received weights from trainer statipo21!
2024-02-06 23:26:46,463 - EXECUT - INFO - received weights from trainer statipo13!
2024-02-06 23:26:47,579 - EXECUT - INFO - sent aggregated weights to trainers!
2024-02-06 23:26:47,712 - METRIC - INFO - statipo12 loss: 0.1825706511735916 - accuracy: 0.9406130313873291
2024-02-06 23:26:47,720 - METRIC - INFO - statipo21 loss: 0.033813782036304474 - accuracy: 0.991525411605835
2024-02-06 23:26:47,750 - METRIC - INFO - statipo13 loss: 0.08616272360086441 - accuracy: 0.964102566242218
2024-02-06 23:26:47,753 - METRIC - INFO - statipo11 loss: 0.11642628163099289 - accuracy: 0.9567307829856873
2024-02-06 23:26:48,581 - METRIC - INFO - mean_accuracy: 0.9632429480552673

2024-02-06 23:26:48,581 - METRIC - INFO - round: 33
2024-02-06 23:26:48,581 - METRIC - INFO - n_selected: 2
2024-02-06 23:26:48,582 - METRIC - INFO - selected_trainers: statipo11 - statipo12
2024-02-06 23:26:49,347 - EXECUT - INFO - received weights from trainer statipo12!
2024-02-06 23:26:49,457 - EXECUT - INFO - received weights from trainer statipo11!
2024-02-06 23:26:49,690 - EXECUT - INFO - sent aggregated weights to trainers!
2024-02-06 23:26:49,827 - METRIC - INFO - statipo12 loss: 0.04877765476703644 - accuracy: 0.9865900278091431
2024-02-06 23:26:49,839 - METRIC - INFO - statipo13 loss: 0.09963440895080566 - accuracy: 0.9538461565971375
2024-02-06 23:26:49,840 - METRIC - INFO - statipo11 loss: 0.033108994364738464 - accuracy: 0.9887820482254028
2024-02-06 23:26:49,863 - METRIC - INFO - statipo21 loss: 0.04582967609167099 - accuracy: 0.9802259802818298
2024-02-06 23:26:50,692 - METRIC - INFO - mean_accuracy: 0.9773610532283783

2024-02-06 23:26:50,693 - METRIC - INFO - stop_condition: accuracy
