2024-02-27 02:22:12,833 - EXECUT - INFO - starting server...
2024-02-27 02:22:19,049 - EXECUT - INFO - trainer number statipo15 just joined the pool
2024-02-27 02:22:19,096 - EXECUT - INFO - trainer number statipo12 just joined the pool
2024-02-27 02:22:19,140 - EXECUT - INFO - trainer number statipo11 just joined the pool
2024-02-27 02:22:19,189 - EXECUT - INFO - trainer number statipo13 just joined the pool
2024-02-27 02:22:19,232 - EXECUT - INFO - trainer number statipo21 just joined the pool
2024-02-27 02:22:19,232 - EXECUT - INFO - trainer number statipo14 just joined the pool
2024-02-27 02:22:19,840 - METRIC - INFO - round: 1
2024-02-27 02:22:19,841 - METRIC - INFO - n_selected: 3
2024-02-27 02:22:19,841 - METRIC - INFO - selected_trainers: statipo12 - statipo13 - statipo14
2024-02-27 02:22:24,315 - EXECUT - INFO - received weights from trainer statipo14!
2024-02-27 02:22:24,671 - EXECUT - INFO - received weights from trainer statipo13!
2024-02-27 02:22:25,602 - EXECUT - INFO - received weights from trainer statipo12!
2024-02-27 02:22:25,939 - EXECUT - INFO - sent aggregated weights to trainers!
2024-02-27 02:22:26,083 - METRIC - INFO - statipo12 loss: 0.35210850834846497 - accuracy: 0.8735632300376892
2024-02-27 02:22:26,087 - METRIC - INFO - statipo15 loss: 32.573360443115234 - accuracy: 0.1609756052494049
2024-02-27 02:22:26,096 - METRIC - INFO - statipo14 loss: 0.11505182832479477 - accuracy: 0.9576271176338196
2024-02-27 02:22:26,104 - METRIC - INFO - statipo21 loss: 43.87830352783203 - accuracy: 0.15395894646644592
2024-02-27 02:22:26,104 - METRIC - INFO - statipo11 loss: 12.50644588470459 - accuracy: 0.31089743971824646
2024-02-27 02:22:26,109 - METRIC - INFO - statipo13 loss: 0.48764705657958984 - accuracy: 0.8128204941749573
2024-02-27 02:22:26,940 - METRIC - INFO - mean_accuracy: 0.5449738055467606

2024-02-27 02:22:26,941 - METRIC - INFO - round: 2
2024-02-27 02:22:26,942 - METRIC - INFO - n_selected: 3
2024-02-27 02:22:26,942 - METRIC - INFO - selected_trainers: statipo13 - statipo15 - statipo11
2024-02-27 02:22:29,487 - EXECUT - INFO - received weights from trainer statipo15!
2024-02-27 02:22:29,611 - EXECUT - INFO - received weights from trainer statipo13!
2024-02-27 02:22:29,664 - EXECUT - INFO - received weights from trainer statipo11!
2024-02-27 02:22:30,058 - EXECUT - INFO - sent aggregated weights to trainers!
2024-02-27 02:22:30,206 - METRIC - INFO - statipo14 loss: 1.6330244541168213 - accuracy: 0.2542372941970825
2024-02-27 02:22:30,224 - METRIC - INFO - statipo15 loss: 0.4178016185760498 - accuracy: 0.855284571647644
2024-02-27 02:22:30,227 - METRIC - INFO - statipo11 loss: 0.3787599503993988 - accuracy: 0.8557692170143127
2024-02-27 02:22:30,231 - METRIC - INFO - statipo12 loss: 1.6807194948196411 - accuracy: 0.1590038239955902
2024-02-27 02:22:30,237 - METRIC - INFO - statipo13 loss: 0.3179874122142792 - accuracy: 0.879487156867981
2024-02-27 02:22:30,238 - METRIC - INFO - statipo21 loss: 1.9440022706985474 - accuracy: 0.17302052676677704
2024-02-27 02:22:31,060 - METRIC - INFO - mean_accuracy: 0.5294670984148979

2024-02-27 02:22:31,060 - METRIC - INFO - round: 3
2024-02-27 02:22:31,060 - METRIC - INFO - n_selected: 3
2024-02-27 02:22:31,061 - METRIC - INFO - selected_trainers: statipo11 - statipo15 - statipo21
2024-02-27 02:22:32,344 - EXECUT - INFO - received weights from trainer statipo15!
2024-02-27 02:22:32,426 - EXECUT - INFO - received weights from trainer statipo11!
2024-02-27 02:22:33,896 - EXECUT - INFO - received weights from trainer statipo21!
2024-02-27 02:22:34,182 - EXECUT - INFO - sent aggregated weights to trainers!
2024-02-27 02:22:34,321 - METRIC - INFO - statipo15 loss: 0.24046996235847473 - accuracy: 0.9105691313743591
2024-02-27 02:22:34,331 - METRIC - INFO - statipo13 loss: 1.053687572479248 - accuracy: 0.6987179517745972
2024-02-27 02:22:34,334 - METRIC - INFO - statipo21 loss: 0.24103324115276337 - accuracy: 0.9061583280563354
2024-02-27 02:22:34,337 - METRIC - INFO - statipo14 loss: 1.689247727394104 - accuracy: 0.26836156845092773
2024-02-27 02:22:34,351 - METRIC - INFO - statipo11 loss: 0.20862147212028503 - accuracy: 0.9262820482254028
2024-02-27 02:22:34,354 - METRIC - INFO - statipo12 loss: 1.7669464349746704 - accuracy: 0.17241379618644714
2024-02-27 02:22:35,184 - METRIC - INFO - mean_accuracy: 0.6470838040113449

2024-02-27 02:22:35,184 - METRIC - INFO - round: 4
2024-02-27 02:22:35,185 - METRIC - INFO - n_selected: 3
2024-02-27 02:22:35,185 - METRIC - INFO - selected_trainers: statipo15 - statipo13 - statipo14
2024-02-27 02:22:36,556 - EXECUT - INFO - received weights from trainer statipo15!
2024-02-27 02:22:36,733 - EXECUT - INFO - received weights from trainer statipo14!
2024-02-27 02:22:36,785 - EXECUT - INFO - received weights from trainer statipo13!
2024-02-27 02:22:37,274 - EXECUT - INFO - sent aggregated weights to trainers!
2024-02-27 02:22:37,405 - METRIC - INFO - statipo15 loss: 0.3837951421737671 - accuracy: 0.8569105863571167
2024-02-27 02:22:37,414 - METRIC - INFO - statipo11 loss: 0.6752752661705017 - accuracy: 0.7483974099159241
2024-02-27 02:22:37,422 - METRIC - INFO - statipo13 loss: 0.2499249130487442 - accuracy: 0.9217948913574219
2024-02-27 02:22:37,423 - METRIC - INFO - statipo21 loss: 0.8470903635025024 - accuracy: 0.6304985284805298
2024-02-27 02:22:37,430 - METRIC - INFO - statipo14 loss: 1.3428959846496582 - accuracy: 0.6935028433799744
2024-02-27 02:22:37,443 - METRIC - INFO - statipo12 loss: 2.168487548828125 - accuracy: 0.19923371076583862
2024-02-27 02:22:38,275 - METRIC - INFO - mean_accuracy: 0.6750563283761343

2024-02-27 02:22:38,276 - METRIC - INFO - round: 5
2024-02-27 02:22:38,276 - METRIC - INFO - n_selected: 3
2024-02-27 02:22:38,276 - METRIC - INFO - selected_trainers: statipo15 - statipo12 - statipo14
2024-02-27 02:22:42,099 - EXECUT - INFO - received weights from trainer statipo12!
2024-02-27 02:22:42,582 - EXECUT - INFO - received weights from trainer statipo14!
2024-02-27 02:22:43,570 - EXECUT - INFO - received weights from trainer statipo15!
2024-02-27 02:22:44,368 - EXECUT - INFO - sent aggregated weights to trainers!
2024-02-27 02:22:44,504 - METRIC - INFO - statipo12 loss: 0.15894778072834015 - accuracy: 0.9367815852165222
2024-02-27 02:22:44,514 - METRIC - INFO - statipo15 loss: 0.44276654720306396 - accuracy: 0.8666666746139526
2024-02-27 02:22:44,529 - METRIC - INFO - statipo13 loss: 1.0964593887329102 - accuracy: 0.5179487466812134
2024-02-27 02:22:44,529 - METRIC - INFO - statipo21 loss: 1.129909873008728 - accuracy: 0.5645161271095276
2024-02-27 02:22:44,530 - METRIC - INFO - statipo11 loss: 1.0406975746154785 - accuracy: 0.6891025900840759
2024-02-27 02:22:44,544 - METRIC - INFO - statipo14 loss: 0.3184228539466858 - accuracy: 0.9152542352676392
2024-02-27 02:22:45,370 - METRIC - INFO - mean_accuracy: 0.7483783264954885

2024-02-27 02:22:45,370 - METRIC - INFO - round: 6
2024-02-27 02:22:45,370 - METRIC - INFO - n_selected: 3
2024-02-27 02:22:45,370 - METRIC - INFO - selected_trainers: statipo11 - statipo13 - statipo12
2024-02-27 02:22:50,090 - EXECUT - INFO - received weights from trainer statipo11!
2024-02-27 02:22:50,591 - EXECUT - INFO - received weights from trainer statipo13!
2024-02-27 02:22:50,692 - EXECUT - INFO - received weights from trainer statipo12!
2024-02-27 02:22:51,462 - EXECUT - INFO - sent aggregated weights to trainers!
2024-02-27 02:22:51,593 - METRIC - INFO - statipo15 loss: 1.369262456893921 - accuracy: 0.6520324945449829
2024-02-27 02:22:51,609 - METRIC - INFO - statipo14 loss: 0.5053489208221436 - accuracy: 0.7838982939720154
2024-02-27 02:22:51,613 - METRIC - INFO - statipo21 loss: 1.59109365940094 - accuracy: 0.49120235443115234
2024-02-27 02:22:51,620 - METRIC - INFO - statipo13 loss: 0.25186678767204285 - accuracy: 0.8961538672447205
2024-02-27 02:22:51,634 - METRIC - INFO - statipo12 loss: 0.13433125615119934 - accuracy: 0.9482758641242981
2024-02-27 02:22:51,634 - METRIC - INFO - statipo11 loss: 0.10978738218545914 - accuracy: 0.9663461446762085
2024-02-27 02:22:52,465 - METRIC - INFO - mean_accuracy: 0.789651503165563

2024-02-27 02:22:52,466 - METRIC - INFO - round: 7
2024-02-27 02:22:52,466 - METRIC - INFO - n_selected: 3
2024-02-27 02:22:52,466 - METRIC - INFO - selected_trainers: statipo15 - statipo12 - statipo13
2024-02-27 02:22:53,673 - EXECUT - INFO - received weights from trainer statipo12!
2024-02-27 02:22:53,795 - EXECUT - INFO - received weights from trainer statipo15!
2024-02-27 02:22:54,258 - EXECUT - INFO - received weights from trainer statipo13!
2024-02-27 02:22:54,556 - EXECUT - INFO - sent aggregated weights to trainers!
2024-02-27 02:22:54,688 - METRIC - INFO - statipo15 loss: 0.1763160526752472 - accuracy: 0.9382113814353943
2024-02-27 02:22:54,694 - METRIC - INFO - statipo12 loss: 0.1212501972913742 - accuracy: 0.954023003578186
2024-02-27 02:22:54,701 - METRIC - INFO - statipo11 loss: 1.164967656135559 - accuracy: 0.7259615659713745
2024-02-27 02:22:54,709 - METRIC - INFO - statipo21 loss: 2.1556291580200195 - accuracy: 0.5146627426147461
2024-02-27 02:22:54,715 - METRIC - INFO - statipo13 loss: 0.3139810562133789 - accuracy: 0.8717948794364929
2024-02-27 02:22:54,742 - METRIC - INFO - statipo14 loss: 0.9857767224311829 - accuracy: 0.5875706076622009
2024-02-27 02:22:55,558 - METRIC - INFO - mean_accuracy: 0.7653706967830658

2024-02-27 02:22:55,559 - METRIC - INFO - round: 8
2024-02-27 02:22:55,559 - METRIC - INFO - n_selected: 3
2024-02-27 02:22:55,559 - METRIC - INFO - selected_trainers: statipo14 - statipo15 - statipo11
2024-02-27 02:22:58,588 - EXECUT - INFO - received weights from trainer statipo15!
2024-02-27 02:22:58,654 - EXECUT - INFO - received weights from trainer statipo11!
2024-02-27 02:22:58,786 - EXECUT - INFO - received weights from trainer statipo14!
2024-02-27 02:22:59,669 - EXECUT - INFO - sent aggregated weights to trainers!
2024-02-27 02:22:59,812 - METRIC - INFO - statipo11 loss: 0.09764628857374191 - accuracy: 0.9679487347602844
2024-02-27 02:22:59,817 - METRIC - INFO - statipo21 loss: 2.2141077518463135 - accuracy: 0.5205278396606445
2024-02-27 02:22:59,822 - METRIC - INFO - statipo13 loss: 0.4711087644100189 - accuracy: 0.8025640845298767
2024-02-27 02:22:59,829 - METRIC - INFO - statipo14 loss: 0.3688458800315857 - accuracy: 0.8757061958312988
2024-02-27 02:22:59,838 - METRIC - INFO - statipo15 loss: 0.1504555493593216 - accuracy: 0.9414634108543396
2024-02-27 02:22:59,844 - METRIC - INFO - statipo12 loss: 0.8540899753570557 - accuracy: 0.7049808502197266
2024-02-27 02:23:00,672 - METRIC - INFO - mean_accuracy: 0.8021985193093618

2024-02-27 02:23:00,672 - METRIC - INFO - round: 9
2024-02-27 02:23:00,672 - METRIC - INFO - n_selected: 3
2024-02-27 02:23:00,673 - METRIC - INFO - selected_trainers: statipo13 - statipo21 - statipo11
2024-02-27 02:23:05,287 - EXECUT - INFO - received weights from trainer statipo11!
2024-02-27 02:23:05,433 - EXECUT - INFO - received weights from trainer statipo21!
2024-02-27 02:23:05,586 - EXECUT - INFO - received weights from trainer statipo13!
2024-02-27 02:23:05,802 - EXECUT - INFO - sent aggregated weights to trainers!
2024-02-27 02:23:05,945 - METRIC - INFO - statipo15 loss: 0.6798797249794006 - accuracy: 0.7804877758026123
2024-02-27 02:23:05,950 - METRIC - INFO - statipo12 loss: 1.579681158065796 - accuracy: 0.492337167263031
2024-02-27 02:23:05,953 - METRIC - INFO - statipo14 loss: 0.5403776168823242 - accuracy: 0.755649745464325
2024-02-27 02:23:05,953 - METRIC - INFO - statipo13 loss: 1.257875680923462 - accuracy: 0.48846152424812317
2024-02-27 02:23:05,973 - METRIC - INFO - statipo11 loss: 0.0896897092461586 - accuracy: 0.9711538553237915
2024-02-27 02:23:05,978 - METRIC - INFO - statipo21 loss: 0.2422100305557251 - accuracy: 0.9032257795333862
2024-02-27 02:23:06,804 - METRIC - INFO - mean_accuracy: 0.7318859746058782

2024-02-27 02:23:06,804 - METRIC - INFO - round: 10
2024-02-27 02:23:06,804 - METRIC - INFO - n_selected: 3
2024-02-27 02:23:06,805 - METRIC - INFO - selected_trainers: statipo14 - statipo13 - statipo12
2024-02-27 02:23:10,644 - EXECUT - INFO - received weights from trainer statipo12!
2024-02-27 02:23:11,227 - EXECUT - INFO - received weights from trainer statipo14!
2024-02-27 02:23:11,385 - EXECUT - INFO - received weights from trainer statipo13!
2024-02-27 02:23:11,895 - EXECUT - INFO - sent aggregated weights to trainers!
2024-02-27 02:23:12,033 - METRIC - INFO - statipo11 loss: 0.8689175248146057 - accuracy: 0.745192289352417
2024-02-27 02:23:12,035 - METRIC - INFO - statipo15 loss: 1.4442867040634155 - accuracy: 0.6276422739028931
2024-02-27 02:23:12,043 - METRIC - INFO - statipo13 loss: 0.4972359538078308 - accuracy: 0.8192307949066162
2024-02-27 02:23:12,044 - METRIC - INFO - statipo21 loss: 1.0336036682128906 - accuracy: 0.6510263681411743
2024-02-27 02:23:12,048 - METRIC - INFO - statipo14 loss: 0.0801488533616066 - accuracy: 0.9661017060279846
2024-02-27 02:23:12,066 - METRIC - INFO - statipo12 loss: 0.11756686866283417 - accuracy: 0.9559386968612671
2024-02-27 02:23:12,896 - METRIC - INFO - mean_accuracy: 0.7941886881987253

2024-02-27 02:23:12,897 - METRIC - INFO - round: 11
2024-02-27 02:23:12,897 - METRIC - INFO - n_selected: 3
2024-02-27 02:23:12,897 - METRIC - INFO - selected_trainers: statipo21 - statipo14 - statipo15
2024-02-27 02:23:14,475 - EXECUT - INFO - received weights from trainer statipo21!
2024-02-27 02:23:14,528 - EXECUT - INFO - received weights from trainer statipo15!
2024-02-27 02:23:14,688 - EXECUT - INFO - received weights from trainer statipo14!
2024-02-27 02:23:14,986 - EXECUT - INFO - sent aggregated weights to trainers!
2024-02-27 02:23:15,123 - METRIC - INFO - statipo11 loss: 1.4591902494430542 - accuracy: 0.7211538553237915
2024-02-27 02:23:15,130 - METRIC - INFO - statipo12 loss: 1.4081543684005737 - accuracy: 0.6283524632453918
2024-02-27 02:23:15,133 - METRIC - INFO - statipo21 loss: 0.27793216705322266 - accuracy: 0.900293231010437
2024-02-27 02:23:15,137 - METRIC - INFO - statipo13 loss: 0.5413995981216431 - accuracy: 0.8089743852615356
2024-02-27 02:23:15,151 - METRIC - INFO - statipo15 loss: 0.15247245132923126 - accuracy: 0.9398373961448669
2024-02-27 02:23:15,163 - METRIC - INFO - statipo14 loss: 0.9437360763549805 - accuracy: 0.8686440587043762
2024-02-27 02:23:15,988 - METRIC - INFO - mean_accuracy: 0.8112092316150665

2024-02-27 02:23:15,989 - METRIC - INFO - round: 12
2024-02-27 02:23:15,989 - METRIC - INFO - n_selected: 3
2024-02-27 02:23:15,989 - METRIC - INFO - selected_trainers: statipo14 - statipo21 - statipo13
2024-02-27 02:23:18,258 - EXECUT - INFO - received weights from trainer statipo14!
2024-02-27 02:23:18,340 - EXECUT - INFO - received weights from trainer statipo21!
2024-02-27 02:23:18,515 - EXECUT - INFO - received weights from trainer statipo13!
2024-02-27 02:23:19,079 - EXECUT - INFO - sent aggregated weights to trainers!
2024-02-27 02:23:19,216 - METRIC - INFO - statipo15 loss: 1.0389182567596436 - accuracy: 0.720325231552124
2024-02-27 02:23:19,219 - METRIC - INFO - statipo11 loss: 1.6253268718719482 - accuracy: 0.7099359035491943
2024-02-27 02:23:19,226 - METRIC - INFO - statipo13 loss: 0.2252698689699173 - accuracy: 0.9102563858032227
2024-02-27 02:23:19,236 - METRIC - INFO - statipo14 loss: 0.052070870995521545 - accuracy: 0.9830508232116699
2024-02-27 02:23:19,253 - METRIC - INFO - statipo12 loss: 2.3959412574768066 - accuracy: 0.545976996421814
2024-02-27 02:23:19,256 - METRIC - INFO - statipo21 loss: 0.1393362581729889 - accuracy: 0.9486803412437439
2024-02-27 02:23:20,080 - METRIC - INFO - mean_accuracy: 0.8030376136302948

2024-02-27 02:23:20,080 - METRIC - INFO - round: 13
2024-02-27 02:23:20,081 - METRIC - INFO - n_selected: 3
2024-02-27 02:23:20,081 - METRIC - INFO - selected_trainers: statipo15 - statipo11 - statipo14
2024-02-27 02:23:21,499 - EXECUT - INFO - received weights from trainer statipo11!
2024-02-27 02:23:21,553 - EXECUT - INFO - received weights from trainer statipo15!
2024-02-27 02:23:21,710 - EXECUT - INFO - received weights from trainer statipo14!
2024-02-27 02:23:22,169 - EXECUT - INFO - sent aggregated weights to trainers!
2024-02-27 02:23:22,310 - METRIC - INFO - statipo15 loss: 0.10341623425483704 - accuracy: 0.9642276167869568
2024-02-27 02:23:22,315 - METRIC - INFO - statipo21 loss: 0.4933282732963562 - accuracy: 0.8152492642402649
2024-02-27 02:23:22,315 - METRIC - INFO - statipo14 loss: 0.0729956403374672 - accuracy: 0.9661017060279846
2024-02-27 02:23:22,316 - METRIC - INFO - statipo12 loss: 3.2150559425354004 - accuracy: 0.48659002780914307
2024-02-27 02:23:22,316 - METRIC - INFO - statipo13 loss: 0.6341344118118286 - accuracy: 0.7935897707939148
2024-02-27 02:23:22,339 - METRIC - INFO - statipo11 loss: 0.09623372554779053 - accuracy: 0.9679487347602844
2024-02-27 02:23:23,172 - METRIC - INFO - mean_accuracy: 0.8322845200697581

2024-02-27 02:23:23,172 - METRIC - INFO - round: 14
2024-02-27 02:23:23,172 - METRIC - INFO - n_selected: 3
2024-02-27 02:23:23,172 - METRIC - INFO - selected_trainers: statipo11 - statipo15 - statipo21
2024-02-27 02:23:24,469 - EXECUT - INFO - received weights from trainer statipo15!
2024-02-27 02:23:24,580 - EXECUT - INFO - received weights from trainer statipo11!
2024-02-27 02:23:24,685 - EXECUT - INFO - received weights from trainer statipo21!
2024-02-27 02:23:25,261 - EXECUT - INFO - sent aggregated weights to trainers!
2024-02-27 02:23:25,393 - METRIC - INFO - statipo15 loss: 0.09180915355682373 - accuracy: 0.9642276167869568
2024-02-27 02:23:25,411 - METRIC - INFO - statipo21 loss: 0.19615428149700165 - accuracy: 0.9266862273216248
2024-02-27 02:23:25,412 - METRIC - INFO - statipo12 loss: 3.912274122238159 - accuracy: 0.39080458879470825
2024-02-27 02:23:25,414 - METRIC - INFO - statipo13 loss: 1.1717921495437622 - accuracy: 0.6243589520454407
2024-02-27 02:23:25,431 - METRIC - INFO - statipo11 loss: 0.05986848846077919 - accuracy: 0.9855769276618958
2024-02-27 02:23:25,436 - METRIC - INFO - statipo14 loss: 0.2683420479297638 - accuracy: 0.8898305296897888
2024-02-27 02:23:26,262 - METRIC - INFO - mean_accuracy: 0.7969141403834025

2024-02-27 02:23:26,263 - METRIC - INFO - round: 15
2024-02-27 02:23:26,263 - METRIC - INFO - n_selected: 3
2024-02-27 02:23:26,263 - METRIC - INFO - selected_trainers: statipo13 - statipo21 - statipo15
2024-02-27 02:23:27,612 - EXECUT - INFO - received weights from trainer statipo15!
2024-02-27 02:23:27,982 - EXECUT - INFO - received weights from trainer statipo13!
2024-02-27 02:23:29,039 - EXECUT - INFO - received weights from trainer statipo21!
2024-02-27 02:23:29,390 - EXECUT - INFO - sent aggregated weights to trainers!
2024-02-27 02:23:29,531 - METRIC - INFO - statipo12 loss: 5.174774646759033 - accuracy: 0.3850574791431427
2024-02-27 02:23:29,564 - METRIC - INFO - statipo11 loss: 0.6720250248908997 - accuracy: 0.8269230723381042
2024-02-27 02:23:29,564 - METRIC - INFO - statipo15 loss: 0.08894779533147812 - accuracy: 0.9626016020774841
2024-02-27 02:23:29,568 - METRIC - INFO - statipo21 loss: 0.14533494412899017 - accuracy: 0.9354838728904724
2024-02-27 02:23:29,574 - METRIC - INFO - statipo14 loss: 0.6459307670593262 - accuracy: 0.7895480394363403
2024-02-27 02:23:29,578 - METRIC - INFO - statipo13 loss: 0.3740776777267456 - accuracy: 0.8474358916282654
2024-02-27 02:23:30,392 - METRIC - INFO - mean_accuracy: 0.7911749929189682

2024-02-27 02:23:30,393 - METRIC - INFO - round: 16
2024-02-27 02:23:30,393 - METRIC - INFO - n_selected: 3
2024-02-27 02:23:30,393 - METRIC - INFO - selected_trainers: statipo13 - statipo15 - statipo11
2024-02-27 02:23:31,675 - EXECUT - INFO - received weights from trainer statipo15!
2024-02-27 02:23:31,845 - EXECUT - INFO - received weights from trainer statipo11!
2024-02-27 02:23:32,078 - EXECUT - INFO - received weights from trainer statipo13!
2024-02-27 02:23:32,514 - EXECUT - INFO - sent aggregated weights to trainers!
2024-02-27 02:23:32,655 - METRIC - INFO - statipo12 loss: 4.186622142791748 - accuracy: 0.4176245331764221
2024-02-27 02:23:32,659 - METRIC - INFO - statipo15 loss: 0.09754759073257446 - accuracy: 0.9626016020774841
2024-02-27 02:23:32,664 - METRIC - INFO - statipo13 loss: 0.4433068335056305 - accuracy: 0.8692307472229004
2024-02-27 02:23:32,672 - METRIC - INFO - statipo14 loss: 0.7154499888420105 - accuracy: 0.7796609997749329
2024-02-27 02:23:32,674 - METRIC - INFO - statipo21 loss: 0.447496622800827 - accuracy: 0.8211143612861633
2024-02-27 02:23:32,686 - METRIC - INFO - statipo11 loss: 0.05375872552394867 - accuracy: 0.9839743375778198
2024-02-27 02:23:33,516 - METRIC - INFO - mean_accuracy: 0.8057010968526205

2024-02-27 02:23:33,516 - METRIC - INFO - round: 17
2024-02-27 02:23:33,516 - METRIC - INFO - n_selected: 3
2024-02-27 02:23:33,516 - METRIC - INFO - selected_trainers: statipo12 - statipo13 - statipo15
2024-02-27 02:23:34,726 - EXECUT - INFO - received weights from trainer statipo12!
2024-02-27 02:23:34,861 - EXECUT - INFO - received weights from trainer statipo15!
2024-02-27 02:23:35,121 - EXECUT - INFO - received weights from trainer statipo13!
2024-02-27 02:23:35,624 - EXECUT - INFO - sent aggregated weights to trainers!
2024-02-27 02:23:35,779 - METRIC - INFO - statipo11 loss: 0.6045351028442383 - accuracy: 0.8349359035491943
2024-02-27 02:23:35,783 - METRIC - INFO - statipo21 loss: 0.9129811525344849 - accuracy: 0.703812301158905
2024-02-27 02:23:35,801 - METRIC - INFO - statipo12 loss: 0.08323188871145248 - accuracy: 0.9731800556182861
2024-02-27 02:23:35,807 - METRIC - INFO - statipo15 loss: 0.08272499591112137 - accuracy: 0.9756097793579102
2024-02-27 02:23:35,815 - METRIC - INFO - statipo13 loss: 0.15476201474666595 - accuracy: 0.9320513010025024
2024-02-27 02:23:35,823 - METRIC - INFO - statipo14 loss: 1.019566297531128 - accuracy: 0.7175140976905823
2024-02-27 02:23:36,626 - METRIC - INFO - mean_accuracy: 0.8561839063962301

2024-02-27 02:23:36,626 - METRIC - INFO - round: 18
2024-02-27 02:23:36,626 - METRIC - INFO - n_selected: 3
2024-02-27 02:23:36,626 - METRIC - INFO - selected_trainers: statipo14 - statipo12 - statipo21
2024-02-27 02:23:37,879 - EXECUT - INFO - received weights from trainer statipo12!
2024-02-27 02:23:38,097 - EXECUT - INFO - received weights from trainer statipo21!
2024-02-27 02:23:38,212 - EXECUT - INFO - received weights from trainer statipo14!
2024-02-27 02:23:38,721 - EXECUT - INFO - sent aggregated weights to trainers!
2024-02-27 02:23:38,866 - METRIC - INFO - statipo15 loss: 0.35107165575027466 - accuracy: 0.8861788511276245
2024-02-27 02:23:38,881 - METRIC - INFO - statipo14 loss: 0.05546340346336365 - accuracy: 0.9802259802818298
2024-02-27 02:23:38,891 - METRIC - INFO - statipo21 loss: 0.31182000041007996 - accuracy: 0.9046920537948608
2024-02-27 02:23:38,905 - METRIC - INFO - statipo11 loss: 0.8238840103149414 - accuracy: 0.817307710647583
2024-02-27 02:23:38,910 - METRIC - INFO - statipo13 loss: 0.24088111519813538 - accuracy: 0.8987179398536682
2024-02-27 02:23:38,918 - METRIC - INFO - statipo12 loss: 0.09373388439416885 - accuracy: 0.967432975769043
2024-02-27 02:23:39,723 - METRIC - INFO - mean_accuracy: 0.9090925852457682

2024-02-27 02:23:39,724 - METRIC - INFO - round: 19
2024-02-27 02:23:39,724 - METRIC - INFO - n_selected: 3
2024-02-27 02:23:39,724 - METRIC - INFO - selected_trainers: statipo13 - statipo15 - statipo12
2024-02-27 02:23:40,967 - EXECUT - INFO - received weights from trainer statipo12!
2024-02-27 02:23:41,115 - EXECUT - INFO - received weights from trainer statipo15!
2024-02-27 02:23:41,453 - EXECUT - INFO - received weights from trainer statipo13!
2024-02-27 02:23:41,848 - EXECUT - INFO - sent aggregated weights to trainers!
2024-02-27 02:23:41,998 - METRIC - INFO - statipo11 loss: 1.9394599199295044 - accuracy: 0.6746794581413269
2024-02-27 02:23:42,005 - METRIC - INFO - statipo21 loss: 0.4829086363315582 - accuracy: 0.8225806355476379
2024-02-27 02:23:42,010 - METRIC - INFO - statipo13 loss: 0.1272106170654297 - accuracy: 0.9474359154701233
2024-02-27 02:23:42,019 - METRIC - INFO - statipo15 loss: 0.07863182574510574 - accuracy: 0.9707317352294922
2024-02-27 02:23:42,028 - METRIC - INFO - statipo14 loss: 0.23554223775863647 - accuracy: 0.9110169410705566
2024-02-27 02:23:42,035 - METRIC - INFO - statipo12 loss: 0.06874661892652512 - accuracy: 0.9808428883552551
2024-02-27 02:23:42,851 - METRIC - INFO - mean_accuracy: 0.8845479289690653

2024-02-27 02:23:42,851 - METRIC - INFO - round: 20
2024-02-27 02:23:42,851 - METRIC - INFO - n_selected: 3
2024-02-27 02:23:42,851 - METRIC - INFO - selected_trainers: statipo21 - statipo14 - statipo15
2024-02-27 02:23:44,302 - EXECUT - INFO - received weights from trainer statipo21!
2024-02-27 02:23:44,356 - EXECUT - INFO - received weights from trainer statipo15!
2024-02-27 02:23:44,425 - EXECUT - INFO - received weights from trainer statipo14!
2024-02-27 02:23:44,971 - EXECUT - INFO - sent aggregated weights to trainers!
2024-02-27 02:23:45,112 - METRIC - INFO - statipo11 loss: 1.6969808340072632 - accuracy: 0.7115384340286255
2024-02-27 02:23:45,112 - METRIC - INFO - statipo21 loss: 0.09363797307014465 - accuracy: 0.973607063293457
2024-02-27 02:23:45,120 - METRIC - INFO - statipo13 loss: 0.31078091263771057 - accuracy: 0.8500000238418579
2024-02-27 02:23:45,131 - METRIC - INFO - statipo14 loss: 0.056422434747219086 - accuracy: 0.9731638431549072
2024-02-27 02:23:45,142 - METRIC - INFO - statipo12 loss: 0.8106929659843445 - accuracy: 0.7931034564971924
2024-02-27 02:23:45,143 - METRIC - INFO - statipo15 loss: 0.07262350618839264 - accuracy: 0.9707317352294922
2024-02-27 02:23:45,972 - METRIC - INFO - mean_accuracy: 0.878690759340922

2024-02-27 02:23:45,972 - METRIC - INFO - round: 21
2024-02-27 02:23:45,973 - METRIC - INFO - n_selected: 3
2024-02-27 02:23:45,973 - METRIC - INFO - selected_trainers: statipo11 - statipo21 - statipo14
2024-02-27 02:23:48,716 - EXECUT - INFO - received weights from trainer statipo14!
2024-02-27 02:23:48,810 - EXECUT - INFO - received weights from trainer statipo21!
2024-02-27 02:23:48,865 - EXECUT - INFO - received weights from trainer statipo11!
2024-02-27 02:23:49,100 - EXECUT - INFO - sent aggregated weights to trainers!
2024-02-27 02:23:49,262 - METRIC - INFO - statipo21 loss: 0.11190412193536758 - accuracy: 0.96334308385849
2024-02-27 02:23:49,268 - METRIC - INFO - statipo12 loss: 1.4123637676239014 - accuracy: 0.7068965435028076
2024-02-27 02:23:49,273 - METRIC - INFO - statipo11 loss: 0.08017182350158691 - accuracy: 0.9775640964508057
2024-02-27 02:23:49,288 - METRIC - INFO - statipo15 loss: 0.38232237100601196 - accuracy: 0.8878048658370972
2024-02-27 02:23:49,293 - METRIC - INFO - statipo14 loss: 0.03984246030449867 - accuracy: 0.9830508232116699
2024-02-27 02:23:49,293 - METRIC - INFO - statipo13 loss: 0.4589894711971283 - accuracy: 0.8230769038200378
2024-02-27 02:23:50,102 - METRIC - INFO - mean_accuracy: 0.8902893861134847

2024-02-27 02:23:50,102 - METRIC - INFO - round: 22
2024-02-27 02:23:50,102 - METRIC - INFO - n_selected: 3
2024-02-27 02:23:50,102 - METRIC - INFO - selected_trainers: statipo14 - statipo12 - statipo21
2024-02-27 02:23:52,369 - EXECUT - INFO - received weights from trainer statipo12!
2024-02-27 02:23:52,630 - EXECUT - INFO - received weights from trainer statipo21!
2024-02-27 02:23:52,684 - EXECUT - INFO - received weights from trainer statipo14!
2024-02-27 02:23:53,228 - EXECUT - INFO - sent aggregated weights to trainers!
2024-02-27 02:23:53,363 - METRIC - INFO - statipo11 loss: 1.2121343612670898 - accuracy: 0.7692307829856873
2024-02-27 02:23:53,375 - METRIC - INFO - statipo15 loss: 0.693903923034668 - accuracy: 0.8178861737251282
2024-02-27 02:23:53,378 - METRIC - INFO - statipo21 loss: 0.10450749099254608 - accuracy: 0.9604105353355408
2024-02-27 02:23:53,379 - METRIC - INFO - statipo14 loss: 0.08181269466876984 - accuracy: 0.9689265489578247
2024-02-27 02:23:53,383 - METRIC - INFO - statipo13 loss: 0.7596457600593567 - accuracy: 0.7448717951774597
2024-02-27 02:23:53,401 - METRIC - INFO - statipo12 loss: 0.08459270000457764 - accuracy: 0.9731800556182861
2024-02-27 02:23:54,229 - METRIC - INFO - mean_accuracy: 0.8724176486333212

2024-02-27 02:23:54,230 - METRIC - INFO - round: 23
2024-02-27 02:23:54,230 - METRIC - INFO - n_selected: 3
2024-02-27 02:23:54,230 - METRIC - INFO - selected_trainers: statipo12 - statipo15 - statipo13
2024-02-27 02:23:55,451 - EXECUT - INFO - received weights from trainer statipo12!
2024-02-27 02:23:55,631 - EXECUT - INFO - received weights from trainer statipo15!
2024-02-27 02:23:55,918 - EXECUT - INFO - received weights from trainer statipo13!
2024-02-27 02:23:56,355 - EXECUT - INFO - sent aggregated weights to trainers!
2024-02-27 02:23:56,490 - METRIC - INFO - statipo12 loss: 0.06294284760951996 - accuracy: 0.977011501789093
2024-02-27 02:23:56,509 - METRIC - INFO - statipo11 loss: 1.9738482236862183 - accuracy: 0.682692289352417
2024-02-27 02:23:56,512 - METRIC - INFO - statipo14 loss: 0.09355837106704712 - accuracy: 0.9689265489578247
2024-02-27 02:23:56,513 - METRIC - INFO - statipo13 loss: 0.40709587931632996 - accuracy: 0.8653846383094788
2024-02-27 02:23:56,520 - METRIC - INFO - statipo15 loss: 0.09076163172721863 - accuracy: 0.9626016020774841
2024-02-27 02:23:56,537 - METRIC - INFO - statipo21 loss: 0.39065393805503845 - accuracy: 0.8548387289047241
2024-02-27 02:23:57,356 - METRIC - INFO - mean_accuracy: 0.8852425515651703

2024-02-27 02:23:57,357 - METRIC - INFO - round: 24
2024-02-27 02:23:57,357 - METRIC - INFO - n_selected: 3
2024-02-27 02:23:57,357 - METRIC - INFO - selected_trainers: statipo13 - statipo21 - statipo15
2024-02-27 02:23:59,819 - EXECUT - INFO - received weights from trainer statipo15!
2024-02-27 02:23:59,975 - EXECUT - INFO - received weights from trainer statipo21!
2024-02-27 02:24:00,118 - EXECUT - INFO - received weights from trainer statipo13!
2024-02-27 02:24:00,446 - EXECUT - INFO - sent aggregated weights to trainers!
2024-02-27 02:24:00,599 - METRIC - INFO - statipo11 loss: 1.8737996816635132 - accuracy: 0.6907051205635071
2024-02-27 02:24:00,603 - METRIC - INFO - statipo21 loss: 0.09643001109361649 - accuracy: 0.9721407890319824
2024-02-27 02:24:00,616 - METRIC - INFO - statipo15 loss: 0.08873334527015686 - accuracy: 0.9691057205200195
2024-02-27 02:24:00,623 - METRIC - INFO - statipo13 loss: 0.1439182609319687 - accuracy: 0.9410256147384644
2024-02-27 02:24:00,624 - METRIC - INFO - statipo12 loss: 0.5428068041801453 - accuracy: 0.8505747318267822
2024-02-27 02:24:00,629 - METRIC - INFO - statipo14 loss: 0.17636266350746155 - accuracy: 0.9265536665916443
2024-02-27 02:24:01,448 - METRIC - INFO - mean_accuracy: 0.8916842738787333

2024-02-27 02:24:01,449 - METRIC - INFO - round: 25
2024-02-27 02:24:01,449 - METRIC - INFO - n_selected: 3
2024-02-27 02:24:01,449 - METRIC - INFO - selected_trainers: statipo14 - statipo12 - statipo15
2024-02-27 02:24:03,953 - EXECUT - INFO - received weights from trainer statipo14!
2024-02-27 02:24:04,195 - EXECUT - INFO - received weights from trainer statipo12!
2024-02-27 02:24:04,250 - EXECUT - INFO - received weights from trainer statipo15!
2024-02-27 02:24:04,561 - EXECUT - INFO - sent aggregated weights to trainers!
2024-02-27 02:24:04,703 - METRIC - INFO - statipo11 loss: 2.0644733905792236 - accuracy: 0.6746794581413269
2024-02-27 02:24:04,712 - METRIC - INFO - statipo14 loss: 0.04002693295478821 - accuracy: 0.9858757257461548
2024-02-27 02:24:04,714 - METRIC - INFO - statipo13 loss: 0.2027551382780075 - accuracy: 0.9141025543212891
2024-02-27 02:24:04,726 - METRIC - INFO - statipo15 loss: 0.0772797018289566 - accuracy: 0.9723577499389648
2024-02-27 02:24:04,728 - METRIC - INFO - statipo12 loss: 0.04499911516904831 - accuracy: 0.9885057210922241
2024-02-27 02:24:04,731 - METRIC - INFO - statipo21 loss: 0.3168052136898041 - accuracy: 0.8812316656112671
2024-02-27 02:24:05,563 - METRIC - INFO - mean_accuracy: 0.9027921458085378

2024-02-27 02:24:05,563 - METRIC - INFO - round: 26
2024-02-27 02:24:05,563 - METRIC - INFO - n_selected: 3
2024-02-27 02:24:05,563 - METRIC - INFO - selected_trainers: statipo12 - statipo11 - statipo14
2024-02-27 02:24:08,257 - EXECUT - INFO - received weights from trainer statipo11!
2024-02-27 02:24:08,319 - EXECUT - INFO - received weights from trainer statipo14!
2024-02-27 02:24:08,371 - EXECUT - INFO - received weights from trainer statipo12!
2024-02-27 02:24:08,691 - EXECUT - INFO - sent aggregated weights to trainers!
2024-02-27 02:24:08,820 - METRIC - INFO - statipo11 loss: 0.05411584675312042 - accuracy: 0.9823718070983887
2024-02-27 02:24:08,831 - METRIC - INFO - statipo12 loss: 0.08857402205467224 - accuracy: 0.977011501789093
2024-02-27 02:24:08,831 - METRIC - INFO - statipo21 loss: 0.5281341075897217 - accuracy: 0.8137829899787903
2024-02-27 02:24:08,837 - METRIC - INFO - statipo13 loss: 0.3071381151676178 - accuracy: 0.8692307472229004
2024-02-27 02:24:08,858 - METRIC - INFO - statipo15 loss: 0.19798697531223297 - accuracy: 0.9414634108543396
2024-02-27 02:24:08,862 - METRIC - INFO - statipo14 loss: 0.044655941426754 - accuracy: 0.9830508232116699
2024-02-27 02:24:09,692 - METRIC - INFO - mean_accuracy: 0.9278185466925303

2024-02-27 02:24:09,693 - METRIC - INFO - round: 27
2024-02-27 02:24:09,693 - METRIC - INFO - n_selected: 3
2024-02-27 02:24:09,693 - METRIC - INFO - selected_trainers: statipo21 - statipo11 - statipo13
2024-02-27 02:24:14,470 - EXECUT - INFO - received weights from trainer statipo11!
2024-02-27 02:24:15,005 - EXECUT - INFO - received weights from trainer statipo21!
2024-02-27 02:24:15,079 - EXECUT - INFO - received weights from trainer statipo13!
2024-02-27 02:24:15,788 - EXECUT - INFO - sent aggregated weights to trainers!
2024-02-27 02:24:15,924 - METRIC - INFO - statipo11 loss: 0.05155555531382561 - accuracy: 0.9855769276618958
2024-02-27 02:24:15,937 - METRIC - INFO - statipo14 loss: 0.11873544007539749 - accuracy: 0.9604519605636597
2024-02-27 02:24:15,947 - METRIC - INFO - statipo13 loss: 0.12277938425540924 - accuracy: 0.9564102292060852
2024-02-27 02:24:15,953 - METRIC - INFO - statipo15 loss: 0.30760592222213745 - accuracy: 0.8991869688034058
2024-02-27 02:24:15,955 - METRIC - INFO - statipo12 loss: 0.6006399393081665 - accuracy: 0.8275862336158752
2024-02-27 02:24:15,959 - METRIC - INFO - statipo21 loss: 0.1488988697528839 - accuracy: 0.9486803412437439
2024-02-27 02:24:16,789 - METRIC - INFO - mean_accuracy: 0.929648776849111

2024-02-27 02:24:16,790 - METRIC - INFO - round: 28
2024-02-27 02:24:16,790 - METRIC - INFO - n_selected: 3
2024-02-27 02:24:16,790 - METRIC - INFO - selected_trainers: statipo13 - statipo15 - statipo12
2024-02-27 02:24:18,032 - EXECUT - INFO - received weights from trainer statipo12!
2024-02-27 02:24:18,166 - EXECUT - INFO - received weights from trainer statipo15!
2024-02-27 02:24:18,950 - EXECUT - INFO - received weights from trainer statipo13!
2024-02-27 02:24:19,878 - EXECUT - INFO - sent aggregated weights to trainers!
2024-02-27 02:24:20,020 - METRIC - INFO - statipo12 loss: 0.05657574534416199 - accuracy: 0.9789271950721741
2024-02-27 02:24:20,024 - METRIC - INFO - statipo13 loss: 0.17486421763896942 - accuracy: 0.9217948913574219
2024-02-27 02:24:20,035 - METRIC - INFO - statipo14 loss: 0.24359658360481262 - accuracy: 0.9152542352676392
2024-02-27 02:24:20,052 - METRIC - INFO - statipo15 loss: 0.07632835954427719 - accuracy: 0.9756097793579102
2024-02-27 02:24:20,058 - METRIC - INFO - statipo21 loss: 0.7500790357589722 - accuracy: 0.7624633312225342
2024-02-27 02:24:20,062 - METRIC - INFO - statipo11 loss: 0.6850169897079468 - accuracy: 0.8237179517745972
2024-02-27 02:24:20,880 - METRIC - INFO - mean_accuracy: 0.8962945640087128

2024-02-27 02:24:20,881 - METRIC - INFO - round: 29
2024-02-27 02:24:20,881 - METRIC - INFO - n_selected: 3
2024-02-27 02:24:20,881 - METRIC - INFO - selected_trainers: statipo14 - statipo12 - statipo13
2024-02-27 02:24:22,798 - EXECUT - INFO - received weights from trainer statipo12!
2024-02-27 02:24:23,201 - EXECUT - INFO - received weights from trainer statipo14!
2024-02-27 02:24:23,651 - EXECUT - INFO - received weights from trainer statipo13!
2024-02-27 02:24:23,970 - EXECUT - INFO - sent aggregated weights to trainers!
2024-02-27 02:24:24,109 - METRIC - INFO - statipo11 loss: 0.9058122038841248 - accuracy: 0.8028846383094788
2024-02-27 02:24:24,110 - METRIC - INFO - statipo15 loss: 0.2883974015712738 - accuracy: 0.9154471755027771
2024-02-27 02:24:24,114 - METRIC - INFO - statipo21 loss: 0.8399949669837952 - accuracy: 0.7419354915618896
2024-02-27 02:24:24,115 - METRIC - INFO - statipo12 loss: 0.07525515556335449 - accuracy: 0.9712643623352051
2024-02-27 02:24:24,119 - METRIC - INFO - statipo13 loss: 0.09339947998523712 - accuracy: 0.9602563977241516
2024-02-27 02:24:24,141 - METRIC - INFO - statipo14 loss: 0.044762227684259415 - accuracy: 0.9872881174087524
2024-02-27 02:24:24,973 - METRIC - INFO - mean_accuracy: 0.8965126971403757

2024-02-27 02:24:24,973 - METRIC - INFO - round: 30
2024-02-27 02:24:24,973 - METRIC - INFO - n_selected: 3
2024-02-27 02:24:24,973 - METRIC - INFO - selected_trainers: statipo11 - statipo15 - statipo13
2024-02-27 02:24:26,230 - EXECUT - INFO - received weights from trainer statipo15!
2024-02-27 02:24:26,363 - EXECUT - INFO - received weights from trainer statipo11!
2024-02-27 02:24:27,061 - EXECUT - INFO - received weights from trainer statipo13!
2024-02-27 02:24:28,091 - EXECUT - INFO - sent aggregated weights to trainers!
2024-02-27 02:24:28,247 - METRIC - INFO - statipo14 loss: 0.11829648911952972 - accuracy: 0.9548022747039795
2024-02-27 02:24:28,249 - METRIC - INFO - statipo11 loss: 0.051673974841833115 - accuracy: 0.9871794581413269
2024-02-27 02:24:28,262 - METRIC - INFO - statipo12 loss: 0.37050431966781616 - accuracy: 0.9003831148147583
2024-02-27 02:24:28,264 - METRIC - INFO - statipo13 loss: 0.10818716883659363 - accuracy: 0.9525641202926636
2024-02-27 02:24:28,265 - METRIC - INFO - statipo21 loss: 0.8912250399589539 - accuracy: 0.7448680400848389
2024-02-27 02:24:28,273 - METRIC - INFO - statipo15 loss: 0.07382632791996002 - accuracy: 0.9772357940673828
2024-02-27 02:24:29,093 - METRIC - INFO - mean_accuracy: 0.9195054670174917

2024-02-27 02:24:29,093 - METRIC - INFO - round: 31
2024-02-27 02:24:29,093 - METRIC - INFO - n_selected: 3
2024-02-27 02:24:29,093 - METRIC - INFO - selected_trainers: statipo12 - statipo15 - statipo14
2024-02-27 02:24:32,140 - EXECUT - INFO - received weights from trainer statipo12!
2024-02-27 02:24:32,229 - EXECUT - INFO - received weights from trainer statipo15!
2024-02-27 02:24:32,503 - EXECUT - INFO - received weights from trainer statipo14!
2024-02-27 02:24:33,224 - EXECUT - INFO - sent aggregated weights to trainers!
2024-02-27 02:24:33,370 - METRIC - INFO - statipo11 loss: 0.5413860082626343 - accuracy: 0.8605769276618958
2024-02-27 02:24:33,380 - METRIC - INFO - statipo14 loss: 0.03372979909181595 - accuracy: 0.9844632744789124
2024-02-27 02:24:33,386 - METRIC - INFO - statipo21 loss: 1.1722557544708252 - accuracy: 0.7008797526359558
2024-02-27 02:24:33,396 - METRIC - INFO - statipo12 loss: 0.06437016278505325 - accuracy: 0.9712643623352051
2024-02-27 02:24:33,399 - METRIC - INFO - statipo15 loss: 0.2827601730823517 - accuracy: 0.9414634108543396
2024-02-27 02:24:33,419 - METRIC - INFO - statipo13 loss: 0.13288111984729767 - accuracy: 0.942307710647583
2024-02-27 02:24:34,227 - METRIC - INFO - mean_accuracy: 0.9001592397689819

2024-02-27 02:24:34,227 - METRIC - INFO - round: 32
2024-02-27 02:24:34,227 - METRIC - INFO - n_selected: 3
2024-02-27 02:24:34,227 - METRIC - INFO - selected_trainers: statipo13 - statipo14 - statipo21
2024-02-27 02:24:36,008 - EXECUT - INFO - received weights from trainer statipo14!
2024-02-27 02:24:36,367 - EXECUT - INFO - received weights from trainer statipo13!
2024-02-27 02:24:37,038 - EXECUT - INFO - received weights from trainer statipo21!
2024-02-27 02:24:37,352 - EXECUT - INFO - sent aggregated weights to trainers!
2024-02-27 02:24:37,485 - METRIC - INFO - statipo12 loss: 0.36620649695396423 - accuracy: 0.9042145609855652
2024-02-27 02:24:37,494 - METRIC - INFO - statipo15 loss: 0.18026484549045563 - accuracy: 0.9560975432395935
2024-02-27 02:24:37,500 - METRIC - INFO - statipo14 loss: 0.06701536476612091 - accuracy: 0.9774011373519897
2024-02-27 02:24:37,500 - METRIC - INFO - statipo11 loss: 0.9774395823478699 - accuracy: 0.8108974099159241
2024-02-27 02:24:37,508 - METRIC - INFO - statipo13 loss: 0.08896627277135849 - accuracy: 0.9628205299377441
2024-02-27 02:24:37,526 - METRIC - INFO - statipo21 loss: 0.08231212198734283 - accuracy: 0.9721407890319824
2024-02-27 02:24:38,355 - METRIC - INFO - mean_accuracy: 0.9305953284104665

2024-02-27 02:24:38,355 - METRIC - INFO - round: 33
2024-02-27 02:24:38,356 - METRIC - INFO - n_selected: 3
2024-02-27 02:24:38,356 - METRIC - INFO - selected_trainers: statipo12 - statipo21 - statipo14
2024-02-27 02:24:39,653 - EXECUT - INFO - received weights from trainer statipo12!
2024-02-27 02:24:39,885 - EXECUT - INFO - received weights from trainer statipo21!
2024-02-27 02:24:39,954 - EXECUT - INFO - received weights from trainer statipo14!
2024-02-27 02:24:40,447 - EXECUT - INFO - sent aggregated weights to trainers!
2024-02-27 02:24:40,593 - METRIC - INFO - statipo11 loss: 1.3548815250396729 - accuracy: 0.7660256624221802
2024-02-27 02:24:40,597 - METRIC - INFO - statipo21 loss: 0.10790363699197769 - accuracy: 0.9618768095970154
2024-02-27 02:24:40,607 - METRIC - INFO - statipo14 loss: 0.6305451989173889 - accuracy: 0.8968926668167114
2024-02-27 02:24:40,622 - METRIC - INFO - statipo12 loss: 0.04689767584204674 - accuracy: 0.9865900278091431
2024-02-27 02:24:40,623 - METRIC - INFO - statipo13 loss: 0.18549655377864838 - accuracy: 0.9307692050933838
2024-02-27 02:24:40,639 - METRIC - INFO - statipo15 loss: 0.39485833048820496 - accuracy: 0.8943089246749878
2024-02-27 02:24:41,448 - METRIC - INFO - mean_accuracy: 0.9060772160689036

2024-02-27 02:24:41,448 - METRIC - INFO - round: 34
2024-02-27 02:24:41,448 - METRIC - INFO - n_selected: 3
2024-02-27 02:24:41,448 - METRIC - INFO - selected_trainers: statipo12 - statipo13 - statipo15
2024-02-27 02:24:42,649 - EXECUT - INFO - received weights from trainer statipo12!
2024-02-27 02:24:42,791 - EXECUT - INFO - received weights from trainer statipo15!
2024-02-27 02:24:43,194 - EXECUT - INFO - received weights from trainer statipo13!
2024-02-27 02:24:43,534 - EXECUT - INFO - sent aggregated weights to trainers!
2024-02-27 02:24:43,677 - METRIC - INFO - statipo12 loss: 0.0557420589029789 - accuracy: 0.977011501789093
2024-02-27 02:24:43,681 - METRIC - INFO - statipo11 loss: 1.856035828590393 - accuracy: 0.7387820482254028
2024-02-27 02:24:43,686 - METRIC - INFO - statipo21 loss: 0.2520383298397064 - accuracy: 0.9120234847068787
2024-02-27 02:24:43,688 - METRIC - INFO - statipo13 loss: 0.14100684225559235 - accuracy: 0.9384615421295166
2024-02-27 02:24:43,713 - METRIC - INFO - statipo14 loss: 0.1564585566520691 - accuracy: 0.944915235042572
2024-02-27 02:24:43,751 - METRIC - INFO - statipo15 loss: 0.0707784965634346 - accuracy: 0.9739837646484375
2024-02-27 02:24:44,535 - METRIC - INFO - mean_accuracy: 0.9141962627569834

2024-02-27 02:24:44,536 - METRIC - INFO - round: 35
2024-02-27 02:24:44,536 - METRIC - INFO - n_selected: 3
2024-02-27 02:24:44,536 - METRIC - INFO - selected_trainers: statipo21 - statipo13 - statipo14
2024-02-27 02:24:48,832 - EXECUT - INFO - received weights from trainer statipo14!
2024-02-27 02:24:48,945 - EXECUT - INFO - received weights from trainer statipo21!
2024-02-27 02:24:49,096 - EXECUT - INFO - received weights from trainer statipo13!
2024-02-27 02:24:49,628 - EXECUT - INFO - sent aggregated weights to trainers!
2024-02-27 02:24:49,769 - METRIC - INFO - statipo12 loss: 0.24846087396144867 - accuracy: 0.938697338104248
2024-02-27 02:24:49,769 - METRIC - INFO - statipo15 loss: 0.25211477279663086 - accuracy: 0.9317073225975037
2024-02-27 02:24:49,779 - METRIC - INFO - statipo14 loss: 0.04112572222948074 - accuracy: 0.9858757257461548
2024-02-27 02:24:49,804 - METRIC - INFO - statipo11 loss: 1.6286168098449707 - accuracy: 0.7532051205635071
2024-02-27 02:24:49,807 - METRIC - INFO - statipo13 loss: 0.1032576933503151 - accuracy: 0.9564102292060852
2024-02-27 02:24:49,846 - METRIC - INFO - statipo21 loss: 0.12074799835681915 - accuracy: 0.9662756323814392
2024-02-27 02:24:50,630 - METRIC - INFO - mean_accuracy: 0.9220285614331564

2024-02-27 02:24:50,630 - METRIC - INFO - round: 36
2024-02-27 02:24:50,630 - METRIC - INFO - n_selected: 3
2024-02-27 02:24:50,631 - METRIC - INFO - selected_trainers: statipo14 - statipo21 - statipo12
2024-02-27 02:24:51,851 - EXECUT - INFO - received weights from trainer statipo12!
2024-02-27 02:24:52,106 - EXECUT - INFO - received weights from trainer statipo21!
2024-02-27 02:24:52,159 - EXECUT - INFO - received weights from trainer statipo14!
2024-02-27 02:24:52,717 - EXECUT - INFO - sent aggregated weights to trainers!
2024-02-27 02:24:52,859 - METRIC - INFO - statipo15 loss: 0.4482245147228241 - accuracy: 0.8943089246749878
2024-02-27 02:24:52,877 - METRIC - INFO - statipo13 loss: 0.15920686721801758 - accuracy: 0.9397435784339905
2024-02-27 02:24:52,886 - METRIC - INFO - statipo12 loss: 0.05559853836894035 - accuracy: 0.984674334526062
2024-02-27 02:24:52,886 - METRIC - INFO - statipo11 loss: 2.0847206115722656 - accuracy: 0.7147436141967773
2024-02-27 02:24:52,892 - METRIC - INFO - statipo21 loss: 0.07250511646270752 - accuracy: 0.9780058860778809
2024-02-27 02:24:52,892 - METRIC - INFO - statipo14 loss: 0.0335022434592247 - accuracy: 0.9901130199432373
2024-02-27 02:24:53,719 - METRIC - INFO - mean_accuracy: 0.916931559642156

2024-02-27 02:24:53,719 - METRIC - INFO - round: 37
2024-02-27 02:24:53,720 - METRIC - INFO - n_selected: 3
2024-02-27 02:24:53,720 - METRIC - INFO - selected_trainers: statipo15 - statipo12 - statipo14
2024-02-27 02:24:57,944 - EXECUT - INFO - received weights from trainer statipo12!
2024-02-27 02:24:58,052 - EXECUT - INFO - received weights from trainer statipo15!
2024-02-27 02:24:58,254 - EXECUT - INFO - received weights from trainer statipo14!
2024-02-27 02:24:58,813 - EXECUT - INFO - sent aggregated weights to trainers!
2024-02-27 02:24:58,949 - METRIC - INFO - statipo12 loss: 0.057518407702445984 - accuracy: 0.982758641242981
2024-02-27 02:24:58,955 - METRIC - INFO - statipo15 loss: 0.06690134108066559 - accuracy: 0.9756097793579102
2024-02-27 02:24:58,966 - METRIC - INFO - statipo14 loss: 0.8757870197296143 - accuracy: 0.8785310983657837
2024-02-27 02:24:58,966 - METRIC - INFO - statipo11 loss: 2.4448978900909424 - accuracy: 0.6891025900840759
2024-02-27 02:24:58,976 - METRIC - INFO - statipo21 loss: 0.1617298424243927 - accuracy: 0.9428152441978455
2024-02-27 02:24:58,992 - METRIC - INFO - statipo13 loss: 0.2180486023426056 - accuracy: 0.9089743494987488
2024-02-27 02:24:59,816 - METRIC - INFO - mean_accuracy: 0.8962986171245575

2024-02-27 02:24:59,816 - METRIC - INFO - round: 38
2024-02-27 02:24:59,817 - METRIC - INFO - n_selected: 3
2024-02-27 02:24:59,817 - METRIC - INFO - selected_trainers: statipo12 - statipo14 - statipo13
2024-02-27 02:25:01,286 - EXECUT - INFO - received weights from trainer statipo12!
2024-02-27 02:25:01,594 - EXECUT - INFO - received weights from trainer statipo14!
2024-02-27 02:25:01,694 - EXECUT - INFO - received weights from trainer statipo13!
2024-02-27 02:25:01,941 - EXECUT - INFO - sent aggregated weights to trainers!
2024-02-27 02:25:02,077 - METRIC - INFO - statipo12 loss: 0.06038824841380119 - accuracy: 0.982758641242981
2024-02-27 02:25:02,082 - METRIC - INFO - statipo11 loss: 2.3373982906341553 - accuracy: 0.6987179517745972
2024-02-27 02:25:02,088 - METRIC - INFO - statipo14 loss: 0.03491434454917908 - accuracy: 0.9858757257461548
2024-02-27 02:25:02,093 - METRIC - INFO - statipo21 loss: 0.24504268169403076 - accuracy: 0.9134897589683533
2024-02-27 02:25:02,106 - METRIC - INFO - statipo15 loss: 0.23859280347824097 - accuracy: 0.9382113814353943
2024-02-27 02:25:02,121 - METRIC - INFO - statipo13 loss: 0.07565480470657349 - accuracy: 0.9756410121917725
2024-02-27 02:25:02,943 - METRIC - INFO - mean_accuracy: 0.9157824118932089

2024-02-27 02:25:02,943 - METRIC - INFO - round: 39
2024-02-27 02:25:02,943 - METRIC - INFO - n_selected: 3
2024-02-27 02:25:02,943 - METRIC - INFO - selected_trainers: statipo15 - statipo21 - statipo11
2024-02-27 02:25:04,218 - EXECUT - INFO - received weights from trainer statipo15!
2024-02-27 02:25:04,310 - EXECUT - INFO - received weights from trainer statipo11!
2024-02-27 02:25:04,445 - EXECUT - INFO - received weights from trainer statipo21!
2024-02-27 02:25:05,032 - EXECUT - INFO - sent aggregated weights to trainers!
2024-02-27 02:25:05,172 - METRIC - INFO - statipo11 loss: 0.0736834853887558 - accuracy: 0.9759615659713745
2024-02-27 02:25:05,185 - METRIC - INFO - statipo12 loss: 0.2460680902004242 - accuracy: 0.9501915574073792
2024-02-27 02:25:05,186 - METRIC - INFO - statipo14 loss: 0.0586889386177063 - accuracy: 0.9703390002250671
2024-02-27 02:25:05,197 - METRIC - INFO - statipo21 loss: 0.09188733249902725 - accuracy: 0.973607063293457
2024-02-27 02:25:05,200 - METRIC - INFO - statipo15 loss: 0.07265842705965042 - accuracy: 0.9756097793579102
2024-02-27 02:25:05,224 - METRIC - INFO - statipo13 loss: 0.16307437419891357 - accuracy: 0.9384615421295166
2024-02-27 02:25:06,035 - METRIC - INFO - mean_accuracy: 0.9640284180641174

2024-02-27 02:25:06,035 - METRIC - INFO - round: 40
2024-02-27 02:25:06,036 - METRIC - INFO - n_selected: 3
2024-02-27 02:25:06,036 - METRIC - INFO - selected_trainers: statipo21 - statipo11 - statipo15
2024-02-27 02:25:07,454 - EXECUT - INFO - received weights from trainer statipo15!
2024-02-27 02:25:07,508 - EXECUT - INFO - received weights from trainer statipo11!
2024-02-27 02:25:07,617 - EXECUT - INFO - received weights from trainer statipo21!
2024-02-27 02:25:08,123 - EXECUT - INFO - sent aggregated weights to trainers!
2024-02-27 02:25:08,258 - METRIC - INFO - statipo12 loss: 0.40749454498291016 - accuracy: 0.8735632300376892
2024-02-27 02:25:08,277 - METRIC - INFO - statipo11 loss: 0.05010397732257843 - accuracy: 0.9855769276618958
2024-02-27 02:25:08,280 - METRIC - INFO - statipo13 loss: 0.21459786593914032 - accuracy: 0.9025641083717346
2024-02-27 02:25:08,300 - METRIC - INFO - statipo21 loss: 0.08795997500419617 - accuracy: 0.9765396118164062
2024-02-27 02:25:08,308 - METRIC - INFO - statipo15 loss: 0.06911205500364304 - accuracy: 0.9788618087768555
2024-02-27 02:25:08,309 - METRIC - INFO - statipo14 loss: 0.059395648539066315 - accuracy: 0.9774011373519897
2024-02-27 02:25:09,126 - METRIC - INFO - mean_accuracy: 0.9490844706694285

2024-02-27 02:25:09,126 - METRIC - INFO - round: 41
2024-02-27 02:25:09,126 - METRIC - INFO - n_selected: 3
2024-02-27 02:25:09,126 - METRIC - INFO - selected_trainers: statipo13 - statipo15 - statipo11
2024-02-27 02:25:10,469 - EXECUT - INFO - received weights from trainer statipo15!
2024-02-27 02:25:10,584 - EXECUT - INFO - received weights from trainer statipo11!
2024-02-27 02:25:10,843 - EXECUT - INFO - received weights from trainer statipo13!
2024-02-27 02:25:11,215 - EXECUT - INFO - sent aggregated weights to trainers!
2024-02-27 02:25:11,397 - METRIC - INFO - statipo11 loss: 0.04672835022211075 - accuracy: 0.9903846383094788
2024-02-27 02:25:11,399 - METRIC - INFO - statipo12 loss: 0.76801598072052 - accuracy: 0.7950191497802734
2024-02-27 02:25:11,403 - METRIC - INFO - statipo14 loss: 0.09293124824762344 - accuracy: 0.9632768630981445
2024-02-27 02:25:11,418 - METRIC - INFO - statipo13 loss: 0.07555679976940155 - accuracy: 0.9692307710647583
2024-02-27 02:25:11,441 - METRIC - INFO - statipo21 loss: 0.24635398387908936 - accuracy: 0.9193548560142517
2024-02-27 02:25:11,463 - METRIC - INFO - statipo15 loss: 0.08126969635486603 - accuracy: 0.9772357940673828
2024-02-27 02:25:12,217 - METRIC - INFO - mean_accuracy: 0.9357503453890482

2024-02-27 02:25:12,218 - METRIC - INFO - round: 42
2024-02-27 02:25:12,218 - METRIC - INFO - n_selected: 3
2024-02-27 02:25:12,218 - METRIC - INFO - selected_trainers: statipo11 - statipo14 - statipo15
2024-02-27 02:25:13,746 - EXECUT - INFO - received weights from trainer statipo15!
2024-02-27 02:25:13,802 - EXECUT - INFO - received weights from trainer statipo11!
2024-02-27 02:25:13,929 - EXECUT - INFO - received weights from trainer statipo14!
2024-02-27 02:25:14,306 - EXECUT - INFO - sent aggregated weights to trainers!
2024-02-27 02:25:14,453 - METRIC - INFO - statipo15 loss: 0.07486231625080109 - accuracy: 0.9821138381958008
2024-02-27 02:25:14,456 - METRIC - INFO - statipo12 loss: 1.042367935180664 - accuracy: 0.7586206793785095
2024-02-27 02:25:14,467 - METRIC - INFO - statipo14 loss: 0.05048474296927452 - accuracy: 0.9816384315490723
2024-02-27 02:25:14,467 - METRIC - INFO - statipo13 loss: 0.1419912874698639 - accuracy: 0.9435897469520569
2024-02-27 02:25:14,480 - METRIC - INFO - statipo11 loss: 0.05035820230841637 - accuracy: 0.9871794581413269
2024-02-27 02:25:14,489 - METRIC - INFO - statipo21 loss: 0.43249064683914185 - accuracy: 0.8621701002120972
2024-02-27 02:25:15,307 - METRIC - INFO - mean_accuracy: 0.9192187090714773

2024-02-27 02:25:15,308 - METRIC - INFO - round: 43
2024-02-27 02:25:15,308 - METRIC - INFO - n_selected: 3
2024-02-27 02:25:15,308 - METRIC - INFO - selected_trainers: statipo12 - statipo15 - statipo14
2024-02-27 02:25:18,205 - EXECUT - INFO - received weights from trainer statipo12!
2024-02-27 02:25:18,729 - EXECUT - INFO - received weights from trainer statipo14!
2024-02-27 02:25:20,654 - EXECUT - INFO - received weights from trainer statipo15!
2024-02-27 02:25:21,405 - EXECUT - INFO - sent aggregated weights to trainers!
2024-02-27 02:25:21,542 - METRIC - INFO - statipo11 loss: 0.21498629450798035 - accuracy: 0.9342948794364929
2024-02-27 02:25:21,548 - METRIC - INFO - statipo21 loss: 0.615117073059082 - accuracy: 0.8181818127632141
2024-02-27 02:25:21,551 - METRIC - INFO - statipo15 loss: 0.08836577832698822 - accuracy: 0.9756097793579102
2024-02-27 02:25:21,556 - METRIC - INFO - statipo13 loss: 0.18226408958435059 - accuracy: 0.9256410002708435
2024-02-27 02:25:21,566 - METRIC - INFO - statipo14 loss: 0.03142118081450462 - accuracy: 0.9901130199432373
2024-02-27 02:25:21,583 - METRIC - INFO - statipo12 loss: 0.06998801231384277 - accuracy: 0.9789271950721741
2024-02-27 02:25:22,408 - METRIC - INFO - mean_accuracy: 0.937127947807312

2024-02-27 02:25:22,409 - METRIC - INFO - round: 44
2024-02-27 02:25:22,409 - METRIC - INFO - n_selected: 3
2024-02-27 02:25:22,409 - METRIC - INFO - selected_trainers: statipo15 - statipo12 - statipo21
2024-02-27 02:25:23,627 - EXECUT - INFO - received weights from trainer statipo12!
2024-02-27 02:25:23,773 - EXECUT - INFO - received weights from trainer statipo15!
2024-02-27 02:25:23,832 - EXECUT - INFO - received weights from trainer statipo21!
2024-02-27 02:25:24,498 - EXECUT - INFO - sent aggregated weights to trainers!
2024-02-27 02:25:24,644 - METRIC - INFO - statipo15 loss: 0.06794455647468567 - accuracy: 0.9756097793579102
2024-02-27 02:25:24,647 - METRIC - INFO - statipo13 loss: 0.21334832906723022 - accuracy: 0.9102563858032227
2024-02-27 02:25:24,651 - METRIC - INFO - statipo11 loss: 0.46666795015335083 - accuracy: 0.8717948794364929
2024-02-27 02:25:24,655 - METRIC - INFO - statipo14 loss: 0.047523945569992065 - accuracy: 0.9872881174087524
2024-02-27 02:25:24,671 - METRIC - INFO - statipo21 loss: 0.08562289923429489 - accuracy: 0.9750733375549316
2024-02-27 02:25:24,684 - METRIC - INFO - statipo12 loss: 0.06472545862197876 - accuracy: 0.9789271950721741
2024-02-27 02:25:25,500 - METRIC - INFO - mean_accuracy: 0.9498249491055807

2024-02-27 02:25:25,500 - METRIC - INFO - round: 45
2024-02-27 02:25:25,500 - METRIC - INFO - n_selected: 3
2024-02-27 02:25:25,500 - METRIC - INFO - selected_trainers: statipo14 - statipo21 - statipo12
2024-02-27 02:25:26,736 - EXECUT - INFO - received weights from trainer statipo12!
2024-02-27 02:25:26,911 - EXECUT - INFO - received weights from trainer statipo21!
2024-02-27 02:25:27,049 - EXECUT - INFO - received weights from trainer statipo14!
2024-02-27 02:25:27,591 - EXECUT - INFO - sent aggregated weights to trainers!
2024-02-27 02:25:27,749 - METRIC - INFO - statipo13 loss: 0.2681693434715271 - accuracy: 0.8948717713356018
2024-02-27 02:25:27,759 - METRIC - INFO - statipo15 loss: 0.13156870007514954 - accuracy: 0.9577235579490662
2024-02-27 02:25:27,767 - METRIC - INFO - statipo21 loss: 0.0775550976395607 - accuracy: 0.9765396118164062
2024-02-27 02:25:27,770 - METRIC - INFO - statipo14 loss: 0.03517666086554527 - accuracy: 0.9887005686759949
2024-02-27 02:25:27,773 - METRIC - INFO - statipo12 loss: 0.06409988552331924 - accuracy: 0.9789271950721741
2024-02-27 02:25:27,804 - METRIC - INFO - statipo11 loss: 1.0206499099731445 - accuracy: 0.8125
2024-02-27 02:25:28,594 - METRIC - INFO - mean_accuracy: 0.9348771174748739

2024-02-27 02:25:28,595 - METRIC - INFO - round: 46
2024-02-27 02:25:28,595 - METRIC - INFO - n_selected: 3
2024-02-27 02:25:28,595 - METRIC - INFO - selected_trainers: statipo12 - statipo11 - statipo13
2024-02-27 02:25:31,571 - EXECUT - INFO - received weights from trainer statipo12!
2024-02-27 02:25:31,818 - EXECUT - INFO - received weights from trainer statipo11!
2024-02-27 02:25:32,439 - EXECUT - INFO - received weights from trainer statipo13!
2024-02-27 02:25:32,686 - EXECUT - INFO - sent aggregated weights to trainers!
2024-02-27 02:25:32,830 - METRIC - INFO - statipo15 loss: 0.20777948200702667 - accuracy: 0.934959352016449
2024-02-27 02:25:32,843 - METRIC - INFO - statipo14 loss: 0.049100346863269806 - accuracy: 0.9830508232116699
2024-02-27 02:25:32,855 - METRIC - INFO - statipo11 loss: 0.042243439704179764 - accuracy: 0.9871794581413269
2024-02-27 02:25:32,856 - METRIC - INFO - statipo12 loss: 0.054187219589948654 - accuracy: 0.9808428883552551
2024-02-27 02:25:32,865 - METRIC - INFO - statipo13 loss: 0.06801685690879822 - accuracy: 0.9769230484962463
2024-02-27 02:25:32,867 - METRIC - INFO - statipo21 loss: 0.21156035363674164 - accuracy: 0.9281525015830994
2024-02-27 02:25:33,688 - METRIC - INFO - mean_accuracy: 0.9651846786340078

2024-02-27 02:25:33,688 - METRIC - INFO - round: 47
2024-02-27 02:25:33,688 - METRIC - INFO - n_selected: 3
2024-02-27 02:25:33,689 - METRIC - INFO - selected_trainers: statipo14 - statipo11 - statipo15
2024-02-27 02:25:34,994 - EXECUT - INFO - received weights from trainer statipo11!
2024-02-27 02:25:35,068 - EXECUT - INFO - received weights from trainer statipo15!
2024-02-27 02:25:35,282 - EXECUT - INFO - received weights from trainer statipo14!
2024-02-27 02:25:35,811 - EXECUT - INFO - sent aggregated weights to trainers!
2024-02-27 02:25:35,951 - METRIC - INFO - statipo15 loss: 0.07221498340368271 - accuracy: 0.9837398529052734
2024-02-27 02:25:35,958 - METRIC - INFO - statipo14 loss: 0.03447473421692848 - accuracy: 0.9887005686759949
2024-02-27 02:25:35,960 - METRIC - INFO - statipo21 loss: 0.35931292176246643 - accuracy: 0.8709677457809448
2024-02-27 02:25:35,972 - METRIC - INFO - statipo13 loss: 0.1439940184354782 - accuracy: 0.9435897469520569
2024-02-27 02:25:35,978 - METRIC - INFO - statipo11 loss: 0.04931287467479706 - accuracy: 0.9871794581413269
2024-02-27 02:25:35,986 - METRIC - INFO - statipo12 loss: 0.20668621361255646 - accuracy: 0.9329501986503601
2024-02-27 02:25:36,812 - METRIC - INFO - mean_accuracy: 0.9511879285176595

2024-02-27 02:25:36,813 - METRIC - INFO - round: 48
2024-02-27 02:25:36,813 - METRIC - INFO - n_selected: 3
2024-02-27 02:25:36,813 - METRIC - INFO - selected_trainers: statipo12 - statipo11 - statipo14
2024-02-27 02:25:40,615 - EXECUT - INFO - received weights from trainer statipo12!
2024-02-27 02:25:41,089 - EXECUT - INFO - received weights from trainer statipo14!
2024-02-27 02:25:42,109 - EXECUT - INFO - received weights from trainer statipo11!
2024-02-27 02:25:42,936 - EXECUT - INFO - sent aggregated weights to trainers!
2024-02-27 02:25:43,072 - METRIC - INFO - statipo15 loss: 0.13160903751850128 - accuracy: 0.9544715285301208
2024-02-27 02:25:43,086 - METRIC - INFO - statipo11 loss: 0.05221233516931534 - accuracy: 0.9887820482254028
2024-02-27 02:25:43,101 - METRIC - INFO - statipo14 loss: 0.04784631356596947 - accuracy: 0.9830508232116699
2024-02-27 02:25:43,109 - METRIC - INFO - statipo12 loss: 0.06224112585186958 - accuracy: 0.9808428883552551
2024-02-27 02:25:43,117 - METRIC - INFO - statipo21 loss: 0.5852510929107666 - accuracy: 0.8211143612861633
2024-02-27 02:25:43,118 - METRIC - INFO - statipo13 loss: 0.1999865472316742 - accuracy: 0.9102563858032227
2024-02-27 02:25:43,938 - METRIC - INFO - mean_accuracy: 0.9397530059019724

2024-02-27 02:25:43,938 - METRIC - INFO - round: 49
2024-02-27 02:25:43,938 - METRIC - INFO - n_selected: 3
2024-02-27 02:25:43,939 - METRIC - INFO - selected_trainers: statipo21 - statipo12 - statipo14
2024-02-27 02:25:45,374 - EXECUT - INFO - received weights from trainer statipo21!
2024-02-27 02:25:45,428 - EXECUT - INFO - received weights from trainer statipo12!
2024-02-27 02:25:45,481 - EXECUT - INFO - received weights from trainer statipo14!
2024-02-27 02:25:46,061 - EXECUT - INFO - sent aggregated weights to trainers!
2024-02-27 02:25:46,205 - METRIC - INFO - statipo11 loss: 0.21762347221374512 - accuracy: 0.942307710647583
2024-02-27 02:25:46,212 - METRIC - INFO - statipo13 loss: 0.21425236761569977 - accuracy: 0.9076923131942749
2024-02-27 02:25:46,227 - METRIC - INFO - statipo15 loss: 0.1699061095714569 - accuracy: 0.9430894255638123
2024-02-27 02:25:46,234 - METRIC - INFO - statipo12 loss: 0.059093426913022995 - accuracy: 0.9865900278091431
2024-02-27 02:25:46,238 - METRIC - INFO - statipo14 loss: 0.04294922947883606 - accuracy: 0.9858757257461548
2024-02-27 02:25:46,244 - METRIC - INFO - statipo21 loss: 0.07263266295194626 - accuracy: 0.9780058860778809
2024-02-27 02:25:47,063 - METRIC - INFO - mean_accuracy: 0.9572601815064748

2024-02-27 02:25:47,063 - METRIC - INFO - round: 50
2024-02-27 02:25:47,063 - METRIC - INFO - n_selected: 3
2024-02-27 02:25:47,063 - METRIC - INFO - selected_trainers: statipo15 - statipo14 - statipo13
2024-02-27 02:25:48,444 - EXECUT - INFO - received weights from trainer statipo15!
2024-02-27 02:25:48,602 - EXECUT - INFO - received weights from trainer statipo14!
2024-02-27 02:25:48,656 - EXECUT - INFO - received weights from trainer statipo13!
2024-02-27 02:25:49,151 - EXECUT - INFO - sent aggregated weights to trainers!
2024-02-27 02:25:49,285 - METRIC - INFO - statipo12 loss: 0.19912602007389069 - accuracy: 0.938697338104248
2024-02-27 02:25:49,297 - METRIC - INFO - statipo21 loss: 0.286012202501297 - accuracy: 0.9032257795333862
2024-02-27 02:25:49,317 - METRIC - INFO - statipo15 loss: 0.07095803320407867 - accuracy: 0.9804878234863281
2024-02-27 02:25:49,320 - METRIC - INFO - statipo11 loss: 0.5396490097045898 - accuracy: 0.8733974099159241
2024-02-27 02:25:49,326 - METRIC - INFO - statipo13 loss: 0.06612937152385712 - accuracy: 0.9692307710647583
2024-02-27 02:25:49,327 - METRIC - INFO - statipo14 loss: 0.037098731845617294 - accuracy: 0.9901130199432373
2024-02-27 02:25:50,152 - METRIC - INFO - mean_accuracy: 0.9425253570079803

2024-02-27 02:25:50,153 - METRIC - INFO - stop_condition: rounds
