2024-03-06 00:12:58,958 - EXECUT - INFO - starting server...
2024-03-06 00:13:09,921 - EXECUT - INFO - trainer number statipo11 just joined the pool
2024-03-06 00:13:09,924 - EXECUT - INFO - trainer number statipo15 just joined the pool
2024-03-06 00:13:09,968 - EXECUT - INFO - trainer number statipo12 just joined the pool
2024-03-06 00:13:09,968 - EXECUT - INFO - trainer number statipo14 just joined the pool
2024-03-06 00:13:09,968 - EXECUT - INFO - trainer number statipo21 just joined the pool
2024-03-06 00:13:09,969 - EXECUT - INFO - trainer number statipo13 just joined the pool
2024-03-06 00:13:10,970 - METRIC - INFO - round: 1
2024-03-06 00:13:10,970 - METRIC - INFO - n_selected: 3
2024-03-06 00:13:10,970 - METRIC - INFO - selected_trainers: statipo15 - statipo12 - statipo21
2024-03-06 00:13:17,445 - EXECUT - INFO - received weights from trainer statipo12!
2024-03-06 00:13:17,502 - EXECUT - INFO - received weights from trainer statipo15!
2024-03-06 00:13:17,562 - EXECUT - INFO - received weights from trainer statipo21!
2024-03-06 00:13:18,099 - EXECUT - INFO - sent aggregated weights to trainers!
2024-03-06 00:13:23,476 - METRIC - INFO - statipo21 loss: 0.260226845741272 - accuracy: 0.8988269567489624
2024-03-06 00:13:23,479 - METRIC - INFO - statipo14 loss: 19.58673667907715 - accuracy: 0.2118644118309021
2024-03-06 00:13:23,484 - METRIC - INFO - statipo13 loss: 20.66188621520996 - accuracy: 0.1794871836900711
2024-03-06 00:13:23,497 - METRIC - INFO - statipo11 loss: 16.7270450592041 - accuracy: 0.19391025602817535
2024-03-06 00:13:23,515 - METRIC - INFO - statipo12 loss: 0.11751026660203934 - accuracy: 0.9636015295982361
2024-03-06 00:13:23,518 - METRIC - INFO - statipo15 loss: 0.1198735311627388 - accuracy: 0.9642276167869568
2024-03-06 00:13:24,104 - METRIC - INFO - mean_accuracy: 0.5686529924472173

2024-03-06 00:13:24,105 - METRIC - INFO - round: 2
2024-03-06 00:13:24,105 - METRIC - INFO - n_selected: 3
2024-03-06 00:13:24,105 - METRIC - INFO - selected_trainers: statipo13 - statipo15 - statipo14
2024-03-06 00:13:30,823 - EXECUT - INFO - received weights from trainer statipo14!
2024-03-06 00:13:30,878 - EXECUT - INFO - received weights from trainer statipo15!
2024-03-06 00:13:30,933 - EXECUT - INFO - received weights from trainer statipo13!
2024-03-06 00:13:31,212 - EXECUT - INFO - sent aggregated weights to trainers!
2024-03-06 00:13:36,635 - METRIC - INFO - statipo15 loss: 0.20870532095432281 - accuracy: 0.930081307888031
2024-03-06 00:13:36,636 - METRIC - INFO - statipo21 loss: 2.092210054397583 - accuracy: 0.1158357784152031
2024-03-06 00:13:36,640 - METRIC - INFO - statipo12 loss: 2.0894365310668945 - accuracy: 0.1111111119389534
2024-03-06 00:13:36,643 - METRIC - INFO - statipo11 loss: 1.892396330833435 - accuracy: 0.1586538404226303
2024-03-06 00:13:36,644 - METRIC - INFO - statipo14 loss: 0.1626746505498886 - accuracy: 0.9491525292396545
2024-03-06 00:13:36,661 - METRIC - INFO - statipo13 loss: 0.31094303727149963 - accuracy: 0.8897435665130615
2024-03-06 00:13:37,218 - METRIC - INFO - mean_accuracy: 0.5257630224029223

2024-03-06 00:13:37,218 - METRIC - INFO - round: 3
2024-03-06 00:13:37,219 - METRIC - INFO - n_selected: 3
2024-03-06 00:13:37,219 - METRIC - INFO - selected_trainers: statipo11 - statipo13 - statipo12
2024-03-06 00:13:43,654 - EXECUT - INFO - received weights from trainer statipo13!
2024-03-06 00:13:43,707 - EXECUT - INFO - received weights from trainer statipo11!
2024-03-06 00:13:44,014 - EXECUT - INFO - received weights from trainer statipo12!
2024-03-06 00:13:44,342 - EXECUT - INFO - sent aggregated weights to trainers!
2024-03-06 00:13:49,767 - METRIC - INFO - statipo12 loss: 0.2338809072971344 - accuracy: 0.9214559197425842
2024-03-06 00:13:49,774 - METRIC - INFO - statipo13 loss: 0.8955310583114624 - accuracy: 0.6871795058250427
2024-03-06 00:13:49,775 - METRIC - INFO - statipo14 loss: 1.1959657669067383 - accuracy: 0.48446327447891235
2024-03-06 00:13:49,779 - METRIC - INFO - statipo11 loss: 0.23698748648166656 - accuracy: 0.9150640964508057
2024-03-06 00:13:49,779 - METRIC - INFO - statipo21 loss: 1.9778118133544922 - accuracy: 0.09530791640281677
2024-03-06 00:13:49,794 - METRIC - INFO - statipo15 loss: 1.3913893699645996 - accuracy: 0.39674797654151917
2024-03-06 00:13:50,348 - METRIC - INFO - mean_accuracy: 0.5833697815736135

2024-03-06 00:13:50,348 - METRIC - INFO - round: 4
2024-03-06 00:13:50,349 - METRIC - INFO - n_selected: 3
2024-03-06 00:13:50,349 - METRIC - INFO - selected_trainers: statipo11 - statipo13 - statipo21
2024-03-06 00:13:56,691 - EXECUT - INFO - received weights from trainer statipo21!
2024-03-06 00:13:56,745 - EXECUT - INFO - received weights from trainer statipo13!
2024-03-06 00:13:57,121 - EXECUT - INFO - received weights from trainer statipo11!
2024-03-06 00:13:57,471 - EXECUT - INFO - sent aggregated weights to trainers!
2024-03-06 00:14:02,877 - METRIC - INFO - statipo13 loss: 0.24497108161449432 - accuracy: 0.9051281809806824
2024-03-06 00:14:02,881 - METRIC - INFO - statipo21 loss: 0.20949724316596985 - accuracy: 0.9193548560142517
2024-03-06 00:14:02,882 - METRIC - INFO - statipo12 loss: 2.383847713470459 - accuracy: 0.24329501390457153
2024-03-06 00:14:02,883 - METRIC - INFO - statipo11 loss: 0.19373300671577454 - accuracy: 0.9375
2024-03-06 00:14:02,897 - METRIC - INFO - statipo14 loss: 1.9021168947219849 - accuracy: 0.33898305892944336
2024-03-06 00:14:02,901 - METRIC - INFO - statipo15 loss: 3.1297824382781982 - accuracy: 0.2308943122625351
2024-03-06 00:14:03,479 - METRIC - INFO - mean_accuracy: 0.5958592370152473

2024-03-06 00:14:03,480 - METRIC - INFO - round: 5
2024-03-06 00:14:03,480 - METRIC - INFO - n_selected: 3
2024-03-06 00:14:03,480 - METRIC - INFO - selected_trainers: statipo11 - statipo12 - statipo14
2024-03-06 00:14:09,697 - EXECUT - INFO - received weights from trainer statipo12!
2024-03-06 00:14:09,751 - EXECUT - INFO - received weights from trainer statipo11!
2024-03-06 00:14:09,836 - EXECUT - INFO - received weights from trainer statipo14!
2024-03-06 00:14:10,604 - EXECUT - INFO - sent aggregated weights to trainers!
2024-03-06 00:14:16,040 - METRIC - INFO - statipo14 loss: 0.0812179297208786 - accuracy: 0.9661017060279846
2024-03-06 00:14:16,041 - METRIC - INFO - statipo13 loss: 0.9329420924186707 - accuracy: 0.6525641083717346
2024-03-06 00:14:16,042 - METRIC - INFO - statipo11 loss: 0.1650518774986267 - accuracy: 0.9519230723381042
2024-03-06 00:14:16,059 - METRIC - INFO - statipo21 loss: 0.7947999835014343 - accuracy: 0.6862170100212097
2024-03-06 00:14:16,059 - METRIC - INFO - statipo12 loss: 0.12639090418815613 - accuracy: 0.967432975769043
2024-03-06 00:14:16,064 - METRIC - INFO - statipo15 loss: 4.777505397796631 - accuracy: 0.21300813555717468
2024-03-06 00:14:16,610 - METRIC - INFO - mean_accuracy: 0.7395411680142084

2024-03-06 00:14:16,610 - METRIC - INFO - round: 6
2024-03-06 00:14:16,611 - METRIC - INFO - n_selected: 3
2024-03-06 00:14:16,611 - METRIC - INFO - selected_trainers: statipo12 - statipo14 - statipo11
2024-03-06 00:14:22,899 - EXECUT - INFO - received weights from trainer statipo11!
2024-03-06 00:14:22,953 - EXECUT - INFO - received weights from trainer statipo14!
2024-03-06 00:14:23,383 - EXECUT - INFO - received weights from trainer statipo12!
2024-03-06 00:14:23,735 - EXECUT - INFO - sent aggregated weights to trainers!
2024-03-06 00:14:29,151 - METRIC - INFO - statipo21 loss: 1.9077943563461304 - accuracy: 0.5747800469398499
2024-03-06 00:14:29,157 - METRIC - INFO - statipo11 loss: 0.11969243735074997 - accuracy: 0.9663461446762085
2024-03-06 00:14:29,174 - METRIC - INFO - statipo12 loss: 0.1331283450126648 - accuracy: 0.9559386968612671
2024-03-06 00:14:29,177 - METRIC - INFO - statipo14 loss: 0.09135567396879196 - accuracy: 0.9618644118309021
2024-03-06 00:14:29,187 - METRIC - INFO - statipo13 loss: 2.273444175720215 - accuracy: 0.5230769515037537
2024-03-06 00:14:29,191 - METRIC - INFO - statipo15 loss: 6.329561710357666 - accuracy: 0.19837398827075958
2024-03-06 00:14:29,741 - METRIC - INFO - mean_accuracy: 0.6967300400137901

2024-03-06 00:14:29,741 - METRIC - INFO - round: 7
2024-03-06 00:14:29,741 - METRIC - INFO - n_selected: 3
2024-03-06 00:14:29,742 - METRIC - INFO - selected_trainers: statipo14 - statipo21 - statipo15
2024-03-06 00:14:36,089 - EXECUT - INFO - received weights from trainer statipo15!
2024-03-06 00:14:36,148 - EXECUT - INFO - received weights from trainer statipo21!
2024-03-06 00:14:36,202 - EXECUT - INFO - received weights from trainer statipo14!
2024-03-06 00:14:36,866 - EXECUT - INFO - sent aggregated weights to trainers!
2024-03-06 00:14:42,312 - METRIC - INFO - statipo15 loss: 0.16340136528015137 - accuracy: 0.9382113814353943
2024-03-06 00:14:42,313 - METRIC - INFO - statipo11 loss: 0.9120668172836304 - accuracy: 0.7307692170143127
2024-03-06 00:14:42,335 - METRIC - INFO - statipo21 loss: 0.24163617193698883 - accuracy: 0.9149560332298279
2024-03-06 00:14:42,338 - METRIC - INFO - statipo13 loss: 4.280458927154541 - accuracy: 0.2974359095096588
2024-03-06 00:14:42,342 - METRIC - INFO - statipo14 loss: 0.054439086467027664 - accuracy: 0.9816384315490723
2024-03-06 00:14:42,355 - METRIC - INFO - statipo12 loss: 1.4915013313293457 - accuracy: 0.553639829158783
2024-03-06 00:14:42,872 - METRIC - INFO - mean_accuracy: 0.7361084669828415

2024-03-06 00:14:42,872 - METRIC - INFO - round: 8
2024-03-06 00:14:42,873 - METRIC - INFO - n_selected: 3
2024-03-06 00:14:42,873 - METRIC - INFO - selected_trainers: statipo12 - statipo14 - statipo21
2024-03-06 00:14:49,360 - EXECUT - INFO - received weights from trainer statipo21!
2024-03-06 00:14:49,415 - EXECUT - INFO - received weights from trainer statipo14!
2024-03-06 00:14:49,701 - EXECUT - INFO - received weights from trainer statipo12!
2024-03-06 00:14:50,001 - EXECUT - INFO - sent aggregated weights to trainers!
2024-03-06 00:14:55,430 - METRIC - INFO - statipo21 loss: 0.16094663739204407 - accuracy: 0.9325513243675232
2024-03-06 00:14:55,433 - METRIC - INFO - statipo15 loss: 3.2207844257354736 - accuracy: 0.4032520353794098
2024-03-06 00:14:55,434 - METRIC - INFO - statipo14 loss: 0.1497395783662796 - accuracy: 0.9477401375770569
2024-03-06 00:14:55,442 - METRIC - INFO - statipo13 loss: 6.792998790740967 - accuracy: 0.2282051295042038
2024-03-06 00:14:55,469 - METRIC - INFO - statipo12 loss: 0.10532047599554062 - accuracy: 0.9636015295982361
2024-03-06 00:14:55,474 - METRIC - INFO - statipo11 loss: 0.7170102000236511 - accuracy: 0.75
2024-03-06 00:14:56,007 - METRIC - INFO - mean_accuracy: 0.7042250260710716

2024-03-06 00:14:56,008 - METRIC - INFO - round: 9
2024-03-06 00:14:56,008 - METRIC - INFO - n_selected: 3
2024-03-06 00:14:56,008 - METRIC - INFO - selected_trainers: statipo11 - statipo21 - statipo12
2024-03-06 00:15:02,189 - EXECUT - INFO - received weights from trainer statipo12!
2024-03-06 00:15:02,257 - EXECUT - INFO - received weights from trainer statipo11!
2024-03-06 00:15:02,311 - EXECUT - INFO - received weights from trainer statipo21!
2024-03-06 00:15:03,097 - EXECUT - INFO - sent aggregated weights to trainers!
2024-03-06 00:15:08,519 - METRIC - INFO - statipo21 loss: 0.171756312251091 - accuracy: 0.9193548560142517
2024-03-06 00:15:08,522 - METRIC - INFO - statipo11 loss: 0.11250991374254227 - accuracy: 0.9631410241127014
2024-03-06 00:15:08,531 - METRIC - INFO - statipo13 loss: 9.096516609191895 - accuracy: 0.21666666865348816
2024-03-06 00:15:08,554 - METRIC - INFO - statipo14 loss: 0.2045416533946991 - accuracy: 0.9152542352676392
2024-03-06 00:15:08,558 - METRIC - INFO - statipo12 loss: 0.09282862395048141 - accuracy: 0.967432975769043
2024-03-06 00:15:08,566 - METRIC - INFO - statipo15 loss: 5.783090591430664 - accuracy: 0.31707316637039185
2024-03-06 00:15:09,103 - METRIC - INFO - mean_accuracy: 0.7164871543645859

2024-03-06 00:15:09,103 - METRIC - INFO - round: 10
2024-03-06 00:15:09,104 - METRIC - INFO - n_selected: 3
2024-03-06 00:15:09,104 - METRIC - INFO - selected_trainers: statipo12 - statipo13 - statipo15
2024-03-06 00:15:15,345 - EXECUT - INFO - received weights from trainer statipo12!
2024-03-06 00:15:15,571 - EXECUT - INFO - received weights from trainer statipo13!
2024-03-06 00:15:15,921 - EXECUT - INFO - received weights from trainer statipo15!
2024-03-06 00:15:16,230 - EXECUT - INFO - sent aggregated weights to trainers!
2024-03-06 00:15:21,661 - METRIC - INFO - statipo11 loss: 0.8317695260047913 - accuracy: 0.7403846383094788
2024-03-06 00:15:21,664 - METRIC - INFO - statipo21 loss: 0.9779120683670044 - accuracy: 0.6862170100212097
2024-03-06 00:15:21,668 - METRIC - INFO - statipo12 loss: 0.08527054637670517 - accuracy: 0.977011501789093
2024-03-06 00:15:21,675 - METRIC - INFO - statipo13 loss: 0.20798994600772858 - accuracy: 0.9294871687889099
2024-03-06 00:15:21,685 - METRIC - INFO - statipo14 loss: 0.6911730170249939 - accuracy: 0.7711864113807678
2024-03-06 00:15:21,691 - METRIC - INFO - statipo15 loss: 0.14250707626342773 - accuracy: 0.9430894255638123
2024-03-06 00:15:22,236 - METRIC - INFO - mean_accuracy: 0.8412293593088785

2024-03-06 00:15:22,237 - METRIC - INFO - round: 11
2024-03-06 00:15:22,237 - METRIC - INFO - n_selected: 3
2024-03-06 00:15:22,237 - METRIC - INFO - selected_trainers: statipo14 - statipo13 - statipo21
2024-03-06 00:15:28,663 - EXECUT - INFO - received weights from trainer statipo14!
2024-03-06 00:15:28,717 - EXECUT - INFO - received weights from trainer statipo13!
2024-03-06 00:15:29,037 - EXECUT - INFO - received weights from trainer statipo21!
2024-03-06 00:15:29,363 - EXECUT - INFO - sent aggregated weights to trainers!
2024-03-06 00:15:34,780 - METRIC - INFO - statipo12 loss: 0.7084067463874817 - accuracy: 0.7681992053985596
2024-03-06 00:15:34,803 - METRIC - INFO - statipo13 loss: 0.19429700076580048 - accuracy: 0.9217948913574219
2024-03-06 00:15:34,816 - METRIC - INFO - statipo11 loss: 1.2073960304260254 - accuracy: 0.6153846383094788
2024-03-06 00:15:34,819 - METRIC - INFO - statipo14 loss: 0.08032531291246414 - accuracy: 0.9774011373519897
2024-03-06 00:15:34,819 - METRIC - INFO - statipo15 loss: 3.038074254989624 - accuracy: 0.3918699324131012
2024-03-06 00:15:34,824 - METRIC - INFO - statipo21 loss: 0.15065406262874603 - accuracy: 0.9413489699363708
2024-03-06 00:15:35,369 - METRIC - INFO - mean_accuracy: 0.7693331291278204

2024-03-06 00:15:35,369 - METRIC - INFO - round: 12
2024-03-06 00:15:35,370 - METRIC - INFO - n_selected: 3
2024-03-06 00:15:35,370 - METRIC - INFO - selected_trainers: statipo12 - statipo13 - statipo21
2024-03-06 00:15:41,557 - EXECUT - INFO - received weights from trainer statipo12!
2024-03-06 00:15:41,713 - EXECUT - INFO - received weights from trainer statipo21!
2024-03-06 00:15:41,767 - EXECUT - INFO - received weights from trainer statipo13!
2024-03-06 00:15:42,493 - EXECUT - INFO - sent aggregated weights to trainers!
2024-03-06 00:15:47,924 - METRIC - INFO - statipo15 loss: 4.409686088562012 - accuracy: 0.3772357702255249
2024-03-06 00:15:47,926 - METRIC - INFO - statipo14 loss: 0.4628373086452484 - accuracy: 0.8305084705352783
2024-03-06 00:15:47,960 - METRIC - INFO - statipo13 loss: 0.256600022315979 - accuracy: 0.8974359035491943
2024-03-06 00:15:47,963 - METRIC - INFO - statipo21 loss: 0.1354018896818161 - accuracy: 0.9516128897666931
2024-03-06 00:15:47,965 - METRIC - INFO - statipo12 loss: 0.09347735345363617 - accuracy: 0.9712643623352051
2024-03-06 00:15:47,978 - METRIC - INFO - statipo11 loss: 1.5852800607681274 - accuracy: 0.5993589758872986
2024-03-06 00:15:48,499 - METRIC - INFO - mean_accuracy: 0.7712360620498657

2024-03-06 00:15:48,499 - METRIC - INFO - round: 13
2024-03-06 00:15:48,499 - METRIC - INFO - n_selected: 3
2024-03-06 00:15:48,499 - METRIC - INFO - selected_trainers: statipo11 - statipo15 - statipo13
2024-03-06 00:15:54,807 - EXECUT - INFO - received weights from trainer statipo15!
2024-03-06 00:15:54,861 - EXECUT - INFO - received weights from trainer statipo11!
2024-03-06 00:15:54,914 - EXECUT - INFO - received weights from trainer statipo13!
2024-03-06 00:15:55,622 - EXECUT - INFO - sent aggregated weights to trainers!
2024-03-06 00:16:01,047 - METRIC - INFO - statipo15 loss: 0.11723271757364273 - accuracy: 0.9642276167869568
2024-03-06 00:16:01,051 - METRIC - INFO - statipo14 loss: 0.7738761901855469 - accuracy: 0.7697740197181702
2024-03-06 00:16:01,060 - METRIC - INFO - statipo11 loss: 0.09843595325946808 - accuracy: 0.9679487347602844
2024-03-06 00:16:01,073 - METRIC - INFO - statipo13 loss: 0.17315740883350372 - accuracy: 0.9217948913574219
2024-03-06 00:16:01,077 - METRIC - INFO - statipo21 loss: 0.48058196902275085 - accuracy: 0.8357771039009094
2024-03-06 00:16:01,077 - METRIC - INFO - statipo12 loss: 0.7339338064193726 - accuracy: 0.7375478744506836
2024-03-06 00:16:01,628 - METRIC - INFO - mean_accuracy: 0.8661783734957377

2024-03-06 00:16:01,628 - METRIC - INFO - round: 14
2024-03-06 00:16:01,629 - METRIC - INFO - n_selected: 3
2024-03-06 00:16:01,629 - METRIC - INFO - selected_trainers: statipo21 - statipo15 - statipo13
2024-03-06 00:16:08,048 - EXECUT - INFO - received weights from trainer statipo21!
2024-03-06 00:16:08,103 - EXECUT - INFO - received weights from trainer statipo13!
2024-03-06 00:16:08,468 - EXECUT - INFO - received weights from trainer statipo15!
2024-03-06 00:16:08,754 - EXECUT - INFO - sent aggregated weights to trainers!
2024-03-06 00:16:14,186 - METRIC - INFO - statipo12 loss: 0.846083402633667 - accuracy: 0.7490421533584595
2024-03-06 00:16:14,191 - METRIC - INFO - statipo21 loss: 0.4917386770248413 - accuracy: 0.8240469098091125
2024-03-06 00:16:14,199 - METRIC - INFO - statipo11 loss: 0.6344457268714905 - accuracy: 0.7980769276618958
2024-03-06 00:16:14,209 - METRIC - INFO - statipo14 loss: 1.133500099182129 - accuracy: 0.6581920981407166
2024-03-06 00:16:14,219 - METRIC - INFO - statipo13 loss: 0.13974176347255707 - accuracy: 0.9448717832565308
2024-03-06 00:16:14,225 - METRIC - INFO - statipo15 loss: 0.0966128557920456 - accuracy: 0.9707317352294922
2024-03-06 00:16:14,760 - METRIC - INFO - mean_accuracy: 0.8241602679093679

2024-03-06 00:16:14,760 - METRIC - INFO - round: 15
2024-03-06 00:16:14,761 - METRIC - INFO - n_selected: 3
2024-03-06 00:16:14,761 - METRIC - INFO - selected_trainers: statipo11 - statipo12 - statipo14
2024-03-06 00:16:21,046 - EXECUT - INFO - received weights from trainer statipo11!
2024-03-06 00:16:21,100 - EXECUT - INFO - received weights from trainer statipo14!
2024-03-06 00:16:21,565 - EXECUT - INFO - received weights from trainer statipo12!
2024-03-06 00:16:21,885 - EXECUT - INFO - sent aggregated weights to trainers!
2024-03-06 00:16:27,322 - METRIC - INFO - statipo21 loss: 0.27868354320526123 - accuracy: 0.892961859703064
2024-03-06 00:16:27,323 - METRIC - INFO - statipo13 loss: 0.5697525143623352 - accuracy: 0.7769230604171753
2024-03-06 00:16:27,329 - METRIC - INFO - statipo14 loss: 0.41379866003990173 - accuracy: 0.8912429213523865
2024-03-06 00:16:27,340 - METRIC - INFO - statipo15 loss: 1.5171551704406738 - accuracy: 0.642276406288147
2024-03-06 00:16:27,346 - METRIC - INFO - statipo11 loss: 0.08835392445325851 - accuracy: 0.9743589758872986
2024-03-06 00:16:27,355 - METRIC - INFO - statipo12 loss: 0.08184264600276947 - accuracy: 0.977011501789093
2024-03-06 00:16:27,891 - METRIC - INFO - mean_accuracy: 0.8591291209061941

2024-03-06 00:16:27,892 - METRIC - INFO - round: 16
2024-03-06 00:16:27,892 - METRIC - INFO - n_selected: 3
2024-03-06 00:16:27,892 - METRIC - INFO - selected_trainers: statipo14 - statipo15 - statipo21
2024-03-06 00:16:34,207 - EXECUT - INFO - received weights from trainer statipo15!
2024-03-06 00:16:34,261 - EXECUT - INFO - received weights from trainer statipo21!
2024-03-06 00:16:34,315 - EXECUT - INFO - received weights from trainer statipo14!
2024-03-06 00:16:35,012 - EXECUT - INFO - sent aggregated weights to trainers!
2024-03-06 00:16:40,444 - METRIC - INFO - statipo12 loss: 0.6844953298568726 - accuracy: 0.8122605085372925
2024-03-06 00:16:40,449 - METRIC - INFO - statipo15 loss: 0.09935569018125534 - accuracy: 0.9723577499389648
2024-03-06 00:16:40,450 - METRIC - INFO - statipo11 loss: 0.7255890965461731 - accuracy: 0.7868589758872986
2024-03-06 00:16:40,452 - METRIC - INFO - statipo13 loss: 1.0640740394592285 - accuracy: 0.6756410002708435
2024-03-06 00:16:40,466 - METRIC - INFO - statipo21 loss: 0.12600135803222656 - accuracy: 0.9530791640281677
2024-03-06 00:16:40,474 - METRIC - INFO - statipo14 loss: 0.05177878960967064 - accuracy: 0.9802259802818298
2024-03-06 00:16:41,018 - METRIC - INFO - mean_accuracy: 0.8634038964907328

2024-03-06 00:16:41,019 - METRIC - INFO - round: 17
2024-03-06 00:16:41,019 - METRIC - INFO - n_selected: 3
2024-03-06 00:16:41,019 - METRIC - INFO - selected_trainers: statipo15 - statipo14 - statipo21
2024-03-06 00:16:47,380 - EXECUT - INFO - received weights from trainer statipo21!
2024-03-06 00:16:47,434 - EXECUT - INFO - received weights from trainer statipo14!
2024-03-06 00:16:47,819 - EXECUT - INFO - received weights from trainer statipo15!
2024-03-06 00:16:48,140 - EXECUT - INFO - sent aggregated weights to trainers!
2024-03-06 00:16:53,572 - METRIC - INFO - statipo11 loss: 0.9272173643112183 - accuracy: 0.7371794581413269
2024-03-06 00:16:53,574 - METRIC - INFO - statipo14 loss: 0.038787465542554855 - accuracy: 0.9872881174087524
2024-03-06 00:16:53,574 - METRIC - INFO - statipo15 loss: 0.19866880774497986 - accuracy: 0.9365853667259216
2024-03-06 00:16:53,579 - METRIC - INFO - statipo13 loss: 1.6706092357635498 - accuracy: 0.629487156867981
2024-03-06 00:16:53,605 - METRIC - INFO - statipo21 loss: 0.17877459526062012 - accuracy: 0.9325513243675232
2024-03-06 00:16:53,614 - METRIC - INFO - statipo12 loss: 1.1362489461898804 - accuracy: 0.7241379022598267
2024-03-06 00:16:54,146 - METRIC - INFO - mean_accuracy: 0.8245382209618887

2024-03-06 00:16:54,147 - METRIC - INFO - round: 18
2024-03-06 00:16:54,147 - METRIC - INFO - n_selected: 3
2024-03-06 00:16:54,147 - METRIC - INFO - selected_trainers: statipo14 - statipo12 - statipo21
2024-03-06 00:17:00,359 - EXECUT - INFO - received weights from trainer statipo12!
2024-03-06 00:17:00,495 - EXECUT - INFO - received weights from trainer statipo21!
2024-03-06 00:17:00,550 - EXECUT - INFO - received weights from trainer statipo14!
2024-03-06 00:17:01,272 - EXECUT - INFO - sent aggregated weights to trainers!
2024-03-06 00:17:06,707 - METRIC - INFO - statipo13 loss: 2.1588449478149414 - accuracy: 0.6025640964508057
2024-03-06 00:17:06,708 - METRIC - INFO - statipo14 loss: 0.040300771594047546 - accuracy: 0.9830508232116699
2024-03-06 00:17:06,717 - METRIC - INFO - statipo15 loss: 1.0935070514678955 - accuracy: 0.7593495845794678
2024-03-06 00:17:06,731 - METRIC - INFO - statipo11 loss: 1.1347198486328125 - accuracy: 0.7243589758872986
2024-03-06 00:17:06,731 - METRIC - INFO - statipo21 loss: 0.12860427796840668 - accuracy: 0.9428152441978455
2024-03-06 00:17:06,743 - METRIC - INFO - statipo12 loss: 0.09278059005737305 - accuracy: 0.959770143032074
2024-03-06 00:17:07,279 - METRIC - INFO - mean_accuracy: 0.8286514778931936

2024-03-06 00:17:07,280 - METRIC - INFO - round: 19
2024-03-06 00:17:07,280 - METRIC - INFO - n_selected: 3
2024-03-06 00:17:07,280 - METRIC - INFO - selected_trainers: statipo15 - statipo13 - statipo11
2024-03-06 00:17:13,597 - EXECUT - INFO - received weights from trainer statipo15!
2024-03-06 00:17:13,697 - EXECUT - INFO - received weights from trainer statipo13!
2024-03-06 00:17:14,078 - EXECUT - INFO - received weights from trainer statipo11!
2024-03-06 00:17:14,402 - EXECUT - INFO - sent aggregated weights to trainers!
2024-03-06 00:17:19,834 - METRIC - INFO - statipo14 loss: 0.0780419334769249 - accuracy: 0.9788135886192322
2024-03-06 00:17:19,842 - METRIC - INFO - statipo11 loss: 0.0775933787226677 - accuracy: 0.9775640964508057
2024-03-06 00:17:19,843 - METRIC - INFO - statipo15 loss: 0.07570052891969681 - accuracy: 0.9739837646484375
2024-03-06 00:17:19,855 - METRIC - INFO - statipo13 loss: 0.1985541731119156 - accuracy: 0.9217948913574219
2024-03-06 00:17:19,861 - METRIC - INFO - statipo21 loss: 0.33297091722488403 - accuracy: 0.8812316656112671
2024-03-06 00:17:19,863 - METRIC - INFO - statipo12 loss: 0.6540788412094116 - accuracy: 0.8180076479911804
2024-03-06 00:17:20,409 - METRIC - INFO - mean_accuracy: 0.9252326091130575

2024-03-06 00:17:20,409 - METRIC - INFO - round: 20
2024-03-06 00:17:20,410 - METRIC - INFO - n_selected: 3
2024-03-06 00:17:20,410 - METRIC - INFO - selected_trainers: statipo12 - statipo15 - statipo11
2024-03-06 00:17:26,772 - EXECUT - INFO - received weights from trainer statipo11!
2024-03-06 00:17:27,216 - EXECUT - INFO - received weights from trainer statipo12!
2024-03-06 00:17:27,271 - EXECUT - INFO - received weights from trainer statipo15!
2024-03-06 00:17:27,511 - EXECUT - INFO - sent aggregated weights to trainers!
2024-03-06 00:17:32,935 - METRIC - INFO - statipo21 loss: 0.5466616153717041 - accuracy: 0.7771260738372803
2024-03-06 00:17:32,950 - METRIC - INFO - statipo15 loss: 0.06213157996535301 - accuracy: 0.9821138381958008
2024-03-06 00:17:32,950 - METRIC - INFO - statipo11 loss: 0.07695363461971283 - accuracy: 0.9791666865348816
2024-03-06 00:17:32,961 - METRIC - INFO - statipo14 loss: 0.18519870936870575 - accuracy: 0.9293785095214844
2024-03-06 00:17:32,963 - METRIC - INFO - statipo12 loss: 0.08521958440542221 - accuracy: 0.977011501789093
2024-03-06 00:17:32,986 - METRIC - INFO - statipo13 loss: 0.8827623128890991 - accuracy: 0.7230769395828247
2024-03-06 00:17:33,517 - METRIC - INFO - mean_accuracy: 0.8946455915768942

2024-03-06 00:17:33,517 - METRIC - INFO - round: 21
2024-03-06 00:17:33,518 - METRIC - INFO - n_selected: 3
2024-03-06 00:17:33,518 - METRIC - INFO - selected_trainers: statipo14 - statipo13 - statipo12
2024-03-06 00:17:39,761 - EXECUT - INFO - received weights from trainer statipo12!
2024-03-06 00:17:39,989 - EXECUT - INFO - received weights from trainer statipo14!
2024-03-06 00:17:40,042 - EXECUT - INFO - received weights from trainer statipo13!
2024-03-06 00:17:40,642 - EXECUT - INFO - sent aggregated weights to trainers!
2024-03-06 00:17:46,072 - METRIC - INFO - statipo15 loss: 0.28775978088378906 - accuracy: 0.9040650129318237
2024-03-06 00:17:46,077 - METRIC - INFO - statipo21 loss: 1.3338649272918701 - accuracy: 0.633431077003479
2024-03-06 00:17:46,077 - METRIC - INFO - statipo14 loss: 0.11864762753248215 - accuracy: 0.9562146663665771
2024-03-06 00:17:46,090 - METRIC - INFO - statipo13 loss: 0.1559126079082489 - accuracy: 0.9448717832565308
2024-03-06 00:17:46,115 - METRIC - INFO - statipo11 loss: 0.3756408393383026 - accuracy: 0.8830128312110901
2024-03-06 00:17:46,121 - METRIC - INFO - statipo12 loss: 0.06908831745386124 - accuracy: 0.9789271950721741
2024-03-06 00:17:46,649 - METRIC - INFO - mean_accuracy: 0.8834204276402792

2024-03-06 00:17:46,649 - METRIC - INFO - round: 22
2024-03-06 00:17:46,650 - METRIC - INFO - n_selected: 3
2024-03-06 00:17:46,650 - METRIC - INFO - selected_trainers: statipo21 - statipo15 - statipo14
2024-03-06 00:17:52,943 - EXECUT - INFO - received weights from trainer statipo15!
2024-03-06 00:17:52,996 - EXECUT - INFO - received weights from trainer statipo21!
2024-03-06 00:17:53,049 - EXECUT - INFO - received weights from trainer statipo14!
2024-03-06 00:17:53,774 - EXECUT - INFO - sent aggregated weights to trainers!
2024-03-06 00:17:59,204 - METRIC - INFO - statipo15 loss: 0.06252983212471008 - accuracy: 0.9804878234863281
2024-03-06 00:17:59,208 - METRIC - INFO - statipo21 loss: 0.18792618811130524 - accuracy: 0.9325513243675232
2024-03-06 00:17:59,211 - METRIC - INFO - statipo11 loss: 0.741681694984436 - accuracy: 0.7964743375778198
2024-03-06 00:17:59,214 - METRIC - INFO - statipo13 loss: 0.5069711804389954 - accuracy: 0.7846153974533081
2024-03-06 00:17:59,234 - METRIC - INFO - statipo12 loss: 0.3211793303489685 - accuracy: 0.9003831148147583
2024-03-06 00:17:59,235 - METRIC - INFO - statipo14 loss: 0.060108549892902374 - accuracy: 0.9774011373519897
2024-03-06 00:17:59,781 - METRIC - INFO - mean_accuracy: 0.8953188558419546

2024-03-06 00:17:59,781 - METRIC - INFO - round: 23
2024-03-06 00:17:59,782 - METRIC - INFO - n_selected: 3
2024-03-06 00:17:59,782 - METRIC - INFO - selected_trainers: statipo21 - statipo11 - statipo15
2024-03-06 00:18:06,081 - EXECUT - INFO - received weights from trainer statipo11!
2024-03-06 00:18:06,135 - EXECUT - INFO - received weights from trainer statipo15!
2024-03-06 00:18:06,585 - EXECUT - INFO - received weights from trainer statipo21!
2024-03-06 00:18:06,905 - EXECUT - INFO - sent aggregated weights to trainers!
2024-03-06 00:18:12,336 - METRIC - INFO - statipo15 loss: 0.059496425092220306 - accuracy: 0.9756097793579102
2024-03-06 00:18:12,338 - METRIC - INFO - statipo21 loss: 0.1070195659995079 - accuracy: 0.9545454382896423
2024-03-06 00:18:12,342 - METRIC - INFO - statipo14 loss: 0.07293445616960526 - accuracy: 0.9731638431549072
2024-03-06 00:18:12,349 - METRIC - INFO - statipo12 loss: 0.5576792359352112 - accuracy: 0.8409961462020874
2024-03-06 00:18:12,370 - METRIC - INFO - statipo11 loss: 0.07400105893611908 - accuracy: 0.9807692170143127
2024-03-06 00:18:12,374 - METRIC - INFO - statipo13 loss: 1.0066050291061401 - accuracy: 0.7179487347602844
2024-03-06 00:18:12,912 - METRIC - INFO - mean_accuracy: 0.9071721931298574

2024-03-06 00:18:12,912 - METRIC - INFO - round: 24
2024-03-06 00:18:12,912 - METRIC - INFO - n_selected: 3
2024-03-06 00:18:12,912 - METRIC - INFO - selected_trainers: statipo21 - statipo13 - statipo12
2024-03-06 00:18:19,148 - EXECUT - INFO - received weights from trainer statipo12!
2024-03-06 00:18:19,289 - EXECUT - INFO - received weights from trainer statipo21!
2024-03-06 00:18:19,343 - EXECUT - INFO - received weights from trainer statipo13!
2024-03-06 00:18:20,037 - EXECUT - INFO - sent aggregated weights to trainers!
2024-03-06 00:18:25,468 - METRIC - INFO - statipo14 loss: 0.0890393853187561 - accuracy: 0.9675140976905823
2024-03-06 00:18:25,469 - METRIC - INFO - statipo15 loss: 0.3619966208934784 - accuracy: 0.8829268217086792
2024-03-06 00:18:25,491 - METRIC - INFO - statipo21 loss: 0.1019674614071846 - accuracy: 0.9589442610740662
2024-03-06 00:18:25,491 - METRIC - INFO - statipo12 loss: 0.05325253680348396 - accuracy: 0.984674334526062
2024-03-06 00:18:25,494 - METRIC - INFO - statipo13 loss: 0.11735929548740387 - accuracy: 0.9551281929016113
2024-03-06 00:18:25,500 - METRIC - INFO - statipo11 loss: 0.5087777376174927 - accuracy: 0.8269230723381042
2024-03-06 00:18:26,043 - METRIC - INFO - mean_accuracy: 0.9293517967065176

2024-03-06 00:18:26,044 - METRIC - INFO - round: 25
2024-03-06 00:18:26,044 - METRIC - INFO - n_selected: 3
2024-03-06 00:18:26,044 - METRIC - INFO - selected_trainers: statipo14 - statipo21 - statipo15
2024-03-06 00:18:32,376 - EXECUT - INFO - received weights from trainer statipo15!
2024-03-06 00:18:32,430 - EXECUT - INFO - received weights from trainer statipo21!
2024-03-06 00:18:32,484 - EXECUT - INFO - received weights from trainer statipo14!
2024-03-06 00:18:33,171 - EXECUT - INFO - sent aggregated weights to trainers!
2024-03-06 00:18:38,598 - METRIC - INFO - statipo15 loss: 0.05793775990605354 - accuracy: 0.9837398529052734
2024-03-06 00:18:38,603 - METRIC - INFO - statipo12 loss: 0.3622496426105499 - accuracy: 0.8812260627746582
2024-03-06 00:18:38,606 - METRIC - INFO - statipo14 loss: 0.03266254439949989 - accuracy: 0.9872881174087524
2024-03-06 00:18:38,608 - METRIC - INFO - statipo11 loss: 1.0139107704162598 - accuracy: 0.7227563858032227
2024-03-06 00:18:38,633 - METRIC - INFO - statipo13 loss: 0.39755183458328247 - accuracy: 0.8230769038200378
2024-03-06 00:18:38,635 - METRIC - INFO - statipo21 loss: 0.09919393062591553 - accuracy: 0.96334308385849
2024-03-06 00:18:39,177 - METRIC - INFO - mean_accuracy: 0.8935717344284058

2024-03-06 00:18:39,178 - METRIC - INFO - round: 26
2024-03-06 00:18:39,178 - METRIC - INFO - n_selected: 3
2024-03-06 00:18:39,178 - METRIC - INFO - selected_trainers: statipo15 - statipo11 - statipo13
2024-03-06 00:18:45,487 - EXECUT - INFO - received weights from trainer statipo11!
2024-03-06 00:18:45,572 - EXECUT - INFO - received weights from trainer statipo13!
2024-03-06 00:18:45,953 - EXECUT - INFO - received weights from trainer statipo15!
2024-03-06 00:18:46,302 - EXECUT - INFO - sent aggregated weights to trainers!
2024-03-06 00:18:51,731 - METRIC - INFO - statipo15 loss: 0.06118647754192352 - accuracy: 0.9821138381958008
2024-03-06 00:18:51,732 - METRIC - INFO - statipo12 loss: 0.5798909068107605 - accuracy: 0.8486589789390564
2024-03-06 00:18:51,742 - METRIC - INFO - statipo21 loss: 0.21596741676330566 - accuracy: 0.910557210445404
2024-03-06 00:18:51,742 - METRIC - INFO - statipo11 loss: 0.07370856404304504 - accuracy: 0.9791666865348816
2024-03-06 00:18:51,757 - METRIC - INFO - statipo14 loss: 0.08804643154144287 - accuracy: 0.9604519605636597
2024-03-06 00:18:51,762 - METRIC - INFO - statipo13 loss: 0.1328505575656891 - accuracy: 0.9474359154701233
2024-03-06 00:18:52,308 - METRIC - INFO - mean_accuracy: 0.9380640983581543

2024-03-06 00:18:52,308 - METRIC - INFO - round: 27
2024-03-06 00:18:52,309 - METRIC - INFO - n_selected: 3
2024-03-06 00:18:52,309 - METRIC - INFO - selected_trainers: statipo12 - statipo14 - statipo13
2024-03-06 00:18:58,741 - EXECUT - INFO - received weights from trainer statipo13!
2024-03-06 00:18:59,113 - EXECUT - INFO - received weights from trainer statipo12!
2024-03-06 00:18:59,168 - EXECUT - INFO - received weights from trainer statipo14!
2024-03-06 00:18:59,431 - EXECUT - INFO - sent aggregated weights to trainers!
2024-03-06 00:19:04,859 - METRIC - INFO - statipo12 loss: 0.05948636680841446 - accuracy: 0.9808428883552551
2024-03-06 00:19:04,865 - METRIC - INFO - statipo13 loss: 0.13121141493320465 - accuracy: 0.9448717832565308
2024-03-06 00:19:04,872 - METRIC - INFO - statipo21 loss: 0.4540398418903351 - accuracy: 0.8196480870246887
2024-03-06 00:19:04,878 - METRIC - INFO - statipo11 loss: 0.5370492935180664 - accuracy: 0.8189102411270142
2024-03-06 00:19:04,885 - METRIC - INFO - statipo14 loss: 0.03196762874722481 - accuracy: 0.991525411605835
2024-03-06 00:19:04,894 - METRIC - INFO - statipo15 loss: 0.3493315577507019 - accuracy: 0.8715447187423706
2024-03-06 00:19:05,437 - METRIC - INFO - mean_accuracy: 0.9045571883519491

2024-03-06 00:19:05,437 - METRIC - INFO - round: 28
2024-03-06 00:19:05,438 - METRIC - INFO - n_selected: 3
2024-03-06 00:19:05,438 - METRIC - INFO - selected_trainers: statipo21 - statipo11 - statipo12
2024-03-06 00:19:11,648 - EXECUT - INFO - received weights from trainer statipo12!
2024-03-06 00:19:11,712 - EXECUT - INFO - received weights from trainer statipo11!
2024-03-06 00:19:11,766 - EXECUT - INFO - received weights from trainer statipo21!
2024-03-06 00:19:12,562 - EXECUT - INFO - sent aggregated weights to trainers!
2024-03-06 00:19:18,003 - METRIC - INFO - statipo13 loss: 0.26288044452667236 - accuracy: 0.892307698726654
2024-03-06 00:19:18,004 - METRIC - INFO - statipo21 loss: 0.08777725696563721 - accuracy: 0.9589442610740662
2024-03-06 00:19:18,021 - METRIC - INFO - statipo15 loss: 0.6346102356910706 - accuracy: 0.800000011920929
2024-03-06 00:19:18,022 - METRIC - INFO - statipo11 loss: 0.06796976923942566 - accuracy: 0.9775640964508057
2024-03-06 00:19:18,022 - METRIC - INFO - statipo12 loss: 0.10416849702596664 - accuracy: 0.969348669052124
2024-03-06 00:19:18,024 - METRIC - INFO - statipo14 loss: 0.17611637711524963 - accuracy: 0.9251412153244019
2024-03-06 00:19:18,568 - METRIC - INFO - mean_accuracy: 0.9205509920914968

2024-03-06 00:19:18,568 - METRIC - INFO - round: 29
2024-03-06 00:19:18,569 - METRIC - INFO - n_selected: 3
2024-03-06 00:19:18,569 - METRIC - INFO - selected_trainers: statipo15 - statipo14 - statipo21
2024-03-06 00:19:24,963 - EXECUT - INFO - received weights from trainer statipo21!
2024-03-06 00:19:25,373 - EXECUT - INFO - received weights from trainer statipo14!
2024-03-06 00:19:25,427 - EXECUT - INFO - received weights from trainer statipo15!
2024-03-06 00:19:25,692 - EXECUT - INFO - sent aggregated weights to trainers!
2024-03-06 00:19:31,096 - METRIC - INFO - statipo15 loss: 0.06143300235271454 - accuracy: 0.9788618087768555
2024-03-06 00:19:31,115 - METRIC - INFO - statipo13 loss: 0.4019419252872467 - accuracy: 0.8410256505012512
2024-03-06 00:19:31,130 - METRIC - INFO - statipo14 loss: 0.15061143040657043 - accuracy: 0.9703390002250671
2024-03-06 00:19:31,131 - METRIC - INFO - statipo21 loss: 0.08793891221284866 - accuracy: 0.9677419066429138
2024-03-06 00:19:31,133 - METRIC - INFO - statipo12 loss: 0.3433656096458435 - accuracy: 0.9080459475517273
2024-03-06 00:19:31,134 - METRIC - INFO - statipo11 loss: 0.4540789723396301 - accuracy: 0.8685897588729858
2024-03-06 00:19:31,698 - METRIC - INFO - mean_accuracy: 0.9224340120951334

2024-03-06 00:19:31,699 - METRIC - INFO - round: 30
2024-03-06 00:19:31,699 - METRIC - INFO - n_selected: 3
2024-03-06 00:19:31,699 - METRIC - INFO - selected_trainers: statipo15 - statipo12 - statipo11
2024-03-06 00:19:37,875 - EXECUT - INFO - received weights from trainer statipo12!
2024-03-06 00:19:37,941 - EXECUT - INFO - received weights from trainer statipo11!
2024-03-06 00:19:37,996 - EXECUT - INFO - received weights from trainer statipo15!
2024-03-06 00:19:38,819 - EXECUT - INFO - sent aggregated weights to trainers!
2024-03-06 00:19:44,253 - METRIC - INFO - statipo13 loss: 0.7648425102233887 - accuracy: 0.7653846144676208
2024-03-06 00:19:44,255 - METRIC - INFO - statipo14 loss: 0.06167960166931152 - accuracy: 0.9745762944221497
2024-03-06 00:19:44,259 - METRIC - INFO - statipo12 loss: 0.0636492371559143 - accuracy: 0.984674334526062
2024-03-06 00:19:44,260 - METRIC - INFO - statipo21 loss: 0.25925931334495544 - accuracy: 0.892961859703064
2024-03-06 00:19:44,261 - METRIC - INFO - statipo11 loss: 0.0714958980679512 - accuracy: 0.9775640964508057
2024-03-06 00:19:44,281 - METRIC - INFO - statipo15 loss: 0.059369225054979324 - accuracy: 0.9804878234863281
2024-03-06 00:19:44,826 - METRIC - INFO - mean_accuracy: 0.929274837176005

2024-03-06 00:19:44,827 - METRIC - INFO - round: 31
2024-03-06 00:19:44,827 - METRIC - INFO - n_selected: 3
2024-03-06 00:19:44,827 - METRIC - INFO - selected_trainers: statipo21 - statipo15 - statipo12
2024-03-06 00:19:51,010 - EXECUT - INFO - received weights from trainer statipo12!
2024-03-06 00:19:51,064 - EXECUT - INFO - received weights from trainer statipo15!
2024-03-06 00:19:51,128 - EXECUT - INFO - received weights from trainer statipo21!
2024-03-06 00:19:51,953 - EXECUT - INFO - sent aggregated weights to trainers!
2024-03-06 00:19:57,378 - METRIC - INFO - statipo12 loss: 0.05746237188577652 - accuracy: 0.982758641242981
2024-03-06 00:19:57,387 - METRIC - INFO - statipo11 loss: 0.3601715862751007 - accuracy: 0.8894230723381042
2024-03-06 00:19:57,392 - METRIC - INFO - statipo21 loss: 0.09024835377931595 - accuracy: 0.9721407890319824
2024-03-06 00:19:57,425 - METRIC - INFO - statipo15 loss: 0.08476290851831436 - accuracy: 0.9707317352294922
2024-03-06 00:19:57,429 - METRIC - INFO - statipo14 loss: 0.0859927237033844 - accuracy: 0.9717513918876648
2024-03-06 00:19:57,431 - METRIC - INFO - statipo13 loss: 1.01362943649292 - accuracy: 0.7256410121917725
2024-03-06 00:19:57,959 - METRIC - INFO - mean_accuracy: 0.9187411069869995

2024-03-06 00:19:57,960 - METRIC - INFO - round: 32
2024-03-06 00:19:57,960 - METRIC - INFO - n_selected: 3
2024-03-06 00:19:57,960 - METRIC - INFO - selected_trainers: statipo15 - statipo12 - statipo13
2024-03-06 00:20:04,357 - EXECUT - INFO - received weights from trainer statipo13!
2024-03-06 00:20:04,756 - EXECUT - INFO - received weights from trainer statipo15!
2024-03-06 00:20:04,811 - EXECUT - INFO - received weights from trainer statipo12!
2024-03-06 00:20:05,068 - EXECUT - INFO - sent aggregated weights to trainers!
2024-03-06 00:20:10,496 - METRIC - INFO - statipo15 loss: 0.048158757388591766 - accuracy: 0.9837398529052734
2024-03-06 00:20:10,499 - METRIC - INFO - statipo12 loss: 0.049796540290117264 - accuracy: 0.99042147397995
2024-03-06 00:20:10,499 - METRIC - INFO - statipo11 loss: 0.6682552695274353 - accuracy: 0.8189102411270142
2024-03-06 00:20:10,510 - METRIC - INFO - statipo13 loss: 0.10257845371961594 - accuracy: 0.964102566242218
2024-03-06 00:20:10,526 - METRIC - INFO - statipo21 loss: 0.29746195673942566 - accuracy: 0.866568922996521
2024-03-06 00:20:10,526 - METRIC - INFO - statipo14 loss: 0.0978671982884407 - accuracy: 0.9661017060279846
2024-03-06 00:20:11,074 - METRIC - INFO - mean_accuracy: 0.9316407938798269

2024-03-06 00:20:11,075 - METRIC - INFO - round: 33
2024-03-06 00:20:11,075 - METRIC - INFO - n_selected: 3
2024-03-06 00:20:11,075 - METRIC - INFO - selected_trainers: statipo13 - statipo14 - statipo11
2024-03-06 00:20:17,385 - EXECUT - INFO - received weights from trainer statipo11!
2024-03-06 00:20:17,459 - EXECUT - INFO - received weights from trainer statipo14!
2024-03-06 00:20:17,512 - EXECUT - INFO - received weights from trainer statipo13!
2024-03-06 00:20:18,191 - EXECUT - INFO - sent aggregated weights to trainers!
2024-03-06 00:20:23,620 - METRIC - INFO - statipo21 loss: 0.28586602210998535 - accuracy: 0.892961859703064
2024-03-06 00:20:23,642 - METRIC - INFO - statipo12 loss: 0.12304409593343735 - accuracy: 0.9578543901443481
2024-03-06 00:20:23,645 - METRIC - INFO - statipo14 loss: 0.039327871054410934 - accuracy: 0.9858757257461548
2024-03-06 00:20:23,645 - METRIC - INFO - statipo15 loss: 0.24335967004299164 - accuracy: 0.9170731902122498
2024-03-06 00:20:23,653 - METRIC - INFO - statipo13 loss: 0.11078938841819763 - accuracy: 0.9551281929016113
2024-03-06 00:20:23,662 - METRIC - INFO - statipo11 loss: 0.06572513282299042 - accuracy: 0.9823718070983887
2024-03-06 00:20:24,197 - METRIC - INFO - mean_accuracy: 0.9485441943009695

2024-03-06 00:20:24,197 - METRIC - INFO - round: 34
2024-03-06 00:20:24,198 - METRIC - INFO - n_selected: 3
2024-03-06 00:20:24,198 - METRIC - INFO - selected_trainers: statipo12 - statipo11 - statipo14
2024-03-06 00:20:30,393 - EXECUT - INFO - received weights from trainer statipo12!
2024-03-06 00:20:30,588 - EXECUT - INFO - received weights from trainer statipo14!
2024-03-06 00:20:31,008 - EXECUT - INFO - received weights from trainer statipo11!
2024-03-06 00:20:31,322 - EXECUT - INFO - sent aggregated weights to trainers!
2024-03-06 00:20:36,755 - METRIC - INFO - statipo12 loss: 0.05734173208475113 - accuracy: 0.984674334526062
2024-03-06 00:20:36,763 - METRIC - INFO - statipo11 loss: 0.06892522424459457 - accuracy: 0.9807692170143127
2024-03-06 00:20:36,764 - METRIC - INFO - statipo21 loss: 0.4642377495765686 - accuracy: 0.8387096524238586
2024-03-06 00:20:36,778 - METRIC - INFO - statipo13 loss: 0.23984019458293915 - accuracy: 0.9038461446762085
2024-03-06 00:20:36,778 - METRIC - INFO - statipo15 loss: 0.4183894097805023 - accuracy: 0.8634146451950073
2024-03-06 00:20:36,779 - METRIC - INFO - statipo14 loss: 0.03117373213171959 - accuracy: 0.9901130199432373
2024-03-06 00:20:37,328 - METRIC - INFO - mean_accuracy: 0.9269211689631144

2024-03-06 00:20:37,328 - METRIC - INFO - round: 35
2024-03-06 00:20:37,329 - METRIC - INFO - n_selected: 3
2024-03-06 00:20:37,329 - METRIC - INFO - selected_trainers: statipo14 - statipo11 - statipo21
2024-03-06 00:20:43,619 - EXECUT - INFO - received weights from trainer statipo11!
2024-03-06 00:20:43,677 - EXECUT - INFO - received weights from trainer statipo14!
2024-03-06 00:20:44,134 - EXECUT - INFO - received weights from trainer statipo21!
2024-03-06 00:20:44,466 - EXECUT - INFO - sent aggregated weights to trainers!
2024-03-06 00:20:49,887 - METRIC - INFO - statipo12 loss: 0.2676824629306793 - accuracy: 0.9137930870056152
2024-03-06 00:20:49,888 - METRIC - INFO - statipo11 loss: 0.06850261241197586 - accuracy: 0.9791666865348816
2024-03-06 00:20:49,897 - METRIC - INFO - statipo13 loss: 0.43616634607315063 - accuracy: 0.8423076868057251
2024-03-06 00:20:49,905 - METRIC - INFO - statipo21 loss: 0.10856423527002335 - accuracy: 0.9604105353355408
2024-03-06 00:20:49,920 - METRIC - INFO - statipo15 loss: 0.38822224736213684 - accuracy: 0.8796747922897339
2024-03-06 00:20:49,925 - METRIC - INFO - statipo14 loss: 0.041154857724905014 - accuracy: 0.9858757257461548
2024-03-06 00:20:50,472 - METRIC - INFO - mean_accuracy: 0.9268714189529419

2024-03-06 00:20:50,472 - METRIC - INFO - round: 36
2024-03-06 00:20:50,473 - METRIC - INFO - n_selected: 3
2024-03-06 00:20:50,473 - METRIC - INFO - selected_trainers: statipo15 - statipo11 - statipo21
2024-03-06 00:20:56,796 - EXECUT - INFO - received weights from trainer statipo21!
2024-03-06 00:20:57,258 - EXECUT - INFO - received weights from trainer statipo11!
2024-03-06 00:20:57,313 - EXECUT - INFO - received weights from trainer statipo15!
2024-03-06 00:20:57,597 - EXECUT - INFO - sent aggregated weights to trainers!
2024-03-06 00:21:03,030 - METRIC - INFO - statipo12 loss: 0.5663161277770996 - accuracy: 0.8582375645637512
2024-03-06 00:21:03,072 - METRIC - INFO - statipo15 loss: 0.055020738393068314 - accuracy: 0.9821138381958008
2024-03-06 00:21:03,072 - METRIC - INFO - statipo11 loss: 0.06229060888290405 - accuracy: 0.9839743375778198
2024-03-06 00:21:03,072 - METRIC - INFO - statipo13 loss: 0.6678063273429871 - accuracy: 0.7961538434028625
2024-03-06 00:21:03,072 - METRIC - INFO - statipo21 loss: 0.10018565505743027 - accuracy: 0.96334308385849
2024-03-06 00:21:03,072 - METRIC - INFO - statipo14 loss: 0.04203576594591141 - accuracy: 0.9858757257461548
2024-03-06 00:21:03,604 - METRIC - INFO - mean_accuracy: 0.9282830655574799

2024-03-06 00:21:03,604 - METRIC - INFO - round: 37
2024-03-06 00:21:03,605 - METRIC - INFO - n_selected: 3
2024-03-06 00:21:03,605 - METRIC - INFO - selected_trainers: statipo15 - statipo14 - statipo12
2024-03-06 00:21:09,846 - EXECUT - INFO - received weights from trainer statipo12!
2024-03-06 00:21:09,899 - EXECUT - INFO - received weights from trainer statipo15!
2024-03-06 00:21:09,974 - EXECUT - INFO - received weights from trainer statipo14!
2024-03-06 00:21:10,729 - EXECUT - INFO - sent aggregated weights to trainers!
2024-03-06 00:21:16,158 - METRIC - INFO - statipo15 loss: 0.05031827092170715 - accuracy: 0.9821138381958008
2024-03-06 00:21:16,159 - METRIC - INFO - statipo21 loss: 0.4494989514350891 - accuracy: 0.8475073575973511
2024-03-06 00:21:16,164 - METRIC - INFO - statipo14 loss: 0.043078117072582245 - accuracy: 0.9844632744789124
2024-03-06 00:21:16,188 - METRIC - INFO - statipo11 loss: 0.2556299567222595 - accuracy: 0.9150640964508057
2024-03-06 00:21:16,188 - METRIC - INFO - statipo13 loss: 0.8041611313819885 - accuracy: 0.771794855594635
2024-03-06 00:21:16,191 - METRIC - INFO - statipo12 loss: 0.062427256256341934 - accuracy: 0.9789271950721741
2024-03-06 00:21:16,735 - METRIC - INFO - mean_accuracy: 0.9133117695649465

2024-03-06 00:21:16,736 - METRIC - INFO - round: 38
2024-03-06 00:21:16,736 - METRIC - INFO - n_selected: 3
2024-03-06 00:21:16,736 - METRIC - INFO - selected_trainers: statipo13 - statipo11 - statipo15
2024-03-06 00:21:23,058 - EXECUT - INFO - received weights from trainer statipo11!
2024-03-06 00:21:23,140 - EXECUT - INFO - received weights from trainer statipo13!
2024-03-06 00:21:23,539 - EXECUT - INFO - received weights from trainer statipo15!
2024-03-06 00:21:23,862 - EXECUT - INFO - sent aggregated weights to trainers!
2024-03-06 00:21:29,293 - METRIC - INFO - statipo11 loss: 0.06473605334758759 - accuracy: 0.9823718070983887
2024-03-06 00:21:29,294 - METRIC - INFO - statipo21 loss: 0.6021386384963989 - accuracy: 0.8108504414558411
2024-03-06 00:21:29,296 - METRIC - INFO - statipo14 loss: 0.044996052980422974 - accuracy: 0.9858757257461548
2024-03-06 00:21:29,305 - METRIC - INFO - statipo15 loss: 0.04761148989200592 - accuracy: 0.9821138381958008
2024-03-06 00:21:29,306 - METRIC - INFO - statipo13 loss: 0.15189559757709503 - accuracy: 0.9384615421295166
2024-03-06 00:21:29,342 - METRIC - INFO - statipo12 loss: 0.3192443251609802 - accuracy: 0.9099617004394531
2024-03-06 00:21:29,869 - METRIC - INFO - mean_accuracy: 0.9349391758441925

2024-03-06 00:21:29,869 - METRIC - INFO - round: 39
2024-03-06 00:21:29,870 - METRIC - INFO - n_selected: 3
2024-03-06 00:21:29,870 - METRIC - INFO - selected_trainers: statipo13 - statipo21 - statipo11
2024-03-06 00:21:36,176 - EXECUT - INFO - received weights from trainer statipo11!
2024-03-06 00:21:36,321 - EXECUT - INFO - received weights from trainer statipo13!
2024-03-06 00:21:36,681 - EXECUT - INFO - received weights from trainer statipo21!
2024-03-06 00:21:36,992 - EXECUT - INFO - sent aggregated weights to trainers!
2024-03-06 00:21:42,422 - METRIC - INFO - statipo15 loss: 0.1584254652261734 - accuracy: 0.9560975432395935
2024-03-06 00:21:42,428 - METRIC - INFO - statipo11 loss: 0.05859552323818207 - accuracy: 0.9791666865348816
2024-03-06 00:21:42,431 - METRIC - INFO - statipo14 loss: 0.06639937311410904 - accuracy: 0.9759886860847473
2024-03-06 00:21:42,433 - METRIC - INFO - statipo12 loss: 0.35495084524154663 - accuracy: 0.9080459475517273
2024-03-06 00:21:42,449 - METRIC - INFO - statipo13 loss: 0.09287915378808975 - accuracy: 0.9602563977241516
2024-03-06 00:21:42,453 - METRIC - INFO - statipo21 loss: 0.09216845035552979 - accuracy: 0.9721407890319824
2024-03-06 00:21:42,997 - METRIC - INFO - mean_accuracy: 0.9586160083611807

2024-03-06 00:21:42,997 - METRIC - INFO - round: 40
2024-03-06 00:21:42,998 - METRIC - INFO - n_selected: 3
2024-03-06 00:21:42,998 - METRIC - INFO - selected_trainers: statipo15 - statipo13 - statipo12
2024-03-06 00:21:49,191 - EXECUT - INFO - received weights from trainer statipo12!
2024-03-06 00:21:49,263 - EXECUT - INFO - received weights from trainer statipo15!
2024-03-06 00:21:49,425 - EXECUT - INFO - received weights from trainer statipo13!
2024-03-06 00:21:50,120 - EXECUT - INFO - sent aggregated weights to trainers!
2024-03-06 00:21:55,547 - METRIC - INFO - statipo15 loss: 0.05221408233046532 - accuracy: 0.9853658676147461
2024-03-06 00:21:55,562 - METRIC - INFO - statipo14 loss: 0.12205000966787338 - accuracy: 0.9562146663665771
2024-03-06 00:21:55,566 - METRIC - INFO - statipo12 loss: 0.05062255263328552 - accuracy: 0.9808428883552551
2024-03-06 00:21:55,568 - METRIC - INFO - statipo13 loss: 0.12184593826532364 - accuracy: 0.9461538195610046
2024-03-06 00:21:55,580 - METRIC - INFO - statipo21 loss: 0.28053441643714905 - accuracy: 0.8914955854415894
2024-03-06 00:21:55,588 - METRIC - INFO - statipo11 loss: 0.2283448874950409 - accuracy: 0.9375
2024-03-06 00:21:56,126 - METRIC - INFO - mean_accuracy: 0.9495954712231954

2024-03-06 00:21:56,126 - METRIC - INFO - round: 41
2024-03-06 00:21:56,127 - METRIC - INFO - n_selected: 3
2024-03-06 00:21:56,127 - METRIC - INFO - selected_trainers: statipo21 - statipo14 - statipo15
2024-03-06 00:22:02,418 - EXECUT - INFO - received weights from trainer statipo15!
2024-03-06 00:22:02,477 - EXECUT - INFO - received weights from trainer statipo14!
2024-03-06 00:22:02,925 - EXECUT - INFO - received weights from trainer statipo21!
2024-03-06 00:22:03,254 - EXECUT - INFO - sent aggregated weights to trainers!
2024-03-06 00:22:08,682 - METRIC - INFO - statipo14 loss: 0.029025891795754433 - accuracy: 0.9887005686759949
2024-03-06 00:22:08,683 - METRIC - INFO - statipo11 loss: 0.31480079889297485 - accuracy: 0.8910256624221802
2024-03-06 00:22:08,685 - METRIC - INFO - statipo12 loss: 0.19834622740745544 - accuracy: 0.946360170841217
2024-03-06 00:22:08,693 - METRIC - INFO - statipo15 loss: 0.053803469985723495 - accuracy: 0.9837398529052734
2024-03-06 00:22:08,704 - METRIC - INFO - statipo13 loss: 0.2023933231830597 - accuracy: 0.9012820720672607
2024-03-06 00:22:08,707 - METRIC - INFO - statipo21 loss: 0.07907786220312119 - accuracy: 0.9750733375549316
2024-03-06 00:22:09,260 - METRIC - INFO - mean_accuracy: 0.9476969440778097

2024-03-06 00:22:09,260 - METRIC - INFO - round: 42
2024-03-06 00:22:09,261 - METRIC - INFO - n_selected: 3
2024-03-06 00:22:09,261 - METRIC - INFO - selected_trainers: statipo11 - statipo21 - statipo12
2024-03-06 00:22:15,473 - EXECUT - INFO - received weights from trainer statipo12!
2024-03-06 00:22:15,527 - EXECUT - INFO - received weights from trainer statipo11!
2024-03-06 00:22:15,581 - EXECUT - INFO - received weights from trainer statipo21!
2024-03-06 00:22:16,383 - EXECUT - INFO - sent aggregated weights to trainers!
2024-03-06 00:22:21,867 - METRIC - INFO - statipo12 loss: 0.08336342871189117 - accuracy: 0.9712643623352051
2024-03-06 00:22:21,875 - METRIC - INFO - statipo14 loss: 0.06256967037916183 - accuracy: 0.9759886860847473
2024-03-06 00:22:21,902 - METRIC - INFO - statipo13 loss: 0.3735141456127167 - accuracy: 0.8474358916282654
2024-03-06 00:22:21,906 - METRIC - INFO - statipo11 loss: 0.06651259958744049 - accuracy: 0.9807692170143127
2024-03-06 00:22:21,910 - METRIC - INFO - statipo15 loss: 0.1571420431137085 - accuracy: 0.9528455138206482
2024-03-06 00:22:21,913 - METRIC - INFO - statipo21 loss: 0.10125172138214111 - accuracy: 0.9692082405090332
2024-03-06 00:22:22,388 - METRIC - INFO - mean_accuracy: 0.9495853185653687

2024-03-06 00:22:22,388 - METRIC - INFO - round: 43
2024-03-06 00:22:22,389 - METRIC - INFO - n_selected: 3
2024-03-06 00:22:22,389 - METRIC - INFO - selected_trainers: statipo21 - statipo14 - statipo11
2024-03-06 00:22:28,727 - EXECUT - INFO - received weights from trainer statipo11!
2024-03-06 00:22:28,782 - EXECUT - INFO - received weights from trainer statipo21!
2024-03-06 00:22:28,836 - EXECUT - INFO - received weights from trainer statipo14!
2024-03-06 00:22:29,507 - EXECUT - INFO - sent aggregated weights to trainers!
2024-03-06 00:22:34,899 - METRIC - INFO - statipo15 loss: 0.24884085357189178 - accuracy: 0.9382113814353943
2024-03-06 00:22:34,899 - METRIC - INFO - statipo14 loss: 0.03638124838471413 - accuracy: 0.9858757257461548
2024-03-06 00:22:34,916 - METRIC - INFO - statipo13 loss: 0.43016090989112854 - accuracy: 0.8358974456787109
2024-03-06 00:22:34,925 - METRIC - INFO - statipo11 loss: 0.06466685235500336 - accuracy: 0.9823718070983887
2024-03-06 00:22:34,929 - METRIC - INFO - statipo21 loss: 0.09379632771015167 - accuracy: 0.9677419066429138
2024-03-06 00:22:34,929 - METRIC - INFO - statipo12 loss: 0.22199656069278717 - accuracy: 0.9367815852165222
2024-03-06 00:22:35,514 - METRIC - INFO - mean_accuracy: 0.9411466419696808

2024-03-06 00:22:35,514 - METRIC - INFO - round: 44
2024-03-06 00:22:35,515 - METRIC - INFO - n_selected: 3
2024-03-06 00:22:35,515 - METRIC - INFO - selected_trainers: statipo12 - statipo14 - statipo11
2024-03-06 00:22:41,677 - EXECUT - INFO - received weights from trainer statipo11!
2024-03-06 00:22:41,737 - EXECUT - INFO - received weights from trainer statipo14!
2024-03-06 00:22:42,259 - EXECUT - INFO - received weights from trainer statipo12!
2024-03-06 00:22:42,641 - EXECUT - INFO - sent aggregated weights to trainers!
2024-03-06 00:22:48,032 - METRIC - INFO - statipo14 loss: 0.09241592139005661 - accuracy: 0.9675140976905823
2024-03-06 00:22:48,036 - METRIC - INFO - statipo15 loss: 0.3841943144798279 - accuracy: 0.8975609540939331
2024-03-06 00:22:48,037 - METRIC - INFO - statipo11 loss: 0.0638931468129158 - accuracy: 0.9823718070983887
2024-03-06 00:22:48,045 - METRIC - INFO - statipo13 loss: 0.5200161933898926 - accuracy: 0.8064102530479431
2024-03-06 00:22:48,060 - METRIC - INFO - statipo21 loss: 0.18243074417114258 - accuracy: 0.9325513243675232
2024-03-06 00:22:48,067 - METRIC - INFO - statipo12 loss: 0.06557352840900421 - accuracy: 0.9789271950721741
2024-03-06 00:22:48,649 - METRIC - INFO - mean_accuracy: 0.9275559385617574

2024-03-06 00:22:48,650 - METRIC - INFO - round: 45
2024-03-06 00:22:48,650 - METRIC - INFO - n_selected: 3
2024-03-06 00:22:48,650 - METRIC - INFO - selected_trainers: statipo21 - statipo14 - statipo15
2024-03-06 00:22:54,931 - EXECUT - INFO - received weights from trainer statipo21!
2024-03-06 00:22:54,985 - EXECUT - INFO - received weights from trainer statipo14!
2024-03-06 00:22:55,416 - EXECUT - INFO - received weights from trainer statipo15!
2024-03-06 00:22:55,742 - EXECUT - INFO - sent aggregated weights to trainers!
2024-03-06 00:23:01,136 - METRIC - INFO - statipo21 loss: 0.08366385102272034 - accuracy: 0.9692082405090332
2024-03-06 00:23:01,142 - METRIC - INFO - statipo13 loss: 0.6537396907806396 - accuracy: 0.7743589878082275
2024-03-06 00:23:01,161 - METRIC - INFO - statipo14 loss: 0.04558207094669342 - accuracy: 0.9830508232116699
2024-03-06 00:23:01,167 - METRIC - INFO - statipo15 loss: 0.054507818073034286 - accuracy: 0.9821138381958008
2024-03-06 00:23:01,169 - METRIC - INFO - statipo12 loss: 0.25870808959007263 - accuracy: 0.931034505367279
2024-03-06 00:23:01,172 - METRIC - INFO - statipo11 loss: 0.20640861988067627 - accuracy: 0.9294871687889099
2024-03-06 00:23:01,749 - METRIC - INFO - mean_accuracy: 0.9282089273134867

2024-03-06 00:23:01,750 - METRIC - INFO - round: 46
2024-03-06 00:23:01,750 - METRIC - INFO - n_selected: 3
2024-03-06 00:23:01,750 - METRIC - INFO - selected_trainers: statipo13 - statipo11 - statipo14
2024-03-06 00:23:07,937 - EXECUT - INFO - received weights from trainer statipo11!
2024-03-06 00:23:08,122 - EXECUT - INFO - received weights from trainer statipo13!
2024-03-06 00:23:08,508 - EXECUT - INFO - received weights from trainer statipo14!
2024-03-06 00:23:08,875 - EXECUT - INFO - sent aggregated weights to trainers!
2024-03-06 00:23:14,266 - METRIC - INFO - statipo15 loss: 0.18882444500923157 - accuracy: 0.9447154402732849
2024-03-06 00:23:14,268 - METRIC - INFO - statipo12 loss: 0.35359010100364685 - accuracy: 0.9022988677024841
2024-03-06 00:23:14,275 - METRIC - INFO - statipo11 loss: 0.063868947327137 - accuracy: 0.9807692170143127
2024-03-06 00:23:14,278 - METRIC - INFO - statipo21 loss: 0.14976727962493896 - accuracy: 0.9398826956748962
2024-03-06 00:23:14,299 - METRIC - INFO - statipo13 loss: 0.13601845502853394 - accuracy: 0.9435897469520569
2024-03-06 00:23:14,304 - METRIC - INFO - statipo14 loss: 0.023597003892064095 - accuracy: 0.9929378628730774
2024-03-06 00:23:14,884 - METRIC - INFO - mean_accuracy: 0.950698971748352

2024-03-06 00:23:14,884 - METRIC - INFO - round: 47
2024-03-06 00:23:14,884 - METRIC - INFO - n_selected: 3
2024-03-06 00:23:14,884 - METRIC - INFO - selected_trainers: statipo14 - statipo11 - statipo13
2024-03-06 00:23:21,055 - EXECUT - INFO - received weights from trainer statipo11!
2024-03-06 00:23:21,252 - EXECUT - INFO - received weights from trainer statipo14!
2024-03-06 00:23:21,306 - EXECUT - INFO - received weights from trainer statipo13!
2024-03-06 00:23:21,976 - EXECUT - INFO - sent aggregated weights to trainers!
2024-03-06 00:23:27,379 - METRIC - INFO - statipo21 loss: 0.20418450236320496 - accuracy: 0.9266862273216248
2024-03-06 00:23:27,381 - METRIC - INFO - statipo15 loss: 0.3406248092651367 - accuracy: 0.8943089246749878
2024-03-06 00:23:27,384 - METRIC - INFO - statipo12 loss: 0.30611950159072876 - accuracy: 0.9137930870056152
2024-03-06 00:23:27,384 - METRIC - INFO - statipo14 loss: 0.02745172008872032 - accuracy: 0.9929378628730774
2024-03-06 00:23:27,385 - METRIC - INFO - statipo11 loss: 0.06531035900115967 - accuracy: 0.9807692170143127
2024-03-06 00:23:27,402 - METRIC - INFO - statipo13 loss: 0.08220364153385162 - accuracy: 0.9628205299377441
2024-03-06 00:23:27,983 - METRIC - INFO - mean_accuracy: 0.9452193081378937

2024-03-06 00:23:27,983 - METRIC - INFO - round: 48
2024-03-06 00:23:27,983 - METRIC - INFO - n_selected: 3
2024-03-06 00:23:27,984 - METRIC - INFO - selected_trainers: statipo15 - statipo12 - statipo14
2024-03-06 00:23:34,150 - EXECUT - INFO - received weights from trainer statipo15!
2024-03-06 00:23:34,214 - EXECUT - INFO - received weights from trainer statipo14!
2024-03-06 00:23:34,695 - EXECUT - INFO - received weights from trainer statipo12!
2024-03-06 00:23:35,075 - EXECUT - INFO - sent aggregated weights to trainers!
2024-03-06 00:23:40,467 - METRIC - INFO - statipo12 loss: 0.062146008014678955 - accuracy: 0.975095808506012
2024-03-06 00:23:40,470 - METRIC - INFO - statipo21 loss: 0.30114418268203735 - accuracy: 0.8958944082260132
2024-03-06 00:23:40,472 - METRIC - INFO - statipo13 loss: 0.16369183361530304 - accuracy: 0.9333333373069763
2024-03-06 00:23:40,495 - METRIC - INFO - statipo14 loss: 0.022696712985634804 - accuracy: 0.994350254535675
2024-03-06 00:23:40,504 - METRIC - INFO - statipo15 loss: 0.04669708013534546 - accuracy: 0.9837398529052734
2024-03-06 00:23:40,504 - METRIC - INFO - statipo11 loss: 0.1587682068347931 - accuracy: 0.9583333134651184
2024-03-06 00:23:41,082 - METRIC - INFO - mean_accuracy: 0.9567911624908447

2024-03-06 00:23:41,082 - METRIC - INFO - round: 49
2024-03-06 00:23:41,082 - METRIC - INFO - n_selected: 3
2024-03-06 00:23:41,082 - METRIC - INFO - selected_trainers: statipo11 - statipo13 - statipo21
2024-03-06 00:23:47,275 - EXECUT - INFO - received weights from trainer statipo11!
2024-03-06 00:23:47,333 - EXECUT - INFO - received weights from trainer statipo21!
2024-03-06 00:23:47,415 - EXECUT - INFO - received weights from trainer statipo13!
2024-03-06 00:23:48,173 - EXECUT - INFO - sent aggregated weights to trainers!
2024-03-06 00:23:53,564 - METRIC - INFO - statipo15 loss: 0.1576538234949112 - accuracy: 0.9577235579490662
2024-03-06 00:23:53,568 - METRIC - INFO - statipo21 loss: 0.08612586557865143 - accuracy: 0.9677419066429138
2024-03-06 00:23:53,573 - METRIC - INFO - statipo12 loss: 0.217178076505661 - accuracy: 0.9291187524795532
2024-03-06 00:23:53,574 - METRIC - INFO - statipo11 loss: 0.06156753748655319 - accuracy: 0.9839743375778198
2024-03-06 00:23:53,595 - METRIC - INFO - statipo14 loss: 0.038485992699861526 - accuracy: 0.9858757257461548
2024-03-06 00:23:53,599 - METRIC - INFO - statipo13 loss: 0.09221090376377106 - accuracy: 0.9615384340286255
2024-03-06 00:23:54,180 - METRIC - INFO - mean_accuracy: 0.9643287857373556

2024-03-06 00:23:54,181 - METRIC - INFO - round: 50
2024-03-06 00:23:54,181 - METRIC - INFO - n_selected: 3
2024-03-06 00:23:54,181 - METRIC - INFO - selected_trainers: statipo12 - statipo15 - statipo14
2024-03-06 00:24:00,334 - EXECUT - INFO - received weights from trainer statipo15!
2024-03-06 00:24:00,423 - EXECUT - INFO - received weights from trainer statipo14!
2024-03-06 00:24:00,889 - EXECUT - INFO - received weights from trainer statipo12!
2024-03-06 00:24:01,273 - EXECUT - INFO - sent aggregated weights to trainers!
2024-03-06 00:24:06,667 - METRIC - INFO - statipo21 loss: 0.18180087208747864 - accuracy: 0.9208211302757263
2024-03-06 00:24:06,670 - METRIC - INFO - statipo11 loss: 0.1917203962802887 - accuracy: 0.9455128312110901
2024-03-06 00:24:06,672 - METRIC - INFO - statipo13 loss: 0.15920159220695496 - accuracy: 0.9371795058250427
2024-03-06 00:24:06,694 - METRIC - INFO - statipo15 loss: 0.04456218704581261 - accuracy: 0.9821138381958008
2024-03-06 00:24:06,695 - METRIC - INFO - statipo14 loss: 0.025890246033668518 - accuracy: 0.991525411605835
2024-03-06 00:24:06,698 - METRIC - INFO - statipo12 loss: 0.0551290400326252 - accuracy: 0.982758641242981
2024-03-06 00:24:07,280 - METRIC - INFO - mean_accuracy: 0.959985226392746

2024-03-06 00:24:07,281 - METRIC - INFO - stop_condition: rounds
