2024-02-07 00:00:42,605 - EXECUT - INFO - starting server...
2024-02-07 00:03:13,470 - EXECUT - INFO - trainer number statipo21 just joined the pool
2024-02-07 00:03:15,380 - EXECUT - INFO - trainer number statipo12 just joined the pool
2024-02-07 00:03:22,994 - EXECUT - INFO - trainer number statipo13 just joined the pool
2024-02-07 00:03:25,540 - EXECUT - INFO - trainer number statipo11 just joined the pool
2024-02-07 00:03:25,771 - METRIC - INFO - round: 1
2024-02-07 00:03:25,771 - METRIC - INFO - n_selected: 2
2024-02-07 00:03:25,771 - METRIC - INFO - selected_trainers: statipo21 - statipo11
2024-02-07 00:03:56,730 - EXECUT - INFO - received weights from trainer statipo21!
2024-02-07 00:03:57,393 - EXECUT - INFO - received weights from trainer statipo11!
2024-02-07 00:03:58,142 - EXECUT - INFO - sent aggregated weights to trainers!
2024-02-07 00:03:58,906 - METRIC - INFO - statipo13 loss: 2.352757453918457 - accuracy: 0.12166666984558105
2024-02-07 00:03:58,991 - METRIC - INFO - statipo12 loss: 2.525719165802002 - accuracy: 0.10000000149011612
2024-02-07 00:04:01,454 - METRIC - INFO - statipo11 loss: 0.06483250856399536 - accuracy: 0.9783333539962769
2024-02-07 00:04:01,590 - METRIC - INFO - statipo21 loss: 0.08451146632432938 - accuracy: 0.9760000109672546
2024-02-07 00:04:02,146 - METRIC - INFO - mean_accuracy: 0.5440000090748072

2024-02-07 00:04:02,147 - METRIC - INFO - round: 2
2024-02-07 00:04:02,147 - METRIC - INFO - n_selected: 2
2024-02-07 00:04:02,147 - METRIC - INFO - selected_trainers: statipo12 - statipo13
2024-02-07 00:04:54,942 - EXECUT - INFO - received weights from trainer statipo12!
2024-02-07 00:04:57,525 - EXECUT - INFO - received weights from trainer statipo13!
2024-02-07 00:04:58,537 - EXECUT - INFO - sent aggregated weights to trainers!
2024-02-07 00:04:59,003 - METRIC - INFO - statipo11 loss: 0.7630512118339539 - accuracy: 0.8383333086967468
2024-02-07 00:04:59,307 - METRIC - INFO - statipo21 loss: 0.7896688580513 - accuracy: 0.8186666369438171
2024-02-07 00:05:00,848 - METRIC - INFO - statipo12 loss: 0.056428056210279465 - accuracy: 0.9829999804496765
2024-02-07 00:05:00,852 - METRIC - INFO - statipo13 loss: 0.06569307297468185 - accuracy: 0.9806666374206543
2024-02-07 00:05:01,546 - METRIC - INFO - mean_accuracy: 0.9051666408777237

2024-02-07 00:05:01,546 - METRIC - INFO - round: 3
2024-02-07 00:05:01,546 - METRIC - INFO - n_selected: 2
2024-02-07 00:05:01,546 - METRIC - INFO - selected_trainers: statipo21 - statipo11
2024-02-07 00:06:00,675 - EXECUT - INFO - received weights from trainer statipo21!
2024-02-07 00:06:16,070 - EXECUT - INFO - received weights from trainer statipo11!
2024-02-07 00:06:16,995 - EXECUT - INFO - sent aggregated weights to trainers!
2024-02-07 00:06:17,518 - METRIC - INFO - statipo12 loss: 0.053087107837200165 - accuracy: 0.9856666922569275
2024-02-07 00:06:20,067 - METRIC - INFO - statipo13 loss: 0.05517033487558365 - accuracy: 0.9823333621025085
2024-02-07 00:06:21,087 - METRIC - INFO - statipo21 loss: 0.05102323740720749 - accuracy: 0.984666645526886
2024-02-07 00:06:21,218 - METRIC - INFO - statipo11 loss: 0.04506432265043259 - accuracy: 0.9850000143051147
2024-02-07 00:06:22,007 - METRIC - INFO - mean_accuracy: 0.9844166785478592

2024-02-07 00:06:22,007 - METRIC - INFO - stop_condition: accuracy
