2023-11-07 15:54:59,981 - EXECUT - INFO - starting server...
2023-11-07 15:55:06,035 - EXECUT - INFO - trainer number 5513675005135220914662012972667305989 just joined the pool
2023-11-07 15:55:07,177 - EXECUT - INFO - trainer number 5572726131501977554687794153669066756 just joined the pool
2023-11-07 15:55:07,385 - EXECUT - INFO - trainer number 5558432578702779124493767126365044742 just joined the pool
2023-11-07 15:55:07,394 - EXECUT - INFO - trainer number 5557974639923446675603818501616238599 just joined the pool
2023-11-07 15:55:07,989 - METRIC - INFO - round: 1
2023-11-07 15:55:07,989 - METRIC - INFO - NOT_selected: 5513675005135220914662012972667305989
2023-11-07 15:55:07,990 - METRIC - INFO - selected: 5572726131501977554687794153669066756
2023-11-07 15:55:07,990 - METRIC - INFO - selected: 5558432578702779124493767126365044742
2023-11-07 15:55:07,990 - METRIC - INFO - selected: 5557974639923446675603818501616238599
2023-11-07 15:55:39,286 - EXECUT - INFO - received weights from trainer 5572726131501977554687794153669066756!
2023-11-07 15:55:46,734 - EXECUT - INFO - received weights from trainer 5558432578702779124493767126365044742!
2023-11-07 15:55:50,145 - EXECUT - INFO - received weights from trainer 5557974639923446675603818501616238599!
2023-11-07 15:55:50,665 - EXECUT - INFO - sent aggregated weights to trainers!
2023-11-07 15:55:51,820 - METRIC - INFO - 5558432578702779124493767126365044742 loss: 1.2610872983932495 - accuracy: 0.7913333177566528
2023-11-07 15:55:52,088 - METRIC - INFO - 5572726131501977554687794153669066756 loss: 1.2776236534118652 - accuracy: 0.7799999713897705
2023-11-07 15:55:52,106 - METRIC - INFO - 5557974639923446675603818501616238599 loss: 1.2677466869354248 - accuracy: 0.7919999957084656
2023-11-07 15:55:52,278 - METRIC - INFO - 5513675005135220914662012972667305989 loss: 1.2721004486083984 - accuracy: 0.7820000052452087
2023-11-07 15:55:52,667 - METRIC - INFO - mean_accuracy: 0.7863333225250244

2023-11-07 15:55:52,667 - METRIC - INFO - round: 2
2023-11-07 15:55:52,667 - METRIC - INFO - selected: 5513675005135220914662012972667305989
2023-11-07 15:55:52,668 - METRIC - INFO - selected: 5572726131501977554687794153669066756
2023-11-07 15:55:52,669 - METRIC - INFO - selected: 5558432578702779124493767126365044742
2023-11-07 15:55:52,669 - METRIC - INFO - NOT_selected: 5557974639923446675603818501616238599
2023-11-07 15:56:24,639 - EXECUT - INFO - received weights from trainer 5572726131501977554687794153669066756!
2023-11-07 15:56:32,851 - EXECUT - INFO - received weights from trainer 5558432578702779124493767126365044742!
2023-11-07 15:56:37,714 - EXECUT - INFO - received weights from trainer 5513675005135220914662012972667305989!
2023-11-07 15:56:38,169 - EXECUT - INFO - sent aggregated weights to trainers!
2023-11-07 15:56:39,111 - METRIC - INFO - 5558432578702779124493767126365044742 loss: 0.05402900278568268 - accuracy: 0.9826666712760925
2023-11-07 15:56:39,183 - METRIC - INFO - 5572726131501977554687794153669066756 loss: 0.04961240291595459 - accuracy: 0.984333336353302
2023-11-07 15:56:39,392 - METRIC - INFO - 5557974639923446675603818501616238599 loss: 0.048554204404354095 - accuracy: 0.9823333621025085
2023-11-07 15:56:39,446 - METRIC - INFO - 5513675005135220914662012972667305989 loss: 0.04806312918663025 - accuracy: 0.9836666584014893
2023-11-07 15:56:40,170 - METRIC - INFO - mean_accuracy: 0.9832500070333481

2023-11-07 15:56:40,171 - METRIC - INFO - round: 3
2023-11-07 15:56:40,171 - METRIC - INFO - NOT_selected: 5513675005135220914662012972667305989
2023-11-07 15:56:40,171 - METRIC - INFO - selected: 5572726131501977554687794153669066756
2023-11-07 15:56:40,172 - METRIC - INFO - selected: 5558432578702779124493767126365044742
2023-11-07 15:56:40,172 - METRIC - INFO - selected: 5557974639923446675603818501616238599
2023-11-07 15:57:12,158 - EXECUT - INFO - received weights from trainer 5572726131501977554687794153669066756!
2023-11-07 15:57:20,452 - EXECUT - INFO - received weights from trainer 5558432578702779124493767126365044742!
2023-11-07 15:57:23,609 - EXECUT - INFO - received weights from trainer 5557974639923446675603818501616238599!
2023-11-07 15:57:24,576 - EXECUT - INFO - sent aggregated weights to trainers!
2023-11-07 15:57:25,518 - METRIC - INFO - 5572726131501977554687794153669066756 loss: 0.04940226674079895 - accuracy: 0.9860000014305115
2023-11-07 15:57:25,538 - METRIC - INFO - 5557974639923446675603818501616238599 loss: 0.04383385553956032 - accuracy: 0.9863333106040955
2023-11-07 15:57:25,775 - METRIC - INFO - 5513675005135220914662012972667305989 loss: 0.04753832891583443 - accuracy: 0.984666645526886
2023-11-07 15:57:25,803 - METRIC - INFO - 5558432578702779124493767126365044742 loss: 0.05757325142621994 - accuracy: 0.981333315372467
2023-11-07 15:57:26,579 - METRIC - INFO - mean_accuracy: 0.98458331823349

2023-11-07 15:57:26,579 - METRIC - INFO - round: 4
2023-11-07 15:57:26,580 - METRIC - INFO - selected: 5513675005135220914662012972667305989
2023-11-07 15:57:26,580 - METRIC - INFO - NOT_selected: 5572726131501977554687794153669066756
2023-11-07 15:57:26,580 - METRIC - INFO - selected: 5558432578702779124493767126365044742
2023-11-07 15:57:26,581 - METRIC - INFO - selected: 5557974639923446675603818501616238599
2023-11-07 15:58:16,408 - EXECUT - INFO - received weights from trainer 5557974639923446675603818501616238599!
2023-11-07 15:58:17,346 - EXECUT - INFO - received weights from trainer 5513675005135220914662012972667305989!
2023-11-07 15:58:49,244 - EXECUT - INFO - received weights from trainer 5558432578702779124493767126365044742!
2023-11-07 15:58:50,032 - EXECUT - INFO - sent aggregated weights to trainers!
2023-11-07 15:58:51,023 - METRIC - INFO - 5572726131501977554687794153669066756 loss: 0.046885374933481216 - accuracy: 0.987333357334137
2023-11-07 15:58:51,026 - METRIC - INFO - 5558432578702779124493767126365044742 loss: 0.05211823061108589 - accuracy: 0.984000027179718
2023-11-07 15:58:51,033 - METRIC - INFO - 5557974639923446675603818501616238599 loss: 0.040084827691316605 - accuracy: 0.987666666507721
2023-11-07 15:58:51,186 - METRIC - INFO - 5513675005135220914662012972667305989 loss: 0.04400087893009186 - accuracy: 0.9860000014305115
2023-11-07 15:58:52,034 - METRIC - INFO - mean_accuracy: 0.9862500131130219

2023-11-07 15:58:52,035 - METRIC - INFO - round: 5
2023-11-07 15:58:52,035 - METRIC - INFO - selected: 5513675005135220914662012972667305989
2023-11-07 15:58:52,036 - METRIC - INFO - NOT_selected: 5572726131501977554687794153669066756
2023-11-07 15:58:52,036 - METRIC - INFO - selected: 5558432578702779124493767126365044742
2023-11-07 15:58:52,037 - METRIC - INFO - selected: 5557974639923446675603818501616238599
2023-11-07 15:59:34,785 - EXECUT - INFO - received weights from trainer 5558432578702779124493767126365044742!
2023-11-07 15:59:40,595 - EXECUT - INFO - received weights from trainer 5557974639923446675603818501616238599!
2023-11-07 15:59:41,409 - EXECUT - INFO - received weights from trainer 5513675005135220914662012972667305989!
2023-11-07 15:59:42,460 - EXECUT - INFO - sent aggregated weights to trainers!
2023-11-07 15:59:43,820 - METRIC - INFO - 5572726131501977554687794153669066756 loss: 0.047823216766119 - accuracy: 0.987666666507721
2023-11-07 15:59:43,869 - METRIC - INFO - 5557974639923446675603818501616238599 loss: 0.04040415585041046 - accuracy: 0.9883333444595337
2023-11-07 15:59:43,893 - METRIC - INFO - 5513675005135220914662012972667305989 loss: 0.04390174522995949 - accuracy: 0.987333357334137
2023-11-07 15:59:44,154 - METRIC - INFO - 5558432578702779124493767126365044742 loss: 0.05204782634973526 - accuracy: 0.9853333234786987
2023-11-07 15:59:44,463 - METRIC - INFO - mean_accuracy: 0.9871666729450226

2023-11-07 15:59:44,463 - METRIC - INFO - round: 6
2023-11-07 15:59:44,464 - METRIC - INFO - selected: 5513675005135220914662012972667305989
2023-11-07 15:59:44,464 - METRIC - INFO - selected: 5572726131501977554687794153669066756
2023-11-07 15:59:44,464 - METRIC - INFO - selected: 5558432578702779124493767126365044742
2023-11-07 15:59:44,465 - METRIC - INFO - NOT_selected: 5557974639923446675603818501616238599
2023-11-07 16:00:16,525 - EXECUT - INFO - received weights from trainer 5572726131501977554687794153669066756!
2023-11-07 16:00:24,535 - EXECUT - INFO - received weights from trainer 5558432578702779124493767126365044742!
2023-11-07 16:00:28,884 - EXECUT - INFO - received weights from trainer 5513675005135220914662012972667305989!
2023-11-07 16:00:29,896 - EXECUT - INFO - sent aggregated weights to trainers!
2023-11-07 16:00:31,309 - METRIC - INFO - 5558432578702779124493767126365044742 loss: 0.05142492800951004 - accuracy: 0.9853333234786987
2023-11-07 16:00:31,319 - METRIC - INFO - 5572726131501977554687794153669066756 loss: 0.048610687255859375 - accuracy: 0.987333357334137
2023-11-07 16:00:31,320 - METRIC - INFO - 5557974639923446675603818501616238599 loss: 0.039336249232292175 - accuracy: 0.9879999756813049
2023-11-07 16:00:31,575 - METRIC - INFO - 5513675005135220914662012972667305989 loss: 0.043573129922151566 - accuracy: 0.9863333106040955
2023-11-07 16:00:31,899 - METRIC - INFO - mean_accuracy: 0.986749991774559

2023-11-07 16:00:31,899 - METRIC - INFO - round: 7
2023-11-07 16:00:31,899 - METRIC - INFO - selected: 5513675005135220914662012972667305989
2023-11-07 16:00:31,900 - METRIC - INFO - NOT_selected: 5572726131501977554687794153669066756
2023-11-07 16:00:31,900 - METRIC - INFO - selected: 5558432578702779124493767126365044742
2023-11-07 16:00:31,901 - METRIC - INFO - selected: 5557974639923446675603818501616238599
2023-11-07 16:01:16,060 - EXECUT - INFO - received weights from trainer 5558432578702779124493767126365044742!
2023-11-07 16:01:21,865 - EXECUT - INFO - received weights from trainer 5557974639923446675603818501616238599!
2023-11-07 16:01:22,797 - EXECUT - INFO - received weights from trainer 5513675005135220914662012972667305989!
2023-11-07 16:01:23,405 - EXECUT - INFO - sent aggregated weights to trainers!
2023-11-07 16:01:24,338 - METRIC - INFO - 5558432578702779124493767126365044742 loss: 0.05341930314898491 - accuracy: 0.9850000143051147
2023-11-07 16:01:24,775 - METRIC - INFO - 5572726131501977554687794153669066756 loss: 0.04993573948740959 - accuracy: 0.987333357334137
2023-11-07 16:01:24,990 - METRIC - INFO - 5513675005135220914662012972667305989 loss: 0.045755889266729355 - accuracy: 0.9863333106040955
2023-11-07 16:01:25,019 - METRIC - INFO - 5557974639923446675603818501616238599 loss: 0.040575481951236725 - accuracy: 0.987666666507721
2023-11-07 16:01:25,408 - METRIC - INFO - mean_accuracy: 0.986583337187767

2023-11-07 16:01:25,409 - METRIC - INFO - round: 8
2023-11-07 16:01:25,409 - METRIC - INFO - selected: 5513675005135220914662012972667305989
2023-11-07 16:01:25,409 - METRIC - INFO - NOT_selected: 5572726131501977554687794153669066756
2023-11-07 16:01:25,410 - METRIC - INFO - selected: 5558432578702779124493767126365044742
2023-11-07 16:01:25,411 - METRIC - INFO - selected: 5557974639923446675603818501616238599
2023-11-07 16:02:10,542 - EXECUT - INFO - received weights from trainer 5558432578702779124493767126365044742!
2023-11-07 16:02:16,308 - EXECUT - INFO - received weights from trainer 5557974639923446675603818501616238599!
2023-11-07 16:02:17,359 - EXECUT - INFO - received weights from trainer 5513675005135220914662012972667305989!
2023-11-07 16:02:17,879 - EXECUT - INFO - sent aggregated weights to trainers!
2023-11-07 16:02:18,810 - METRIC - INFO - 5557974639923446675603818501616238599 loss: 0.04161752387881279 - accuracy: 0.9869999885559082
2023-11-07 16:02:19,200 - METRIC - INFO - 5558432578702779124493767126365044742 loss: 0.0536908321082592 - accuracy: 0.984666645526886
2023-11-07 16:02:19,203 - METRIC - INFO - 5572726131501977554687794153669066756 loss: 0.05048026144504547 - accuracy: 0.9869999885559082
2023-11-07 16:02:19,490 - METRIC - INFO - 5513675005135220914662012972667305989 loss: 0.04509378969669342 - accuracy: 0.9866666793823242
2023-11-07 16:02:19,883 - METRIC - INFO - mean_accuracy: 0.9863333255052567

2023-11-07 16:02:19,883 - METRIC - INFO - round: 9
2023-11-07 16:02:19,883 - METRIC - INFO - selected: 5513675005135220914662012972667305989
2023-11-07 16:02:19,883 - METRIC - INFO - selected: 5572726131501977554687794153669066756
2023-11-07 16:02:19,884 - METRIC - INFO - NOT_selected: 5558432578702779124493767126365044742
2023-11-07 16:02:19,884 - METRIC - INFO - selected: 5557974639923446675603818501616238599
2023-11-07 16:02:52,943 - EXECUT - INFO - received weights from trainer 5572726131501977554687794153669066756!
2023-11-07 16:03:07,678 - EXECUT - INFO - received weights from trainer 5557974639923446675603818501616238599!
2023-11-07 16:03:08,704 - EXECUT - INFO - received weights from trainer 5513675005135220914662012972667305989!
2023-11-07 16:03:09,322 - EXECUT - INFO - sent aggregated weights to trainers!
2023-11-07 16:03:10,898 - METRIC - INFO - 5572726131501977554687794153669066756 loss: 0.05369864031672478 - accuracy: 0.9856666922569275
2023-11-07 16:03:10,908 - METRIC - INFO - 5558432578702779124493767126365044742 loss: 0.05512131378054619 - accuracy: 0.9853333234786987
2023-11-07 16:03:10,924 - METRIC - INFO - 5557974639923446675603818501616238599 loss: 0.041806504130363464 - accuracy: 0.9869999885559082
2023-11-07 16:03:11,027 - METRIC - INFO - 5513675005135220914662012972667305989 loss: 0.04648960381746292 - accuracy: 0.9866666793823242
2023-11-07 16:03:11,324 - METRIC - INFO - mean_accuracy: 0.9861666709184647

2023-11-07 16:03:11,324 - METRIC - INFO - round: 10
2023-11-07 16:03:11,324 - METRIC - INFO - selected: 5513675005135220914662012972667305989
2023-11-07 16:03:11,325 - METRIC - INFO - selected: 5572726131501977554687794153669066756
2023-11-07 16:03:11,326 - METRIC - INFO - selected: 5558432578702779124493767126365044742
2023-11-07 16:03:11,326 - METRIC - INFO - NOT_selected: 5557974639923446675603818501616238599
2023-11-07 16:03:45,032 - EXECUT - INFO - received weights from trainer 5572726131501977554687794153669066756!
2023-11-07 16:03:53,749 - EXECUT - INFO - received weights from trainer 5558432578702779124493767126365044742!
2023-11-07 16:03:57,869 - EXECUT - INFO - received weights from trainer 5513675005135220914662012972667305989!
2023-11-07 16:03:58,731 - EXECUT - INFO - sent aggregated weights to trainers!
2023-11-07 16:03:59,726 - METRIC - INFO - 5557974639923446675603818501616238599 loss: 0.04079549014568329 - accuracy: 0.9883333444595337
2023-11-07 16:03:59,750 - METRIC - INFO - 5572726131501977554687794153669066756 loss: 0.052740056067705154 - accuracy: 0.9869999885559082
2023-11-07 16:03:59,754 - METRIC - INFO - 5558432578702779124493767126365044742 loss: 0.05449565500020981 - accuracy: 0.9853333234786987
2023-11-07 16:03:59,921 - METRIC - INFO - 5513675005135220914662012972667305989 loss: 0.04603872075676918 - accuracy: 0.987333357334137
2023-11-07 16:04:00,734 - METRIC - INFO - mean_accuracy: 0.9870000034570694

2023-11-07 16:04:00,734 - METRIC - INFO - stop_condition: rounds
