2024-02-14 23:04:15,327 - EXECUT - INFO - starting server...
2024-02-14 23:04:41,723 - EXECUT - INFO - trainer number statipo21 just joined the pool
2024-02-14 23:04:41,746 - EXECUT - INFO - trainer number statipo12 just joined the pool
2024-02-14 23:04:41,750 - EXECUT - INFO - trainer number statipo11 just joined the pool
2024-02-14 23:04:42,029 - EXECUT - INFO - trainer number statipo13 just joined the pool
2024-02-14 23:04:42,351 - METRIC - INFO - round: 1
2024-02-14 23:04:42,351 - METRIC - INFO - n_selected: 2
2024-02-14 23:04:42,351 - METRIC - INFO - selected_trainers: statipo21 - statipo11
2024-02-14 23:04:43,596 - EXECUT - INFO - received weights from trainer statipo11!
2024-02-14 23:04:43,676 - EXECUT - INFO - received weights from trainer statipo21!
2024-02-14 23:04:44,480 - EXECUT - INFO - sent aggregated weights to trainers!
2024-02-14 23:04:44,627 - METRIC - INFO - statipo11 loss: 0.2505001723766327 - accuracy: 0.9182692170143127
2024-02-14 23:04:44,631 - METRIC - INFO - statipo21 loss: 0.15076807141304016 - accuracy: 0.9435028433799744
2024-02-14 23:04:44,631 - METRIC - INFO - statipo13 loss: 16.67767906188965 - accuracy: 0.2371794879436493
2024-02-14 23:04:44,658 - METRIC - INFO - statipo12 loss: 26.65506935119629 - accuracy: 0.18965516984462738
2024-02-14 23:04:45,481 - METRIC - INFO - mean_accuracy: 0.572151679545641

2024-02-14 23:04:45,482 - METRIC - INFO - round: 2
2024-02-14 23:04:45,482 - METRIC - INFO - n_selected: 2
2024-02-14 23:04:45,482 - METRIC - INFO - selected_trainers: statipo12 - statipo13
2024-02-14 23:04:46,624 - EXECUT - INFO - received weights from trainer statipo12!
2024-02-14 23:04:46,801 - EXECUT - INFO - received weights from trainer statipo13!
2024-02-14 23:04:47,577 - EXECUT - INFO - sent aggregated weights to trainers!
2024-02-14 23:04:47,712 - METRIC - INFO - statipo12 loss: 0.20362883806228638 - accuracy: 0.9195402264595032
2024-02-14 23:04:47,719 - METRIC - INFO - statipo13 loss: 0.27289271354675293 - accuracy: 0.8987179398536682
2024-02-14 23:04:47,744 - METRIC - INFO - statipo21 loss: 3.214789628982544 - accuracy: 0.34887006878852844
2024-02-14 23:04:47,747 - METRIC - INFO - statipo11 loss: 2.139700412750244 - accuracy: 0.39743590354919434
2024-02-14 23:04:48,579 - METRIC - INFO - mean_accuracy: 0.6411410346627235

2024-02-14 23:04:48,579 - METRIC - INFO - round: 3
2024-02-14 23:04:48,579 - METRIC - INFO - n_selected: 2
2024-02-14 23:04:48,579 - METRIC - INFO - selected_trainers: statipo21 - statipo11
2024-02-14 23:04:49,428 - EXECUT - INFO - received weights from trainer statipo11!
2024-02-14 23:04:49,505 - EXECUT - INFO - received weights from trainer statipo21!
2024-02-14 23:04:49,698 - EXECUT - INFO - sent aggregated weights to trainers!
2024-02-14 23:04:49,837 - METRIC - INFO - statipo12 loss: 1.2047715187072754 - accuracy: 0.4731800854206085
2024-02-14 23:04:49,842 - METRIC - INFO - statipo13 loss: 0.8237029314041138 - accuracy: 0.6730769276618958
2024-02-14 23:04:49,860 - METRIC - INFO - statipo21 loss: 0.12481460720300674 - accuracy: 0.9562146663665771
2024-02-14 23:04:49,870 - METRIC - INFO - statipo11 loss: 0.13461840152740479 - accuracy: 0.9679487347602844
2024-02-14 23:04:50,700 - METRIC - INFO - mean_accuracy: 0.7676051035523415

2024-02-14 23:04:50,700 - METRIC - INFO - round: 4
2024-02-14 23:04:50,700 - METRIC - INFO - n_selected: 2
2024-02-14 23:04:50,701 - METRIC - INFO - selected_trainers: statipo12 - statipo13
2024-02-14 23:04:51,537 - EXECUT - INFO - received weights from trainer statipo12!
2024-02-14 23:04:51,687 - EXECUT - INFO - received weights from trainer statipo13!
2024-02-14 23:04:51,826 - EXECUT - INFO - sent aggregated weights to trainers!
2024-02-14 23:04:51,954 - METRIC - INFO - statipo12 loss: 0.14340777695178986 - accuracy: 0.9482758641242981
2024-02-14 23:04:51,960 - METRIC - INFO - statipo11 loss: 0.7493156790733337 - accuracy: 0.7371794581413269
2024-02-14 23:04:51,967 - METRIC - INFO - statipo13 loss: 0.2965868413448334 - accuracy: 0.8948717713356018
2024-02-14 23:04:51,970 - METRIC - INFO - statipo21 loss: 0.651715874671936 - accuracy: 0.744350254535675
2024-02-14 23:04:52,827 - METRIC - INFO - mean_accuracy: 0.8311693370342255

2024-02-14 23:04:52,828 - METRIC - INFO - round: 5
2024-02-14 23:04:52,828 - METRIC - INFO - n_selected: 2
2024-02-14 23:04:52,828 - METRIC - INFO - selected_trainers: statipo21 - statipo11
2024-02-14 23:04:53,698 - EXECUT - INFO - received weights from trainer statipo11!
2024-02-14 23:04:53,785 - EXECUT - INFO - received weights from trainer statipo21!
2024-02-14 23:04:53,953 - EXECUT - INFO - sent aggregated weights to trainers!
2024-02-14 23:04:54,079 - METRIC - INFO - statipo12 loss: 0.8590031862258911 - accuracy: 0.7164750695228577
2024-02-14 23:04:54,085 - METRIC - INFO - statipo21 loss: 0.09946238994598389 - accuracy: 0.9661017060279846
2024-02-14 23:04:54,086 - METRIC - INFO - statipo11 loss: 0.1462152898311615 - accuracy: 0.942307710647583
2024-02-14 23:04:54,133 - METRIC - INFO - statipo13 loss: 0.769866943359375 - accuracy: 0.6641025543212891
2024-02-14 23:04:54,954 - METRIC - INFO - mean_accuracy: 0.8222467601299286

2024-02-14 23:04:54,954 - METRIC - INFO - round: 6
2024-02-14 23:04:54,955 - METRIC - INFO - n_selected: 2
2024-02-14 23:04:54,955 - METRIC - INFO - selected_trainers: statipo12 - statipo13
2024-02-14 23:04:55,733 - EXECUT - INFO - received weights from trainer statipo12!
2024-02-14 23:04:55,954 - EXECUT - INFO - received weights from trainer statipo13!
2024-02-14 23:04:56,042 - EXECUT - INFO - sent aggregated weights to trainers!
2024-02-14 23:04:56,169 - METRIC - INFO - statipo12 loss: 0.10496820509433746 - accuracy: 0.9655172228813171
2024-02-14 23:04:56,173 - METRIC - INFO - statipo21 loss: 0.3959313929080963 - accuracy: 0.8672316670417786
2024-02-14 23:04:56,178 - METRIC - INFO - statipo13 loss: 0.5363816618919373 - accuracy: 0.7820512652397156
2024-02-14 23:04:56,216 - METRIC - INFO - statipo11 loss: 0.6188211441040039 - accuracy: 0.8205128312110901
2024-02-14 23:04:57,043 - METRIC - INFO - mean_accuracy: 0.8588282465934753

2024-02-14 23:04:57,043 - METRIC - INFO - round: 7
2024-02-14 23:04:57,044 - METRIC - INFO - n_selected: 2
2024-02-14 23:04:57,044 - METRIC - INFO - selected_trainers: statipo11 - statipo13
2024-02-14 23:04:57,906 - EXECUT - INFO - received weights from trainer statipo11!
2024-02-14 23:04:58,029 - EXECUT - INFO - received weights from trainer statipo13!
2024-02-14 23:04:58,132 - EXECUT - INFO - sent aggregated weights to trainers!
2024-02-14 23:04:58,260 - METRIC - INFO - statipo12 loss: 0.7111523151397705 - accuracy: 0.7586206793785095
2024-02-14 23:04:58,265 - METRIC - INFO - statipo21 loss: 0.7972058653831482 - accuracy: 0.7429378628730774
2024-02-14 23:04:58,267 - METRIC - INFO - statipo11 loss: 0.07381507009267807 - accuracy: 0.9759615659713745
2024-02-14 23:04:58,269 - METRIC - INFO - statipo13 loss: 0.17104022204875946 - accuracy: 0.9371795058250427
2024-02-14 23:04:59,134 - METRIC - INFO - mean_accuracy: 0.853674903512001

2024-02-14 23:04:59,134 - METRIC - INFO - round: 8
2024-02-14 23:04:59,134 - METRIC - INFO - n_selected: 2
2024-02-14 23:04:59,134 - METRIC - INFO - selected_trainers: statipo21 - statipo12
2024-02-14 23:04:59,902 - EXECUT - INFO - received weights from trainer statipo12!
2024-02-14 23:05:00,074 - EXECUT - INFO - received weights from trainer statipo21!
2024-02-14 23:05:00,221 - EXECUT - INFO - sent aggregated weights to trainers!
2024-02-14 23:05:00,352 - METRIC - INFO - statipo11 loss: 0.3892134130001068 - accuracy: 0.8557692170143127
2024-02-14 23:05:00,366 - METRIC - INFO - statipo13 loss: 0.29042956233024597 - accuracy: 0.8769230842590332
2024-02-14 23:05:00,386 - METRIC - INFO - statipo12 loss: 0.10104411840438843 - accuracy: 0.969348669052124
2024-02-14 23:05:00,386 - METRIC - INFO - statipo21 loss: 0.1593078076839447 - accuracy: 0.9350282549858093
2024-02-14 23:05:01,222 - METRIC - INFO - mean_accuracy: 0.9092673063278198

2024-02-14 23:05:01,223 - METRIC - INFO - round: 9
2024-02-14 23:05:01,223 - METRIC - INFO - n_selected: 2
2024-02-14 23:05:01,223 - METRIC - INFO - selected_trainers: statipo11 - statipo13
2024-02-14 23:05:02,098 - EXECUT - INFO - received weights from trainer statipo11!
2024-02-14 23:05:02,229 - EXECUT - INFO - received weights from trainer statipo13!
2024-02-14 23:05:02,315 - EXECUT - INFO - sent aggregated weights to trainers!
2024-02-14 23:05:02,444 - METRIC - INFO - statipo12 loss: 0.49842676520347595 - accuracy: 0.8486589789390564
2024-02-14 23:05:02,450 - METRIC - INFO - statipo11 loss: 0.06502611190080643 - accuracy: 0.9791666865348816
2024-02-14 23:05:02,451 - METRIC - INFO - statipo21 loss: 0.26320502161979675 - accuracy: 0.8983050584793091
2024-02-14 23:05:02,455 - METRIC - INFO - statipo13 loss: 0.1383538544178009 - accuracy: 0.9410256147384644
2024-02-14 23:05:03,317 - METRIC - INFO - mean_accuracy: 0.9167890846729279

2024-02-14 23:05:03,317 - METRIC - INFO - round: 10
2024-02-14 23:05:03,318 - METRIC - INFO - n_selected: 2
2024-02-14 23:05:03,318 - METRIC - INFO - selected_trainers: statipo21 - statipo12
2024-02-14 23:05:04,084 - EXECUT - INFO - received weights from trainer statipo12!
2024-02-14 23:05:04,250 - EXECUT - INFO - received weights from trainer statipo21!
2024-02-14 23:05:04,440 - EXECUT - INFO - sent aggregated weights to trainers!
2024-02-14 23:05:04,568 - METRIC - INFO - statipo11 loss: 0.3529730439186096 - accuracy: 0.8910256624221802
2024-02-14 23:05:04,572 - METRIC - INFO - statipo13 loss: 0.22991955280303955 - accuracy: 0.9012820720672607
2024-02-14 23:05:04,607 - METRIC - INFO - statipo12 loss: 0.08079991489648819 - accuracy: 0.975095808506012
2024-02-14 23:05:04,607 - METRIC - INFO - statipo21 loss: 0.0559745728969574 - accuracy: 0.9759886860847473
2024-02-14 23:05:05,441 - METRIC - INFO - mean_accuracy: 0.93584805727005

2024-02-14 23:05:05,441 - METRIC - INFO - round: 11
2024-02-14 23:05:05,442 - METRIC - INFO - n_selected: 2
2024-02-14 23:05:05,442 - METRIC - INFO - selected_trainers: statipo11 - statipo13
2024-02-14 23:05:06,393 - EXECUT - INFO - received weights from trainer statipo11!
2024-02-14 23:05:06,542 - EXECUT - INFO - received weights from trainer statipo13!
2024-02-14 23:05:07,561 - EXECUT - INFO - sent aggregated weights to trainers!
2024-02-14 23:05:07,702 - METRIC - INFO - statipo11 loss: 0.06849171221256256 - accuracy: 0.9759615659713745
2024-02-14 23:05:07,703 - METRIC - INFO - statipo12 loss: 0.3726326823234558 - accuracy: 0.8831417560577393
2024-02-14 23:05:07,713 - METRIC - INFO - statipo13 loss: 0.13620369136333466 - accuracy: 0.9525641202926636
2024-02-14 23:05:07,742 - METRIC - INFO - statipo21 loss: 0.16211698949337006 - accuracy: 0.9364407062530518
2024-02-14 23:05:08,562 - METRIC - INFO - mean_accuracy: 0.9370270371437073

2024-02-14 23:05:08,562 - METRIC - INFO - round: 12
2024-02-14 23:05:08,563 - METRIC - INFO - n_selected: 2
2024-02-14 23:05:08,563 - METRIC - INFO - selected_trainers: statipo21 - statipo12
2024-02-14 23:05:09,320 - EXECUT - INFO - received weights from trainer statipo12!
2024-02-14 23:05:09,480 - EXECUT - INFO - received weights from trainer statipo21!
2024-02-14 23:05:09,683 - EXECUT - INFO - sent aggregated weights to trainers!
2024-02-14 23:05:09,810 - METRIC - INFO - statipo12 loss: 0.10600416362285614 - accuracy: 0.9655172228813171
2024-02-14 23:05:09,814 - METRIC - INFO - statipo11 loss: 0.27765023708343506 - accuracy: 0.9198718070983887
2024-02-14 23:05:09,830 - METRIC - INFO - statipo13 loss: 0.19077561795711517 - accuracy: 0.9179487228393555
2024-02-14 23:05:09,830 - METRIC - INFO - statipo21 loss: 0.05761087313294411 - accuracy: 0.9816384315490723
2024-02-14 23:05:10,684 - METRIC - INFO - mean_accuracy: 0.9462440460920334

2024-02-14 23:05:10,684 - METRIC - INFO - round: 13
2024-02-14 23:05:10,684 - METRIC - INFO - n_selected: 2
2024-02-14 23:05:10,685 - METRIC - INFO - selected_trainers: statipo11 - statipo13
2024-02-14 23:05:11,603 - EXECUT - INFO - received weights from trainer statipo11!
2024-02-14 23:05:11,737 - EXECUT - INFO - received weights from trainer statipo13!
2024-02-14 23:05:12,854 - EXECUT - INFO - sent aggregated weights to trainers!
2024-02-14 23:05:12,982 - METRIC - INFO - statipo12 loss: 0.2937438189983368 - accuracy: 0.9137930870056152
2024-02-14 23:05:12,989 - METRIC - INFO - statipo13 loss: 0.20105111598968506 - accuracy: 0.9179487228393555
2024-02-14 23:05:13,016 - METRIC - INFO - statipo21 loss: 0.12934105098247528 - accuracy: 0.9604519605636597
2024-02-14 23:05:13,019 - METRIC - INFO - statipo11 loss: 0.05666911229491234 - accuracy: 0.9775640964508057
2024-02-14 23:05:13,856 - METRIC - INFO - mean_accuracy: 0.942439466714859

2024-02-14 23:05:13,856 - METRIC - INFO - round: 14
2024-02-14 23:05:13,856 - METRIC - INFO - n_selected: 2
2024-02-14 23:05:13,856 - METRIC - INFO - selected_trainers: statipo12 - statipo13
2024-02-14 23:05:14,601 - EXECUT - INFO - received weights from trainer statipo12!
2024-02-14 23:05:14,821 - EXECUT - INFO - received weights from trainer statipo13!
2024-02-14 23:05:14,971 - EXECUT - INFO - sent aggregated weights to trainers!
2024-02-14 23:05:15,100 - METRIC - INFO - statipo12 loss: 0.1328430324792862 - accuracy: 0.959770143032074
2024-02-14 23:05:15,109 - METRIC - INFO - statipo13 loss: 0.10189111530780792 - accuracy: 0.9589743614196777
2024-02-14 23:05:15,114 - METRIC - INFO - statipo11 loss: 0.18719063699245453 - accuracy: 0.9455128312110901
2024-02-14 23:05:15,137 - METRIC - INFO - statipo21 loss: 0.2796860337257385 - accuracy: 0.9166666865348816
2024-02-14 23:05:15,973 - METRIC - INFO - mean_accuracy: 0.9452310055494308

2024-02-14 23:05:15,974 - METRIC - INFO - round: 15
2024-02-14 23:05:15,974 - METRIC - INFO - n_selected: 1
2024-02-14 23:05:15,974 - METRIC - INFO - selected_trainers: statipo21
2024-02-14 23:05:16,767 - EXECUT - INFO - received weights from trainer statipo21!
2024-02-14 23:05:17,091 - EXECUT - INFO - sent aggregated weights to trainers!
2024-02-14 23:05:17,218 - METRIC - INFO - statipo11 loss: 0.7504170536994934 - accuracy: 0.7964743375778198
2024-02-14 23:05:17,264 - METRIC - INFO - statipo13 loss: 0.1673182100057602 - accuracy: 0.928205132484436
2024-02-14 23:05:17,265 - METRIC - INFO - statipo21 loss: 0.0439835861325264 - accuracy: 0.9816384315490723
2024-02-14 23:05:17,265 - METRIC - INFO - statipo12 loss: 0.5107870101928711 - accuracy: 0.8505747318267822
2024-02-14 23:05:18,092 - METRIC - INFO - mean_accuracy: 0.8892231583595276

2024-02-14 23:05:18,092 - METRIC - INFO - round: 16
2024-02-14 23:05:18,092 - METRIC - INFO - n_selected: 2
2024-02-14 23:05:18,092 - METRIC - INFO - selected_trainers: statipo12 - statipo11
2024-02-14 23:05:18,921 - EXECUT - INFO - received weights from trainer statipo11!
2024-02-14 23:05:18,974 - EXECUT - INFO - received weights from trainer statipo12!
2024-02-14 23:05:19,213 - EXECUT - INFO - sent aggregated weights to trainers!
2024-02-14 23:05:19,350 - METRIC - INFO - statipo13 loss: 0.664849042892456 - accuracy: 0.8051282167434692
2024-02-14 23:05:19,374 - METRIC - INFO - statipo21 loss: 0.0439835861325264 - accuracy: 0.9816384315490723
2024-02-14 23:05:19,376 - METRIC - INFO - statipo12 loss: 0.0951613038778305 - accuracy: 0.967432975769043
2024-02-14 23:05:19,379 - METRIC - INFO - statipo11 loss: 0.06263124942779541 - accuracy: 0.9791666865348816
2024-02-14 23:05:20,214 - METRIC - INFO - mean_accuracy: 0.9333415776491165

2024-02-14 23:05:20,215 - METRIC - INFO - round: 17
2024-02-14 23:05:20,215 - METRIC - INFO - n_selected: 1
2024-02-14 23:05:20,215 - METRIC - INFO - selected_trainers: statipo13
2024-02-14 23:05:21,061 - EXECUT - INFO - received weights from trainer statipo13!
2024-02-14 23:05:21,337 - EXECUT - INFO - sent aggregated weights to trainers!
2024-02-14 23:05:21,463 - METRIC - INFO - statipo12 loss: 0.2953605055809021 - accuracy: 0.9118773937225342
2024-02-14 23:05:21,469 - METRIC - INFO - statipo11 loss: 0.19337807595729828 - accuracy: 0.9358974099159241
2024-02-14 23:05:21,470 - METRIC - INFO - statipo21 loss: 0.10165050625801086 - accuracy: 0.9646892547607422
2024-02-14 23:05:21,504 - METRIC - INFO - statipo13 loss: 0.10635151714086533 - accuracy: 0.9564102292060852
2024-02-14 23:05:22,339 - METRIC - INFO - mean_accuracy: 0.9422185719013214

2024-02-14 23:05:22,339 - METRIC - INFO - round: 18
2024-02-14 23:05:22,339 - METRIC - INFO - n_selected: 2
2024-02-14 23:05:22,340 - METRIC - INFO - selected_trainers: statipo12 - statipo11
2024-02-14 23:05:23,091 - EXECUT - INFO - received weights from trainer statipo12!
2024-02-14 23:05:23,848 - EXECUT - INFO - received weights from trainer statipo11!
2024-02-14 23:05:24,460 - EXECUT - INFO - sent aggregated weights to trainers!
2024-02-14 23:05:24,594 - METRIC - INFO - statipo11 loss: 0.04973234236240387 - accuracy: 0.9855769276618958
2024-02-14 23:05:24,627 - METRIC - INFO - statipo21 loss: 0.3388144075870514 - accuracy: 0.8728813529014587
2024-02-14 23:05:24,629 - METRIC - INFO - statipo12 loss: 0.08547847718000412 - accuracy: 0.9808428883552551
2024-02-14 23:05:24,630 - METRIC - INFO - statipo13 loss: 0.10635151714086533 - accuracy: 0.9564102292060852
2024-02-14 23:05:25,462 - METRIC - INFO - mean_accuracy: 0.9489278495311737

2024-02-14 23:05:25,462 - METRIC - INFO - round: 19
2024-02-14 23:05:25,462 - METRIC - INFO - n_selected: 1
2024-02-14 23:05:25,462 - METRIC - INFO - selected_trainers: statipo21
2024-02-14 23:05:26,257 - EXECUT - INFO - received weights from trainer statipo21!
2024-02-14 23:05:26,583 - EXECUT - INFO - sent aggregated weights to trainers!
2024-02-14 23:05:26,710 - METRIC - INFO - statipo12 loss: 0.201798677444458 - accuracy: 0.9291187524795532
2024-02-14 23:05:26,718 - METRIC - INFO - statipo21 loss: 0.34209883213043213 - accuracy: 0.9110169410705566
2024-02-14 23:05:26,722 - METRIC - INFO - statipo13 loss: 0.15406176447868347 - accuracy: 0.9269230961799622
2024-02-14 23:05:26,751 - METRIC - INFO - statipo11 loss: 0.09864243119955063 - accuracy: 0.9631410241127014
2024-02-14 23:05:27,585 - METRIC - INFO - mean_accuracy: 0.9325499534606934

2024-02-14 23:05:27,585 - METRIC - INFO - round: 20
2024-02-14 23:05:27,586 - METRIC - INFO - n_selected: 3
2024-02-14 23:05:27,586 - METRIC - INFO - selected_trainers: statipo21 - statipo12 - statipo13
2024-02-14 23:05:28,667 - EXECUT - INFO - received weights from trainer statipo21!
2024-02-14 23:05:28,727 - EXECUT - INFO - received weights from trainer statipo13!
2024-02-14 23:05:29,091 - EXECUT - INFO - received weights from trainer statipo12!
2024-02-14 23:05:29,706 - EXECUT - INFO - sent aggregated weights to trainers!
2024-02-14 23:05:29,833 - METRIC - INFO - statipo12 loss: 0.08714944124221802 - accuracy: 0.984674334526062
2024-02-14 23:05:29,833 - METRIC - INFO - statipo21 loss: 0.045502156019210815 - accuracy: 0.9858757257461548
2024-02-14 23:05:29,845 - METRIC - INFO - statipo13 loss: 0.12394444644451141 - accuracy: 0.9589743614196777
2024-02-14 23:05:29,882 - METRIC - INFO - statipo11 loss: 0.47319936752319336 - accuracy: 0.8926281929016113
2024-02-14 23:05:30,708 - METRIC - INFO - mean_accuracy: 0.9555381536483765

2024-02-14 23:05:30,708 - METRIC - INFO - round: 21
2024-02-14 23:05:30,708 - METRIC - INFO - n_selected: 1
2024-02-14 23:05:30,708 - METRIC - INFO - selected_trainers: statipo11
2024-02-14 23:05:31,446 - EXECUT - INFO - received weights from trainer statipo11!
2024-02-14 23:05:31,818 - EXECUT - INFO - sent aggregated weights to trainers!
2024-02-14 23:05:31,948 - METRIC - INFO - statipo12 loss: 0.20921991765499115 - accuracy: 0.9406130313873291
2024-02-14 23:05:31,951 - METRIC - INFO - statipo11 loss: 0.05331018194556236 - accuracy: 0.9871794581413269
2024-02-14 23:05:31,984 - METRIC - INFO - statipo21 loss: 0.17383262515068054 - accuracy: 0.9350282549858093
2024-02-14 23:05:31,985 - METRIC - INFO - statipo13 loss: 0.20275890827178955 - accuracy: 0.9179487228393555
2024-02-14 23:05:32,820 - METRIC - INFO - mean_accuracy: 0.9451923668384552

2024-02-14 23:05:32,820 - METRIC - INFO - round: 22
2024-02-14 23:05:32,820 - METRIC - INFO - n_selected: 3
2024-02-14 23:05:32,820 - METRIC - INFO - selected_trainers: statipo21 - statipo12 - statipo13
2024-02-14 23:05:33,926 - EXECUT - INFO - received weights from trainer statipo21!
2024-02-14 23:05:33,994 - EXECUT - INFO - received weights from trainer statipo13!
2024-02-14 23:05:34,331 - EXECUT - INFO - received weights from trainer statipo12!
2024-02-14 23:05:34,944 - EXECUT - INFO - sent aggregated weights to trainers!
2024-02-14 23:05:35,072 - METRIC - INFO - statipo12 loss: 0.0923512652516365 - accuracy: 0.9789271950721741
2024-02-14 23:05:35,109 - METRIC - INFO - statipo21 loss: 0.03431474789977074 - accuracy: 0.9872881174087524
2024-02-14 23:05:35,110 - METRIC - INFO - statipo11 loss: 0.05331018194556236 - accuracy: 0.9871794581413269
2024-02-14 23:05:35,111 - METRIC - INFO - statipo13 loss: 0.11416914314031601 - accuracy: 0.9525641202926636
2024-02-14 23:05:35,946 - METRIC - INFO - mean_accuracy: 0.9764897227287292

2024-02-14 23:05:35,946 - METRIC - INFO - stop_condition: accuracy
