2024-03-13 14:53:01,314 - EXECUT - INFO - starting server...
2024-03-13 14:53:07,735 - EXECUT - INFO - trainer number statipo21 just joined the pool
2024-03-13 14:53:07,778 - EXECUT - INFO - trainer number statipo22 just joined the pool
2024-03-13 14:53:07,779 - EXECUT - INFO - trainer number statipo23 just joined the pool
2024-03-13 14:53:07,953 - EXECUT - INFO - trainer number statipo13 just joined the pool
2024-03-13 14:53:07,998 - EXECUT - INFO - trainer number statipo12 just joined the pool
2024-03-13 14:53:08,046 - EXECUT - INFO - trainer number statipo11 just joined the pool
2024-03-13 14:53:08,321 - METRIC - INFO - round: 1
2024-03-13 14:53:08,322 - METRIC - INFO - n_selected: 3
2024-03-13 14:53:08,322 - METRIC - INFO - selected_trainers: statipo13 - statipo12 - statipo23
2024-03-13 14:53:10,184 - EXECUT - INFO - received weights from trainer statipo23!
2024-03-13 14:53:10,285 - EXECUT - INFO - received weights from trainer statipo12!
2024-03-13 14:53:11,361 - EXECUT - INFO - received weights from trainer statipo13!
2024-03-13 14:53:12,448 - EXECUT - INFO - sent aggregated weights to trainers!
2024-03-13 14:53:12,605 - METRIC - INFO - statipo12 loss: 0.09608529508113861 - accuracy: 0.9712643623352051
2024-03-13 14:53:12,614 - METRIC - INFO - statipo23 loss: 0.22450286149978638 - accuracy: 0.9090909361839294
2024-03-13 14:53:12,619 - METRIC - INFO - statipo22 loss: 40.88311767578125 - accuracy: 0.11869918555021286
2024-03-13 14:53:12,643 - METRIC - INFO - statipo21 loss: 15.649979591369629 - accuracy: 0.30367231369018555
2024-03-13 14:53:12,644 - METRIC - INFO - statipo11 loss: 14.536396980285645 - accuracy: 0.2532051205635071
2024-03-13 14:53:12,648 - METRIC - INFO - statipo13 loss: 0.32064422965049744 - accuracy: 0.8820512890815735
2024-03-13 14:53:13,449 - METRIC - INFO - mean_accuracy: 0.5729972012341022

2024-03-13 14:53:13,450 - METRIC - INFO - round: 2
2024-03-13 14:53:13,450 - METRIC - INFO - n_selected: 3
2024-03-13 14:53:13,450 - METRIC - INFO - selected_trainers: statipo11 - statipo23 - statipo13
2024-03-13 14:53:14,377 - EXECUT - INFO - received weights from trainer statipo23!
2024-03-13 14:53:15,652 - EXECUT - INFO - received weights from trainer statipo11!
2024-03-13 14:53:15,705 - EXECUT - INFO - received weights from trainer statipo13!
2024-03-13 14:53:16,539 - EXECUT - INFO - sent aggregated weights to trainers!
2024-03-13 14:53:16,681 - METRIC - INFO - statipo22 loss: 2.906514883041382 - accuracy: 0.14471544325351715
2024-03-13 14:53:16,695 - METRIC - INFO - statipo21 loss: 2.2202725410461426 - accuracy: 0.20338982343673706
2024-03-13 14:53:16,696 - METRIC - INFO - statipo11 loss: 0.2338176667690277 - accuracy: 0.9294871687889099
2024-03-13 14:53:16,701 - METRIC - INFO - statipo13 loss: 0.33703604340553284 - accuracy: 0.8602564334869385
2024-03-13 14:53:16,711 - METRIC - INFO - statipo23 loss: 0.2820587456226349 - accuracy: 0.9032257795333862
2024-03-13 14:53:16,724 - METRIC - INFO - statipo12 loss: 2.0525403022766113 - accuracy: 0.2375478893518448
2024-03-13 14:53:17,541 - METRIC - INFO - mean_accuracy: 0.546437089641889

2024-03-13 14:53:17,541 - METRIC - INFO - round: 3
2024-03-13 14:53:17,541 - METRIC - INFO - n_selected: 3
2024-03-13 14:53:17,541 - METRIC - INFO - selected_trainers: statipo12 - statipo13 - statipo21
2024-03-13 14:53:18,762 - EXECUT - INFO - received weights from trainer statipo12!
2024-03-13 14:53:18,817 - EXECUT - INFO - received weights from trainer statipo21!
2024-03-13 14:53:19,672 - EXECUT - INFO - received weights from trainer statipo13!
2024-03-13 14:53:20,629 - EXECUT - INFO - sent aggregated weights to trainers!
2024-03-13 14:53:20,769 - METRIC - INFO - statipo21 loss: 0.1418459117412567 - accuracy: 0.9420903921127319
2024-03-13 14:53:20,775 - METRIC - INFO - statipo22 loss: 3.820816993713379 - accuracy: 0.19186991453170776
2024-03-13 14:53:20,788 - METRIC - INFO - statipo11 loss: 1.001569390296936 - accuracy: 0.6346153616905212
2024-03-13 14:53:20,801 - METRIC - INFO - statipo12 loss: 0.13849180936813354 - accuracy: 0.9559386968612671
2024-03-13 14:53:20,804 - METRIC - INFO - statipo23 loss: 1.105338454246521 - accuracy: 0.6055718660354614
2024-03-13 14:53:20,815 - METRIC - INFO - statipo13 loss: 0.24157878756523132 - accuracy: 0.9012820720672607
2024-03-13 14:53:21,630 - METRIC - INFO - mean_accuracy: 0.7052280505498251

2024-03-13 14:53:21,630 - METRIC - INFO - round: 4
2024-03-13 14:53:21,631 - METRIC - INFO - n_selected: 3
2024-03-13 14:53:21,631 - METRIC - INFO - selected_trainers: statipo23 - statipo12 - statipo13
2024-03-13 14:53:22,537 - EXECUT - INFO - received weights from trainer statipo23!
2024-03-13 14:53:23,123 - EXECUT - INFO - received weights from trainer statipo12!
2024-03-13 14:53:24,361 - EXECUT - INFO - received weights from trainer statipo13!
2024-03-13 14:53:24,753 - EXECUT - INFO - sent aggregated weights to trainers!
2024-03-13 14:53:24,895 - METRIC - INFO - statipo21 loss: 1.4504046440124512 - accuracy: 0.4759886860847473
2024-03-13 14:53:24,898 - METRIC - INFO - statipo22 loss: 6.431159973144531 - accuracy: 0.19186991453170776
2024-03-13 14:53:24,902 - METRIC - INFO - statipo23 loss: 0.37684157490730286 - accuracy: 0.8431084752082825
2024-03-13 14:53:24,909 - METRIC - INFO - statipo11 loss: 1.7249155044555664 - accuracy: 0.5224359035491943
2024-03-13 14:53:24,912 - METRIC - INFO - statipo13 loss: 0.21075978875160217 - accuracy: 0.9102563858032227
2024-03-13 14:53:24,934 - METRIC - INFO - statipo12 loss: 0.1615624874830246 - accuracy: 0.9367815852165222
2024-03-13 14:53:25,754 - METRIC - INFO - mean_accuracy: 0.6467401583989462

2024-03-13 14:53:25,755 - METRIC - INFO - round: 5
2024-03-13 14:53:25,755 - METRIC - INFO - n_selected: 3
2024-03-13 14:53:25,755 - METRIC - INFO - selected_trainers: statipo11 - statipo22 - statipo21
2024-03-13 14:53:26,922 - EXECUT - INFO - received weights from trainer statipo22!
2024-03-13 14:53:27,240 - EXECUT - INFO - received weights from trainer statipo21!
2024-03-13 14:53:27,294 - EXECUT - INFO - received weights from trainer statipo11!
2024-03-13 14:53:27,842 - EXECUT - INFO - sent aggregated weights to trainers!
2024-03-13 14:53:27,985 - METRIC - INFO - statipo23 loss: 1.108048915863037 - accuracy: 0.6583577990531921
2024-03-13 14:53:27,985 - METRIC - INFO - statipo21 loss: 0.104125015437603 - accuracy: 0.959039568901062
2024-03-13 14:53:27,993 - METRIC - INFO - statipo12 loss: 1.512375831604004 - accuracy: 0.5210728049278259
2024-03-13 14:53:27,996 - METRIC - INFO - statipo11 loss: 0.15797455608844757 - accuracy: 0.9503205418586731
2024-03-13 14:53:28,001 - METRIC - INFO - statipo13 loss: 0.7124536037445068 - accuracy: 0.7230769395828247
2024-03-13 14:53:28,013 - METRIC - INFO - statipo22 loss: 0.2654540240764618 - accuracy: 0.8975609540939331
2024-03-13 14:53:28,844 - METRIC - INFO - mean_accuracy: 0.7849047680695852

2024-03-13 14:53:28,844 - METRIC - INFO - round: 6
2024-03-13 14:53:28,845 - METRIC - INFO - n_selected: 3
2024-03-13 14:53:28,845 - METRIC - INFO - selected_trainers: statipo13 - statipo22 - statipo12
2024-03-13 14:53:29,689 - EXECUT - INFO - received weights from trainer statipo22!
2024-03-13 14:53:30,179 - EXECUT - INFO - received weights from trainer statipo12!
2024-03-13 14:53:31,358 - EXECUT - INFO - received weights from trainer statipo13!
2024-03-13 14:53:31,964 - EXECUT - INFO - sent aggregated weights to trainers!
2024-03-13 14:53:32,106 - METRIC - INFO - statipo22 loss: 0.1587710976600647 - accuracy: 0.9512194991111755
2024-03-13 14:53:32,109 - METRIC - INFO - statipo21 loss: 1.0923354625701904 - accuracy: 0.590395450592041
2024-03-13 14:53:32,112 - METRIC - INFO - statipo13 loss: 0.19968527555465698 - accuracy: 0.9141025543212891
2024-03-13 14:53:32,121 - METRIC - INFO - statipo11 loss: 0.8774918913841248 - accuracy: 0.7211538553237915
2024-03-13 14:53:32,137 - METRIC - INFO - statipo23 loss: 2.546738386154175 - accuracy: 0.5293254852294922
2024-03-13 14:53:32,140 - METRIC - INFO - statipo12 loss: 0.09953828155994415 - accuracy: 0.967432975769043
2024-03-13 14:53:32,966 - METRIC - INFO - mean_accuracy: 0.7789383033911387

2024-03-13 14:53:32,966 - METRIC - INFO - round: 7
2024-03-13 14:53:32,966 - METRIC - INFO - n_selected: 3
2024-03-13 14:53:32,967 - METRIC - INFO - selected_trainers: statipo23 - statipo21 - statipo13
2024-03-13 14:53:33,927 - EXECUT - INFO - received weights from trainer statipo23!
2024-03-13 14:53:33,982 - EXECUT - INFO - received weights from trainer statipo21!
2024-03-13 14:53:36,025 - EXECUT - INFO - received weights from trainer statipo13!
2024-03-13 14:53:37,137 - EXECUT - INFO - sent aggregated weights to trainers!
2024-03-13 14:53:37,280 - METRIC - INFO - statipo21 loss: 0.379654198884964 - accuracy: 0.8799434900283813
2024-03-13 14:53:37,287 - METRIC - INFO - statipo23 loss: 0.21221360564231873 - accuracy: 0.9134897589683533
2024-03-13 14:53:37,292 - METRIC - INFO - statipo12 loss: 1.4365733861923218 - accuracy: 0.538314163684845
2024-03-13 14:53:37,296 - METRIC - INFO - statipo11 loss: 1.2211140394210815 - accuracy: 0.7019230723381042
2024-03-13 14:53:37,300 - METRIC - INFO - statipo13 loss: 0.1708357334136963 - accuracy: 0.9294871687889099
2024-03-13 14:53:37,324 - METRIC - INFO - statipo22 loss: 1.890802264213562 - accuracy: 0.46666666865348816
2024-03-13 14:53:38,140 - METRIC - INFO - mean_accuracy: 0.7383040537436804

2024-03-13 14:53:38,140 - METRIC - INFO - round: 8
2024-03-13 14:53:38,140 - METRIC - INFO - n_selected: 3
2024-03-13 14:53:38,140 - METRIC - INFO - selected_trainers: statipo21 - statipo23 - statipo22
2024-03-13 14:53:39,146 - EXECUT - INFO - received weights from trainer statipo23!
2024-03-13 14:53:39,199 - EXECUT - INFO - received weights from trainer statipo21!
2024-03-13 14:53:39,615 - EXECUT - INFO - received weights from trainer statipo22!
2024-03-13 14:53:40,230 - EXECUT - INFO - sent aggregated weights to trainers!
2024-03-13 14:53:40,373 - METRIC - INFO - statipo21 loss: 0.0923711508512497 - accuracy: 0.9661017060279846
2024-03-13 14:53:40,375 - METRIC - INFO - statipo11 loss: 2.1992616653442383 - accuracy: 0.6137820482254028
2024-03-13 14:53:40,385 - METRIC - INFO - statipo22 loss: 0.14804506301879883 - accuracy: 0.9382113814353943
2024-03-13 14:53:40,401 - METRIC - INFO - statipo23 loss: 0.20327572524547577 - accuracy: 0.9237536787986755
2024-03-13 14:53:40,404 - METRIC - INFO - statipo13 loss: 0.5217456817626953 - accuracy: 0.7948718070983887
2024-03-13 14:53:40,408 - METRIC - INFO - statipo12 loss: 2.029984951019287 - accuracy: 0.50957852602005
2024-03-13 14:53:41,233 - METRIC - INFO - mean_accuracy: 0.791049857934316

2024-03-13 14:53:41,233 - METRIC - INFO - round: 9
2024-03-13 14:53:41,233 - METRIC - INFO - n_selected: 3
2024-03-13 14:53:41,234 - METRIC - INFO - selected_trainers: statipo22 - statipo11 - statipo13
2024-03-13 14:53:42,712 - EXECUT - INFO - received weights from trainer statipo22!
2024-03-13 14:53:42,973 - EXECUT - INFO - received weights from trainer statipo11!
2024-03-13 14:53:43,623 - EXECUT - INFO - received weights from trainer statipo13!
2024-03-13 14:53:44,321 - EXECUT - INFO - sent aggregated weights to trainers!
2024-03-13 14:53:44,464 - METRIC - INFO - statipo22 loss: 0.1030460074543953 - accuracy: 0.9593495726585388
2024-03-13 14:53:44,467 - METRIC - INFO - statipo12 loss: 2.4614923000335693 - accuracy: 0.4789271950721741
2024-03-13 14:53:44,469 - METRIC - INFO - statipo23 loss: 0.9426108598709106 - accuracy: 0.7199413776397705
2024-03-13 14:53:44,471 - METRIC - INFO - statipo11 loss: 0.1073555201292038 - accuracy: 0.9679487347602844
2024-03-13 14:53:44,485 - METRIC - INFO - statipo13 loss: 0.16045475006103516 - accuracy: 0.9371795058250427
2024-03-13 14:53:44,491 - METRIC - INFO - statipo21 loss: 0.3056708872318268 - accuracy: 0.8855932354927063
2024-03-13 14:53:45,322 - METRIC - INFO - mean_accuracy: 0.8248232702414194

2024-03-13 14:53:45,323 - METRIC - INFO - round: 10
2024-03-13 14:53:45,323 - METRIC - INFO - n_selected: 3
2024-03-13 14:53:45,323 - METRIC - INFO - selected_trainers: statipo22 - statipo13 - statipo21
2024-03-13 14:53:46,810 - EXECUT - INFO - received weights from trainer statipo22!
2024-03-13 14:53:46,865 - EXECUT - INFO - received weights from trainer statipo21!
2024-03-13 14:53:48,121 - EXECUT - INFO - received weights from trainer statipo13!
2024-03-13 14:53:48,447 - EXECUT - INFO - sent aggregated weights to trainers!
2024-03-13 14:53:48,589 - METRIC - INFO - statipo23 loss: 1.8926842212677002 - accuracy: 0.6246334314346313
2024-03-13 14:53:48,597 - METRIC - INFO - statipo12 loss: 3.8776564598083496 - accuracy: 0.3448275923728943
2024-03-13 14:53:48,601 - METRIC - INFO - statipo13 loss: 0.16371269524097443 - accuracy: 0.928205132484436
2024-03-13 14:53:48,615 - METRIC - INFO - statipo21 loss: 0.08851204067468643 - accuracy: 0.9604519605636597
2024-03-13 14:53:48,619 - METRIC - INFO - statipo22 loss: 0.3192134499549866 - accuracy: 0.9219512343406677
2024-03-13 14:53:48,630 - METRIC - INFO - statipo11 loss: 0.9128971695899963 - accuracy: 0.7628205418586731
2024-03-13 14:53:49,450 - METRIC - INFO - mean_accuracy: 0.7571483155091604

2024-03-13 14:53:49,451 - METRIC - INFO - round: 11
2024-03-13 14:53:49,451 - METRIC - INFO - n_selected: 3
2024-03-13 14:53:49,451 - METRIC - INFO - selected_trainers: statipo22 - statipo21 - statipo23
2024-03-13 14:53:50,422 - EXECUT - INFO - received weights from trainer statipo22!
2024-03-13 14:53:50,477 - EXECUT - INFO - received weights from trainer statipo23!
2024-03-13 14:53:50,531 - EXECUT - INFO - received weights from trainer statipo21!
2024-03-13 14:53:51,557 - EXECUT - INFO - sent aggregated weights to trainers!
2024-03-13 14:53:51,704 - METRIC - INFO - statipo22 loss: 0.1816643476486206 - accuracy: 0.9317073225975037
2024-03-13 14:53:51,711 - METRIC - INFO - statipo13 loss: 0.48798733949661255 - accuracy: 0.7961538434028625
2024-03-13 14:53:51,714 - METRIC - INFO - statipo11 loss: 1.3616604804992676 - accuracy: 0.7083333134651184
2024-03-13 14:53:51,727 - METRIC - INFO - statipo21 loss: 0.04990708455443382 - accuracy: 0.9858757257461548
2024-03-13 14:53:51,734 - METRIC - INFO - statipo12 loss: 3.8406524658203125 - accuracy: 0.35823753476142883
2024-03-13 14:53:51,742 - METRIC - INFO - statipo23 loss: 0.15761595964431763 - accuracy: 0.9354838728904724
2024-03-13 14:53:52,558 - METRIC - INFO - mean_accuracy: 0.7859652688105901

2024-03-13 14:53:52,559 - METRIC - INFO - round: 12
2024-03-13 14:53:52,559 - METRIC - INFO - n_selected: 3
2024-03-13 14:53:52,559 - METRIC - INFO - selected_trainers: statipo23 - statipo21 - statipo11
2024-03-13 14:53:53,515 - EXECUT - INFO - received weights from trainer statipo23!
2024-03-13 14:53:54,046 - EXECUT - INFO - received weights from trainer statipo21!
2024-03-13 14:53:54,454 - EXECUT - INFO - received weights from trainer statipo11!
2024-03-13 14:53:54,681 - EXECUT - INFO - sent aggregated weights to trainers!
2024-03-13 14:53:54,824 - METRIC - INFO - statipo21 loss: 0.06687858700752258 - accuracy: 0.9745762944221497
2024-03-13 14:53:54,825 - METRIC - INFO - statipo23 loss: 0.27057787775993347 - accuracy: 0.9017595052719116
2024-03-13 14:53:54,833 - METRIC - INFO - statipo12 loss: 3.902162790298462 - accuracy: 0.33524903655052185
2024-03-13 14:53:54,837 - METRIC - INFO - statipo13 loss: 0.8221637606620789 - accuracy: 0.7371794581413269
2024-03-13 14:53:54,852 - METRIC - INFO - statipo22 loss: 0.9947205781936646 - accuracy: 0.7284553050994873
2024-03-13 14:53:54,860 - METRIC - INFO - statipo11 loss: 0.10180938988924026 - accuracy: 0.9759615659713745
2024-03-13 14:53:55,682 - METRIC - INFO - mean_accuracy: 0.7755301942427953

2024-03-13 14:53:55,683 - METRIC - INFO - round: 13
2024-03-13 14:53:55,683 - METRIC - INFO - n_selected: 3
2024-03-13 14:53:55,683 - METRIC - INFO - selected_trainers: statipo23 - statipo13 - statipo11
2024-03-13 14:53:56,574 - EXECUT - INFO - received weights from trainer statipo23!
2024-03-13 14:53:57,280 - EXECUT - INFO - received weights from trainer statipo11!
2024-03-13 14:53:57,839 - EXECUT - INFO - received weights from trainer statipo13!
2024-03-13 14:53:58,771 - EXECUT - INFO - sent aggregated weights to trainers!
2024-03-13 14:53:58,910 - METRIC - INFO - statipo22 loss: 2.0058178901672363 - accuracy: 0.5869918465614319
2024-03-13 14:53:58,923 - METRIC - INFO - statipo12 loss: 4.689496994018555 - accuracy: 0.29118773341178894
2024-03-13 14:53:58,928 - METRIC - INFO - statipo13 loss: 0.12476123869419098 - accuracy: 0.949999988079071
2024-03-13 14:53:58,937 - METRIC - INFO - statipo21 loss: 0.12957708537578583 - accuracy: 0.9491525292396545
2024-03-13 14:53:58,941 - METRIC - INFO - statipo23 loss: 0.22361505031585693 - accuracy: 0.9178885817527771
2024-03-13 14:53:58,967 - METRIC - INFO - statipo11 loss: 0.0757598876953125 - accuracy: 0.9807692170143127
2024-03-13 14:53:59,772 - METRIC - INFO - mean_accuracy: 0.7793316493431727

2024-03-13 14:53:59,772 - METRIC - INFO - round: 14
2024-03-13 14:53:59,773 - METRIC - INFO - n_selected: 3
2024-03-13 14:53:59,773 - METRIC - INFO - selected_trainers: statipo12 - statipo23 - statipo13
2024-03-13 14:54:00,669 - EXECUT - INFO - received weights from trainer statipo23!
2024-03-13 14:54:01,105 - EXECUT - INFO - received weights from trainer statipo12!
2024-03-13 14:54:02,226 - EXECUT - INFO - received weights from trainer statipo13!
2024-03-13 14:54:02,889 - EXECUT - INFO - sent aggregated weights to trainers!
2024-03-13 14:54:03,042 - METRIC - INFO - statipo23 loss: 0.10385238379240036 - accuracy: 0.9618768095970154
2024-03-13 14:54:03,043 - METRIC - INFO - statipo11 loss: 1.006897211074829 - accuracy: 0.7387820482254028
2024-03-13 14:54:03,044 - METRIC - INFO - statipo13 loss: 0.15754730999469757 - accuracy: 0.9435897469520569
2024-03-13 14:54:03,059 - METRIC - INFO - statipo21 loss: 0.3768148422241211 - accuracy: 0.8728813529014587
2024-03-13 14:54:03,061 - METRIC - INFO - statipo22 loss: 2.7192442417144775 - accuracy: 0.5008130073547363
2024-03-13 14:54:03,075 - METRIC - INFO - statipo12 loss: 0.1266675740480423 - accuracy: 0.9578543901443481
2024-03-13 14:54:03,892 - METRIC - INFO - mean_accuracy: 0.8292995591958364

2024-03-13 14:54:03,893 - METRIC - INFO - round: 15
2024-03-13 14:54:03,893 - METRIC - INFO - n_selected: 3
2024-03-13 14:54:03,893 - METRIC - INFO - selected_trainers: statipo22 - statipo13 - statipo12
2024-03-13 14:54:04,759 - EXECUT - INFO - received weights from trainer statipo22!
2024-03-13 14:54:05,238 - EXECUT - INFO - received weights from trainer statipo12!
2024-03-13 14:54:06,532 - EXECUT - INFO - received weights from trainer statipo13!
2024-03-13 14:54:06,979 - EXECUT - INFO - sent aggregated weights to trainers!
2024-03-13 14:54:07,129 - METRIC - INFO - statipo21 loss: 0.5071309804916382 - accuracy: 0.8290960192680359
2024-03-13 14:54:07,131 - METRIC - INFO - statipo13 loss: 0.11788778007030487 - accuracy: 0.9525641202926636
2024-03-13 14:54:07,131 - METRIC - INFO - statipo22 loss: 0.10871826112270355 - accuracy: 0.9674796462059021
2024-03-13 14:54:07,155 - METRIC - INFO - statipo23 loss: 0.5201951265335083 - accuracy: 0.8064516186714172
2024-03-13 14:54:07,162 - METRIC - INFO - statipo11 loss: 2.0214340686798096 - accuracy: 0.6346153616905212
2024-03-13 14:54:07,164 - METRIC - INFO - statipo12 loss: 0.10662349313497543 - accuracy: 0.9559386968612671
2024-03-13 14:54:07,982 - METRIC - INFO - mean_accuracy: 0.8576909104983012

2024-03-13 14:54:07,982 - METRIC - INFO - round: 16
2024-03-13 14:54:07,982 - METRIC - INFO - n_selected: 3
2024-03-13 14:54:07,982 - METRIC - INFO - selected_trainers: statipo11 - statipo22 - statipo21
2024-03-13 14:54:08,960 - EXECUT - INFO - received weights from trainer statipo21!
2024-03-13 14:54:09,466 - EXECUT - INFO - received weights from trainer statipo22!
2024-03-13 14:54:09,741 - EXECUT - INFO - received weights from trainer statipo11!
2024-03-13 14:54:10,069 - EXECUT - INFO - sent aggregated weights to trainers!
2024-03-13 14:54:10,213 - METRIC - INFO - statipo12 loss: 1.293678641319275 - accuracy: 0.6570881009101868
2024-03-13 14:54:10,216 - METRIC - INFO - statipo23 loss: 0.9823047518730164 - accuracy: 0.7126099467277527
2024-03-13 14:54:10,220 - METRIC - INFO - statipo21 loss: 0.3114391565322876 - accuracy: 0.9110169410705566
2024-03-13 14:54:10,227 - METRIC - INFO - statipo13 loss: 0.37107476592063904 - accuracy: 0.8384615182876587
2024-03-13 14:54:10,240 - METRIC - INFO - statipo22 loss: 0.07658124715089798 - accuracy: 0.9756097793579102
2024-03-13 14:54:10,245 - METRIC - INFO - statipo11 loss: 0.07979851961135864 - accuracy: 0.9743589758872986
2024-03-13 14:54:11,070 - METRIC - INFO - mean_accuracy: 0.8448575437068939

2024-03-13 14:54:11,071 - METRIC - INFO - round: 17
2024-03-13 14:54:11,071 - METRIC - INFO - n_selected: 3
2024-03-13 14:54:11,071 - METRIC - INFO - selected_trainers: statipo13 - statipo23 - statipo11
2024-03-13 14:54:11,967 - EXECUT - INFO - received weights from trainer statipo23!
2024-03-13 14:54:12,750 - EXECUT - INFO - received weights from trainer statipo11!
2024-03-13 14:54:13,332 - EXECUT - INFO - received weights from trainer statipo13!
2024-03-13 14:54:14,171 - EXECUT - INFO - sent aggregated weights to trainers!
2024-03-13 14:54:14,314 - METRIC - INFO - statipo22 loss: 0.4354548156261444 - accuracy: 0.860162615776062
2024-03-13 14:54:14,316 - METRIC - INFO - statipo13 loss: 0.12496113777160645 - accuracy: 0.9512820243835449
2024-03-13 14:54:14,324 - METRIC - INFO - statipo11 loss: 0.06659343838691711 - accuracy: 0.9807692170143127
2024-03-13 14:54:14,326 - METRIC - INFO - statipo21 loss: 0.18729454278945923 - accuracy: 0.9293785095214844
2024-03-13 14:54:14,328 - METRIC - INFO - statipo12 loss: 1.9052425622940063 - accuracy: 0.5842911601066589
2024-03-13 14:54:14,341 - METRIC - INFO - statipo23 loss: 0.12890546023845673 - accuracy: 0.9516128897666931
2024-03-13 14:54:15,174 - METRIC - INFO - mean_accuracy: 0.8762494027614594

2024-03-13 14:54:15,175 - METRIC - INFO - round: 18
2024-03-13 14:54:15,175 - METRIC - INFO - n_selected: 3
2024-03-13 14:54:15,175 - METRIC - INFO - selected_trainers: statipo23 - statipo12 - statipo11
2024-03-13 14:54:16,529 - EXECUT - INFO - received weights from trainer statipo12!
2024-03-13 14:54:16,628 - EXECUT - INFO - received weights from trainer statipo23!
2024-03-13 14:54:16,723 - EXECUT - INFO - received weights from trainer statipo11!
2024-03-13 14:54:17,262 - EXECUT - INFO - sent aggregated weights to trainers!
2024-03-13 14:54:17,410 - METRIC - INFO - statipo23 loss: 0.17555706202983856 - accuracy: 0.9281525015830994
2024-03-13 14:54:17,415 - METRIC - INFO - statipo12 loss: 0.08300048112869263 - accuracy: 0.9712643623352051
2024-03-13 14:54:17,416 - METRIC - INFO - statipo13 loss: 0.3162887394428253 - accuracy: 0.8615384697914124
2024-03-13 14:54:17,429 - METRIC - INFO - statipo21 loss: 0.36820289492607117 - accuracy: 0.8799434900283813
2024-03-13 14:54:17,433 - METRIC - INFO - statipo22 loss: 1.036250352859497 - accuracy: 0.720325231552124
2024-03-13 14:54:17,438 - METRIC - INFO - statipo11 loss: 0.06638176739215851 - accuracy: 0.9807692170143127
2024-03-13 14:54:18,266 - METRIC - INFO - mean_accuracy: 0.8903322120507559

2024-03-13 14:54:18,266 - METRIC - INFO - round: 19
2024-03-13 14:54:18,266 - METRIC - INFO - n_selected: 3
2024-03-13 14:54:18,266 - METRIC - INFO - selected_trainers: statipo13 - statipo21 - statipo22
2024-03-13 14:54:19,169 - EXECUT - INFO - received weights from trainer statipo22!
2024-03-13 14:54:19,261 - EXECUT - INFO - received weights from trainer statipo21!
2024-03-13 14:54:21,625 - EXECUT - INFO - received weights from trainer statipo13!
2024-03-13 14:54:22,356 - EXECUT - INFO - sent aggregated weights to trainers!
2024-03-13 14:54:22,499 - METRIC - INFO - statipo21 loss: 0.04802824556827545 - accuracy: 0.9858757257461548
2024-03-13 14:54:22,501 - METRIC - INFO - statipo23 loss: 1.0254299640655518 - accuracy: 0.7082111239433289
2024-03-13 14:54:22,501 - METRIC - INFO - statipo12 loss: 1.3649142980575562 - accuracy: 0.6590038537979126
2024-03-13 14:54:22,517 - METRIC - INFO - statipo13 loss: 0.11106234043836594 - accuracy: 0.9576923251152039
2024-03-13 14:54:22,530 - METRIC - INFO - statipo22 loss: 0.09136109054088593 - accuracy: 0.9642276167869568
2024-03-13 14:54:22,536 - METRIC - INFO - statipo11 loss: 0.77760249376297 - accuracy: 0.7740384340286255
2024-03-13 14:54:23,357 - METRIC - INFO - mean_accuracy: 0.8415081799030304

2024-03-13 14:54:23,357 - METRIC - INFO - round: 20
2024-03-13 14:54:23,358 - METRIC - INFO - n_selected: 3
2024-03-13 14:54:23,358 - METRIC - INFO - selected_trainers: statipo13 - statipo22 - statipo12
2024-03-13 14:54:24,190 - EXECUT - INFO - received weights from trainer statipo22!
2024-03-13 14:54:24,692 - EXECUT - INFO - received weights from trainer statipo12!
2024-03-13 14:54:25,931 - EXECUT - INFO - received weights from trainer statipo13!
2024-03-13 14:54:26,445 - EXECUT - INFO - sent aggregated weights to trainers!
2024-03-13 14:54:26,596 - METRIC - INFO - statipo12 loss: 0.06609801948070526 - accuracy: 0.984674334526062
2024-03-13 14:54:26,597 - METRIC - INFO - statipo22 loss: 0.05562905594706535 - accuracy: 0.9772357940673828
2024-03-13 14:54:26,599 - METRIC - INFO - statipo11 loss: 1.1641943454742432 - accuracy: 0.7435897588729858
2024-03-13 14:54:26,614 - METRIC - INFO - statipo23 loss: 1.3490967750549316 - accuracy: 0.6832844614982605
2024-03-13 14:54:26,615 - METRIC - INFO - statipo21 loss: 0.31501924991607666 - accuracy: 0.8855932354927063
2024-03-13 14:54:26,626 - METRIC - INFO - statipo13 loss: 0.11428630352020264 - accuracy: 0.9487179517745972
2024-03-13 14:54:27,446 - METRIC - INFO - mean_accuracy: 0.8705159227053324

2024-03-13 14:54:27,447 - METRIC - INFO - round: 21
2024-03-13 14:54:27,447 - METRIC - INFO - n_selected: 3
2024-03-13 14:54:27,447 - METRIC - INFO - selected_trainers: statipo21 - statipo23 - statipo22
2024-03-13 14:54:28,403 - EXECUT - INFO - received weights from trainer statipo22!
2024-03-13 14:54:28,470 - EXECUT - INFO - received weights from trainer statipo23!
2024-03-13 14:54:28,932 - EXECUT - INFO - received weights from trainer statipo21!
2024-03-13 14:54:29,550 - EXECUT - INFO - sent aggregated weights to trainers!
2024-03-13 14:54:29,700 - METRIC - INFO - statipo12 loss: 0.7527217864990234 - accuracy: 0.7931034564971924
2024-03-13 14:54:29,724 - METRIC - INFO - statipo21 loss: 0.04475558176636696 - accuracy: 0.9816384315490723
2024-03-13 14:54:29,728 - METRIC - INFO - statipo23 loss: 0.09866948425769806 - accuracy: 0.9692082405090332
2024-03-13 14:54:29,733 - METRIC - INFO - statipo13 loss: 0.2901759743690491 - accuracy: 0.8769230842590332
2024-03-13 14:54:29,733 - METRIC - INFO - statipo22 loss: 0.0894300788640976 - accuracy: 0.9626016020774841
2024-03-13 14:54:29,745 - METRIC - INFO - statipo11 loss: 1.1778790950775146 - accuracy: 0.7483974099159241
2024-03-13 14:54:30,550 - METRIC - INFO - mean_accuracy: 0.8886453708012899

2024-03-13 14:54:30,551 - METRIC - INFO - round: 22
2024-03-13 14:54:30,551 - METRIC - INFO - n_selected: 3
2024-03-13 14:54:30,551 - METRIC - INFO - selected_trainers: statipo11 - statipo22 - statipo12
2024-03-13 14:54:32,020 - EXECUT - INFO - received weights from trainer statipo22!
2024-03-13 14:54:32,075 - EXECUT - INFO - received weights from trainer statipo12!
2024-03-13 14:54:32,278 - EXECUT - INFO - received weights from trainer statipo11!
2024-03-13 14:54:32,637 - EXECUT - INFO - sent aggregated weights to trainers!
2024-03-13 14:54:32,776 - METRIC - INFO - statipo21 loss: 0.12449010461568832 - accuracy: 0.9548022747039795
2024-03-13 14:54:32,778 - METRIC - INFO - statipo23 loss: 0.7336995601654053 - accuracy: 0.7815249562263489
2024-03-13 14:54:32,790 - METRIC - INFO - statipo13 loss: 0.4422833025455475 - accuracy: 0.843589723110199
2024-03-13 14:54:32,792 - METRIC - INFO - statipo12 loss: 0.06968291103839874 - accuracy: 0.984674334526062
2024-03-13 14:54:32,806 - METRIC - INFO - statipo22 loss: 0.06763611733913422 - accuracy: 0.9739837646484375
2024-03-13 14:54:32,811 - METRIC - INFO - statipo11 loss: 0.06102326139807701 - accuracy: 0.9823718070983887
2024-03-13 14:54:33,638 - METRIC - INFO - mean_accuracy: 0.920157810052236

2024-03-13 14:54:33,639 - METRIC - INFO - round: 23
2024-03-13 14:54:33,639 - METRIC - INFO - n_selected: 3
2024-03-13 14:54:33,639 - METRIC - INFO - selected_trainers: statipo23 - statipo11 - statipo21
2024-03-13 14:54:34,610 - EXECUT - INFO - received weights from trainer statipo23!
2024-03-13 14:54:34,665 - EXECUT - INFO - received weights from trainer statipo21!
2024-03-13 14:54:35,465 - EXECUT - INFO - received weights from trainer statipo11!
2024-03-13 14:54:35,746 - EXECUT - INFO - sent aggregated weights to trainers!
2024-03-13 14:54:35,896 - METRIC - INFO - statipo22 loss: 0.20687557756900787 - accuracy: 0.9398373961448669
2024-03-13 14:54:35,896 - METRIC - INFO - statipo12 loss: 0.826457679271698 - accuracy: 0.7911877632141113
2024-03-13 14:54:35,901 - METRIC - INFO - statipo11 loss: 0.05532016605138779 - accuracy: 0.9855769276618958
2024-03-13 14:54:35,916 - METRIC - INFO - statipo23 loss: 0.11228659749031067 - accuracy: 0.9648093581199646
2024-03-13 14:54:35,919 - METRIC - INFO - statipo21 loss: 0.036714330315589905 - accuracy: 0.9816384315490723
2024-03-13 14:54:35,923 - METRIC - INFO - statipo13 loss: 0.7530752420425415 - accuracy: 0.764102578163147
2024-03-13 14:54:36,748 - METRIC - INFO - mean_accuracy: 0.9045254091421763

2024-03-13 14:54:36,748 - METRIC - INFO - round: 24
2024-03-13 14:54:36,748 - METRIC - INFO - n_selected: 3
2024-03-13 14:54:36,748 - METRIC - INFO - selected_trainers: statipo13 - statipo21 - statipo11
2024-03-13 14:54:37,677 - EXECUT - INFO - received weights from trainer statipo21!
2024-03-13 14:54:38,551 - EXECUT - INFO - received weights from trainer statipo11!
2024-03-13 14:54:38,963 - EXECUT - INFO - received weights from trainer statipo13!
2024-03-13 14:54:39,837 - EXECUT - INFO - sent aggregated weights to trainers!
2024-03-13 14:54:39,978 - METRIC - INFO - statipo21 loss: 0.059245847165584564 - accuracy: 0.9774011373519897
2024-03-13 14:54:39,983 - METRIC - INFO - statipo12 loss: 1.601974368095398 - accuracy: 0.6436781883239746
2024-03-13 14:54:39,995 - METRIC - INFO - statipo13 loss: 0.16449901461601257 - accuracy: 0.9320513010025024
2024-03-13 14:54:40,007 - METRIC - INFO - statipo23 loss: 0.9882935881614685 - accuracy: 0.7478005886077881
2024-03-13 14:54:40,009 - METRIC - INFO - statipo22 loss: 0.4965136647224426 - accuracy: 0.8536585569381714
2024-03-13 14:54:40,039 - METRIC - INFO - statipo11 loss: 0.05728692188858986 - accuracy: 0.9823718070983887
2024-03-13 14:54:40,838 - METRIC - INFO - mean_accuracy: 0.8561602632204691

2024-03-13 14:54:40,839 - METRIC - INFO - round: 25
2024-03-13 14:54:40,839 - METRIC - INFO - n_selected: 3
2024-03-13 14:54:40,839 - METRIC - INFO - selected_trainers: statipo23 - statipo11 - statipo12
2024-03-13 14:54:41,724 - EXECUT - INFO - received weights from trainer statipo23!
2024-03-13 14:54:42,089 - EXECUT - INFO - received weights from trainer statipo12!
2024-03-13 14:54:42,304 - EXECUT - INFO - received weights from trainer statipo11!
2024-03-13 14:54:42,927 - EXECUT - INFO - sent aggregated weights to trainers!
2024-03-13 14:54:43,072 - METRIC - INFO - statipo12 loss: 0.06782061606645584 - accuracy: 0.9808428883552551
2024-03-13 14:54:43,096 - METRIC - INFO - statipo21 loss: 0.08228577673435211 - accuracy: 0.9703390002250671
2024-03-13 14:54:43,099 - METRIC - INFO - statipo22 loss: 0.5834953784942627 - accuracy: 0.8292682766914368
2024-03-13 14:54:43,106 - METRIC - INFO - statipo13 loss: 0.3634261190891266 - accuracy: 0.8551282286643982
2024-03-13 14:54:43,108 - METRIC - INFO - statipo11 loss: 0.0471295528113842 - accuracy: 0.9839743375778198
2024-03-13 14:54:43,109 - METRIC - INFO - statipo23 loss: 0.11816196143627167 - accuracy: 0.9677419066429138
2024-03-13 14:54:43,928 - METRIC - INFO - mean_accuracy: 0.9312157730261484

2024-03-13 14:54:43,928 - METRIC - INFO - round: 26
2024-03-13 14:54:43,929 - METRIC - INFO - n_selected: 3
2024-03-13 14:54:43,929 - METRIC - INFO - selected_trainers: statipo11 - statipo23 - statipo21
2024-03-13 14:54:44,924 - EXECUT - INFO - received weights from trainer statipo21!
2024-03-13 14:54:45,413 - EXECUT - INFO - received weights from trainer statipo23!
2024-03-13 14:54:45,599 - EXECUT - INFO - received weights from trainer statipo11!
2024-03-13 14:54:46,016 - EXECUT - INFO - sent aggregated weights to trainers!
2024-03-13 14:54:46,161 - METRIC - INFO - statipo12 loss: 0.8768332004547119 - accuracy: 0.7969348430633545
2024-03-13 14:54:46,163 - METRIC - INFO - statipo11 loss: 0.05522032454609871 - accuracy: 0.9807692170143127
2024-03-13 14:54:46,184 - METRIC - INFO - statipo21 loss: 0.035000625997781754 - accuracy: 0.9858757257461548
2024-03-13 14:54:46,188 - METRIC - INFO - statipo22 loss: 0.9012027382850647 - accuracy: 0.7577235698699951
2024-03-13 14:54:46,196 - METRIC - INFO - statipo23 loss: 0.10830097645521164 - accuracy: 0.9662756323814392
2024-03-13 14:54:46,204 - METRIC - INFO - statipo13 loss: 0.5391964912414551 - accuracy: 0.8089743852615356
2024-03-13 14:54:47,017 - METRIC - INFO - mean_accuracy: 0.882758895556132

2024-03-13 14:54:47,018 - METRIC - INFO - round: 27
2024-03-13 14:54:47,018 - METRIC - INFO - n_selected: 3
2024-03-13 14:54:47,018 - METRIC - INFO - selected_trainers: statipo22 - statipo13 - statipo23
2024-03-13 14:54:47,911 - EXECUT - INFO - received weights from trainer statipo22!
2024-03-13 14:54:47,976 - EXECUT - INFO - received weights from trainer statipo23!
2024-03-13 14:54:50,560 - EXECUT - INFO - received weights from trainer statipo13!
2024-03-13 14:54:51,107 - EXECUT - INFO - sent aggregated weights to trainers!
2024-03-13 14:54:51,251 - METRIC - INFO - statipo21 loss: 0.06843703985214233 - accuracy: 0.9745762944221497
2024-03-13 14:54:51,255 - METRIC - INFO - statipo22 loss: 0.05518532544374466 - accuracy: 0.9804878234863281
2024-03-13 14:54:51,256 - METRIC - INFO - statipo11 loss: 0.38587135076522827 - accuracy: 0.8685897588729858
2024-03-13 14:54:51,261 - METRIC - INFO - statipo12 loss: 1.4950922727584839 - accuracy: 0.6819923520088196
2024-03-13 14:54:51,262 - METRIC - INFO - statipo13 loss: 0.09298431873321533 - accuracy: 0.9653846025466919
2024-03-13 14:54:51,277 - METRIC - INFO - statipo23 loss: 0.12435953319072723 - accuracy: 0.9530791640281677
2024-03-13 14:54:52,109 - METRIC - INFO - mean_accuracy: 0.9040183325608572

2024-03-13 14:54:52,109 - METRIC - INFO - round: 28
2024-03-13 14:54:52,109 - METRIC - INFO - n_selected: 3
2024-03-13 14:54:52,109 - METRIC - INFO - selected_trainers: statipo11 - statipo22 - statipo21
2024-03-13 14:54:53,014 - EXECUT - INFO - received weights from trainer statipo22!
2024-03-13 14:54:53,117 - EXECUT - INFO - received weights from trainer statipo21!
2024-03-13 14:54:54,085 - EXECUT - INFO - received weights from trainer statipo11!
2024-03-13 14:54:54,197 - EXECUT - INFO - sent aggregated weights to trainers!
2024-03-13 14:54:54,343 - METRIC - INFO - statipo11 loss: 0.05038445442914963 - accuracy: 0.9807692170143127
2024-03-13 14:54:54,351 - METRIC - INFO - statipo12 loss: 1.522516131401062 - accuracy: 0.6800765991210938
2024-03-13 14:54:54,365 - METRIC - INFO - statipo21 loss: 0.043516118079423904 - accuracy: 0.9858757257461548
2024-03-13 14:54:54,373 - METRIC - INFO - statipo23 loss: 0.2970471680164337 - accuracy: 0.8914955854415894
2024-03-13 14:54:54,373 - METRIC - INFO - statipo22 loss: 0.07367504388093948 - accuracy: 0.9723577499389648
2024-03-13 14:54:54,373 - METRIC - INFO - statipo13 loss: 0.3031501770019531 - accuracy: 0.879487156867981
2024-03-13 14:54:55,200 - METRIC - INFO - mean_accuracy: 0.8983436723550161

2024-03-13 14:54:55,201 - METRIC - INFO - round: 29
2024-03-13 14:54:55,201 - METRIC - INFO - n_selected: 3
2024-03-13 14:54:55,201 - METRIC - INFO - selected_trainers: statipo13 - statipo22 - statipo12
2024-03-13 14:54:56,693 - EXECUT - INFO - received weights from trainer statipo22!
2024-03-13 14:54:56,828 - EXECUT - INFO - received weights from trainer statipo12!
2024-03-13 14:54:57,672 - EXECUT - INFO - received weights from trainer statipo13!
2024-03-13 14:54:58,289 - EXECUT - INFO - sent aggregated weights to trainers!
2024-03-13 14:54:58,433 - METRIC - INFO - statipo22 loss: 0.0565231628715992 - accuracy: 0.9821138381958008
2024-03-13 14:54:58,434 - METRIC - INFO - statipo21 loss: 0.05542057007551193 - accuracy: 0.9802259802818298
2024-03-13 14:54:58,435 - METRIC - INFO - statipo11 loss: 0.296109676361084 - accuracy: 0.8990384340286255
2024-03-13 14:54:58,442 - METRIC - INFO - statipo12 loss: 0.09874925762414932 - accuracy: 0.9712643623352051
2024-03-13 14:54:58,456 - METRIC - INFO - statipo23 loss: 0.9131664037704468 - accuracy: 0.7712609767913818
2024-03-13 14:54:58,473 - METRIC - INFO - statipo13 loss: 0.10909093916416168 - accuracy: 0.9602563977241516
2024-03-13 14:54:59,292 - METRIC - INFO - mean_accuracy: 0.9273599982261658

2024-03-13 14:54:59,292 - METRIC - INFO - round: 30
2024-03-13 14:54:59,292 - METRIC - INFO - n_selected: 3
2024-03-13 14:54:59,293 - METRIC - INFO - selected_trainers: statipo11 - statipo21 - statipo12
2024-03-13 14:55:00,217 - EXECUT - INFO - received weights from trainer statipo21!
2024-03-13 14:55:00,516 - EXECUT - INFO - received weights from trainer statipo12!
2024-03-13 14:55:00,661 - EXECUT - INFO - received weights from trainer statipo11!
2024-03-13 14:55:01,379 - EXECUT - INFO - sent aggregated weights to trainers!
2024-03-13 14:55:01,521 - METRIC - INFO - statipo22 loss: 0.19087724387645721 - accuracy: 0.9398373961448669
2024-03-13 14:55:01,524 - METRIC - INFO - statipo23 loss: 0.9781987071037292 - accuracy: 0.7478005886077881
2024-03-13 14:55:01,530 - METRIC - INFO - statipo12 loss: 0.08092975616455078 - accuracy: 0.975095808506012
2024-03-13 14:55:01,557 - METRIC - INFO - statipo21 loss: 0.0384163036942482 - accuracy: 0.9887005686759949
2024-03-13 14:55:01,570 - METRIC - INFO - statipo11 loss: 0.048783477395772934 - accuracy: 0.9839743375778198
2024-03-13 14:55:01,573 - METRIC - INFO - statipo13 loss: 0.2397543042898178 - accuracy: 0.8999999761581421
2024-03-13 14:55:02,380 - METRIC - INFO - mean_accuracy: 0.9225681126117706

2024-03-13 14:55:02,381 - METRIC - INFO - round: 31
2024-03-13 14:55:02,382 - METRIC - INFO - n_selected: 3
2024-03-13 14:55:02,382 - METRIC - INFO - selected_trainers: statipo12 - statipo21 - statipo22
2024-03-13 14:55:03,285 - EXECUT - INFO - received weights from trainer statipo22!
2024-03-13 14:55:03,375 - EXECUT - INFO - received weights from trainer statipo21!
2024-03-13 14:55:03,899 - EXECUT - INFO - received weights from trainer statipo12!
2024-03-13 14:55:04,469 - EXECUT - INFO - sent aggregated weights to trainers!
2024-03-13 14:55:04,609 - METRIC - INFO - statipo12 loss: 0.06130259111523628 - accuracy: 0.984674334526062
2024-03-13 14:55:04,612 - METRIC - INFO - statipo21 loss: 0.03195815533399582 - accuracy: 0.9901130199432373
2024-03-13 14:55:04,620 - METRIC - INFO - statipo13 loss: 0.3938368856906891 - accuracy: 0.843589723110199
2024-03-13 14:55:04,628 - METRIC - INFO - statipo11 loss: 0.3215542435646057 - accuracy: 0.8958333134651184
2024-03-13 14:55:04,630 - METRIC - INFO - statipo22 loss: 0.07319756597280502 - accuracy: 0.9723577499389648
2024-03-13 14:55:04,648 - METRIC - INFO - statipo23 loss: 1.49893319606781 - accuracy: 0.7052785754203796
2024-03-13 14:55:05,472 - METRIC - INFO - mean_accuracy: 0.8986411194006602

2024-03-13 14:55:05,472 - METRIC - INFO - round: 32
2024-03-13 14:55:05,472 - METRIC - INFO - n_selected: 3
2024-03-13 14:55:05,473 - METRIC - INFO - selected_trainers: statipo21 - statipo11 - statipo23
2024-03-13 14:55:06,452 - EXECUT - INFO - received weights from trainer statipo21!
2024-03-13 14:55:06,507 - EXECUT - INFO - received weights from trainer statipo23!
2024-03-13 14:55:07,389 - EXECUT - INFO - received weights from trainer statipo11!
2024-03-13 14:55:07,587 - EXECUT - INFO - sent aggregated weights to trainers!
2024-03-13 14:55:07,729 - METRIC - INFO - statipo23 loss: 0.1348651945590973 - accuracy: 0.9648093581199646
2024-03-13 14:55:07,734 - METRIC - INFO - statipo11 loss: 0.04794808849692345 - accuracy: 0.9839743375778198
2024-03-13 14:55:07,755 - METRIC - INFO - statipo21 loss: 0.02963668666779995 - accuracy: 0.9887005686759949
2024-03-13 14:55:07,759 - METRIC - INFO - statipo13 loss: 0.5278671383857727 - accuracy: 0.8128204941749573
2024-03-13 14:55:07,761 - METRIC - INFO - statipo22 loss: 0.1714005470275879 - accuracy: 0.9528455138206482
2024-03-13 14:55:07,786 - METRIC - INFO - statipo12 loss: 0.38048550486564636 - accuracy: 0.8927202820777893
2024-03-13 14:55:08,588 - METRIC - INFO - mean_accuracy: 0.9326450924078623

2024-03-13 14:55:08,589 - METRIC - INFO - round: 33
2024-03-13 14:55:08,589 - METRIC - INFO - n_selected: 3
2024-03-13 14:55:08,589 - METRIC - INFO - selected_trainers: statipo11 - statipo13 - statipo12
2024-03-13 14:55:09,758 - EXECUT - INFO - received weights from trainer statipo12!
2024-03-13 14:55:09,942 - EXECUT - INFO - received weights from trainer statipo11!
2024-03-13 14:55:10,541 - EXECUT - INFO - received weights from trainer statipo13!
2024-03-13 14:55:10,674 - EXECUT - INFO - sent aggregated weights to trainers!
2024-03-13 14:55:10,814 - METRIC - INFO - statipo23 loss: 0.6571705937385559 - accuracy: 0.7917888760566711
2024-03-13 14:55:10,820 - METRIC - INFO - statipo21 loss: 0.0377231165766716 - accuracy: 0.9844632744789124
2024-03-13 14:55:10,825 - METRIC - INFO - statipo22 loss: 0.3593061864376068 - accuracy: 0.9024389982223511
2024-03-13 14:55:10,829 - METRIC - INFO - statipo13 loss: 0.1110975444316864 - accuracy: 0.9589743614196777
2024-03-13 14:55:10,831 - METRIC - INFO - statipo11 loss: 0.047922756522893906 - accuracy: 0.9823718070983887
2024-03-13 14:55:10,853 - METRIC - INFO - statipo12 loss: 0.06607437133789062 - accuracy: 0.982758641242981
2024-03-13 14:55:11,676 - METRIC - INFO - mean_accuracy: 0.9337993264198303

2024-03-13 14:55:11,676 - METRIC - INFO - round: 34
2024-03-13 14:55:11,676 - METRIC - INFO - n_selected: 3
2024-03-13 14:55:11,676 - METRIC - INFO - selected_trainers: statipo23 - statipo12 - statipo13
2024-03-13 14:55:12,572 - EXECUT - INFO - received weights from trainer statipo23!
2024-03-13 14:55:13,251 - EXECUT - INFO - received weights from trainer statipo12!
2024-03-13 14:55:14,286 - EXECUT - INFO - received weights from trainer statipo13!
2024-03-13 14:55:14,763 - EXECUT - INFO - sent aggregated weights to trainers!
2024-03-13 14:55:14,905 - METRIC - INFO - statipo12 loss: 0.08038647472858429 - accuracy: 0.9789271950721741
2024-03-13 14:55:14,915 - METRIC - INFO - statipo13 loss: 0.13694427907466888 - accuracy: 0.9320513010025024
2024-03-13 14:55:14,916 - METRIC - INFO - statipo11 loss: 0.3181529939174652 - accuracy: 0.8846153616905212
2024-03-13 14:55:14,917 - METRIC - INFO - statipo21 loss: 0.07793807238340378 - accuracy: 0.9759886860847473
2024-03-13 14:55:14,944 - METRIC - INFO - statipo23 loss: 0.1833287924528122 - accuracy: 0.9266862273216248
2024-03-13 14:55:14,948 - METRIC - INFO - statipo22 loss: 0.42108452320098877 - accuracy: 0.8813008069992065
2024-03-13 14:55:15,764 - METRIC - INFO - mean_accuracy: 0.9299282630284628

2024-03-13 14:55:15,765 - METRIC - INFO - round: 35
2024-03-13 14:55:15,765 - METRIC - INFO - n_selected: 3
2024-03-13 14:55:15,765 - METRIC - INFO - selected_trainers: statipo22 - statipo12 - statipo11
2024-03-13 14:55:16,596 - EXECUT - INFO - received weights from trainer statipo22!
2024-03-13 14:55:17,306 - EXECUT - INFO - received weights from trainer statipo12!
2024-03-13 14:55:17,578 - EXECUT - INFO - received weights from trainer statipo11!
2024-03-13 14:55:17,851 - EXECUT - INFO - sent aggregated weights to trainers!
2024-03-13 14:55:17,998 - METRIC - INFO - statipo12 loss: 0.06373298913240433 - accuracy: 0.982758641242981
2024-03-13 14:55:18,001 - METRIC - INFO - statipo23 loss: 0.3055255115032196 - accuracy: 0.8826979398727417
2024-03-13 14:55:18,003 - METRIC - INFO - statipo13 loss: 0.18796934187412262 - accuracy: 0.9217948913574219
2024-03-13 14:55:18,010 - METRIC - INFO - statipo11 loss: 0.04740765690803528 - accuracy: 0.9839743375778198
2024-03-13 14:55:18,021 - METRIC - INFO - statipo22 loss: 0.05624948441982269 - accuracy: 0.9788618087768555
2024-03-13 14:55:18,025 - METRIC - INFO - statipo21 loss: 0.12883594632148743 - accuracy: 0.9491525292396545
2024-03-13 14:55:18,852 - METRIC - INFO - mean_accuracy: 0.9498733580112457

2024-03-13 14:55:18,853 - METRIC - INFO - round: 36
2024-03-13 14:55:18,853 - METRIC - INFO - n_selected: 3
2024-03-13 14:55:18,853 - METRIC - INFO - selected_trainers: statipo12 - statipo21 - statipo11
2024-03-13 14:55:19,787 - EXECUT - INFO - received weights from trainer statipo21!
2024-03-13 14:55:20,088 - EXECUT - INFO - received weights from trainer statipo12!
2024-03-13 14:55:20,361 - EXECUT - INFO - received weights from trainer statipo11!
2024-03-13 14:55:20,941 - EXECUT - INFO - sent aggregated weights to trainers!
2024-03-13 14:55:21,083 - METRIC - INFO - statipo23 loss: 0.750668466091156 - accuracy: 0.7683284282684326
2024-03-13 14:55:21,096 - METRIC - INFO - statipo11 loss: 0.053988151252269745 - accuracy: 0.9807692170143127
2024-03-13 14:55:21,112 - METRIC - INFO - statipo21 loss: 0.03315277025103569 - accuracy: 0.9887005686759949
2024-03-13 14:55:21,118 - METRIC - INFO - statipo22 loss: 0.1987309455871582 - accuracy: 0.9414634108543396
2024-03-13 14:55:21,122 - METRIC - INFO - statipo13 loss: 0.3211125433444977 - accuracy: 0.8679487109184265
2024-03-13 14:55:21,131 - METRIC - INFO - statipo12 loss: 0.06830643862485886 - accuracy: 0.9789271950721741
2024-03-13 14:55:21,944 - METRIC - INFO - mean_accuracy: 0.9210229218006134

2024-03-13 14:55:21,944 - METRIC - INFO - round: 37
2024-03-13 14:55:21,945 - METRIC - INFO - n_selected: 3
2024-03-13 14:55:21,945 - METRIC - INFO - selected_trainers: statipo23 - statipo22 - statipo11
2024-03-13 14:55:22,836 - EXECUT - INFO - received weights from trainer statipo22!
2024-03-13 14:55:22,897 - EXECUT - INFO - received weights from trainer statipo23!
2024-03-13 14:55:24,164 - EXECUT - INFO - received weights from trainer statipo11!
2024-03-13 14:55:25,034 - EXECUT - INFO - sent aggregated weights to trainers!
2024-03-13 14:55:25,178 - METRIC - INFO - statipo22 loss: 0.06038348004221916 - accuracy: 0.9772357940673828
2024-03-13 14:55:25,189 - METRIC - INFO - statipo13 loss: 0.3996330797672272 - accuracy: 0.8602564334869385
2024-03-13 14:55:25,190 - METRIC - INFO - statipo11 loss: 0.03943104296922684 - accuracy: 0.9887820482254028
2024-03-13 14:55:25,203 - METRIC - INFO - statipo23 loss: 0.14101596176624298 - accuracy: 0.9516128897666931
2024-03-13 14:55:25,204 - METRIC - INFO - statipo21 loss: 0.058203790336847305 - accuracy: 0.9816384315490723
2024-03-13 14:55:25,223 - METRIC - INFO - statipo12 loss: 0.3017703890800476 - accuracy: 0.9118773937225342
2024-03-13 14:55:26,037 - METRIC - INFO - mean_accuracy: 0.9452338318030039

2024-03-13 14:55:26,037 - METRIC - INFO - round: 38
2024-03-13 14:55:26,037 - METRIC - INFO - n_selected: 3
2024-03-13 14:55:26,038 - METRIC - INFO - selected_trainers: statipo13 - statipo22 - statipo21
2024-03-13 14:55:27,029 - EXECUT - INFO - received weights from trainer statipo21!
2024-03-13 14:55:27,526 - EXECUT - INFO - received weights from trainer statipo22!
2024-03-13 14:55:28,627 - EXECUT - INFO - received weights from trainer statipo13!
2024-03-13 14:55:29,153 - EXECUT - INFO - sent aggregated weights to trainers!
2024-03-13 14:55:29,296 - METRIC - INFO - statipo12 loss: 0.5474231839179993 - accuracy: 0.8697317838668823
2024-03-13 14:55:29,312 - METRIC - INFO - statipo13 loss: 0.33615297079086304 - accuracy: 0.8833333253860474
2024-03-13 14:55:29,323 - METRIC - INFO - statipo23 loss: 0.3392276167869568 - accuracy: 0.8768328428268433
2024-03-13 14:55:29,323 - METRIC - INFO - statipo22 loss: 0.051766909658908844 - accuracy: 0.9804878234863281
2024-03-13 14:55:29,326 - METRIC - INFO - statipo21 loss: 0.03746045380830765 - accuracy: 0.9887005686759949
2024-03-13 14:55:29,333 - METRIC - INFO - statipo11 loss: 0.2067396491765976 - accuracy: 0.932692289352417
2024-03-13 14:55:30,156 - METRIC - INFO - mean_accuracy: 0.9219631055990855

2024-03-13 14:55:30,157 - METRIC - INFO - round: 39
2024-03-13 14:55:30,157 - METRIC - INFO - n_selected: 3
2024-03-13 14:55:30,157 - METRIC - INFO - selected_trainers: statipo11 - statipo12 - statipo23
2024-03-13 14:55:31,050 - EXECUT - INFO - received weights from trainer statipo23!
2024-03-13 14:55:31,346 - EXECUT - INFO - received weights from trainer statipo12!
2024-03-13 14:55:31,566 - EXECUT - INFO - received weights from trainer statipo11!
2024-03-13 14:55:32,244 - EXECUT - INFO - sent aggregated weights to trainers!
2024-03-13 14:55:32,388 - METRIC - INFO - statipo23 loss: 0.10189670324325562 - accuracy: 0.9677419066429138
2024-03-13 14:55:32,396 - METRIC - INFO - statipo13 loss: 0.30552637577056885 - accuracy: 0.8858974575996399
2024-03-13 14:55:32,398 - METRIC - INFO - statipo11 loss: 0.04422391206026077 - accuracy: 0.9807692170143127
2024-03-13 14:55:32,426 - METRIC - INFO - statipo22 loss: 0.14748887717723846 - accuracy: 0.9560975432395935
2024-03-13 14:55:32,429 - METRIC - INFO - statipo21 loss: 0.05971010774374008 - accuracy: 0.9788135886192322
2024-03-13 14:55:32,441 - METRIC - INFO - statipo12 loss: 0.061195798218250275 - accuracy: 0.984674334526062
2024-03-13 14:55:33,246 - METRIC - INFO - mean_accuracy: 0.9589990079402924

2024-03-13 14:55:33,247 - METRIC - INFO - round: 40
2024-03-13 14:55:33,247 - METRIC - INFO - n_selected: 3
2024-03-13 14:55:33,247 - METRIC - INFO - selected_trainers: statipo22 - statipo13 - statipo11
2024-03-13 14:55:34,085 - EXECUT - INFO - received weights from trainer statipo22!
2024-03-13 14:55:35,010 - EXECUT - INFO - received weights from trainer statipo11!
2024-03-13 14:55:35,643 - EXECUT - INFO - received weights from trainer statipo13!
2024-03-13 14:55:36,336 - EXECUT - INFO - sent aggregated weights to trainers!
2024-03-13 14:55:36,473 - METRIC - INFO - statipo23 loss: 0.26151418685913086 - accuracy: 0.9076246619224548
2024-03-13 14:55:36,478 - METRIC - INFO - statipo21 loss: 0.07602078467607498 - accuracy: 0.9689265489578247
2024-03-13 14:55:36,482 - METRIC - INFO - statipo12 loss: 0.3125734329223633 - accuracy: 0.9157088398933411
2024-03-13 14:55:36,489 - METRIC - INFO - statipo13 loss: 0.07955589145421982 - accuracy: 0.9743589758872986
2024-03-13 14:55:36,497 - METRIC - INFO - statipo22 loss: 0.059852778911590576 - accuracy: 0.9756097793579102
2024-03-13 14:55:36,517 - METRIC - INFO - statipo11 loss: 0.03963710367679596 - accuracy: 0.9871794581413269
2024-03-13 14:55:37,339 - METRIC - INFO - mean_accuracy: 0.954901377360026

2024-03-13 14:55:37,339 - METRIC - INFO - round: 41
2024-03-13 14:55:37,339 - METRIC - INFO - n_selected: 3
2024-03-13 14:55:37,340 - METRIC - INFO - selected_trainers: statipo12 - statipo13 - statipo21
2024-03-13 14:55:38,271 - EXECUT - INFO - received weights from trainer statipo21!
2024-03-13 14:55:38,552 - EXECUT - INFO - received weights from trainer statipo12!
2024-03-13 14:55:39,775 - EXECUT - INFO - received weights from trainer statipo13!
2024-03-13 14:55:40,426 - EXECUT - INFO - sent aggregated weights to trainers!
2024-03-13 14:55:40,572 - METRIC - INFO - statipo21 loss: 0.030951758846640587 - accuracy: 0.9901130199432373
2024-03-13 14:55:40,572 - METRIC - INFO - statipo22 loss: 0.12397833168506622 - accuracy: 0.9626016020774841
2024-03-13 14:55:40,577 - METRIC - INFO - statipo11 loss: 0.14715655148029327 - accuracy: 0.9503205418586731
2024-03-13 14:55:40,583 - METRIC - INFO - statipo13 loss: 0.0857624039053917 - accuracy: 0.9653846025466919
2024-03-13 14:55:40,594 - METRIC - INFO - statipo23 loss: 0.42701390385627747 - accuracy: 0.8416422009468079
2024-03-13 14:55:40,617 - METRIC - INFO - statipo12 loss: 0.0765681192278862 - accuracy: 0.982758641242981
2024-03-13 14:55:41,428 - METRIC - INFO - mean_accuracy: 0.9488034347693125

2024-03-13 14:55:41,429 - METRIC - INFO - round: 42
2024-03-13 14:55:41,429 - METRIC - INFO - n_selected: 3
2024-03-13 14:55:41,429 - METRIC - INFO - selected_trainers: statipo21 - statipo23 - statipo22
2024-03-13 14:55:42,431 - EXECUT - INFO - received weights from trainer statipo23!
2024-03-13 14:55:42,484 - EXECUT - INFO - received weights from trainer statipo21!
2024-03-13 14:55:42,914 - EXECUT - INFO - received weights from trainer statipo22!
2024-03-13 14:55:43,547 - EXECUT - INFO - sent aggregated weights to trainers!
2024-03-13 14:55:43,695 - METRIC - INFO - statipo22 loss: 0.07142198085784912 - accuracy: 0.9739837646484375
2024-03-13 14:55:43,702 - METRIC - INFO - statipo23 loss: 0.1279096007347107 - accuracy: 0.9589442610740662
2024-03-13 14:55:43,704 - METRIC - INFO - statipo11 loss: 0.25133103132247925 - accuracy: 0.9102563858032227
2024-03-13 14:55:43,712 - METRIC - INFO - statipo13 loss: 0.15434767305850983 - accuracy: 0.9410256147384644
2024-03-13 14:55:43,719 - METRIC - INFO - statipo21 loss: 0.023287538439035416 - accuracy: 0.9929378628730774
2024-03-13 14:55:43,726 - METRIC - INFO - statipo12 loss: 0.28608208894729614 - accuracy: 0.9176245331764221
2024-03-13 14:55:44,548 - METRIC - INFO - mean_accuracy: 0.9491287370522817

2024-03-13 14:55:44,549 - METRIC - INFO - round: 43
2024-03-13 14:55:44,549 - METRIC - INFO - n_selected: 3
2024-03-13 14:55:44,549 - METRIC - INFO - selected_trainers: statipo11 - statipo13 - statipo22
2024-03-13 14:55:45,389 - EXECUT - INFO - received weights from trainer statipo22!
2024-03-13 14:55:46,091 - EXECUT - INFO - received weights from trainer statipo11!
2024-03-13 14:55:46,723 - EXECUT - INFO - received weights from trainer statipo13!
2024-03-13 14:55:47,637 - EXECUT - INFO - sent aggregated weights to trainers!
2024-03-13 14:55:47,791 - METRIC - INFO - statipo12 loss: 0.4088577330112457 - accuracy: 0.8965517282485962
2024-03-13 14:55:47,795 - METRIC - INFO - statipo13 loss: 0.08379361778497696 - accuracy: 0.964102566242218
2024-03-13 14:55:47,795 - METRIC - INFO - statipo11 loss: 0.0409947894513607 - accuracy: 0.9871794581413269
2024-03-13 14:55:47,796 - METRIC - INFO - statipo22 loss: 0.04997463524341583 - accuracy: 0.9772357940673828
2024-03-13 14:55:47,799 - METRIC - INFO - statipo21 loss: 0.039912767708301544 - accuracy: 0.9844632744789124
2024-03-13 14:55:47,823 - METRIC - INFO - statipo23 loss: 0.21510154008865356 - accuracy: 0.9164223074913025
2024-03-13 14:55:48,640 - METRIC - INFO - mean_accuracy: 0.9543258547782898

2024-03-13 14:55:48,640 - METRIC - INFO - round: 44
2024-03-13 14:55:48,641 - METRIC - INFO - n_selected: 3
2024-03-13 14:55:48,641 - METRIC - INFO - selected_trainers: statipo23 - statipo12 - statipo22
2024-03-13 14:55:49,540 - EXECUT - INFO - received weights from trainer statipo22!
2024-03-13 14:55:50,109 - EXECUT - INFO - received weights from trainer statipo23!
2024-03-13 14:55:50,162 - EXECUT - INFO - received weights from trainer statipo12!
2024-03-13 14:55:50,762 - EXECUT - INFO - sent aggregated weights to trainers!
2024-03-13 14:55:50,902 - METRIC - INFO - statipo23 loss: 0.08981959521770477 - accuracy: 0.9677419066429138
2024-03-13 14:55:50,906 - METRIC - INFO - statipo21 loss: 0.05057169124484062 - accuracy: 0.9774011373519897
2024-03-13 14:55:50,908 - METRIC - INFO - statipo22 loss: 0.06631793826818466 - accuracy: 0.9739837646484375
2024-03-13 14:55:50,912 - METRIC - INFO - statipo12 loss: 0.06513425707817078 - accuracy: 0.984674334526062
2024-03-13 14:55:50,915 - METRIC - INFO - statipo13 loss: 0.169175386428833 - accuracy: 0.9269230961799622
2024-03-13 14:55:50,921 - METRIC - INFO - statipo11 loss: 0.17137795686721802 - accuracy: 0.9487179517745972
2024-03-13 14:55:51,763 - METRIC - INFO - mean_accuracy: 0.963240365187327

2024-03-13 14:55:51,764 - METRIC - INFO - round: 45
2024-03-13 14:55:51,764 - METRIC - INFO - n_selected: 3
2024-03-13 14:55:51,764 - METRIC - INFO - selected_trainers: statipo11 - statipo13 - statipo23
2024-03-13 14:55:52,664 - EXECUT - INFO - received weights from trainer statipo23!
2024-03-13 14:55:53,300 - EXECUT - INFO - received weights from trainer statipo11!
2024-03-13 14:55:54,030 - EXECUT - INFO - received weights from trainer statipo13!
2024-03-13 14:55:54,851 - EXECUT - INFO - sent aggregated weights to trainers!
2024-03-13 14:55:54,992 - METRIC - INFO - statipo22 loss: 0.12013569474220276 - accuracy: 0.9658536314964294
2024-03-13 14:55:54,995 - METRIC - INFO - statipo12 loss: 0.24285298585891724 - accuracy: 0.9252873659133911
2024-03-13 14:55:55,019 - METRIC - INFO - statipo23 loss: 0.1319989413022995 - accuracy: 0.9692082405090332
2024-03-13 14:55:55,020 - METRIC - INFO - statipo21 loss: 0.064912810921669 - accuracy: 0.9802259802818298
2024-03-13 14:55:55,033 - METRIC - INFO - statipo11 loss: 0.040321361273527145 - accuracy: 0.9887820482254028
2024-03-13 14:55:55,035 - METRIC - INFO - statipo13 loss: 0.0899818018078804 - accuracy: 0.9653846025466919
2024-03-13 14:55:55,853 - METRIC - INFO - mean_accuracy: 0.965790311495463

2024-03-13 14:55:55,854 - METRIC - INFO - round: 46
2024-03-13 14:55:55,854 - METRIC - INFO - n_selected: 3
2024-03-13 14:55:55,854 - METRIC - INFO - selected_trainers: statipo11 - statipo23 - statipo12
2024-03-13 14:55:56,741 - EXECUT - INFO - received weights from trainer statipo23!
2024-03-13 14:55:57,386 - EXECUT - INFO - received weights from trainer statipo12!
2024-03-13 14:55:57,660 - EXECUT - INFO - received weights from trainer statipo11!
2024-03-13 14:55:57,978 - EXECUT - INFO - sent aggregated weights to trainers!
2024-03-13 14:55:58,125 - METRIC - INFO - statipo21 loss: 0.08319209516048431 - accuracy: 0.9689265489578247
2024-03-13 14:55:58,126 - METRIC - INFO - statipo22 loss: 0.16922220587730408 - accuracy: 0.9463414549827576
2024-03-13 14:55:58,132 - METRIC - INFO - statipo13 loss: 0.13560806214809418 - accuracy: 0.9410256147384644
2024-03-13 14:55:58,133 - METRIC - INFO - statipo11 loss: 0.040140457451343536 - accuracy: 0.9855769276618958
2024-03-13 14:55:58,134 - METRIC - INFO - statipo12 loss: 0.07390869408845901 - accuracy: 0.977011501789093
2024-03-13 14:55:58,153 - METRIC - INFO - statipo23 loss: 0.08644998073577881 - accuracy: 0.9692082405090332
2024-03-13 14:55:58,980 - METRIC - INFO - mean_accuracy: 0.9646817147731781

2024-03-13 14:55:58,981 - METRIC - INFO - round: 47
2024-03-13 14:55:58,981 - METRIC - INFO - n_selected: 3
2024-03-13 14:55:58,981 - METRIC - INFO - selected_trainers: statipo22 - statipo12 - statipo13
2024-03-13 14:55:59,818 - EXECUT - INFO - received weights from trainer statipo22!
2024-03-13 14:56:00,258 - EXECUT - INFO - received weights from trainer statipo12!
2024-03-13 14:56:01,408 - EXECUT - INFO - received weights from trainer statipo13!
2024-03-13 14:56:02,067 - EXECUT - INFO - sent aggregated weights to trainers!
2024-03-13 14:56:02,208 - METRIC - INFO - statipo21 loss: 0.08728531748056412 - accuracy: 0.9675140976905823
2024-03-13 14:56:02,212 - METRIC - INFO - statipo23 loss: 0.15965594351291656 - accuracy: 0.9457477927207947
2024-03-13 14:56:02,212 - METRIC - INFO - statipo12 loss: 0.05827101320028305 - accuracy: 0.984674334526062
2024-03-13 14:56:02,220 - METRIC - INFO - statipo22 loss: 0.05058963969349861 - accuracy: 0.9821138381958008
2024-03-13 14:56:02,225 - METRIC - INFO - statipo11 loss: 0.2089419662952423 - accuracy: 0.9182692170143127
2024-03-13 14:56:02,253 - METRIC - INFO - statipo13 loss: 0.07643429934978485 - accuracy: 0.9679487347602844
2024-03-13 14:56:03,070 - METRIC - INFO - mean_accuracy: 0.9610446691513062

2024-03-13 14:56:03,071 - METRIC - INFO - round: 48
2024-03-13 14:56:03,071 - METRIC - INFO - n_selected: 3
2024-03-13 14:56:03,071 - METRIC - INFO - selected_trainers: statipo23 - statipo22 - statipo13
2024-03-13 14:56:03,974 - EXECUT - INFO - received weights from trainer statipo22!
2024-03-13 14:56:04,030 - EXECUT - INFO - received weights from trainer statipo23!
2024-03-13 14:56:06,350 - EXECUT - INFO - received weights from trainer statipo13!
2024-03-13 14:56:07,161 - EXECUT - INFO - sent aggregated weights to trainers!
2024-03-13 14:56:07,310 - METRIC - INFO - statipo11 loss: 0.3400130271911621 - accuracy: 0.8862179517745972
2024-03-13 14:56:07,311 - METRIC - INFO - statipo12 loss: 0.14679113030433655 - accuracy: 0.9578543901443481
2024-03-13 14:56:07,316 - METRIC - INFO - statipo13 loss: 0.07107360661029816 - accuracy: 0.9769230484962463
2024-03-13 14:56:07,331 - METRIC - INFO - statipo21 loss: 0.12078401446342468 - accuracy: 0.9491525292396545
2024-03-13 14:56:07,332 - METRIC - INFO - statipo23 loss: 0.21625827252864838 - accuracy: 0.9384164214134216
2024-03-13 14:56:07,334 - METRIC - INFO - statipo22 loss: 0.049765679985284805 - accuracy: 0.9804878234863281
2024-03-13 14:56:08,162 - METRIC - INFO - mean_accuracy: 0.9481753607590994

2024-03-13 14:56:08,162 - METRIC - INFO - round: 49
2024-03-13 14:56:08,163 - METRIC - INFO - n_selected: 3
2024-03-13 14:56:08,163 - METRIC - INFO - selected_trainers: statipo23 - statipo11 - statipo21
2024-03-13 14:56:09,166 - EXECUT - INFO - received weights from trainer statipo23!
2024-03-13 14:56:09,222 - EXECUT - INFO - received weights from trainer statipo21!
2024-03-13 14:56:10,167 - EXECUT - INFO - received weights from trainer statipo11!
2024-03-13 14:56:10,249 - EXECUT - INFO - sent aggregated weights to trainers!
2024-03-13 14:56:10,388 - METRIC - INFO - statipo23 loss: 0.09789036959409714 - accuracy: 0.973607063293457
2024-03-13 14:56:10,401 - METRIC - INFO - statipo11 loss: 0.03936978429555893 - accuracy: 0.9887820482254028
2024-03-13 14:56:10,405 - METRIC - INFO - statipo13 loss: 0.09833252429962158 - accuracy: 0.9615384340286255
2024-03-13 14:56:10,417 - METRIC - INFO - statipo21 loss: 0.02660311944782734 - accuracy: 0.991525411605835
2024-03-13 14:56:10,422 - METRIC - INFO - statipo22 loss: 0.10706355422735214 - accuracy: 0.9739837646484375
2024-03-13 14:56:10,440 - METRIC - INFO - statipo12 loss: 0.1846119463443756 - accuracy: 0.9521072506904602
2024-03-13 14:56:11,250 - METRIC - INFO - mean_accuracy: 0.9735906620820364

2024-03-13 14:56:11,251 - METRIC - INFO - stop_condition: accuracy
