2024-03-07 20:17:09,271 - EXECUT - INFO - starting server...
2024-03-07 20:17:28,413 - EXECUT - INFO - trainer number statipo21 just joined the pool
2024-03-07 20:17:28,457 - EXECUT - INFO - trainer number statipo14 just joined the pool
2024-03-07 20:17:28,457 - EXECUT - INFO - trainer number statipo15 just joined the pool
2024-03-07 20:17:28,458 - EXECUT - INFO - trainer number statipo11 just joined the pool
2024-03-07 20:17:28,458 - EXECUT - INFO - trainer number statipo13 just joined the pool
2024-03-07 20:17:28,729 - EXECUT - INFO - trainer number statipo12 just joined the pool
2024-03-07 20:17:29,290 - METRIC - INFO - round: 1
2024-03-07 20:17:29,291 - METRIC - INFO - n_selected: 3
2024-03-07 20:17:29,291 - METRIC - INFO - selected_trainers: statipo21 - statipo13 - statipo15
2024-03-07 20:17:35,886 - EXECUT - INFO - received weights from trainer statipo21!
2024-03-07 20:17:35,993 - EXECUT - INFO - received weights from trainer statipo13!
2024-03-07 20:17:36,361 - EXECUT - INFO - received weights from trainer statipo15!
2024-03-07 20:17:37,467 - EXECUT - INFO - sent aggregated weights to trainers!
2024-03-07 20:17:42,803 - METRIC - INFO - statipo11 loss: 25.641029357910156 - accuracy: 0.20192307233810425
2024-03-07 20:17:42,817 - METRIC - INFO - statipo14 loss: 24.598466873168945 - accuracy: 0.31779661774635315
2024-03-07 20:17:42,867 - METRIC - INFO - statipo21 loss: 0.3785465359687805 - accuracy: 0.8489736318588257
2024-03-07 20:17:42,902 - METRIC - INFO - statipo15 loss: 0.1514074206352234 - accuracy: 0.9463414549827576
2024-03-07 20:17:42,908 - METRIC - INFO - statipo12 loss: 20.766376495361328 - accuracy: 0.19923371076583862
2024-03-07 20:17:42,919 - METRIC - INFO - statipo13 loss: 0.22993934154510498 - accuracy: 0.9141025543212891
2024-03-07 20:17:43,473 - METRIC - INFO - mean_accuracy: 0.5713951736688614

2024-03-07 20:17:43,474 - METRIC - INFO - round: 2
2024-03-07 20:17:43,474 - METRIC - INFO - n_selected: 3
2024-03-07 20:17:43,474 - METRIC - INFO - selected_trainers: statipo14 - statipo11 - statipo21
2024-03-07 20:17:49,673 - EXECUT - INFO - received weights from trainer statipo21!
2024-03-07 20:17:49,905 - EXECUT - INFO - received weights from trainer statipo11!
2024-03-07 20:17:49,957 - EXECUT - INFO - received weights from trainer statipo14!
2024-03-07 20:17:50,566 - EXECUT - INFO - sent aggregated weights to trainers!
2024-03-07 20:17:55,961 - METRIC - INFO - statipo11 loss: 0.23828540742397308 - accuracy: 0.9407051205635071
2024-03-07 20:17:55,965 - METRIC - INFO - statipo21 loss: 0.3295598030090332 - accuracy: 0.8695014715194702
2024-03-07 20:17:55,969 - METRIC - INFO - statipo14 loss: 0.6315722465515137 - accuracy: 0.8290960192680359
2024-03-07 20:17:55,989 - METRIC - INFO - statipo15 loss: 2.0652315616607666 - accuracy: 0.15284553170204163
2024-03-07 20:17:55,990 - METRIC - INFO - statipo13 loss: 2.087325096130371 - accuracy: 0.17820513248443604
2024-03-07 20:17:55,995 - METRIC - INFO - statipo12 loss: 2.9138565063476562 - accuracy: 0.1819923371076584
2024-03-07 20:17:56,572 - METRIC - INFO - mean_accuracy: 0.5253909354408582

2024-03-07 20:17:56,573 - METRIC - INFO - round: 3
2024-03-07 20:17:56,573 - METRIC - INFO - n_selected: 3
2024-03-07 20:17:56,573 - METRIC - INFO - selected_trainers: statipo14 - statipo15 - statipo11
2024-03-07 20:18:02,758 - EXECUT - INFO - received weights from trainer statipo15!
2024-03-07 20:18:02,810 - EXECUT - INFO - received weights from trainer statipo11!
2024-03-07 20:18:02,862 - EXECUT - INFO - received weights from trainer statipo14!
2024-03-07 20:18:03,664 - EXECUT - INFO - sent aggregated weights to trainers!
2024-03-07 20:18:09,057 - METRIC - INFO - statipo11 loss: 0.22575019299983978 - accuracy: 0.9246794581413269
2024-03-07 20:18:09,059 - METRIC - INFO - statipo15 loss: 0.24604901671409607 - accuracy: 0.9203252196311951
2024-03-07 20:18:09,062 - METRIC - INFO - statipo13 loss: 2.8218092918395996 - accuracy: 0.1794871836900711
2024-03-07 20:18:09,065 - METRIC - INFO - statipo14 loss: 0.13654367625713348 - accuracy: 0.9477401375770569
2024-03-07 20:18:09,083 - METRIC - INFO - statipo21 loss: 0.9587284326553345 - accuracy: 0.6803519129753113
2024-03-07 20:18:09,094 - METRIC - INFO - statipo12 loss: 3.0528690814971924 - accuracy: 0.25287356972694397
2024-03-07 20:18:09,671 - METRIC - INFO - mean_accuracy: 0.6509095802903175

2024-03-07 20:18:09,671 - METRIC - INFO - round: 4
2024-03-07 20:18:09,671 - METRIC - INFO - n_selected: 3
2024-03-07 20:18:09,672 - METRIC - INFO - selected_trainers: statipo14 - statipo12 - statipo21
2024-03-07 20:18:15,907 - EXECUT - INFO - received weights from trainer statipo21!
2024-03-07 20:18:15,960 - EXECUT - INFO - received weights from trainer statipo14!
2024-03-07 20:18:16,012 - EXECUT - INFO - received weights from trainer statipo12!
2024-03-07 20:18:16,762 - EXECUT - INFO - sent aggregated weights to trainers!
2024-03-07 20:18:22,155 - METRIC - INFO - statipo15 loss: 1.7912108898162842 - accuracy: 0.4764227569103241
2024-03-07 20:18:22,159 - METRIC - INFO - statipo14 loss: 0.11507124453783035 - accuracy: 0.9604519605636597
2024-03-07 20:18:22,164 - METRIC - INFO - statipo11 loss: 0.6196564435958862 - accuracy: 0.7516025900840759
2024-03-07 20:18:22,169 - METRIC - INFO - statipo13 loss: 4.357486248016357 - accuracy: 0.17692308127880096
2024-03-07 20:18:22,191 - METRIC - INFO - statipo21 loss: 0.3177019953727722 - accuracy: 0.8709677457809448
2024-03-07 20:18:22,196 - METRIC - INFO - statipo12 loss: 0.18800821900367737 - accuracy: 0.9444444179534912
2024-03-07 20:18:22,769 - METRIC - INFO - mean_accuracy: 0.6968020920952162

2024-03-07 20:18:22,769 - METRIC - INFO - round: 5
2024-03-07 20:18:22,769 - METRIC - INFO - n_selected: 3
2024-03-07 20:18:22,770 - METRIC - INFO - selected_trainers: statipo11 - statipo14 - statipo21
2024-03-07 20:18:29,020 - EXECUT - INFO - received weights from trainer statipo11!
2024-03-07 20:18:29,073 - EXECUT - INFO - received weights from trainer statipo21!
2024-03-07 20:18:29,125 - EXECUT - INFO - received weights from trainer statipo14!
2024-03-07 20:18:29,891 - EXECUT - INFO - sent aggregated weights to trainers!
2024-03-07 20:18:35,283 - METRIC - INFO - statipo12 loss: 2.6424944400787354 - accuracy: 0.3045977056026459
2024-03-07 20:18:35,285 - METRIC - INFO - statipo11 loss: 0.23694637417793274 - accuracy: 0.9134615659713745
2024-03-07 20:18:35,291 - METRIC - INFO - statipo13 loss: 6.6492085456848145 - accuracy: 0.18333333730697632
2024-03-07 20:18:35,310 - METRIC - INFO - statipo21 loss: 0.23664507269859314 - accuracy: 0.900293231010437
2024-03-07 20:18:35,313 - METRIC - INFO - statipo14 loss: 0.09902247041463852 - accuracy: 0.959039568901062
2024-03-07 20:18:35,315 - METRIC - INFO - statipo15 loss: 3.582108974456787 - accuracy: 0.2959349453449249
2024-03-07 20:18:35,897 - METRIC - INFO - mean_accuracy: 0.5927767256895701

2024-03-07 20:18:35,898 - METRIC - INFO - round: 6
2024-03-07 20:18:35,898 - METRIC - INFO - n_selected: 3
2024-03-07 20:18:35,898 - METRIC - INFO - selected_trainers: statipo13 - statipo11 - statipo14
2024-03-07 20:18:42,159 - EXECUT - INFO - received weights from trainer statipo11!
2024-03-07 20:18:42,230 - EXECUT - INFO - received weights from trainer statipo14!
2024-03-07 20:18:42,288 - EXECUT - INFO - received weights from trainer statipo13!
2024-03-07 20:18:42,989 - EXECUT - INFO - sent aggregated weights to trainers!
2024-03-07 20:18:48,378 - METRIC - INFO - statipo11 loss: 0.14985385537147522 - accuracy: 0.9519230723381042
2024-03-07 20:18:48,383 - METRIC - INFO - statipo12 loss: 5.553810119628906 - accuracy: 0.23180076479911804
2024-03-07 20:18:48,391 - METRIC - INFO - statipo13 loss: 0.47509175539016724 - accuracy: 0.8166666626930237
2024-03-07 20:18:48,391 - METRIC - INFO - statipo14 loss: 0.16892769932746887 - accuracy: 0.9406779408454895
2024-03-07 20:18:48,413 - METRIC - INFO - statipo15 loss: 5.571738243103027 - accuracy: 0.2601625919342041
2024-03-07 20:18:48,414 - METRIC - INFO - statipo21 loss: 1.0039422512054443 - accuracy: 0.6422287225723267
2024-03-07 20:18:48,997 - METRIC - INFO - mean_accuracy: 0.640576625863711

2024-03-07 20:18:48,998 - METRIC - INFO - round: 7
2024-03-07 20:18:48,998 - METRIC - INFO - n_selected: 3
2024-03-07 20:18:48,998 - METRIC - INFO - selected_trainers: statipo14 - statipo13 - statipo11
2024-03-07 20:18:55,277 - EXECUT - INFO - received weights from trainer statipo14!
2024-03-07 20:18:55,329 - EXECUT - INFO - received weights from trainer statipo13!
2024-03-07 20:18:55,775 - EXECUT - INFO - received weights from trainer statipo11!
2024-03-07 20:18:56,088 - EXECUT - INFO - sent aggregated weights to trainers!
2024-03-07 20:19:01,479 - METRIC - INFO - statipo11 loss: 0.109464131295681 - accuracy: 0.9695512652397156
2024-03-07 20:19:01,483 - METRIC - INFO - statipo14 loss: 0.12593424320220947 - accuracy: 0.9477401375770569
2024-03-07 20:19:01,489 - METRIC - INFO - statipo21 loss: 1.6427741050720215 - accuracy: 0.5938416719436646
2024-03-07 20:19:01,492 - METRIC - INFO - statipo13 loss: 0.23048868775367737 - accuracy: 0.9115384817123413
2024-03-07 20:19:01,509 - METRIC - INFO - statipo15 loss: 6.205896854400635 - accuracy: 0.26178860664367676
2024-03-07 20:19:01,517 - METRIC - INFO - statipo12 loss: 5.368546009063721 - accuracy: 0.24904213845729828
2024-03-07 20:19:02,095 - METRIC - INFO - mean_accuracy: 0.6555837169289589

2024-03-07 20:19:02,096 - METRIC - INFO - round: 8
2024-03-07 20:19:02,096 - METRIC - INFO - n_selected: 3
2024-03-07 20:19:02,096 - METRIC - INFO - selected_trainers: statipo21 - statipo12 - statipo14
2024-03-07 20:19:08,331 - EXECUT - INFO - received weights from trainer statipo21!
2024-03-07 20:19:08,804 - EXECUT - INFO - received weights from trainer statipo14!
2024-03-07 20:19:08,854 - EXECUT - INFO - received weights from trainer statipo12!
2024-03-07 20:19:09,188 - EXECUT - INFO - sent aggregated weights to trainers!
2024-03-07 20:19:14,580 - METRIC - INFO - statipo12 loss: 0.12173934280872345 - accuracy: 0.959770143032074
2024-03-07 20:19:14,596 - METRIC - INFO - statipo13 loss: 1.1977758407592773 - accuracy: 0.6051282286643982
2024-03-07 20:19:14,617 - METRIC - INFO - statipo21 loss: 0.36585378646850586 - accuracy: 0.8519061803817749
2024-03-07 20:19:14,620 - METRIC - INFO - statipo14 loss: 0.07395508885383606 - accuracy: 0.9717513918876648
2024-03-07 20:19:14,627 - METRIC - INFO - statipo11 loss: 0.6753676533699036 - accuracy: 0.7740384340286255
2024-03-07 20:19:14,632 - METRIC - INFO - statipo15 loss: 6.623958587646484 - accuracy: 0.25853657722473145
2024-03-07 20:19:15,194 - METRIC - INFO - mean_accuracy: 0.7368551592032114

2024-03-07 20:19:15,195 - METRIC - INFO - round: 9
2024-03-07 20:19:15,195 - METRIC - INFO - n_selected: 3
2024-03-07 20:19:15,195 - METRIC - INFO - selected_trainers: statipo11 - statipo21 - statipo14
2024-03-07 20:19:21,430 - EXECUT - INFO - received weights from trainer statipo11!
2024-03-07 20:19:21,483 - EXECUT - INFO - received weights from trainer statipo21!
2024-03-07 20:19:21,536 - EXECUT - INFO - received weights from trainer statipo14!
2024-03-07 20:19:22,287 - EXECUT - INFO - sent aggregated weights to trainers!
2024-03-07 20:19:27,677 - METRIC - INFO - statipo15 loss: 8.720905303955078 - accuracy: 0.20813007652759552
2024-03-07 20:19:27,677 - METRIC - INFO - statipo12 loss: 2.92289662361145 - accuracy: 0.35823753476142883
2024-03-07 20:19:27,687 - METRIC - INFO - statipo13 loss: 2.30409574508667 - accuracy: 0.37564101815223694
2024-03-07 20:19:27,709 - METRIC - INFO - statipo11 loss: 0.1151905208826065 - accuracy: 0.9615384340286255
2024-03-07 20:19:27,709 - METRIC - INFO - statipo21 loss: 0.4209447205066681 - accuracy: 0.8445748090744019
2024-03-07 20:19:27,712 - METRIC - INFO - statipo14 loss: 0.06108576059341431 - accuracy: 0.9759886860847473
2024-03-07 20:19:28,293 - METRIC - INFO - mean_accuracy: 0.6206850931048393

2024-03-07 20:19:28,293 - METRIC - INFO - round: 10
2024-03-07 20:19:28,293 - METRIC - INFO - n_selected: 3
2024-03-07 20:19:28,293 - METRIC - INFO - selected_trainers: statipo12 - statipo15 - statipo13
2024-03-07 20:19:34,463 - EXECUT - INFO - received weights from trainer statipo15!
2024-03-07 20:19:34,632 - EXECUT - INFO - received weights from trainer statipo13!
2024-03-07 20:19:34,998 - EXECUT - INFO - received weights from trainer statipo12!
2024-03-07 20:19:35,383 - EXECUT - INFO - sent aggregated weights to trainers!
2024-03-07 20:19:40,774 - METRIC - INFO - statipo15 loss: 0.25823530554771423 - accuracy: 0.9235772490501404
2024-03-07 20:19:40,783 - METRIC - INFO - statipo12 loss: 0.10677368938922882 - accuracy: 0.9731800556182861
2024-03-07 20:19:40,806 - METRIC - INFO - statipo21 loss: 1.1599067449569702 - accuracy: 0.6715542674064636
2024-03-07 20:19:40,807 - METRIC - INFO - statipo14 loss: 0.1825982630252838 - accuracy: 0.9406779408454895
2024-03-07 20:19:40,807 - METRIC - INFO - statipo11 loss: 0.8227517604827881 - accuracy: 0.7612179517745972
2024-03-07 20:19:40,811 - METRIC - INFO - statipo13 loss: 0.21991072595119476 - accuracy: 0.9128205180168152
2024-03-07 20:19:41,389 - METRIC - INFO - mean_accuracy: 0.863837997118632

2024-03-07 20:19:41,390 - METRIC - INFO - round: 11
2024-03-07 20:19:41,390 - METRIC - INFO - n_selected: 3
2024-03-07 20:19:41,390 - METRIC - INFO - selected_trainers: statipo11 - statipo12 - statipo13
2024-03-07 20:19:47,479 - EXECUT - INFO - received weights from trainer statipo12!
2024-03-07 20:19:47,570 - EXECUT - INFO - received weights from trainer statipo11!
2024-03-07 20:19:47,732 - EXECUT - INFO - received weights from trainer statipo13!
2024-03-07 20:19:48,481 - EXECUT - INFO - sent aggregated weights to trainers!
2024-03-07 20:19:53,870 - METRIC - INFO - statipo11 loss: 0.11950519680976868 - accuracy: 0.9519230723381042
2024-03-07 20:19:53,874 - METRIC - INFO - statipo12 loss: 0.1100410670042038 - accuracy: 0.9655172228813171
2024-03-07 20:19:53,887 - METRIC - INFO - statipo13 loss: 0.15468642115592957 - accuracy: 0.9487179517745972
2024-03-07 20:19:53,914 - METRIC - INFO - statipo14 loss: 0.5564402937889099 - accuracy: 0.805084764957428
2024-03-07 20:19:53,915 - METRIC - INFO - statipo15 loss: 3.2640819549560547 - accuracy: 0.3772357702255249
2024-03-07 20:19:53,917 - METRIC - INFO - statipo21 loss: 1.315839409828186 - accuracy: 0.6539589166641235
2024-03-07 20:19:54,488 - METRIC - INFO - mean_accuracy: 0.7837396164735159

2024-03-07 20:19:54,489 - METRIC - INFO - round: 12
2024-03-07 20:19:54,489 - METRIC - INFO - n_selected: 3
2024-03-07 20:19:54,489 - METRIC - INFO - selected_trainers: statipo13 - statipo15 - statipo11
2024-03-07 20:20:00,757 - EXECUT - INFO - received weights from trainer statipo11!
2024-03-07 20:20:00,928 - EXECUT - INFO - received weights from trainer statipo13!
2024-03-07 20:20:01,227 - EXECUT - INFO - received weights from trainer statipo15!
2024-03-07 20:20:01,614 - EXECUT - INFO - sent aggregated weights to trainers!
2024-03-07 20:20:07,005 - METRIC - INFO - statipo15 loss: 0.13265801966190338 - accuracy: 0.9447154402732849
2024-03-07 20:20:07,006 - METRIC - INFO - statipo14 loss: 0.8880647420883179 - accuracy: 0.7514124512672424
2024-03-07 20:20:07,008 - METRIC - INFO - statipo21 loss: 1.8322376012802124 - accuracy: 0.5850439667701721
2024-03-07 20:20:07,034 - METRIC - INFO - statipo11 loss: 0.11661733686923981 - accuracy: 0.9519230723381042
2024-03-07 20:20:07,042 - METRIC - INFO - statipo13 loss: 0.17065349221229553 - accuracy: 0.928205132484436
2024-03-07 20:20:07,043 - METRIC - INFO - statipo12 loss: 1.6176092624664307 - accuracy: 0.5268199443817139
2024-03-07 20:20:07,621 - METRIC - INFO - mean_accuracy: 0.7813533345858256

2024-03-07 20:20:07,621 - METRIC - INFO - round: 13
2024-03-07 20:20:07,621 - METRIC - INFO - n_selected: 3
2024-03-07 20:20:07,621 - METRIC - INFO - selected_trainers: statipo13 - statipo11 - statipo12
2024-03-07 20:20:13,778 - EXECUT - INFO - received weights from trainer statipo11!
2024-03-07 20:20:13,937 - EXECUT - INFO - received weights from trainer statipo13!
2024-03-07 20:20:14,362 - EXECUT - INFO - received weights from trainer statipo12!
2024-03-07 20:20:14,711 - EXECUT - INFO - sent aggregated weights to trainers!
2024-03-07 20:20:20,103 - METRIC - INFO - statipo21 loss: 2.426060199737549 - accuracy: 0.5542522072792053
2024-03-07 20:20:20,106 - METRIC - INFO - statipo15 loss: 1.6788437366485596 - accuracy: 0.56747967004776
2024-03-07 20:20:20,107 - METRIC - INFO - statipo12 loss: 0.10929550975561142 - accuracy: 0.9578543901443481
2024-03-07 20:20:20,133 - METRIC - INFO - statipo14 loss: 0.9795904755592346 - accuracy: 0.7302259802818298
2024-03-07 20:20:20,135 - METRIC - INFO - statipo13 loss: 0.14886388182640076 - accuracy: 0.942307710647583
2024-03-07 20:20:20,135 - METRIC - INFO - statipo11 loss: 0.106483593583107 - accuracy: 0.9631410241127014
2024-03-07 20:20:20,719 - METRIC - INFO - mean_accuracy: 0.7858768304189047

2024-03-07 20:20:20,719 - METRIC - INFO - round: 14
2024-03-07 20:20:20,720 - METRIC - INFO - n_selected: 3
2024-03-07 20:20:20,720 - METRIC - INFO - selected_trainers: statipo13 - statipo11 - statipo21
2024-03-07 20:20:26,969 - EXECUT - INFO - received weights from trainer statipo21!
2024-03-07 20:20:27,073 - EXECUT - INFO - received weights from trainer statipo13!
2024-03-07 20:20:27,474 - EXECUT - INFO - received weights from trainer statipo11!
2024-03-07 20:20:27,812 - EXECUT - INFO - sent aggregated weights to trainers!
2024-03-07 20:20:33,207 - METRIC - INFO - statipo11 loss: 0.07209597527980804 - accuracy: 0.9759615659713745
2024-03-07 20:20:33,214 - METRIC - INFO - statipo12 loss: 1.509254813194275 - accuracy: 0.5747126340866089
2024-03-07 20:20:33,221 - METRIC - INFO - statipo13 loss: 0.19982297718524933 - accuracy: 0.8999999761581421
2024-03-07 20:20:33,223 - METRIC - INFO - statipo21 loss: 0.18200822174549103 - accuracy: 0.929618775844574
2024-03-07 20:20:33,238 - METRIC - INFO - statipo15 loss: 2.924403429031372 - accuracy: 0.43414634466171265
2024-03-07 20:20:33,241 - METRIC - INFO - statipo14 loss: 1.2214964628219604 - accuracy: 0.6836158037185669
2024-03-07 20:20:33,820 - METRIC - INFO - mean_accuracy: 0.7496758500734965

2024-03-07 20:20:33,820 - METRIC - INFO - round: 15
2024-03-07 20:20:33,821 - METRIC - INFO - n_selected: 3
2024-03-07 20:20:33,821 - METRIC - INFO - selected_trainers: statipo14 - statipo15 - statipo11
2024-03-07 20:20:40,001 - EXECUT - INFO - received weights from trainer statipo15!
2024-03-07 20:20:40,054 - EXECUT - INFO - received weights from trainer statipo11!
2024-03-07 20:20:40,106 - EXECUT - INFO - received weights from trainer statipo14!
2024-03-07 20:20:40,912 - EXECUT - INFO - sent aggregated weights to trainers!
2024-03-07 20:20:46,303 - METRIC - INFO - statipo14 loss: 0.07193709909915924 - accuracy: 0.9717513918876648
2024-03-07 20:20:46,308 - METRIC - INFO - statipo21 loss: 1.545857310295105 - accuracy: 0.6539589166641235
2024-03-07 20:20:46,312 - METRIC - INFO - statipo13 loss: 0.3253609538078308 - accuracy: 0.8474358916282654
2024-03-07 20:20:46,332 - METRIC - INFO - statipo15 loss: 0.1469457596540451 - accuracy: 0.9479674696922302
2024-03-07 20:20:46,335 - METRIC - INFO - statipo11 loss: 0.08722388744354248 - accuracy: 0.9679487347602844
2024-03-07 20:20:46,338 - METRIC - INFO - statipo12 loss: 2.803270101547241 - accuracy: 0.45785441994667053
2024-03-07 20:20:46,919 - METRIC - INFO - mean_accuracy: 0.8078194707632065

2024-03-07 20:20:46,919 - METRIC - INFO - round: 16
2024-03-07 20:20:46,920 - METRIC - INFO - n_selected: 3
2024-03-07 20:20:46,920 - METRIC - INFO - selected_trainers: statipo12 - statipo15 - statipo11
2024-03-07 20:20:53,102 - EXECUT - INFO - received weights from trainer statipo12!
2024-03-07 20:20:53,180 - EXECUT - INFO - received weights from trainer statipo11!
2024-03-07 20:20:53,722 - EXECUT - INFO - received weights from trainer statipo15!
2024-03-07 20:20:54,011 - EXECUT - INFO - sent aggregated weights to trainers!
2024-03-07 20:20:59,404 - METRIC - INFO - statipo15 loss: 0.12535563111305237 - accuracy: 0.9577235579490662
2024-03-07 20:20:59,407 - METRIC - INFO - statipo21 loss: 2.52182674407959 - accuracy: 0.6041055917739868
2024-03-07 20:20:59,412 - METRIC - INFO - statipo14 loss: 0.42007169127464294 - accuracy: 0.8276836276054382
2024-03-07 20:20:59,433 - METRIC - INFO - statipo11 loss: 0.07041347771883011 - accuracy: 0.9743589758872986
2024-03-07 20:20:59,436 - METRIC - INFO - statipo12 loss: 0.07498307526111603 - accuracy: 0.975095808506012
2024-03-07 20:20:59,437 - METRIC - INFO - statipo13 loss: 0.7500603795051575 - accuracy: 0.7474358677864075
2024-03-07 20:21:00,019 - METRIC - INFO - mean_accuracy: 0.8477339049180349

2024-03-07 20:21:00,019 - METRIC - INFO - round: 17
2024-03-07 20:21:00,020 - METRIC - INFO - n_selected: 3
2024-03-07 20:21:00,020 - METRIC - INFO - selected_trainers: statipo21 - statipo15 - statipo11
2024-03-07 20:21:06,205 - EXECUT - INFO - received weights from trainer statipo11!
2024-03-07 20:21:06,258 - EXECUT - INFO - received weights from trainer statipo15!
2024-03-07 20:21:06,310 - EXECUT - INFO - received weights from trainer statipo21!
2024-03-07 20:21:07,109 - EXECUT - INFO - sent aggregated weights to trainers!
2024-03-07 20:21:12,496 - METRIC - INFO - statipo15 loss: 0.12359984964132309 - accuracy: 0.9512194991111755
2024-03-07 20:21:12,502 - METRIC - INFO - statipo11 loss: 0.06241445615887642 - accuracy: 0.9759615659713745
2024-03-07 20:21:12,509 - METRIC - INFO - statipo12 loss: 1.475661277770996 - accuracy: 0.6264367699623108
2024-03-07 20:21:12,509 - METRIC - INFO - statipo13 loss: 1.051580786705017 - accuracy: 0.6833333373069763
2024-03-07 20:21:12,530 - METRIC - INFO - statipo21 loss: 0.18141573667526245 - accuracy: 0.9384164214134216
2024-03-07 20:21:12,530 - METRIC - INFO - statipo14 loss: 0.5864772200584412 - accuracy: 0.805084764957428
2024-03-07 20:21:13,116 - METRIC - INFO - mean_accuracy: 0.8300753931204478

2024-03-07 20:21:13,116 - METRIC - INFO - round: 18
2024-03-07 20:21:13,116 - METRIC - INFO - n_selected: 3
2024-03-07 20:21:13,117 - METRIC - INFO - selected_trainers: statipo11 - statipo15 - statipo13
2024-03-07 20:21:19,350 - EXECUT - INFO - received weights from trainer statipo11!
2024-03-07 20:21:19,484 - EXECUT - INFO - received weights from trainer statipo13!
2024-03-07 20:21:19,906 - EXECUT - INFO - received weights from trainer statipo15!
2024-03-07 20:21:20,208 - EXECUT - INFO - sent aggregated weights to trainers!
2024-03-07 20:21:25,598 - METRIC - INFO - statipo21 loss: 1.4494705200195312 - accuracy: 0.6554251909255981
2024-03-07 20:21:25,605 - METRIC - INFO - statipo14 loss: 0.6190313100814819 - accuracy: 0.7980226278305054
2024-03-07 20:21:25,612 - METRIC - INFO - statipo12 loss: 2.7676286697387695 - accuracy: 0.4559386968612671
2024-03-07 20:21:25,615 - METRIC - INFO - statipo13 loss: 0.17285940051078796 - accuracy: 0.9269230961799622
2024-03-07 20:21:25,631 - METRIC - INFO - statipo15 loss: 0.10573626309633255 - accuracy: 0.9609755873680115
2024-03-07 20:21:25,635 - METRIC - INFO - statipo11 loss: 0.05802573263645172 - accuracy: 0.9807692170143127
2024-03-07 20:21:26,215 - METRIC - INFO - mean_accuracy: 0.7963424026966095

2024-03-07 20:21:26,216 - METRIC - INFO - round: 19
2024-03-07 20:21:26,216 - METRIC - INFO - n_selected: 3
2024-03-07 20:21:26,216 - METRIC - INFO - selected_trainers: statipo11 - statipo21 - statipo14
2024-03-07 20:21:32,401 - EXECUT - INFO - received weights from trainer statipo11!
2024-03-07 20:21:32,454 - EXECUT - INFO - received weights from trainer statipo21!
2024-03-07 20:21:32,920 - EXECUT - INFO - received weights from trainer statipo14!
2024-03-07 20:21:33,342 - EXECUT - INFO - sent aggregated weights to trainers!
2024-03-07 20:21:38,731 - METRIC - INFO - statipo15 loss: 0.7027550935745239 - accuracy: 0.7642276287078857
2024-03-07 20:21:38,739 - METRIC - INFO - statipo14 loss: 0.09089148044586182 - accuracy: 0.9689265489578247
2024-03-07 20:21:38,746 - METRIC - INFO - statipo13 loss: 0.5708327293395996 - accuracy: 0.7820512652397156
2024-03-07 20:21:38,765 - METRIC - INFO - statipo21 loss: 0.18868322670459747 - accuracy: 0.9281525015830994
2024-03-07 20:21:38,773 - METRIC - INFO - statipo11 loss: 0.05606112629175186 - accuracy: 0.9791666865348816
2024-03-07 20:21:38,777 - METRIC - INFO - statipo12 loss: 3.1045680046081543 - accuracy: 0.4444444477558136
2024-03-07 20:21:39,349 - METRIC - INFO - mean_accuracy: 0.8111615131298701

2024-03-07 20:21:39,350 - METRIC - INFO - round: 20
2024-03-07 20:21:39,350 - METRIC - INFO - n_selected: 3
2024-03-07 20:21:39,350 - METRIC - INFO - selected_trainers: statipo11 - statipo15 - statipo21
2024-03-07 20:21:45,532 - EXECUT - INFO - received weights from trainer statipo15!
2024-03-07 20:21:45,585 - EXECUT - INFO - received weights from trainer statipo11!
2024-03-07 20:21:46,053 - EXECUT - INFO - received weights from trainer statipo21!
2024-03-07 20:21:46,440 - EXECUT - INFO - sent aggregated weights to trainers!
2024-03-07 20:21:51,835 - METRIC - INFO - statipo14 loss: 0.32004106044769287 - accuracy: 0.8813559412956238
2024-03-07 20:21:51,835 - METRIC - INFO - statipo15 loss: 0.09825582802295685 - accuracy: 0.9658536314964294
2024-03-07 20:21:51,837 - METRIC - INFO - statipo21 loss: 0.1257857084274292 - accuracy: 0.9589442610740662
2024-03-07 20:21:51,841 - METRIC - INFO - statipo13 loss: 0.8009951114654541 - accuracy: 0.735897421836853
2024-03-07 20:21:51,865 - METRIC - INFO - statipo11 loss: 0.057832736521959305 - accuracy: 0.9823718070983887
2024-03-07 20:21:51,869 - METRIC - INFO - statipo12 loss: 3.947361469268799 - accuracy: 0.38314175605773926
2024-03-07 20:21:52,447 - METRIC - INFO - mean_accuracy: 0.8179274698098501

2024-03-07 20:21:52,448 - METRIC - INFO - round: 21
2024-03-07 20:21:52,448 - METRIC - INFO - n_selected: 3
2024-03-07 20:21:52,448 - METRIC - INFO - selected_trainers: statipo11 - statipo12 - statipo15
2024-03-07 20:21:58,605 - EXECUT - INFO - received weights from trainer statipo15!
2024-03-07 20:21:58,657 - EXECUT - INFO - received weights from trainer statipo11!
2024-03-07 20:21:59,151 - EXECUT - INFO - received weights from trainer statipo12!
2024-03-07 20:21:59,539 - EXECUT - INFO - sent aggregated weights to trainers!
2024-03-07 20:22:04,934 - METRIC - INFO - statipo21 loss: 0.9063253402709961 - accuracy: 0.7434017658233643
2024-03-07 20:22:04,937 - METRIC - INFO - statipo12 loss: 0.07647151499986649 - accuracy: 0.9789271950721741
2024-03-07 20:22:04,940 - METRIC - INFO - statipo13 loss: 1.0029747486114502 - accuracy: 0.699999988079071
2024-03-07 20:22:04,962 - METRIC - INFO - statipo15 loss: 0.08535033464431763 - accuracy: 0.9723577499389648
2024-03-07 20:22:04,964 - METRIC - INFO - statipo11 loss: 0.05487102270126343 - accuracy: 0.9775640964508057
2024-03-07 20:22:04,966 - METRIC - INFO - statipo14 loss: 0.41453254222869873 - accuracy: 0.862994372844696
2024-03-07 20:22:05,547 - METRIC - INFO - mean_accuracy: 0.8725408613681793

2024-03-07 20:22:05,547 - METRIC - INFO - round: 22
2024-03-07 20:22:05,548 - METRIC - INFO - n_selected: 3
2024-03-07 20:22:05,548 - METRIC - INFO - selected_trainers: statipo21 - statipo12 - statipo13
2024-03-07 20:22:11,625 - EXECUT - INFO - received weights from trainer statipo12!
2024-03-07 20:22:11,817 - EXECUT - INFO - received weights from trainer statipo21!
2024-03-07 20:22:11,869 - EXECUT - INFO - received weights from trainer statipo13!
2024-03-07 20:22:12,674 - EXECUT - INFO - sent aggregated weights to trainers!
2024-03-07 20:22:18,095 - METRIC - INFO - statipo21 loss: 0.17320209741592407 - accuracy: 0.9486803412437439
2024-03-07 20:22:18,096 - METRIC - INFO - statipo14 loss: 0.5024607181549072 - accuracy: 0.8389830589294434
2024-03-07 20:22:18,096 - METRIC - INFO - statipo15 loss: 0.34244149923324585 - accuracy: 0.8910568952560425
2024-03-07 20:22:18,098 - METRIC - INFO - statipo11 loss: 0.3074376583099365 - accuracy: 0.8926281929016113
2024-03-07 20:22:18,100 - METRIC - INFO - statipo13 loss: 0.39189401268959045 - accuracy: 0.8525640964508057
2024-03-07 20:22:18,100 - METRIC - INFO - statipo12 loss: 0.11148977279663086 - accuracy: 0.9712643623352051
2024-03-07 20:22:18,682 - METRIC - INFO - mean_accuracy: 0.8991961578528086

2024-03-07 20:22:18,682 - METRIC - INFO - round: 23
2024-03-07 20:22:18,682 - METRIC - INFO - n_selected: 3
2024-03-07 20:22:18,682 - METRIC - INFO - selected_trainers: statipo12 - statipo14 - statipo13
2024-03-07 20:22:24,800 - EXECUT - INFO - received weights from trainer statipo12!
2024-03-07 20:22:25,008 - EXECUT - INFO - received weights from trainer statipo14!
2024-03-07 20:22:25,060 - EXECUT - INFO - received weights from trainer statipo13!
2024-03-07 20:22:25,774 - EXECUT - INFO - sent aggregated weights to trainers!
2024-03-07 20:22:31,164 - METRIC - INFO - statipo15 loss: 1.2422102689743042 - accuracy: 0.6650406718254089
2024-03-07 20:22:31,167 - METRIC - INFO - statipo12 loss: 0.061099424958229065 - accuracy: 0.984674334526062
2024-03-07 20:22:31,173 - METRIC - INFO - statipo11 loss: 0.8417915105819702 - accuracy: 0.7708333134651184
2024-03-07 20:22:31,174 - METRIC - INFO - statipo14 loss: 0.06848075985908508 - accuracy: 0.9774011373519897
2024-03-07 20:22:31,175 - METRIC - INFO - statipo21 loss: 0.6344978213310242 - accuracy: 0.7829912304878235
2024-03-07 20:22:31,183 - METRIC - INFO - statipo13 loss: 0.12644700706005096 - accuracy: 0.9435897469520569
2024-03-07 20:22:31,780 - METRIC - INFO - mean_accuracy: 0.8540884057680765

2024-03-07 20:22:31,781 - METRIC - INFO - round: 24
2024-03-07 20:22:31,781 - METRIC - INFO - n_selected: 3
2024-03-07 20:22:31,781 - METRIC - INFO - selected_trainers: statipo21 - statipo12 - statipo15
2024-03-07 20:22:37,852 - EXECUT - INFO - received weights from trainer statipo12!
2024-03-07 20:22:37,947 - EXECUT - INFO - received weights from trainer statipo15!
2024-03-07 20:22:37,999 - EXECUT - INFO - received weights from trainer statipo21!
2024-03-07 20:22:38,869 - EXECUT - INFO - sent aggregated weights to trainers!
2024-03-07 20:22:44,260 - METRIC - INFO - statipo15 loss: 0.08815276622772217 - accuracy: 0.9723577499389648
2024-03-07 20:22:44,266 - METRIC - INFO - statipo14 loss: 0.5185322761535645 - accuracy: 0.8333333134651184
2024-03-07 20:22:44,273 - METRIC - INFO - statipo13 loss: 0.42225775122642517 - accuracy: 0.807692289352417
2024-03-07 20:22:44,290 - METRIC - INFO - statipo21 loss: 0.11228805035352707 - accuracy: 0.9486803412437439
2024-03-07 20:22:44,295 - METRIC - INFO - statipo11 loss: 1.234649896621704 - accuracy: 0.745192289352417
2024-03-07 20:22:44,298 - METRIC - INFO - statipo12 loss: 0.06935452669858932 - accuracy: 0.9712643623352051
2024-03-07 20:22:44,876 - METRIC - INFO - mean_accuracy: 0.8797533909479777

2024-03-07 20:22:44,876 - METRIC - INFO - round: 25
2024-03-07 20:22:44,876 - METRIC - INFO - n_selected: 3
2024-03-07 20:22:44,876 - METRIC - INFO - selected_trainers: statipo11 - statipo14 - statipo21
2024-03-07 20:22:51,137 - EXECUT - INFO - received weights from trainer statipo21!
2024-03-07 20:22:51,190 - EXECUT - INFO - received weights from trainer statipo14!
2024-03-07 20:22:51,615 - EXECUT - INFO - received weights from trainer statipo11!
2024-03-07 20:22:52,000 - EXECUT - INFO - sent aggregated weights to trainers!
2024-03-07 20:22:57,395 - METRIC - INFO - statipo14 loss: 0.046104442328214645 - accuracy: 0.9830508232116699
2024-03-07 20:22:57,398 - METRIC - INFO - statipo21 loss: 0.11821737885475159 - accuracy: 0.9662756323814392
2024-03-07 20:22:57,401 - METRIC - INFO - statipo13 loss: 0.6735707521438599 - accuracy: 0.7410256266593933
2024-03-07 20:22:57,407 - METRIC - INFO - statipo12 loss: 0.34607842564582825 - accuracy: 0.8908045887947083
2024-03-07 20:22:57,423 - METRIC - INFO - statipo11 loss: 0.057424794882535934 - accuracy: 0.9839743375778198
2024-03-07 20:22:57,424 - METRIC - INFO - statipo15 loss: 0.9874697327613831 - accuracy: 0.7040650248527527
2024-03-07 20:22:58,005 - METRIC - INFO - mean_accuracy: 0.8781993389129639

2024-03-07 20:22:58,006 - METRIC - INFO - round: 26
2024-03-07 20:22:58,006 - METRIC - INFO - n_selected: 3
2024-03-07 20:22:58,006 - METRIC - INFO - selected_trainers: statipo13 - statipo12 - statipo21
2024-03-07 20:23:04,098 - EXECUT - INFO - received weights from trainer statipo12!
2024-03-07 20:23:04,241 - EXECUT - INFO - received weights from trainer statipo21!
2024-03-07 20:23:04,317 - EXECUT - INFO - received weights from trainer statipo13!
2024-03-07 20:23:05,132 - EXECUT - INFO - sent aggregated weights to trainers!
2024-03-07 20:23:10,531 - METRIC - INFO - statipo21 loss: 0.153397798538208 - accuracy: 0.9384164214134216
2024-03-07 20:23:10,531 - METRIC - INFO - statipo15 loss: 1.485271692276001 - accuracy: 0.6617886424064636
2024-03-07 20:23:10,534 - METRIC - INFO - statipo14 loss: 0.19234095513820648 - accuracy: 0.9322034120559692
2024-03-07 20:23:10,535 - METRIC - INFO - statipo13 loss: 0.10845328122377396 - accuracy: 0.9538461565971375
2024-03-07 20:23:10,560 - METRIC - INFO - statipo12 loss: 0.058125440031290054 - accuracy: 0.9865900278091431
2024-03-07 20:23:10,561 - METRIC - INFO - statipo11 loss: 0.6666252613067627 - accuracy: 0.8205128312110901
2024-03-07 20:23:11,138 - METRIC - INFO - mean_accuracy: 0.8822262485822042

2024-03-07 20:23:11,138 - METRIC - INFO - round: 27
2024-03-07 20:23:11,138 - METRIC - INFO - n_selected: 3
2024-03-07 20:23:11,138 - METRIC - INFO - selected_trainers: statipo12 - statipo15 - statipo14
2024-03-07 20:23:17,212 - EXECUT - INFO - received weights from trainer statipo12!
2024-03-07 20:23:17,286 - EXECUT - INFO - received weights from trainer statipo15!
2024-03-07 20:23:17,359 - EXECUT - INFO - received weights from trainer statipo14!
2024-03-07 20:23:18,228 - EXECUT - INFO - sent aggregated weights to trainers!
2024-03-07 20:23:23,619 - METRIC - INFO - statipo21 loss: 0.3158152103424072 - accuracy: 0.8870967626571655
2024-03-07 20:23:23,628 - METRIC - INFO - statipo13 loss: 0.389635294675827 - accuracy: 0.8179486989974976
2024-03-07 20:23:23,628 - METRIC - INFO - statipo12 loss: 0.054455339908599854 - accuracy: 0.982758641242981
2024-03-07 20:23:23,649 - METRIC - INFO - statipo15 loss: 0.10943427681922913 - accuracy: 0.9626016020774841
2024-03-07 20:23:23,651 - METRIC - INFO - statipo11 loss: 1.232531189918518 - accuracy: 0.75
2024-03-07 20:23:23,654 - METRIC - INFO - statipo14 loss: 0.14311717450618744 - accuracy: 0.9604519605636597
2024-03-07 20:23:24,235 - METRIC - INFO - mean_accuracy: 0.893476277589798

2024-03-07 20:23:24,235 - METRIC - INFO - round: 28
2024-03-07 20:23:24,236 - METRIC - INFO - n_selected: 3
2024-03-07 20:23:24,236 - METRIC - INFO - selected_trainers: statipo15 - statipo21 - statipo13
2024-03-07 20:23:30,496 - EXECUT - INFO - received weights from trainer statipo15!
2024-03-07 20:23:30,557 - EXECUT - INFO - received weights from trainer statipo21!
2024-03-07 20:23:30,610 - EXECUT - INFO - received weights from trainer statipo13!
2024-03-07 20:23:31,327 - EXECUT - INFO - sent aggregated weights to trainers!
2024-03-07 20:23:36,726 - METRIC - INFO - statipo13 loss: 0.152638778090477 - accuracy: 0.9384615421295166
2024-03-07 20:23:36,728 - METRIC - INFO - statipo14 loss: 0.14169467985630035 - accuracy: 0.9406779408454895
2024-03-07 20:23:36,750 - METRIC - INFO - statipo21 loss: 0.10245653986930847 - accuracy: 0.9545454382896423
2024-03-07 20:23:36,752 - METRIC - INFO - statipo11 loss: 1.1279438734054565 - accuracy: 0.7644230723381042
2024-03-07 20:23:36,754 - METRIC - INFO - statipo12 loss: 0.343694269657135 - accuracy: 0.8831417560577393
2024-03-07 20:23:36,760 - METRIC - INFO - statipo15 loss: 0.08603120595216751 - accuracy: 0.9691057205200195
2024-03-07 20:23:37,334 - METRIC - INFO - mean_accuracy: 0.9083925783634186

2024-03-07 20:23:37,335 - METRIC - INFO - round: 29
2024-03-07 20:23:37,335 - METRIC - INFO - n_selected: 3
2024-03-07 20:23:37,335 - METRIC - INFO - selected_trainers: statipo12 - statipo11 - statipo21
2024-03-07 20:23:43,493 - EXECUT - INFO - received weights from trainer statipo11!
2024-03-07 20:23:43,546 - EXECUT - INFO - received weights from trainer statipo21!
2024-03-07 20:23:44,044 - EXECUT - INFO - received weights from trainer statipo12!
2024-03-07 20:23:44,428 - EXECUT - INFO - sent aggregated weights to trainers!
2024-03-07 20:23:49,820 - METRIC - INFO - statipo15 loss: 0.6164218783378601 - accuracy: 0.772357702255249
2024-03-07 20:23:49,830 - METRIC - INFO - statipo21 loss: 0.10320242494344711 - accuracy: 0.9589442610740662
2024-03-07 20:23:49,838 - METRIC - INFO - statipo12 loss: 0.05941876024007797 - accuracy: 0.977011501789093
2024-03-07 20:23:49,838 - METRIC - INFO - statipo14 loss: 0.257807195186615 - accuracy: 0.8940678238868713
2024-03-07 20:23:49,852 - METRIC - INFO - statipo11 loss: 0.0548444464802742 - accuracy: 0.9759615659713745
2024-03-07 20:23:49,856 - METRIC - INFO - statipo13 loss: 0.47787439823150635 - accuracy: 0.8038461804389954
2024-03-07 20:23:50,436 - METRIC - INFO - mean_accuracy: 0.8970315059026083

2024-03-07 20:23:50,437 - METRIC - INFO - round: 30
2024-03-07 20:23:50,437 - METRIC - INFO - n_selected: 3
2024-03-07 20:23:50,437 - METRIC - INFO - selected_trainers: statipo13 - statipo14 - statipo15
2024-03-07 20:23:56,610 - EXECUT - INFO - received weights from trainer statipo15!
2024-03-07 20:23:56,703 - EXECUT - INFO - received weights from trainer statipo14!
2024-03-07 20:23:56,757 - EXECUT - INFO - received weights from trainer statipo13!
2024-03-07 20:23:57,528 - EXECUT - INFO - sent aggregated weights to trainers!
2024-03-07 20:24:02,916 - METRIC - INFO - statipo11 loss: 0.6135441660881042 - accuracy: 0.8349359035491943
2024-03-07 20:24:02,923 - METRIC - INFO - statipo15 loss: 0.07092339545488358 - accuracy: 0.9772357940673828
2024-03-07 20:24:02,925 - METRIC - INFO - statipo13 loss: 0.11937946081161499 - accuracy: 0.9589743614196777
2024-03-07 20:24:02,928 - METRIC - INFO - statipo14 loss: 0.06489041447639465 - accuracy: 0.9788135886192322
2024-03-07 20:24:02,949 - METRIC - INFO - statipo21 loss: 0.3562031090259552 - accuracy: 0.8695014715194702
2024-03-07 20:24:02,958 - METRIC - INFO - statipo12 loss: 0.4261796772480011 - accuracy: 0.8754789233207703
2024-03-07 20:24:03,535 - METRIC - INFO - mean_accuracy: 0.9158233404159546

2024-03-07 20:24:03,535 - METRIC - INFO - round: 31
2024-03-07 20:24:03,536 - METRIC - INFO - n_selected: 3
2024-03-07 20:24:03,536 - METRIC - INFO - selected_trainers: statipo15 - statipo14 - statipo12
2024-03-07 20:24:09,619 - EXECUT - INFO - received weights from trainer statipo12!
2024-03-07 20:24:09,697 - EXECUT - INFO - received weights from trainer statipo15!
2024-03-07 20:24:09,788 - EXECUT - INFO - received weights from trainer statipo14!
2024-03-07 20:24:10,627 - EXECUT - INFO - sent aggregated weights to trainers!
2024-03-07 20:24:16,024 - METRIC - INFO - statipo12 loss: 0.04512546956539154 - accuracy: 0.9885057210922241
2024-03-07 20:24:16,029 - METRIC - INFO - statipo21 loss: 0.397594690322876 - accuracy: 0.8621701002120972
2024-03-07 20:24:16,032 - METRIC - INFO - statipo14 loss: 0.0492861308157444 - accuracy: 0.9816384315490723
2024-03-07 20:24:16,048 - METRIC - INFO - statipo15 loss: 0.2740485966205597 - accuracy: 0.9203252196311951
2024-03-07 20:24:16,051 - METRIC - INFO - statipo13 loss: 0.4360063076019287 - accuracy: 0.821794867515564
2024-03-07 20:24:16,052 - METRIC - INFO - statipo11 loss: 0.7433448433876038 - accuracy: 0.807692289352417
2024-03-07 20:24:16,635 - METRIC - INFO - mean_accuracy: 0.897021104892095

2024-03-07 20:24:16,635 - METRIC - INFO - round: 32
2024-03-07 20:24:16,635 - METRIC - INFO - n_selected: 3
2024-03-07 20:24:16,636 - METRIC - INFO - selected_trainers: statipo11 - statipo15 - statipo21
2024-03-07 20:24:22,848 - EXECUT - INFO - received weights from trainer statipo11!
2024-03-07 20:24:22,897 - EXECUT - INFO - received weights from trainer statipo15!
2024-03-07 20:24:22,950 - EXECUT - INFO - received weights from trainer statipo21!
2024-03-07 20:24:23,725 - EXECUT - INFO - sent aggregated weights to trainers!
2024-03-07 20:24:29,119 - METRIC - INFO - statipo12 loss: 0.29696568846702576 - accuracy: 0.9214559197425842
2024-03-07 20:24:29,122 - METRIC - INFO - statipo21 loss: 0.12286080420017242 - accuracy: 0.9618768095970154
2024-03-07 20:24:29,127 - METRIC - INFO - statipo13 loss: 0.8102582097053528 - accuracy: 0.7461538314819336
2024-03-07 20:24:29,147 - METRIC - INFO - statipo15 loss: 0.21937157213687897 - accuracy: 0.9479674696922302
2024-03-07 20:24:29,148 - METRIC - INFO - statipo11 loss: 0.05293659120798111 - accuracy: 0.9791666865348816
2024-03-07 20:24:29,150 - METRIC - INFO - statipo14 loss: 0.11178015917539597 - accuracy: 0.9632768630981445
2024-03-07 20:24:29,732 - METRIC - INFO - mean_accuracy: 0.919982930024465

2024-03-07 20:24:29,733 - METRIC - INFO - round: 33
2024-03-07 20:24:29,733 - METRIC - INFO - n_selected: 3
2024-03-07 20:24:29,733 - METRIC - INFO - selected_trainers: statipo12 - statipo14 - statipo21
2024-03-07 20:24:35,824 - EXECUT - INFO - received weights from trainer statipo12!
2024-03-07 20:24:36,004 - EXECUT - INFO - received weights from trainer statipo14!
2024-03-07 20:24:36,441 - EXECUT - INFO - received weights from trainer statipo21!
2024-03-07 20:24:36,824 - EXECUT - INFO - sent aggregated weights to trainers!
2024-03-07 20:24:42,218 - METRIC - INFO - statipo12 loss: 0.05739113688468933 - accuracy: 0.982758641242981
2024-03-07 20:24:42,219 - METRIC - INFO - statipo11 loss: 0.46005693078041077 - accuracy: 0.870192289352417
2024-03-07 20:24:42,225 - METRIC - INFO - statipo13 loss: 0.957953691482544 - accuracy: 0.7397435903549194
2024-03-07 20:24:42,246 - METRIC - INFO - statipo21 loss: 0.11563532054424286 - accuracy: 0.96334308385849
2024-03-07 20:24:42,246 - METRIC - INFO - statipo14 loss: 0.05381007492542267 - accuracy: 0.9844632744789124
2024-03-07 20:24:42,247 - METRIC - INFO - statipo15 loss: 0.5507749915122986 - accuracy: 0.8504065275192261
2024-03-07 20:24:42,831 - METRIC - INFO - mean_accuracy: 0.8984845678011576

2024-03-07 20:24:42,831 - METRIC - INFO - round: 34
2024-03-07 20:24:42,832 - METRIC - INFO - n_selected: 3
2024-03-07 20:24:42,832 - METRIC - INFO - selected_trainers: statipo13 - statipo14 - statipo21
2024-03-07 20:24:49,115 - EXECUT - INFO - received weights from trainer statipo14!
2024-03-07 20:24:49,164 - EXECUT - INFO - received weights from trainer statipo13!
2024-03-07 20:24:49,576 - EXECUT - INFO - received weights from trainer statipo21!
2024-03-07 20:24:49,923 - EXECUT - INFO - sent aggregated weights to trainers!
2024-03-07 20:24:55,314 - METRIC - INFO - statipo12 loss: 0.3913952708244324 - accuracy: 0.8888888955116272
2024-03-07 20:24:55,315 - METRIC - INFO - statipo15 loss: 1.0124233961105347 - accuracy: 0.7414634227752686
2024-03-07 20:24:55,325 - METRIC - INFO - statipo13 loss: 0.09288529306650162 - accuracy: 0.9666666388511658
2024-03-07 20:24:55,344 - METRIC - INFO - statipo14 loss: 0.04318489506840706 - accuracy: 0.9844632744789124
2024-03-07 20:24:55,344 - METRIC - INFO - statipo11 loss: 0.938249945640564 - accuracy: 0.7756410241127014
2024-03-07 20:24:55,350 - METRIC - INFO - statipo21 loss: 0.08634628355503082 - accuracy: 0.9662756323814392
2024-03-07 20:24:55,929 - METRIC - INFO - mean_accuracy: 0.887233148018519

2024-03-07 20:24:55,930 - METRIC - INFO - round: 35
2024-03-07 20:24:55,930 - METRIC - INFO - n_selected: 3
2024-03-07 20:24:55,930 - METRIC - INFO - selected_trainers: statipo14 - statipo12 - statipo11
2024-03-07 20:25:02,007 - EXECUT - INFO - received weights from trainer statipo12!
2024-03-07 20:25:02,191 - EXECUT - INFO - received weights from trainer statipo14!
2024-03-07 20:25:02,630 - EXECUT - INFO - received weights from trainer statipo11!
2024-03-07 20:25:03,057 - EXECUT - INFO - sent aggregated weights to trainers!
2024-03-07 20:25:08,448 - METRIC - INFO - statipo12 loss: 0.04378536343574524 - accuracy: 0.9865900278091431
2024-03-07 20:25:08,453 - METRIC - INFO - statipo14 loss: 0.057704515755176544 - accuracy: 0.9802259802818298
2024-03-07 20:25:08,484 - METRIC - INFO - statipo21 loss: 0.18230316042900085 - accuracy: 0.9281525015830994
2024-03-07 20:25:08,486 - METRIC - INFO - statipo15 loss: 1.4781506061553955 - accuracy: 0.6780487895011902
2024-03-07 20:25:08,487 - METRIC - INFO - statipo13 loss: 0.4352262020111084 - accuracy: 0.8179486989974976
2024-03-07 20:25:08,489 - METRIC - INFO - statipo11 loss: 0.060773782432079315 - accuracy: 0.9775640964508057
2024-03-07 20:25:09,064 - METRIC - INFO - mean_accuracy: 0.8947550157705942

2024-03-07 20:25:09,064 - METRIC - INFO - round: 36
2024-03-07 20:25:09,065 - METRIC - INFO - n_selected: 3
2024-03-07 20:25:09,065 - METRIC - INFO - selected_trainers: statipo21 - statipo12 - statipo14
2024-03-07 20:25:15,128 - EXECUT - INFO - received weights from trainer statipo12!
2024-03-07 20:25:15,315 - EXECUT - INFO - received weights from trainer statipo21!
2024-03-07 20:25:15,364 - EXECUT - INFO - received weights from trainer statipo14!
2024-03-07 20:25:16,156 - EXECUT - INFO - sent aggregated weights to trainers!
2024-03-07 20:25:21,548 - METRIC - INFO - statipo15 loss: 1.2449723482131958 - accuracy: 0.7268292903900146
2024-03-07 20:25:21,548 - METRIC - INFO - statipo11 loss: 0.49686530232429504 - accuracy: 0.875
2024-03-07 20:25:21,552 - METRIC - INFO - statipo14 loss: 0.046972986310720444 - accuracy: 0.9872881174087524
2024-03-07 20:25:21,556 - METRIC - INFO - statipo12 loss: 0.04459789767861366 - accuracy: 0.9885057210922241
2024-03-07 20:25:21,556 - METRIC - INFO - statipo13 loss: 0.7600392699241638 - accuracy: 0.75
2024-03-07 20:25:21,577 - METRIC - INFO - statipo21 loss: 0.09503660351037979 - accuracy: 0.9648093581199646
2024-03-07 20:25:22,163 - METRIC - INFO - mean_accuracy: 0.8820720811684927

2024-03-07 20:25:22,164 - METRIC - INFO - round: 37
2024-03-07 20:25:22,164 - METRIC - INFO - n_selected: 3
2024-03-07 20:25:22,164 - METRIC - INFO - selected_trainers: statipo14 - statipo21 - statipo15
2024-03-07 20:25:28,383 - EXECUT - INFO - received weights from trainer statipo15!
2024-03-07 20:25:28,432 - EXECUT - INFO - received weights from trainer statipo21!
2024-03-07 20:25:28,909 - EXECUT - INFO - received weights from trainer statipo14!
2024-03-07 20:25:29,256 - EXECUT - INFO - sent aggregated weights to trainers!
2024-03-07 20:25:34,650 - METRIC - INFO - statipo14 loss: 0.054564811289310455 - accuracy: 0.9759886860847473
2024-03-07 20:25:34,651 - METRIC - INFO - statipo12 loss: 0.30114805698394775 - accuracy: 0.9099617004394531
2024-03-07 20:25:34,656 - METRIC - INFO - statipo21 loss: 0.08460544049739838 - accuracy: 0.9692082405090332
2024-03-07 20:25:34,658 - METRIC - INFO - statipo13 loss: 0.8847679495811462 - accuracy: 0.7051281929016113
2024-03-07 20:25:34,677 - METRIC - INFO - statipo15 loss: 0.0827399343252182 - accuracy: 0.9658536314964294
2024-03-07 20:25:34,678 - METRIC - INFO - statipo11 loss: 0.877201497554779 - accuracy: 0.8060897588729858
2024-03-07 20:25:35,262 - METRIC - INFO - mean_accuracy: 0.8887050350507101

2024-03-07 20:25:35,262 - METRIC - INFO - round: 38
2024-03-07 20:25:35,263 - METRIC - INFO - n_selected: 3
2024-03-07 20:25:35,263 - METRIC - INFO - selected_trainers: statipo15 - statipo11 - statipo14
2024-03-07 20:25:41,442 - EXECUT - INFO - received weights from trainer statipo15!
2024-03-07 20:25:41,491 - EXECUT - INFO - received weights from trainer statipo11!
2024-03-07 20:25:41,543 - EXECUT - INFO - received weights from trainer statipo14!
2024-03-07 20:25:42,391 - EXECUT - INFO - sent aggregated weights to trainers!
2024-03-07 20:25:47,780 - METRIC - INFO - statipo11 loss: 0.061797063797712326 - accuracy: 0.9791666865348816
2024-03-07 20:25:47,787 - METRIC - INFO - statipo21 loss: 0.18767796456813812 - accuracy: 0.9310850501060486
2024-03-07 20:25:47,790 - METRIC - INFO - statipo14 loss: 0.08945829421281815 - accuracy: 0.9618644118309021
2024-03-07 20:25:47,791 - METRIC - INFO - statipo12 loss: 0.5042942762374878 - accuracy: 0.8563218116760254
2024-03-07 20:25:47,812 - METRIC - INFO - statipo15 loss: 0.08632747828960419 - accuracy: 0.9658536314964294
2024-03-07 20:25:47,818 - METRIC - INFO - statipo13 loss: 1.1331313848495483 - accuracy: 0.6897435784339905
2024-03-07 20:25:48,398 - METRIC - INFO - mean_accuracy: 0.8973391950130463

2024-03-07 20:25:48,399 - METRIC - INFO - round: 39
2024-03-07 20:25:48,399 - METRIC - INFO - n_selected: 3
2024-03-07 20:25:48,399 - METRIC - INFO - selected_trainers: statipo11 - statipo13 - statipo15
2024-03-07 20:25:54,716 - EXECUT - INFO - received weights from trainer statipo13!
2024-03-07 20:25:55,104 - EXECUT - INFO - received weights from trainer statipo11!
2024-03-07 20:25:55,153 - EXECUT - INFO - received weights from trainer statipo15!
2024-03-07 20:25:55,492 - EXECUT - INFO - sent aggregated weights to trainers!
2024-03-07 20:26:00,887 - METRIC - INFO - statipo13 loss: 0.09961549192667007 - accuracy: 0.9538461565971375
2024-03-07 20:26:00,892 - METRIC - INFO - statipo11 loss: 0.05848635733127594 - accuracy: 0.9775640964508057
2024-03-07 20:26:00,913 - METRIC - INFO - statipo15 loss: 0.07132308185100555 - accuracy: 0.9756097793579102
2024-03-07 20:26:00,914 - METRIC - INFO - statipo14 loss: 0.057817474007606506 - accuracy: 0.9830508232116699
2024-03-07 20:26:00,916 - METRIC - INFO - statipo21 loss: 0.39525169134140015 - accuracy: 0.8709677457809448
2024-03-07 20:26:00,920 - METRIC - INFO - statipo12 loss: 0.9811471700668335 - accuracy: 0.7528735399246216
2024-03-07 20:26:01,498 - METRIC - INFO - mean_accuracy: 0.9189853568871816

2024-03-07 20:26:01,499 - METRIC - INFO - round: 40
2024-03-07 20:26:01,499 - METRIC - INFO - n_selected: 3
2024-03-07 20:26:01,499 - METRIC - INFO - selected_trainers: statipo15 - statipo21 - statipo14
2024-03-07 20:26:07,681 - EXECUT - INFO - received weights from trainer statipo15!
2024-03-07 20:26:07,761 - EXECUT - INFO - received weights from trainer statipo14!
2024-03-07 20:26:08,198 - EXECUT - INFO - received weights from trainer statipo21!
2024-03-07 20:26:08,589 - EXECUT - INFO - sent aggregated weights to trainers!
2024-03-07 20:26:13,978 - METRIC - INFO - statipo15 loss: 0.06883418560028076 - accuracy: 0.9772357940673828
2024-03-07 20:26:13,984 - METRIC - INFO - statipo12 loss: 0.9906924962997437 - accuracy: 0.7739463448524475
2024-03-07 20:26:13,989 - METRIC - INFO - statipo14 loss: 0.05018846318125725 - accuracy: 0.9830508232116699
2024-03-07 20:26:13,989 - METRIC - INFO - statipo13 loss: 0.541718065738678 - accuracy: 0.8141025900840759
2024-03-07 20:26:14,010 - METRIC - INFO - statipo21 loss: 0.08927236497402191 - accuracy: 0.9692082405090332
2024-03-07 20:26:14,010 - METRIC - INFO - statipo11 loss: 0.30167722702026367 - accuracy: 0.9118589758872986
2024-03-07 20:26:14,596 - METRIC - INFO - mean_accuracy: 0.904900461435318

2024-03-07 20:26:14,596 - METRIC - INFO - round: 41
2024-03-07 20:26:14,596 - METRIC - INFO - n_selected: 3
2024-03-07 20:26:14,596 - METRIC - INFO - selected_trainers: statipo14 - statipo11 - statipo15
2024-03-07 20:26:20,880 - EXECUT - INFO - received weights from trainer statipo14!
2024-03-07 20:26:21,343 - EXECUT - INFO - received weights from trainer statipo11!
2024-03-07 20:26:21,395 - EXECUT - INFO - received weights from trainer statipo15!
2024-03-07 20:26:21,694 - EXECUT - INFO - sent aggregated weights to trainers!
2024-03-07 20:26:27,088 - METRIC - INFO - statipo11 loss: 0.055426351726055145 - accuracy: 0.9775640964508057
2024-03-07 20:26:27,088 - METRIC - INFO - statipo15 loss: 0.06786087155342102 - accuracy: 0.9739837646484375
2024-03-07 20:26:27,090 - METRIC - INFO - statipo13 loss: 0.7074537873268127 - accuracy: 0.785897433757782
2024-03-07 20:26:27,094 - METRIC - INFO - statipo14 loss: 0.05804784595966339 - accuracy: 0.9802259802818298
2024-03-07 20:26:27,115 - METRIC - INFO - statipo21 loss: 0.2808700501918793 - accuracy: 0.9061583280563354
2024-03-07 20:26:27,121 - METRIC - INFO - statipo12 loss: 1.0852032899856567 - accuracy: 0.7528735399246216
2024-03-07 20:26:27,701 - METRIC - INFO - mean_accuracy: 0.8961171905199686

2024-03-07 20:26:27,701 - METRIC - INFO - round: 42
2024-03-07 20:26:27,701 - METRIC - INFO - n_selected: 3
2024-03-07 20:26:27,701 - METRIC - INFO - selected_trainers: statipo13 - statipo12 - statipo11
2024-03-07 20:26:33,784 - EXECUT - INFO - received weights from trainer statipo12!
2024-03-07 20:26:33,883 - EXECUT - INFO - received weights from trainer statipo11!
2024-03-07 20:26:34,031 - EXECUT - INFO - received weights from trainer statipo13!
2024-03-07 20:26:34,791 - EXECUT - INFO - sent aggregated weights to trainers!
2024-03-07 20:26:40,181 - METRIC - INFO - statipo21 loss: 0.47588327527046204 - accuracy: 0.8519061803817749
2024-03-07 20:26:40,183 - METRIC - INFO - statipo12 loss: 0.05435656011104584 - accuracy: 0.9808428883552551
2024-03-07 20:26:40,185 - METRIC - INFO - statipo11 loss: 0.05232757702469826 - accuracy: 0.9823718070983887
2024-03-07 20:26:40,191 - METRIC - INFO - statipo13 loss: 0.10252111405134201 - accuracy: 0.9615384340286255
2024-03-07 20:26:40,213 - METRIC - INFO - statipo15 loss: 0.16533081233501434 - accuracy: 0.9560975432395935
2024-03-07 20:26:40,216 - METRIC - INFO - statipo14 loss: 0.06345312297344208 - accuracy: 0.9759886860847473
2024-03-07 20:26:40,798 - METRIC - INFO - mean_accuracy: 0.9514575898647308

2024-03-07 20:26:40,798 - METRIC - INFO - round: 43
2024-03-07 20:26:40,798 - METRIC - INFO - n_selected: 3
2024-03-07 20:26:40,798 - METRIC - INFO - selected_trainers: statipo12 - statipo13 - statipo21
2024-03-07 20:26:46,880 - EXECUT - INFO - received weights from trainer statipo12!
2024-03-07 20:26:47,073 - EXECUT - INFO - received weights from trainer statipo21!
2024-03-07 20:26:47,125 - EXECUT - INFO - received weights from trainer statipo13!
2024-03-07 20:26:47,890 - EXECUT - INFO - sent aggregated weights to trainers!
2024-03-07 20:26:53,281 - METRIC - INFO - statipo21 loss: 0.09735078364610672 - accuracy: 0.9765396118164062
2024-03-07 20:26:53,283 - METRIC - INFO - statipo15 loss: 0.2883843779563904 - accuracy: 0.9203252196311951
2024-03-07 20:26:53,287 - METRIC - INFO - statipo12 loss: 0.045216549187898636 - accuracy: 0.982758641242981
2024-03-07 20:26:53,312 - METRIC - INFO - statipo11 loss: 0.2857489585876465 - accuracy: 0.9214743375778198
2024-03-07 20:26:53,314 - METRIC - INFO - statipo14 loss: 0.1742521971464157 - accuracy: 0.9435028433799744
2024-03-07 20:26:53,318 - METRIC - INFO - statipo13 loss: 0.13972081243991852 - accuracy: 0.9410256147384644
2024-03-07 20:26:53,897 - METRIC - INFO - mean_accuracy: 0.9476043780644735

2024-03-07 20:26:53,897 - METRIC - INFO - round: 44
2024-03-07 20:26:53,897 - METRIC - INFO - n_selected: 3
2024-03-07 20:26:53,897 - METRIC - INFO - selected_trainers: statipo12 - statipo13 - statipo15
2024-03-07 20:26:59,977 - EXECUT - INFO - received weights from trainer statipo12!
2024-03-07 20:27:00,108 - EXECUT - INFO - received weights from trainer statipo15!
2024-03-07 20:27:00,191 - EXECUT - INFO - received weights from trainer statipo13!
2024-03-07 20:27:00,988 - EXECUT - INFO - sent aggregated weights to trainers!
2024-03-07 20:27:06,377 - METRIC - INFO - statipo15 loss: 0.06006057932972908 - accuracy: 0.9804878234863281
2024-03-07 20:27:06,380 - METRIC - INFO - statipo12 loss: 0.0460934117436409 - accuracy: 0.9865900278091431
2024-03-07 20:27:06,382 - METRIC - INFO - statipo14 loss: 0.32467716932296753 - accuracy: 0.8968926668167114
2024-03-07 20:27:06,386 - METRIC - INFO - statipo11 loss: 0.5276801586151123 - accuracy: 0.875
2024-03-07 20:27:06,387 - METRIC - INFO - statipo13 loss: 0.09599155187606812 - accuracy: 0.9615384340286255
2024-03-07 20:27:06,414 - METRIC - INFO - statipo21 loss: 0.2537596523761749 - accuracy: 0.8988269567489624
2024-03-07 20:27:06,995 - METRIC - INFO - mean_accuracy: 0.9332226514816284

2024-03-07 20:27:06,996 - METRIC - INFO - round: 45
2024-03-07 20:27:06,996 - METRIC - INFO - n_selected: 3
2024-03-07 20:27:06,996 - METRIC - INFO - selected_trainers: statipo21 - statipo15 - statipo12
2024-03-07 20:27:13,066 - EXECUT - INFO - received weights from trainer statipo12!
2024-03-07 20:27:13,146 - EXECUT - INFO - received weights from trainer statipo15!
2024-03-07 20:27:13,207 - EXECUT - INFO - received weights from trainer statipo21!
2024-03-07 20:27:14,088 - EXECUT - INFO - sent aggregated weights to trainers!
2024-03-07 20:27:19,477 - METRIC - INFO - statipo21 loss: 0.08809966593980789 - accuracy: 0.9706745147705078
2024-03-07 20:27:19,481 - METRIC - INFO - statipo14 loss: 0.4226008355617523 - accuracy: 0.8813559412956238
2024-03-07 20:27:19,483 - METRIC - INFO - statipo11 loss: 0.6086040139198303 - accuracy: 0.8557692170143127
2024-03-07 20:27:19,487 - METRIC - INFO - statipo12 loss: 0.04111965745687485 - accuracy: 0.982758641242981
2024-03-07 20:27:19,496 - METRIC - INFO - statipo13 loss: 0.17801274359226227 - accuracy: 0.9141025543212891
2024-03-07 20:27:19,509 - METRIC - INFO - statipo15 loss: 0.07668449729681015 - accuracy: 0.9739837646484375
2024-03-07 20:27:20,094 - METRIC - INFO - mean_accuracy: 0.9297741055488586

2024-03-07 20:27:20,095 - METRIC - INFO - round: 46
2024-03-07 20:27:20,095 - METRIC - INFO - n_selected: 3
2024-03-07 20:27:20,095 - METRIC - INFO - selected_trainers: statipo13 - statipo21 - statipo11
2024-03-07 20:27:26,335 - EXECUT - INFO - received weights from trainer statipo21!
2024-03-07 20:27:26,384 - EXECUT - INFO - received weights from trainer statipo11!
2024-03-07 20:27:26,455 - EXECUT - INFO - received weights from trainer statipo13!
2024-03-07 20:27:27,185 - EXECUT - INFO - sent aggregated weights to trainers!
2024-03-07 20:27:32,577 - METRIC - INFO - statipo15 loss: 0.23801995813846588 - accuracy: 0.934959352016449
2024-03-07 20:27:32,581 - METRIC - INFO - statipo12 loss: 0.12087122350931168 - accuracy: 0.967432975769043
2024-03-07 20:27:32,586 - METRIC - INFO - statipo14 loss: 0.38753917813301086 - accuracy: 0.8855932354927063
2024-03-07 20:27:32,586 - METRIC - INFO - statipo11 loss: 0.053557995706796646 - accuracy: 0.9791666865348816
2024-03-07 20:27:32,597 - METRIC - INFO - statipo21 loss: 0.12075238674879074 - accuracy: 0.9545454382896423
2024-03-07 20:27:32,612 - METRIC - INFO - statipo13 loss: 0.083020880818367 - accuracy: 0.9653846025466919
2024-03-07 20:27:33,192 - METRIC - INFO - mean_accuracy: 0.947847048441569

2024-03-07 20:27:33,193 - METRIC - INFO - round: 47
2024-03-07 20:27:33,193 - METRIC - INFO - n_selected: 3
2024-03-07 20:27:33,193 - METRIC - INFO - selected_trainers: statipo11 - statipo14 - statipo21
2024-03-07 20:27:39,436 - EXECUT - INFO - received weights from trainer statipo21!
2024-03-07 20:27:39,489 - EXECUT - INFO - received weights from trainer statipo14!
2024-03-07 20:27:39,898 - EXECUT - INFO - received weights from trainer statipo11!
2024-03-07 20:27:40,283 - EXECUT - INFO - sent aggregated weights to trainers!
2024-03-07 20:27:45,679 - METRIC - INFO - statipo12 loss: 0.23896241188049316 - accuracy: 0.9195402264595032
2024-03-07 20:27:45,681 - METRIC - INFO - statipo14 loss: 0.09313572943210602 - accuracy: 0.9646892547607422
2024-03-07 20:27:45,683 - METRIC - INFO - statipo21 loss: 0.08838360756635666 - accuracy: 0.9662756323814392
2024-03-07 20:27:45,690 - METRIC - INFO - statipo13 loss: 0.18428945541381836 - accuracy: 0.9153845906257629
2024-03-07 20:27:45,705 - METRIC - INFO - statipo11 loss: 0.05509704351425171 - accuracy: 0.9823718070983887
2024-03-07 20:27:45,710 - METRIC - INFO - statipo15 loss: 0.36684247851371765 - accuracy: 0.8910568952560425
2024-03-07 20:27:46,290 - METRIC - INFO - mean_accuracy: 0.9398864010969797

2024-03-07 20:27:46,291 - METRIC - INFO - round: 48
2024-03-07 20:27:46,291 - METRIC - INFO - n_selected: 3
2024-03-07 20:27:46,291 - METRIC - INFO - selected_trainers: statipo21 - statipo11 - statipo14
2024-03-07 20:27:52,536 - EXECUT - INFO - received weights from trainer statipo21!
2024-03-07 20:27:52,588 - EXECUT - INFO - received weights from trainer statipo14!
2024-03-07 20:27:52,999 - EXECUT - INFO - received weights from trainer statipo11!
2024-03-07 20:27:53,419 - EXECUT - INFO - sent aggregated weights to trainers!
2024-03-07 20:27:58,815 - METRIC - INFO - statipo15 loss: 0.4616476893424988 - accuracy: 0.8715447187423706
2024-03-07 20:27:58,817 - METRIC - INFO - statipo13 loss: 0.2949475347995758 - accuracy: 0.8628205060958862
2024-03-07 20:27:58,821 - METRIC - INFO - statipo14 loss: 0.056908704340457916 - accuracy: 0.9816384315490723
2024-03-07 20:27:58,839 - METRIC - INFO - statipo11 loss: 0.048131417483091354 - accuracy: 0.9791666865348816
2024-03-07 20:27:58,840 - METRIC - INFO - statipo21 loss: 0.08471737056970596 - accuracy: 0.9677419066429138
2024-03-07 20:27:58,847 - METRIC - INFO - statipo12 loss: 0.5356365442276001 - accuracy: 0.8620689511299133
2024-03-07 20:27:59,425 - METRIC - INFO - mean_accuracy: 0.9208302001158396

2024-03-07 20:27:59,426 - METRIC - INFO - round: 49
2024-03-07 20:27:59,426 - METRIC - INFO - n_selected: 3
2024-03-07 20:27:59,426 - METRIC - INFO - selected_trainers: statipo21 - statipo14 - statipo13
2024-03-07 20:28:05,682 - EXECUT - INFO - received weights from trainer statipo21!
2024-03-07 20:28:05,735 - EXECUT - INFO - received weights from trainer statipo14!
2024-03-07 20:28:05,787 - EXECUT - INFO - received weights from trainer statipo13!
2024-03-07 20:28:06,514 - EXECUT - INFO - sent aggregated weights to trainers!
2024-03-07 20:28:11,912 - METRIC - INFO - statipo14 loss: 0.04536309093236923 - accuracy: 0.9858757257461548
2024-03-07 20:28:11,912 - METRIC - INFO - statipo21 loss: 0.08517825603485107 - accuracy: 0.9677419066429138
2024-03-07 20:28:11,914 - METRIC - INFO - statipo12 loss: 0.7768768072128296 - accuracy: 0.8180076479911804
2024-03-07 20:28:11,918 - METRIC - INFO - statipo11 loss: 0.2874770164489746 - accuracy: 0.9230769276618958
2024-03-07 20:28:11,919 - METRIC - INFO - statipo13 loss: 0.07855727523565292 - accuracy: 0.9679487347602844
2024-03-07 20:28:11,936 - METRIC - INFO - statipo15 loss: 0.5996530652046204 - accuracy: 0.8243902325630188
2024-03-07 20:28:12,522 - METRIC - INFO - mean_accuracy: 0.914506862560908

2024-03-07 20:28:12,522 - METRIC - INFO - round: 50
2024-03-07 20:28:12,523 - METRIC - INFO - n_selected: 3
2024-03-07 20:28:12,523 - METRIC - INFO - selected_trainers: statipo13 - statipo12 - statipo21
2024-03-07 20:28:18,737 - EXECUT - INFO - received weights from trainer statipo21!
2024-03-07 20:28:18,827 - EXECUT - INFO - received weights from trainer statipo13!
2024-03-07 20:28:19,233 - EXECUT - INFO - received weights from trainer statipo12!
2024-03-07 20:28:19,615 - EXECUT - INFO - sent aggregated weights to trainers!
2024-03-07 20:28:25,007 - METRIC - INFO - statipo12 loss: 0.08013147860765457 - accuracy: 0.975095808506012
2024-03-07 20:28:25,013 - METRIC - INFO - statipo15 loss: 0.7281777262687683 - accuracy: 0.777235746383667
2024-03-07 20:28:25,013 - METRIC - INFO - statipo14 loss: 0.10403573513031006 - accuracy: 0.9675140976905823
2024-03-07 20:28:25,022 - METRIC - INFO - statipo13 loss: 0.07379407435655594 - accuracy: 0.9666666388511658
2024-03-07 20:28:25,037 - METRIC - INFO - statipo21 loss: 0.0863693580031395 - accuracy: 0.9662756323814392
2024-03-07 20:28:25,043 - METRIC - INFO - statipo11 loss: 0.41623449325561523 - accuracy: 0.8958333134651184
2024-03-07 20:28:25,623 - METRIC - INFO - mean_accuracy: 0.9247702062129974

2024-03-07 20:28:25,623 - METRIC - INFO - stop_condition: rounds
