2024-03-01 23:34:51,432 - EXECUT - INFO - starting server...
2024-03-01 23:34:57,439 - EXECUT - INFO - trainer number statipo15 just joined the pool
2024-03-01 23:34:57,483 - EXECUT - INFO - trainer number statipo12 just joined the pool
2024-03-01 23:34:57,483 - EXECUT - INFO - trainer number statipo11 just joined the pool
2024-03-01 23:34:57,488 - EXECUT - INFO - trainer number statipo13 just joined the pool
2024-03-01 23:34:57,535 - EXECUT - INFO - trainer number statipo21 just joined the pool
2024-03-01 23:34:57,583 - EXECUT - INFO - trainer number statipo14 just joined the pool
2024-03-01 23:34:58,439 - METRIC - INFO - round: 1
2024-03-01 23:34:58,439 - METRIC - INFO - n_selected: 3
2024-03-01 23:34:58,440 - METRIC - INFO - selected_trainers: statipo14 - statipo11 - statipo12
2024-03-01 23:34:59,797 - EXECUT - INFO - received weights from trainer statipo14!
2024-03-01 23:35:00,236 - EXECUT - INFO - received weights from trainer statipo11!
2024-03-01 23:35:00,287 - EXECUT - INFO - received weights from trainer statipo12!
2024-03-01 23:35:00,533 - EXECUT - INFO - sent aggregated weights to trainers!
2024-03-01 23:35:00,692 - METRIC - INFO - statipo21 loss: 27.44169807434082 - accuracy: 0.19501465559005737
2024-03-01 23:35:00,693 - METRIC - INFO - statipo13 loss: 21.91912841796875 - accuracy: 0.18589743971824646
2024-03-01 23:35:00,705 - METRIC - INFO - statipo11 loss: 0.11199991405010223 - accuracy: 0.9647436141967773
2024-03-01 23:35:00,708 - METRIC - INFO - statipo15 loss: 26.403053283691406 - accuracy: 0.1463414579629898
2024-03-01 23:35:00,713 - METRIC - INFO - statipo14 loss: 0.10031746327877045 - accuracy: 0.9689265489578247
2024-03-01 23:35:00,713 - METRIC - INFO - statipo12 loss: 0.16524767875671387 - accuracy: 0.9521072506904602
2024-03-01 23:35:01,535 - METRIC - INFO - mean_accuracy: 0.5688384945193926

2024-03-01 23:35:01,535 - METRIC - INFO - round: 2
2024-03-01 23:35:01,536 - METRIC - INFO - n_selected: 3
2024-03-01 23:35:01,536 - METRIC - INFO - selected_trainers: statipo11 - statipo21 - statipo15
2024-03-01 23:35:02,437 - EXECUT - INFO - received weights from trainer statipo11!
2024-03-01 23:35:02,782 - EXECUT - INFO - received weights from trainer statipo21!
2024-03-01 23:35:03,335 - EXECUT - INFO - received weights from trainer statipo15!
2024-03-01 23:35:03,661 - EXECUT - INFO - sent aggregated weights to trainers!
2024-03-01 23:35:03,797 - METRIC - INFO - statipo12 loss: 1.9703782796859741 - accuracy: 0.1704980880022049
2024-03-01 23:35:03,798 - METRIC - INFO - statipo11 loss: 0.2769835889339447 - accuracy: 0.9166666865348816
2024-03-01 23:35:03,811 - METRIC - INFO - statipo13 loss: 2.1905837059020996 - accuracy: 0.13846154510974884
2024-03-01 23:35:03,812 - METRIC - INFO - statipo21 loss: 0.3043372929096222 - accuracy: 0.8914955854415894
2024-03-01 23:35:03,814 - METRIC - INFO - statipo14 loss: 1.7881979942321777 - accuracy: 0.14406779408454895
2024-03-01 23:35:03,829 - METRIC - INFO - statipo15 loss: 0.2459651529788971 - accuracy: 0.9186992049217224
2024-03-01 23:35:04,662 - METRIC - INFO - mean_accuracy: 0.5299814840157827

2024-03-01 23:35:04,662 - METRIC - INFO - round: 3
2024-03-01 23:35:04,663 - METRIC - INFO - n_selected: 3
2024-03-01 23:35:04,663 - METRIC - INFO - selected_trainers: statipo13 - statipo12 - statipo21
2024-03-01 23:35:05,488 - EXECUT - INFO - received weights from trainer statipo12!
2024-03-01 23:35:05,637 - EXECUT - INFO - received weights from trainer statipo21!
2024-03-01 23:35:05,956 - EXECUT - INFO - received weights from trainer statipo13!
2024-03-01 23:35:06,789 - EXECUT - INFO - sent aggregated weights to trainers!
2024-03-01 23:35:06,930 - METRIC - INFO - statipo15 loss: 1.4970110654830933 - accuracy: 0.46016260981559753
2024-03-01 23:35:06,935 - METRIC - INFO - statipo11 loss: 0.9474424719810486 - accuracy: 0.6602563858032227
2024-03-01 23:35:06,941 - METRIC - INFO - statipo21 loss: 0.2236730456352234 - accuracy: 0.9266862273216248
2024-03-01 23:35:06,960 - METRIC - INFO - statipo12 loss: 0.22243689000606537 - accuracy: 0.9329501986503601
2024-03-01 23:35:06,966 - METRIC - INFO - statipo14 loss: 1.8282458782196045 - accuracy: 0.23728813230991364
2024-03-01 23:35:06,967 - METRIC - INFO - statipo13 loss: 0.4041789472103119 - accuracy: 0.8474358916282654
2024-03-01 23:35:07,791 - METRIC - INFO - mean_accuracy: 0.6774632409214973

2024-03-01 23:35:07,791 - METRIC - INFO - round: 4
2024-03-01 23:35:07,792 - METRIC - INFO - n_selected: 3
2024-03-01 23:35:07,792 - METRIC - INFO - selected_trainers: statipo21 - statipo11 - statipo14
2024-03-01 23:35:08,741 - EXECUT - INFO - received weights from trainer statipo11!
2024-03-01 23:35:08,800 - EXECUT - INFO - received weights from trainer statipo21!
2024-03-01 23:35:09,244 - EXECUT - INFO - received weights from trainer statipo14!
2024-03-01 23:35:09,886 - EXECUT - INFO - sent aggregated weights to trainers!
2024-03-01 23:35:10,032 - METRIC - INFO - statipo11 loss: 0.17695783078670502 - accuracy: 0.9487179517745972
2024-03-01 23:35:10,037 - METRIC - INFO - statipo21 loss: 0.2058066725730896 - accuracy: 0.929618775844574
2024-03-01 23:35:10,037 - METRIC - INFO - statipo13 loss: 1.3106240034103394 - accuracy: 0.4615384638309479
2024-03-01 23:35:10,041 - METRIC - INFO - statipo14 loss: 0.20635712146759033 - accuracy: 0.9322034120559692
2024-03-01 23:35:10,057 - METRIC - INFO - statipo15 loss: 4.195019245147705 - accuracy: 0.21300813555717468
2024-03-01 23:35:10,073 - METRIC - INFO - statipo12 loss: 1.5472346544265747 - accuracy: 0.3735632300376892
2024-03-01 23:35:10,890 - METRIC - INFO - mean_accuracy: 0.6431083281834921

2024-03-01 23:35:10,890 - METRIC - INFO - round: 5
2024-03-01 23:35:10,890 - METRIC - INFO - n_selected: 3
2024-03-01 23:35:10,890 - METRIC - INFO - selected_trainers: statipo14 - statipo21 - statipo13
2024-03-01 23:35:11,942 - EXECUT - INFO - received weights from trainer statipo14!
2024-03-01 23:35:11,996 - EXECUT - INFO - received weights from trainer statipo13!
2024-03-01 23:35:12,380 - EXECUT - INFO - received weights from trainer statipo21!
2024-03-01 23:35:13,022 - EXECUT - INFO - sent aggregated weights to trainers!
2024-03-01 23:35:13,167 - METRIC - INFO - statipo13 loss: 0.29984453320503235 - accuracy: 0.8807692527770996
2024-03-01 23:35:13,171 - METRIC - INFO - statipo21 loss: 0.21461157500743866 - accuracy: 0.9149560332298279
2024-03-01 23:35:13,172 - METRIC - INFO - statipo14 loss: 0.11018839478492737 - accuracy: 0.9604519605636597
2024-03-01 23:35:13,191 - METRIC - INFO - statipo15 loss: 7.8335041999816895 - accuracy: 0.19837398827075958
2024-03-01 23:35:13,194 - METRIC - INFO - statipo12 loss: 2.8814268112182617 - accuracy: 0.2777777910232544
2024-03-01 23:35:13,196 - METRIC - INFO - statipo11 loss: 1.1701488494873047 - accuracy: 0.6538461446762085
2024-03-01 23:35:14,024 - METRIC - INFO - mean_accuracy: 0.6476958617568016

2024-03-01 23:35:14,024 - METRIC - INFO - round: 6
2024-03-01 23:35:14,025 - METRIC - INFO - n_selected: 3
2024-03-01 23:35:14,025 - METRIC - INFO - selected_trainers: statipo14 - statipo13 - statipo12
2024-03-01 23:35:14,970 - EXECUT - INFO - received weights from trainer statipo12!
2024-03-01 23:35:15,138 - EXECUT - INFO - received weights from trainer statipo14!
2024-03-01 23:35:15,516 - EXECUT - INFO - received weights from trainer statipo13!
2024-03-01 23:35:16,113 - EXECUT - INFO - sent aggregated weights to trainers!
2024-03-01 23:35:16,259 - METRIC - INFO - statipo13 loss: 0.26176944375038147 - accuracy: 0.8974359035491943
2024-03-01 23:35:16,264 - METRIC - INFO - statipo14 loss: 0.08316221833229065 - accuracy: 0.9717513918876648
2024-03-01 23:35:16,283 - METRIC - INFO - statipo15 loss: 9.644917488098145 - accuracy: 0.20000000298023224
2024-03-01 23:35:16,283 - METRIC - INFO - statipo11 loss: 1.812880516052246 - accuracy: 0.5977563858032227
2024-03-01 23:35:16,287 - METRIC - INFO - statipo21 loss: 0.6453709602355957 - accuracy: 0.8005865216255188
2024-03-01 23:35:16,289 - METRIC - INFO - statipo12 loss: 0.0981697142124176 - accuracy: 0.9808428883552551
2024-03-01 23:35:17,115 - METRIC - INFO - mean_accuracy: 0.7413955157001814

2024-03-01 23:35:17,115 - METRIC - INFO - round: 7
2024-03-01 23:35:17,115 - METRIC - INFO - n_selected: 3
2024-03-01 23:35:17,115 - METRIC - INFO - selected_trainers: statipo15 - statipo12 - statipo14
2024-03-01 23:35:18,023 - EXECUT - INFO - received weights from trainer statipo15!
2024-03-01 23:35:18,099 - EXECUT - INFO - received weights from trainer statipo14!
2024-03-01 23:35:18,565 - EXECUT - INFO - received weights from trainer statipo12!
2024-03-01 23:35:19,206 - EXECUT - INFO - sent aggregated weights to trainers!
2024-03-01 23:35:19,373 - METRIC - INFO - statipo15 loss: 0.1669570356607437 - accuracy: 0.9447154402732849
2024-03-01 23:35:19,376 - METRIC - INFO - statipo11 loss: 2.5154809951782227 - accuracy: 0.557692289352417
2024-03-01 23:35:19,387 - METRIC - INFO - statipo12 loss: 0.09128842502832413 - accuracy: 0.9789271950721741
2024-03-01 23:35:19,388 - METRIC - INFO - statipo21 loss: 1.2400059700012207 - accuracy: 0.6950146555900574
2024-03-01 23:35:19,394 - METRIC - INFO - statipo13 loss: 1.19020414352417 - accuracy: 0.642307698726654
2024-03-01 23:35:19,402 - METRIC - INFO - statipo14 loss: 0.15615470707416534 - accuracy: 0.9576271176338196
2024-03-01 23:35:20,207 - METRIC - INFO - mean_accuracy: 0.7960473994414011

2024-03-01 23:35:20,207 - METRIC - INFO - round: 8
2024-03-01 23:35:20,208 - METRIC - INFO - n_selected: 3
2024-03-01 23:35:20,208 - METRIC - INFO - selected_trainers: statipo14 - statipo13 - statipo12
2024-03-01 23:35:21,224 - EXECUT - INFO - received weights from trainer statipo14!
2024-03-01 23:35:21,278 - EXECUT - INFO - received weights from trainer statipo13!
2024-03-01 23:35:21,660 - EXECUT - INFO - received weights from trainer statipo12!
2024-03-01 23:35:22,306 - EXECUT - INFO - sent aggregated weights to trainers!
2024-03-01 23:35:22,445 - METRIC - INFO - statipo15 loss: 4.553805351257324 - accuracy: 0.3219512104988098
2024-03-01 23:35:22,446 - METRIC - INFO - statipo12 loss: 0.11940572410821915 - accuracy: 0.967432975769043
2024-03-01 23:35:22,452 - METRIC - INFO - statipo14 loss: 0.15882140398025513 - accuracy: 0.9293785095214844
2024-03-01 23:35:22,456 - METRIC - INFO - statipo21 loss: 1.1018649339675903 - accuracy: 0.7228739261627197
2024-03-01 23:35:22,476 - METRIC - INFO - statipo11 loss: 2.0785632133483887 - accuracy: 0.6057692170143127
2024-03-01 23:35:22,481 - METRIC - INFO - statipo13 loss: 0.21556630730628967 - accuracy: 0.9205127954483032
2024-03-01 23:35:23,307 - METRIC - INFO - mean_accuracy: 0.7446531057357788

2024-03-01 23:35:23,307 - METRIC - INFO - round: 9
2024-03-01 23:35:23,308 - METRIC - INFO - n_selected: 3
2024-03-01 23:35:23,308 - METRIC - INFO - selected_trainers: statipo11 - statipo15 - statipo13
2024-03-01 23:35:24,262 - EXECUT - INFO - received weights from trainer statipo11!
2024-03-01 23:35:24,393 - EXECUT - INFO - received weights from trainer statipo13!
2024-03-01 23:35:24,762 - EXECUT - INFO - received weights from trainer statipo15!
2024-03-01 23:35:25,398 - EXECUT - INFO - sent aggregated weights to trainers!
2024-03-01 23:35:25,539 - METRIC - INFO - statipo12 loss: 0.7483137249946594 - accuracy: 0.7586206793785095
2024-03-01 23:35:25,543 - METRIC - INFO - statipo14 loss: 0.2529042959213257 - accuracy: 0.8940678238868713
2024-03-01 23:35:25,547 - METRIC - INFO - statipo11 loss: 0.1276710331439972 - accuracy: 0.9727563858032227
2024-03-01 23:35:25,549 - METRIC - INFO - statipo21 loss: 1.3625112771987915 - accuracy: 0.6730205416679382
2024-03-01 23:35:25,567 - METRIC - INFO - statipo15 loss: 0.16006629168987274 - accuracy: 0.934959352016449
2024-03-01 23:35:25,571 - METRIC - INFO - statipo13 loss: 0.17648617923259735 - accuracy: 0.9307692050933838
2024-03-01 23:35:26,399 - METRIC - INFO - mean_accuracy: 0.8606989979743958

2024-03-01 23:35:26,399 - METRIC - INFO - round: 10
2024-03-01 23:35:26,399 - METRIC - INFO - n_selected: 3
2024-03-01 23:35:26,399 - METRIC - INFO - selected_trainers: statipo12 - statipo11 - statipo15
2024-03-01 23:35:27,231 - EXECUT - INFO - received weights from trainer statipo12!
2024-03-01 23:35:27,320 - EXECUT - INFO - received weights from trainer statipo11!
2024-03-01 23:35:27,851 - EXECUT - INFO - received weights from trainer statipo15!
2024-03-01 23:35:28,487 - EXECUT - INFO - sent aggregated weights to trainers!
2024-03-01 23:35:28,625 - METRIC - INFO - statipo12 loss: 0.09757688641548157 - accuracy: 0.9712643623352051
2024-03-01 23:35:28,629 - METRIC - INFO - statipo11 loss: 0.11071410775184631 - accuracy: 0.9663461446762085
2024-03-01 23:35:28,632 - METRIC - INFO - statipo14 loss: 0.8171554207801819 - accuracy: 0.7387005686759949
2024-03-01 23:35:28,636 - METRIC - INFO - statipo21 loss: 1.1414685249328613 - accuracy: 0.7008797526359558
2024-03-01 23:35:28,654 - METRIC - INFO - statipo15 loss: 0.11182013899087906 - accuracy: 0.9593495726585388
2024-03-01 23:35:28,660 - METRIC - INFO - statipo13 loss: 0.8887380957603455 - accuracy: 0.6910256147384644
2024-03-01 23:35:29,488 - METRIC - INFO - mean_accuracy: 0.8379276692867279

2024-03-01 23:35:29,489 - METRIC - INFO - round: 11
2024-03-01 23:35:29,489 - METRIC - INFO - n_selected: 3
2024-03-01 23:35:29,489 - METRIC - INFO - selected_trainers: statipo11 - statipo14 - statipo12
2024-03-01 23:35:30,414 - EXECUT - INFO - received weights from trainer statipo11!
2024-03-01 23:35:30,480 - EXECUT - INFO - received weights from trainer statipo14!
2024-03-01 23:35:30,972 - EXECUT - INFO - received weights from trainer statipo12!
2024-03-01 23:35:31,577 - EXECUT - INFO - sent aggregated weights to trainers!
2024-03-01 23:35:31,723 - METRIC - INFO - statipo13 loss: 2.2765052318573 - accuracy: 0.5487179756164551
2024-03-01 23:35:31,724 - METRIC - INFO - statipo21 loss: 1.8918342590332031 - accuracy: 0.6158357858657837
2024-03-01 23:35:31,725 - METRIC - INFO - statipo14 loss: 0.07108736038208008 - accuracy: 0.9717513918876648
2024-03-01 23:35:31,744 - METRIC - INFO - statipo15 loss: 0.9367045760154724 - accuracy: 0.6845528483390808
2024-03-01 23:35:31,747 - METRIC - INFO - statipo11 loss: 0.09966664761304855 - accuracy: 0.9695512652397156
2024-03-01 23:35:31,748 - METRIC - INFO - statipo12 loss: 0.08137732744216919 - accuracy: 0.9789271950721741
2024-03-01 23:35:32,579 - METRIC - INFO - mean_accuracy: 0.7948894103368124

2024-03-01 23:35:32,579 - METRIC - INFO - round: 12
2024-03-01 23:35:32,579 - METRIC - INFO - n_selected: 3
2024-03-01 23:35:32,579 - METRIC - INFO - selected_trainers: statipo14 - statipo21 - statipo12
2024-03-01 23:35:33,434 - EXECUT - INFO - received weights from trainer statipo12!
2024-03-01 23:35:33,602 - EXECUT - INFO - received weights from trainer statipo14!
2024-03-01 23:35:34,063 - EXECUT - INFO - received weights from trainer statipo21!
2024-03-01 23:35:34,685 - EXECUT - INFO - sent aggregated weights to trainers!
2024-03-01 23:35:34,822 - METRIC - INFO - statipo15 loss: 2.746798038482666 - accuracy: 0.4471544623374939
2024-03-01 23:35:34,826 - METRIC - INFO - statipo12 loss: 0.06298352032899857 - accuracy: 0.9789271950721741
2024-03-01 23:35:34,831 - METRIC - INFO - statipo13 loss: 2.9079668521881104 - accuracy: 0.45897436141967773
2024-03-01 23:35:34,831 - METRIC - INFO - statipo21 loss: 0.14711347222328186 - accuracy: 0.9413489699363708
2024-03-01 23:35:34,840 - METRIC - INFO - statipo14 loss: 0.07968847453594208 - accuracy: 0.9703390002250671
2024-03-01 23:35:34,853 - METRIC - INFO - statipo11 loss: 0.6577874422073364 - accuracy: 0.7932692170143127
2024-03-01 23:35:35,687 - METRIC - INFO - mean_accuracy: 0.7650022010008494

2024-03-01 23:35:35,687 - METRIC - INFO - round: 13
2024-03-01 23:35:35,687 - METRIC - INFO - n_selected: 3
2024-03-01 23:35:35,687 - METRIC - INFO - selected_trainers: statipo13 - statipo21 - statipo11
2024-03-01 23:35:36,679 - EXECUT - INFO - received weights from trainer statipo21!
2024-03-01 23:35:36,762 - EXECUT - INFO - received weights from trainer statipo13!
2024-03-01 23:35:37,174 - EXECUT - INFO - received weights from trainer statipo11!
2024-03-01 23:35:37,777 - EXECUT - INFO - sent aggregated weights to trainers!
2024-03-01 23:35:37,924 - METRIC - INFO - statipo14 loss: 0.154734268784523 - accuracy: 0.9548022747039795
2024-03-01 23:35:37,928 - METRIC - INFO - statipo13 loss: 0.16441413760185242 - accuracy: 0.9448717832565308
2024-03-01 23:35:37,950 - METRIC - INFO - statipo15 loss: 5.317239284515381 - accuracy: 0.29430893063545227
2024-03-01 23:35:37,951 - METRIC - INFO - statipo12 loss: 0.6152835488319397 - accuracy: 0.8084291219711304
2024-03-01 23:35:37,952 - METRIC - INFO - statipo11 loss: 0.09489927440881729 - accuracy: 0.9711538553237915
2024-03-01 23:35:37,958 - METRIC - INFO - statipo21 loss: 0.1686149686574936 - accuracy: 0.9325513243675232
2024-03-01 23:35:38,779 - METRIC - INFO - mean_accuracy: 0.8176862150430679

2024-03-01 23:35:38,779 - METRIC - INFO - round: 14
2024-03-01 23:35:38,780 - METRIC - INFO - n_selected: 3
2024-03-01 23:35:38,780 - METRIC - INFO - selected_trainers: statipo21 - statipo12 - statipo13
2024-03-01 23:35:39,756 - EXECUT - INFO - received weights from trainer statipo21!
2024-03-01 23:35:39,845 - EXECUT - INFO - received weights from trainer statipo13!
2024-03-01 23:35:40,227 - EXECUT - INFO - received weights from trainer statipo12!
2024-03-01 23:35:40,868 - EXECUT - INFO - sent aggregated weights to trainers!
2024-03-01 23:35:41,003 - METRIC - INFO - statipo12 loss: 0.05583851784467697 - accuracy: 0.982758641242981
2024-03-01 23:35:41,008 - METRIC - INFO - statipo11 loss: 0.9886558651924133 - accuracy: 0.7211538553237915
2024-03-01 23:35:41,016 - METRIC - INFO - statipo21 loss: 0.11326148360967636 - accuracy: 0.9604105353355408
2024-03-01 23:35:41,017 - METRIC - INFO - statipo13 loss: 0.12243565917015076 - accuracy: 0.9551281929016113
2024-03-01 23:35:41,018 - METRIC - INFO - statipo14 loss: 0.3077225983142853 - accuracy: 0.8912429213523865
2024-03-01 23:35:41,044 - METRIC - INFO - statipo15 loss: 6.0451788902282715 - accuracy: 0.26178860664367676
2024-03-01 23:35:41,870 - METRIC - INFO - mean_accuracy: 0.7954137921333313

2024-03-01 23:35:41,870 - METRIC - INFO - round: 15
2024-03-01 23:35:41,870 - METRIC - INFO - n_selected: 3
2024-03-01 23:35:41,870 - METRIC - INFO - selected_trainers: statipo14 - statipo11 - statipo21
2024-03-01 23:35:42,891 - EXECUT - INFO - received weights from trainer statipo14!
2024-03-01 23:35:43,326 - EXECUT - INFO - received weights from trainer statipo11!
2024-03-01 23:35:43,378 - EXECUT - INFO - received weights from trainer statipo21!
2024-03-01 23:35:43,972 - EXECUT - INFO - sent aggregated weights to trainers!
2024-03-01 23:35:44,115 - METRIC - INFO - statipo13 loss: 0.43379083275794983 - accuracy: 0.8230769038200378
2024-03-01 23:35:44,119 - METRIC - INFO - statipo21 loss: 0.13785867393016815 - accuracy: 0.9428152441978455
2024-03-01 23:35:44,124 - METRIC - INFO - statipo14 loss: 0.07268349826335907 - accuracy: 0.9731638431549072
2024-03-01 23:35:44,150 - METRIC - INFO - statipo11 loss: 0.07643821090459824 - accuracy: 0.9791666865348816
2024-03-01 23:35:44,151 - METRIC - INFO - statipo15 loss: 7.286362171173096 - accuracy: 0.25528454780578613
2024-03-01 23:35:44,157 - METRIC - INFO - statipo12 loss: 0.7055246233940125 - accuracy: 0.7796934843063354
2024-03-01 23:35:44,973 - METRIC - INFO - mean_accuracy: 0.792200118303299

2024-03-01 23:35:44,974 - METRIC - INFO - round: 16
2024-03-01 23:35:44,974 - METRIC - INFO - n_selected: 3
2024-03-01 23:35:44,974 - METRIC - INFO - selected_trainers: statipo15 - statipo13 - statipo14
2024-03-01 23:35:46,012 - EXECUT - INFO - received weights from trainer statipo14!
2024-03-01 23:35:46,066 - EXECUT - INFO - received weights from trainer statipo13!
2024-03-01 23:35:46,460 - EXECUT - INFO - received weights from trainer statipo15!
2024-03-01 23:35:47,095 - EXECUT - INFO - sent aggregated weights to trainers!
2024-03-01 23:35:47,231 - METRIC - INFO - statipo11 loss: 0.8625558018684387 - accuracy: 0.7580128312110901
2024-03-01 23:35:47,235 - METRIC - INFO - statipo12 loss: 1.184180736541748 - accuracy: 0.6455938816070557
2024-03-01 23:35:47,242 - METRIC - INFO - statipo21 loss: 0.47890129685401917 - accuracy: 0.8343108296394348
2024-03-01 23:35:47,244 - METRIC - INFO - statipo14 loss: 0.11121758818626404 - accuracy: 0.9519773721694946
2024-03-01 23:35:47,247 - METRIC - INFO - statipo13 loss: 0.31781911849975586 - accuracy: 0.8538461327552795
2024-03-01 23:35:47,263 - METRIC - INFO - statipo15 loss: 0.1514655351638794 - accuracy: 0.9382113814353943
2024-03-01 23:35:48,097 - METRIC - INFO - mean_accuracy: 0.8303254048029581

2024-03-01 23:35:48,097 - METRIC - INFO - round: 17
2024-03-01 23:35:48,098 - METRIC - INFO - n_selected: 3
2024-03-01 23:35:48,098 - METRIC - INFO - selected_trainers: statipo11 - statipo14 - statipo15
2024-03-01 23:35:49,038 - EXECUT - INFO - received weights from trainer statipo15!
2024-03-01 23:35:49,091 - EXECUT - INFO - received weights from trainer statipo11!
2024-03-01 23:35:49,144 - EXECUT - INFO - received weights from trainer statipo14!
2024-03-01 23:35:50,228 - EXECUT - INFO - sent aggregated weights to trainers!
2024-03-01 23:35:50,363 - METRIC - INFO - statipo15 loss: 0.1268034726381302 - accuracy: 0.9430894255638123
2024-03-01 23:35:50,374 - METRIC - INFO - statipo12 loss: 1.176017165184021 - accuracy: 0.6379310488700867
2024-03-01 23:35:50,377 - METRIC - INFO - statipo11 loss: 0.081477090716362 - accuracy: 0.9727563858032227
2024-03-01 23:35:50,378 - METRIC - INFO - statipo14 loss: 0.0491529181599617 - accuracy: 0.9830508232116699
2024-03-01 23:35:50,406 - METRIC - INFO - statipo21 loss: 0.40626561641693115 - accuracy: 0.866568922996521
2024-03-01 23:35:50,409 - METRIC - INFO - statipo13 loss: 0.7287905812263489 - accuracy: 0.7397435903549194
2024-03-01 23:35:51,230 - METRIC - INFO - mean_accuracy: 0.8571900328000387

2024-03-01 23:35:51,230 - METRIC - INFO - round: 18
2024-03-01 23:35:51,230 - METRIC - INFO - n_selected: 3
2024-03-01 23:35:51,231 - METRIC - INFO - selected_trainers: statipo21 - statipo12 - statipo14
2024-03-01 23:35:52,075 - EXECUT - INFO - received weights from trainer statipo12!
2024-03-01 23:35:52,247 - EXECUT - INFO - received weights from trainer statipo14!
2024-03-01 23:35:52,717 - EXECUT - INFO - received weights from trainer statipo21!
2024-03-01 23:35:53,330 - EXECUT - INFO - sent aggregated weights to trainers!
2024-03-01 23:35:53,486 - METRIC - INFO - statipo14 loss: 0.05204266309738159 - accuracy: 0.9802259802818298
2024-03-01 23:35:53,527 - METRIC - INFO - statipo13 loss: 1.5986963510513306 - accuracy: 0.6384615302085876
2024-03-01 23:35:53,527 - METRIC - INFO - statipo15 loss: 1.3843541145324707 - accuracy: 0.6699187159538269
2024-03-01 23:35:53,527 - METRIC - INFO - statipo11 loss: 0.456418514251709 - accuracy: 0.8717948794364929
2024-03-01 23:35:53,527 - METRIC - INFO - statipo12 loss: 0.05632255598902702 - accuracy: 0.982758641242981
2024-03-01 23:35:53,527 - METRIC - INFO - statipo21 loss: 0.12473805248737335 - accuracy: 0.9560117125511169
2024-03-01 23:35:54,331 - METRIC - INFO - mean_accuracy: 0.8498619099458059

2024-03-01 23:35:54,331 - METRIC - INFO - round: 19
2024-03-01 23:35:54,332 - METRIC - INFO - n_selected: 3
2024-03-01 23:35:54,332 - METRIC - INFO - selected_trainers: statipo15 - statipo12 - statipo21
2024-03-01 23:35:55,255 - EXECUT - INFO - received weights from trainer statipo15!
2024-03-01 23:35:55,333 - EXECUT - INFO - received weights from trainer statipo21!
2024-03-01 23:35:55,825 - EXECUT - INFO - received weights from trainer statipo12!
2024-03-01 23:35:56,425 - EXECUT - INFO - sent aggregated weights to trainers!
2024-03-01 23:35:56,561 - METRIC - INFO - statipo15 loss: 0.15898306667804718 - accuracy: 0.9382113814353943
2024-03-01 23:35:56,574 - METRIC - INFO - statipo21 loss: 0.11369907855987549 - accuracy: 0.9560117125511169
2024-03-01 23:35:56,576 - METRIC - INFO - statipo14 loss: 0.0761043131351471 - accuracy: 0.9689265489578247
2024-03-01 23:35:56,597 - METRIC - INFO - statipo11 loss: 0.8163114190101624 - accuracy: 0.7884615659713745
2024-03-01 23:35:56,600 - METRIC - INFO - statipo12 loss: 0.06954749673604965 - accuracy: 0.9808428883552551
2024-03-01 23:35:56,603 - METRIC - INFO - statipo13 loss: 1.7356727123260498 - accuracy: 0.6128205060958862
2024-03-01 23:35:57,427 - METRIC - INFO - mean_accuracy: 0.8742124338944753

2024-03-01 23:35:57,427 - METRIC - INFO - round: 20
2024-03-01 23:35:57,428 - METRIC - INFO - n_selected: 3
2024-03-01 23:35:57,428 - METRIC - INFO - selected_trainers: statipo13 - statipo21 - statipo14
2024-03-01 23:35:58,481 - EXECUT - INFO - received weights from trainer statipo14!
2024-03-01 23:35:58,883 - EXECUT - INFO - received weights from trainer statipo13!
2024-03-01 23:35:58,936 - EXECUT - INFO - received weights from trainer statipo21!
2024-03-01 23:35:59,517 - EXECUT - INFO - sent aggregated weights to trainers!
2024-03-01 23:35:59,658 - METRIC - INFO - statipo11 loss: 0.9814266562461853 - accuracy: 0.7532051205635071
2024-03-01 23:35:59,667 - METRIC - INFO - statipo21 loss: 0.09778714925050735 - accuracy: 0.9618768095970154
2024-03-01 23:35:59,668 - METRIC - INFO - statipo13 loss: 0.25501853227615356 - accuracy: 0.9115384817123413
2024-03-01 23:35:59,684 - METRIC - INFO - statipo15 loss: 1.5746015310287476 - accuracy: 0.6211382150650024
2024-03-01 23:35:59,695 - METRIC - INFO - statipo14 loss: 0.04028705507516861 - accuracy: 0.9830508232116699
2024-03-01 23:35:59,697 - METRIC - INFO - statipo12 loss: 0.5247496962547302 - accuracy: 0.8199234008789062
2024-03-01 23:36:00,519 - METRIC - INFO - mean_accuracy: 0.8417888085047404

2024-03-01 23:36:00,520 - METRIC - INFO - round: 21
2024-03-01 23:36:00,520 - METRIC - INFO - n_selected: 3
2024-03-01 23:36:00,520 - METRIC - INFO - selected_trainers: statipo12 - statipo11 - statipo21
2024-03-01 23:36:01,444 - EXECUT - INFO - received weights from trainer statipo11!
2024-03-01 23:36:01,497 - EXECUT - INFO - received weights from trainer statipo21!
2024-03-01 23:36:01,970 - EXECUT - INFO - received weights from trainer statipo12!
2024-03-01 23:36:02,609 - EXECUT - INFO - sent aggregated weights to trainers!
2024-03-01 23:36:02,755 - METRIC - INFO - statipo21 loss: 0.0944051519036293 - accuracy: 0.9706745147705078
2024-03-01 23:36:02,759 - METRIC - INFO - statipo13 loss: 0.5580462217330933 - accuracy: 0.8038461804389954
2024-03-01 23:36:02,779 - METRIC - INFO - statipo15 loss: 3.0317630767822266 - accuracy: 0.4731707274913788
2024-03-01 23:36:02,780 - METRIC - INFO - statipo12 loss: 0.05685020610690117 - accuracy: 0.984674334526062
2024-03-01 23:36:02,784 - METRIC - INFO - statipo11 loss: 0.0669194906949997 - accuracy: 0.9823718070983887
2024-03-01 23:36:02,790 - METRIC - INFO - statipo14 loss: 0.15939882397651672 - accuracy: 0.9420903921127319
2024-03-01 23:36:03,612 - METRIC - INFO - mean_accuracy: 0.8594713260730108

2024-03-01 23:36:03,612 - METRIC - INFO - round: 22
2024-03-01 23:36:03,612 - METRIC - INFO - n_selected: 3
2024-03-01 23:36:03,612 - METRIC - INFO - selected_trainers: statipo21 - statipo13 - statipo12
2024-03-01 23:36:04,464 - EXECUT - INFO - received weights from trainer statipo12!
2024-03-01 23:36:04,602 - EXECUT - INFO - received weights from trainer statipo21!
2024-03-01 23:36:04,700 - EXECUT - INFO - received weights from trainer statipo13!
2024-03-01 23:36:05,702 - EXECUT - INFO - sent aggregated weights to trainers!
2024-03-01 23:36:05,836 - METRIC - INFO - statipo15 loss: 3.532073736190796 - accuracy: 0.40487805008888245
2024-03-01 23:36:05,841 - METRIC - INFO - statipo11 loss: 0.7321105599403381 - accuracy: 0.7996794581413269
2024-03-01 23:36:05,850 - METRIC - INFO - statipo14 loss: 0.1282905489206314 - accuracy: 0.9491525292396545
2024-03-01 23:36:05,876 - METRIC - INFO - statipo12 loss: 0.06400784850120544 - accuracy: 0.982758641242981
2024-03-01 23:36:05,876 - METRIC - INFO - statipo13 loss: 0.15353207290172577 - accuracy: 0.9320513010025024
2024-03-01 23:36:05,880 - METRIC - INFO - statipo21 loss: 0.1151912584900856 - accuracy: 0.9574779868125916
2024-03-01 23:36:06,704 - METRIC - INFO - mean_accuracy: 0.8376663277546564

2024-03-01 23:36:06,704 - METRIC - INFO - round: 23
2024-03-01 23:36:06,704 - METRIC - INFO - n_selected: 3
2024-03-01 23:36:06,704 - METRIC - INFO - selected_trainers: statipo11 - statipo21 - statipo15
2024-03-01 23:36:07,658 - EXECUT - INFO - received weights from trainer statipo11!
2024-03-01 23:36:07,711 - EXECUT - INFO - received weights from trainer statipo21!
2024-03-01 23:36:08,191 - EXECUT - INFO - received weights from trainer statipo15!
2024-03-01 23:36:08,799 - EXECUT - INFO - sent aggregated weights to trainers!
2024-03-01 23:36:08,972 - METRIC - INFO - statipo15 loss: 0.1557343453168869 - accuracy: 0.9528455138206482
2024-03-01 23:36:08,979 - METRIC - INFO - statipo14 loss: 0.23881033062934875 - accuracy: 0.9110169410705566
2024-03-01 23:36:08,983 - METRIC - INFO - statipo21 loss: 0.09532362222671509 - accuracy: 0.9618768095970154
2024-03-01 23:36:08,993 - METRIC - INFO - statipo13 loss: 0.38663336634635925 - accuracy: 0.8551282286643982
2024-03-01 23:36:08,996 - METRIC - INFO - statipo11 loss: 0.08726302534341812 - accuracy: 0.9743589758872986
2024-03-01 23:36:09,012 - METRIC - INFO - statipo12 loss: 0.32038694620132446 - accuracy: 0.8965517282485962
2024-03-01 23:36:09,802 - METRIC - INFO - mean_accuracy: 0.9252963662147522

2024-03-01 23:36:09,802 - METRIC - INFO - round: 24
2024-03-01 23:36:09,802 - METRIC - INFO - n_selected: 3
2024-03-01 23:36:09,802 - METRIC - INFO - selected_trainers: statipo14 - statipo13 - statipo15
2024-03-01 23:36:10,746 - EXECUT - INFO - received weights from trainer statipo15!
2024-03-01 23:36:10,906 - EXECUT - INFO - received weights from trainer statipo13!
2024-03-01 23:36:10,959 - EXECUT - INFO - received weights from trainer statipo14!
2024-03-01 23:36:11,894 - EXECUT - INFO - sent aggregated weights to trainers!
2024-03-01 23:36:12,035 - METRIC - INFO - statipo12 loss: 0.6418818235397339 - accuracy: 0.7969348430633545
2024-03-01 23:36:12,039 - METRIC - INFO - statipo11 loss: 0.5447787642478943 - accuracy: 0.8333333134651184
2024-03-01 23:36:12,043 - METRIC - INFO - statipo13 loss: 0.10921872407197952 - accuracy: 0.9564102292060852
2024-03-01 23:36:12,044 - METRIC - INFO - statipo14 loss: 0.37649524211883545 - accuracy: 0.9364407062530518
2024-03-01 23:36:12,061 - METRIC - INFO - statipo15 loss: 0.08599018305540085 - accuracy: 0.9691057205200195
2024-03-01 23:36:12,108 - METRIC - INFO - statipo21 loss: 0.2945847809314728 - accuracy: 0.8958944082260132
2024-03-01 23:36:12,895 - METRIC - INFO - mean_accuracy: 0.8980198701222738

2024-03-01 23:36:12,895 - METRIC - INFO - round: 25
2024-03-01 23:36:12,896 - METRIC - INFO - n_selected: 3
2024-03-01 23:36:12,896 - METRIC - INFO - selected_trainers: statipo13 - statipo11 - statipo21
2024-03-01 23:36:13,910 - EXECUT - INFO - received weights from trainer statipo21!
2024-03-01 23:36:14,000 - EXECUT - INFO - received weights from trainer statipo13!
2024-03-01 23:36:14,382 - EXECUT - INFO - received weights from trainer statipo11!
2024-03-01 23:36:14,993 - EXECUT - INFO - sent aggregated weights to trainers!
2024-03-01 23:36:15,128 - METRIC - INFO - statipo12 loss: 0.6551207900047302 - accuracy: 0.7911877632141113
2024-03-01 23:36:15,132 - METRIC - INFO - statipo15 loss: 0.8982586860656738 - accuracy: 0.7414634227752686
2024-03-01 23:36:15,144 - METRIC - INFO - statipo13 loss: 0.13783681392669678 - accuracy: 0.949999988079071
2024-03-01 23:36:15,146 - METRIC - INFO - statipo14 loss: 0.10012201964855194 - accuracy: 0.959039568901062
2024-03-01 23:36:15,167 - METRIC - INFO - statipo11 loss: 0.05994187295436859 - accuracy: 0.9823718070983887
2024-03-01 23:36:15,171 - METRIC - INFO - statipo21 loss: 0.10126008838415146 - accuracy: 0.9677419066429138
2024-03-01 23:36:15,995 - METRIC - INFO - mean_accuracy: 0.8986340761184692

2024-03-01 23:36:15,995 - METRIC - INFO - round: 26
2024-03-01 23:36:15,995 - METRIC - INFO - n_selected: 3
2024-03-01 23:36:15,995 - METRIC - INFO - selected_trainers: statipo15 - statipo12 - statipo13
2024-03-01 23:36:16,837 - EXECUT - INFO - received weights from trainer statipo12!
2024-03-01 23:36:17,068 - EXECUT - INFO - received weights from trainer statipo13!
2024-03-01 23:36:17,481 - EXECUT - INFO - received weights from trainer statipo15!
2024-03-01 23:36:18,084 - EXECUT - INFO - sent aggregated weights to trainers!
2024-03-01 23:36:18,230 - METRIC - INFO - statipo13 loss: 0.18297550082206726 - accuracy: 0.9294871687889099
2024-03-01 23:36:18,239 - METRIC - INFO - statipo14 loss: 0.1647966206073761 - accuracy: 0.9364407062530518
2024-03-01 23:36:18,252 - METRIC - INFO - statipo15 loss: 0.07694866508245468 - accuracy: 0.9723577499389648
2024-03-01 23:36:18,255 - METRIC - INFO - statipo11 loss: 0.5786912441253662 - accuracy: 0.8285256624221802
2024-03-01 23:36:18,260 - METRIC - INFO - statipo12 loss: 0.05958247557282448 - accuracy: 0.99042147397995
2024-03-01 23:36:18,261 - METRIC - INFO - statipo21 loss: 0.2367735654115677 - accuracy: 0.9266862273216248
2024-03-01 23:36:19,087 - METRIC - INFO - mean_accuracy: 0.9306531647841135

2024-03-01 23:36:19,088 - METRIC - INFO - round: 27
2024-03-01 23:36:19,088 - METRIC - INFO - n_selected: 3
2024-03-01 23:36:19,088 - METRIC - INFO - selected_trainers: statipo11 - statipo14 - statipo13
2024-03-01 23:36:20,121 - EXECUT - INFO - received weights from trainer statipo14!
2024-03-01 23:36:20,174 - EXECUT - INFO - received weights from trainer statipo13!
2024-03-01 23:36:20,555 - EXECUT - INFO - received weights from trainer statipo11!
2024-03-01 23:36:21,203 - EXECUT - INFO - sent aggregated weights to trainers!
2024-03-01 23:36:21,343 - METRIC - INFO - statipo11 loss: 0.062084682285785675 - accuracy: 0.9807692170143127
2024-03-01 23:36:21,345 - METRIC - INFO - statipo12 loss: 0.3595696687698364 - accuracy: 0.8793103694915771
2024-03-01 23:36:21,351 - METRIC - INFO - statipo14 loss: 0.04194582626223564 - accuracy: 0.9830508232116699
2024-03-01 23:36:21,358 - METRIC - INFO - statipo21 loss: 0.34417349100112915 - accuracy: 0.8826979398727417
2024-03-01 23:36:21,375 - METRIC - INFO - statipo15 loss: 0.7668036222457886 - accuracy: 0.7609755992889404
2024-03-01 23:36:21,380 - METRIC - INFO - statipo13 loss: 0.11089378595352173 - accuracy: 0.9538461565971375
2024-03-01 23:36:22,206 - METRIC - INFO - mean_accuracy: 0.9067750175793966

2024-03-01 23:36:22,207 - METRIC - INFO - round: 28
2024-03-01 23:36:22,207 - METRIC - INFO - n_selected: 3
2024-03-01 23:36:22,207 - METRIC - INFO - selected_trainers: statipo13 - statipo11 - statipo21
2024-03-01 23:36:23,156 - EXECUT - INFO - received weights from trainer statipo11!
2024-03-01 23:36:23,220 - EXECUT - INFO - received weights from trainer statipo21!
2024-03-01 23:36:23,694 - EXECUT - INFO - received weights from trainer statipo13!
2024-03-01 23:36:24,303 - EXECUT - INFO - sent aggregated weights to trainers!
2024-03-01 23:36:24,443 - METRIC - INFO - statipo15 loss: 1.294241189956665 - accuracy: 0.6975609660148621
2024-03-01 23:36:24,453 - METRIC - INFO - statipo21 loss: 0.09594893455505371 - accuracy: 0.9692082405090332
2024-03-01 23:36:24,454 - METRIC - INFO - statipo13 loss: 0.13551932573318481 - accuracy: 0.9487179517745972
2024-03-01 23:36:24,460 - METRIC - INFO - statipo11 loss: 0.05783361196517944 - accuracy: 0.9855769276618958
2024-03-01 23:36:24,480 - METRIC - INFO - statipo14 loss: 0.14641991257667542 - accuracy: 0.944915235042572
2024-03-01 23:36:24,482 - METRIC - INFO - statipo12 loss: 0.6031400561332703 - accuracy: 0.8160919547080994
2024-03-01 23:36:25,304 - METRIC - INFO - mean_accuracy: 0.8936785459518433

2024-03-01 23:36:25,305 - METRIC - INFO - round: 29
2024-03-01 23:36:25,305 - METRIC - INFO - n_selected: 3
2024-03-01 23:36:25,305 - METRIC - INFO - selected_trainers: statipo15 - statipo14 - statipo11
2024-03-01 23:36:26,253 - EXECUT - INFO - received weights from trainer statipo11!
2024-03-01 23:36:26,318 - EXECUT - INFO - received weights from trainer statipo14!
2024-03-01 23:36:26,755 - EXECUT - INFO - received weights from trainer statipo15!
2024-03-01 23:36:27,401 - EXECUT - INFO - sent aggregated weights to trainers!
2024-03-01 23:36:27,546 - METRIC - INFO - statipo21 loss: 0.2860686779022217 - accuracy: 0.9076246619224548
2024-03-01 23:36:27,550 - METRIC - INFO - statipo13 loss: 0.15778858959674835 - accuracy: 0.9333333373069763
2024-03-01 23:36:27,551 - METRIC - INFO - statipo14 loss: 0.17356111109256744 - accuracy: 0.9378530979156494
2024-03-01 23:36:27,570 - METRIC - INFO - statipo15 loss: 0.1593572199344635 - accuracy: 0.9365853667259216
2024-03-01 23:36:27,575 - METRIC - INFO - statipo11 loss: 0.05784086510539055 - accuracy: 0.9823718070983887
2024-03-01 23:36:27,579 - METRIC - INFO - statipo12 loss: 0.8275018930435181 - accuracy: 0.7796934843063354
2024-03-01 23:36:28,403 - METRIC - INFO - mean_accuracy: 0.9129102925459543

2024-03-01 23:36:28,403 - METRIC - INFO - round: 30
2024-03-01 23:36:28,403 - METRIC - INFO - n_selected: 3
2024-03-01 23:36:28,403 - METRIC - INFO - selected_trainers: statipo15 - statipo12 - statipo11
2024-03-01 23:36:29,236 - EXECUT - INFO - received weights from trainer statipo12!
2024-03-01 23:36:29,329 - EXECUT - INFO - received weights from trainer statipo11!
2024-03-01 23:36:29,848 - EXECUT - INFO - received weights from trainer statipo15!
2024-03-01 23:36:30,491 - EXECUT - INFO - sent aggregated weights to trainers!
2024-03-01 23:36:30,631 - METRIC - INFO - statipo12 loss: 0.07221724092960358 - accuracy: 0.975095808506012
2024-03-01 23:36:30,638 - METRIC - INFO - statipo11 loss: 0.08177062124013901 - accuracy: 0.9727563858032227
2024-03-01 23:36:30,643 - METRIC - INFO - statipo14 loss: 0.08584490418434143 - accuracy: 0.9703390002250671
2024-03-01 23:36:30,658 - METRIC - INFO - statipo15 loss: 0.1395118534564972 - accuracy: 0.9463414549827576
2024-03-01 23:36:30,667 - METRIC - INFO - statipo13 loss: 0.3503563106060028 - accuracy: 0.8500000238418579
2024-03-01 23:36:30,667 - METRIC - INFO - statipo21 loss: 0.6012852191925049 - accuracy: 0.8240469098091125
2024-03-01 23:36:31,493 - METRIC - INFO - mean_accuracy: 0.9230965971946716

2024-03-01 23:36:31,493 - METRIC - INFO - round: 31
2024-03-01 23:36:31,493 - METRIC - INFO - n_selected: 3
2024-03-01 23:36:31,494 - METRIC - INFO - selected_trainers: statipo12 - statipo11 - statipo13
2024-03-01 23:36:32,328 - EXECUT - INFO - received weights from trainer statipo12!
2024-03-01 23:36:32,539 - EXECUT - INFO - received weights from trainer statipo13!
2024-03-01 23:36:32,945 - EXECUT - INFO - received weights from trainer statipo11!
2024-03-01 23:36:33,620 - EXECUT - INFO - sent aggregated weights to trainers!
2024-03-01 23:36:33,761 - METRIC - INFO - statipo11 loss: 0.0669383555650711 - accuracy: 0.9823718070983887
2024-03-01 23:36:33,762 - METRIC - INFO - statipo12 loss: 0.06478621810674667 - accuracy: 0.9808428883552551
2024-03-01 23:36:33,768 - METRIC - INFO - statipo21 loss: 0.9022359251976013 - accuracy: 0.7609970569610596
2024-03-01 23:36:33,770 - METRIC - INFO - statipo13 loss: 0.08455149084329605 - accuracy: 0.9730769395828247
2024-03-01 23:36:33,770 - METRIC - INFO - statipo14 loss: 0.103773333132267 - accuracy: 0.9661017060279846
2024-03-01 23:36:33,793 - METRIC - INFO - statipo15 loss: 0.35305437445640564 - accuracy: 0.8878048658370972
2024-03-01 23:36:34,622 - METRIC - INFO - mean_accuracy: 0.9251992106437683

2024-03-01 23:36:34,622 - METRIC - INFO - round: 32
2024-03-01 23:36:34,622 - METRIC - INFO - n_selected: 3
2024-03-01 23:36:34,622 - METRIC - INFO - selected_trainers: statipo12 - statipo11 - statipo14
2024-03-01 23:36:35,465 - EXECUT - INFO - received weights from trainer statipo12!
2024-03-01 23:36:35,570 - EXECUT - INFO - received weights from trainer statipo11!
2024-03-01 23:36:35,631 - EXECUT - INFO - received weights from trainer statipo14!
2024-03-01 23:36:36,718 - EXECUT - INFO - sent aggregated weights to trainers!
2024-03-01 23:36:36,859 - METRIC - INFO - statipo15 loss: 0.6210911870002747 - accuracy: 0.8325203061103821
2024-03-01 23:36:36,866 - METRIC - INFO - statipo12 loss: 0.06017906218767166 - accuracy: 0.9865900278091431
2024-03-01 23:36:36,869 - METRIC - INFO - statipo14 loss: 0.03809516504406929 - accuracy: 0.9830508232116699
2024-03-01 23:36:36,875 - METRIC - INFO - statipo13 loss: 0.2206614762544632 - accuracy: 0.8987179398536682
2024-03-01 23:36:36,902 - METRIC - INFO - statipo21 loss: 0.8112587332725525 - accuracy: 0.7756597995758057
2024-03-01 23:36:36,930 - METRIC - INFO - statipo11 loss: 0.05133892968297005 - accuracy: 0.9871794581413269
2024-03-01 23:36:37,719 - METRIC - INFO - mean_accuracy: 0.910619725783666

2024-03-01 23:36:37,720 - METRIC - INFO - round: 33
2024-03-01 23:36:37,720 - METRIC - INFO - n_selected: 3
2024-03-01 23:36:37,720 - METRIC - INFO - selected_trainers: statipo14 - statipo12 - statipo11
2024-03-01 23:36:38,571 - EXECUT - INFO - received weights from trainer statipo12!
2024-03-01 23:36:38,654 - EXECUT - INFO - received weights from trainer statipo11!
2024-03-01 23:36:38,750 - EXECUT - INFO - received weights from trainer statipo14!
2024-03-01 23:36:39,860 - EXECUT - INFO - sent aggregated weights to trainers!
2024-03-01 23:36:40,013 - METRIC - INFO - statipo21 loss: 1.0098419189453125 - accuracy: 0.7521994113922119
2024-03-01 23:36:40,032 - METRIC - INFO - statipo11 loss: 0.050648272037506104 - accuracy: 0.9839743375778198
2024-03-01 23:36:40,033 - METRIC - INFO - statipo15 loss: 0.9998260140419006 - accuracy: 0.7560975551605225
2024-03-01 23:36:40,035 - METRIC - INFO - statipo12 loss: 0.05645683780312538 - accuracy: 0.9885057210922241
2024-03-01 23:36:40,049 - METRIC - INFO - statipo14 loss: 0.03046528436243534 - accuracy: 0.9872881174087524
2024-03-01 23:36:40,078 - METRIC - INFO - statipo13 loss: 0.3239898681640625 - accuracy: 0.8641025424003601
2024-03-01 23:36:40,862 - METRIC - INFO - mean_accuracy: 0.8886946141719818

2024-03-01 23:36:40,862 - METRIC - INFO - round: 34
2024-03-01 23:36:40,863 - METRIC - INFO - n_selected: 3
2024-03-01 23:36:40,863 - METRIC - INFO - selected_trainers: statipo15 - statipo11 - statipo14
2024-03-01 23:36:41,803 - EXECUT - INFO - received weights from trainer statipo15!
2024-03-01 23:36:41,886 - EXECUT - INFO - received weights from trainer statipo14!
2024-03-01 23:36:42,314 - EXECUT - INFO - received weights from trainer statipo11!
2024-03-01 23:36:42,968 - EXECUT - INFO - sent aggregated weights to trainers!
2024-03-01 23:36:43,113 - METRIC - INFO - statipo21 loss: 1.1509604454040527 - accuracy: 0.733137845993042
2024-03-01 23:36:43,116 - METRIC - INFO - statipo13 loss: 0.4016963541507721 - accuracy: 0.843589723110199
2024-03-01 23:36:43,135 - METRIC - INFO - statipo15 loss: 0.06218075752258301 - accuracy: 0.9739837646484375
2024-03-01 23:36:43,139 - METRIC - INFO - statipo11 loss: 0.05402294173836708 - accuracy: 0.9839743375778198
2024-03-01 23:36:43,143 - METRIC - INFO - statipo14 loss: 0.03660627827048302 - accuracy: 0.9844632744789124
2024-03-01 23:36:43,145 - METRIC - INFO - statipo12 loss: 0.2808001935482025 - accuracy: 0.9022988677024841
2024-03-01 23:36:43,971 - METRIC - INFO - mean_accuracy: 0.9035746355851492

2024-03-01 23:36:43,971 - METRIC - INFO - round: 35
2024-03-01 23:36:43,972 - METRIC - INFO - n_selected: 3
2024-03-01 23:36:43,972 - METRIC - INFO - selected_trainers: statipo11 - statipo13 - statipo14
2024-03-01 23:36:45,007 - EXECUT - INFO - received weights from trainer statipo14!
2024-03-01 23:36:45,061 - EXECUT - INFO - received weights from trainer statipo13!
2024-03-01 23:36:45,462 - EXECUT - INFO - received weights from trainer statipo11!
2024-03-01 23:36:46,090 - EXECUT - INFO - sent aggregated weights to trainers!
2024-03-01 23:36:46,227 - METRIC - INFO - statipo15 loss: 0.5197116732597351 - accuracy: 0.8341463208198547
2024-03-01 23:36:46,239 - METRIC - INFO - statipo14 loss: 0.032479848712682724 - accuracy: 0.9830508232116699
2024-03-01 23:36:46,262 - METRIC - INFO - statipo12 loss: 0.5706883668899536 - accuracy: 0.8295019268989563
2024-03-01 23:36:46,263 - METRIC - INFO - statipo11 loss: 0.05137820169329643 - accuracy: 0.9839743375778198
2024-03-01 23:36:46,263 - METRIC - INFO - statipo13 loss: 0.08680037409067154 - accuracy: 0.964102566242218
2024-03-01 23:36:46,266 - METRIC - INFO - statipo21 loss: 1.2549901008605957 - accuracy: 0.7287390232086182
2024-03-01 23:36:47,093 - METRIC - INFO - mean_accuracy: 0.8872524996598562

2024-03-01 23:36:47,093 - METRIC - INFO - round: 36
2024-03-01 23:36:47,093 - METRIC - INFO - n_selected: 3
2024-03-01 23:36:47,093 - METRIC - INFO - selected_trainers: statipo21 - statipo13 - statipo14
2024-03-01 23:36:48,152 - EXECUT - INFO - received weights from trainer statipo14!
2024-03-01 23:36:48,204 - EXECUT - INFO - received weights from trainer statipo13!
2024-03-01 23:36:48,567 - EXECUT - INFO - received weights from trainer statipo21!
2024-03-01 23:36:49,182 - EXECUT - INFO - sent aggregated weights to trainers!
2024-03-01 23:36:49,320 - METRIC - INFO - statipo11 loss: 0.14763009548187256 - accuracy: 0.9599359035491943
2024-03-01 23:36:49,327 - METRIC - INFO - statipo15 loss: 0.7602099776268005 - accuracy: 0.800000011920929
2024-03-01 23:36:49,334 - METRIC - INFO - statipo13 loss: 0.10818552225828171 - accuracy: 0.9525641202926636
2024-03-01 23:36:49,336 - METRIC - INFO - statipo21 loss: 0.11351575702428818 - accuracy: 0.9589442610740662
2024-03-01 23:36:49,340 - METRIC - INFO - statipo14 loss: 0.39831382036209106 - accuracy: 0.9350282549858093
2024-03-01 23:36:49,353 - METRIC - INFO - statipo12 loss: 0.5698335766792297 - accuracy: 0.8314176201820374
2024-03-01 23:36:50,185 - METRIC - INFO - mean_accuracy: 0.90631502866745

2024-03-01 23:36:50,185 - METRIC - INFO - round: 37
2024-03-01 23:36:50,185 - METRIC - INFO - n_selected: 3
2024-03-01 23:36:50,185 - METRIC - INFO - selected_trainers: statipo11 - statipo21 - statipo14
2024-03-01 23:36:51,213 - EXECUT - INFO - received weights from trainer statipo14!
2024-03-01 23:36:51,637 - EXECUT - INFO - received weights from trainer statipo11!
2024-03-01 23:36:51,691 - EXECUT - INFO - received weights from trainer statipo21!
2024-03-01 23:36:52,296 - EXECUT - INFO - sent aggregated weights to trainers!
2024-03-01 23:36:52,454 - METRIC - INFO - statipo14 loss: 0.029294628649950027 - accuracy: 0.9872881174087524
2024-03-01 23:36:52,458 - METRIC - INFO - statipo11 loss: 0.05150853097438812 - accuracy: 0.9855769276618958
2024-03-01 23:36:52,475 - METRIC - INFO - statipo13 loss: 0.13132067024707794 - accuracy: 0.9474359154701233
2024-03-01 23:36:52,475 - METRIC - INFO - statipo12 loss: 0.6409201622009277 - accuracy: 0.8180076479911804
2024-03-01 23:36:52,476 - METRIC - INFO - statipo21 loss: 0.0972726121544838 - accuracy: 0.973607063293457
2024-03-01 23:36:52,504 - METRIC - INFO - statipo15 loss: 0.9658685326576233 - accuracy: 0.7544715404510498
2024-03-01 23:36:53,298 - METRIC - INFO - mean_accuracy: 0.9110645353794098

2024-03-01 23:36:53,298 - METRIC - INFO - round: 38
2024-03-01 23:36:53,298 - METRIC - INFO - n_selected: 3
2024-03-01 23:36:53,298 - METRIC - INFO - selected_trainers: statipo14 - statipo15 - statipo11
2024-03-01 23:36:54,247 - EXECUT - INFO - received weights from trainer statipo15!
2024-03-01 23:36:54,302 - EXECUT - INFO - received weights from trainer statipo11!
2024-03-01 23:36:54,362 - EXECUT - INFO - received weights from trainer statipo14!
2024-03-01 23:36:55,391 - EXECUT - INFO - sent aggregated weights to trainers!
2024-03-01 23:36:55,526 - METRIC - INFO - statipo12 loss: 0.9216610789299011 - accuracy: 0.7624521255493164
2024-03-01 23:36:55,532 - METRIC - INFO - statipo11 loss: 0.05475996062159538 - accuracy: 0.9823718070983887
2024-03-01 23:36:55,537 - METRIC - INFO - statipo13 loss: 0.20564870536327362 - accuracy: 0.9166666865348816
2024-03-01 23:36:55,544 - METRIC - INFO - statipo21 loss: 0.2975849509239197 - accuracy: 0.900293231010437
2024-03-01 23:36:55,548 - METRIC - INFO - statipo14 loss: 0.026228271424770355 - accuracy: 0.9901130199432373
2024-03-01 23:36:55,585 - METRIC - INFO - statipo15 loss: 0.12399943172931671 - accuracy: 0.9495934844017029
2024-03-01 23:36:56,392 - METRIC - INFO - mean_accuracy: 0.9169150590896606

2024-03-01 23:36:56,393 - METRIC - INFO - round: 39
2024-03-01 23:36:56,393 - METRIC - INFO - n_selected: 3
2024-03-01 23:36:56,393 - METRIC - INFO - selected_trainers: statipo21 - statipo12 - statipo15
2024-03-01 23:36:57,217 - EXECUT - INFO - received weights from trainer statipo12!
2024-03-01 23:36:57,360 - EXECUT - INFO - received weights from trainer statipo21!
2024-03-01 23:36:57,842 - EXECUT - INFO - received weights from trainer statipo15!
2024-03-01 23:36:58,478 - EXECUT - INFO - sent aggregated weights to trainers!
2024-03-01 23:36:58,618 - METRIC - INFO - statipo11 loss: 0.14942893385887146 - accuracy: 0.9487179517745972
2024-03-01 23:36:58,621 - METRIC - INFO - statipo12 loss: 0.06132650002837181 - accuracy: 0.982758641242981
2024-03-01 23:36:58,624 - METRIC - INFO - statipo21 loss: 0.11480240523815155 - accuracy: 0.9604105353355408
2024-03-01 23:36:58,624 - METRIC - INFO - statipo13 loss: 0.3032025098800659 - accuracy: 0.8743589520454407
2024-03-01 23:36:58,630 - METRIC - INFO - statipo14 loss: 0.050440464168787 - accuracy: 0.9816384315490723
2024-03-01 23:36:58,646 - METRIC - INFO - statipo15 loss: 0.053388308733701706 - accuracy: 0.9788618087768555
2024-03-01 23:36:59,479 - METRIC - INFO - mean_accuracy: 0.9544577201207479

2024-03-01 23:36:59,480 - METRIC - INFO - round: 40
2024-03-01 23:36:59,481 - METRIC - INFO - n_selected: 3
2024-03-01 23:36:59,481 - METRIC - INFO - selected_trainers: statipo13 - statipo21 - statipo12
2024-03-01 23:37:00,466 - EXECUT - INFO - received weights from trainer statipo21!
2024-03-01 23:37:00,548 - EXECUT - INFO - received weights from trainer statipo13!
2024-03-01 23:37:00,933 - EXECUT - INFO - received weights from trainer statipo12!
2024-03-01 23:37:01,570 - EXECUT - INFO - sent aggregated weights to trainers!
2024-03-01 23:37:01,711 - METRIC - INFO - statipo11 loss: 0.31699568033218384 - accuracy: 0.9006410241127014
2024-03-01 23:37:01,720 - METRIC - INFO - statipo13 loss: 0.08127664029598236 - accuracy: 0.9653846025466919
2024-03-01 23:37:01,722 - METRIC - INFO - statipo14 loss: 0.0630224198102951 - accuracy: 0.9745762944221497
2024-03-01 23:37:01,726 - METRIC - INFO - statipo21 loss: 0.08655092865228653 - accuracy: 0.9692082405090332
2024-03-01 23:37:01,747 - METRIC - INFO - statipo15 loss: 0.4135119318962097 - accuracy: 0.86504065990448
2024-03-01 23:37:01,749 - METRIC - INFO - statipo12 loss: 0.06095666438341141 - accuracy: 0.9808428883552551
2024-03-01 23:37:02,572 - METRIC - INFO - mean_accuracy: 0.9426156183083853

2024-03-01 23:37:02,572 - METRIC - INFO - round: 41
2024-03-01 23:37:02,572 - METRIC - INFO - n_selected: 3
2024-03-01 23:37:02,573 - METRIC - INFO - selected_trainers: statipo11 - statipo15 - statipo14
2024-03-01 23:37:03,525 - EXECUT - INFO - received weights from trainer statipo11!
2024-03-01 23:37:03,578 - EXECUT - INFO - received weights from trainer statipo14!
2024-03-01 23:37:04,056 - EXECUT - INFO - received weights from trainer statipo15!
2024-03-01 23:37:04,666 - EXECUT - INFO - sent aggregated weights to trainers!
2024-03-01 23:37:04,807 - METRIC - INFO - statipo15 loss: 0.06178199499845505 - accuracy: 0.9739837646484375
2024-03-01 23:37:04,820 - METRIC - INFO - statipo21 loss: 0.17542695999145508 - accuracy: 0.9442815184593201
2024-03-01 23:37:04,825 - METRIC - INFO - statipo14 loss: 0.02640126831829548 - accuracy: 0.9887005686759949
2024-03-01 23:37:04,846 - METRIC - INFO - statipo13 loss: 0.18681573867797852 - accuracy: 0.9230769276618958
2024-03-01 23:37:04,847 - METRIC - INFO - statipo11 loss: 0.048816241323947906 - accuracy: 0.9871794581413269
2024-03-01 23:37:04,878 - METRIC - INFO - statipo12 loss: 0.22874565422534943 - accuracy: 0.9348658919334412
2024-03-01 23:37:05,668 - METRIC - INFO - mean_accuracy: 0.9586813549200693

2024-03-01 23:37:05,668 - METRIC - INFO - round: 42
2024-03-01 23:37:05,668 - METRIC - INFO - n_selected: 3
2024-03-01 23:37:05,668 - METRIC - INFO - selected_trainers: statipo21 - statipo14 - statipo12
2024-03-01 23:37:06,669 - EXECUT - INFO - received weights from trainer statipo21!
2024-03-01 23:37:06,724 - EXECUT - INFO - received weights from trainer statipo14!
2024-03-01 23:37:07,159 - EXECUT - INFO - received weights from trainer statipo12!
2024-03-01 23:37:07,757 - EXECUT - INFO - sent aggregated weights to trainers!
2024-03-01 23:37:07,893 - METRIC - INFO - statipo15 loss: 0.34836143255233765 - accuracy: 0.8845528364181519
2024-03-01 23:37:07,895 - METRIC - INFO - statipo11 loss: 0.20750819146633148 - accuracy: 0.9294871687889099
2024-03-01 23:37:07,905 - METRIC - INFO - statipo21 loss: 0.09861245006322861 - accuracy: 0.9677419066429138
2024-03-01 23:37:07,907 - METRIC - INFO - statipo13 loss: 0.2937139868736267 - accuracy: 0.8820512890815735
2024-03-01 23:37:07,911 - METRIC - INFO - statipo14 loss: 0.031070541590452194 - accuracy: 0.9872881174087524
2024-03-01 23:37:07,928 - METRIC - INFO - statipo12 loss: 0.11044581979513168 - accuracy: 0.969348669052124
2024-03-01 23:37:08,759 - METRIC - INFO - mean_accuracy: 0.9367449978987376

2024-03-01 23:37:08,759 - METRIC - INFO - round: 43
2024-03-01 23:37:08,760 - METRIC - INFO - n_selected: 3
2024-03-01 23:37:08,760 - METRIC - INFO - selected_trainers: statipo12 - statipo11 - statipo15
2024-03-01 23:37:09,595 - EXECUT - INFO - received weights from trainer statipo12!
2024-03-01 23:37:09,687 - EXECUT - INFO - received weights from trainer statipo15!
2024-03-01 23:37:09,742 - EXECUT - INFO - received weights from trainer statipo11!
2024-03-01 23:37:09,846 - EXECUT - INFO - sent aggregated weights to trainers!
2024-03-01 23:37:09,986 - METRIC - INFO - statipo12 loss: 0.06240881234407425 - accuracy: 0.9865900278091431
2024-03-01 23:37:09,990 - METRIC - INFO - statipo11 loss: 0.05207429826259613 - accuracy: 0.9871794581413269
2024-03-01 23:37:09,993 - METRIC - INFO - statipo21 loss: 0.16793134808540344 - accuracy: 0.9428152441978455
2024-03-01 23:37:10,000 - METRIC - INFO - statipo13 loss: 0.34605729579925537 - accuracy: 0.870512843132019
2024-03-01 23:37:10,020 - METRIC - INFO - statipo15 loss: 0.08706021308898926 - accuracy: 0.9626016020774841
2024-03-01 23:37:10,025 - METRIC - INFO - statipo14 loss: 0.03963145241141319 - accuracy: 0.9858757257461548
2024-03-01 23:37:10,847 - METRIC - INFO - mean_accuracy: 0.9559291501839956

2024-03-01 23:37:10,847 - METRIC - INFO - round: 44
2024-03-01 23:37:10,848 - METRIC - INFO - n_selected: 3
2024-03-01 23:37:10,848 - METRIC - INFO - selected_trainers: statipo12 - statipo14 - statipo13
2024-03-01 23:37:11,709 - EXECUT - INFO - received weights from trainer statipo12!
2024-03-01 23:37:11,879 - EXECUT - INFO - received weights from trainer statipo14!
2024-03-01 23:37:11,933 - EXECUT - INFO - received weights from trainer statipo13!
2024-03-01 23:37:12,962 - EXECUT - INFO - sent aggregated weights to trainers!
2024-03-01 23:37:13,099 - METRIC - INFO - statipo15 loss: 0.23286522924900055 - accuracy: 0.9382113814353943
2024-03-01 23:37:13,107 - METRIC - INFO - statipo21 loss: 0.35345786809921265 - accuracy: 0.8885630369186401
2024-03-01 23:37:13,110 - METRIC - INFO - statipo14 loss: 0.026599299162626266 - accuracy: 0.9901130199432373
2024-03-01 23:37:13,113 - METRIC - INFO - statipo13 loss: 0.1097472533583641 - accuracy: 0.9551281929016113
2024-03-01 23:37:13,132 - METRIC - INFO - statipo11 loss: 0.19622963666915894 - accuracy: 0.9310897588729858
2024-03-01 23:37:13,139 - METRIC - INFO - statipo12 loss: 0.055451054126024246 - accuracy: 0.9885057210922241
2024-03-01 23:37:13,964 - METRIC - INFO - mean_accuracy: 0.9486018518606821

2024-03-01 23:37:13,964 - METRIC - INFO - round: 45
2024-03-01 23:37:13,964 - METRIC - INFO - n_selected: 3
2024-03-01 23:37:13,965 - METRIC - INFO - selected_trainers: statipo15 - statipo13 - statipo12
2024-03-01 23:37:14,911 - EXECUT - INFO - received weights from trainer statipo15!
2024-03-01 23:37:15,035 - EXECUT - INFO - received weights from trainer statipo13!
2024-03-01 23:37:15,415 - EXECUT - INFO - received weights from trainer statipo12!
2024-03-01 23:37:16,053 - EXECUT - INFO - sent aggregated weights to trainers!
2024-03-01 23:37:16,192 - METRIC - INFO - statipo15 loss: 0.057446300983428955 - accuracy: 0.9772357940673828
2024-03-01 23:37:16,195 - METRIC - INFO - statipo11 loss: 0.3238121271133423 - accuracy: 0.9006410241127014
2024-03-01 23:37:16,195 - METRIC - INFO - statipo12 loss: 0.059006623923778534 - accuracy: 0.9808428883552551
2024-03-01 23:37:16,209 - METRIC - INFO - statipo13 loss: 0.07186295092105865 - accuracy: 0.971794843673706
2024-03-01 23:37:16,210 - METRIC - INFO - statipo21 loss: 0.2997901737689972 - accuracy: 0.9017595052719116
2024-03-01 23:37:16,230 - METRIC - INFO - statipo14 loss: 0.06135206297039986 - accuracy: 0.9759886860847473
2024-03-01 23:37:17,056 - METRIC - INFO - mean_accuracy: 0.9513771235942841

2024-03-01 23:37:17,056 - METRIC - INFO - round: 46
2024-03-01 23:37:17,056 - METRIC - INFO - n_selected: 3
2024-03-01 23:37:17,057 - METRIC - INFO - selected_trainers: statipo21 - statipo15 - statipo12
2024-03-01 23:37:17,974 - EXECUT - INFO - received weights from trainer statipo15!
2024-03-01 23:37:18,027 - EXECUT - INFO - received weights from trainer statipo21!
2024-03-01 23:37:18,507 - EXECUT - INFO - received weights from trainer statipo12!
2024-03-01 23:37:19,145 - EXECUT - INFO - sent aggregated weights to trainers!
2024-03-01 23:37:19,290 - METRIC - INFO - statipo15 loss: 0.043771419674158096 - accuracy: 0.9821138381958008
2024-03-01 23:37:19,295 - METRIC - INFO - statipo11 loss: 0.40272343158721924 - accuracy: 0.8830128312110901
2024-03-01 23:37:19,297 - METRIC - INFO - statipo13 loss: 0.09903907030820847 - accuracy: 0.9602563977241516
2024-03-01 23:37:19,298 - METRIC - INFO - statipo14 loss: 0.09933090209960938 - accuracy: 0.9604519605636597
2024-03-01 23:37:19,323 - METRIC - INFO - statipo12 loss: 0.053671274334192276 - accuracy: 0.9885057210922241
2024-03-01 23:37:19,326 - METRIC - INFO - statipo21 loss: 0.09365531802177429 - accuracy: 0.9765396118164062
2024-03-01 23:37:20,148 - METRIC - INFO - mean_accuracy: 0.9584800601005554

2024-03-01 23:37:20,149 - METRIC - INFO - round: 47
2024-03-01 23:37:20,149 - METRIC - INFO - n_selected: 3
2024-03-01 23:37:20,149 - METRIC - INFO - selected_trainers: statipo21 - statipo14 - statipo12
2024-03-01 23:37:20,999 - EXECUT - INFO - received weights from trainer statipo12!
2024-03-01 23:37:21,168 - EXECUT - INFO - received weights from trainer statipo14!
2024-03-01 23:37:21,600 - EXECUT - INFO - received weights from trainer statipo21!
2024-03-01 23:37:22,251 - EXECUT - INFO - sent aggregated weights to trainers!
2024-03-01 23:37:22,389 - METRIC - INFO - statipo11 loss: 0.4670989215373993 - accuracy: 0.8669871687889099
2024-03-01 23:37:22,391 - METRIC - INFO - statipo12 loss: 0.05154712125658989 - accuracy: 0.982758641242981
2024-03-01 23:37:22,396 - METRIC - INFO - statipo21 loss: 0.09949707239866257 - accuracy: 0.9677419066429138
2024-03-01 23:37:22,408 - METRIC - INFO - statipo13 loss: 0.15808670222759247 - accuracy: 0.9346153736114502
2024-03-01 23:37:22,429 - METRIC - INFO - statipo15 loss: 0.18762712180614471 - accuracy: 0.9365853667259216
2024-03-01 23:37:22,438 - METRIC - INFO - statipo14 loss: 0.025503145530819893 - accuracy: 0.9901130199432373
2024-03-01 23:37:23,252 - METRIC - INFO - mean_accuracy: 0.9464669128259023

2024-03-01 23:37:23,253 - METRIC - INFO - round: 48
2024-03-01 23:37:23,253 - METRIC - INFO - n_selected: 3
2024-03-01 23:37:23,253 - METRIC - INFO - selected_trainers: statipo13 - statipo15 - statipo12
2024-03-01 23:37:24,294 - EXECUT - INFO - received weights from trainer statipo13!
2024-03-01 23:37:24,705 - EXECUT - INFO - received weights from trainer statipo15!
2024-03-01 23:37:24,760 - EXECUT - INFO - received weights from trainer statipo12!
2024-03-01 23:37:25,378 - EXECUT - INFO - sent aggregated weights to trainers!
2024-03-01 23:37:25,518 - METRIC - INFO - statipo15 loss: 0.0454995334148407 - accuracy: 0.9837398529052734
2024-03-01 23:37:25,518 - METRIC - INFO - statipo12 loss: 0.053118638694286346 - accuracy: 0.984674334526062
2024-03-01 23:37:25,520 - METRIC - INFO - statipo11 loss: 0.537873387336731 - accuracy: 0.8461538553237915
2024-03-01 23:37:25,530 - METRIC - INFO - statipo13 loss: 0.09063494950532913 - accuracy: 0.9615384340286255
2024-03-01 23:37:25,535 - METRIC - INFO - statipo21 loss: 0.13727505505084991 - accuracy: 0.9530791640281677
2024-03-01 23:37:25,538 - METRIC - INFO - statipo14 loss: 0.050376035273075104 - accuracy: 0.9788135886192322
2024-03-01 23:37:26,379 - METRIC - INFO - mean_accuracy: 0.951333204905192

2024-03-01 23:37:26,379 - METRIC - INFO - round: 49
2024-03-01 23:37:26,380 - METRIC - INFO - n_selected: 3
2024-03-01 23:37:26,380 - METRIC - INFO - selected_trainers: statipo13 - statipo14 - statipo21
2024-03-01 23:37:27,443 - EXECUT - INFO - received weights from trainer statipo14!
2024-03-01 23:37:27,496 - EXECUT - INFO - received weights from trainer statipo13!
2024-03-01 23:37:27,872 - EXECUT - INFO - received weights from trainer statipo21!
2024-03-01 23:37:28,507 - EXECUT - INFO - sent aggregated weights to trainers!
2024-03-01 23:37:28,655 - METRIC - INFO - statipo21 loss: 0.08748360723257065 - accuracy: 0.9765396118164062
2024-03-01 23:37:28,662 - METRIC - INFO - statipo14 loss: 0.03568540886044502 - accuracy: 0.9858757257461548
2024-03-01 23:37:28,677 - METRIC - INFO - statipo15 loss: 0.21312245726585388 - accuracy: 0.9219512343406677
2024-03-01 23:37:28,679 - METRIC - INFO - statipo11 loss: 0.6235937476158142 - accuracy: 0.8301281929016113
2024-03-01 23:37:28,684 - METRIC - INFO - statipo13 loss: 0.5335173606872559 - accuracy: 0.8730769157409668
2024-03-01 23:37:28,688 - METRIC - INFO - statipo12 loss: 0.08296594023704529 - accuracy: 0.9808428883552551
2024-03-01 23:37:29,508 - METRIC - INFO - mean_accuracy: 0.9280690948168436

2024-03-01 23:37:29,509 - METRIC - INFO - round: 50
2024-03-01 23:37:29,509 - METRIC - INFO - n_selected: 3
2024-03-01 23:37:29,509 - METRIC - INFO - selected_trainers: statipo13 - statipo14 - statipo11
2024-03-01 23:37:30,460 - EXECUT - INFO - received weights from trainer statipo11!
2024-03-01 23:37:30,549 - EXECUT - INFO - received weights from trainer statipo14!
2024-03-01 23:37:30,602 - EXECUT - INFO - received weights from trainer statipo13!
2024-03-01 23:37:31,633 - EXECUT - INFO - sent aggregated weights to trainers!
2024-03-01 23:37:31,768 - METRIC - INFO - statipo15 loss: 0.408838152885437 - accuracy: 0.86504065990448
2024-03-01 23:37:31,780 - METRIC - INFO - statipo14 loss: 0.041494861245155334 - accuracy: 0.9830508232116699
2024-03-01 23:37:31,783 - METRIC - INFO - statipo13 loss: 0.08737310022115707 - accuracy: 0.964102566242218
2024-03-01 23:37:31,783 - METRIC - INFO - statipo21 loss: 0.13953271508216858 - accuracy: 0.9516128897666931
2024-03-01 23:37:31,802 - METRIC - INFO - statipo11 loss: 0.048633020371198654 - accuracy: 0.9871794581413269
2024-03-01 23:37:31,809 - METRIC - INFO - statipo12 loss: 0.15399987995624542 - accuracy: 0.9521072506904602
2024-03-01 23:37:32,634 - METRIC - INFO - mean_accuracy: 0.950515607992808

2024-03-01 23:37:32,635 - METRIC - INFO - stop_condition: rounds
