2024-03-07 20:29:14,695 - EXECUT - INFO - starting server...
2024-03-07 20:29:20,966 - EXECUT - INFO - trainer number statipo15 just joined the pool
2024-03-07 20:29:21,009 - EXECUT - INFO - trainer number statipo14 just joined the pool
2024-03-07 20:29:21,057 - EXECUT - INFO - trainer number statipo12 just joined the pool
2024-03-07 20:29:21,058 - EXECUT - INFO - trainer number statipo11 just joined the pool
2024-03-07 20:29:21,058 - EXECUT - INFO - trainer number statipo21 just joined the pool
2024-03-07 20:29:21,058 - EXECUT - INFO - trainer number statipo13 just joined the pool
2024-03-07 20:29:21,702 - METRIC - INFO - round: 1
2024-03-07 20:29:21,702 - METRIC - INFO - n_selected: 3
2024-03-07 20:29:21,702 - METRIC - INFO - selected_trainers: statipo14 - statipo12 - statipo15
2024-03-07 20:29:25,442 - EXECUT - INFO - received weights from trainer statipo12!
2024-03-07 20:29:25,574 - EXECUT - INFO - received weights from trainer statipo15!
2024-03-07 20:29:25,626 - EXECUT - INFO - received weights from trainer statipo14!
2024-03-07 20:29:25,794 - EXECUT - INFO - sent aggregated weights to trainers!
2024-03-07 20:29:28,542 - METRIC - INFO - statipo12 loss: 0.11589539051055908 - accuracy: 0.961685836315155
2024-03-07 20:29:28,556 - METRIC - INFO - statipo21 loss: 31.836181640625 - accuracy: 0.3856304883956909
2024-03-07 20:29:28,566 - METRIC - INFO - statipo15 loss: 0.11720331758260727 - accuracy: 0.9593495726585388
2024-03-07 20:29:28,572 - METRIC - INFO - statipo11 loss: 29.7025089263916 - accuracy: 0.15705128014087677
2024-03-07 20:29:28,576 - METRIC - INFO - statipo13 loss: 47.90298080444336 - accuracy: 0.12564103305339813
2024-03-07 20:29:28,623 - METRIC - INFO - statipo14 loss: 0.09293810278177261 - accuracy: 0.9689265489578247
2024-03-07 20:29:28,798 - METRIC - INFO - mean_accuracy: 0.5930474599202474

2024-03-07 20:29:28,799 - METRIC - INFO - round: 2
2024-03-07 20:29:28,799 - METRIC - INFO - n_selected: 3
2024-03-07 20:29:28,799 - METRIC - INFO - selected_trainers: statipo13 - statipo15 - statipo21
2024-03-07 20:29:32,351 - EXECUT - INFO - received weights from trainer statipo15!
2024-03-07 20:29:32,678 - EXECUT - INFO - received weights from trainer statipo21!
2024-03-07 20:29:32,781 - EXECUT - INFO - received weights from trainer statipo13!
2024-03-07 20:29:32,884 - EXECUT - INFO - sent aggregated weights to trainers!
2024-03-07 20:29:35,654 - METRIC - INFO - statipo15 loss: 0.2845120131969452 - accuracy: 0.8991869688034058
2024-03-07 20:29:35,660 - METRIC - INFO - statipo11 loss: 2.19403338432312 - accuracy: 0.2163461595773697
2024-03-07 20:29:35,663 - METRIC - INFO - statipo14 loss: 2.369415521621704 - accuracy: 0.25847458839416504
2024-03-07 20:29:35,665 - METRIC - INFO - statipo21 loss: 0.3597533106803894 - accuracy: 0.8563050031661987
2024-03-07 20:29:35,666 - METRIC - INFO - statipo13 loss: 0.3853627145290375 - accuracy: 0.8307692408561707
2024-03-07 20:29:35,681 - METRIC - INFO - statipo12 loss: 2.5155680179595947 - accuracy: 0.1666666716337204
2024-03-07 20:29:35,887 - METRIC - INFO - mean_accuracy: 0.5379581054051717

2024-03-07 20:29:35,887 - METRIC - INFO - round: 3
2024-03-07 20:29:35,888 - METRIC - INFO - n_selected: 3
2024-03-07 20:29:35,888 - METRIC - INFO - selected_trainers: statipo13 - statipo21 - statipo12
2024-03-07 20:29:39,566 - EXECUT - INFO - received weights from trainer statipo21!
2024-03-07 20:29:39,634 - EXECUT - INFO - received weights from trainer statipo13!
2024-03-07 20:29:40,041 - EXECUT - INFO - received weights from trainer statipo12!
2024-03-07 20:29:41,011 - EXECUT - INFO - sent aggregated weights to trainers!
2024-03-07 20:29:43,775 - METRIC - INFO - statipo12 loss: 0.20555710792541504 - accuracy: 0.9482758641242981
2024-03-07 20:29:43,783 - METRIC - INFO - statipo13 loss: 0.31018155813217163 - accuracy: 0.8730769157409668
2024-03-07 20:29:43,786 - METRIC - INFO - statipo14 loss: 1.9462685585021973 - accuracy: 0.2740113139152527
2024-03-07 20:29:43,786 - METRIC - INFO - statipo21 loss: 0.2474881112575531 - accuracy: 0.9090909361839294
2024-03-07 20:29:43,813 - METRIC - INFO - statipo15 loss: 1.2923393249511719 - accuracy: 0.4585365951061249
2024-03-07 20:29:43,813 - METRIC - INFO - statipo11 loss: 1.6875836849212646 - accuracy: 0.37339743971824646
2024-03-07 20:29:44,014 - METRIC - INFO - mean_accuracy: 0.6393981774648031

2024-03-07 20:29:44,015 - METRIC - INFO - round: 4
2024-03-07 20:29:44,015 - METRIC - INFO - n_selected: 3
2024-03-07 20:29:44,015 - METRIC - INFO - selected_trainers: statipo13 - statipo21 - statipo15
2024-03-07 20:29:47,652 - EXECUT - INFO - received weights from trainer statipo15!
2024-03-07 20:29:47,843 - EXECUT - INFO - received weights from trainer statipo13!
2024-03-07 20:29:48,209 - EXECUT - INFO - received weights from trainer statipo21!
2024-03-07 20:29:49,102 - EXECUT - INFO - sent aggregated weights to trainers!
2024-03-07 20:29:51,871 - METRIC - INFO - statipo15 loss: 0.1822967529296875 - accuracy: 0.934959352016449
2024-03-07 20:29:51,873 - METRIC - INFO - statipo12 loss: 1.7332091331481934 - accuracy: 0.43103447556495667
2024-03-07 20:29:51,876 - METRIC - INFO - statipo13 loss: 0.29196426272392273 - accuracy: 0.892307698726654
2024-03-07 20:29:51,878 - METRIC - INFO - statipo14 loss: 2.6057586669921875 - accuracy: 0.25141242146492004
2024-03-07 20:29:51,878 - METRIC - INFO - statipo21 loss: 0.18655283749103546 - accuracy: 0.9310850501060486
2024-03-07 20:29:51,913 - METRIC - INFO - statipo11 loss: 2.1094257831573486 - accuracy: 0.3365384638309479
2024-03-07 20:29:52,105 - METRIC - INFO - mean_accuracy: 0.6295562436183294

2024-03-07 20:29:52,106 - METRIC - INFO - round: 5
2024-03-07 20:29:52,106 - METRIC - INFO - n_selected: 3
2024-03-07 20:29:52,106 - METRIC - INFO - selected_trainers: statipo13 - statipo14 - statipo21
2024-03-07 20:29:55,824 - EXECUT - INFO - received weights from trainer statipo21!
2024-03-07 20:29:55,877 - EXECUT - INFO - received weights from trainer statipo14!
2024-03-07 20:29:55,928 - EXECUT - INFO - received weights from trainer statipo13!
2024-03-07 20:29:56,194 - EXECUT - INFO - sent aggregated weights to trainers!
2024-03-07 20:29:58,959 - METRIC - INFO - statipo14 loss: 0.15873774886131287 - accuracy: 0.9392655491828918
2024-03-07 20:29:58,962 - METRIC - INFO - statipo12 loss: 2.2631053924560547 - accuracy: 0.35823753476142883
2024-03-07 20:29:58,969 - METRIC - INFO - statipo13 loss: 0.24712811410427094 - accuracy: 0.8987179398536682
2024-03-07 20:29:58,972 - METRIC - INFO - statipo21 loss: 0.1848602443933487 - accuracy: 0.9193548560142517
2024-03-07 20:29:58,980 - METRIC - INFO - statipo11 loss: 2.288501501083374 - accuracy: 0.375
2024-03-07 20:29:58,989 - METRIC - INFO - statipo15 loss: 1.877637505531311 - accuracy: 0.40813007950782776
2024-03-07 20:29:59,198 - METRIC - INFO - mean_accuracy: 0.6497843265533447

2024-03-07 20:29:59,198 - METRIC - INFO - round: 6
2024-03-07 20:29:59,199 - METRIC - INFO - n_selected: 3
2024-03-07 20:29:59,199 - METRIC - INFO - selected_trainers: statipo15 - statipo11 - statipo14
2024-03-07 20:30:02,809 - EXECUT - INFO - received weights from trainer statipo15!
2024-03-07 20:30:02,907 - EXECUT - INFO - received weights from trainer statipo14!
2024-03-07 20:30:03,089 - EXECUT - INFO - received weights from trainer statipo11!
2024-03-07 20:30:03,320 - EXECUT - INFO - sent aggregated weights to trainers!
2024-03-07 20:30:06,094 - METRIC - INFO - statipo11 loss: 0.16493354737758636 - accuracy: 0.9583333134651184
2024-03-07 20:30:06,117 - METRIC - INFO - statipo15 loss: 0.2318442016839981 - accuracy: 0.9105691313743591
2024-03-07 20:30:06,120 - METRIC - INFO - statipo12 loss: 2.889272689819336 - accuracy: 0.2816092073917389
2024-03-07 20:30:06,122 - METRIC - INFO - statipo13 loss: 1.0815287828445435 - accuracy: 0.6551281809806824
2024-03-07 20:30:06,124 - METRIC - INFO - statipo14 loss: 0.069104865193367 - accuracy: 0.9788135886192322
2024-03-07 20:30:06,125 - METRIC - INFO - statipo21 loss: 0.6793440580368042 - accuracy: 0.7844575047492981
2024-03-07 20:30:06,325 - METRIC - INFO - mean_accuracy: 0.7614851544300715

2024-03-07 20:30:06,326 - METRIC - INFO - round: 7
2024-03-07 20:30:06,326 - METRIC - INFO - n_selected: 3
2024-03-07 20:30:06,326 - METRIC - INFO - selected_trainers: statipo21 - statipo12 - statipo11
2024-03-07 20:30:09,944 - EXECUT - INFO - received weights from trainer statipo11!
2024-03-07 20:30:09,996 - EXECUT - INFO - received weights from trainer statipo21!
2024-03-07 20:30:10,506 - EXECUT - INFO - received weights from trainer statipo12!
2024-03-07 20:30:11,415 - EXECUT - INFO - sent aggregated weights to trainers!
2024-03-07 20:30:14,182 - METRIC - INFO - statipo12 loss: 0.11130820959806442 - accuracy: 0.967432975769043
2024-03-07 20:30:14,186 - METRIC - INFO - statipo13 loss: 3.5784683227539062 - accuracy: 0.45769229531288147
2024-03-07 20:30:14,190 - METRIC - INFO - statipo11 loss: 0.1199808344244957 - accuracy: 0.9679487347602844
2024-03-07 20:30:14,191 - METRIC - INFO - statipo21 loss: 0.18710273504257202 - accuracy: 0.9310850501060486
2024-03-07 20:30:14,212 - METRIC - INFO - statipo14 loss: 0.7254123091697693 - accuracy: 0.7033898234367371
2024-03-07 20:30:14,216 - METRIC - INFO - statipo15 loss: 1.5650323629379272 - accuracy: 0.5252032279968262
2024-03-07 20:30:14,420 - METRIC - INFO - mean_accuracy: 0.7587920178969702

2024-03-07 20:30:14,420 - METRIC - INFO - round: 8
2024-03-07 20:30:14,421 - METRIC - INFO - n_selected: 3
2024-03-07 20:30:14,421 - METRIC - INFO - selected_trainers: statipo15 - statipo21 - statipo12
2024-03-07 20:30:18,026 - EXECUT - INFO - received weights from trainer statipo15!
2024-03-07 20:30:18,078 - EXECUT - INFO - received weights from trainer statipo21!
2024-03-07 20:30:18,570 - EXECUT - INFO - received weights from trainer statipo12!
2024-03-07 20:30:19,509 - EXECUT - INFO - sent aggregated weights to trainers!
2024-03-07 20:30:22,273 - METRIC - INFO - statipo12 loss: 0.11340847611427307 - accuracy: 0.975095808506012
2024-03-07 20:30:22,279 - METRIC - INFO - statipo15 loss: 0.1506700962781906 - accuracy: 0.9414634108543396
2024-03-07 20:30:22,283 - METRIC - INFO - statipo14 loss: 1.5577400922775269 - accuracy: 0.4887005686759949
2024-03-07 20:30:22,283 - METRIC - INFO - statipo11 loss: 0.9387121200561523 - accuracy: 0.7275640964508057
2024-03-07 20:30:22,285 - METRIC - INFO - statipo21 loss: 0.1273420751094818 - accuracy: 0.9589442610740662
2024-03-07 20:30:22,287 - METRIC - INFO - statipo13 loss: 5.8776774406433105 - accuracy: 0.31794872879981995
2024-03-07 20:30:22,513 - METRIC - INFO - mean_accuracy: 0.7349528123935064

2024-03-07 20:30:22,513 - METRIC - INFO - round: 9
2024-03-07 20:30:22,514 - METRIC - INFO - n_selected: 3
2024-03-07 20:30:22,514 - METRIC - INFO - selected_trainers: statipo12 - statipo11 - statipo14
2024-03-07 20:30:26,179 - EXECUT - INFO - received weights from trainer statipo11!
2024-03-07 20:30:26,240 - EXECUT - INFO - received weights from trainer statipo14!
2024-03-07 20:30:26,704 - EXECUT - INFO - received weights from trainer statipo12!
2024-03-07 20:30:27,603 - EXECUT - INFO - sent aggregated weights to trainers!
2024-03-07 20:30:30,369 - METRIC - INFO - statipo15 loss: 2.2270991802215576 - accuracy: 0.4943089485168457
2024-03-07 20:30:30,378 - METRIC - INFO - statipo13 loss: 8.011635780334473 - accuracy: 0.22051282227039337
2024-03-07 20:30:30,382 - METRIC - INFO - statipo21 loss: 1.2312160730361938 - accuracy: 0.6715542674064636
2024-03-07 20:30:30,399 - METRIC - INFO - statipo14 loss: 0.07019570469856262 - accuracy: 0.9759886860847473
2024-03-07 20:30:30,399 - METRIC - INFO - statipo12 loss: 0.07025980204343796 - accuracy: 0.984674334526062
2024-03-07 20:30:30,404 - METRIC - INFO - statipo11 loss: 0.1743280589580536 - accuracy: 0.9439102411270142
2024-03-07 20:30:30,607 - METRIC - INFO - mean_accuracy: 0.7151582166552544

2024-03-07 20:30:30,607 - METRIC - INFO - round: 10
2024-03-07 20:30:30,607 - METRIC - INFO - n_selected: 3
2024-03-07 20:30:30,608 - METRIC - INFO - selected_trainers: statipo15 - statipo11 - statipo21
2024-03-07 20:30:34,222 - EXECUT - INFO - received weights from trainer statipo11!
2024-03-07 20:30:34,271 - EXECUT - INFO - received weights from trainer statipo15!
2024-03-07 20:30:34,781 - EXECUT - INFO - received weights from trainer statipo21!
2024-03-07 20:30:35,731 - EXECUT - INFO - sent aggregated weights to trainers!
2024-03-07 20:30:38,498 - METRIC - INFO - statipo14 loss: 0.7413643002510071 - accuracy: 0.7288135886192322
2024-03-07 20:30:38,506 - METRIC - INFO - statipo21 loss: 0.1467689722776413 - accuracy: 0.9516128897666931
2024-03-07 20:30:38,526 - METRIC - INFO - statipo15 loss: 0.2534943222999573 - accuracy: 0.9024389982223511
2024-03-07 20:30:38,530 - METRIC - INFO - statipo11 loss: 0.08352359384298325 - accuracy: 0.9791666865348816
2024-03-07 20:30:38,530 - METRIC - INFO - statipo13 loss: 10.21858024597168 - accuracy: 0.2192307710647583
2024-03-07 20:30:38,531 - METRIC - INFO - statipo12 loss: 1.0543164014816284 - accuracy: 0.6379310488700867
2024-03-07 20:30:38,735 - METRIC - INFO - mean_accuracy: 0.7365323305130005

2024-03-07 20:30:38,735 - METRIC - INFO - round: 11
2024-03-07 20:30:38,735 - METRIC - INFO - n_selected: 3
2024-03-07 20:30:38,736 - METRIC - INFO - selected_trainers: statipo15 - statipo13 - statipo11
2024-03-07 20:30:42,367 - EXECUT - INFO - received weights from trainer statipo11!
2024-03-07 20:30:42,419 - EXECUT - INFO - received weights from trainer statipo15!
2024-03-07 20:30:42,506 - EXECUT - INFO - received weights from trainer statipo13!
2024-03-07 20:30:42,824 - EXECUT - INFO - sent aggregated weights to trainers!
2024-03-07 20:30:45,590 - METRIC - INFO - statipo11 loss: 0.07870136946439743 - accuracy: 0.9775640964508057
2024-03-07 20:30:45,592 - METRIC - INFO - statipo14 loss: 1.4968596696853638 - accuracy: 0.5932203531265259
2024-03-07 20:30:45,598 - METRIC - INFO - statipo21 loss: 1.6828405857086182 - accuracy: 0.6422287225723267
2024-03-07 20:30:45,601 - METRIC - INFO - statipo13 loss: 0.27038851380348206 - accuracy: 0.8948717713356018
2024-03-07 20:30:45,620 - METRIC - INFO - statipo15 loss: 0.129921555519104 - accuracy: 0.9495934844017029
2024-03-07 20:30:45,621 - METRIC - INFO - statipo12 loss: 2.54426646232605 - accuracy: 0.40613025426864624
2024-03-07 20:30:45,828 - METRIC - INFO - mean_accuracy: 0.7439347803592682

2024-03-07 20:30:45,828 - METRIC - INFO - round: 12
2024-03-07 20:30:45,828 - METRIC - INFO - n_selected: 3
2024-03-07 20:30:45,828 - METRIC - INFO - selected_trainers: statipo14 - statipo13 - statipo21
2024-03-07 20:30:49,562 - EXECUT - INFO - received weights from trainer statipo14!
2024-03-07 20:30:49,614 - EXECUT - INFO - received weights from trainer statipo13!
2024-03-07 20:30:50,010 - EXECUT - INFO - received weights from trainer statipo21!
2024-03-07 20:30:50,917 - EXECUT - INFO - sent aggregated weights to trainers!
2024-03-07 20:30:53,686 - METRIC - INFO - statipo14 loss: 0.14374995231628418 - accuracy: 0.9406779408454895
2024-03-07 20:30:53,697 - METRIC - INFO - statipo12 loss: 1.8676185607910156 - accuracy: 0.5344827771186829
2024-03-07 20:30:53,697 - METRIC - INFO - statipo11 loss: 0.7491153478622437 - accuracy: 0.7772436141967773
2024-03-07 20:30:53,702 - METRIC - INFO - statipo21 loss: 0.12199533730745316 - accuracy: 0.9516128897666931
2024-03-07 20:30:53,708 - METRIC - INFO - statipo15 loss: 0.9608656764030457 - accuracy: 0.707317054271698
2024-03-07 20:30:53,716 - METRIC - INFO - statipo13 loss: 0.1598908007144928 - accuracy: 0.9397435784339905
2024-03-07 20:30:53,921 - METRIC - INFO - mean_accuracy: 0.8085129757722219

2024-03-07 20:30:53,921 - METRIC - INFO - round: 13
2024-03-07 20:30:53,922 - METRIC - INFO - n_selected: 3
2024-03-07 20:30:53,922 - METRIC - INFO - selected_trainers: statipo11 - statipo15 - statipo21
2024-03-07 20:30:57,563 - EXECUT - INFO - received weights from trainer statipo15!
2024-03-07 20:30:57,612 - EXECUT - INFO - received weights from trainer statipo21!
2024-03-07 20:30:58,069 - EXECUT - INFO - received weights from trainer statipo11!
2024-03-07 20:30:59,010 - EXECUT - INFO - sent aggregated weights to trainers!
2024-03-07 20:31:01,778 - METRIC - INFO - statipo15 loss: 0.12379752099514008 - accuracy: 0.9528455138206482
2024-03-07 20:31:01,788 - METRIC - INFO - statipo14 loss: 0.3540099263191223 - accuracy: 0.8714689016342163
2024-03-07 20:31:01,790 - METRIC - INFO - statipo13 loss: 1.1051899194717407 - accuracy: 0.7012820243835449
2024-03-07 20:31:01,795 - METRIC - INFO - statipo21 loss: 0.12290120869874954 - accuracy: 0.9604105353355408
2024-03-07 20:31:01,802 - METRIC - INFO - statipo11 loss: 0.0773351714015007 - accuracy: 0.9743589758872986
2024-03-07 20:31:01,808 - METRIC - INFO - statipo12 loss: 3.0427286624908447 - accuracy: 0.3773946464061737
2024-03-07 20:31:02,014 - METRIC - INFO - mean_accuracy: 0.8062934329112371

2024-03-07 20:31:02,015 - METRIC - INFO - round: 14
2024-03-07 20:31:02,015 - METRIC - INFO - n_selected: 3
2024-03-07 20:31:02,015 - METRIC - INFO - selected_trainers: statipo12 - statipo15 - statipo11
2024-03-07 20:31:05,676 - EXECUT - INFO - received weights from trainer statipo11!
2024-03-07 20:31:05,729 - EXECUT - INFO - received weights from trainer statipo15!
2024-03-07 20:31:06,178 - EXECUT - INFO - received weights from trainer statipo12!
2024-03-07 20:31:07,105 - EXECUT - INFO - sent aggregated weights to trainers!
2024-03-07 20:31:09,880 - METRIC - INFO - statipo14 loss: 0.6137518882751465 - accuracy: 0.7570621371269226
2024-03-07 20:31:09,884 - METRIC - INFO - statipo13 loss: 2.433821439743042 - accuracy: 0.5846154093742371
2024-03-07 20:31:09,887 - METRIC - INFO - statipo21 loss: 0.9843242764472961 - accuracy: 0.7111436724662781
2024-03-07 20:31:09,890 - METRIC - INFO - statipo12 loss: 0.08214520663022995 - accuracy: 0.977011501789093
2024-03-07 20:31:09,903 - METRIC - INFO - statipo15 loss: 0.1372590959072113 - accuracy: 0.9495934844017029
2024-03-07 20:31:09,907 - METRIC - INFO - statipo11 loss: 0.07269708067178726 - accuracy: 0.9775640964508057
2024-03-07 20:31:10,108 - METRIC - INFO - mean_accuracy: 0.8261650502681732

2024-03-07 20:31:10,108 - METRIC - INFO - round: 15
2024-03-07 20:31:10,108 - METRIC - INFO - n_selected: 3
2024-03-07 20:31:10,108 - METRIC - INFO - selected_trainers: statipo21 - statipo11 - statipo15
2024-03-07 20:31:13,858 - EXECUT - INFO - received weights from trainer statipo15!
2024-03-07 20:31:13,907 - EXECUT - INFO - received weights from trainer statipo21!
2024-03-07 20:31:14,340 - EXECUT - INFO - received weights from trainer statipo11!
2024-03-07 20:31:15,197 - EXECUT - INFO - sent aggregated weights to trainers!
2024-03-07 20:31:17,962 - METRIC - INFO - statipo12 loss: 1.3841272592544556 - accuracy: 0.5957854390144348
2024-03-07 20:31:17,975 - METRIC - INFO - statipo11 loss: 0.0648486316204071 - accuracy: 0.9823718070983887
2024-03-07 20:31:17,977 - METRIC - INFO - statipo21 loss: 0.10431023687124252 - accuracy: 0.9604105353355408
2024-03-07 20:31:17,978 - METRIC - INFO - statipo15 loss: 0.07401832938194275 - accuracy: 0.9723577499389648
2024-03-07 20:31:17,985 - METRIC - INFO - statipo13 loss: 3.5400519371032715 - accuracy: 0.5294871926307678
2024-03-07 20:31:17,996 - METRIC - INFO - statipo14 loss: 0.9710597395896912 - accuracy: 0.637005627155304
2024-03-07 20:31:18,201 - METRIC - INFO - mean_accuracy: 0.7795697251955668

2024-03-07 20:31:18,201 - METRIC - INFO - round: 16
2024-03-07 20:31:18,202 - METRIC - INFO - n_selected: 3
2024-03-07 20:31:18,202 - METRIC - INFO - selected_trainers: statipo13 - statipo14 - statipo12
2024-03-07 20:31:21,758 - EXECUT - INFO - received weights from trainer statipo12!
2024-03-07 20:31:21,978 - EXECUT - INFO - received weights from trainer statipo14!
2024-03-07 20:31:22,027 - EXECUT - INFO - received weights from trainer statipo13!
2024-03-07 20:31:22,291 - EXECUT - INFO - sent aggregated weights to trainers!
2024-03-07 20:31:25,057 - METRIC - INFO - statipo15 loss: 0.7462796568870544 - accuracy: 0.8178861737251282
2024-03-07 20:31:25,059 - METRIC - INFO - statipo12 loss: 0.08635306358337402 - accuracy: 0.9655172228813171
2024-03-07 20:31:25,065 - METRIC - INFO - statipo21 loss: 1.1570115089416504 - accuracy: 0.7067448496818542
2024-03-07 20:31:25,066 - METRIC - INFO - statipo14 loss: 0.22514276206493378 - accuracy: 0.9293785095214844
2024-03-07 20:31:25,088 - METRIC - INFO - statipo13 loss: 0.24722152948379517 - accuracy: 0.8910256624221802
2024-03-07 20:31:25,092 - METRIC - INFO - statipo11 loss: 0.40528053045272827 - accuracy: 0.8782051205635071
2024-03-07 20:31:25,295 - METRIC - INFO - mean_accuracy: 0.8647929231325785

2024-03-07 20:31:25,295 - METRIC - INFO - round: 17
2024-03-07 20:31:25,296 - METRIC - INFO - n_selected: 3
2024-03-07 20:31:25,296 - METRIC - INFO - selected_trainers: statipo21 - statipo15 - statipo14
2024-03-07 20:31:28,896 - EXECUT - INFO - received weights from trainer statipo15!
2024-03-07 20:31:28,951 - EXECUT - INFO - received weights from trainer statipo21!
2024-03-07 20:31:29,000 - EXECUT - INFO - received weights from trainer statipo14!
2024-03-07 20:31:29,383 - EXECUT - INFO - sent aggregated weights to trainers!
2024-03-07 20:31:32,153 - METRIC - INFO - statipo11 loss: 0.9100916981697083 - accuracy: 0.7532051205635071
2024-03-07 20:31:32,158 - METRIC - INFO - statipo14 loss: 0.04988602548837662 - accuracy: 0.9759886860847473
2024-03-07 20:31:32,159 - METRIC - INFO - statipo12 loss: 1.0101954936981201 - accuracy: 0.6915708780288696
2024-03-07 20:31:32,162 - METRIC - INFO - statipo13 loss: 1.6003719568252563 - accuracy: 0.6320512890815735
2024-03-07 20:31:32,164 - METRIC - INFO - statipo21 loss: 0.1741171032190323 - accuracy: 0.9237536787986755
2024-03-07 20:31:32,183 - METRIC - INFO - statipo15 loss: 0.09564665704965591 - accuracy: 0.9642276167869568
2024-03-07 20:31:32,387 - METRIC - INFO - mean_accuracy: 0.8234662115573883

2024-03-07 20:31:32,387 - METRIC - INFO - round: 18
2024-03-07 20:31:32,387 - METRIC - INFO - n_selected: 3
2024-03-07 20:31:32,388 - METRIC - INFO - selected_trainers: statipo21 - statipo14 - statipo15
2024-03-07 20:31:36,008 - EXECUT - INFO - received weights from trainer statipo15!
2024-03-07 20:31:36,080 - EXECUT - INFO - received weights from trainer statipo14!
2024-03-07 20:31:36,536 - EXECUT - INFO - received weights from trainer statipo21!
2024-03-07 20:31:37,476 - EXECUT - INFO - sent aggregated weights to trainers!
2024-03-07 20:31:40,246 - METRIC - INFO - statipo12 loss: 1.5155928134918213 - accuracy: 0.6168582439422607
2024-03-07 20:31:40,247 - METRIC - INFO - statipo11 loss: 1.1616584062576294 - accuracy: 0.7355769276618958
2024-03-07 20:31:40,251 - METRIC - INFO - statipo13 loss: 2.7758355140686035 - accuracy: 0.5384615659713745
2024-03-07 20:31:40,260 - METRIC - INFO - statipo21 loss: 0.09833156317472458 - accuracy: 0.9604105353355408
2024-03-07 20:31:40,275 - METRIC - INFO - statipo15 loss: 0.0699075311422348 - accuracy: 0.9691057205200195
2024-03-07 20:31:40,278 - METRIC - INFO - statipo14 loss: 0.0847235918045044 - accuracy: 0.9576271176338196
2024-03-07 20:31:40,480 - METRIC - INFO - mean_accuracy: 0.7963400185108185

2024-03-07 20:31:40,480 - METRIC - INFO - round: 19
2024-03-07 20:31:40,481 - METRIC - INFO - n_selected: 3
2024-03-07 20:31:40,481 - METRIC - INFO - selected_trainers: statipo21 - statipo13 - statipo12
2024-03-07 20:31:43,972 - EXECUT - INFO - received weights from trainer statipo12!
2024-03-07 20:31:44,172 - EXECUT - INFO - received weights from trainer statipo21!
2024-03-07 20:31:44,221 - EXECUT - INFO - received weights from trainer statipo13!
2024-03-07 20:31:44,569 - EXECUT - INFO - sent aggregated weights to trainers!
2024-03-07 20:31:47,332 - METRIC - INFO - statipo12 loss: 0.058954473584890366 - accuracy: 0.9808428883552551
2024-03-07 20:31:47,342 - METRIC - INFO - statipo21 loss: 0.13471971452236176 - accuracy: 0.9486803412437439
2024-03-07 20:31:47,344 - METRIC - INFO - statipo13 loss: 0.16254279017448425 - accuracy: 0.9217948913574219
2024-03-07 20:31:47,369 - METRIC - INFO - statipo15 loss: 0.6909323334693909 - accuracy: 0.8097561001777649
2024-03-07 20:31:47,369 - METRIC - INFO - statipo14 loss: 0.13411583006381989 - accuracy: 0.9350282549858093
2024-03-07 20:31:47,375 - METRIC - INFO - statipo11 loss: 1.3932608366012573 - accuracy: 0.7051281929016113
2024-03-07 20:31:47,573 - METRIC - INFO - mean_accuracy: 0.8835384448369344

2024-03-07 20:31:47,573 - METRIC - INFO - round: 20
2024-03-07 20:31:47,574 - METRIC - INFO - n_selected: 3
2024-03-07 20:31:47,574 - METRIC - INFO - selected_trainers: statipo15 - statipo14 - statipo13
2024-03-07 20:31:51,194 - EXECUT - INFO - received weights from trainer statipo15!
2024-03-07 20:31:51,286 - EXECUT - INFO - received weights from trainer statipo14!
2024-03-07 20:31:51,335 - EXECUT - INFO - received weights from trainer statipo13!
2024-03-07 20:31:51,661 - EXECUT - INFO - sent aggregated weights to trainers!
2024-03-07 20:31:54,427 - METRIC - INFO - statipo12 loss: 1.117180585861206 - accuracy: 0.6762452125549316
2024-03-07 20:31:54,430 - METRIC - INFO - statipo15 loss: 0.06818663328886032 - accuracy: 0.9723577499389648
2024-03-07 20:31:54,437 - METRIC - INFO - statipo21 loss: 0.30042406916618347 - accuracy: 0.8841642141342163
2024-03-07 20:31:54,444 - METRIC - INFO - statipo14 loss: 0.06347299367189407 - accuracy: 0.9745762944221497
2024-03-07 20:31:54,458 - METRIC - INFO - statipo13 loss: 0.12704651057720184 - accuracy: 0.9564102292060852
2024-03-07 20:31:54,464 - METRIC - INFO - statipo11 loss: 1.6705820560455322 - accuracy: 0.6554487347602844
2024-03-07 20:31:54,665 - METRIC - INFO - mean_accuracy: 0.8532004058361053

2024-03-07 20:31:54,666 - METRIC - INFO - round: 21
2024-03-07 20:31:54,666 - METRIC - INFO - n_selected: 3
2024-03-07 20:31:54,666 - METRIC - INFO - selected_trainers: statipo12 - statipo11 - statipo15
2024-03-07 20:31:58,173 - EXECUT - INFO - received weights from trainer statipo12!
2024-03-07 20:31:58,255 - EXECUT - INFO - received weights from trainer statipo11!
2024-03-07 20:31:58,801 - EXECUT - INFO - received weights from trainer statipo15!
2024-03-07 20:31:59,755 - EXECUT - INFO - sent aggregated weights to trainers!
2024-03-07 20:32:02,521 - METRIC - INFO - statipo12 loss: 0.06353168934583664 - accuracy: 0.982758641242981
2024-03-07 20:32:02,528 - METRIC - INFO - statipo15 loss: 0.0640353411436081 - accuracy: 0.9772357940673828
2024-03-07 20:32:02,536 - METRIC - INFO - statipo13 loss: 0.7684062719345093 - accuracy: 0.728205144405365
2024-03-07 20:32:02,554 - METRIC - INFO - statipo14 loss: 0.13246412575244904 - accuracy: 0.9533898234367371
2024-03-07 20:32:02,558 - METRIC - INFO - statipo21 loss: 0.5337367653846741 - accuracy: 0.8181818127632141
2024-03-07 20:32:02,561 - METRIC - INFO - statipo11 loss: 0.06274701654911041 - accuracy: 0.9823718070983887
2024-03-07 20:32:02,759 - METRIC - INFO - mean_accuracy: 0.9070238371690115

2024-03-07 20:32:02,759 - METRIC - INFO - round: 22
2024-03-07 20:32:02,759 - METRIC - INFO - n_selected: 3
2024-03-07 20:32:02,759 - METRIC - INFO - selected_trainers: statipo14 - statipo11 - statipo15
2024-03-07 20:32:06,379 - EXECUT - INFO - received weights from trainer statipo15!
2024-03-07 20:32:06,443 - EXECUT - INFO - received weights from trainer statipo14!
2024-03-07 20:32:06,936 - EXECUT - INFO - received weights from trainer statipo11!
2024-03-07 20:32:07,848 - EXECUT - INFO - sent aggregated weights to trainers!
2024-03-07 20:32:10,613 - METRIC - INFO - statipo12 loss: 0.6482300758361816 - accuracy: 0.7739463448524475
2024-03-07 20:32:10,613 - METRIC - INFO - statipo15 loss: 0.07783804833889008 - accuracy: 0.9674796462059021
2024-03-07 20:32:10,619 - METRIC - INFO - statipo13 loss: 1.7094945907592773 - accuracy: 0.6615384817123413
2024-03-07 20:32:10,627 - METRIC - INFO - statipo21 loss: 1.0572634935379028 - accuracy: 0.7155424952507019
2024-03-07 20:32:10,648 - METRIC - INFO - statipo11 loss: 0.06032600626349449 - accuracy: 0.9807692170143127
2024-03-07 20:32:10,648 - METRIC - INFO - statipo14 loss: 0.03952595219016075 - accuracy: 0.9858757257461548
2024-03-07 20:32:10,852 - METRIC - INFO - mean_accuracy: 0.8475253184636434

2024-03-07 20:32:10,852 - METRIC - INFO - round: 23
2024-03-07 20:32:10,852 - METRIC - INFO - n_selected: 3
2024-03-07 20:32:10,852 - METRIC - INFO - selected_trainers: statipo11 - statipo15 - statipo12
2024-03-07 20:32:14,362 - EXECUT - INFO - received weights from trainer statipo12!
2024-03-07 20:32:14,449 - EXECUT - INFO - received weights from trainer statipo15!
2024-03-07 20:32:14,982 - EXECUT - INFO - received weights from trainer statipo11!
2024-03-07 20:32:15,942 - EXECUT - INFO - sent aggregated weights to trainers!
2024-03-07 20:32:18,707 - METRIC - INFO - statipo15 loss: 0.09504032880067825 - accuracy: 0.9626016020774841
2024-03-07 20:32:18,714 - METRIC - INFO - statipo14 loss: 0.11766183376312256 - accuracy: 0.959039568901062
2024-03-07 20:32:18,715 - METRIC - INFO - statipo13 loss: 2.319779396057129 - accuracy: 0.607692301273346
2024-03-07 20:32:18,740 - METRIC - INFO - statipo12 loss: 0.05102326348423958 - accuracy: 0.9885057210922241
2024-03-07 20:32:18,741 - METRIC - INFO - statipo11 loss: 0.057901524007320404 - accuracy: 0.9791666865348816
2024-03-07 20:32:18,747 - METRIC - INFO - statipo21 loss: 1.6305562257766724 - accuracy: 0.6788856387138367
2024-03-07 20:32:18,945 - METRIC - INFO - mean_accuracy: 0.862648586432139

2024-03-07 20:32:18,946 - METRIC - INFO - round: 24
2024-03-07 20:32:18,946 - METRIC - INFO - n_selected: 3
2024-03-07 20:32:18,946 - METRIC - INFO - selected_trainers: statipo13 - statipo21 - statipo14
2024-03-07 20:32:22,680 - EXECUT - INFO - received weights from trainer statipo14!
2024-03-07 20:32:22,732 - EXECUT - INFO - received weights from trainer statipo13!
2024-03-07 20:32:23,154 - EXECUT - INFO - received weights from trainer statipo21!
2024-03-07 20:32:24,035 - EXECUT - INFO - sent aggregated weights to trainers!
2024-03-07 20:32:26,800 - METRIC - INFO - statipo15 loss: 0.24102793633937836 - accuracy: 0.9414634108543396
2024-03-07 20:32:26,809 - METRIC - INFO - statipo11 loss: 0.2567775845527649 - accuracy: 0.9166666865348816
2024-03-07 20:32:26,816 - METRIC - INFO - statipo13 loss: 0.110343798995018 - accuracy: 0.9615384340286255
2024-03-07 20:32:26,831 - METRIC - INFO - statipo14 loss: 0.041358426213264465 - accuracy: 0.9830508232116699
2024-03-07 20:32:26,833 - METRIC - INFO - statipo12 loss: 0.6183211207389832 - accuracy: 0.7892720103263855
2024-03-07 20:32:26,836 - METRIC - INFO - statipo21 loss: 0.12853512167930603 - accuracy: 0.9589442610740662
2024-03-07 20:32:27,039 - METRIC - INFO - mean_accuracy: 0.9251559376716614

2024-03-07 20:32:27,040 - METRIC - INFO - round: 25
2024-03-07 20:32:27,040 - METRIC - INFO - n_selected: 3
2024-03-07 20:32:27,040 - METRIC - INFO - selected_trainers: statipo15 - statipo11 - statipo12
2024-03-07 20:32:30,547 - EXECUT - INFO - received weights from trainer statipo12!
2024-03-07 20:32:30,599 - EXECUT - INFO - received weights from trainer statipo15!
2024-03-07 20:32:30,651 - EXECUT - INFO - received weights from trainer statipo11!
2024-03-07 20:32:31,164 - EXECUT - INFO - sent aggregated weights to trainers!
2024-03-07 20:32:33,935 - METRIC - INFO - statipo13 loss: 0.9004392027854919 - accuracy: 0.7064102292060852
2024-03-07 20:32:33,959 - METRIC - INFO - statipo12 loss: 0.0496525838971138 - accuracy: 0.9865900278091431
2024-03-07 20:32:33,961 - METRIC - INFO - statipo14 loss: 0.11982248723506927 - accuracy: 0.9533898234367371
2024-03-07 20:32:33,961 - METRIC - INFO - statipo15 loss: 0.06719215959310532 - accuracy: 0.9723577499389648
2024-03-07 20:32:33,963 - METRIC - INFO - statipo11 loss: 0.0563790500164032 - accuracy: 0.9823718070983887
2024-03-07 20:32:33,969 - METRIC - INFO - statipo21 loss: 0.8180069327354431 - accuracy: 0.7624633312225342
2024-03-07 20:32:34,168 - METRIC - INFO - mean_accuracy: 0.8939304947853088

2024-03-07 20:32:34,168 - METRIC - INFO - round: 26
2024-03-07 20:32:34,168 - METRIC - INFO - n_selected: 3
2024-03-07 20:32:34,168 - METRIC - INFO - selected_trainers: statipo21 - statipo15 - statipo14
2024-03-07 20:32:37,769 - EXECUT - INFO - received weights from trainer statipo15!
2024-03-07 20:32:37,821 - EXECUT - INFO - received weights from trainer statipo21!
2024-03-07 20:32:37,873 - EXECUT - INFO - received weights from trainer statipo14!
2024-03-07 20:32:38,256 - EXECUT - INFO - sent aggregated weights to trainers!
2024-03-07 20:32:41,021 - METRIC - INFO - statipo12 loss: 0.46061238646507263 - accuracy: 0.8505747318267822
2024-03-07 20:32:41,029 - METRIC - INFO - statipo13 loss: 1.6464544534683228 - accuracy: 0.6525641083717346
2024-03-07 20:32:41,030 - METRIC - INFO - statipo11 loss: 0.3365679383277893 - accuracy: 0.8926281929016113
2024-03-07 20:32:41,038 - METRIC - INFO - statipo21 loss: 0.08906930685043335 - accuracy: 0.9662756323814392
2024-03-07 20:32:41,060 - METRIC - INFO - statipo14 loss: 0.08069110661745071 - accuracy: 0.9731638431549072
2024-03-07 20:32:41,061 - METRIC - INFO - statipo15 loss: 0.07194256782531738 - accuracy: 0.9723577499389648
2024-03-07 20:32:41,260 - METRIC - INFO - mean_accuracy: 0.8845940430959066

2024-03-07 20:32:41,260 - METRIC - INFO - round: 27
2024-03-07 20:32:41,260 - METRIC - INFO - n_selected: 3
2024-03-07 20:32:41,260 - METRIC - INFO - selected_trainers: statipo12 - statipo13 - statipo15
2024-03-07 20:32:44,759 - EXECUT - INFO - received weights from trainer statipo12!
2024-03-07 20:32:44,853 - EXECUT - INFO - received weights from trainer statipo15!
2024-03-07 20:32:45,022 - EXECUT - INFO - received weights from trainer statipo13!
2024-03-07 20:32:45,386 - EXECUT - INFO - sent aggregated weights to trainers!
2024-03-07 20:32:48,151 - METRIC - INFO - statipo15 loss: 0.06575778871774673 - accuracy: 0.9788618087768555
2024-03-07 20:32:48,153 - METRIC - INFO - statipo14 loss: 0.09372597187757492 - accuracy: 0.9745762944221497
2024-03-07 20:32:48,155 - METRIC - INFO - statipo21 loss: 0.539750874042511 - accuracy: 0.8137829899787903
2024-03-07 20:32:48,160 - METRIC - INFO - statipo13 loss: 0.16181181371212006 - accuracy: 0.9346153736114502
2024-03-07 20:32:48,163 - METRIC - INFO - statipo11 loss: 0.6580208539962769 - accuracy: 0.8269230723381042
2024-03-07 20:32:48,180 - METRIC - INFO - statipo12 loss: 0.05244312435388565 - accuracy: 0.982758641242981
2024-03-07 20:32:48,389 - METRIC - INFO - mean_accuracy: 0.9185863633950552

2024-03-07 20:32:48,390 - METRIC - INFO - round: 28
2024-03-07 20:32:48,390 - METRIC - INFO - n_selected: 3
2024-03-07 20:32:48,390 - METRIC - INFO - selected_trainers: statipo12 - statipo11 - statipo15
2024-03-07 20:32:51,974 - EXECUT - INFO - received weights from trainer statipo11!
2024-03-07 20:32:52,031 - EXECUT - INFO - received weights from trainer statipo15!
2024-03-07 20:32:52,526 - EXECUT - INFO - received weights from trainer statipo12!
2024-03-07 20:32:53,479 - EXECUT - INFO - sent aggregated weights to trainers!
2024-03-07 20:32:56,244 - METRIC - INFO - statipo12 loss: 0.051293518394231796 - accuracy: 0.9808428883552551
2024-03-07 20:32:56,248 - METRIC - INFO - statipo11 loss: 0.05346257984638214 - accuracy: 0.9839743375778198
2024-03-07 20:32:56,255 - METRIC - INFO - statipo13 loss: 0.828325629234314 - accuracy: 0.7166666388511658
2024-03-07 20:32:56,256 - METRIC - INFO - statipo14 loss: 0.14485009014606476 - accuracy: 0.9491525292396545
2024-03-07 20:32:56,280 - METRIC - INFO - statipo15 loss: 0.06414055079221725 - accuracy: 0.9723577499389648
2024-03-07 20:32:56,283 - METRIC - INFO - statipo21 loss: 0.747179388999939 - accuracy: 0.7815249562263489
2024-03-07 20:32:56,482 - METRIC - INFO - mean_accuracy: 0.8974198500315348

2024-03-07 20:32:56,483 - METRIC - INFO - round: 29
2024-03-07 20:32:56,483 - METRIC - INFO - n_selected: 3
2024-03-07 20:32:56,483 - METRIC - INFO - selected_trainers: statipo21 - statipo15 - statipo11
2024-03-07 20:33:00,100 - EXECUT - INFO - received weights from trainer statipo15!
2024-03-07 20:33:00,150 - EXECUT - INFO - received weights from trainer statipo21!
2024-03-07 20:33:00,615 - EXECUT - INFO - received weights from trainer statipo11!
2024-03-07 20:33:01,570 - EXECUT - INFO - sent aggregated weights to trainers!
2024-03-07 20:33:04,338 - METRIC - INFO - statipo11 loss: 0.05669799819588661 - accuracy: 0.9791666865348816
2024-03-07 20:33:04,340 - METRIC - INFO - statipo14 loss: 0.24159887433052063 - accuracy: 0.8983050584793091
2024-03-07 20:33:04,348 - METRIC - INFO - statipo13 loss: 1.4294593334197998 - accuracy: 0.6666666865348816
2024-03-07 20:33:04,366 - METRIC - INFO - statipo15 loss: 0.06239437311887741 - accuracy: 0.9772357940673828
2024-03-07 20:33:04,367 - METRIC - INFO - statipo12 loss: 0.28046679496765137 - accuracy: 0.9137930870056152
2024-03-07 20:33:04,386 - METRIC - INFO - statipo21 loss: 0.0927780494093895 - accuracy: 0.9692082405090332
2024-03-07 20:33:04,573 - METRIC - INFO - mean_accuracy: 0.900729258855184

2024-03-07 20:33:04,574 - METRIC - INFO - round: 30
2024-03-07 20:33:04,574 - METRIC - INFO - n_selected: 3
2024-03-07 20:33:04,574 - METRIC - INFO - selected_trainers: statipo13 - statipo12 - statipo21
2024-03-07 20:33:08,071 - EXECUT - INFO - received weights from trainer statipo12!
2024-03-07 20:33:08,250 - EXECUT - INFO - received weights from trainer statipo21!
2024-03-07 20:33:08,302 - EXECUT - INFO - received weights from trainer statipo13!
2024-03-07 20:33:08,664 - EXECUT - INFO - sent aggregated weights to trainers!
2024-03-07 20:33:11,431 - METRIC - INFO - statipo12 loss: 0.05327947437763214 - accuracy: 0.9808428883552551
2024-03-07 20:33:11,431 - METRIC - INFO - statipo15 loss: 0.28341835737228394 - accuracy: 0.9365853667259216
2024-03-07 20:33:11,442 - METRIC - INFO - statipo13 loss: 0.097922682762146 - accuracy: 0.9602563977241516
2024-03-07 20:33:11,443 - METRIC - INFO - statipo14 loss: 0.2599121332168579 - accuracy: 0.8884180784225464
2024-03-07 20:33:11,460 - METRIC - INFO - statipo21 loss: 0.14147311449050903 - accuracy: 0.9486803412437439
2024-03-07 20:33:11,465 - METRIC - INFO - statipo11 loss: 0.3336467146873474 - accuracy: 0.8894230723381042
2024-03-07 20:33:11,668 - METRIC - INFO - mean_accuracy: 0.9340343574682871

2024-03-07 20:33:11,668 - METRIC - INFO - round: 31
2024-03-07 20:33:11,669 - METRIC - INFO - n_selected: 3
2024-03-07 20:33:11,669 - METRIC - INFO - selected_trainers: statipo15 - statipo11 - statipo13
2024-03-07 20:33:15,273 - EXECUT - INFO - received weights from trainer statipo11!
2024-03-07 20:33:15,323 - EXECUT - INFO - received weights from trainer statipo15!
2024-03-07 20:33:15,411 - EXECUT - INFO - received weights from trainer statipo13!
2024-03-07 20:33:15,757 - EXECUT - INFO - sent aggregated weights to trainers!
2024-03-07 20:33:18,529 - METRIC - INFO - statipo12 loss: 0.3288256824016571 - accuracy: 0.9022988677024841
2024-03-07 20:33:18,533 - METRIC - INFO - statipo21 loss: 0.29127663373947144 - accuracy: 0.8797653913497925
2024-03-07 20:33:18,534 - METRIC - INFO - statipo11 loss: 0.05369987711310387 - accuracy: 0.9855769276618958
2024-03-07 20:33:18,558 - METRIC - INFO - statipo13 loss: 0.11840830743312836 - accuracy: 0.949999988079071
2024-03-07 20:33:18,559 - METRIC - INFO - statipo14 loss: 0.3016233742237091 - accuracy: 0.8855932354927063
2024-03-07 20:33:18,564 - METRIC - INFO - statipo15 loss: 0.054946836084127426 - accuracy: 0.9772357940673828
2024-03-07 20:33:18,761 - METRIC - INFO - mean_accuracy: 0.930078367392222

2024-03-07 20:33:18,762 - METRIC - INFO - round: 32
2024-03-07 20:33:18,762 - METRIC - INFO - n_selected: 3
2024-03-07 20:33:18,762 - METRIC - INFO - selected_trainers: statipo14 - statipo13 - statipo11
2024-03-07 20:33:22,523 - EXECUT - INFO - received weights from trainer statipo14!
2024-03-07 20:33:22,575 - EXECUT - INFO - received weights from trainer statipo13!
2024-03-07 20:33:22,958 - EXECUT - INFO - received weights from trainer statipo11!
2024-03-07 20:33:23,851 - EXECUT - INFO - sent aggregated weights to trainers!
2024-03-07 20:33:26,619 - METRIC - INFO - statipo15 loss: 0.25359034538269043 - accuracy: 0.934959352016449
2024-03-07 20:33:26,622 - METRIC - INFO - statipo14 loss: 0.034119945019483566 - accuracy: 0.9901130199432373
2024-03-07 20:33:26,653 - METRIC - INFO - statipo12 loss: 0.4447288513183594 - accuracy: 0.8697317838668823
2024-03-07 20:33:26,656 - METRIC - INFO - statipo11 loss: 0.05600184574723244 - accuracy: 0.9807692170143127
2024-03-07 20:33:26,658 - METRIC - INFO - statipo21 loss: 0.51627516746521 - accuracy: 0.8225806355476379
2024-03-07 20:33:26,662 - METRIC - INFO - statipo13 loss: 0.13513100147247314 - accuracy: 0.9461538195610046
2024-03-07 20:33:26,854 - METRIC - INFO - mean_accuracy: 0.924051304658254

2024-03-07 20:33:26,855 - METRIC - INFO - round: 33
2024-03-07 20:33:26,855 - METRIC - INFO - n_selected: 3
2024-03-07 20:33:26,855 - METRIC - INFO - selected_trainers: statipo13 - statipo14 - statipo15
2024-03-07 20:33:30,485 - EXECUT - INFO - received weights from trainer statipo15!
2024-03-07 20:33:30,611 - EXECUT - INFO - received weights from trainer statipo13!
2024-03-07 20:33:30,996 - EXECUT - INFO - received weights from trainer statipo14!
2024-03-07 20:33:31,944 - EXECUT - INFO - sent aggregated weights to trainers!
2024-03-07 20:33:34,714 - METRIC - INFO - statipo15 loss: 0.059393297880887985 - accuracy: 0.9804878234863281
2024-03-07 20:33:34,715 - METRIC - INFO - statipo11 loss: 0.36231252551078796 - accuracy: 0.8910256624221802
2024-03-07 20:33:34,722 - METRIC - INFO - statipo13 loss: 0.08387009054422379 - accuracy: 0.9692307710647583
2024-03-07 20:33:34,744 - METRIC - INFO - statipo14 loss: 0.054579369723796844 - accuracy: 0.9774011373519897
2024-03-07 20:33:34,747 - METRIC - INFO - statipo21 loss: 0.8340235948562622 - accuracy: 0.7639296054840088
2024-03-07 20:33:34,748 - METRIC - INFO - statipo12 loss: 0.6150475740432739 - accuracy: 0.8218390941619873
2024-03-07 20:33:34,948 - METRIC - INFO - mean_accuracy: 0.9006523489952087

2024-03-07 20:33:34,948 - METRIC - INFO - round: 34
2024-03-07 20:33:34,948 - METRIC - INFO - n_selected: 3
2024-03-07 20:33:34,948 - METRIC - INFO - selected_trainers: statipo13 - statipo21 - statipo11
2024-03-07 20:33:38,631 - EXECUT - INFO - received weights from trainer statipo21!
2024-03-07 20:33:38,686 - EXECUT - INFO - received weights from trainer statipo13!
2024-03-07 20:33:39,131 - EXECUT - INFO - received weights from trainer statipo11!
2024-03-07 20:33:40,038 - EXECUT - INFO - sent aggregated weights to trainers!
2024-03-07 20:33:42,801 - METRIC - INFO - statipo12 loss: 0.7947072386741638 - accuracy: 0.7873563170433044
2024-03-07 20:33:42,810 - METRIC - INFO - statipo14 loss: 0.09284266084432602 - accuracy: 0.9632768630981445
2024-03-07 20:33:42,811 - METRIC - INFO - statipo13 loss: 0.08560401946306229 - accuracy: 0.964102566242218
2024-03-07 20:33:42,814 - METRIC - INFO - statipo21 loss: 0.11834326386451721 - accuracy: 0.9574779868125916
2024-03-07 20:33:42,818 - METRIC - INFO - statipo11 loss: 0.049300577491521835 - accuracy: 0.9791666865348816
2024-03-07 20:33:42,837 - METRIC - INFO - statipo15 loss: 0.2187528759241104 - accuracy: 0.9365853667259216
2024-03-07 20:33:43,041 - METRIC - INFO - mean_accuracy: 0.931327631076177

2024-03-07 20:33:43,042 - METRIC - INFO - round: 35
2024-03-07 20:33:43,042 - METRIC - INFO - n_selected: 3
2024-03-07 20:33:43,042 - METRIC - INFO - selected_trainers: statipo21 - statipo12 - statipo15
2024-03-07 20:33:46,578 - EXECUT - INFO - received weights from trainer statipo12!
2024-03-07 20:33:46,719 - EXECUT - INFO - received weights from trainer statipo21!
2024-03-07 20:33:47,184 - EXECUT - INFO - received weights from trainer statipo15!
2024-03-07 20:33:48,169 - EXECUT - INFO - sent aggregated weights to trainers!
2024-03-07 20:33:50,932 - METRIC - INFO - statipo12 loss: 0.04715204983949661 - accuracy: 0.99042147397995
2024-03-07 20:33:50,935 - METRIC - INFO - statipo11 loss: 0.33415260910987854 - accuracy: 0.9054487347602844
2024-03-07 20:33:50,942 - METRIC - INFO - statipo13 loss: 0.15518856048583984 - accuracy: 0.9256410002708435
2024-03-07 20:33:50,944 - METRIC - INFO - statipo14 loss: 0.1498125195503235 - accuracy: 0.9463276863098145
2024-03-07 20:33:50,947 - METRIC - INFO - statipo21 loss: 0.10465140640735626 - accuracy: 0.9604105353355408
2024-03-07 20:33:50,970 - METRIC - INFO - statipo15 loss: 0.061169400811195374 - accuracy: 0.9804878234863281
2024-03-07 20:33:51,173 - METRIC - INFO - mean_accuracy: 0.9514562090237936

2024-03-07 20:33:51,173 - METRIC - INFO - round: 36
2024-03-07 20:33:51,174 - METRIC - INFO - n_selected: 3
2024-03-07 20:33:51,174 - METRIC - INFO - selected_trainers: statipo14 - statipo13 - statipo15
2024-03-07 20:33:54,888 - EXECUT - INFO - received weights from trainer statipo14!
2024-03-07 20:33:54,940 - EXECUT - INFO - received weights from trainer statipo13!
2024-03-07 20:33:55,353 - EXECUT - INFO - received weights from trainer statipo15!
2024-03-07 20:33:56,299 - EXECUT - INFO - sent aggregated weights to trainers!
2024-03-07 20:33:59,064 - METRIC - INFO - statipo14 loss: 0.03597211092710495 - accuracy: 0.9872881174087524
2024-03-07 20:33:59,069 - METRIC - INFO - statipo11 loss: 0.5408300161361694 - accuracy: 0.8525640964508057
2024-03-07 20:33:59,070 - METRIC - INFO - statipo13 loss: 0.07997008413076401 - accuracy: 0.971794843673706
2024-03-07 20:33:59,080 - METRIC - INFO - statipo21 loss: 0.2137627750635147 - accuracy: 0.9120234847068787
2024-03-07 20:33:59,096 - METRIC - INFO - statipo15 loss: 0.05996344983577728 - accuracy: 0.9788618087768555
2024-03-07 20:33:59,098 - METRIC - INFO - statipo12 loss: 0.38648998737335205 - accuracy: 0.8869732022285461
2024-03-07 20:33:59,302 - METRIC - INFO - mean_accuracy: 0.9315842588742574

2024-03-07 20:33:59,303 - METRIC - INFO - round: 37
2024-03-07 20:33:59,303 - METRIC - INFO - n_selected: 3
2024-03-07 20:33:59,303 - METRIC - INFO - selected_trainers: statipo15 - statipo12 - statipo13
2024-03-07 20:34:02,803 - EXECUT - INFO - received weights from trainer statipo12!
2024-03-07 20:34:02,901 - EXECUT - INFO - received weights from trainer statipo15!
2024-03-07 20:34:03,065 - EXECUT - INFO - received weights from trainer statipo13!
2024-03-07 20:34:03,391 - EXECUT - INFO - sent aggregated weights to trainers!
2024-03-07 20:34:06,155 - METRIC - INFO - statipo15 loss: 0.06736219674348831 - accuracy: 0.9723577499389648
2024-03-07 20:34:06,158 - METRIC - INFO - statipo11 loss: 0.6753654479980469 - accuracy: 0.8301281929016113
2024-03-07 20:34:06,166 - METRIC - INFO - statipo13 loss: 0.07377146929502487 - accuracy: 0.9730769395828247
2024-03-07 20:34:06,169 - METRIC - INFO - statipo21 loss: 0.37259331345558167 - accuracy: 0.866568922996521
2024-03-07 20:34:06,180 - METRIC - INFO - statipo14 loss: 0.08598323166370392 - accuracy: 0.9675140976905823
2024-03-07 20:34:06,190 - METRIC - INFO - statipo12 loss: 0.050952281802892685 - accuracy: 0.982758641242981
2024-03-07 20:34:06,395 - METRIC - INFO - mean_accuracy: 0.9320674240589142

2024-03-07 20:34:06,395 - METRIC - INFO - round: 38
2024-03-07 20:34:06,395 - METRIC - INFO - n_selected: 3
2024-03-07 20:34:06,395 - METRIC - INFO - selected_trainers: statipo11 - statipo13 - statipo12
2024-03-07 20:34:09,898 - EXECUT - INFO - received weights from trainer statipo12!
2024-03-07 20:34:09,989 - EXECUT - INFO - received weights from trainer statipo11!
2024-03-07 20:34:10,151 - EXECUT - INFO - received weights from trainer statipo13!
2024-03-07 20:34:10,484 - EXECUT - INFO - sent aggregated weights to trainers!
2024-03-07 20:34:13,254 - METRIC - INFO - statipo13 loss: 0.10966914147138596 - accuracy: 0.9551281929016113
2024-03-07 20:34:13,257 - METRIC - INFO - statipo21 loss: 0.4557890295982361 - accuracy: 0.8445748090744019
2024-03-07 20:34:13,280 - METRIC - INFO - statipo15 loss: 0.18118010461330414 - accuracy: 0.9447154402732849
2024-03-07 20:34:13,280 - METRIC - INFO - statipo12 loss: 0.055709581822156906 - accuracy: 0.9789271950721741
2024-03-07 20:34:13,283 - METRIC - INFO - statipo14 loss: 0.15456686913967133 - accuracy: 0.9322034120559692
2024-03-07 20:34:13,287 - METRIC - INFO - statipo11 loss: 0.04921934753656387 - accuracy: 0.9855769276618958
2024-03-07 20:34:13,488 - METRIC - INFO - mean_accuracy: 0.9401876628398895

2024-03-07 20:34:13,488 - METRIC - INFO - round: 39
2024-03-07 20:34:13,489 - METRIC - INFO - n_selected: 3
2024-03-07 20:34:13,489 - METRIC - INFO - selected_trainers: statipo14 - statipo15 - statipo21
2024-03-07 20:34:17,172 - EXECUT - INFO - received weights from trainer statipo21!
2024-03-07 20:34:17,221 - EXECUT - INFO - received weights from trainer statipo14!
2024-03-07 20:34:17,624 - EXECUT - INFO - received weights from trainer statipo15!
2024-03-07 20:34:18,611 - EXECUT - INFO - sent aggregated weights to trainers!
2024-03-07 20:34:21,376 - METRIC - INFO - statipo11 loss: 0.39170730113983154 - accuracy: 0.8846153616905212
2024-03-07 20:34:21,381 - METRIC - INFO - statipo15 loss: 0.05984090268611908 - accuracy: 0.9772357940673828
2024-03-07 20:34:21,385 - METRIC - INFO - statipo14 loss: 0.0426371768116951 - accuracy: 0.9816384315490723
2024-03-07 20:34:21,387 - METRIC - INFO - statipo21 loss: 0.08785057812929153 - accuracy: 0.9706745147705078
2024-03-07 20:34:21,392 - METRIC - INFO - statipo13 loss: 0.12658920884132385 - accuracy: 0.9397435784339905
2024-03-07 20:34:21,408 - METRIC - INFO - statipo12 loss: 0.21005845069885254 - accuracy: 0.9272030591964722
2024-03-07 20:34:21,614 - METRIC - INFO - mean_accuracy: 0.9468517899513245

2024-03-07 20:34:21,615 - METRIC - INFO - round: 40
2024-03-07 20:34:21,615 - METRIC - INFO - n_selected: 3
2024-03-07 20:34:21,615 - METRIC - INFO - selected_trainers: statipo14 - statipo13 - statipo11
2024-03-07 20:34:25,349 - EXECUT - INFO - received weights from trainer statipo14!
2024-03-07 20:34:25,398 - EXECUT - INFO - received weights from trainer statipo13!
2024-03-07 20:34:25,828 - EXECUT - INFO - received weights from trainer statipo11!
2024-03-07 20:34:26,717 - EXECUT - INFO - sent aggregated weights to trainers!
2024-03-07 20:34:29,488 - METRIC - INFO - statipo14 loss: 0.030609723180532455 - accuracy: 0.9887005686759949
2024-03-07 20:34:29,493 - METRIC - INFO - statipo13 loss: 0.09200290590524673 - accuracy: 0.9628205299377441
2024-03-07 20:34:29,513 - METRIC - INFO - statipo15 loss: 0.21152886748313904 - accuracy: 0.9479674696922302
2024-03-07 20:34:29,516 - METRIC - INFO - statipo12 loss: 0.3634259104728699 - accuracy: 0.8888888955116272
2024-03-07 20:34:29,523 - METRIC - INFO - statipo11 loss: 0.055655136704444885 - accuracy: 0.9791666865348816
2024-03-07 20:34:29,523 - METRIC - INFO - statipo21 loss: 0.3216916620731354 - accuracy: 0.8753665685653687
2024-03-07 20:34:29,722 - METRIC - INFO - mean_accuracy: 0.9404851198196411

2024-03-07 20:34:29,722 - METRIC - INFO - round: 41
2024-03-07 20:34:29,722 - METRIC - INFO - n_selected: 3
2024-03-07 20:34:29,722 - METRIC - INFO - selected_trainers: statipo21 - statipo15 - statipo12
2024-03-07 20:34:33,227 - EXECUT - INFO - received weights from trainer statipo12!
2024-03-07 20:34:33,390 - EXECUT - INFO - received weights from trainer statipo21!
2024-03-07 20:34:33,889 - EXECUT - INFO - received weights from trainer statipo15!
2024-03-07 20:34:34,811 - EXECUT - INFO - sent aggregated weights to trainers!
2024-03-07 20:34:37,583 - METRIC - INFO - statipo12 loss: 0.04488855600357056 - accuracy: 0.984674334526062
2024-03-07 20:34:37,585 - METRIC - INFO - statipo11 loss: 0.3339839577674866 - accuracy: 0.8958333134651184
2024-03-07 20:34:37,609 - METRIC - INFO - statipo15 loss: 0.06552336364984512 - accuracy: 0.9804878234863281
2024-03-07 20:34:37,611 - METRIC - INFO - statipo13 loss: 0.19089044630527496 - accuracy: 0.9115384817123413
2024-03-07 20:34:37,612 - METRIC - INFO - statipo14 loss: 0.07097254693508148 - accuracy: 0.9717513918876648
2024-03-07 20:34:37,613 - METRIC - INFO - statipo21 loss: 0.14168831706047058 - accuracy: 0.9530791640281677
2024-03-07 20:34:37,815 - METRIC - INFO - mean_accuracy: 0.9495607515176138

2024-03-07 20:34:37,815 - METRIC - INFO - round: 42
2024-03-07 20:34:37,815 - METRIC - INFO - n_selected: 3
2024-03-07 20:34:37,815 - METRIC - INFO - selected_trainers: statipo15 - statipo13 - statipo21
2024-03-07 20:34:41,502 - EXECUT - INFO - received weights from trainer statipo21!
2024-03-07 20:34:41,565 - EXECUT - INFO - received weights from trainer statipo13!
2024-03-07 20:34:41,988 - EXECUT - INFO - received weights from trainer statipo15!
2024-03-07 20:34:42,904 - EXECUT - INFO - sent aggregated weights to trainers!
2024-03-07 20:34:45,674 - METRIC - INFO - statipo14 loss: 0.0996331125497818 - accuracy: 0.9618644118309021
2024-03-07 20:34:45,675 - METRIC - INFO - statipo21 loss: 0.08767944574356079 - accuracy: 0.973607063293457
2024-03-07 20:34:45,680 - METRIC - INFO - statipo13 loss: 0.08759310841560364 - accuracy: 0.9653846025466919
2024-03-07 20:34:45,700 - METRIC - INFO - statipo12 loss: 0.25132980942726135 - accuracy: 0.9214559197425842
2024-03-07 20:34:45,703 - METRIC - INFO - statipo11 loss: 0.44700589776039124 - accuracy: 0.879807710647583
2024-03-07 20:34:45,706 - METRIC - INFO - statipo15 loss: 0.06804103404283524 - accuracy: 0.9739837646484375
2024-03-07 20:34:45,907 - METRIC - INFO - mean_accuracy: 0.9460172454516093

2024-03-07 20:34:45,908 - METRIC - INFO - round: 43
2024-03-07 20:34:45,908 - METRIC - INFO - n_selected: 3
2024-03-07 20:34:45,908 - METRIC - INFO - selected_trainers: statipo14 - statipo12 - statipo13
2024-03-07 20:34:49,426 - EXECUT - INFO - received weights from trainer statipo12!
2024-03-07 20:34:49,634 - EXECUT - INFO - received weights from trainer statipo14!
2024-03-07 20:34:49,683 - EXECUT - INFO - received weights from trainer statipo13!
2024-03-07 20:34:49,997 - EXECUT - INFO - sent aggregated weights to trainers!
2024-03-07 20:34:52,764 - METRIC - INFO - statipo14 loss: 0.042830925434827805 - accuracy: 0.9858757257461548
2024-03-07 20:34:52,772 - METRIC - INFO - statipo13 loss: 0.07305620610713959 - accuracy: 0.9666666388511658
2024-03-07 20:34:52,776 - METRIC - INFO - statipo21 loss: 0.15608370304107666 - accuracy: 0.9354838728904724
2024-03-07 20:34:52,791 - METRIC - INFO - statipo15 loss: 0.23575206100940704 - accuracy: 0.9414634108543396
2024-03-07 20:34:52,793 - METRIC - INFO - statipo12 loss: 0.0396602526307106 - accuracy: 0.9885057210922241
2024-03-07 20:34:52,801 - METRIC - INFO - statipo11 loss: 0.6790639758110046 - accuracy: 0.8365384340286255
2024-03-07 20:34:53,001 - METRIC - INFO - mean_accuracy: 0.9424223005771637

2024-03-07 20:34:53,001 - METRIC - INFO - round: 44
2024-03-07 20:34:53,001 - METRIC - INFO - n_selected: 3
2024-03-07 20:34:53,001 - METRIC - INFO - selected_trainers: statipo13 - statipo12 - statipo21
2024-03-07 20:34:56,492 - EXECUT - INFO - received weights from trainer statipo12!
2024-03-07 20:34:56,645 - EXECUT - INFO - received weights from trainer statipo21!
2024-03-07 20:34:56,723 - EXECUT - INFO - received weights from trainer statipo13!
2024-03-07 20:34:57,123 - EXECUT - INFO - sent aggregated weights to trainers!
2024-03-07 20:34:59,889 - METRIC - INFO - statipo15 loss: 0.29119327664375305 - accuracy: 0.9284552931785583
2024-03-07 20:34:59,893 - METRIC - INFO - statipo11 loss: 0.7636468410491943 - accuracy: 0.8189102411270142
2024-03-07 20:34:59,894 - METRIC - INFO - statipo13 loss: 0.17551404237747192 - accuracy: 0.9371795058250427
2024-03-07 20:34:59,901 - METRIC - INFO - statipo21 loss: 0.09753837436437607 - accuracy: 0.9706745147705078
2024-03-07 20:34:59,926 - METRIC - INFO - statipo12 loss: 0.06582467257976532 - accuracy: 0.975095808506012
2024-03-07 20:34:59,927 - METRIC - INFO - statipo14 loss: 0.09267037361860275 - accuracy: 0.9604519605636597
2024-03-07 20:35:00,127 - METRIC - INFO - mean_accuracy: 0.9317945539951324

2024-03-07 20:35:00,127 - METRIC - INFO - round: 45
2024-03-07 20:35:00,128 - METRIC - INFO - n_selected: 3
2024-03-07 20:35:00,128 - METRIC - INFO - selected_trainers: statipo12 - statipo14 - statipo15
2024-03-07 20:35:03,639 - EXECUT - INFO - received weights from trainer statipo12!
2024-03-07 20:35:03,737 - EXECUT - INFO - received weights from trainer statipo15!
2024-03-07 20:35:03,802 - EXECUT - INFO - received weights from trainer statipo14!
2024-03-07 20:35:04,215 - EXECUT - INFO - sent aggregated weights to trainers!
2024-03-07 20:35:06,985 - METRIC - INFO - statipo11 loss: 0.9542297720909119 - accuracy: 0.7948718070983887
2024-03-07 20:35:06,985 - METRIC - INFO - statipo13 loss: 0.1110590398311615 - accuracy: 0.9615384340286255
2024-03-07 20:35:06,988 - METRIC - INFO - statipo14 loss: 0.035907499492168427 - accuracy: 0.9858757257461548
2024-03-07 20:35:06,988 - METRIC - INFO - statipo21 loss: 0.17233982682228088 - accuracy: 0.9354838728904724
2024-03-07 20:35:07,014 - METRIC - INFO - statipo15 loss: 0.06666000187397003 - accuracy: 0.9756097793579102
2024-03-07 20:35:07,024 - METRIC - INFO - statipo12 loss: 0.047607459127902985 - accuracy: 0.984674334526062
2024-03-07 20:35:07,219 - METRIC - INFO - mean_accuracy: 0.9396756589412689

2024-03-07 20:35:07,219 - METRIC - INFO - round: 46
2024-03-07 20:35:07,219 - METRIC - INFO - n_selected: 3
2024-03-07 20:35:07,220 - METRIC - INFO - selected_trainers: statipo12 - statipo13 - statipo11
2024-03-07 20:35:10,808 - EXECUT - INFO - received weights from trainer statipo11!
2024-03-07 20:35:10,910 - EXECUT - INFO - received weights from trainer statipo13!
2024-03-07 20:35:11,346 - EXECUT - INFO - received weights from trainer statipo12!
2024-03-07 20:35:12,311 - EXECUT - INFO - sent aggregated weights to trainers!
2024-03-07 20:35:15,073 - METRIC - INFO - statipo12 loss: 0.04590178281068802 - accuracy: 0.9865900278091431
2024-03-07 20:35:15,079 - METRIC - INFO - statipo14 loss: 0.08200693130493164 - accuracy: 0.9689265489578247
2024-03-07 20:35:15,087 - METRIC - INFO - statipo21 loss: 0.24414695799350739 - accuracy: 0.9090909361839294
2024-03-07 20:35:15,107 - METRIC - INFO - statipo15 loss: 0.22763383388519287 - accuracy: 0.9463414549827576
2024-03-07 20:35:15,110 - METRIC - INFO - statipo11 loss: 0.058898456394672394 - accuracy: 0.9839743375778198
2024-03-07 20:35:15,115 - METRIC - INFO - statipo13 loss: 0.0705493912100792 - accuracy: 0.9679487347602844
2024-03-07 20:35:15,314 - METRIC - INFO - mean_accuracy: 0.9604786733786265

2024-03-07 20:35:15,315 - METRIC - INFO - round: 47
2024-03-07 20:35:15,315 - METRIC - INFO - n_selected: 3
2024-03-07 20:35:15,315 - METRIC - INFO - selected_trainers: statipo12 - statipo11 - statipo15
2024-03-07 20:35:18,809 - EXECUT - INFO - received weights from trainer statipo12!
2024-03-07 20:35:18,905 - EXECUT - INFO - received weights from trainer statipo11!
2024-03-07 20:35:19,446 - EXECUT - INFO - received weights from trainer statipo15!
2024-03-07 20:35:20,404 - EXECUT - INFO - sent aggregated weights to trainers!
2024-03-07 20:35:23,171 - METRIC - INFO - statipo15 loss: 0.05781151354312897 - accuracy: 0.9821138381958008
2024-03-07 20:35:23,174 - METRIC - INFO - statipo11 loss: 0.05295044183731079 - accuracy: 0.9823718070983887
2024-03-07 20:35:23,180 - METRIC - INFO - statipo21 loss: 0.3820793628692627 - accuracy: 0.8651026487350464
2024-03-07 20:35:23,200 - METRIC - INFO - statipo12 loss: 0.04536290466785431 - accuracy: 0.984674334526062
2024-03-07 20:35:23,203 - METRIC - INFO - statipo14 loss: 0.11308174580335617 - accuracy: 0.9533898234367371
2024-03-07 20:35:23,205 - METRIC - INFO - statipo13 loss: 0.15670865774154663 - accuracy: 0.9243589639663696
2024-03-07 20:35:23,406 - METRIC - INFO - mean_accuracy: 0.9486685693264008

2024-03-07 20:35:23,407 - METRIC - INFO - round: 48
2024-03-07 20:35:23,407 - METRIC - INFO - n_selected: 3
2024-03-07 20:35:23,407 - METRIC - INFO - selected_trainers: statipo11 - statipo14 - statipo12
2024-03-07 20:35:26,966 - EXECUT - INFO - received weights from trainer statipo12!
2024-03-07 20:35:27,111 - EXECUT - INFO - received weights from trainer statipo14!
2024-03-07 20:35:27,620 - EXECUT - INFO - received weights from trainer statipo11!
2024-03-07 20:35:28,497 - EXECUT - INFO - sent aggregated weights to trainers!
2024-03-07 20:35:31,258 - METRIC - INFO - statipo12 loss: 0.05045924708247185 - accuracy: 0.9865900278091431
2024-03-07 20:35:31,265 - METRIC - INFO - statipo11 loss: 0.05774443596601486 - accuracy: 0.9823718070983887
2024-03-07 20:35:31,273 - METRIC - INFO - statipo21 loss: 0.5730268359184265 - accuracy: 0.8313782811164856
2024-03-07 20:35:31,292 - METRIC - INFO - statipo15 loss: 0.15348747372627258 - accuracy: 0.9593495726585388
2024-03-07 20:35:31,298 - METRIC - INFO - statipo14 loss: 0.031093331053853035 - accuracy: 0.9844632744789124
2024-03-07 20:35:31,298 - METRIC - INFO - statipo13 loss: 0.2470439225435257 - accuracy: 0.8820512890815735
2024-03-07 20:35:31,501 - METRIC - INFO - mean_accuracy: 0.9377007087071737

2024-03-07 20:35:31,501 - METRIC - INFO - round: 49
2024-03-07 20:35:31,501 - METRIC - INFO - n_selected: 3
2024-03-07 20:35:31,501 - METRIC - INFO - selected_trainers: statipo15 - statipo13 - statipo12
2024-03-07 20:35:35,081 - EXECUT - INFO - received weights from trainer statipo15!
2024-03-07 20:35:35,213 - EXECUT - INFO - received weights from trainer statipo13!
2024-03-07 20:35:35,629 - EXECUT - INFO - received weights from trainer statipo12!
2024-03-07 20:35:36,590 - EXECUT - INFO - sent aggregated weights to trainers!
2024-03-07 20:35:39,349 - METRIC - INFO - statipo12 loss: 0.053884029388427734 - accuracy: 0.9865900278091431
2024-03-07 20:35:39,355 - METRIC - INFO - statipo14 loss: 0.06893128901720047 - accuracy: 0.9731638431549072
2024-03-07 20:35:39,361 - METRIC - INFO - statipo21 loss: 0.7257093787193298 - accuracy: 0.8093841671943665
2024-03-07 20:35:39,361 - METRIC - INFO - statipo11 loss: 0.15945373475551605 - accuracy: 0.9471153616905212
2024-03-07 20:35:39,383 - METRIC - INFO - statipo13 loss: 0.07012336701154709 - accuracy: 0.9743589758872986
2024-03-07 20:35:39,385 - METRIC - INFO - statipo15 loss: 0.1125638484954834 - accuracy: 0.9658536314964294
2024-03-07 20:35:39,594 - METRIC - INFO - mean_accuracy: 0.9427443345387777

2024-03-07 20:35:39,595 - METRIC - INFO - round: 50
2024-03-07 20:35:39,595 - METRIC - INFO - n_selected: 3
2024-03-07 20:35:39,595 - METRIC - INFO - selected_trainers: statipo12 - statipo13 - statipo11
2024-03-07 20:35:43,090 - EXECUT - INFO - received weights from trainer statipo12!
2024-03-07 20:35:43,199 - EXECUT - INFO - received weights from trainer statipo11!
2024-03-07 20:35:43,318 - EXECUT - INFO - received weights from trainer statipo13!
2024-03-07 20:35:43,719 - EXECUT - INFO - sent aggregated weights to trainers!
2024-03-07 20:35:46,486 - METRIC - INFO - statipo15 loss: 0.15511347353458405 - accuracy: 0.9609755873680115
2024-03-07 20:35:46,489 - METRIC - INFO - statipo14 loss: 0.10847604274749756 - accuracy: 0.9618644118309021
2024-03-07 20:35:46,512 - METRIC - INFO - statipo12 loss: 0.04811527207493782 - accuracy: 0.984674334526062
2024-03-07 20:35:46,513 - METRIC - INFO - statipo21 loss: 0.6686788201332092 - accuracy: 0.8064516186714172
2024-03-07 20:35:46,514 - METRIC - INFO - statipo11 loss: 0.05753598362207413 - accuracy: 0.9807692170143127
2024-03-07 20:35:46,519 - METRIC - INFO - statipo13 loss: 0.08000003546476364 - accuracy: 0.9679487347602844
2024-03-07 20:35:46,722 - METRIC - INFO - mean_accuracy: 0.943780650695165

2024-03-07 20:35:46,722 - METRIC - INFO - stop_condition: rounds
