2024-03-01 23:38:28,906 - EXECUT - INFO - starting server...
2024-03-01 23:38:35,241 - EXECUT - INFO - trainer number statipo12 just joined the pool
2024-03-01 23:38:35,287 - EXECUT - INFO - trainer number statipo14 just joined the pool
2024-03-01 23:38:35,287 - EXECUT - INFO - trainer number statipo11 just joined the pool
2024-03-01 23:38:35,288 - EXECUT - INFO - trainer number statipo15 just joined the pool
2024-03-01 23:38:35,331 - EXECUT - INFO - trainer number statipo13 just joined the pool
2024-03-01 23:38:35,375 - EXECUT - INFO - trainer number statipo21 just joined the pool
2024-03-01 23:38:35,911 - METRIC - INFO - round: 1
2024-03-01 23:38:35,912 - METRIC - INFO - n_selected: 3
2024-03-01 23:38:35,912 - METRIC - INFO - selected_trainers: statipo14 - statipo21 - statipo12
2024-03-01 23:38:37,238 - EXECUT - INFO - received weights from trainer statipo21!
2024-03-01 23:38:37,292 - EXECUT - INFO - received weights from trainer statipo14!
2024-03-01 23:38:37,727 - EXECUT - INFO - received weights from trainer statipo12!
2024-03-01 23:38:38,044 - EXECUT - INFO - sent aggregated weights to trainers!
2024-03-01 23:38:38,197 - METRIC - INFO - statipo21 loss: 0.324238657951355 - accuracy: 0.8753665685653687
2024-03-01 23:38:38,205 - METRIC - INFO - statipo11 loss: 16.382049560546875 - accuracy: 0.2532051205635071
2024-03-01 23:38:38,206 - METRIC - INFO - statipo12 loss: 0.1389971822500229 - accuracy: 0.946360170841217
2024-03-01 23:38:38,207 - METRIC - INFO - statipo13 loss: 51.25225830078125 - accuracy: 0.2935897409915924
2024-03-01 23:38:38,209 - METRIC - INFO - statipo15 loss: 27.46439552307129 - accuracy: 0.21138212084770203
2024-03-01 23:38:38,225 - METRIC - INFO - statipo14 loss: 0.07353329658508301 - accuracy: 0.9731638431549072
2024-03-01 23:38:39,047 - METRIC - INFO - mean_accuracy: 0.5921779274940491

2024-03-01 23:38:39,047 - METRIC - INFO - round: 2
2024-03-01 23:38:39,047 - METRIC - INFO - n_selected: 3
2024-03-01 23:38:39,047 - METRIC - INFO - selected_trainers: statipo21 - statipo12 - statipo14
2024-03-01 23:38:40,026 - EXECUT - INFO - received weights from trainer statipo21!
2024-03-01 23:38:40,079 - EXECUT - INFO - received weights from trainer statipo14!
2024-03-01 23:38:40,538 - EXECUT - INFO - received weights from trainer statipo12!
2024-03-01 23:38:41,200 - EXECUT - INFO - sent aggregated weights to trainers!
2024-03-01 23:38:41,351 - METRIC - INFO - statipo12 loss: 0.20463307201862335 - accuracy: 0.9348658919334412
2024-03-01 23:38:41,359 - METRIC - INFO - statipo14 loss: 0.13579189777374268 - accuracy: 0.9646892547607422
2024-03-01 23:38:41,362 - METRIC - INFO - statipo15 loss: 2.934573173522949 - accuracy: 0.12682926654815674
2024-03-01 23:38:41,363 - METRIC - INFO - statipo21 loss: 0.33240005373954773 - accuracy: 0.859237551689148
2024-03-01 23:38:41,372 - METRIC - INFO - statipo11 loss: 2.2122387886047363 - accuracy: 0.18589743971824646
2024-03-01 23:38:41,385 - METRIC - INFO - statipo13 loss: 2.6581571102142334 - accuracy: 0.19358974695205688
2024-03-01 23:38:42,202 - METRIC - INFO - mean_accuracy: 0.5441848586002985

2024-03-01 23:38:42,202 - METRIC - INFO - round: 3
2024-03-01 23:38:42,203 - METRIC - INFO - n_selected: 3
2024-03-01 23:38:42,203 - METRIC - INFO - selected_trainers: statipo14 - statipo15 - statipo13
2024-03-01 23:38:43,432 - EXECUT - INFO - received weights from trainer statipo15!
2024-03-01 23:38:43,557 - EXECUT - INFO - received weights from trainer statipo13!
2024-03-01 23:38:43,649 - EXECUT - INFO - received weights from trainer statipo14!
2024-03-01 23:38:44,288 - EXECUT - INFO - sent aggregated weights to trainers!
2024-03-01 23:38:44,425 - METRIC - INFO - statipo12 loss: 1.375290870666504 - accuracy: 0.4099617004394531
2024-03-01 23:38:44,431 - METRIC - INFO - statipo11 loss: 1.708182692527771 - accuracy: 0.3958333432674408
2024-03-01 23:38:44,436 - METRIC - INFO - statipo14 loss: 0.10537438839673996 - accuracy: 0.9533898234367371
2024-03-01 23:38:44,437 - METRIC - INFO - statipo13 loss: 0.3184564709663391 - accuracy: 0.8884615302085876
2024-03-01 23:38:44,442 - METRIC - INFO - statipo21 loss: 0.7596164345741272 - accuracy: 0.6950146555900574
2024-03-01 23:38:44,464 - METRIC - INFO - statipo15 loss: 0.2742995619773865 - accuracy: 0.8845528364181519
2024-03-01 23:38:45,290 - METRIC - INFO - mean_accuracy: 0.704535648226738

2024-03-01 23:38:45,290 - METRIC - INFO - round: 4
2024-03-01 23:38:45,290 - METRIC - INFO - n_selected: 3
2024-03-01 23:38:45,290 - METRIC - INFO - selected_trainers: statipo15 - statipo11 - statipo14
2024-03-01 23:38:46,288 - EXECUT - INFO - received weights from trainer statipo14!
2024-03-01 23:38:46,462 - EXECUT - INFO - received weights from trainer statipo11!
2024-03-01 23:38:46,778 - EXECUT - INFO - received weights from trainer statipo15!
2024-03-01 23:38:47,380 - EXECUT - INFO - sent aggregated weights to trainers!
2024-03-01 23:38:47,520 - METRIC - INFO - statipo12 loss: 1.4561454057693481 - accuracy: 0.38697317242622375
2024-03-01 23:38:47,526 - METRIC - INFO - statipo14 loss: 0.22130410373210907 - accuracy: 0.9293785095214844
2024-03-01 23:38:47,535 - METRIC - INFO - statipo11 loss: 0.25956133008003235 - accuracy: 0.9134615659713745
2024-03-01 23:38:47,538 - METRIC - INFO - statipo21 loss: 0.9144713878631592 - accuracy: 0.6143695116043091
2024-03-01 23:38:47,556 - METRIC - INFO - statipo13 loss: 1.9124581813812256 - accuracy: 0.35769230127334595
2024-03-01 23:38:47,558 - METRIC - INFO - statipo15 loss: 0.22133365273475647 - accuracy: 0.9170731902122498
2024-03-01 23:38:48,382 - METRIC - INFO - mean_accuracy: 0.6864913751681646

2024-03-01 23:38:48,382 - METRIC - INFO - round: 5
2024-03-01 23:38:48,382 - METRIC - INFO - n_selected: 3
2024-03-01 23:38:48,382 - METRIC - INFO - selected_trainers: statipo21 - statipo14 - statipo13
2024-03-01 23:38:49,391 - EXECUT - INFO - received weights from trainer statipo21!
2024-03-01 23:38:49,466 - EXECUT - INFO - received weights from trainer statipo13!
2024-03-01 23:38:49,837 - EXECUT - INFO - received weights from trainer statipo14!
2024-03-01 23:38:50,477 - EXECUT - INFO - sent aggregated weights to trainers!
2024-03-01 23:38:50,612 - METRIC - INFO - statipo12 loss: 2.151580810546875 - accuracy: 0.2892720401287079
2024-03-01 23:38:50,620 - METRIC - INFO - statipo11 loss: 0.9882410764694214 - accuracy: 0.6714743375778198
2024-03-01 23:38:50,625 - METRIC - INFO - statipo21 loss: 0.19128654897212982 - accuracy: 0.9442815184593201
2024-03-01 23:38:50,626 - METRIC - INFO - statipo15 loss: 1.6345010995864868 - accuracy: 0.5333333611488342
2024-03-01 23:38:50,631 - METRIC - INFO - statipo13 loss: 0.21921853721141815 - accuracy: 0.9346153736114502
2024-03-01 23:38:50,648 - METRIC - INFO - statipo14 loss: 0.08127053827047348 - accuracy: 0.9618644118309021
2024-03-01 23:38:51,480 - METRIC - INFO - mean_accuracy: 0.7224735071261724

2024-03-01 23:38:51,480 - METRIC - INFO - round: 6
2024-03-01 23:38:51,480 - METRIC - INFO - n_selected: 3
2024-03-01 23:38:51,481 - METRIC - INFO - selected_trainers: statipo21 - statipo12 - statipo15
2024-03-01 23:38:52,310 - EXECUT - INFO - received weights from trainer statipo12!
2024-03-01 23:38:52,397 - EXECUT - INFO - received weights from trainer statipo15!
2024-03-01 23:38:52,456 - EXECUT - INFO - received weights from trainer statipo21!
2024-03-01 23:38:52,567 - EXECUT - INFO - sent aggregated weights to trainers!
2024-03-01 23:38:52,705 - METRIC - INFO - statipo11 loss: 1.5634231567382812 - accuracy: 0.6009615659713745
2024-03-01 23:38:52,713 - METRIC - INFO - statipo14 loss: 0.4227757751941681 - accuracy: 0.8347457647323608
2024-03-01 23:38:52,725 - METRIC - INFO - statipo13 loss: 1.8227688074111938 - accuracy: 0.49743589758872986
2024-03-01 23:38:52,741 - METRIC - INFO - statipo12 loss: 0.16929708421230316 - accuracy: 0.9291187524795532
2024-03-01 23:38:52,746 - METRIC - INFO - statipo15 loss: 0.21187478303909302 - accuracy: 0.9219512343406677
2024-03-01 23:38:52,766 - METRIC - INFO - statipo21 loss: 0.20185482501983643 - accuracy: 0.9134897589683533
2024-03-01 23:38:53,569 - METRIC - INFO - mean_accuracy: 0.7829504956801733

2024-03-01 23:38:53,569 - METRIC - INFO - round: 7
2024-03-01 23:38:53,569 - METRIC - INFO - n_selected: 3
2024-03-01 23:38:53,570 - METRIC - INFO - selected_trainers: statipo11 - statipo15 - statipo21
2024-03-01 23:38:54,503 - EXECUT - INFO - received weights from trainer statipo15!
2024-03-01 23:38:54,557 - EXECUT - INFO - received weights from trainer statipo11!
2024-03-01 23:38:54,610 - EXECUT - INFO - received weights from trainer statipo21!
2024-03-01 23:38:55,697 - EXECUT - INFO - sent aggregated weights to trainers!
2024-03-01 23:38:55,860 - METRIC - INFO - statipo21 loss: 0.17212778329849243 - accuracy: 0.9413489699363708
2024-03-01 23:38:55,864 - METRIC - INFO - statipo13 loss: 3.617063283920288 - accuracy: 0.34487178921699524
2024-03-01 23:38:55,868 - METRIC - INFO - statipo14 loss: 0.3482019007205963 - accuracy: 0.8502824902534485
2024-03-01 23:38:55,868 - METRIC - INFO - statipo12 loss: 1.7171698808670044 - accuracy: 0.3850574791431427
2024-03-01 23:38:55,873 - METRIC - INFO - statipo15 loss: 0.1271049529314041 - accuracy: 0.9544715285301208
2024-03-01 23:38:55,877 - METRIC - INFO - statipo11 loss: 0.1365668922662735 - accuracy: 0.9599359035491943
2024-03-01 23:38:56,699 - METRIC - INFO - mean_accuracy: 0.7393280267715454

2024-03-01 23:38:56,699 - METRIC - INFO - round: 8
2024-03-01 23:38:56,699 - METRIC - INFO - n_selected: 3
2024-03-01 23:38:56,699 - METRIC - INFO - selected_trainers: statipo14 - statipo15 - statipo13
2024-03-01 23:38:57,735 - EXECUT - INFO - received weights from trainer statipo14!
2024-03-01 23:38:57,789 - EXECUT - INFO - received weights from trainer statipo13!
2024-03-01 23:38:58,185 - EXECUT - INFO - received weights from trainer statipo15!
2024-03-01 23:38:58,854 - EXECUT - INFO - sent aggregated weights to trainers!
2024-03-01 23:38:59,000 - METRIC - INFO - statipo15 loss: 0.1243177205324173 - accuracy: 0.9528455138206482
2024-03-01 23:38:59,018 - METRIC - INFO - statipo21 loss: 0.934627115726471 - accuracy: 0.6847507357597351
2024-03-01 23:38:59,025 - METRIC - INFO - statipo13 loss: 0.1980179399251938 - accuracy: 0.9294871687889099
2024-03-01 23:38:59,027 - METRIC - INFO - statipo11 loss: 1.0079973936080933 - accuracy: 0.7099359035491943
2024-03-01 23:38:59,030 - METRIC - INFO - statipo14 loss: 0.21819542348384857 - accuracy: 0.9265536665916443
2024-03-01 23:38:59,036 - METRIC - INFO - statipo12 loss: 3.218074083328247 - accuracy: 0.22796934843063354
2024-03-01 23:38:59,856 - METRIC - INFO - mean_accuracy: 0.7385903894901276

2024-03-01 23:38:59,856 - METRIC - INFO - round: 9
2024-03-01 23:38:59,856 - METRIC - INFO - n_selected: 3
2024-03-01 23:38:59,856 - METRIC - INFO - selected_trainers: statipo21 - statipo14 - statipo11
2024-03-01 23:39:00,911 - EXECUT - INFO - received weights from trainer statipo11!
2024-03-01 23:39:00,986 - EXECUT - INFO - received weights from trainer statipo14!
2024-03-01 23:39:01,040 - EXECUT - INFO - received weights from trainer statipo21!
2024-03-01 23:39:01,948 - EXECUT - INFO - sent aggregated weights to trainers!
2024-03-01 23:39:02,092 - METRIC - INFO - statipo14 loss: 0.06855067610740662 - accuracy: 0.9717513918876648
2024-03-01 23:39:02,114 - METRIC - INFO - statipo21 loss: 0.33351194858551025 - accuracy: 0.873900294303894
2024-03-01 23:39:02,115 - METRIC - INFO - statipo15 loss: 1.1373523473739624 - accuracy: 0.642276406288147
2024-03-01 23:39:02,124 - METRIC - INFO - statipo13 loss: 1.9052568674087524 - accuracy: 0.5551282167434692
2024-03-01 23:39:02,125 - METRIC - INFO - statipo12 loss: 3.0260424613952637 - accuracy: 0.25287356972694397
2024-03-01 23:39:02,128 - METRIC - INFO - statipo11 loss: 0.11380486935377121 - accuracy: 0.9615384340286255
2024-03-01 23:39:02,950 - METRIC - INFO - mean_accuracy: 0.7095780521631241

2024-03-01 23:39:02,950 - METRIC - INFO - round: 10
2024-03-01 23:39:02,950 - METRIC - INFO - n_selected: 3
2024-03-01 23:39:02,950 - METRIC - INFO - selected_trainers: statipo15 - statipo14 - statipo11
2024-03-01 23:39:03,900 - EXECUT - INFO - received weights from trainer statipo11!
2024-03-01 23:39:03,955 - EXECUT - INFO - received weights from trainer statipo15!
2024-03-01 23:39:04,014 - EXECUT - INFO - received weights from trainer statipo14!
2024-03-01 23:39:05,079 - EXECUT - INFO - sent aggregated weights to trainers!
2024-03-01 23:39:05,225 - METRIC - INFO - statipo12 loss: 4.308257579803467 - accuracy: 0.19348658621311188
2024-03-01 23:39:05,231 - METRIC - INFO - statipo15 loss: 0.5616365075111389 - accuracy: 0.8747967481613159
2024-03-01 23:39:05,235 - METRIC - INFO - statipo21 loss: 0.7038413286209106 - accuracy: 0.733137845993042
2024-03-01 23:39:05,237 - METRIC - INFO - statipo13 loss: 3.7313225269317627 - accuracy: 0.37948718667030334
2024-03-01 23:39:05,258 - METRIC - INFO - statipo11 loss: 0.1035386472940445 - accuracy: 0.9663461446762085
2024-03-01 23:39:05,264 - METRIC - INFO - statipo14 loss: 0.1844630092382431 - accuracy: 0.9378530979156494
2024-03-01 23:39:06,079 - METRIC - INFO - mean_accuracy: 0.6808512682716051

2024-03-01 23:39:06,079 - METRIC - INFO - round: 11
2024-03-01 23:39:06,080 - METRIC - INFO - n_selected: 3
2024-03-01 23:39:06,080 - METRIC - INFO - selected_trainers: statipo13 - statipo15 - statipo12
2024-03-01 23:39:06,953 - EXECUT - INFO - received weights from trainer statipo12!
2024-03-01 23:39:07,177 - EXECUT - INFO - received weights from trainer statipo13!
2024-03-01 23:39:07,602 - EXECUT - INFO - received weights from trainer statipo15!
2024-03-01 23:39:08,170 - EXECUT - INFO - sent aggregated weights to trainers!
2024-03-01 23:39:08,323 - METRIC - INFO - statipo11 loss: 0.541898787021637 - accuracy: 0.8285256624221802
2024-03-01 23:39:08,339 - METRIC - INFO - statipo13 loss: 0.18371529877185822 - accuracy: 0.9307692050933838
2024-03-01 23:39:08,340 - METRIC - INFO - statipo14 loss: 0.12807919085025787 - accuracy: 0.9533898234367371
2024-03-01 23:39:08,341 - METRIC - INFO - statipo12 loss: 0.09279818087816238 - accuracy: 0.9731800556182861
2024-03-01 23:39:08,344 - METRIC - INFO - statipo15 loss: 0.11958583444356918 - accuracy: 0.9512194991111755
2024-03-01 23:39:08,380 - METRIC - INFO - statipo21 loss: 1.5458813905715942 - accuracy: 0.640762448310852
2024-03-01 23:39:09,171 - METRIC - INFO - mean_accuracy: 0.8796411156654358

2024-03-01 23:39:09,171 - METRIC - INFO - round: 12
2024-03-01 23:39:09,172 - METRIC - INFO - n_selected: 3
2024-03-01 23:39:09,172 - METRIC - INFO - selected_trainers: statipo13 - statipo15 - statipo11
2024-03-01 23:39:10,111 - EXECUT - INFO - received weights from trainer statipo11!
2024-03-01 23:39:10,166 - EXECUT - INFO - received weights from trainer statipo15!
2024-03-01 23:39:10,264 - EXECUT - INFO - received weights from trainer statipo13!
2024-03-01 23:39:11,268 - EXECUT - INFO - sent aggregated weights to trainers!
2024-03-01 23:39:11,409 - METRIC - INFO - statipo12 loss: 1.8586994409561157 - accuracy: 0.5191571116447449
2024-03-01 23:39:11,420 - METRIC - INFO - statipo21 loss: 1.4621998071670532 - accuracy: 0.6143695116043091
2024-03-01 23:39:11,424 - METRIC - INFO - statipo13 loss: 0.187777578830719 - accuracy: 0.9192307591438293
2024-03-01 23:39:11,429 - METRIC - INFO - statipo15 loss: 0.08069423586130142 - accuracy: 0.9723577499389648
2024-03-01 23:39:11,440 - METRIC - INFO - statipo11 loss: 0.10427463799715042 - accuracy: 0.9711538553237915
2024-03-01 23:39:11,447 - METRIC - INFO - statipo14 loss: 0.3050685226917267 - accuracy: 0.8799434900283813
2024-03-01 23:39:12,270 - METRIC - INFO - mean_accuracy: 0.8127020796140035

2024-03-01 23:39:12,270 - METRIC - INFO - round: 13
2024-03-01 23:39:12,271 - METRIC - INFO - n_selected: 3
2024-03-01 23:39:12,271 - METRIC - INFO - selected_trainers: statipo15 - statipo21 - statipo13
2024-03-01 23:39:13,264 - EXECUT - INFO - received weights from trainer statipo15!
2024-03-01 23:39:13,319 - EXECUT - INFO - received weights from trainer statipo21!
2024-03-01 23:39:13,392 - EXECUT - INFO - received weights from trainer statipo13!
2024-03-01 23:39:14,436 - EXECUT - INFO - sent aggregated weights to trainers!
2024-03-01 23:39:14,604 - METRIC - INFO - statipo12 loss: 2.7537038326263428 - accuracy: 0.3773946464061737
2024-03-01 23:39:14,612 - METRIC - INFO - statipo11 loss: 0.6517768502235413 - accuracy: 0.7980769276618958
2024-03-01 23:39:14,614 - METRIC - INFO - statipo14 loss: 0.4984796345233917 - accuracy: 0.8192090392112732
2024-03-01 23:39:14,615 - METRIC - INFO - statipo13 loss: 0.14916503429412842 - accuracy: 0.9410256147384644
2024-03-01 23:39:14,622 - METRIC - INFO - statipo15 loss: 0.08153434842824936 - accuracy: 0.9707317352294922
2024-03-01 23:39:14,651 - METRIC - INFO - statipo21 loss: 0.14486408233642578 - accuracy: 0.9398826956748962
2024-03-01 23:39:15,438 - METRIC - INFO - mean_accuracy: 0.8077201098203659

2024-03-01 23:39:15,438 - METRIC - INFO - round: 14
2024-03-01 23:39:15,438 - METRIC - INFO - n_selected: 3
2024-03-01 23:39:15,438 - METRIC - INFO - selected_trainers: statipo11 - statipo13 - statipo21
2024-03-01 23:39:16,485 - EXECUT - INFO - received weights from trainer statipo21!
2024-03-01 23:39:16,573 - EXECUT - INFO - received weights from trainer statipo13!
2024-03-01 23:39:16,955 - EXECUT - INFO - received weights from trainer statipo11!
2024-03-01 23:39:17,569 - EXECUT - INFO - sent aggregated weights to trainers!
2024-03-01 23:39:17,721 - METRIC - INFO - statipo21 loss: 0.12653572857379913 - accuracy: 0.9516128897666931
2024-03-01 23:39:17,724 - METRIC - INFO - statipo15 loss: 1.0408921241760254 - accuracy: 0.6959349513053894
2024-03-01 23:39:17,724 - METRIC - INFO - statipo13 loss: 0.1691286563873291 - accuracy: 0.9371795058250427
2024-03-01 23:39:17,726 - METRIC - INFO - statipo14 loss: 0.8544818162918091 - accuracy: 0.7118644118309021
2024-03-01 23:39:17,745 - METRIC - INFO - statipo11 loss: 0.08301881700754166 - accuracy: 0.9775640964508057
2024-03-01 23:39:17,756 - METRIC - INFO - statipo12 loss: 3.4838802814483643 - accuracy: 0.3563218414783478
2024-03-01 23:39:18,570 - METRIC - INFO - mean_accuracy: 0.7717462827761968

2024-03-01 23:39:18,571 - METRIC - INFO - round: 15
2024-03-01 23:39:18,572 - METRIC - INFO - n_selected: 3
2024-03-01 23:39:18,572 - METRIC - INFO - selected_trainers: statipo14 - statipo21 - statipo13
2024-03-01 23:39:19,613 - EXECUT - INFO - received weights from trainer statipo14!
2024-03-01 23:39:19,664 - EXECUT - INFO - received weights from trainer statipo13!
2024-03-01 23:39:20,057 - EXECUT - INFO - received weights from trainer statipo21!
2024-03-01 23:39:20,734 - EXECUT - INFO - sent aggregated weights to trainers!
2024-03-01 23:39:20,884 - METRIC - INFO - statipo12 loss: 3.898451089859009 - accuracy: 0.3141762316226959
2024-03-01 23:39:20,891 - METRIC - INFO - statipo14 loss: 0.14304226636886597 - accuracy: 0.9548022747039795
2024-03-01 23:39:20,905 - METRIC - INFO - statipo13 loss: 0.24986572563648224 - accuracy: 0.8871794939041138
2024-03-01 23:39:20,910 - METRIC - INFO - statipo11 loss: 1.0024744272232056 - accuracy: 0.7179487347602844
2024-03-01 23:39:20,910 - METRIC - INFO - statipo21 loss: 0.12117202579975128 - accuracy: 0.9560117125511169
2024-03-01 23:39:20,930 - METRIC - INFO - statipo15 loss: 1.9782649278640747 - accuracy: 0.5479674935340881
2024-03-01 23:39:21,735 - METRIC - INFO - mean_accuracy: 0.7296809901793798

2024-03-01 23:39:21,735 - METRIC - INFO - round: 16
2024-03-01 23:39:21,736 - METRIC - INFO - n_selected: 3
2024-03-01 23:39:21,736 - METRIC - INFO - selected_trainers: statipo11 - statipo14 - statipo15
2024-03-01 23:39:22,723 - EXECUT - INFO - received weights from trainer statipo11!
2024-03-01 23:39:22,790 - EXECUT - INFO - received weights from trainer statipo14!
2024-03-01 23:39:23,226 - EXECUT - INFO - received weights from trainer statipo15!
2024-03-01 23:39:23,850 - EXECUT - INFO - sent aggregated weights to trainers!
2024-03-01 23:39:23,993 - METRIC - INFO - statipo12 loss: 4.311883926391602 - accuracy: 0.30651339888572693
2024-03-01 23:39:23,998 - METRIC - INFO - statipo14 loss: 0.5885893106460571 - accuracy: 0.8389830589294434
2024-03-01 23:39:24,001 - METRIC - INFO - statipo13 loss: 0.3163785934448242 - accuracy: 0.8512820601463318
2024-03-01 23:39:24,008 - METRIC - INFO - statipo15 loss: 0.09902292490005493 - accuracy: 0.9658536314964294
2024-03-01 23:39:24,009 - METRIC - INFO - statipo21 loss: 0.39272060990333557 - accuracy: 0.8533724546432495
2024-03-01 23:39:24,026 - METRIC - INFO - statipo11 loss: 0.070646733045578 - accuracy: 0.9839743375778198
2024-03-01 23:39:24,851 - METRIC - INFO - mean_accuracy: 0.7999964902798334

2024-03-01 23:39:24,851 - METRIC - INFO - round: 17
2024-03-01 23:39:24,851 - METRIC - INFO - n_selected: 3
2024-03-01 23:39:24,851 - METRIC - INFO - selected_trainers: statipo15 - statipo11 - statipo14
2024-03-01 23:39:26,017 - EXECUT - INFO - received weights from trainer statipo14!
2024-03-01 23:39:26,350 - EXECUT - INFO - received weights from trainer statipo11!
2024-03-01 23:39:26,403 - EXECUT - INFO - received weights from trainer statipo15!
2024-03-01 23:39:26,942 - EXECUT - INFO - sent aggregated weights to trainers!
2024-03-01 23:39:27,115 - METRIC - INFO - statipo12 loss: 4.070723056793213 - accuracy: 0.3141762316226959
2024-03-01 23:39:27,142 - METRIC - INFO - statipo11 loss: 0.09077485650777817 - accuracy: 0.9727563858032227
2024-03-01 23:39:27,149 - METRIC - INFO - statipo13 loss: 1.0134087800979614 - accuracy: 0.7025641202926636
2024-03-01 23:39:27,155 - METRIC - INFO - statipo21 loss: 0.9965932965278625 - accuracy: 0.7082111239433289
2024-03-01 23:39:27,164 - METRIC - INFO - statipo15 loss: 0.06743363291025162 - accuracy: 0.9788618087768555
2024-03-01 23:39:27,219 - METRIC - INFO - statipo14 loss: 0.06533033400774002 - accuracy: 0.9745762944221497
2024-03-01 23:39:27,944 - METRIC - INFO - mean_accuracy: 0.775190994143486

2024-03-01 23:39:27,944 - METRIC - INFO - round: 18
2024-03-01 23:39:27,944 - METRIC - INFO - n_selected: 3
2024-03-01 23:39:27,944 - METRIC - INFO - selected_trainers: statipo12 - statipo21 - statipo15
2024-03-01 23:39:28,883 - EXECUT - INFO - received weights from trainer statipo12!
2024-03-01 23:39:29,015 - EXECUT - INFO - received weights from trainer statipo21!
2024-03-01 23:39:29,437 - EXECUT - INFO - received weights from trainer statipo15!
2024-03-01 23:39:30,038 - EXECUT - INFO - sent aggregated weights to trainers!
2024-03-01 23:39:30,217 - METRIC - INFO - statipo15 loss: 0.06549039483070374 - accuracy: 0.9772357940673828
2024-03-01 23:39:30,224 - METRIC - INFO - statipo11 loss: 0.3022843301296234 - accuracy: 0.8926281929016113
2024-03-01 23:39:30,229 - METRIC - INFO - statipo13 loss: 1.7522163391113281 - accuracy: 0.6269230842590332
2024-03-01 23:39:30,230 - METRIC - INFO - statipo21 loss: 0.11157026141881943 - accuracy: 0.9574779868125916
2024-03-01 23:39:30,231 - METRIC - INFO - statipo14 loss: 0.10913906246423721 - accuracy: 0.9618644118309021
2024-03-01 23:39:30,240 - METRIC - INFO - statipo12 loss: 0.07877018302679062 - accuracy: 0.977011501789093
2024-03-01 23:39:31,039 - METRIC - INFO - mean_accuracy: 0.8988568286101023

2024-03-01 23:39:31,039 - METRIC - INFO - round: 19
2024-03-01 23:39:31,039 - METRIC - INFO - n_selected: 3
2024-03-01 23:39:31,039 - METRIC - INFO - selected_trainers: statipo13 - statipo14 - statipo12
2024-03-01 23:39:31,864 - EXECUT - INFO - received weights from trainer statipo12!
2024-03-01 23:39:32,095 - EXECUT - INFO - received weights from trainer statipo14!
2024-03-01 23:39:32,148 - EXECUT - INFO - received weights from trainer statipo13!
2024-03-01 23:39:33,131 - EXECUT - INFO - sent aggregated weights to trainers!
2024-03-01 23:39:33,270 - METRIC - INFO - statipo14 loss: 0.15317799150943756 - accuracy: 0.9618644118309021
2024-03-01 23:39:33,273 - METRIC - INFO - statipo12 loss: 0.07038745284080505 - accuracy: 0.9808428883552551
2024-03-01 23:39:33,280 - METRIC - INFO - statipo13 loss: 0.12807944416999817 - accuracy: 0.9435897469520569
2024-03-01 23:39:33,280 - METRIC - INFO - statipo15 loss: 0.5975152850151062 - accuracy: 0.8325203061103821
2024-03-01 23:39:33,295 - METRIC - INFO - statipo21 loss: 0.570094645023346 - accuracy: 0.7859237790107727
2024-03-01 23:39:33,303 - METRIC - INFO - statipo11 loss: 0.8192657232284546 - accuracy: 0.7852563858032227
2024-03-01 23:39:34,132 - METRIC - INFO - mean_accuracy: 0.8816662530104319

2024-03-01 23:39:34,133 - METRIC - INFO - round: 20
2024-03-01 23:39:34,133 - METRIC - INFO - n_selected: 3
2024-03-01 23:39:34,133 - METRIC - INFO - selected_trainers: statipo15 - statipo12 - statipo14
2024-03-01 23:39:35,226 - EXECUT - INFO - received weights from trainer statipo14!
2024-03-01 23:39:35,632 - EXECUT - INFO - received weights from trainer statipo12!
2024-03-01 23:39:35,686 - EXECUT - INFO - received weights from trainer statipo15!
2024-03-01 23:39:36,254 - EXECUT - INFO - sent aggregated weights to trainers!
2024-03-01 23:39:36,390 - METRIC - INFO - statipo11 loss: 1.182668685913086 - accuracy: 0.7403846383094788
2024-03-01 23:39:36,399 - METRIC - INFO - statipo13 loss: 0.7568945288658142 - accuracy: 0.75
2024-03-01 23:39:36,400 - METRIC - INFO - statipo15 loss: 0.057258784770965576 - accuracy: 0.9788618087768555
2024-03-01 23:39:36,402 - METRIC - INFO - statipo21 loss: 0.7832520008087158 - accuracy: 0.7360703945159912
2024-03-01 23:39:36,429 - METRIC - INFO - statipo14 loss: 0.09271733462810516 - accuracy: 0.9632768630981445
2024-03-01 23:39:36,437 - METRIC - INFO - statipo12 loss: 0.06244313716888428 - accuracy: 0.9808428883552551
2024-03-01 23:39:37,255 - METRIC - INFO - mean_accuracy: 0.8582394321759542

2024-03-01 23:39:37,255 - METRIC - INFO - round: 21
2024-03-01 23:39:37,256 - METRIC - INFO - n_selected: 3
2024-03-01 23:39:37,256 - METRIC - INFO - selected_trainers: statipo11 - statipo15 - statipo13
2024-03-01 23:39:38,184 - EXECUT - INFO - received weights from trainer statipo11!
2024-03-01 23:39:38,235 - EXECUT - INFO - received weights from trainer statipo15!
2024-03-01 23:39:38,333 - EXECUT - INFO - received weights from trainer statipo13!
2024-03-01 23:39:39,347 - EXECUT - INFO - sent aggregated weights to trainers!
2024-03-01 23:39:39,500 - METRIC - INFO - statipo13 loss: 0.13352417945861816 - accuracy: 0.9410256147384644
2024-03-01 23:39:39,500 - METRIC - INFO - statipo15 loss: 0.13285009562969208 - accuracy: 0.9560975432395935
2024-03-01 23:39:39,529 - METRIC - INFO - statipo11 loss: 0.07101515680551529 - accuracy: 0.9791666865348816
2024-03-01 23:39:39,531 - METRIC - INFO - statipo14 loss: 0.08428451418876648 - accuracy: 0.9646892547607422
2024-03-01 23:39:39,540 - METRIC - INFO - statipo12 loss: 0.7386038303375244 - accuracy: 0.7854406237602234
2024-03-01 23:39:39,552 - METRIC - INFO - statipo21 loss: 1.154430866241455 - accuracy: 0.6715542674064636
2024-03-01 23:39:40,349 - METRIC - INFO - mean_accuracy: 0.8829956650733948

2024-03-01 23:39:40,349 - METRIC - INFO - round: 22
2024-03-01 23:39:40,350 - METRIC - INFO - n_selected: 3
2024-03-01 23:39:40,350 - METRIC - INFO - selected_trainers: statipo21 - statipo12 - statipo13
2024-03-01 23:39:41,196 - EXECUT - INFO - received weights from trainer statipo12!
2024-03-01 23:39:41,337 - EXECUT - INFO - received weights from trainer statipo21!
2024-03-01 23:39:41,426 - EXECUT - INFO - received weights from trainer statipo13!
2024-03-01 23:39:42,440 - EXECUT - INFO - sent aggregated weights to trainers!
2024-03-01 23:39:42,582 - METRIC - INFO - statipo11 loss: 0.5789851546287537 - accuracy: 0.8189102411270142
2024-03-01 23:39:42,583 - METRIC - INFO - statipo14 loss: 0.15862730145454407 - accuracy: 0.9477401375770569
2024-03-01 23:39:42,589 - METRIC - INFO - statipo21 loss: 0.11338488757610321 - accuracy: 0.9574779868125916
2024-03-01 23:39:42,590 - METRIC - INFO - statipo13 loss: 0.09948977828025818 - accuracy: 0.9628205299377441
2024-03-01 23:39:42,591 - METRIC - INFO - statipo15 loss: 0.2946254312992096 - accuracy: 0.8991869688034058
2024-03-01 23:39:42,610 - METRIC - INFO - statipo12 loss: 0.06724078208208084 - accuracy: 0.9808428883552551
2024-03-01 23:39:43,441 - METRIC - INFO - mean_accuracy: 0.927829792102178

2024-03-01 23:39:43,442 - METRIC - INFO - round: 23
2024-03-01 23:39:43,442 - METRIC - INFO - n_selected: 3
2024-03-01 23:39:43,442 - METRIC - INFO - selected_trainers: statipo21 - statipo13 - statipo15
2024-03-01 23:39:44,422 - EXECUT - INFO - received weights from trainer statipo15!
2024-03-01 23:39:44,486 - EXECUT - INFO - received weights from trainer statipo21!
2024-03-01 23:39:44,599 - EXECUT - INFO - received weights from trainer statipo13!
2024-03-01 23:39:45,606 - EXECUT - INFO - sent aggregated weights to trainers!
2024-03-01 23:39:45,758 - METRIC - INFO - statipo15 loss: 0.051786042749881744 - accuracy: 0.9837398529052734
2024-03-01 23:39:45,766 - METRIC - INFO - statipo14 loss: 0.2782801687717438 - accuracy: 0.8968926668167114
2024-03-01 23:39:45,773 - METRIC - INFO - statipo11 loss: 1.1942534446716309 - accuracy: 0.7467948794364929
2024-03-01 23:39:45,783 - METRIC - INFO - statipo21 loss: 0.10898030549287796 - accuracy: 0.9604105353355408
2024-03-01 23:39:45,788 - METRIC - INFO - statipo12 loss: 0.8624669313430786 - accuracy: 0.7471264600753784
2024-03-01 23:39:45,806 - METRIC - INFO - statipo13 loss: 0.1217397078871727 - accuracy: 0.949999988079071
2024-03-01 23:39:46,607 - METRIC - INFO - mean_accuracy: 0.880827397108078

2024-03-01 23:39:46,607 - METRIC - INFO - round: 24
2024-03-01 23:39:46,608 - METRIC - INFO - n_selected: 3
2024-03-01 23:39:46,608 - METRIC - INFO - selected_trainers: statipo12 - statipo15 - statipo11
2024-03-01 23:39:47,542 - EXECUT - INFO - received weights from trainer statipo15!
2024-03-01 23:39:47,596 - EXECUT - INFO - received weights from trainer statipo11!
2024-03-01 23:39:48,065 - EXECUT - INFO - received weights from trainer statipo12!
2024-03-01 23:39:48,696 - EXECUT - INFO - sent aggregated weights to trainers!
2024-03-01 23:39:48,835 - METRIC - INFO - statipo12 loss: 0.05692148208618164 - accuracy: 0.9789271950721741
2024-03-01 23:39:48,849 - METRIC - INFO - statipo13 loss: 0.2293040007352829 - accuracy: 0.8910256624221802
2024-03-01 23:39:48,850 - METRIC - INFO - statipo21 loss: 0.33648625016212463 - accuracy: 0.8753665685653687
2024-03-01 23:39:48,865 - METRIC - INFO - statipo14 loss: 0.34165120124816895 - accuracy: 0.8742938041687012
2024-03-01 23:39:48,866 - METRIC - INFO - statipo11 loss: 0.06790118664503098 - accuracy: 0.9823718070983887
2024-03-01 23:39:48,873 - METRIC - INFO - statipo15 loss: 0.050858866423368454 - accuracy: 0.9837398529052734
2024-03-01 23:39:49,698 - METRIC - INFO - mean_accuracy: 0.9309541483720144

2024-03-01 23:39:49,698 - METRIC - INFO - round: 25
2024-03-01 23:39:49,699 - METRIC - INFO - n_selected: 3
2024-03-01 23:39:49,699 - METRIC - INFO - selected_trainers: statipo13 - statipo14 - statipo15
2024-03-01 23:39:50,725 - EXECUT - INFO - received weights from trainer statipo14!
2024-03-01 23:39:50,777 - EXECUT - INFO - received weights from trainer statipo13!
2024-03-01 23:39:51,192 - EXECUT - INFO - received weights from trainer statipo15!
2024-03-01 23:39:51,807 - EXECUT - INFO - sent aggregated weights to trainers!
2024-03-01 23:39:51,950 - METRIC - INFO - statipo12 loss: 0.6427868604660034 - accuracy: 0.8160919547080994
2024-03-01 23:39:51,952 - METRIC - INFO - statipo15 loss: 0.049299322068691254 - accuracy: 0.9837398529052734
2024-03-01 23:39:51,961 - METRIC - INFO - statipo21 loss: 0.8390217423439026 - accuracy: 0.7565982341766357
2024-03-01 23:39:51,974 - METRIC - INFO - statipo14 loss: 0.03985994681715965 - accuracy: 0.9844632744789124
2024-03-01 23:39:51,980 - METRIC - INFO - statipo13 loss: 0.15607719123363495 - accuracy: 0.9346153736114502
2024-03-01 23:39:51,980 - METRIC - INFO - statipo11 loss: 0.5247049331665039 - accuracy: 0.8541666865348816
2024-03-01 23:39:52,809 - METRIC - INFO - mean_accuracy: 0.8882792294025421

2024-03-01 23:39:52,810 - METRIC - INFO - round: 26
2024-03-01 23:39:52,810 - METRIC - INFO - n_selected: 3
2024-03-01 23:39:52,810 - METRIC - INFO - selected_trainers: statipo11 - statipo21 - statipo13
2024-03-01 23:39:53,797 - EXECUT - INFO - received weights from trainer statipo21!
2024-03-01 23:39:53,875 - EXECUT - INFO - received weights from trainer statipo13!
2024-03-01 23:39:54,259 - EXECUT - INFO - received weights from trainer statipo11!
2024-03-01 23:39:54,900 - EXECUT - INFO - sent aggregated weights to trainers!
2024-03-01 23:39:55,040 - METRIC - INFO - statipo11 loss: 0.06978312879800797 - accuracy: 0.9743589758872986
2024-03-01 23:39:55,045 - METRIC - INFO - statipo21 loss: 0.10754048824310303 - accuracy: 0.9662756323814392
2024-03-01 23:39:55,049 - METRIC - INFO - statipo13 loss: 0.1101386696100235 - accuracy: 0.9487179517745972
2024-03-01 23:39:55,050 - METRIC - INFO - statipo15 loss: 0.17350251972675323 - accuracy: 0.9398373961448669
2024-03-01 23:39:55,067 - METRIC - INFO - statipo14 loss: 0.15849383175373077 - accuracy: 0.9491525292396545
2024-03-01 23:39:55,072 - METRIC - INFO - statipo12 loss: 1.032896637916565 - accuracy: 0.7413793206214905
2024-03-01 23:39:55,902 - METRIC - INFO - mean_accuracy: 0.9199536343415579

2024-03-01 23:39:55,903 - METRIC - INFO - round: 27
2024-03-01 23:39:55,903 - METRIC - INFO - n_selected: 3
2024-03-01 23:39:55,903 - METRIC - INFO - selected_trainers: statipo15 - statipo21 - statipo14
2024-03-01 23:39:56,838 - EXECUT - INFO - received weights from trainer statipo15!
2024-03-01 23:39:56,916 - EXECUT - INFO - received weights from trainer statipo14!
2024-03-01 23:39:57,347 - EXECUT - INFO - received weights from trainer statipo21!
2024-03-01 23:39:58,034 - EXECUT - INFO - sent aggregated weights to trainers!
2024-03-01 23:39:58,170 - METRIC - INFO - statipo12 loss: 1.305498480796814 - accuracy: 0.7145593762397766
2024-03-01 23:39:58,176 - METRIC - INFO - statipo15 loss: 0.05237767472863197 - accuracy: 0.9837398529052734
2024-03-01 23:39:58,177 - METRIC - INFO - statipo11 loss: 0.5909609794616699 - accuracy: 0.817307710647583
2024-03-01 23:39:58,178 - METRIC - INFO - statipo13 loss: 0.24416349828243256 - accuracy: 0.8692307472229004
2024-03-01 23:39:58,206 - METRIC - INFO - statipo14 loss: 0.07409873604774475 - accuracy: 0.9774011373519897
2024-03-01 23:39:58,209 - METRIC - INFO - statipo21 loss: 0.12523362040519714 - accuracy: 0.9604105353355408
2024-03-01 23:39:59,035 - METRIC - INFO - mean_accuracy: 0.8871082266171774

2024-03-01 23:39:59,035 - METRIC - INFO - round: 28
2024-03-01 23:39:59,036 - METRIC - INFO - n_selected: 3
2024-03-01 23:39:59,036 - METRIC - INFO - selected_trainers: statipo14 - statipo13 - statipo11
2024-03-01 23:40:00,120 - EXECUT - INFO - received weights from trainer statipo13!
2024-03-01 23:40:00,170 - EXECUT - INFO - received weights from trainer statipo14!
2024-03-01 23:40:00,524 - EXECUT - INFO - received weights from trainer statipo11!
2024-03-01 23:40:01,126 - EXECUT - INFO - sent aggregated weights to trainers!
2024-03-01 23:40:01,263 - METRIC - INFO - statipo11 loss: 0.05454779416322708 - accuracy: 0.9871794581413269
2024-03-01 23:40:01,265 - METRIC - INFO - statipo14 loss: 0.038317471742630005 - accuracy: 0.9887005686759949
2024-03-01 23:40:01,274 - METRIC - INFO - statipo12 loss: 1.7130783796310425 - accuracy: 0.6781609058380127
2024-03-01 23:40:01,279 - METRIC - INFO - statipo13 loss: 0.10268023610115051 - accuracy: 0.964102566242218
2024-03-01 23:40:01,301 - METRIC - INFO - statipo21 loss: 0.2975795567035675 - accuracy: 0.892961859703064
2024-03-01 23:40:01,301 - METRIC - INFO - statipo15 loss: 0.26664629578590393 - accuracy: 0.9154471755027771
2024-03-01 23:40:02,127 - METRIC - INFO - mean_accuracy: 0.9044254223505656

2024-03-01 23:40:02,127 - METRIC - INFO - round: 29
2024-03-01 23:40:02,128 - METRIC - INFO - n_selected: 3
2024-03-01 23:40:02,128 - METRIC - INFO - selected_trainers: statipo21 - statipo13 - statipo12
2024-03-01 23:40:02,964 - EXECUT - INFO - received weights from trainer statipo12!
2024-03-01 23:40:03,107 - EXECUT - INFO - received weights from trainer statipo21!
2024-03-01 23:40:03,188 - EXECUT - INFO - received weights from trainer statipo13!
2024-03-01 23:40:04,218 - EXECUT - INFO - sent aggregated weights to trainers!
2024-03-01 23:40:04,366 - METRIC - INFO - statipo13 loss: 0.10887212306261063 - accuracy: 0.9512820243835449
2024-03-01 23:40:04,366 - METRIC - INFO - statipo14 loss: 0.09464988112449646 - accuracy: 0.9632768630981445
2024-03-01 23:40:04,390 - METRIC - INFO - statipo11 loss: 0.451183557510376 - accuracy: 0.8541666865348816
2024-03-01 23:40:04,391 - METRIC - INFO - statipo12 loss: 0.09566938132047653 - accuracy: 0.9636015295982361
2024-03-01 23:40:04,399 - METRIC - INFO - statipo15 loss: 0.3557838797569275 - accuracy: 0.8845528364181519
2024-03-01 23:40:04,430 - METRIC - INFO - statipo21 loss: 0.10136023908853531 - accuracy: 0.9618768095970154
2024-03-01 23:40:05,220 - METRIC - INFO - mean_accuracy: 0.9297927916049957

2024-03-01 23:40:05,220 - METRIC - INFO - round: 30
2024-03-01 23:40:05,221 - METRIC - INFO - n_selected: 3
2024-03-01 23:40:05,221 - METRIC - INFO - selected_trainers: statipo15 - statipo21 - statipo12
2024-03-01 23:40:06,126 - EXECUT - INFO - received weights from trainer statipo15!
2024-03-01 23:40:06,182 - EXECUT - INFO - received weights from trainer statipo21!
2024-03-01 23:40:06,669 - EXECUT - INFO - received weights from trainer statipo12!
2024-03-01 23:40:07,311 - EXECUT - INFO - sent aggregated weights to trainers!
2024-03-01 23:40:07,447 - METRIC - INFO - statipo12 loss: 0.071952223777771 - accuracy: 0.9731800556182861
2024-03-01 23:40:07,458 - METRIC - INFO - statipo15 loss: 0.07101800292730331 - accuracy: 0.9739837646484375
2024-03-01 23:40:07,461 - METRIC - INFO - statipo21 loss: 0.13139109313488007 - accuracy: 0.9648093581199646
2024-03-01 23:40:07,479 - METRIC - INFO - statipo14 loss: 0.17289681732654572 - accuracy: 0.9406779408454895
2024-03-01 23:40:07,483 - METRIC - INFO - statipo11 loss: 0.9278549551963806 - accuracy: 0.7708333134651184
2024-03-01 23:40:07,487 - METRIC - INFO - statipo13 loss: 0.23626676201820374 - accuracy: 0.879487156867981
2024-03-01 23:40:08,313 - METRIC - INFO - mean_accuracy: 0.9171619315942129

2024-03-01 23:40:08,314 - METRIC - INFO - round: 31
2024-03-01 23:40:08,314 - METRIC - INFO - n_selected: 3
2024-03-01 23:40:08,314 - METRIC - INFO - selected_trainers: statipo15 - statipo21 - statipo14
2024-03-01 23:40:09,269 - EXECUT - INFO - received weights from trainer statipo15!
2024-03-01 23:40:09,343 - EXECUT - INFO - received weights from trainer statipo14!
2024-03-01 23:40:09,762 - EXECUT - INFO - received weights from trainer statipo21!
2024-03-01 23:40:10,451 - EXECUT - INFO - sent aggregated weights to trainers!
2024-03-01 23:40:10,586 - METRIC - INFO - statipo14 loss: 0.04506434500217438 - accuracy: 0.9816384315490723
2024-03-01 23:40:10,596 - METRIC - INFO - statipo15 loss: 0.05204873904585838 - accuracy: 0.9837398529052734
2024-03-01 23:40:10,598 - METRIC - INFO - statipo11 loss: 1.005655288696289 - accuracy: 0.7596153616905212
2024-03-01 23:40:10,601 - METRIC - INFO - statipo21 loss: 0.08822125196456909 - accuracy: 0.9706745147705078
2024-03-01 23:40:10,623 - METRIC - INFO - statipo12 loss: 0.46655529737472534 - accuracy: 0.8678160905838013
2024-03-01 23:40:10,626 - METRIC - INFO - statipo13 loss: 0.4503108561038971 - accuracy: 0.8205128312110901
2024-03-01 23:40:11,453 - METRIC - INFO - mean_accuracy: 0.8973328471183777

2024-03-01 23:40:11,454 - METRIC - INFO - round: 32
2024-03-01 23:40:11,454 - METRIC - INFO - n_selected: 3
2024-03-01 23:40:11,454 - METRIC - INFO - selected_trainers: statipo11 - statipo15 - statipo21
2024-03-01 23:40:12,389 - EXECUT - INFO - received weights from trainer statipo15!
2024-03-01 23:40:12,439 - EXECUT - INFO - received weights from trainer statipo21!
2024-03-01 23:40:12,942 - EXECUT - INFO - received weights from trainer statipo11!
2024-03-01 23:40:13,545 - EXECUT - INFO - sent aggregated weights to trainers!
2024-03-01 23:40:13,689 - METRIC - INFO - statipo15 loss: 0.04611317440867424 - accuracy: 0.9869918823242188
2024-03-01 23:40:13,689 - METRIC - INFO - statipo14 loss: 0.0835188552737236 - accuracy: 0.9675140976905823
2024-03-01 23:40:13,692 - METRIC - INFO - statipo12 loss: 0.8017778396606445 - accuracy: 0.8084291219711304
2024-03-01 23:40:13,696 - METRIC - INFO - statipo13 loss: 0.6819238066673279 - accuracy: 0.7756410241127014
2024-03-01 23:40:13,723 - METRIC - INFO - statipo11 loss: 0.05307062342762947 - accuracy: 0.9855769276618958
2024-03-01 23:40:13,731 - METRIC - INFO - statipo21 loss: 0.20413242280483246 - accuracy: 0.929618775844574
2024-03-01 23:40:14,547 - METRIC - INFO - mean_accuracy: 0.9089619716008505

2024-03-01 23:40:14,548 - METRIC - INFO - round: 33
2024-03-01 23:40:14,548 - METRIC - INFO - n_selected: 3
2024-03-01 23:40:14,548 - METRIC - INFO - selected_trainers: statipo14 - statipo13 - statipo21
2024-03-01 23:40:15,580 - EXECUT - INFO - received weights from trainer statipo14!
2024-03-01 23:40:15,633 - EXECUT - INFO - received weights from trainer statipo13!
2024-03-01 23:40:16,032 - EXECUT - INFO - received weights from trainer statipo21!
2024-03-01 23:40:16,664 - EXECUT - INFO - sent aggregated weights to trainers!
2024-03-01 23:40:16,804 - METRIC - INFO - statipo14 loss: 1.7926512956619263 - accuracy: 0.755649745464325
2024-03-01 23:40:16,810 - METRIC - INFO - statipo15 loss: 0.17922689020633698 - accuracy: 0.934959352016449
2024-03-01 23:40:16,814 - METRIC - INFO - statipo13 loss: 0.08654923737049103 - accuracy: 0.9653846025466919
2024-03-01 23:40:16,836 - METRIC - INFO - statipo11 loss: 0.6174562573432922 - accuracy: 0.8429487347602844
2024-03-01 23:40:16,839 - METRIC - INFO - statipo12 loss: 1.1078075170516968 - accuracy: 0.7260536551475525
2024-03-01 23:40:16,839 - METRIC - INFO - statipo21 loss: 0.09917668998241425 - accuracy: 0.9604105353355408
2024-03-01 23:40:17,666 - METRIC - INFO - mean_accuracy: 0.8642344375451406

2024-03-01 23:40:17,666 - METRIC - INFO - round: 34
2024-03-01 23:40:17,666 - METRIC - INFO - n_selected: 3
2024-03-01 23:40:17,666 - METRIC - INFO - selected_trainers: statipo15 - statipo13 - statipo21
2024-03-01 23:40:18,601 - EXECUT - INFO - received weights from trainer statipo15!
2024-03-01 23:40:18,653 - EXECUT - INFO - received weights from trainer statipo21!
2024-03-01 23:40:18,742 - EXECUT - INFO - received weights from trainer statipo13!
2024-03-01 23:40:19,756 - EXECUT - INFO - sent aggregated weights to trainers!
2024-03-01 23:40:19,895 - METRIC - INFO - statipo12 loss: 1.2938863039016724 - accuracy: 0.7279693484306335
2024-03-01 23:40:19,907 - METRIC - INFO - statipo13 loss: 0.10081157088279724 - accuracy: 0.9679487347602844
2024-03-01 23:40:19,909 - METRIC - INFO - statipo15 loss: 0.05655110627412796 - accuracy: 0.9804878234863281
2024-03-01 23:40:19,928 - METRIC - INFO - statipo11 loss: 1.0284467935562134 - accuracy: 0.7740384340286255
2024-03-01 23:40:19,929 - METRIC - INFO - statipo14 loss: 0.3010440468788147 - accuracy: 0.9322034120559692
2024-03-01 23:40:19,936 - METRIC - INFO - statipo21 loss: 0.10102344304323196 - accuracy: 0.9618768095970154
2024-03-01 23:40:20,758 - METRIC - INFO - mean_accuracy: 0.8907540937264761

2024-03-01 23:40:20,758 - METRIC - INFO - round: 35
2024-03-01 23:40:20,758 - METRIC - INFO - n_selected: 3
2024-03-01 23:40:20,759 - METRIC - INFO - selected_trainers: statipo11 - statipo12 - statipo21
2024-03-01 23:40:21,573 - EXECUT - INFO - received weights from trainer statipo12!
2024-03-01 23:40:21,658 - EXECUT - INFO - received weights from trainer statipo11!
2024-03-01 23:40:22,207 - EXECUT - INFO - received weights from trainer statipo21!
2024-03-01 23:40:22,849 - EXECUT - INFO - sent aggregated weights to trainers!
2024-03-01 23:40:22,989 - METRIC - INFO - statipo14 loss: 0.2523270547389984 - accuracy: 0.9265536665916443
2024-03-01 23:40:22,992 - METRIC - INFO - statipo15 loss: 0.24075847864151 - accuracy: 0.9235772490501404
2024-03-01 23:40:22,996 - METRIC - INFO - statipo13 loss: 0.18547095358371735 - accuracy: 0.9076923131942749
2024-03-01 23:40:22,997 - METRIC - INFO - statipo21 loss: 0.08861854672431946 - accuracy: 0.9692082405090332
2024-03-01 23:40:23,024 - METRIC - INFO - statipo12 loss: 0.04711318761110306 - accuracy: 0.9865900278091431
2024-03-01 23:40:23,024 - METRIC - INFO - statipo11 loss: 0.056871797889471054 - accuracy: 0.9839743375778198
2024-03-01 23:40:23,851 - METRIC - INFO - mean_accuracy: 0.9495993057886759

2024-03-01 23:40:23,852 - METRIC - INFO - round: 36
2024-03-01 23:40:23,852 - METRIC - INFO - n_selected: 3
2024-03-01 23:40:23,852 - METRIC - INFO - selected_trainers: statipo12 - statipo21 - statipo11
2024-03-01 23:40:24,675 - EXECUT - INFO - received weights from trainer statipo12!
2024-03-01 23:40:24,829 - EXECUT - INFO - received weights from trainer statipo21!
2024-03-01 23:40:24,883 - EXECUT - INFO - received weights from trainer statipo11!
2024-03-01 23:40:26,004 - EXECUT - INFO - sent aggregated weights to trainers!
2024-03-01 23:40:26,144 - METRIC - INFO - statipo11 loss: 0.05576929822564125 - accuracy: 0.9871794581413269
2024-03-01 23:40:26,148 - METRIC - INFO - statipo15 loss: 0.5049679279327393 - accuracy: 0.8666666746139526
2024-03-01 23:40:26,151 - METRIC - INFO - statipo13 loss: 0.3439692556858063 - accuracy: 0.8423076868057251
2024-03-01 23:40:26,172 - METRIC - INFO - statipo14 loss: 0.25323647260665894 - accuracy: 0.9350282549858093
2024-03-01 23:40:26,179 - METRIC - INFO - statipo12 loss: 0.046025823801755905 - accuracy: 0.982758641242981
2024-03-01 23:40:26,180 - METRIC - INFO - statipo21 loss: 0.08709075301885605 - accuracy: 0.973607063293457
2024-03-01 23:40:27,006 - METRIC - INFO - mean_accuracy: 0.931257963180542

2024-03-01 23:40:27,006 - METRIC - INFO - round: 37
2024-03-01 23:40:27,006 - METRIC - INFO - n_selected: 3
2024-03-01 23:40:27,007 - METRIC - INFO - selected_trainers: statipo14 - statipo21 - statipo12
2024-03-01 23:40:27,830 - EXECUT - INFO - received weights from trainer statipo12!
2024-03-01 23:40:27,981 - EXECUT - INFO - received weights from trainer statipo21!
2024-03-01 23:40:28,031 - EXECUT - INFO - received weights from trainer statipo14!
2024-03-01 23:40:29,149 - EXECUT - INFO - sent aggregated weights to trainers!
2024-03-01 23:40:29,300 - METRIC - INFO - statipo21 loss: 0.08662113547325134 - accuracy: 0.9721407890319824
2024-03-01 23:40:29,343 - METRIC - INFO - statipo11 loss: 0.42018812894821167 - accuracy: 0.8766025900840759
2024-03-01 23:40:29,343 - METRIC - INFO - statipo14 loss: 0.040419116616249084 - accuracy: 0.9887005686759949
2024-03-01 23:40:29,343 - METRIC - INFO - statipo12 loss: 0.06154710054397583 - accuracy: 0.9789271950721741
2024-03-01 23:40:29,343 - METRIC - INFO - statipo15 loss: 0.6314435005187988 - accuracy: 0.8373983502388
2024-03-01 23:40:29,343 - METRIC - INFO - statipo13 loss: 0.4758395850658417 - accuracy: 0.8192307949066162
2024-03-01 23:40:30,150 - METRIC - INFO - mean_accuracy: 0.9121667146682739

2024-03-01 23:40:30,151 - METRIC - INFO - round: 38
2024-03-01 23:40:30,151 - METRIC - INFO - n_selected: 3
2024-03-01 23:40:30,151 - METRIC - INFO - selected_trainers: statipo12 - statipo13 - statipo11
2024-03-01 23:40:30,967 - EXECUT - INFO - received weights from trainer statipo12!
2024-03-01 23:40:31,101 - EXECUT - INFO - received weights from trainer statipo11!
2024-03-01 23:40:31,232 - EXECUT - INFO - received weights from trainer statipo13!
2024-03-01 23:40:32,241 - EXECUT - INFO - sent aggregated weights to trainers!
2024-03-01 23:40:32,378 - METRIC - INFO - statipo11 loss: 0.0561402253806591 - accuracy: 0.9855769276618958
2024-03-01 23:40:32,391 - METRIC - INFO - statipo15 loss: 0.8680000305175781 - accuracy: 0.7934959530830383
2024-03-01 23:40:32,392 - METRIC - INFO - statipo21 loss: 0.163535475730896 - accuracy: 0.9281525015830994
2024-03-01 23:40:32,412 - METRIC - INFO - statipo14 loss: 0.10276589542627335 - accuracy: 0.9661017060279846
2024-03-01 23:40:32,412 - METRIC - INFO - statipo12 loss: 0.04445657879114151 - accuracy: 0.982758641242981
2024-03-01 23:40:32,415 - METRIC - INFO - statipo13 loss: 0.09545429050922394 - accuracy: 0.9602563977241516
2024-03-01 23:40:33,242 - METRIC - INFO - mean_accuracy: 0.9360570212205251

2024-03-01 23:40:33,243 - METRIC - INFO - round: 39
2024-03-01 23:40:33,243 - METRIC - INFO - n_selected: 3
2024-03-01 23:40:33,243 - METRIC - INFO - selected_trainers: statipo15 - statipo14 - statipo12
2024-03-01 23:40:34,219 - EXECUT - INFO - received weights from trainer statipo15!
2024-03-01 23:40:34,268 - EXECUT - INFO - received weights from trainer statipo14!
2024-03-01 23:40:34,724 - EXECUT - INFO - received weights from trainer statipo12!
2024-03-01 23:40:35,352 - EXECUT - INFO - sent aggregated weights to trainers!
2024-03-01 23:40:35,495 - METRIC - INFO - statipo14 loss: 0.031431253999471664 - accuracy: 0.9901130199432373
2024-03-01 23:40:35,502 - METRIC - INFO - statipo13 loss: 0.30845046043395996 - accuracy: 0.8512820601463318
2024-03-01 23:40:35,503 - METRIC - INFO - statipo15 loss: 0.05399549379944801 - accuracy: 0.9821138381958008
2024-03-01 23:40:35,526 - METRIC - INFO - statipo11 loss: 0.45425909757614136 - accuracy: 0.8766025900840759
2024-03-01 23:40:35,530 - METRIC - INFO - statipo21 loss: 0.27679088711738586 - accuracy: 0.8973606824874878
2024-03-01 23:40:35,561 - METRIC - INFO - statipo12 loss: 0.04009223356842995 - accuracy: 0.99042147397995
2024-03-01 23:40:36,354 - METRIC - INFO - mean_accuracy: 0.9313156108061472

2024-03-01 23:40:36,354 - METRIC - INFO - round: 40
2024-03-01 23:40:36,354 - METRIC - INFO - n_selected: 3
2024-03-01 23:40:36,354 - METRIC - INFO - selected_trainers: statipo14 - statipo15 - statipo21
2024-03-01 23:40:37,341 - EXECUT - INFO - received weights from trainer statipo21!
2024-03-01 23:40:37,391 - EXECUT - INFO - received weights from trainer statipo14!
2024-03-01 23:40:37,840 - EXECUT - INFO - received weights from trainer statipo15!
2024-03-01 23:40:38,476 - EXECUT - INFO - sent aggregated weights to trainers!
2024-03-01 23:40:38,635 - METRIC - INFO - statipo13 loss: 0.5659713745117188 - accuracy: 0.7961538434028625
2024-03-01 23:40:38,653 - METRIC - INFO - statipo15 loss: 0.04690001904964447 - accuracy: 0.9821138381958008
2024-03-01 23:40:38,660 - METRIC - INFO - statipo12 loss: 0.22773407399654388 - accuracy: 0.9272030591964722
2024-03-01 23:40:38,660 - METRIC - INFO - statipo14 loss: 0.02905808389186859 - accuracy: 0.9901130199432373
2024-03-01 23:40:38,678 - METRIC - INFO - statipo11 loss: 0.47563737630844116 - accuracy: 0.875
2024-03-01 23:40:38,704 - METRIC - INFO - statipo21 loss: 0.16001085937023163 - accuracy: 0.9442815184593201
2024-03-01 23:40:39,479 - METRIC - INFO - mean_accuracy: 0.9191442131996155

2024-03-01 23:40:39,479 - METRIC - INFO - round: 41
2024-03-01 23:40:39,480 - METRIC - INFO - n_selected: 3
2024-03-01 23:40:39,480 - METRIC - INFO - selected_trainers: statipo15 - statipo11 - statipo21
2024-03-01 23:40:40,419 - EXECUT - INFO - received weights from trainer statipo15!
2024-03-01 23:40:40,471 - EXECUT - INFO - received weights from trainer statipo21!
2024-03-01 23:40:40,930 - EXECUT - INFO - received weights from trainer statipo11!
2024-03-01 23:40:41,570 - EXECUT - INFO - sent aggregated weights to trainers!
2024-03-01 23:40:41,705 - METRIC - INFO - statipo14 loss: 0.04904920607805252 - accuracy: 0.9816384315490723
2024-03-01 23:40:41,714 - METRIC - INFO - statipo12 loss: 0.4480716288089752 - accuracy: 0.8735632300376892
2024-03-01 23:40:41,717 - METRIC - INFO - statipo13 loss: 0.7379475235939026 - accuracy: 0.7666666507720947
2024-03-01 23:40:41,722 - METRIC - INFO - statipo21 loss: 0.12553641200065613 - accuracy: 0.9545454382896423
2024-03-01 23:40:41,742 - METRIC - INFO - statipo11 loss: 0.056034088134765625 - accuracy: 0.9871794581413269
2024-03-01 23:40:41,751 - METRIC - INFO - statipo15 loss: 0.05873573571443558 - accuracy: 0.9821138381958008
2024-03-01 23:40:42,572 - METRIC - INFO - mean_accuracy: 0.9242845078309377

2024-03-01 23:40:42,572 - METRIC - INFO - round: 42
2024-03-01 23:40:42,573 - METRIC - INFO - n_selected: 3
2024-03-01 23:40:42,573 - METRIC - INFO - selected_trainers: statipo21 - statipo13 - statipo14
2024-03-01 23:40:43,652 - EXECUT - INFO - received weights from trainer statipo13!
2024-03-01 23:40:44,056 - EXECUT - INFO - received weights from trainer statipo21!
2024-03-01 23:40:44,105 - EXECUT - INFO - received weights from trainer statipo14!
2024-03-01 23:40:44,663 - EXECUT - INFO - sent aggregated weights to trainers!
2024-03-01 23:40:44,799 - METRIC - INFO - statipo11 loss: 0.2955140769481659 - accuracy: 0.9086538553237915
2024-03-01 23:40:44,817 - METRIC - INFO - statipo13 loss: 0.08012190461158752 - accuracy: 0.9743589758872986
2024-03-01 23:40:44,833 - METRIC - INFO - statipo12 loss: 0.6350851058959961 - accuracy: 0.8371647596359253
2024-03-01 23:40:44,833 - METRIC - INFO - statipo14 loss: 0.027757639065384865 - accuracy: 0.9901130199432373
2024-03-01 23:40:44,839 - METRIC - INFO - statipo21 loss: 0.08473502099514008 - accuracy: 0.9706745147705078
2024-03-01 23:40:44,840 - METRIC - INFO - statipo15 loss: 0.1253148466348648 - accuracy: 0.9642276167869568
2024-03-01 23:40:45,664 - METRIC - INFO - mean_accuracy: 0.9408654570579529

2024-03-01 23:40:45,664 - METRIC - INFO - round: 43
2024-03-01 23:40:45,665 - METRIC - INFO - n_selected: 3
2024-03-01 23:40:45,665 - METRIC - INFO - selected_trainers: statipo13 - statipo14 - statipo21
2024-03-01 23:40:46,688 - EXECUT - INFO - received weights from trainer statipo14!
2024-03-01 23:40:46,738 - EXECUT - INFO - received weights from trainer statipo13!
2024-03-01 23:40:47,150 - EXECUT - INFO - received weights from trainer statipo21!
2024-03-01 23:40:47,772 - EXECUT - INFO - sent aggregated weights to trainers!
2024-03-01 23:40:47,952 - METRIC - INFO - statipo12 loss: 0.6117643117904663 - accuracy: 0.8486589789390564
2024-03-01 23:40:47,955 - METRIC - INFO - statipo14 loss: 0.16101722419261932 - accuracy: 0.9675140976905823
2024-03-01 23:40:47,957 - METRIC - INFO - statipo21 loss: 0.09085942804813385 - accuracy: 0.9750733375549316
2024-03-01 23:40:47,958 - METRIC - INFO - statipo13 loss: 0.07414741814136505 - accuracy: 0.9679487347602844
2024-03-01 23:40:47,959 - METRIC - INFO - statipo11 loss: 0.5315883159637451 - accuracy: 0.8637820482254028
2024-03-01 23:40:47,960 - METRIC - INFO - statipo15 loss: 0.22621002793312073 - accuracy: 0.9268292784690857
2024-03-01 23:40:48,773 - METRIC - INFO - mean_accuracy: 0.9249677459398905

2024-03-01 23:40:48,773 - METRIC - INFO - round: 44
2024-03-01 23:40:48,774 - METRIC - INFO - n_selected: 3
2024-03-01 23:40:48,774 - METRIC - INFO - selected_trainers: statipo21 - statipo14 - statipo12
2024-03-01 23:40:49,601 - EXECUT - INFO - received weights from trainer statipo12!
2024-03-01 23:40:49,762 - EXECUT - INFO - received weights from trainer statipo21!
2024-03-01 23:40:49,812 - EXECUT - INFO - received weights from trainer statipo14!
2024-03-01 23:40:50,894 - EXECUT - INFO - sent aggregated weights to trainers!
2024-03-01 23:40:51,031 - METRIC - INFO - statipo11 loss: 0.8217067122459412 - accuracy: 0.8125
2024-03-01 23:40:51,038 - METRIC - INFO - statipo12 loss: 0.03805992007255554 - accuracy: 0.9885057210922241
2024-03-01 23:40:51,040 - METRIC - INFO - statipo13 loss: 0.17749297618865967 - accuracy: 0.9205127954483032
2024-03-01 23:40:51,040 - METRIC - INFO - statipo21 loss: 0.08812904357910156 - accuracy: 0.9677419066429138
2024-03-01 23:40:51,042 - METRIC - INFO - statipo15 loss: 0.3697109818458557 - accuracy: 0.8959349393844604
2024-03-01 23:40:51,062 - METRIC - INFO - statipo14 loss: 0.02842351607978344 - accuracy: 0.9872881174087524
2024-03-01 23:40:51,895 - METRIC - INFO - mean_accuracy: 0.9287472466627756

2024-03-01 23:40:51,895 - METRIC - INFO - round: 45
2024-03-01 23:40:51,896 - METRIC - INFO - n_selected: 3
2024-03-01 23:40:51,896 - METRIC - INFO - selected_trainers: statipo11 - statipo15 - statipo12
2024-03-01 23:40:52,791 - EXECUT - INFO - received weights from trainer statipo11!
2024-03-01 23:40:52,841 - EXECUT - INFO - received weights from trainer statipo15!
2024-03-01 23:40:53,346 - EXECUT - INFO - received weights from trainer statipo12!
2024-03-01 23:40:53,986 - EXECUT - INFO - sent aggregated weights to trainers!
2024-03-01 23:40:54,127 - METRIC - INFO - statipo14 loss: 0.05041981115937233 - accuracy: 0.9788135886192322
2024-03-01 23:40:54,129 - METRIC - INFO - statipo11 loss: 0.0538424588739872 - accuracy: 0.9855769276618958
2024-03-01 23:40:54,130 - METRIC - INFO - statipo21 loss: 0.10914716124534607 - accuracy: 0.9516128897666931
2024-03-01 23:40:54,156 - METRIC - INFO - statipo12 loss: 0.043512504547834396 - accuracy: 0.9865900278091431
2024-03-01 23:40:54,160 - METRIC - INFO - statipo13 loss: 0.34831395745277405 - accuracy: 0.8589743375778198
2024-03-01 23:40:54,161 - METRIC - INFO - statipo15 loss: 0.04555292800068855 - accuracy: 0.9869918823242188
2024-03-01 23:40:54,988 - METRIC - INFO - mean_accuracy: 0.9580932756265005

2024-03-01 23:40:54,988 - METRIC - INFO - round: 46
2024-03-01 23:40:54,988 - METRIC - INFO - n_selected: 3
2024-03-01 23:40:54,989 - METRIC - INFO - selected_trainers: statipo11 - statipo14 - statipo13
2024-03-01 23:40:55,913 - EXECUT - INFO - received weights from trainer statipo11!
2024-03-01 23:40:56,013 - EXECUT - INFO - received weights from trainer statipo14!
2024-03-01 23:40:56,136 - EXECUT - INFO - received weights from trainer statipo13!
2024-03-01 23:40:57,095 - EXECUT - INFO - sent aggregated weights to trainers!
2024-03-01 23:40:57,240 - METRIC - INFO - statipo11 loss: 0.04909835755825043 - accuracy: 0.9887820482254028
2024-03-01 23:40:57,243 - METRIC - INFO - statipo15 loss: 0.18441475927829742 - accuracy: 0.9365853667259216
2024-03-01 23:40:57,244 - METRIC - INFO - statipo21 loss: 0.3090367317199707 - accuracy: 0.9076246619224548
2024-03-01 23:40:57,262 - METRIC - INFO - statipo14 loss: 0.028283709660172462 - accuracy: 0.9901130199432373
2024-03-01 23:40:57,267 - METRIC - INFO - statipo12 loss: 0.218508780002594 - accuracy: 0.9214559197425842
2024-03-01 23:40:57,270 - METRIC - INFO - statipo13 loss: 0.13629105687141418 - accuracy: 0.9448717832565308
2024-03-01 23:40:58,097 - METRIC - INFO - mean_accuracy: 0.9482387999693552

2024-03-01 23:40:58,097 - METRIC - INFO - round: 47
2024-03-01 23:40:58,098 - METRIC - INFO - n_selected: 3
2024-03-01 23:40:58,098 - METRIC - INFO - selected_trainers: statipo11 - statipo12 - statipo13
2024-03-01 23:40:58,917 - EXECUT - INFO - received weights from trainer statipo12!
2024-03-01 23:40:59,132 - EXECUT - INFO - received weights from trainer statipo13!
2024-03-01 23:40:59,546 - EXECUT - INFO - received weights from trainer statipo11!
2024-03-01 23:41:00,215 - EXECUT - INFO - sent aggregated weights to trainers!
2024-03-01 23:41:00,360 - METRIC - INFO - statipo21 loss: 0.31811434030532837 - accuracy: 0.900293231010437
2024-03-01 23:41:00,361 - METRIC - INFO - statipo15 loss: 0.2046612799167633 - accuracy: 0.930081307888031
2024-03-01 23:41:00,362 - METRIC - INFO - statipo13 loss: 0.09164628386497498 - accuracy: 0.9666666388511658
2024-03-01 23:41:00,382 - METRIC - INFO - statipo14 loss: 0.05723214149475098 - accuracy: 0.9788135886192322
2024-03-01 23:41:00,383 - METRIC - INFO - statipo11 loss: 0.06103958189487457 - accuracy: 0.9839743375778198
2024-03-01 23:41:00,392 - METRIC - INFO - statipo12 loss: 0.050065018236637115 - accuracy: 0.9789271950721741
2024-03-01 23:41:01,217 - METRIC - INFO - mean_accuracy: 0.9564593831698099

2024-03-01 23:41:01,217 - METRIC - INFO - round: 48
2024-03-01 23:41:01,217 - METRIC - INFO - n_selected: 3
2024-03-01 23:41:01,217 - METRIC - INFO - selected_trainers: statipo13 - statipo15 - statipo11
2024-03-01 23:41:02,189 - EXECUT - INFO - received weights from trainer statipo15!
2024-03-01 23:41:02,244 - EXECUT - INFO - received weights from trainer statipo11!
2024-03-01 23:41:02,344 - EXECUT - INFO - received weights from trainer statipo13!
2024-03-01 23:41:03,331 - EXECUT - INFO - sent aggregated weights to trainers!
2024-03-01 23:41:03,511 - METRIC - INFO - statipo12 loss: 0.18248392641544342 - accuracy: 0.9348658919334412
2024-03-01 23:41:03,526 - METRIC - INFO - statipo11 loss: 0.054773490875959396 - accuracy: 0.9871794581413269
2024-03-01 23:41:03,527 - METRIC - INFO - statipo13 loss: 0.08104271441698074 - accuracy: 0.9666666388511658
2024-03-01 23:41:03,532 - METRIC - INFO - statipo14 loss: 0.09941421449184418 - accuracy: 0.9632768630981445
2024-03-01 23:41:03,541 - METRIC - INFO - statipo21 loss: 0.42474061250686646 - accuracy: 0.8695014715194702
2024-03-01 23:41:03,543 - METRIC - INFO - statipo15 loss: 0.05517088249325752 - accuracy: 0.9788618087768555
2024-03-01 23:41:04,332 - METRIC - INFO - mean_accuracy: 0.9500586887200674

2024-03-01 23:41:04,332 - METRIC - INFO - round: 49
2024-03-01 23:41:04,332 - METRIC - INFO - n_selected: 3
2024-03-01 23:41:04,333 - METRIC - INFO - selected_trainers: statipo13 - statipo12 - statipo14
2024-03-01 23:41:05,473 - EXECUT - INFO - received weights from trainer statipo13!
2024-03-01 23:41:05,827 - EXECUT - INFO - received weights from trainer statipo14!
2024-03-01 23:41:05,877 - EXECUT - INFO - received weights from trainer statipo12!
2024-03-01 23:41:06,446 - EXECUT - INFO - sent aggregated weights to trainers!
2024-03-01 23:41:06,594 - METRIC - INFO - statipo12 loss: 0.037256110459566116 - accuracy: 0.9885057210922241
2024-03-01 23:41:06,604 - METRIC - INFO - statipo11 loss: 0.13004927337169647 - accuracy: 0.9599359035491943
2024-03-01 23:41:06,613 - METRIC - INFO - statipo21 loss: 0.4993308186531067 - accuracy: 0.8431084752082825
2024-03-01 23:41:06,628 - METRIC - INFO - statipo14 loss: 0.03066294640302658 - accuracy: 0.9887005686759949
2024-03-01 23:41:06,629 - METRIC - INFO - statipo13 loss: 0.06461717933416367 - accuracy: 0.9743589758872986
2024-03-01 23:41:06,648 - METRIC - INFO - statipo15 loss: 0.15245380997657776 - accuracy: 0.9463414549827576
2024-03-01 23:41:07,447 - METRIC - INFO - mean_accuracy: 0.9501585165659586

2024-03-01 23:41:07,447 - METRIC - INFO - round: 50
2024-03-01 23:41:07,447 - METRIC - INFO - n_selected: 3
2024-03-01 23:41:07,447 - METRIC - INFO - selected_trainers: statipo13 - statipo11 - statipo12
2024-03-01 23:41:08,309 - EXECUT - INFO - received weights from trainer statipo12!
2024-03-01 23:41:08,410 - EXECUT - INFO - received weights from trainer statipo11!
2024-03-01 23:41:08,539 - EXECUT - INFO - received weights from trainer statipo13!
2024-03-01 23:41:09,537 - EXECUT - INFO - sent aggregated weights to trainers!
2024-03-01 23:41:09,678 - METRIC - INFO - statipo11 loss: 0.054640330374240875 - accuracy: 0.9871794581413269
2024-03-01 23:41:09,685 - METRIC - INFO - statipo21 loss: 0.4701531231403351 - accuracy: 0.8577712774276733
2024-03-01 23:41:09,691 - METRIC - INFO - statipo15 loss: 0.22169964015483856 - accuracy: 0.925203263759613
2024-03-01 23:41:09,693 - METRIC - INFO - statipo13 loss: 0.061784178018569946 - accuracy: 0.9794871807098389
2024-03-01 23:41:09,710 - METRIC - INFO - statipo14 loss: 0.0777786374092102 - accuracy: 0.9689265489578247
2024-03-01 23:41:09,710 - METRIC - INFO - statipo12 loss: 0.04155497997999191 - accuracy: 0.9865900278091431
2024-03-01 23:41:10,539 - METRIC - INFO - mean_accuracy: 0.9508596261342367

2024-03-01 23:41:10,539 - METRIC - INFO - stop_condition: rounds
