2024-03-02 00:23:56,006 - EXECUT - INFO - starting server...
2024-03-02 00:24:02,247 - EXECUT - INFO - trainer number statipo12 just joined the pool
2024-03-02 00:24:02,332 - EXECUT - INFO - trainer number statipo13 just joined the pool
2024-03-02 00:24:02,379 - EXECUT - INFO - trainer number statipo14 just joined the pool
2024-03-02 00:24:02,379 - EXECUT - INFO - trainer number statipo15 just joined the pool
2024-03-02 00:24:02,379 - EXECUT - INFO - trainer number statipo11 just joined the pool
2024-03-02 00:24:02,467 - EXECUT - INFO - trainer number statipo21 just joined the pool
2024-03-02 00:24:03,014 - METRIC - INFO - round: 1
2024-03-02 00:24:03,014 - METRIC - INFO - n_selected: 3
2024-03-02 00:24:03,014 - METRIC - INFO - selected_trainers: statipo12 - statipo14 - statipo21
2024-03-02 00:24:04,228 - EXECUT - INFO - received weights from trainer statipo12!
2024-03-02 00:24:04,401 - EXECUT - INFO - received weights from trainer statipo21!
2024-03-02 00:24:04,454 - EXECUT - INFO - received weights from trainer statipo14!
2024-03-02 00:24:05,112 - EXECUT - INFO - sent aggregated weights to trainers!
2024-03-02 00:24:05,263 - METRIC - INFO - statipo12 loss: 0.16749721765518188 - accuracy: 0.9482758641242981
2024-03-02 00:24:05,264 - METRIC - INFO - statipo21 loss: 0.24617652595043182 - accuracy: 0.910557210445404
2024-03-02 00:24:05,274 - METRIC - INFO - statipo11 loss: 19.205415725708008 - accuracy: 0.20192307233810425
2024-03-02 00:24:05,277 - METRIC - INFO - statipo15 loss: 23.41069793701172 - accuracy: 0.1642276495695114
2024-03-02 00:24:05,278 - METRIC - INFO - statipo13 loss: 32.44233703613281 - accuracy: 0.20000000298023224
2024-03-02 00:24:05,284 - METRIC - INFO - statipo14 loss: 0.08855033665895462 - accuracy: 0.9703390002250671
2024-03-02 00:24:06,113 - METRIC - INFO - mean_accuracy: 0.5658871332804362

2024-03-02 00:24:06,114 - METRIC - INFO - round: 2
2024-03-02 00:24:06,114 - METRIC - INFO - n_selected: 3
2024-03-02 00:24:06,114 - METRIC - INFO - selected_trainers: statipo11 - statipo21 - statipo15
2024-03-02 00:24:07,179 - EXECUT - INFO - received weights from trainer statipo21!
2024-03-02 00:24:07,384 - EXECUT - INFO - received weights from trainer statipo15!
2024-03-02 00:24:07,439 - EXECUT - INFO - received weights from trainer statipo11!
2024-03-02 00:24:08,240 - EXECUT - INFO - sent aggregated weights to trainers!
2024-03-02 00:24:08,371 - METRIC - INFO - statipo12 loss: 1.983839750289917 - accuracy: 0.26819923520088196
2024-03-02 00:24:08,387 - METRIC - INFO - statipo11 loss: 0.23395946621894836 - accuracy: 0.9310897588729858
2024-03-02 00:24:08,389 - METRIC - INFO - statipo13 loss: 1.6703506708145142 - accuracy: 0.36666667461395264
2024-03-02 00:24:08,389 - METRIC - INFO - statipo15 loss: 0.2652204930782318 - accuracy: 0.9008129835128784
2024-03-02 00:24:08,392 - METRIC - INFO - statipo21 loss: 0.27921533584594727 - accuracy: 0.8973606824874878
2024-03-02 00:24:08,416 - METRIC - INFO - statipo14 loss: 1.6137726306915283 - accuracy: 0.299435019493103
2024-03-02 00:24:09,242 - METRIC - INFO - mean_accuracy: 0.6105940590302149

2024-03-02 00:24:09,242 - METRIC - INFO - round: 3
2024-03-02 00:24:09,242 - METRIC - INFO - n_selected: 3
2024-03-02 00:24:09,242 - METRIC - INFO - selected_trainers: statipo15 - statipo11 - statipo14
2024-03-02 00:24:10,283 - EXECUT - INFO - received weights from trainer statipo14!
2024-03-02 00:24:10,732 - EXECUT - INFO - received weights from trainer statipo11!
2024-03-02 00:24:10,786 - EXECUT - INFO - received weights from trainer statipo15!
2024-03-02 00:24:11,397 - EXECUT - INFO - sent aggregated weights to trainers!
2024-03-02 00:24:11,541 - METRIC - INFO - statipo14 loss: 0.15054214000701904 - accuracy: 0.9392655491828918
2024-03-02 00:24:11,545 - METRIC - INFO - statipo21 loss: 1.0548299551010132 - accuracy: 0.5689149498939514
2024-03-02 00:24:11,549 - METRIC - INFO - statipo15 loss: 0.22254973649978638 - accuracy: 0.9073171019554138
2024-03-02 00:24:11,566 - METRIC - INFO - statipo13 loss: 1.7994635105133057 - accuracy: 0.26025640964508057
2024-03-02 00:24:11,570 - METRIC - INFO - statipo11 loss: 0.18613770604133606 - accuracy: 0.9487179517745972
2024-03-02 00:24:11,578 - METRIC - INFO - statipo12 loss: 1.8429619073867798 - accuracy: 0.3103448152542114
2024-03-02 00:24:12,398 - METRIC - INFO - mean_accuracy: 0.6558027962843577

2024-03-02 00:24:12,399 - METRIC - INFO - round: 4
2024-03-02 00:24:12,399 - METRIC - INFO - n_selected: 3
2024-03-02 00:24:12,399 - METRIC - INFO - selected_trainers: statipo13 - statipo12 - statipo11
2024-03-02 00:24:13,332 - EXECUT - INFO - received weights from trainer statipo11!
2024-03-02 00:24:13,719 - EXECUT - INFO - received weights from trainer statipo13!
2024-03-02 00:24:13,878 - EXECUT - INFO - received weights from trainer statipo12!
2024-03-02 00:24:14,508 - EXECUT - INFO - sent aggregated weights to trainers!
2024-03-02 00:24:14,651 - METRIC - INFO - statipo11 loss: 0.15634870529174805 - accuracy: 0.9535256624221802
2024-03-02 00:24:14,657 - METRIC - INFO - statipo14 loss: 0.7327706813812256 - accuracy: 0.7231638431549072
2024-03-02 00:24:14,658 - METRIC - INFO - statipo15 loss: 1.4941887855529785 - accuracy: 0.5365853905677795
2024-03-02 00:24:14,661 - METRIC - INFO - statipo13 loss: 0.31395262479782104 - accuracy: 0.8833333253860474
2024-03-02 00:24:14,675 - METRIC - INFO - statipo12 loss: 0.14490921795368195 - accuracy: 0.961685836315155
2024-03-02 00:24:14,684 - METRIC - INFO - statipo21 loss: 1.8284047842025757 - accuracy: 0.526392936706543
2024-03-02 00:24:15,509 - METRIC - INFO - mean_accuracy: 0.764114499092102

2024-03-02 00:24:15,510 - METRIC - INFO - round: 5
2024-03-02 00:24:15,510 - METRIC - INFO - n_selected: 3
2024-03-02 00:24:15,510 - METRIC - INFO - selected_trainers: statipo12 - statipo21 - statipo15
2024-03-02 00:24:16,465 - EXECUT - INFO - received weights from trainer statipo21!
2024-03-02 00:24:16,964 - EXECUT - INFO - received weights from trainer statipo12!
2024-03-02 00:24:17,016 - EXECUT - INFO - received weights from trainer statipo15!
2024-03-02 00:24:17,600 - EXECUT - INFO - sent aggregated weights to trainers!
2024-03-02 00:24:17,747 - METRIC - INFO - statipo14 loss: 1.1239748001098633 - accuracy: 0.5677965879440308
2024-03-02 00:24:17,749 - METRIC - INFO - statipo11 loss: 0.5695726871490479 - accuracy: 0.7836538553237915
2024-03-02 00:24:17,770 - METRIC - INFO - statipo12 loss: 0.0998644307255745 - accuracy: 0.9731800556182861
2024-03-02 00:24:17,772 - METRIC - INFO - statipo13 loss: 1.4238414764404297 - accuracy: 0.4256410300731659
2024-03-02 00:24:17,780 - METRIC - INFO - statipo15 loss: 0.1682138890028 - accuracy: 0.9382113814353943
2024-03-02 00:24:17,782 - METRIC - INFO - statipo21 loss: 0.22535757720470428 - accuracy: 0.9120234847068787
2024-03-02 00:24:18,602 - METRIC - INFO - mean_accuracy: 0.7667510658502579

2024-03-02 00:24:18,603 - METRIC - INFO - round: 6
2024-03-02 00:24:18,603 - METRIC - INFO - n_selected: 3
2024-03-02 00:24:18,603 - METRIC - INFO - selected_trainers: statipo13 - statipo14 - statipo15
2024-03-02 00:24:19,694 - EXECUT - INFO - received weights from trainer statipo14!
2024-03-02 00:24:19,761 - EXECUT - INFO - received weights from trainer statipo13!
2024-03-02 00:24:20,116 - EXECUT - INFO - received weights from trainer statipo15!
2024-03-02 00:24:20,721 - EXECUT - INFO - sent aggregated weights to trainers!
2024-03-02 00:24:20,893 - METRIC - INFO - statipo13 loss: 0.2762313187122345 - accuracy: 0.8910256624221802
2024-03-02 00:24:20,896 - METRIC - INFO - statipo14 loss: 0.14542441070079803 - accuracy: 0.950564980506897
2024-03-02 00:24:20,902 - METRIC - INFO - statipo12 loss: 1.8875625133514404 - accuracy: 0.46168583631515503
2024-03-02 00:24:20,908 - METRIC - INFO - statipo15 loss: 0.200796440243721 - accuracy: 0.9284552931785583
2024-03-02 00:24:20,913 - METRIC - INFO - statipo11 loss: 0.9095920920372009 - accuracy: 0.7115384340286255
2024-03-02 00:24:20,931 - METRIC - INFO - statipo21 loss: 1.4169282913208008 - accuracy: 0.6099706888198853
2024-03-02 00:24:21,723 - METRIC - INFO - mean_accuracy: 0.7588734825452169

2024-03-02 00:24:21,723 - METRIC - INFO - round: 7
2024-03-02 00:24:21,724 - METRIC - INFO - n_selected: 3
2024-03-02 00:24:21,724 - METRIC - INFO - selected_trainers: statipo21 - statipo11 - statipo14
2024-03-02 00:24:22,694 - EXECUT - INFO - received weights from trainer statipo11!
2024-03-02 00:24:22,787 - EXECUT - INFO - received weights from trainer statipo14!
2024-03-02 00:24:23,224 - EXECUT - INFO - received weights from trainer statipo21!
2024-03-02 00:24:23,844 - EXECUT - INFO - sent aggregated weights to trainers!
2024-03-02 00:24:23,992 - METRIC - INFO - statipo11 loss: 0.11459089815616608 - accuracy: 0.9679487347602844
2024-03-02 00:24:24,006 - METRIC - INFO - statipo14 loss: 0.06716873496770859 - accuracy: 0.9675140976905823
2024-03-02 00:24:24,013 - METRIC - INFO - statipo13 loss: 1.1478463411331177 - accuracy: 0.5858974456787109
2024-03-02 00:24:24,021 - METRIC - INFO - statipo21 loss: 0.19667132198810577 - accuracy: 0.9208211302757263
2024-03-02 00:24:24,044 - METRIC - INFO - statipo12 loss: 2.1303188800811768 - accuracy: 0.4329501986503601
2024-03-02 00:24:24,046 - METRIC - INFO - statipo15 loss: 2.2565016746520996 - accuracy: 0.5138211250305176
2024-03-02 00:24:24,845 - METRIC - INFO - mean_accuracy: 0.7314921220143636

2024-03-02 00:24:24,845 - METRIC - INFO - round: 8
2024-03-02 00:24:24,845 - METRIC - INFO - n_selected: 3
2024-03-02 00:24:24,845 - METRIC - INFO - selected_trainers: statipo14 - statipo12 - statipo21
2024-03-02 00:24:25,783 - EXECUT - INFO - received weights from trainer statipo12!
2024-03-02 00:24:25,991 - EXECUT - INFO - received weights from trainer statipo21!
2024-03-02 00:24:26,045 - EXECUT - INFO - received weights from trainer statipo14!
2024-03-02 00:24:26,969 - EXECUT - INFO - sent aggregated weights to trainers!
2024-03-02 00:24:27,114 - METRIC - INFO - statipo13 loss: 3.198093891143799 - accuracy: 0.30897435545921326
2024-03-02 00:24:27,121 - METRIC - INFO - statipo14 loss: 0.06480231881141663 - accuracy: 0.9816384315490723
2024-03-02 00:24:27,145 - METRIC - INFO - statipo15 loss: 4.3913068771362305 - accuracy: 0.3918699324131012
2024-03-02 00:24:27,150 - METRIC - INFO - statipo21 loss: 0.18264955282211304 - accuracy: 0.9281525015830994
2024-03-02 00:24:27,157 - METRIC - INFO - statipo12 loss: 0.11305156350135803 - accuracy: 0.954023003578186
2024-03-02 00:24:27,157 - METRIC - INFO - statipo11 loss: 0.9930181503295898 - accuracy: 0.7516025900840759
2024-03-02 00:24:27,971 - METRIC - INFO - mean_accuracy: 0.719376802444458

2024-03-02 00:24:27,971 - METRIC - INFO - round: 9
2024-03-02 00:24:27,971 - METRIC - INFO - n_selected: 3
2024-03-02 00:24:27,972 - METRIC - INFO - selected_trainers: statipo15 - statipo21 - statipo11
2024-03-02 00:24:29,010 - EXECUT - INFO - received weights from trainer statipo11!
2024-03-02 00:24:29,063 - EXECUT - INFO - received weights from trainer statipo15!
2024-03-02 00:24:29,454 - EXECUT - INFO - received weights from trainer statipo21!
2024-03-02 00:24:30,095 - EXECUT - INFO - sent aggregated weights to trainers!
2024-03-02 00:24:30,235 - METRIC - INFO - statipo12 loss: 2.529191255569458 - accuracy: 0.4731800854206085
2024-03-02 00:24:30,241 - METRIC - INFO - statipo11 loss: 0.12008004635572433 - accuracy: 0.9615384340286255
2024-03-02 00:24:30,244 - METRIC - INFO - statipo15 loss: 0.1061142310500145 - accuracy: 0.9642276167869568
2024-03-02 00:24:30,250 - METRIC - INFO - statipo14 loss: 0.19695691764354706 - accuracy: 0.9180790781974792
2024-03-02 00:24:30,252 - METRIC - INFO - statipo21 loss: 0.13634322583675385 - accuracy: 0.9530791640281677
2024-03-02 00:24:30,277 - METRIC - INFO - statipo13 loss: 4.969094753265381 - accuracy: 0.26923078298568726
2024-03-02 00:24:31,096 - METRIC - INFO - mean_accuracy: 0.7565558602412542

2024-03-02 00:24:31,097 - METRIC - INFO - round: 10
2024-03-02 00:24:31,097 - METRIC - INFO - n_selected: 3
2024-03-02 00:24:31,097 - METRIC - INFO - selected_trainers: statipo21 - statipo14 - statipo12
2024-03-02 00:24:32,074 - EXECUT - INFO - received weights from trainer statipo21!
2024-03-02 00:24:32,128 - EXECUT - INFO - received weights from trainer statipo14!
2024-03-02 00:24:32,548 - EXECUT - INFO - received weights from trainer statipo12!
2024-03-02 00:24:33,249 - EXECUT - INFO - sent aggregated weights to trainers!
2024-03-02 00:24:33,392 - METRIC - INFO - statipo13 loss: 7.775061130523682 - accuracy: 0.20512820780277252
2024-03-02 00:24:33,392 - METRIC - INFO - statipo11 loss: 0.8298069834709167 - accuracy: 0.7836538553237915
2024-03-02 00:24:33,395 - METRIC - INFO - statipo14 loss: 0.09366494417190552 - accuracy: 0.9604519605636597
2024-03-02 00:24:33,401 - METRIC - INFO - statipo21 loss: 0.24104389548301697 - accuracy: 0.9032257795333862
2024-03-02 00:24:33,426 - METRIC - INFO - statipo12 loss: 0.08780182152986526 - accuracy: 0.967432975769043
2024-03-02 00:24:33,432 - METRIC - INFO - statipo15 loss: 2.720531940460205 - accuracy: 0.5121951103210449
2024-03-02 00:24:34,250 - METRIC - INFO - mean_accuracy: 0.7220146482189497

2024-03-02 00:24:34,250 - METRIC - INFO - round: 11
2024-03-02 00:24:34,251 - METRIC - INFO - n_selected: 3
2024-03-02 00:24:34,251 - METRIC - INFO - selected_trainers: statipo12 - statipo11 - statipo14
2024-03-02 00:24:35,105 - EXECUT - INFO - received weights from trainer statipo12!
2024-03-02 00:24:35,198 - EXECUT - INFO - received weights from trainer statipo11!
2024-03-02 00:24:35,274 - EXECUT - INFO - received weights from trainer statipo14!
2024-03-02 00:24:36,391 - EXECUT - INFO - sent aggregated weights to trainers!
2024-03-02 00:24:36,538 - METRIC - INFO - statipo13 loss: 8.79082202911377 - accuracy: 0.20000000298023224
2024-03-02 00:24:36,545 - METRIC - INFO - statipo14 loss: 0.05429863929748535 - accuracy: 0.9788135886192322
2024-03-02 00:24:36,558 - METRIC - INFO - statipo21 loss: 0.9306035041809082 - accuracy: 0.7272727489471436
2024-03-02 00:24:36,565 - METRIC - INFO - statipo12 loss: 0.06783633679151535 - accuracy: 0.9808428883552551
2024-03-02 00:24:36,571 - METRIC - INFO - statipo15 loss: 6.0298285484313965 - accuracy: 0.3772357702255249
2024-03-02 00:24:36,572 - METRIC - INFO - statipo11 loss: 0.09567902982234955 - accuracy: 0.9727563858032227
2024-03-02 00:24:37,392 - METRIC - INFO - mean_accuracy: 0.7061535641551018

2024-03-02 00:24:37,393 - METRIC - INFO - round: 12
2024-03-02 00:24:37,393 - METRIC - INFO - n_selected: 3
2024-03-02 00:24:37,393 - METRIC - INFO - selected_trainers: statipo14 - statipo11 - statipo15
2024-03-02 00:24:38,417 - EXECUT - INFO - received weights from trainer statipo11!
2024-03-02 00:24:38,540 - EXECUT - INFO - received weights from trainer statipo14!
2024-03-02 00:24:38,880 - EXECUT - INFO - received weights from trainer statipo15!
2024-03-02 00:24:39,538 - EXECUT - INFO - sent aggregated weights to trainers!
2024-03-02 00:24:39,688 - METRIC - INFO - statipo14 loss: 0.05924268066883087 - accuracy: 0.9774011373519897
2024-03-02 00:24:39,689 - METRIC - INFO - statipo11 loss: 0.08252553641796112 - accuracy: 0.9791666865348816
2024-03-02 00:24:39,690 - METRIC - INFO - statipo21 loss: 2.0743634700775146 - accuracy: 0.6348973512649536
2024-03-02 00:24:39,718 - METRIC - INFO - statipo12 loss: 1.571347713470459 - accuracy: 0.6532567143440247
2024-03-02 00:24:39,718 - METRIC - INFO - statipo13 loss: 10.076127052307129 - accuracy: 0.19615384936332703
2024-03-02 00:24:39,732 - METRIC - INFO - statipo15 loss: 0.10154372453689575 - accuracy: 0.9658536314964294
2024-03-02 00:24:40,539 - METRIC - INFO - mean_accuracy: 0.7344548950592676

2024-03-02 00:24:40,539 - METRIC - INFO - round: 13
2024-03-02 00:24:40,539 - METRIC - INFO - n_selected: 3
2024-03-02 00:24:40,539 - METRIC - INFO - selected_trainers: statipo12 - statipo15 - statipo11
2024-03-02 00:24:41,506 - EXECUT - INFO - received weights from trainer statipo15!
2024-03-02 00:24:41,560 - EXECUT - INFO - received weights from trainer statipo11!
2024-03-02 00:24:42,060 - EXECUT - INFO - received weights from trainer statipo12!
2024-03-02 00:24:42,681 - EXECUT - INFO - sent aggregated weights to trainers!
2024-03-02 00:24:42,822 - METRIC - INFO - statipo12 loss: 0.06826940178871155 - accuracy: 0.9789271950721741
2024-03-02 00:24:42,824 - METRIC - INFO - statipo14 loss: 0.17693951725959778 - accuracy: 0.9293785095214844
2024-03-02 00:24:42,828 - METRIC - INFO - statipo21 loss: 2.6737279891967773 - accuracy: 0.5835776925086975
2024-03-02 00:24:42,831 - METRIC - INFO - statipo13 loss: 10.638362884521484 - accuracy: 0.19358974695205688
2024-03-02 00:24:42,833 - METRIC - INFO - statipo15 loss: 0.09717047214508057 - accuracy: 0.9658536314964294
2024-03-02 00:24:42,856 - METRIC - INFO - statipo11 loss: 1.005514144897461 - accuracy: 0.8381410241127014
2024-03-02 00:24:43,682 - METRIC - INFO - mean_accuracy: 0.7482446332772573

2024-03-02 00:24:43,682 - METRIC - INFO - round: 14
2024-03-02 00:24:43,683 - METRIC - INFO - n_selected: 3
2024-03-02 00:24:43,683 - METRIC - INFO - selected_trainers: statipo11 - statipo15 - statipo13
2024-03-02 00:24:44,627 - EXECUT - INFO - received weights from trainer statipo15!
2024-03-02 00:24:44,680 - EXECUT - INFO - received weights from trainer statipo11!
2024-03-02 00:24:44,757 - EXECUT - INFO - received weights from trainer statipo13!
2024-03-02 00:24:45,773 - EXECUT - INFO - sent aggregated weights to trainers!
2024-03-02 00:24:45,910 - METRIC - INFO - statipo12 loss: 1.5189796686172485 - accuracy: 0.6379310488700867
2024-03-02 00:24:45,912 - METRIC - INFO - statipo11 loss: 0.07693219184875488 - accuracy: 0.9775640964508057
2024-03-02 00:24:45,919 - METRIC - INFO - statipo15 loss: 0.09486991912126541 - accuracy: 0.9707317352294922
2024-03-02 00:24:45,919 - METRIC - INFO - statipo13 loss: 0.23507057130336761 - accuracy: 0.8948717713356018
2024-03-02 00:24:45,923 - METRIC - INFO - statipo14 loss: 0.33543696999549866 - accuracy: 0.8573446273803711
2024-03-02 00:24:45,929 - METRIC - INFO - statipo21 loss: 3.72418475151062 - accuracy: 0.5351906418800354
