2024-03-02 00:31:28,173 - EXECUT - INFO - starting server...
2024-03-02 00:31:34,509 - EXECUT - INFO - trainer number statipo15 just joined the pool
2024-03-02 00:31:34,555 - EXECUT - INFO - trainer number statipo11 just joined the pool
2024-03-02 00:31:34,599 - EXECUT - INFO - trainer number statipo12 just joined the pool
2024-03-02 00:31:34,676 - EXECUT - INFO - trainer number statipo21 just joined the pool
2024-03-02 00:31:34,725 - EXECUT - INFO - trainer number statipo14 just joined the pool
2024-03-02 00:31:34,771 - EXECUT - INFO - trainer number statipo13 just joined the pool
2024-03-02 00:31:35,179 - METRIC - INFO - round: 1
2024-03-02 00:31:35,179 - METRIC - INFO - n_selected: 3
2024-03-02 00:31:35,179 - METRIC - INFO - selected_trainers: statipo15 - statipo21 - statipo13
2024-03-02 00:31:36,595 - EXECUT - INFO - received weights from trainer statipo13!
2024-03-02 00:31:36,991 - EXECUT - INFO - received weights from trainer statipo15!
2024-03-02 00:31:37,043 - EXECUT - INFO - received weights from trainer statipo21!
2024-03-02 00:31:37,274 - EXECUT - INFO - sent aggregated weights to trainers!
2024-03-02 00:31:37,427 - METRIC - INFO - statipo11 loss: 19.624876022338867 - accuracy: 0.16987179219722748
2024-03-02 00:31:37,433 - METRIC - INFO - statipo14 loss: 35.1579704284668 - accuracy: 0.1836158186197281
2024-03-02 00:31:37,437 - METRIC - INFO - statipo21 loss: 0.29663780331611633 - accuracy: 0.873900294303894
2024-03-02 00:31:37,441 - METRIC - INFO - statipo15 loss: 0.13643063604831696 - accuracy: 0.9463414549827576
2024-03-02 00:31:37,456 - METRIC - INFO - statipo13 loss: 0.2768751382827759 - accuracy: 0.8935897350311279
2024-03-02 00:31:37,461 - METRIC - INFO - statipo12 loss: 39.650508880615234 - accuracy: 0.2509578466415405
2024-03-02 00:31:38,275 - METRIC - INFO - mean_accuracy: 0.5530461569627126

2024-03-02 00:31:38,275 - METRIC - INFO - round: 2
2024-03-02 00:31:38,275 - METRIC - INFO - n_selected: 3
2024-03-02 00:31:38,275 - METRIC - INFO - selected_trainers: statipo13 - statipo14 - statipo11
2024-03-02 00:31:39,540 - EXECUT - INFO - received weights from trainer statipo11!
2024-03-02 00:31:39,601 - EXECUT - INFO - received weights from trainer statipo14!
2024-03-02 00:31:39,749 - EXECUT - INFO - received weights from trainer statipo13!
2024-03-02 00:31:40,365 - EXECUT - INFO - sent aggregated weights to trainers!
2024-03-02 00:31:40,509 - METRIC - INFO - statipo11 loss: 0.2863805592060089 - accuracy: 0.9006410241127014
2024-03-02 00:31:40,515 - METRIC - INFO - statipo13 loss: 0.35981065034866333 - accuracy: 0.8717948794364929
2024-03-02 00:31:40,540 - METRIC - INFO - statipo15 loss: 2.3502933979034424 - accuracy: 0.1349593549966812
2024-03-02 00:31:40,542 - METRIC - INFO - statipo21 loss: 2.2916924953460693 - accuracy: 0.15689149498939514
2024-03-02 00:31:40,543 - METRIC - INFO - statipo12 loss: 2.269664764404297 - accuracy: 0.21264368295669556
2024-03-02 00:31:40,545 - METRIC - INFO - statipo14 loss: 0.1524135172367096 - accuracy: 0.9251412153244019
2024-03-02 00:31:41,366 - METRIC - INFO - mean_accuracy: 0.5336786086360613

2024-03-02 00:31:41,367 - METRIC - INFO - round: 3
2024-03-02 00:31:41,367 - METRIC - INFO - n_selected: 3
2024-03-02 00:31:41,367 - METRIC - INFO - selected_trainers: statipo11 - statipo12 - statipo14
2024-03-02 00:31:42,452 - EXECUT - INFO - received weights from trainer statipo11!
2024-03-02 00:31:42,576 - EXECUT - INFO - received weights from trainer statipo14!
2024-03-02 00:31:42,689 - EXECUT - INFO - received weights from trainer statipo12!
2024-03-02 00:31:43,486 - EXECUT - INFO - sent aggregated weights to trainers!
2024-03-02 00:31:43,655 - METRIC - INFO - statipo11 loss: 0.21239902079105377 - accuracy: 0.9391025900840759
2024-03-02 00:31:43,659 - METRIC - INFO - statipo15 loss: 2.2848474979400635 - accuracy: 0.18373984098434448
2024-03-02 00:31:43,659 - METRIC - INFO - statipo12 loss: 0.14996974170207977 - accuracy: 0.961685836315155
2024-03-02 00:31:43,665 - METRIC - INFO - statipo13 loss: 1.4507417678833008 - accuracy: 0.4038461446762085
2024-03-02 00:31:43,665 - METRIC - INFO - statipo14 loss: 0.10166897624731064 - accuracy: 0.9632768630981445
2024-03-02 00:31:43,671 - METRIC - INFO - statipo21 loss: 1.5798062086105347 - accuracy: 0.2521994113922119
2024-03-02 00:31:44,487 - METRIC - INFO - mean_accuracy: 0.6173084477583567

2024-03-02 00:31:44,487 - METRIC - INFO - round: 4
2024-03-02 00:31:44,487 - METRIC - INFO - n_selected: 3
2024-03-02 00:31:44,487 - METRIC - INFO - selected_trainers: statipo11 - statipo12 - statipo13
2024-03-02 00:31:45,341 - EXECUT - INFO - received weights from trainer statipo12!
2024-03-02 00:31:45,448 - EXECUT - INFO - received weights from trainer statipo11!
2024-03-02 00:31:45,560 - EXECUT - INFO - received weights from trainer statipo13!
2024-03-02 00:31:46,574 - EXECUT - INFO - sent aggregated weights to trainers!
2024-03-02 00:31:46,712 - METRIC - INFO - statipo11 loss: 0.3049474060535431 - accuracy: 0.8926281929016113
2024-03-02 00:31:46,721 - METRIC - INFO - statipo21 loss: 1.4424571990966797 - accuracy: 0.4633431136608124
2024-03-02 00:31:46,721 - METRIC - INFO - statipo14 loss: 0.6034099459648132 - accuracy: 0.7401130199432373
2024-03-02 00:31:46,728 - METRIC - INFO - statipo13 loss: 0.2882022261619568 - accuracy: 0.8769230842590332
2024-03-02 00:31:46,742 - METRIC - INFO - statipo15 loss: 3.098268508911133 - accuracy: 0.20650406181812286
2024-03-02 00:31:46,745 - METRIC - INFO - statipo12 loss: 0.15084689855575562 - accuracy: 0.9578543901443481
2024-03-02 00:31:47,576 - METRIC - INFO - mean_accuracy: 0.6895609771211942

2024-03-02 00:31:47,576 - METRIC - INFO - round: 5
2024-03-02 00:31:47,576 - METRIC - INFO - n_selected: 3
2024-03-02 00:31:47,577 - METRIC - INFO - selected_trainers: statipo15 - statipo13 - statipo12
2024-03-02 00:31:48,483 - EXECUT - INFO - received weights from trainer statipo15!
2024-03-02 00:31:48,608 - EXECUT - INFO - received weights from trainer statipo13!
2024-03-02 00:31:49,062 - EXECUT - INFO - received weights from trainer statipo12!
2024-03-02 00:31:49,692 - EXECUT - INFO - sent aggregated weights to trainers!
2024-03-02 00:31:49,833 - METRIC - INFO - statipo12 loss: 0.18490874767303467 - accuracy: 0.931034505367279
2024-03-02 00:31:49,836 - METRIC - INFO - statipo11 loss: 0.960507333278656 - accuracy: 0.6602563858032227
2024-03-02 00:31:49,838 - METRIC - INFO - statipo15 loss: 0.1821412295103073 - accuracy: 0.930081307888031
2024-03-02 00:31:49,846 - METRIC - INFO - statipo14 loss: 2.1685659885406494 - accuracy: 0.4731638431549072
2024-03-02 00:31:49,853 - METRIC - INFO - statipo13 loss: 0.3254162073135376 - accuracy: 0.8858974575996399
2024-03-02 00:31:49,872 - METRIC - INFO - statipo21 loss: 1.5979888439178467 - accuracy: 0.4486803412437439
2024-03-02 00:31:50,693 - METRIC - INFO - mean_accuracy: 0.7215189735094706

2024-03-02 00:31:50,693 - METRIC - INFO - round: 6
2024-03-02 00:31:50,693 - METRIC - INFO - n_selected: 3
2024-03-02 00:31:50,693 - METRIC - INFO - selected_trainers: statipo12 - statipo11 - statipo15
2024-03-02 00:31:51,607 - EXECUT - INFO - received weights from trainer statipo15!
2024-03-02 00:31:51,661 - EXECUT - INFO - received weights from trainer statipo11!
