2024-03-02 00:45:38,847 - EXECUT - INFO - starting server...
2024-03-02 00:45:51,726 - EXECUT - INFO - trainer number statipo11 just joined the pool
2024-03-02 00:45:51,771 - EXECUT - INFO - trainer number statipo15 just joined the pool
2024-03-02 00:45:51,771 - EXECUT - INFO - trainer number statipo13 just joined the pool
2024-03-02 00:45:51,775 - EXECUT - INFO - trainer number statipo21 just joined the pool
2024-03-02 00:45:51,819 - EXECUT - INFO - trainer number statipo12 just joined the pool
2024-03-02 00:45:51,819 - EXECUT - INFO - trainer number statipo14 just joined the pool
2024-03-02 00:45:51,860 - METRIC - INFO - round: 1
2024-03-02 00:45:51,860 - METRIC - INFO - n_selected: 3
2024-03-02 00:45:51,860 - METRIC - INFO - selected_trainers: statipo13 - statipo12 - statipo11
2024-03-02 00:45:53,068 - EXECUT - INFO - received weights from trainer statipo12!
2024-03-02 00:45:53,297 - EXECUT - INFO - received weights from trainer statipo13!
2024-03-02 00:45:53,697 - EXECUT - INFO - received weights from trainer statipo11!
2024-03-02 00:45:53,989 - EXECUT - INFO - sent aggregated weights to trainers!
2024-03-02 00:45:54,151 - METRIC - INFO - statipo14 loss: 31.95940399169922 - accuracy: 0.17514124512672424
2024-03-02 00:45:54,191 - METRIC - INFO - statipo15 loss: 16.997421264648438 - accuracy: 0.1430894285440445
2024-03-02 00:45:54,191 - METRIC - INFO - statipo21 loss: 25.30609703063965 - accuracy: 0.1510263979434967
2024-03-02 00:45:54,191 - METRIC - INFO - statipo12 loss: 0.13332775235176086 - accuracy: 0.9482758641242981
2024-03-02 00:45:54,191 - METRIC - INFO - statipo13 loss: 0.24846303462982178 - accuracy: 0.906410276889801
2024-03-02 00:45:54,191 - METRIC - INFO - statipo11 loss: 0.10937141627073288 - accuracy: 0.9647436141967773
2024-03-02 00:45:54,991 - METRIC - INFO - mean_accuracy: 0.5481144711375237

2024-03-02 00:45:54,991 - METRIC - INFO - round: 2
2024-03-02 00:45:54,991 - METRIC - INFO - n_selected: 3
2024-03-02 00:45:54,992 - METRIC - INFO - selected_trainers: statipo14 - statipo13 - statipo15
2024-03-02 00:45:56,217 - EXECUT - INFO - received weights from trainer statipo15!
2024-03-02 00:45:56,303 - EXECUT - INFO - received weights from trainer statipo14!
2024-03-02 00:45:56,443 - EXECUT - INFO - received weights from trainer statipo13!
2024-03-02 00:45:57,084 - EXECUT - INFO - sent aggregated weights to trainers!
2024-03-02 00:45:57,232 - METRIC - INFO - statipo13 loss: 0.48005053400993347 - accuracy: 0.7974358797073364
2024-03-02 00:45:57,232 - METRIC - INFO - statipo14 loss: 0.23982900381088257 - accuracy: 0.9138417840003967
2024-03-02 00:45:57,236 - METRIC - INFO - statipo11 loss: 2.3576018810272217 - accuracy: 0.18429486453533173
2024-03-02 00:45:57,245 - METRIC - INFO - statipo21 loss: 2.319018602371216 - accuracy: 0.1671554297208786
2024-03-02 00:45:57,262 - METRIC - INFO - statipo12 loss: 2.0229146480560303 - accuracy: 0.24137930572032928
2024-03-02 00:45:57,265 - METRIC - INFO - statipo15 loss: 0.2202773243188858 - accuracy: 0.930081307888031
2024-03-02 00:45:58,086 - METRIC - INFO - mean_accuracy: 0.539031428595384

2024-03-02 00:45:58,086 - METRIC - INFO - round: 3
2024-03-02 00:45:58,087 - METRIC - INFO - n_selected: 3
2024-03-02 00:45:58,087 - METRIC - INFO - selected_trainers: statipo15 - statipo14 - statipo11
2024-03-02 00:45:59,068 - EXECUT - INFO - received weights from trainer statipo15!
2024-03-02 00:45:59,128 - EXECUT - INFO - received weights from trainer statipo11!
2024-03-02 00:45:59,178 - EXECUT - INFO - received weights from trainer statipo14!
2024-03-02 00:46:00,214 - EXECUT - INFO - sent aggregated weights to trainers!
2024-03-02 00:46:00,355 - METRIC - INFO - statipo15 loss: 0.3136598467826843 - accuracy: 0.8829268217086792
2024-03-02 00:46:00,355 - METRIC - INFO - statipo12 loss: 1.9514013528823853 - accuracy: 0.1781609207391739
2024-03-02 00:46:00,364 - METRIC - INFO - statipo21 loss: 1.817939281463623 - accuracy: 0.19061583280563354
2024-03-02 00:46:00,369 - METRIC - INFO - statipo11 loss: 0.18762192130088806 - accuracy: 0.9519230723381042
2024-03-02 00:46:00,386 - METRIC - INFO - statipo14 loss: 0.23297248780727386 - accuracy: 0.8997175097465515
2024-03-02 00:46:00,386 - METRIC - INFO - statipo13 loss: 0.9865744709968567 - accuracy: 0.6589743494987488
2024-03-02 00:46:01,217 - METRIC - INFO - mean_accuracy: 0.6270530844728152

2024-03-02 00:46:01,217 - METRIC - INFO - round: 4
2024-03-02 00:46:01,217 - METRIC - INFO - n_selected: 3
2024-03-02 00:46:01,218 - METRIC - INFO - selected_trainers: statipo12 - statipo15 - statipo14
2024-03-02 00:46:02,060 - EXECUT - INFO - received weights from trainer statipo12!
2024-03-02 00:46:02,206 - EXECUT - INFO - received weights from trainer statipo14!
2024-03-02 00:46:02,706 - EXECUT - INFO - received weights from trainer statipo15!
2024-03-02 00:46:03,310 - EXECUT - INFO - sent aggregated weights to trainers!
2024-03-02 00:46:03,464 - METRIC - INFO - statipo13 loss: 2.13706374168396 - accuracy: 0.44999998807907104
2024-03-02 00:46:03,480 - METRIC - INFO - statipo21 loss: 1.5487701892852783 - accuracy: 0.4633431136608124
2024-03-02 00:46:03,482 - METRIC - INFO - statipo11 loss: 1.0772969722747803 - accuracy: 0.5144230723381042
2024-03-02 00:46:03,483 - METRIC - INFO - statipo14 loss: 0.16211827099323273 - accuracy: 0.950564980506897
2024-03-02 00:46:03,490 - METRIC - INFO - statipo15 loss: 0.1375555843114853 - accuracy: 0.9447154402732849
2024-03-02 00:46:03,510 - METRIC - INFO - statipo12 loss: 0.14357587695121765 - accuracy: 0.9559386968612671
2024-03-02 00:46:04,311 - METRIC - INFO - mean_accuracy: 0.7131642152865728

2024-03-02 00:46:04,311 - METRIC - INFO - round: 5
2024-03-02 00:46:04,312 - METRIC - INFO - n_selected: 3
2024-03-02 00:46:04,312 - METRIC - INFO - selected_trainers: statipo11 - statipo15 - statipo13
2024-03-02 00:46:05,521 - EXECUT - INFO - received weights from trainer statipo11!
2024-03-02 00:46:05,576 - EXECUT - INFO - received weights from trainer statipo15!
2024-03-02 00:46:05,719 - EXECUT - INFO - received weights from trainer statipo13!
2024-03-02 00:46:06,436 - EXECUT - INFO - sent aggregated weights to trainers!
2024-03-02 00:46:06,616 - METRIC - INFO - statipo15 loss: 0.13491368293762207 - accuracy: 0.9512194991111755
2024-03-02 00:46:06,621 - METRIC - INFO - statipo12 loss: 1.7458834648132324 - accuracy: 0.3486590087413788
2024-03-02 00:46:06,622 - METRIC - INFO - statipo21 loss: 1.7650028467178345 - accuracy: 0.4662756621837616
2024-03-02 00:46:06,626 - METRIC - INFO - statipo11 loss: 0.1783135086297989 - accuracy: 0.9407051205635071
2024-03-02 00:46:06,629 - METRIC - INFO - statipo13 loss: 0.23580726981163025 - accuracy: 0.9205127954483032
2024-03-02 00:46:06,631 - METRIC - INFO - statipo14 loss: 0.3037593960762024 - accuracy: 0.901129961013794
2024-03-02 00:46:07,438 - METRIC - INFO - mean_accuracy: 0.7547503411769867

2024-03-02 00:46:07,438 - METRIC - INFO - round: 6
2024-03-02 00:46:07,438 - METRIC - INFO - n_selected: 3
2024-03-02 00:46:07,439 - METRIC - INFO - selected_trainers: statipo14 - statipo11 - statipo13
2024-03-02 00:46:08,784 - EXECUT - INFO - received weights from trainer statipo14!
2024-03-02 00:46:08,850 - EXECUT - INFO - received weights from trainer statipo13!
2024-03-02 00:46:08,919 - EXECUT - INFO - received weights from trainer statipo11!
2024-03-02 00:46:09,565 - EXECUT - INFO - sent aggregated weights to trainers!
2024-03-02 00:46:09,732 - METRIC - INFO - statipo21 loss: 1.6283104419708252 - accuracy: 0.47653958201408386
2024-03-02 00:46:09,736 - METRIC - INFO - statipo12 loss: 2.6864354610443115 - accuracy: 0.24329501390457153
2024-03-02 00:46:09,747 - METRIC - INFO - statipo13 loss: 0.20226633548736572 - accuracy: 0.9217948913574219
2024-03-02 00:46:09,747 - METRIC - INFO - statipo15 loss: 1.2954072952270508 - accuracy: 0.6357723474502563
2024-03-02 00:46:09,753 - METRIC - INFO - statipo11 loss: 0.12660396099090576 - accuracy: 0.9679487347602844
2024-03-02 00:46:09,753 - METRIC - INFO - statipo14 loss: 0.38257765769958496 - accuracy: 0.8672316670417786
2024-03-02 00:46:10,566 - METRIC - INFO - mean_accuracy: 0.6854303727547327

2024-03-02 00:46:10,566 - METRIC - INFO - round: 7
2024-03-02 00:46:10,567 - METRIC - INFO - n_selected: 3
2024-03-02 00:46:10,567 - METRIC - INFO - selected_trainers: statipo13 - statipo14 - statipo12
2024-03-02 00:46:11,486 - EXECUT - INFO - received weights from trainer statipo12!
2024-03-02 00:46:11,694 - EXECUT - INFO - received weights from trainer statipo14!
2024-03-02 00:46:11,759 - EXECUT - INFO - received weights from trainer statipo13!
2024-03-02 00:46:12,697 - EXECUT - INFO - sent aggregated weights to trainers!
