2024-01-30 19:58:22,115 - EXECUT - INFO - starting server...
2024-01-30 20:00:06,749 - EXECUT - INFO - trainer number statipo11 just joined the pool
2024-01-30 20:00:13,780 - EXECUT - INFO - trainer number statipo13 just joined the pool
2024-01-30 20:00:29,123 - EXECUT - INFO - trainer number statipo21 just joined the pool
2024-01-30 20:00:29,232 - METRIC - INFO - round: 1
2024-01-30 20:00:29,233 - METRIC - INFO - selected_trainers: statipo13
2024-01-30 20:00:34,330 - EXECUT - INFO - trainer number statipo12 just joined the pool
2024-01-30 20:02:21,957 - EXECUT - INFO - received weights from trainer statipo13!
2024-01-30 20:02:23,141 - EXECUT - INFO - sent aggregated weights to trainers!
2024-01-30 20:02:25,199 - METRIC - INFO - statipo11 loss: 2.300436496734619 - accuracy: 0.117779441177845
2024-01-30 20:02:25,753 - METRIC - INFO - statipo13 loss: 1.4529088735580444 - accuracy: 0.4787999987602234
2024-01-30 20:02:26,102 - METRIC - INFO - statipo21 loss: 2.3007845878601074 - accuracy: 0.10977762192487717
2024-01-30 20:02:26,270 - METRIC - INFO - statipo12 loss: 2.304790735244751 - accuracy: 0.1120000034570694
2024-01-30 20:02:27,145 - METRIC - INFO - mean_accuracy: 0.20458926633000374

2024-01-30 20:02:27,146 - METRIC - INFO - round: 2
2024-01-30 20:02:27,147 - METRIC - INFO - selected_trainers: statipo21 - statipo12
2024-01-30 20:06:41,485 - EXECUT - INFO - received weights from trainer statipo21!
2024-01-30 20:06:45,300 - EXECUT - INFO - received weights from trainer statipo12!
2024-01-30 20:06:46,240 - EXECUT - INFO - sent aggregated weights to trainers!
2024-01-30 20:06:48,398 - METRIC - INFO - statipo13 loss: 1.4529088735580444 - accuracy: 0.4787999987602234
2024-01-30 20:06:49,014 - METRIC - INFO - statipo11 loss: 1.4624035358428955 - accuracy: 0.4883720874786377
2024-01-30 20:06:49,033 - METRIC - INFO - statipo21 loss: 1.287723422050476 - accuracy: 0.5390045642852783
2024-01-30 20:06:49,125 - METRIC - INFO - statipo12 loss: 1.226946234703064 - accuracy: 0.5613333582878113
2024-01-30 20:06:49,243 - METRIC - INFO - mean_accuracy: 0.5168775022029877

2024-01-30 20:06:49,243 - METRIC - INFO - round: 3
2024-01-30 20:06:49,243 - METRIC - INFO - selected_trainers: statipo13
2024-01-30 20:08:44,405 - EXECUT - INFO - received weights from trainer statipo13!
2024-01-30 20:08:46,170 - EXECUT - INFO - sent aggregated weights to trainers!
2024-01-30 20:08:48,163 - METRIC - INFO - statipo13 loss: 1.1444965600967407 - accuracy: 0.6007999777793884
2024-01-30 20:08:48,374 - METRIC - INFO - statipo11 loss: 1.216629147529602 - accuracy: 0.5757689476013184
2024-01-30 20:08:48,517 - METRIC - INFO - statipo21 loss: 1.2193266153335571 - accuracy: 0.5679491758346558
2024-01-30 20:08:48,562 - METRIC - INFO - statipo12 loss: 1.241648554801941 - accuracy: 0.5573333501815796
2024-01-30 20:08:49,173 - METRIC - INFO - mean_accuracy: 0.5754628628492355

2024-01-30 20:08:49,173 - METRIC - INFO - round: 4
2024-01-30 20:08:49,173 - METRIC - INFO - selected_trainers: statipo12
2024-01-30 20:11:07,096 - EXECUT - INFO - received weights from trainer statipo12!
2024-01-30 20:11:08,120 - EXECUT - INFO - sent aggregated weights to trainers!
2024-01-30 20:11:10,414 - METRIC - INFO - statipo13 loss: 1.1444965600967407 - accuracy: 0.6007999777793884
2024-01-30 20:11:10,611 - METRIC - INFO - statipo21 loss: 1.1697056293487549 - accuracy: 0.5919519662857056
2024-01-30 20:11:10,668 - METRIC - INFO - statipo12 loss: 1.0738486051559448 - accuracy: 0.6156666874885559
2024-01-30 20:11:11,283 - METRIC - INFO - statipo11 loss: 1.1726740598678589 - accuracy: 0.599024772644043
2024-01-30 20:11:12,124 - METRIC - INFO - mean_accuracy: 0.6018608510494232

2024-01-30 20:11:12,124 - METRIC - INFO - round: 5
2024-01-30 20:11:12,124 - METRIC - INFO - selected_trainers: statipo21 - statipo11
2024-01-30 20:15:04,203 - EXECUT - INFO - received weights from trainer statipo11!
2024-01-30 20:15:12,866 - EXECUT - INFO - received weights from trainer statipo21!
2024-01-30 20:15:14,596 - EXECUT - INFO - sent aggregated weights to trainers!
2024-01-30 20:15:16,435 - METRIC - INFO - statipo13 loss: 1.017059564590454 - accuracy: 0.6431999802589417
2024-01-30 20:15:16,823 - METRIC - INFO - statipo11 loss: 0.9533141255378723 - accuracy: 0.6706676483154297
2024-01-30 20:15:17,021 - METRIC - INFO - statipo21 loss: 0.9484052062034607 - accuracy: 0.6681962609291077
2024-01-30 20:15:17,082 - METRIC - INFO - statipo12 loss: 1.0738486051559448 - accuracy: 0.6156666874885559
2024-01-30 20:15:17,611 - METRIC - INFO - mean_accuracy: 0.6494326442480087

2024-01-30 20:15:17,612 - METRIC - INFO - round: 6
2024-01-30 20:15:17,613 - METRIC - INFO - selected_trainers: statipo12
2024-01-30 20:17:36,955 - EXECUT - INFO - received weights from trainer statipo12!
2024-01-30 20:17:38,831 - EXECUT - INFO - sent aggregated weights to trainers!
2024-01-30 20:17:40,740 - METRIC - INFO - statipo13 loss: 0.9020497798919678 - accuracy: 0.6919999718666077
2024-01-30 20:17:40,815 - METRIC - INFO - statipo11 loss: 0.9207055568695068 - accuracy: 0.676669180393219
2024-01-30 20:17:40,915 - METRIC - INFO - statipo21 loss: 0.9221678972244263 - accuracy: 0.6805506348609924
2024-01-30 20:17:40,979 - METRIC - INFO - statipo12 loss: 0.9044245481491089 - accuracy: 0.6850000023841858
2024-01-30 20:17:41,835 - METRIC - INFO - mean_accuracy: 0.6835549473762512

2024-01-30 20:17:41,835 - METRIC - INFO - round: 7
2024-01-30 20:17:41,835 - METRIC - INFO - selected_trainers: statipo11
2024-01-30 20:19:49,715 - EXECUT - INFO - received weights from trainer statipo11!
2024-01-30 20:19:50,862 - EXECUT - INFO - sent aggregated weights to trainers!
2024-01-30 20:19:53,116 - METRIC - INFO - statipo11 loss: 0.8598153591156006 - accuracy: 0.7078019380569458
2024-01-30 20:19:53,174 - METRIC - INFO - statipo13 loss: 0.8581883907318115 - accuracy: 0.699999988079071
2024-01-30 20:19:53,351 - METRIC - INFO - statipo21 loss: 0.8823883533477783 - accuracy: 0.695375919342041
2024-01-30 20:19:53,373 - METRIC - INFO - statipo12 loss: 0.9044245481491089 - accuracy: 0.6850000023841858
2024-01-30 20:19:53,906 - METRIC - INFO - mean_accuracy: 0.6970444619655609

2024-01-30 20:19:53,907 - METRIC - INFO - round: 8
2024-01-30 20:19:53,907 - METRIC - INFO - selected_trainers: statipo12
2024-01-30 20:22:13,238 - EXECUT - INFO - received weights from trainer statipo12!
2024-01-30 20:22:15,634 - EXECUT - INFO - sent aggregated weights to trainers!
2024-01-30 20:22:17,534 - METRIC - INFO - statipo13 loss: 0.8402612209320068 - accuracy: 0.7088000178337097
2024-01-30 20:22:17,540 - METRIC - INFO - statipo11 loss: 0.8598153591156006 - accuracy: 0.7078019380569458
2024-01-30 20:22:17,860 - METRIC - INFO - statipo12 loss: 0.8775838017463684 - accuracy: 0.7099999785423279
2024-01-30 20:22:17,880 - METRIC - INFO - statipo21 loss: 0.8583717346191406 - accuracy: 0.7073773145675659
2024-01-30 20:22:18,661 - METRIC - INFO - mean_accuracy: 0.7084948122501373

2024-01-30 20:22:18,661 - METRIC - INFO - round: 9
2024-01-30 20:22:18,680 - METRIC - INFO - selected_trainers: statipo21
2024-01-30 20:24:32,233 - EXECUT - INFO - received weights from trainer statipo21!
2024-01-30 20:24:34,349 - EXECUT - INFO - sent aggregated weights to trainers!
2024-01-30 20:24:36,462 - METRIC - INFO - statipo11 loss: 0.8400366306304932 - accuracy: 0.7119280099868774
2024-01-30 20:24:36,477 - METRIC - INFO - statipo13 loss: 0.8194180727005005 - accuracy: 0.722000002861023
2024-01-30 20:24:36,523 - METRIC - INFO - statipo21 loss: 0.8164510726928711 - accuracy: 0.7218496203422546
2024-01-30 20:24:36,601 - METRIC - INFO - statipo12 loss: 0.8775838017463684 - accuracy: 0.7099999785423279
2024-01-30 20:24:37,375 - METRIC - INFO - mean_accuracy: 0.7164444029331207

2024-01-30 20:24:37,376 - METRIC - INFO - round: 10
2024-01-30 20:24:37,377 - METRIC - INFO - selected_trainers: statipo12
2024-01-30 20:27:00,952 - EXECUT - INFO - received weights from trainer statipo12!
2024-01-30 20:27:03,347 - EXECUT - INFO - sent aggregated weights to trainers!
2024-01-30 20:27:05,357 - METRIC - INFO - statipo13 loss: 0.7993826866149902 - accuracy: 0.7264000177383423
2024-01-30 20:27:05,398 - METRIC - INFO - statipo11 loss: 0.8107508420944214 - accuracy: 0.7220554947853088
2024-01-30 20:27:05,553 - METRIC - INFO - statipo21 loss: 0.8164510726928711 - accuracy: 0.7218496203422546
2024-01-30 20:27:05,614 - METRIC - INFO - statipo12 loss: 0.8132999539375305 - accuracy: 0.7266666889190674
2024-01-30 20:27:06,470 - METRIC - INFO - mean_accuracy: 0.7242429554462433

2024-01-30 20:27:06,471 - METRIC - INFO - round: 11
2024-01-30 20:27:06,478 - METRIC - INFO - selected_trainers: statipo21
2024-01-30 20:29:36,194 - EXECUT - INFO - received weights from trainer statipo21!
2024-01-30 20:29:38,240 - EXECUT - INFO - sent aggregated weights to trainers!
2024-01-30 20:29:40,461 - METRIC - INFO - statipo13 loss: 0.7590593099594116 - accuracy: 0.7368000149726868
2024-01-30 20:29:40,544 - METRIC - INFO - statipo11 loss: 0.7768426537513733 - accuracy: 0.7340584993362427
2024-01-30 20:29:40,772 - METRIC - INFO - statipo21 loss: 0.8024231791496277 - accuracy: 0.7317331433296204
2024-01-30 20:29:40,796 - METRIC - INFO - statipo12 loss: 0.8132999539375305 - accuracy: 0.7266666889190674
2024-01-30 20:29:41,282 - METRIC - INFO - mean_accuracy: 0.7323145866394043

2024-01-30 20:29:41,282 - METRIC - INFO - round: 12
2024-01-30 20:29:41,310 - METRIC - INFO - selected_trainers: statipo12
2024-01-30 20:32:04,284 - EXECUT - INFO - received weights from trainer statipo12!
2024-01-30 20:32:06,192 - EXECUT - INFO - sent aggregated weights to trainers!
2024-01-30 20:32:08,167 - METRIC - INFO - statipo13 loss: 0.7771322727203369 - accuracy: 0.7283999919891357
2024-01-30 20:32:08,223 - METRIC - INFO - statipo11 loss: 0.7930583357810974 - accuracy: 0.732183039188385
2024-01-30 20:32:08,361 - METRIC - INFO - statipo21 loss: 0.8024231791496277 - accuracy: 0.7317331433296204
2024-01-30 20:32:08,409 - METRIC - INFO - statipo12 loss: 0.7999070882797241 - accuracy: 0.7323333621025085
2024-01-30 20:32:09,196 - METRIC - INFO - mean_accuracy: 0.7311623841524124

2024-01-30 20:32:09,196 - METRIC - INFO - round: 13
2024-01-30 20:32:09,196 - METRIC - INFO - selected_trainers: statipo13
2024-01-30 20:34:01,331 - EXECUT - INFO - received weights from trainer statipo13!
2024-01-30 20:34:03,129 - EXECUT - INFO - sent aggregated weights to trainers!
2024-01-30 20:34:05,060 - METRIC - INFO - statipo11 loss: 0.7728651762008667 - accuracy: 0.7453113198280334
2024-01-30 20:34:05,117 - METRIC - INFO - statipo13 loss: 0.7236133813858032 - accuracy: 0.7427999973297119
2024-01-30 20:34:05,220 - METRIC - INFO - statipo21 loss: 0.7807326912879944 - accuracy: 0.741969645023346
2024-01-30 20:34:05,250 - METRIC - INFO - statipo12 loss: 0.7999070882797241 - accuracy: 0.7323333621025085
2024-01-30 20:34:06,131 - METRIC - INFO - mean_accuracy: 0.7406035810709

2024-01-30 20:34:06,131 - METRIC - INFO - round: 14
2024-01-30 20:34:06,131 - METRIC - INFO - selected_trainers: statipo12
2024-01-30 20:36:33,903 - EXECUT - INFO - received weights from trainer statipo12!
2024-01-30 20:36:35,796 - EXECUT - INFO - sent aggregated weights to trainers!
2024-01-30 20:36:38,096 - METRIC - INFO - statipo13 loss: 0.7236133813858032 - accuracy: 0.7427999973297119
2024-01-30 20:36:38,404 - METRIC - INFO - statipo11 loss: 0.7388929724693298 - accuracy: 0.7520630359649658
2024-01-30 20:36:38,440 - METRIC - INFO - statipo21 loss: 0.7496163249015808 - accuracy: 0.7479703426361084
2024-01-30 20:36:38,514 - METRIC - INFO - statipo12 loss: 0.8182973861694336 - accuracy: 0.7490000128746033
2024-01-30 20:36:38,924 - METRIC - INFO - mean_accuracy: 0.7479583472013474

2024-01-30 20:36:38,925 - METRIC - INFO - round: 15
2024-01-30 20:36:38,925 - METRIC - INFO - selected_trainers: statipo13
2024-01-30 20:38:48,346 - EXECUT - INFO - received weights from trainer statipo13!
2024-01-30 20:38:50,685 - EXECUT - INFO - sent aggregated weights to trainers!
2024-01-30 20:38:52,748 - METRIC - INFO - statipo13 loss: 0.7891437411308289 - accuracy: 0.7519999742507935
2024-01-30 20:38:52,777 - METRIC - INFO - statipo11 loss: 0.7814772725105286 - accuracy: 0.7569392323493958
2024-01-30 20:38:52,936 - METRIC - INFO - statipo21 loss: 0.7867999076843262 - accuracy: 0.7553830146789551
2024-01-30 20:38:52,963 - METRIC - INFO - statipo12 loss: 0.8182973861694336 - accuracy: 0.7490000128746033
2024-01-30 20:38:53,702 - METRIC - INFO - mean_accuracy: 0.7533305585384369

2024-01-30 20:38:53,702 - METRIC - INFO - round: 16
2024-01-30 20:38:53,714 - METRIC - INFO - selected_trainers: statipo12
2024-01-30 20:41:24,913 - EXECUT - INFO - received weights from trainer statipo12!
2024-01-30 20:41:26,625 - EXECUT - INFO - sent aggregated weights to trainers!
2024-01-30 20:41:28,579 - METRIC - INFO - statipo13 loss: 0.7891437411308289 - accuracy: 0.7519999742507935
2024-01-30 20:41:28,731 - METRIC - INFO - statipo11 loss: 0.8028615713119507 - accuracy: 0.7539384961128235
2024-01-30 20:41:28,851 - METRIC - INFO - statipo21 loss: 0.8071745038032532 - accuracy: 0.7493822574615479
2024-01-30 20:41:28,927 - METRIC - INFO - statipo12 loss: 0.774057924747467 - accuracy: 0.7429999709129333
2024-01-30 20:41:29,635 - METRIC - INFO - mean_accuracy: 0.7495801746845245

2024-01-30 20:41:29,635 - METRIC - INFO - round: 17
2024-01-30 20:41:29,653 - METRIC - INFO - selected_trainers: statipo12
2024-01-30 20:44:07,478 - EXECUT - INFO - received weights from trainer statipo12!
2024-01-30 20:44:09,725 - EXECUT - INFO - sent aggregated weights to trainers!
2024-01-30 20:44:12,423 - METRIC - INFO - statipo11 loss: 0.7443710565567017 - accuracy: 0.7573143243789673
2024-01-30 20:44:12,545 - METRIC - INFO - statipo13 loss: 0.7244542241096497 - accuracy: 0.7576000094413757
2024-01-30 20:44:12,739 - METRIC - INFO - statipo12 loss: 0.8073718547821045 - accuracy: 0.746999979019165
2024-01-30 20:44:12,744 - METRIC - INFO - statipo21 loss: 0.76094651222229 - accuracy: 0.7522061467170715
2024-01-30 20:44:13,133 - METRIC - INFO - mean_accuracy: 0.7535301148891449

2024-01-30 20:44:13,137 - METRIC - INFO - round: 18
2024-01-30 20:44:13,137 - METRIC - INFO - selected_trainers: statipo12
2024-01-30 20:46:49,550 - EXECUT - INFO - received weights from trainer statipo12!
2024-01-30 20:46:52,467 - EXECUT - INFO - sent aggregated weights to trainers!
2024-01-30 20:46:54,571 - METRIC - INFO - statipo11 loss: 0.7982408404350281 - accuracy: 0.7554388642311096
2024-01-30 20:46:54,579 - METRIC - INFO - statipo13 loss: 0.7650436758995056 - accuracy: 0.7544000148773193
2024-01-30 20:46:54,658 - METRIC - INFO - statipo21 loss: 0.8006526827812195 - accuracy: 0.7458524703979492
2024-01-30 20:46:54,734 - METRIC - INFO - statipo12 loss: 0.875776469707489 - accuracy: 0.7459999918937683
2024-01-30 20:46:55,633 - METRIC - INFO - mean_accuracy: 0.7504228353500366

2024-01-30 20:46:55,634 - METRIC - INFO - round: 19
2024-01-30 20:46:55,642 - METRIC - INFO - selected_trainers: statipo21
2024-01-30 20:49:31,477 - EXECUT - INFO - received weights from trainer statipo21!
2024-01-30 20:49:33,334 - EXECUT - INFO - sent aggregated weights to trainers!
2024-01-30 20:49:35,970 - METRIC - INFO - statipo11 loss: 0.8446300625801086 - accuracy: 0.7606901526451111
2024-01-30 20:49:35,970 - METRIC - INFO - statipo13 loss: 0.8117766380310059 - accuracy: 0.7572000026702881
2024-01-30 20:49:36,057 - METRIC - INFO - statipo21 loss: 0.7316766381263733 - accuracy: 0.7553830146789551
2024-01-30 20:49:36,134 - METRIC - INFO - statipo12 loss: 0.875776469707489 - accuracy: 0.7459999918937683
2024-01-30 20:49:36,353 - METRIC - INFO - mean_accuracy: 0.7548182904720306

2024-01-30 20:55:46,267 - METRIC - INFO - stop_condition: rounds
