2024-01-31 11:30:49,795 - EXECUT - INFO - starting server...
2024-01-31 11:31:12,394 - EXECUT - INFO - trainer number statipo12 just joined the pool
2024-01-31 11:31:12,401 - EXECUT - INFO - trainer number statipo11 just joined the pool
2024-01-31 11:31:12,406 - EXECUT - INFO - trainer number statipo13 just joined the pool
2024-01-31 11:31:12,698 - EXECUT - INFO - trainer number statipo21 just joined the pool
2024-01-31 11:31:12,819 - METRIC - INFO - round: 1
2024-01-31 11:31:12,820 - METRIC - INFO - selected_trainers: statipo13
2024-01-31 11:31:14,340 - EXECUT - INFO - received weights from trainer statipo13!
2024-01-31 11:31:14,946 - EXECUT - INFO - sent aggregated weights to trainers!
2024-01-31 11:31:15,092 - METRIC - INFO - statipo13 loss: 0.6824172735214233 - accuracy: 0.721794843673706
2024-01-31 11:31:15,094 - METRIC - INFO - statipo21 loss: 32.719505310058594 - accuracy: 0.15819208323955536
2024-01-31 11:31:15,125 - METRIC - INFO - statipo11 loss: 23.49724006652832 - accuracy: 0.11538461595773697
2024-01-31 11:31:15,125 - METRIC - INFO - statipo12 loss: 21.291913986206055 - accuracy: 0.24137930572032928
2024-01-31 11:31:15,947 - METRIC - INFO - mean_accuracy: 0.3091877121478319

2024-01-31 11:31:15,948 - METRIC - INFO - round: 2
2024-01-31 11:31:15,948 - METRIC - INFO - selected_trainers: statipo11 - statipo21
2024-01-31 11:31:17,091 - EXECUT - INFO - received weights from trainer statipo11!
2024-01-31 11:31:17,183 - EXECUT - INFO - received weights from trainer statipo21!
2024-01-31 11:31:18,136 - EXECUT - INFO - sent aggregated weights to trainers!
2024-01-31 11:31:18,271 - METRIC - INFO - statipo12 loss: 132.8360595703125 - accuracy: 0.18582375347614288
2024-01-31 11:31:18,279 - METRIC - INFO - statipo11 loss: 0.27865538001060486 - accuracy: 0.9134615659713745
2024-01-31 11:31:18,281 - METRIC - INFO - statipo13 loss: 0.6824172735214233 - accuracy: 0.721794843673706
2024-01-31 11:31:18,310 - METRIC - INFO - statipo21 loss: 0.9261969327926636 - accuracy: 0.8036723136901855
2024-01-31 11:31:19,138 - METRIC - INFO - mean_accuracy: 0.6561881192028522

2024-01-31 11:31:19,138 - METRIC - INFO - round: 3
2024-01-31 11:31:19,139 - METRIC - INFO - selected_trainers: statipo12
2024-01-31 11:31:20,068 - EXECUT - INFO - received weights from trainer statipo12!
2024-01-31 11:31:20,262 - EXECUT - INFO - sent aggregated weights to trainers!
2024-01-31 11:31:20,392 - METRIC - INFO - statipo11 loss: 2.3257620334625244 - accuracy: 0.5112179517745972
2024-01-31 11:31:20,398 - METRIC - INFO - statipo13 loss: 1.4980024099349976 - accuracy: 0.4217948615550995
2024-01-31 11:31:20,426 - METRIC - INFO - statipo12 loss: 0.19311299920082092 - accuracy: 0.9348658919334412
2024-01-31 11:31:20,429 - METRIC - INFO - statipo21 loss: 1.2614725828170776 - accuracy: 0.6737288236618042
2024-01-31 11:31:21,264 - METRIC - INFO - mean_accuracy: 0.6354018822312355

2024-01-31 11:31:21,264 - METRIC - INFO - round: 4
2024-01-31 11:31:21,264 - METRIC - INFO - selected_trainers: statipo13
2024-01-31 11:31:22,120 - EXECUT - INFO - received weights from trainer statipo13!
2024-01-31 11:31:22,385 - EXECUT - INFO - sent aggregated weights to trainers!
2024-01-31 11:31:22,518 - METRIC - INFO - statipo13 loss: 0.32768338918685913 - accuracy: 0.8666666746139526
2024-01-31 11:31:22,518 - METRIC - INFO - statipo21 loss: 2.2100815773010254 - accuracy: 0.3192090392112732
2024-01-31 11:31:22,522 - METRIC - INFO - statipo11 loss: 2.8479130268096924 - accuracy: 0.49358972907066345
2024-01-31 11:31:22,547 - METRIC - INFO - statipo12 loss: 0.19311299920082092 - accuracy: 0.9348658919334412
2024-01-31 11:31:23,387 - METRIC - INFO - mean_accuracy: 0.6535828337073326

2024-01-31 11:31:23,387 - METRIC - INFO - round: 5
2024-01-31 11:31:23,388 - METRIC - INFO - selected_trainers: statipo21
2024-01-31 11:31:24,227 - EXECUT - INFO - received weights from trainer statipo21!
2024-01-31 11:31:24,508 - EXECUT - INFO - sent aggregated weights to trainers!
2024-01-31 11:31:24,631 - METRIC - INFO - statipo12 loss: 1.566367506980896 - accuracy: 0.6398467421531677
2024-01-31 11:31:24,639 - METRIC - INFO - statipo11 loss: 3.139596939086914 - accuracy: 0.48237180709838867
2024-01-31 11:31:24,644 - METRIC - INFO - statipo21 loss: 0.09895157814025879 - accuracy: 0.9689265489578247
2024-01-31 11:31:24,645 - METRIC - INFO - statipo13 loss: 0.32768338918685913 - accuracy: 0.8666666746139526
2024-01-31 11:31:25,510 - METRIC - INFO - mean_accuracy: 0.7394529432058334

2024-01-31 11:31:25,510 - METRIC - INFO - round: 6
2024-01-31 11:31:25,510 - METRIC - INFO - selected_trainers: statipo11
2024-01-31 11:31:26,236 - EXECUT - INFO - received weights from trainer statipo11!
2024-01-31 11:31:26,619 - EXECUT - INFO - sent aggregated weights to trainers!
2024-01-31 11:31:26,764 - METRIC - INFO - statipo11 loss: 0.12905529141426086 - accuracy: 0.9535256624221802
2024-01-31 11:31:26,766 - METRIC - INFO - statipo12 loss: 1.642471432685852 - accuracy: 0.6264367699623108
2024-01-31 11:31:26,772 - METRIC - INFO - statipo21 loss: 0.09895157814025879 - accuracy: 0.9689265489578247
2024-01-31 11:31:26,773 - METRIC - INFO - statipo13 loss: 1.3518987894058228 - accuracy: 0.6115384697914124
2024-01-31 11:31:27,619 - METRIC - INFO - mean_accuracy: 0.790106862783432

2024-01-31 11:31:27,620 - METRIC - INFO - round: 7
2024-01-31 11:31:27,620 - METRIC - INFO - selected_trainers: statipo13
2024-01-31 11:31:28,455 - EXECUT - INFO - received weights from trainer statipo13!
2024-01-31 11:31:28,721 - EXECUT - INFO - sent aggregated weights to trainers!
2024-01-31 11:31:28,862 - METRIC - INFO - statipo13 loss: 0.19468940794467926 - accuracy: 0.9230769276618958
2024-01-31 11:31:28,888 - METRIC - INFO - statipo12 loss: 2.651141405105591 - accuracy: 0.515325665473938
2024-01-31 11:31:28,889 - METRIC - INFO - statipo11 loss: 0.12905529141426086 - accuracy: 0.9535256624221802
2024-01-31 11:31:28,894 - METRIC - INFO - statipo21 loss: 1.0395524501800537 - accuracy: 0.7132768630981445
2024-01-31 11:31:29,723 - METRIC - INFO - mean_accuracy: 0.7763012796640396

2024-01-31 11:31:29,723 - METRIC - INFO - round: 8
2024-01-31 11:31:29,723 - METRIC - INFO - selected_trainers: statipo12
2024-01-31 11:31:30,380 - EXECUT - INFO - received weights from trainer statipo12!
2024-01-31 11:31:30,825 - EXECUT - INFO - sent aggregated weights to trainers!
2024-01-31 11:31:30,967 - METRIC - INFO - statipo11 loss: 0.4089687764644623 - accuracy: 0.8717948794364929
2024-01-31 11:31:30,973 - METRIC - INFO - statipo13 loss: 0.19468940794467926 - accuracy: 0.9230769276618958
2024-01-31 11:31:30,976 - METRIC - INFO - statipo21 loss: 0.6504111289978027 - accuracy: 0.7853107452392578
2024-01-31 11:31:31,000 - METRIC - INFO - statipo12 loss: 0.12564213573932648 - accuracy: 0.959770143032074
2024-01-31 11:31:31,826 - METRIC - INFO - mean_accuracy: 0.8849881738424301

2024-01-31 11:31:31,826 - METRIC - INFO - round: 9
2024-01-31 11:31:31,826 - METRIC - INFO - selected_trainers: statipo21
2024-01-31 11:31:32,645 - EXECUT - INFO - received weights from trainer statipo21!
2024-01-31 11:31:32,939 - EXECUT - INFO - sent aggregated weights to trainers!
2024-01-31 11:31:33,075 - METRIC - INFO - statipo13 loss: 0.422056645154953 - accuracy: 0.8487179279327393
2024-01-31 11:31:33,078 - METRIC - INFO - statipo21 loss: 0.06547301262617111 - accuracy: 0.9816384315490723
2024-01-31 11:31:33,102 - METRIC - INFO - statipo12 loss: 0.12564213573932648 - accuracy: 0.959770143032074
2024-01-31 11:31:33,104 - METRIC - INFO - statipo11 loss: 1.455618977546692 - accuracy: 0.6490384340286255
2024-01-31 11:31:33,939 - METRIC - INFO - mean_accuracy: 0.8597912341356277

2024-01-31 11:31:33,939 - METRIC - INFO - round: 10
2024-01-31 11:31:33,940 - METRIC - INFO - selected_trainers: statipo11
2024-01-31 11:31:34,687 - EXECUT - INFO - received weights from trainer statipo11!
2024-01-31 11:31:35,060 - EXECUT - INFO - sent aggregated weights to trainers!
2024-01-31 11:31:35,189 - METRIC - INFO - statipo12 loss: 0.6858329772949219 - accuracy: 0.7931034564971924
2024-01-31 11:31:35,200 - METRIC - INFO - statipo13 loss: 0.8166361451148987 - accuracy: 0.7076923251152039
2024-01-31 11:31:35,201 - METRIC - INFO - statipo21 loss: 0.06547301262617111 - accuracy: 0.9816384315490723
2024-01-31 11:31:35,226 - METRIC - INFO - statipo11 loss: 0.08926358073949814 - accuracy: 0.9759615659713745
2024-01-31 11:31:36,061 - METRIC - INFO - mean_accuracy: 0.8645989447832108

2024-01-31 11:31:36,061 - METRIC - INFO - round: 11
2024-01-31 11:31:36,061 - METRIC - INFO - selected_trainers: statipo13
2024-01-31 11:31:36,927 - EXECUT - INFO - received weights from trainer statipo13!
2024-01-31 11:31:37,167 - EXECUT - INFO - sent aggregated weights to trainers!
2024-01-31 11:31:37,298 - METRIC - INFO - statipo11 loss: 0.08926358073949814 - accuracy: 0.9759615659713745
2024-01-31 11:31:37,301 - METRIC - INFO - statipo13 loss: 0.4772598147392273 - accuracy: 0.7820512652397156
2024-01-31 11:31:37,303 - METRIC - INFO - statipo21 loss: 0.2975679039955139 - accuracy: 0.9067796468734741
2024-01-31 11:31:37,339 - METRIC - INFO - statipo12 loss: 2.0069127082824707 - accuracy: 0.6034482717514038
2024-01-31 11:31:38,169 - METRIC - INFO - mean_accuracy: 0.817060187458992

2024-01-31 11:31:38,169 - METRIC - INFO - round: 12
2024-01-31 11:31:38,169 - METRIC - INFO - selected_trainers: statipo12
2024-01-31 11:31:38,816 - EXECUT - INFO - received weights from trainer statipo12!
2024-01-31 11:31:39,288 - EXECUT - INFO - sent aggregated weights to trainers!
2024-01-31 11:31:39,412 - METRIC - INFO - statipo12 loss: 0.09881465882062912 - accuracy: 0.9655172228813171
2024-01-31 11:31:39,423 - METRIC - INFO - statipo11 loss: 0.2645314931869507 - accuracy: 0.8974359035491943
2024-01-31 11:31:39,425 - METRIC - INFO - statipo21 loss: 0.2480701506137848 - accuracy: 0.9223163723945618
2024-01-31 11:31:39,429 - METRIC - INFO - statipo13 loss: 0.4772598147392273 - accuracy: 0.7820512652397156
2024-01-31 11:31:40,290 - METRIC - INFO - mean_accuracy: 0.8918301910161972

2024-01-31 11:31:40,290 - METRIC - INFO - round: 13
2024-01-31 11:31:40,291 - METRIC - INFO - selected_trainers: statipo13
2024-01-31 11:31:41,208 - EXECUT - INFO - received weights from trainer statipo13!
2024-01-31 11:31:41,412 - EXECUT - INFO - sent aggregated weights to trainers!
2024-01-31 11:31:41,538 - METRIC - INFO - statipo12 loss: 0.09881465882062912 - accuracy: 0.9655172228813171
2024-01-31 11:31:41,541 - METRIC - INFO - statipo11 loss: 0.8035762906074524 - accuracy: 0.7820512652397156
2024-01-31 11:31:41,549 - METRIC - INFO - statipo21 loss: 0.5036734342575073 - accuracy: 0.8036723136901855
2024-01-31 11:31:41,549 - METRIC - INFO - statipo13 loss: 0.23103593289852142 - accuracy: 0.9115384817123413
2024-01-31 11:31:42,414 - METRIC - INFO - mean_accuracy: 0.8656948208808899

2024-01-31 11:31:42,414 - METRIC - INFO - round: 14
2024-01-31 11:31:42,415 - METRIC - INFO - selected_trainers: statipo11
2024-01-31 11:31:43,151 - EXECUT - INFO - received weights from trainer statipo11!
2024-01-31 11:31:43,527 - EXECUT - INFO - sent aggregated weights to trainers!
2024-01-31 11:31:43,651 - METRIC - INFO - statipo12 loss: 0.4304557740688324 - accuracy: 0.8869732022285461
2024-01-31 11:31:43,666 - METRIC - INFO - statipo13 loss: 0.23103593289852142 - accuracy: 0.9115384817123413
2024-01-31 11:31:43,690 - METRIC - INFO - statipo11 loss: 0.10804186016321182 - accuracy: 0.9711538553237915
2024-01-31 11:31:43,697 - METRIC - INFO - statipo21 loss: 0.5782351493835449 - accuracy: 0.8276836276054382
2024-01-31 11:31:44,527 - METRIC - INFO - mean_accuracy: 0.8993372917175293

2024-01-31 11:31:44,528 - METRIC - INFO - round: 15
2024-01-31 11:31:44,528 - METRIC - INFO - selected_trainers: statipo21
2024-01-31 11:31:45,339 - EXECUT - INFO - received weights from trainer statipo21!
2024-01-31 11:31:45,648 - EXECUT - INFO - sent aggregated weights to trainers!
2024-01-31 11:31:45,780 - METRIC - INFO - statipo11 loss: 0.10804186016321182 - accuracy: 0.9711538553237915
2024-01-31 11:31:45,782 - METRIC - INFO - statipo21 loss: 0.06474931538105011 - accuracy: 0.9731638431549072
2024-01-31 11:31:45,783 - METRIC - INFO - statipo13 loss: 0.2687094807624817 - accuracy: 0.8884615302085876
2024-01-31 11:31:45,811 - METRIC - INFO - statipo12 loss: 0.588762640953064 - accuracy: 0.8448275923728943
2024-01-31 11:31:46,650 - METRIC - INFO - mean_accuracy: 0.9194017052650452

2024-01-31 11:31:46,650 - METRIC - INFO - round: 16
2024-01-31 11:31:46,650 - METRIC - INFO - selected_trainers: statipo12
2024-01-31 11:31:47,354 - EXECUT - INFO - received weights from trainer statipo12!
2024-01-31 11:31:47,765 - EXECUT - INFO - sent aggregated weights to trainers!
2024-01-31 11:31:47,900 - METRIC - INFO - statipo11 loss: 0.2154489904642105 - accuracy: 0.9246794581413269
2024-01-31 11:31:47,903 - METRIC - INFO - statipo12 loss: 0.09528625011444092 - accuracy: 0.9636015295982361
2024-01-31 11:31:47,908 - METRIC - INFO - statipo21 loss: 0.06474931538105011 - accuracy: 0.9731638431549072
2024-01-31 11:31:47,938 - METRIC - INFO - statipo13 loss: 0.4178144335746765 - accuracy: 0.8628205060958862
2024-01-31 11:31:48,766 - METRIC - INFO - mean_accuracy: 0.9310663342475891

2024-01-31 11:31:48,767 - METRIC - INFO - round: 17
2024-01-31 11:31:48,767 - METRIC - INFO - selected_trainers: statipo13
2024-01-31 11:31:49,735 - EXECUT - INFO - received weights from trainer statipo13!
2024-01-31 11:31:49,882 - EXECUT - INFO - sent aggregated weights to trainers!
2024-01-31 11:31:50,005 - METRIC - INFO - statipo12 loss: 0.09528625011444092 - accuracy: 0.9636015295982361
2024-01-31 11:31:50,017 - METRIC - INFO - statipo21 loss: 0.16948306560516357 - accuracy: 0.9336158037185669
2024-01-31 11:31:50,048 - METRIC - INFO - statipo11 loss: 0.679543137550354 - accuracy: 0.8221153616905212
2024-01-31 11:31:50,049 - METRIC - INFO - statipo13 loss: 0.16075098514556885 - accuracy: 0.9333333373069763
2024-01-31 11:31:50,883 - METRIC - INFO - mean_accuracy: 0.9131665080785751

2024-01-31 11:31:50,884 - METRIC - INFO - round: 18
2024-01-31 11:31:50,884 - METRIC - INFO - selected_trainers: statipo11
2024-01-31 11:31:51,658 - EXECUT - INFO - received weights from trainer statipo11!
2024-01-31 11:31:51,981 - EXECUT - INFO - sent aggregated weights to trainers!
2024-01-31 11:31:52,122 - METRIC - INFO - statipo11 loss: 0.0884641706943512 - accuracy: 0.9775640964508057
2024-01-31 11:31:52,126 - METRIC - INFO - statipo13 loss: 0.16075098514556885 - accuracy: 0.9333333373069763
2024-01-31 11:31:52,151 - METRIC - INFO - statipo12 loss: 0.2711406946182251 - accuracy: 0.9176245331764221
2024-01-31 11:31:52,154 - METRIC - INFO - statipo21 loss: 0.2619659900665283 - accuracy: 0.8968926668167114
2024-01-31 11:31:52,982 - METRIC - INFO - mean_accuracy: 0.9313536584377289

2024-01-31 11:31:52,983 - METRIC - INFO - round: 19
2024-01-31 11:31:52,983 - METRIC - INFO - selected_trainers: statipo21
2024-01-31 11:31:53,831 - EXECUT - INFO - received weights from trainer statipo21!
2024-01-31 11:31:54,110 - EXECUT - INFO - sent aggregated weights to trainers!
2024-01-31 11:31:54,241 - METRIC - INFO - statipo12 loss: 0.3562023937702179 - accuracy: 0.8908045887947083
2024-01-31 11:31:54,252 - METRIC - INFO - statipo21 loss: 0.06106294319033623 - accuracy: 0.9830508232116699
2024-01-31 11:31:54,259 - METRIC - INFO - statipo13 loss: 0.18115001916885376 - accuracy: 0.9217948913574219
2024-01-31 11:31:54,278 - METRIC - INFO - statipo11 loss: 0.0884641706943512 - accuracy: 0.9775640964508057
2024-01-31 11:31:55,111 - METRIC - INFO - mean_accuracy: 0.9433035999536514

2024-01-31 11:31:55,111 - METRIC - INFO - round: 20
2024-01-31 11:31:55,112 - METRIC - INFO - selected_trainers: statipo12
2024-01-31 11:31:55,748 - EXECUT - INFO - received weights from trainer statipo12!
2024-01-31 11:31:56,198 - EXECUT - INFO - sent aggregated weights to trainers!
2024-01-31 11:31:56,332 - METRIC - INFO - statipo11 loss: 0.0999445989727974 - accuracy: 0.9647436141967773
2024-01-31 11:31:56,338 - METRIC - INFO - statipo13 loss: 0.26526182889938354 - accuracy: 0.9012820720672607
2024-01-31 11:31:56,363 - METRIC - INFO - statipo12 loss: 0.08787667751312256 - accuracy: 0.977011501789093
2024-01-31 11:31:56,367 - METRIC - INFO - statipo21 loss: 0.06106294319033623 - accuracy: 0.9830508232116699
2024-01-31 11:31:57,199 - METRIC - INFO - mean_accuracy: 0.9565220028162003

2024-01-31 11:31:57,200 - METRIC - INFO - round: 21
2024-01-31 11:31:57,200 - METRIC - INFO - selected_trainers: statipo13
2024-01-31 11:31:58,020 - EXECUT - INFO - received weights from trainer statipo13!
2024-01-31 11:31:58,288 - EXECUT - INFO - sent aggregated weights to trainers!
2024-01-31 11:31:58,409 - METRIC - INFO - statipo12 loss: 0.08787667751312256 - accuracy: 0.977011501789093
2024-01-31 11:31:58,412 - METRIC - INFO - statipo11 loss: 0.38643598556518555 - accuracy: 0.9054487347602844
2024-01-31 11:31:58,417 - METRIC - INFO - statipo21 loss: 0.10358982533216476 - accuracy: 0.9632768630981445
2024-01-31 11:31:58,418 - METRIC - INFO - statipo13 loss: 0.2609799802303314 - accuracy: 0.9051281809806824
2024-01-31 11:31:59,289 - METRIC - INFO - mean_accuracy: 0.9377163201570511

2024-01-31 11:31:59,290 - METRIC - INFO - round: 22
2024-01-31 11:31:59,290 - METRIC - INFO - selected_trainers: statipo13
2024-01-31 11:32:00,074 - EXECUT - INFO - received weights from trainer statipo13!
2024-01-31 11:32:00,415 - EXECUT - INFO - sent aggregated weights to trainers!
2024-01-31 11:32:00,536 - METRIC - INFO - statipo12 loss: 0.15179088711738586 - accuracy: 0.9501915574073792
2024-01-31 11:32:00,543 - METRIC - INFO - statipo21 loss: 0.1934557557106018 - accuracy: 0.9279661178588867
2024-01-31 11:32:00,545 - METRIC - INFO - statipo13 loss: 0.1780247688293457 - accuracy: 0.9217948913574219
2024-01-31 11:32:00,586 - METRIC - INFO - statipo11 loss: 0.4326803386211395 - accuracy: 0.8942307829856873
2024-01-31 11:32:01,416 - METRIC - INFO - mean_accuracy: 0.9235458374023438

2024-01-31 11:32:01,417 - METRIC - INFO - round: 23
2024-01-31 11:32:01,417 - METRIC - INFO - selected_trainers: statipo11
2024-01-31 11:32:02,083 - EXECUT - INFO - received weights from trainer statipo11!
2024-01-31 11:32:02,537 - EXECUT - INFO - sent aggregated weights to trainers!
2024-01-31 11:32:02,658 - METRIC - INFO - statipo12 loss: 0.2216103971004486 - accuracy: 0.9329501986503601
2024-01-31 11:32:02,668 - METRIC - INFO - statipo21 loss: 0.16534198820590973 - accuracy: 0.9378530979156494
2024-01-31 11:32:02,673 - METRIC - INFO - statipo13 loss: 0.1780247688293457 - accuracy: 0.9217948913574219
2024-01-31 11:32:02,706 - METRIC - INFO - statipo11 loss: 0.09446434676647186 - accuracy: 0.9743589758872986
2024-01-31 11:32:03,538 - METRIC - INFO - mean_accuracy: 0.9417392909526825

2024-01-31 11:32:03,539 - METRIC - INFO - round: 24
2024-01-31 11:32:03,539 - METRIC - INFO - selected_trainers: statipo13 - statipo12
2024-01-31 11:32:04,281 - EXECUT - INFO - received weights from trainer statipo12!
2024-01-31 11:32:04,506 - EXECUT - INFO - received weights from trainer statipo13!
2024-01-31 11:32:04,634 - EXECUT - INFO - sent aggregated weights to trainers!
2024-01-31 11:32:04,760 - METRIC - INFO - statipo11 loss: 0.09446434676647186 - accuracy: 0.9743589758872986
2024-01-31 11:32:04,770 - METRIC - INFO - statipo21 loss: 0.15531757473945618 - accuracy: 0.9406779408454895
2024-01-31 11:32:04,777 - METRIC - INFO - statipo13 loss: 0.11996793746948242 - accuracy: 0.949999988079071
2024-01-31 11:32:04,795 - METRIC - INFO - statipo12 loss: 0.05830029025673866 - accuracy: 0.9808428883552551
2024-01-31 11:32:05,635 - METRIC - INFO - mean_accuracy: 0.9614699482917786

2024-01-31 11:32:05,635 - METRIC - INFO - round: 25
2024-01-31 11:32:05,635 - METRIC - INFO - selected_trainers: statipo21
2024-01-31 11:32:06,412 - EXECUT - INFO - received weights from trainer statipo21!
2024-01-31 11:32:06,725 - EXECUT - INFO - sent aggregated weights to trainers!
2024-01-31 11:32:06,854 - METRIC - INFO - statipo12 loss: 0.10938175767660141 - accuracy: 0.961685836315155
2024-01-31 11:32:06,859 - METRIC - INFO - statipo21 loss: 0.11406724154949188 - accuracy: 0.9703390002250671
2024-01-31 11:32:06,861 - METRIC - INFO - statipo13 loss: 0.10689254105091095 - accuracy: 0.9564102292060852
2024-01-31 11:32:06,894 - METRIC - INFO - statipo11 loss: 0.10674694180488586 - accuracy: 0.9711538553237915
2024-01-31 11:32:07,726 - METRIC - INFO - mean_accuracy: 0.9648972302675247

2024-01-31 11:32:07,726 - METRIC - INFO - round: 26
2024-01-31 11:32:07,727 - METRIC - INFO - selected_trainers: statipo13
2024-01-31 11:32:08,504 - EXECUT - INFO - received weights from trainer statipo13!
2024-01-31 11:32:08,814 - EXECUT - INFO - sent aggregated weights to trainers!
2024-01-31 11:32:08,934 - METRIC - INFO - statipo12 loss: 0.1971985101699829 - accuracy: 0.9444444179534912
2024-01-31 11:32:08,939 - METRIC - INFO - statipo11 loss: 0.12669388949871063 - accuracy: 0.9615384340286255
2024-01-31 11:32:08,945 - METRIC - INFO - statipo13 loss: 0.1431863158941269 - accuracy: 0.9474359154701233
2024-01-31 11:32:08,980 - METRIC - INFO - statipo21 loss: 0.11406724154949188 - accuracy: 0.9703390002250671
2024-01-31 11:32:09,815 - METRIC - INFO - mean_accuracy: 0.9559394419193268

2024-01-31 11:32:09,816 - METRIC - INFO - round: 27
2024-01-31 11:32:09,817 - METRIC - INFO - selected_trainers: statipo12
2024-01-31 11:32:10,419 - EXECUT - INFO - received weights from trainer statipo12!
2024-01-31 11:32:10,907 - EXECUT - INFO - sent aggregated weights to trainers!
2024-01-31 11:32:11,030 - METRIC - INFO - statipo12 loss: 0.08410070836544037 - accuracy: 0.9712643623352051
2024-01-31 11:32:11,034 - METRIC - INFO - statipo11 loss: 0.12386264652013779 - accuracy: 0.9615384340286255
2024-01-31 11:32:11,042 - METRIC - INFO - statipo13 loss: 0.1431863158941269 - accuracy: 0.9474359154701233
2024-01-31 11:32:11,075 - METRIC - INFO - statipo21 loss: 0.13520517945289612 - accuracy: 0.959039568901062
2024-01-31 11:32:11,909 - METRIC - INFO - mean_accuracy: 0.959819570183754

2024-01-31 11:32:11,909 - METRIC - INFO - round: 28
2024-01-31 11:32:11,909 - METRIC - INFO - selected_trainers: statipo13
2024-01-31 11:32:12,776 - EXECUT - INFO - received weights from trainer statipo13!
2024-01-31 11:32:13,031 - EXECUT - INFO - sent aggregated weights to trainers!
2024-01-31 11:32:13,152 - METRIC - INFO - statipo12 loss: 0.08410070836544037 - accuracy: 0.9712643623352051
2024-01-31 11:32:13,158 - METRIC - INFO - statipo11 loss: 0.21504947543144226 - accuracy: 0.9375
2024-01-31 11:32:13,163 - METRIC - INFO - statipo21 loss: 0.2069174349308014 - accuracy: 0.9378530979156494
2024-01-31 11:32:13,165 - METRIC - INFO - statipo13 loss: 0.09182455390691757 - accuracy: 0.9551281929016113
2024-01-31 11:32:14,033 - METRIC - INFO - mean_accuracy: 0.9504364132881165

2024-01-31 11:32:14,033 - METRIC - INFO - round: 29
2024-01-31 11:32:14,033 - METRIC - INFO - selected_trainers: statipo11
2024-01-31 11:32:14,813 - EXECUT - INFO - received weights from trainer statipo11!
2024-01-31 11:32:15,157 - EXECUT - INFO - sent aggregated weights to trainers!
2024-01-31 11:32:15,280 - METRIC - INFO - statipo12 loss: 0.1579752266407013 - accuracy: 0.9501915574073792
2024-01-31 11:32:15,291 - METRIC - INFO - statipo13 loss: 0.09182455390691757 - accuracy: 0.9551281929016113
2024-01-31 11:32:15,332 - METRIC - INFO - statipo11 loss: 0.0783172994852066 - accuracy: 0.9791666865348816
2024-01-31 11:32:15,334 - METRIC - INFO - statipo21 loss: 0.205488383769989 - accuracy: 0.9378530979156494
2024-01-31 11:32:16,159 - METRIC - INFO - mean_accuracy: 0.9555848836898804

2024-01-31 11:32:16,159 - METRIC - INFO - round: 30
2024-01-31 11:32:16,159 - METRIC - INFO - selected_trainers: statipo21 - statipo12
2024-01-31 11:32:16,847 - EXECUT - INFO - received weights from trainer statipo12!
2024-01-31 11:32:16,984 - EXECUT - INFO - received weights from trainer statipo21!
2024-01-31 11:32:17,282 - EXECUT - INFO - sent aggregated weights to trainers!
2024-01-31 11:32:17,405 - METRIC - INFO - statipo12 loss: 0.07434240728616714 - accuracy: 0.977011501789093
2024-01-31 11:32:17,410 - METRIC - INFO - statipo11 loss: 0.0783172994852066 - accuracy: 0.9791666865348816
2024-01-31 11:32:17,413 - METRIC - INFO - statipo21 loss: 0.057696353644132614 - accuracy: 0.9816384315490723
2024-01-31 11:32:17,417 - METRIC - INFO - statipo13 loss: 0.08384908735752106 - accuracy: 0.9551281929016113
2024-01-31 11:32:18,283 - METRIC - INFO - mean_accuracy: 0.9732362031936646

2024-01-31 11:32:18,283 - METRIC - INFO - stop_condition: accuracy
