2024-01-30 19:29:32,101 - EXECUT - INFO - starting server...
2024-01-30 19:31:36,279 - EXECUT - INFO - trainer number statipo15 just joined the pool
2024-01-30 19:31:37,812 - EXECUT - INFO - trainer number statipo14 just joined the pool
2024-01-30 19:32:01,692 - EXECUT - INFO - trainer number statipo21 just joined the pool
2024-01-30 19:32:02,240 - METRIC - INFO - round: 1
2024-01-30 19:32:02,241 - METRIC - INFO - selected_trainers: statipo15
2024-01-30 19:32:06,691 - EXECUT - INFO - trainer number statipo12 just joined the pool
2024-01-30 19:32:12,181 - EXECUT - INFO - trainer number statipo13 just joined the pool
2024-01-30 19:32:18,714 - EXECUT - INFO - trainer number statipo11 just joined the pool
2024-01-30 19:33:55,823 - EXECUT - INFO - received weights from trainer statipo15!
2024-01-30 19:33:57,142 - EXECUT - INFO - sent aggregated weights to trainers!
2024-01-30 19:33:59,516 - METRIC - INFO - statipo15 loss: 1.4092533588409424 - accuracy: 0.49320000410079956
2024-01-30 19:34:00,267 - METRIC - INFO - statipo14 loss: 2.304201364517212 - accuracy: 0.1016504094004631
2024-01-30 19:34:00,380 - METRIC - INFO - statipo12 loss: 2.3105831146240234 - accuracy: 0.09000000357627869
2024-01-30 19:34:00,550 - METRIC - INFO - statipo21 loss: 2.304917335510254 - accuracy: 0.09903961420059204
2024-01-30 19:34:01,569 - METRIC - INFO - statipo13 loss: 2.3061978816986084 - accuracy: 0.08640000224113464
2024-01-30 19:34:01,604 - METRIC - INFO - statipo11 loss: 2.303286552429199 - accuracy: 0.0860000029206276
2024-01-30 19:34:02,149 - METRIC - INFO - mean_accuracy: 0.1593816727399826

2024-01-30 19:34:02,149 - METRIC - INFO - round: 2
2024-01-30 19:34:02,149 - METRIC - INFO - selected_trainers: statipo11 - statipo13 - statipo12 - statipo21
2024-01-30 19:38:45,436 - EXECUT - INFO - received weights from trainer statipo21!
2024-01-30 19:39:25,862 - EXECUT - INFO - received weights from trainer statipo12!
2024-01-30 19:39:49,897 - EXECUT - INFO - received weights from trainer statipo13!
2024-01-30 19:40:26,306 - EXECUT - INFO - received weights from trainer statipo11!
2024-01-30 19:40:29,503 - EXECUT - INFO - sent aggregated weights to trainers!
