2024-01-31 02:43:41,043 - EXECUT - INFO - starting server...
2024-01-31 02:43:56,636 - EXECUT - INFO - trainer number statipo12 just joined the pool
2024-01-31 02:43:56,661 - EXECUT - INFO - trainer number statipo18 just joined the pool
2024-01-31 02:43:56,735 - EXECUT - INFO - trainer number statipo19 just joined the pool
2024-01-31 02:43:56,735 - EXECUT - INFO - trainer number statipo14 just joined the pool
2024-01-31 02:43:56,923 - EXECUT - INFO - trainer number statipo15 just joined the pool
2024-01-31 02:43:56,928 - EXECUT - INFO - trainer number statipo17 just joined the pool
2024-01-31 02:43:56,937 - EXECUT - INFO - trainer number statipo21 just joined the pool
2024-01-31 02:43:56,950 - EXECUT - INFO - trainer number statipo16 just joined the pool
2024-01-31 02:43:56,967 - EXECUT - INFO - trainer number statipo11 just joined the pool
2024-01-31 02:43:56,995 - EXECUT - INFO - trainer number statipo13 just joined the pool
2024-01-31 02:43:57,066 - METRIC - INFO - round: 1
2024-01-31 02:43:57,066 - METRIC - INFO - selected_trainers: statipo17 - statipo14 - statipo19 - statipo12
2024-01-31 02:43:58,603 - EXECUT - INFO - received weights from trainer statipo17!
2024-01-31 02:43:58,693 - EXECUT - INFO - received weights from trainer statipo14!
2024-01-31 02:43:58,746 - EXECUT - INFO - received weights from trainer statipo19!
2024-01-31 02:43:58,959 - EXECUT - INFO - received weights from trainer statipo12!
2024-01-31 02:43:59,205 - EXECUT - INFO - sent aggregated weights to trainers!
2024-01-31 02:43:59,360 - METRIC - INFO - statipo12 loss: 0.1883525252342224 - accuracy: 0.9252873659133911
2024-01-31 02:43:59,451 - METRIC - INFO - statipo19 loss: 1.5041292905807495 - accuracy: 0.37564101815223694
2024-01-31 02:43:59,460 - METRIC - INFO - statipo11 loss: 34.47852325439453 - accuracy: 0.16826923191547394
2024-01-31 02:43:59,461 - METRIC - INFO - statipo14 loss: 0.14864936470985413 - accuracy: 0.9435028433799744
2024-01-31 02:43:59,480 - METRIC - INFO - statipo16 loss: 31.401945114135742 - accuracy: 0.16275659203529358
2024-01-31 02:43:59,489 - METRIC - INFO - statipo17 loss: 0.145560160279274 - accuracy: 0.9439102411270142
2024-01-31 02:43:59,490 - METRIC - INFO - statipo21 loss: 31.44321060180664 - accuracy: 0.2542372941970825
2024-01-31 02:43:59,491 - METRIC - INFO - statipo15 loss: 42.87065124511719 - accuracy: 0.1902438998222351
2024-01-31 02:43:59,491 - METRIC - INFO - statipo18 loss: 29.83965301513672 - accuracy: 0.15708811581134796
2024-01-31 02:43:59,497 - METRIC - INFO - statipo13 loss: 41.09107208251953 - accuracy: 0.13076923787593842
2024-01-31 02:44:00,207 - METRIC - INFO - mean_accuracy: 0.4251705840229988

2024-01-31 02:44:00,207 - METRIC - INFO - round: 2
2024-01-31 02:44:00,207 - METRIC - INFO - selected_trainers: statipo12 - statipo15 - statipo19 - statipo11
2024-01-31 02:44:01,456 - EXECUT - INFO - received weights from trainer statipo19!
2024-01-31 02:44:01,570 - EXECUT - INFO - received weights from trainer statipo15!
2024-01-31 02:44:01,621 - EXECUT - INFO - received weights from trainer statipo11!
2024-01-31 02:44:01,675 - EXECUT - INFO - received weights from trainer statipo12!
2024-01-31 02:44:02,332 - EXECUT - INFO - sent aggregated weights to trainers!
2024-01-31 02:44:02,530 - METRIC - INFO - statipo14 loss: 1.6305676698684692 - accuracy: 0.22740113735198975
2024-01-31 02:44:02,559 - METRIC - INFO - statipo21 loss: 1.6305676698684692 - accuracy: 0.22740113735198975
2024-01-31 02:44:02,565 - METRIC - INFO - statipo13 loss: 1.5870774984359741 - accuracy: 0.2807692289352417
2024-01-31 02:44:02,573 - METRIC - INFO - statipo18 loss: 2.0026397705078125 - accuracy: 0.14942528307437897
2024-01-31 02:44:02,574 - METRIC - INFO - statipo16 loss: 1.9677506685256958 - accuracy: 0.15542522072792053
2024-01-31 02:44:02,582 - METRIC - INFO - statipo12 loss: 0.48068898916244507 - accuracy: 0.7873563170433044
2024-01-31 02:44:02,587 - METRIC - INFO - statipo19 loss: 0.7661746144294739 - accuracy: 0.6717948913574219
2024-01-31 02:44:02,596 - METRIC - INFO - statipo17 loss: 2.10563063621521 - accuracy: 0.19391025602817535
2024-01-31 02:44:02,601 - METRIC - INFO - statipo15 loss: 0.287753164768219 - accuracy: 0.8894308805465698
2024-01-31 02:44:02,609 - METRIC - INFO - statipo11 loss: 0.3286718726158142 - accuracy: 0.8541666865348816
2024-01-31 02:44:03,333 - METRIC - INFO - mean_accuracy: 0.4437081038951874

2024-01-31 02:44:03,334 - METRIC - INFO - round: 3
2024-01-31 02:44:03,334 - METRIC - INFO - selected_trainers: statipo18 - statipo11 - statipo21 - statipo13
2024-01-31 02:44:04,622 - EXECUT - INFO - received weights from trainer statipo18!
2024-01-31 02:44:04,788 - EXECUT - INFO - received weights from trainer statipo11!
2024-01-31 02:44:04,847 - EXECUT - INFO - received weights from trainer statipo13!
2024-01-31 02:44:05,134 - EXECUT - INFO - received weights from trainer statipo21!
2024-01-31 02:44:05,459 - EXECUT - INFO - sent aggregated weights to trainers!
2024-01-31 02:44:05,637 - METRIC - INFO - statipo15 loss: 1.2936960458755493 - accuracy: 0.4585365951061249
2024-01-31 02:44:05,657 - METRIC - INFO - statipo17 loss: 1.2263529300689697 - accuracy: 0.6025640964508057
2024-01-31 02:44:05,684 - METRIC - INFO - statipo18 loss: 0.2991628646850586 - accuracy: 0.8812260627746582
2024-01-31 02:44:05,700 - METRIC - INFO - statipo11 loss: 0.19779495894908905 - accuracy: 0.9294871687889099
2024-01-31 02:44:05,704 - METRIC - INFO - statipo14 loss: 1.8235995769500732 - accuracy: 0.15677966177463531
2024-01-31 02:44:05,713 - METRIC - INFO - statipo13 loss: 0.42651015520095825 - accuracy: 0.8371794819831848
2024-01-31 02:44:05,718 - METRIC - INFO - statipo19 loss: 1.2994788885116577 - accuracy: 0.5487179756164551
2024-01-31 02:44:05,748 - METRIC - INFO - statipo16 loss: 1.3484282493591309 - accuracy: 0.4340175986289978
2024-01-31 02:44:05,752 - METRIC - INFO - statipo12 loss: 1.7184830904006958 - accuracy: 0.24521072208881378
2024-01-31 02:44:05,760 - METRIC - INFO - statipo21 loss: 0.46916303038597107 - accuracy: 0.8644067645072937
2024-01-31 02:44:06,460 - METRIC - INFO - mean_accuracy: 0.5958126127719879

2024-01-31 02:44:06,461 - METRIC - INFO - round: 4
2024-01-31 02:44:06,461 - METRIC - INFO - selected_trainers: statipo11 - statipo18 - statipo17 - statipo12
2024-01-31 02:44:07,465 - EXECUT - INFO - received weights from trainer statipo18!
2024-01-31 02:44:07,558 - EXECUT - INFO - received weights from trainer statipo17!
2024-01-31 02:44:07,955 - EXECUT - INFO - received weights from trainer statipo12!
2024-01-31 02:44:08,009 - EXECUT - INFO - received weights from trainer statipo11!
2024-01-31 02:44:08,590 - EXECUT - INFO - sent aggregated weights to trainers!
2024-01-31 02:44:08,770 - METRIC - INFO - statipo15 loss: 1.8323984146118164 - accuracy: 0.3804877996444702
2024-01-31 02:44:08,798 - METRIC - INFO - statipo18 loss: 0.24648889899253845 - accuracy: 0.9329501986503601
2024-01-31 02:44:08,807 - METRIC - INFO - statipo19 loss: 1.0432214736938477 - accuracy: 0.5602564215660095
2024-01-31 02:44:08,812 - METRIC - INFO - statipo21 loss: 1.3265451192855835 - accuracy: 0.4166666567325592
2024-01-31 02:44:08,825 - METRIC - INFO - statipo12 loss: 0.30233582854270935 - accuracy: 0.8908045887947083
2024-01-31 02:44:08,827 - METRIC - INFO - statipo16 loss: 1.56396484375 - accuracy: 0.47214075922966003
2024-01-31 02:44:08,834 - METRIC - INFO - statipo17 loss: 0.1936897486448288 - accuracy: 0.9214743375778198
2024-01-31 02:44:08,839 - METRIC - INFO - statipo11 loss: 0.17738154530525208 - accuracy: 0.9358974099159241
2024-01-31 02:44:08,849 - METRIC - INFO - statipo13 loss: 1.0432214736938477 - accuracy: 0.5602564215660095
2024-01-31 02:44:08,868 - METRIC - INFO - statipo14 loss: 1.3265451192855835 - accuracy: 0.4166666567325592
2024-01-31 02:44:09,591 - METRIC - INFO - mean_accuracy: 0.648760125041008

2024-01-31 02:44:09,591 - METRIC - INFO - round: 5
2024-01-31 02:44:09,592 - METRIC - INFO - selected_trainers: statipo21 - statipo15 - statipo14 - statipo13
2024-01-31 02:44:10,886 - EXECUT - INFO - received weights from trainer statipo13!
2024-01-31 02:44:11,050 - EXECUT - INFO - received weights from trainer statipo14!
2024-01-31 02:44:11,104 - EXECUT - INFO - received weights from trainer statipo15!
2024-01-31 02:44:11,157 - EXECUT - INFO - received weights from trainer statipo21!
2024-01-31 02:44:11,703 - EXECUT - INFO - sent aggregated weights to trainers!
2024-01-31 02:44:11,911 - METRIC - INFO - statipo14 loss: 0.18999241292476654 - accuracy: 0.9251412153244019
2024-01-31 02:44:11,917 - METRIC - INFO - statipo19 loss: 1.3284876346588135 - accuracy: 0.4653846025466919
2024-01-31 02:44:11,933 - METRIC - INFO - statipo17 loss: 0.345110148191452 - accuracy: 0.8621794581413269
2024-01-31 02:44:11,944 - METRIC - INFO - statipo11 loss: 0.345110148191452 - accuracy: 0.8621794581413269
2024-01-31 02:44:11,947 - METRIC - INFO - statipo15 loss: 0.4961903691291809 - accuracy: 0.8406503796577454
2024-01-31 02:44:11,950 - METRIC - INFO - statipo12 loss: 0.8750459551811218 - accuracy: 0.6743295192718506
2024-01-31 02:44:11,952 - METRIC - INFO - statipo13 loss: 0.27348214387893677 - accuracy: 0.9025641083717346
2024-01-31 02:44:11,957 - METRIC - INFO - statipo18 loss: 0.8750459551811218 - accuracy: 0.6743295192718506
2024-01-31 02:44:11,963 - METRIC - INFO - statipo16 loss: 2.5723068714141846 - accuracy: 0.4633431136608124
2024-01-31 02:44:11,967 - METRIC - INFO - statipo21 loss: 0.4500110447406769 - accuracy: 0.854519784450531
2024-01-31 02:44:12,704 - METRIC - INFO - mean_accuracy: 0.7524621158838272

2024-01-31 02:44:12,704 - METRIC - INFO - round: 6
2024-01-31 02:44:12,705 - METRIC - INFO - selected_trainers: statipo15 - statipo12 - statipo13 - statipo11
2024-01-31 02:44:13,831 - EXECUT - INFO - received weights from trainer statipo15!
2024-01-31 02:44:13,950 - EXECUT - INFO - received weights from trainer statipo13!
2024-01-31 02:44:14,193 - EXECUT - INFO - received weights from trainer statipo12!
2024-01-31 02:44:14,245 - EXECUT - INFO - received weights from trainer statipo11!
2024-01-31 02:44:14,830 - EXECUT - INFO - sent aggregated weights to trainers!
2024-01-31 02:44:14,997 - METRIC - INFO - statipo21 loss: 0.6172721982002258 - accuracy: 0.7528248429298401
2024-01-31 02:44:15,005 - METRIC - INFO - statipo12 loss: 0.2565956115722656 - accuracy: 0.9118773937225342
2024-01-31 02:44:15,048 - METRIC - INFO - statipo18 loss: 1.9051260948181152 - accuracy: 0.4750957787036896
2024-01-31 02:44:15,070 - METRIC - INFO - statipo15 loss: 0.17970266938209534 - accuracy: 0.930081307888031
2024-01-31 02:44:15,072 - METRIC - INFO - statipo16 loss: 2.710355281829834 - accuracy: 0.507331371307373
2024-01-31 02:44:15,077 - METRIC - INFO - statipo19 loss: 2.1366209983825684 - accuracy: 0.30897435545921326
2024-01-31 02:44:15,086 - METRIC - INFO - statipo11 loss: 0.1375695914030075 - accuracy: 0.9503205418586731
2024-01-31 02:44:15,091 - METRIC - INFO - statipo14 loss: 0.6172721982002258 - accuracy: 0.7528248429298401
2024-01-31 02:44:15,116 - METRIC - INFO - statipo17 loss: 0.7721142172813416 - accuracy: 0.7884615659713745
2024-01-31 02:44:15,117 - METRIC - INFO - statipo13 loss: 0.29319268465042114 - accuracy: 0.8871794939041138
2024-01-31 02:44:15,832 - METRIC - INFO - mean_accuracy: 0.7264971494674682

2024-01-31 02:44:15,832 - METRIC - INFO - round: 7
2024-01-31 02:44:15,832 - METRIC - INFO - selected_trainers: statipo11 - statipo17 - statipo14 - statipo15
2024-01-31 02:44:16,975 - EXECUT - INFO - received weights from trainer statipo15!
2024-01-31 02:44:17,028 - EXECUT - INFO - received weights from trainer statipo11!
2024-01-31 02:44:17,078 - EXECUT - INFO - received weights from trainer statipo17!
2024-01-31 02:44:17,127 - EXECUT - INFO - received weights from trainer statipo14!
2024-01-31 02:44:17,925 - EXECUT - INFO - sent aggregated weights to trainers!
2024-01-31 02:44:18,104 - METRIC - INFO - statipo19 loss: 1.0338648557662964 - accuracy: 0.6307692527770996
2024-01-31 02:44:18,131 - METRIC - INFO - statipo12 loss: 1.9851270914077759 - accuracy: 0.4406130313873291
2024-01-31 02:44:18,145 - METRIC - INFO - statipo18 loss: 1.9851270914077759 - accuracy: 0.4406130313873291
2024-01-31 02:44:18,153 - METRIC - INFO - statipo15 loss: 0.14449624717235565 - accuracy: 0.9414634108543396
2024-01-31 02:44:18,163 - METRIC - INFO - statipo17 loss: 0.11678564548492432 - accuracy: 0.9599359035491943
2024-01-31 02:44:18,175 - METRIC - INFO - statipo11 loss: 0.10706363618373871 - accuracy: 0.9679487347602844
2024-01-31 02:44:18,177 - METRIC - INFO - statipo16 loss: 2.6340787410736084 - accuracy: 0.4794721305370331
2024-01-31 02:44:18,182 - METRIC - INFO - statipo21 loss: 1.4887243509292603 - accuracy: 0.5508474707603455
2024-01-31 02:44:18,186 - METRIC - INFO - statipo13 loss: 1.0338648557662964 - accuracy: 0.6307692527770996
2024-01-31 02:44:18,209 - METRIC - INFO - statipo14 loss: 0.06864020973443985 - accuracy: 0.9675140976905823
2024-01-31 02:44:18,927 - METRIC - INFO - mean_accuracy: 0.7009946316480636

2024-01-31 02:44:18,927 - METRIC - INFO - round: 8
2024-01-31 02:44:18,927 - METRIC - INFO - selected_trainers: statipo11 - statipo17 - statipo18 - statipo21
2024-01-31 02:44:20,118 - EXECUT - INFO - received weights from trainer statipo21!
2024-01-31 02:44:20,422 - EXECUT - INFO - received weights from trainer statipo17!
2024-01-31 02:44:20,473 - EXECUT - INFO - received weights from trainer statipo18!
2024-01-31 02:44:20,525 - EXECUT - INFO - received weights from trainer statipo11!
2024-01-31 02:44:21,018 - EXECUT - INFO - sent aggregated weights to trainers!
2024-01-31 02:44:21,199 - METRIC - INFO - statipo18 loss: 2.861719846725464 - accuracy: 0.44636014103889465
2024-01-31 02:44:21,219 - METRIC - INFO - statipo12 loss: 2.826131820678711 - accuracy: 0.38314175605773926
2024-01-31 02:44:21,225 - METRIC - INFO - statipo15 loss: 1.3591567277908325 - accuracy: 0.5934959053993225
2024-01-31 02:44:21,252 - METRIC - INFO - statipo19 loss: 2.231879949569702 - accuracy: 0.42435896396636963
2024-01-31 02:44:21,252 - METRIC - INFO - statipo17 loss: 0.10262691229581833 - accuracy: 0.9663461446762085
2024-01-31 02:44:21,262 - METRIC - INFO - statipo21 loss: 0.153123140335083 - accuracy: 0.9463276863098145
2024-01-31 02:44:21,266 - METRIC - INFO - statipo13 loss: 2.231879949569702 - accuracy: 0.42435896396636963
2024-01-31 02:44:21,273 - METRIC - INFO - statipo11 loss: 0.10527130216360092 - accuracy: 0.9743589758872986
2024-01-31 02:44:21,273 - METRIC - INFO - statipo16 loss: 3.7483232021331787 - accuracy: 0.47653958201408386
2024-01-31 02:44:21,274 - METRIC - INFO - statipo14 loss: 0.8548389077186584 - accuracy: 0.6666666865348816
2024-01-31 02:44:22,020 - METRIC - INFO - mean_accuracy: 0.6301954805850982

2024-01-31 02:44:22,020 - METRIC - INFO - round: 9
2024-01-31 02:44:22,021 - METRIC - INFO - selected_trainers: statipo13 - statipo12 - statipo17 - statipo16
2024-01-31 02:44:23,274 - EXECUT - INFO - received weights from trainer statipo13!
2024-01-31 02:44:23,424 - EXECUT - INFO - received weights from trainer statipo16!
2024-01-31 02:44:23,479 - EXECUT - INFO - received weights from trainer statipo12!
2024-01-31 02:44:23,531 - EXECUT - INFO - received weights from trainer statipo17!
2024-01-31 02:44:24,114 - EXECUT - INFO - sent aggregated weights to trainers!
2024-01-31 02:44:24,277 - METRIC - INFO - statipo19 loss: 3.6802589893341064 - accuracy: 0.36153846979141235
2024-01-31 02:44:24,294 - METRIC - INFO - statipo14 loss: 0.4109407067298889 - accuracy: 0.8601694703102112
2024-01-31 02:44:24,299 - METRIC - INFO - statipo15 loss: 2.9716715812683105 - accuracy: 0.4097560942173004
2024-01-31 02:44:24,313 - METRIC - INFO - statipo12 loss: 0.14572998881340027 - accuracy: 0.9501915574073792
2024-01-31 02:44:24,317 - METRIC - INFO - statipo18 loss: 1.4506467580795288 - accuracy: 0.5727969408035278
2024-01-31 02:44:24,350 - METRIC - INFO - statipo13 loss: 0.22983737289905548 - accuracy: 0.9256410002708435
2024-01-31 02:44:24,369 - METRIC - INFO - statipo21 loss: 0.4109407067298889 - accuracy: 0.8601694703102112
2024-01-31 02:44:24,369 - METRIC - INFO - statipo17 loss: 0.08597930520772934 - accuracy: 0.9727563858032227
2024-01-31 02:44:24,370 - METRIC - INFO - statipo16 loss: 0.2613649368286133 - accuracy: 0.9046920537948608
2024-01-31 02:44:24,373 - METRIC - INFO - statipo11 loss: 0.3020727336406708 - accuracy: 0.9022436141967773
2024-01-31 02:44:25,115 - METRIC - INFO - mean_accuracy: 0.7719955056905746

2024-01-31 02:44:25,115 - METRIC - INFO - round: 10
2024-01-31 02:44:25,115 - METRIC - INFO - selected_trainers: statipo15 - statipo19 - statipo18 - statipo11
2024-01-31 02:44:26,145 - EXECUT - INFO - received weights from trainer statipo18!
2024-01-31 02:44:26,271 - EXECUT - INFO - received weights from trainer statipo15!
2024-01-31 02:44:26,327 - EXECUT - INFO - received weights from trainer statipo11!
2024-01-31 02:44:26,593 - EXECUT - INFO - received weights from trainer statipo19!
2024-01-31 02:44:27,229 - EXECUT - INFO - sent aggregated weights to trainers!
2024-01-31 02:44:27,404 - METRIC - INFO - statipo12 loss: 1.2876813411712646 - accuracy: 0.6091954112052917
2024-01-31 02:44:27,426 - METRIC - INFO - statipo15 loss: 0.13756883144378662 - accuracy: 0.9398373961448669
2024-01-31 02:44:27,437 - METRIC - INFO - statipo14 loss: 1.1054366827011108 - accuracy: 0.645480215549469
2024-01-31 02:44:27,450 - METRIC - INFO - statipo21 loss: 1.1054366827011108 - accuracy: 0.645480215549469
2024-01-31 02:44:27,467 - METRIC - INFO - statipo17 loss: 0.8613792061805725 - accuracy: 0.7740384340286255
2024-01-31 02:44:27,469 - METRIC - INFO - statipo13 loss: 1.1257539987564087 - accuracy: 0.593589723110199
2024-01-31 02:44:27,475 - METRIC - INFO - statipo19 loss: 0.19124943017959595 - accuracy: 0.9256410002708435
2024-01-31 02:44:27,481 - METRIC - INFO - statipo16 loss: 1.660184383392334 - accuracy: 0.6231671571731567
2024-01-31 02:44:27,508 - METRIC - INFO - statipo18 loss: 0.14206667244434357 - accuracy: 0.9578543901443481
2024-01-31 02:44:27,533 - METRIC - INFO - statipo11 loss: 0.0726219043135643 - accuracy: 0.9775640964508057
2024-01-31 02:44:28,230 - METRIC - INFO - mean_accuracy: 0.7691848039627075

2024-01-31 02:44:28,230 - METRIC - INFO - round: 11
2024-01-31 02:44:28,231 - METRIC - INFO - selected_trainers: statipo21 - statipo17 - statipo16 - statipo12
2024-01-31 02:44:29,253 - EXECUT - INFO - received weights from trainer statipo12!
2024-01-31 02:44:29,371 - EXECUT - INFO - received weights from trainer statipo17!
2024-01-31 02:44:29,461 - EXECUT - INFO - received weights from trainer statipo21!
2024-01-31 02:44:29,723 - EXECUT - INFO - received weights from trainer statipo16!
2024-01-31 02:44:30,336 - EXECUT - INFO - sent aggregated weights to trainers!
2024-01-31 02:44:30,518 - METRIC - INFO - statipo19 loss: 0.8425275087356567 - accuracy: 0.6756410002708435
2024-01-31 02:44:30,538 - METRIC - INFO - statipo11 loss: 0.4961337447166443 - accuracy: 0.8301281929016113
2024-01-31 02:44:30,557 - METRIC - INFO - statipo18 loss: 1.17131769657135 - accuracy: 0.6206896305084229
2024-01-31 02:44:30,584 - METRIC - INFO - statipo12 loss: 0.09358145296573639 - accuracy: 0.9731800556182861
2024-01-31 02:44:30,587 - METRIC - INFO - statipo16 loss: 0.18147718906402588 - accuracy: 0.9281525015830994
2024-01-31 02:44:30,594 - METRIC - INFO - statipo15 loss: 1.5471839904785156 - accuracy: 0.562601625919342
2024-01-31 02:44:30,599 - METRIC - INFO - statipo14 loss: 1.9815852642059326 - accuracy: 0.5014124512672424
2024-01-31 02:44:30,599 - METRIC - INFO - statipo17 loss: 0.07453899085521698 - accuracy: 0.9775640964508057
2024-01-31 02:44:30,608 - METRIC - INFO - statipo13 loss: 0.8425275087356567 - accuracy: 0.6756410002708435
2024-01-31 02:44:30,629 - METRIC - INFO - statipo21 loss: 0.10742636770009995 - accuracy: 0.9576271176338196
2024-01-31 02:44:31,338 - METRIC - INFO - mean_accuracy: 0.7702637672424316

2024-01-31 02:44:31,338 - METRIC - INFO - round: 12
2024-01-31 02:44:31,338 - METRIC - INFO - selected_trainers: statipo16 - statipo13 - statipo15 - statipo14
2024-01-31 02:44:32,508 - EXECUT - INFO - received weights from trainer statipo15!
2024-01-31 02:44:32,577 - EXECUT - INFO - received weights from trainer statipo16!
2024-01-31 02:44:32,629 - EXECUT - INFO - received weights from trainer statipo14!
2024-01-31 02:44:32,681 - EXECUT - INFO - received weights from trainer statipo13!
2024-01-31 02:44:33,430 - EXECUT - INFO - sent aggregated weights to trainers!
2024-01-31 02:44:33,571 - METRIC - INFO - statipo12 loss: 0.8954613208770752 - accuracy: 0.7337164878845215
2024-01-31 02:44:33,637 - METRIC - INFO - statipo14 loss: 0.04165741428732872 - accuracy: 0.9816384315490723
2024-01-31 02:44:33,647 - METRIC - INFO - statipo18 loss: 0.8954613208770752 - accuracy: 0.7337164878845215
2024-01-31 02:44:33,659 - METRIC - INFO - statipo17 loss: 0.795354962348938 - accuracy: 0.7900640964508057
2024-01-31 02:44:33,663 - METRIC - INFO - statipo11 loss: 0.795354962348938 - accuracy: 0.7900640964508057
2024-01-31 02:44:33,668 - METRIC - INFO - statipo15 loss: 0.19842132925987244 - accuracy: 0.9268292784690857
2024-01-31 02:44:33,671 - METRIC - INFO - statipo13 loss: 0.19787974655628204 - accuracy: 0.9102563858032227
2024-01-31 02:44:33,684 - METRIC - INFO - statipo21 loss: 0.5206091403961182 - accuracy: 0.8177965879440308
2024-01-31 02:44:33,690 - METRIC - INFO - statipo16 loss: 0.34306374192237854 - accuracy: 0.9090909361839294
2024-01-31 02:44:33,710 - METRIC - INFO - statipo19 loss: 1.446282148361206 - accuracy: 0.5833333134651184
2024-01-31 02:44:34,432 - METRIC - INFO - mean_accuracy: 0.8176506102085114

2024-01-31 02:44:34,433 - METRIC - INFO - round: 13
2024-01-31 02:44:34,433 - METRIC - INFO - selected_trainers: statipo18 - statipo11 - statipo12 - statipo13
2024-01-31 02:44:35,434 - EXECUT - INFO - received weights from trainer statipo12!
2024-01-31 02:44:35,492 - EXECUT - INFO - received weights from trainer statipo18!
2024-01-31 02:44:35,696 - EXECUT - INFO - received weights from trainer statipo13!
2024-01-31 02:44:35,897 - EXECUT - INFO - received weights from trainer statipo11!
2024-01-31 02:44:36,525 - EXECUT - INFO - sent aggregated weights to trainers!
2024-01-31 02:44:36,674 - METRIC - INFO - statipo14 loss: 0.5083152651786804 - accuracy: 0.8248587846755981
2024-01-31 02:44:36,708 - METRIC - INFO - statipo15 loss: 2.2345306873321533 - accuracy: 0.4650406539440155
2024-01-31 02:44:36,725 - METRIC - INFO - statipo18 loss: 0.4345880150794983 - accuracy: 0.8697317838668823
2024-01-31 02:44:36,755 - METRIC - INFO - statipo17 loss: 1.2030725479125977 - accuracy: 0.7435897588729858
2024-01-31 02:44:36,763 - METRIC - INFO - statipo11 loss: 0.08359695225954056 - accuracy: 0.9727563858032227
2024-01-31 02:44:36,771 - METRIC - INFO - statipo16 loss: 0.8850815296173096 - accuracy: 0.7243402004241943
2024-01-31 02:44:36,775 - METRIC - INFO - statipo21 loss: 0.5083152651786804 - accuracy: 0.8248587846755981
2024-01-31 02:44:36,781 - METRIC - INFO - statipo13 loss: 0.5180713534355164 - accuracy: 0.7820512652397156
2024-01-31 02:44:36,784 - METRIC - INFO - statipo12 loss: 0.09582044929265976 - accuracy: 0.9712643623352051
2024-01-31 02:44:36,785 - METRIC - INFO - statipo19 loss: 1.0284476280212402 - accuracy: 0.6730769276618958
2024-01-31 02:44:37,526 - METRIC - INFO - mean_accuracy: 0.7851568907499313

2024-01-31 02:44:37,527 - METRIC - INFO - round: 14
2024-01-31 02:44:37,527 - METRIC - INFO - selected_trainers: statipo12 - statipo17 - statipo11 - statipo14
2024-01-31 02:44:38,547 - EXECUT - INFO - received weights from trainer statipo12!
2024-01-31 02:44:38,692 - EXECUT - INFO - received weights from trainer statipo17!
2024-01-31 02:44:38,765 - EXECUT - INFO - received weights from trainer statipo14!
2024-01-31 02:44:39,018 - EXECUT - INFO - received weights from trainer statipo11!
2024-01-31 02:44:39,631 - EXECUT - INFO - sent aggregated weights to trainers!
2024-01-31 02:44:39,773 - METRIC - INFO - statipo12 loss: 0.11793689429759979 - accuracy: 0.959770143032074
2024-01-31 02:44:39,812 - METRIC - INFO - statipo18 loss: 0.5441940426826477 - accuracy: 0.8160919547080994
2024-01-31 02:44:39,813 - METRIC - INFO - statipo19 loss: 0.7849916219711304 - accuracy: 0.6987179517745972
2024-01-31 02:44:39,846 - METRIC - INFO - statipo14 loss: 0.053303420543670654 - accuracy: 0.9788135886192322
2024-01-31 02:44:39,859 - METRIC - INFO - statipo13 loss: 0.7849916219711304 - accuracy: 0.6987179517745972
2024-01-31 02:44:39,876 - METRIC - INFO - statipo15 loss: 2.9166102409362793 - accuracy: 0.3739837408065796
2024-01-31 02:44:39,880 - METRIC - INFO - statipo16 loss: 1.285735845565796 - accuracy: 0.633431077003479
2024-01-31 02:44:39,890 - METRIC - INFO - statipo11 loss: 0.07546548545360565 - accuracy: 0.9775640964508057
2024-01-31 02:44:39,892 - METRIC - INFO - statipo21 loss: 0.8630101084709167 - accuracy: 0.7175140976905823
2024-01-31 02:44:39,910 - METRIC - INFO - statipo17 loss: 0.06498692184686661 - accuracy: 0.9759615659713745
2024-01-31 02:44:40,632 - METRIC - INFO - mean_accuracy: 0.7830566167831421

2024-01-31 02:44:40,632 - METRIC - INFO - round: 15
2024-01-31 02:44:40,633 - METRIC - INFO - selected_trainers: statipo12 - statipo13 - statipo15 - statipo14
2024-01-31 02:44:41,767 - EXECUT - INFO - received weights from trainer statipo15!
2024-01-31 02:44:41,865 - EXECUT - INFO - received weights from trainer statipo14!
2024-01-31 02:44:41,934 - EXECUT - INFO - received weights from trainer statipo13!
2024-01-31 02:44:42,082 - EXECUT - INFO - received weights from trainer statipo12!
2024-01-31 02:44:42,725 - EXECUT - INFO - sent aggregated weights to trainers!
2024-01-31 02:44:42,930 - METRIC - INFO - statipo15 loss: 0.18518958985805511 - accuracy: 0.925203263759613
2024-01-31 02:44:42,948 - METRIC - INFO - statipo19 loss: 1.3677417039871216 - accuracy: 0.6038461327552795
2024-01-31 02:44:42,952 - METRIC - INFO - statipo18 loss: 0.5396373867988586 - accuracy: 0.8314176201820374
2024-01-31 02:44:42,957 - METRIC - INFO - statipo17 loss: 0.30896061658859253 - accuracy: 0.9150640964508057
2024-01-31 02:44:42,960 - METRIC - INFO - statipo11 loss: 0.30896061658859253 - accuracy: 0.9150640964508057
2024-01-31 02:44:42,967 - METRIC - INFO - statipo16 loss: 1.9416553974151611 - accuracy: 0.5835776925086975
2024-01-31 02:44:42,970 - METRIC - INFO - statipo21 loss: 0.4439728260040283 - accuracy: 0.8305084705352783
2024-01-31 02:44:42,976 - METRIC - INFO - statipo12 loss: 0.07449765503406525 - accuracy: 0.977011501789093
2024-01-31 02:44:42,986 - METRIC - INFO - statipo14 loss: 0.056893058121204376 - accuracy: 0.9816384315490723
2024-01-31 02:44:42,991 - METRIC - INFO - statipo13 loss: 0.16682471334934235 - accuracy: 0.9307692050933838
2024-01-31 02:44:43,727 - METRIC - INFO - mean_accuracy: 0.8494100511074066

2024-01-31 02:44:43,727 - METRIC - INFO - round: 16
2024-01-31 02:44:43,727 - METRIC - INFO - selected_trainers: statipo15 - statipo17 - statipo16 - statipo14
2024-01-31 02:44:44,929 - EXECUT - INFO - received weights from trainer statipo17!
2024-01-31 02:44:45,002 - EXECUT - INFO - received weights from trainer statipo14!
2024-01-31 02:44:45,262 - EXECUT - INFO - received weights from trainer statipo15!
2024-01-31 02:44:45,312 - EXECUT - INFO - received weights from trainer statipo16!
2024-01-31 02:44:45,818 - EXECUT - INFO - sent aggregated weights to trainers!
2024-01-31 02:44:45,997 - METRIC - INFO - statipo19 loss: 0.861699104309082 - accuracy: 0.6987179517745972
2024-01-31 02:44:46,034 - METRIC - INFO - statipo12 loss: 0.5093315243721008 - accuracy: 0.8256704807281494
2024-01-31 02:44:46,036 - METRIC - INFO - statipo15 loss: 0.12775520980358124 - accuracy: 0.9544715285301208
2024-01-31 02:44:46,044 - METRIC - INFO - statipo18 loss: 0.5093315243721008 - accuracy: 0.8256704807281494
2024-01-31 02:44:46,059 - METRIC - INFO - statipo17 loss: 0.06509177386760712 - accuracy: 0.9823718070983887
2024-01-31 02:44:46,066 - METRIC - INFO - statipo16 loss: 0.17426081001758575 - accuracy: 0.929618775844574
2024-01-31 02:44:46,073 - METRIC - INFO - statipo21 loss: 0.47271421551704407 - accuracy: 0.8163841962814331
2024-01-31 02:44:46,074 - METRIC - INFO - statipo13 loss: 0.861699104309082 - accuracy: 0.6987179517745972
2024-01-31 02:44:46,079 - METRIC - INFO - statipo11 loss: 0.5656588077545166 - accuracy: 0.8509615659713745
2024-01-31 02:44:46,108 - METRIC - INFO - statipo14 loss: 0.044466082006692886 - accuracy: 0.9816384315490723
2024-01-31 02:44:46,820 - METRIC - INFO - mean_accuracy: 0.8564223170280456

2024-01-31 02:44:46,820 - METRIC - INFO - round: 17
2024-01-31 02:44:46,821 - METRIC - INFO - selected_trainers: statipo12 - statipo14 - statipo13 - statipo17
2024-01-31 02:44:47,861 - EXECUT - INFO - received weights from trainer statipo12!
2024-01-31 02:44:48,066 - EXECUT - INFO - received weights from trainer statipo14!
2024-01-31 02:44:48,116 - EXECUT - INFO - received weights from trainer statipo13!
2024-01-31 02:44:48,282 - EXECUT - INFO - received weights from trainer statipo17!
2024-01-31 02:44:48,944 - EXECUT - INFO - sent aggregated weights to trainers!
2024-01-31 02:44:49,110 - METRIC - INFO - statipo15 loss: 1.4816198348999023 - accuracy: 0.6308943033218384
2024-01-31 02:44:49,111 - METRIC - INFO - statipo12 loss: 0.07577189803123474 - accuracy: 0.975095808506012
2024-01-31 02:44:49,170 - METRIC - INFO - statipo14 loss: 0.03918669745326042 - accuracy: 0.9872881174087524
2024-01-31 02:44:49,190 - METRIC - INFO - statipo21 loss: 0.30122509598731995 - accuracy: 0.8799434900283813
2024-01-31 02:44:49,191 - METRIC - INFO - statipo16 loss: 1.1906167268753052 - accuracy: 0.6876832842826843
2024-01-31 02:44:49,194 - METRIC - INFO - statipo13 loss: 0.18137183785438538 - accuracy: 0.9346153736114502
2024-01-31 02:44:49,215 - METRIC - INFO - statipo17 loss: 0.05852821096777916 - accuracy: 0.9775640964508057
2024-01-31 02:44:49,225 - METRIC - INFO - statipo11 loss: 0.5212072134017944 - accuracy: 0.8685897588729858
2024-01-31 02:44:49,242 - METRIC - INFO - statipo19 loss: 1.5601040124893188 - accuracy: 0.5884615182876587
2024-01-31 02:44:49,249 - METRIC - INFO - statipo18 loss: 1.0697927474975586 - accuracy: 0.7624521255493164
2024-01-31 02:44:49,946 - METRIC - INFO - mean_accuracy: 0.8292587876319886

2024-01-31 02:44:49,947 - METRIC - INFO - round: 18
2024-01-31 02:44:49,947 - METRIC - INFO - selected_trainers: statipo11 - statipo13 - statipo18 - statipo16
2024-01-31 02:44:50,961 - EXECUT - INFO - received weights from trainer statipo18!
2024-01-31 02:44:51,150 - EXECUT - INFO - received weights from trainer statipo16!
2024-01-31 02:44:51,444 - EXECUT - INFO - received weights from trainer statipo13!
2024-01-31 02:44:51,494 - EXECUT - INFO - received weights from trainer statipo11!
2024-01-31 02:44:52,046 - EXECUT - INFO - sent aggregated weights to trainers!
2024-01-31 02:44:52,210 - METRIC - INFO - statipo12 loss: 0.5608092546463013 - accuracy: 0.8371647596359253
2024-01-31 02:44:52,232 - METRIC - INFO - statipo15 loss: 2.1007120609283447 - accuracy: 0.5544715523719788
2024-01-31 02:44:52,262 - METRIC - INFO - statipo19 loss: 0.8980115652084351 - accuracy: 0.7153846025466919
2024-01-31 02:44:52,279 - METRIC - INFO - statipo17 loss: 0.5440191626548767 - accuracy: 0.8541666865348816
2024-01-31 02:44:52,293 - METRIC - INFO - statipo18 loss: 0.07097268849611282 - accuracy: 0.982758641242981
2024-01-31 02:44:52,294 - METRIC - INFO - statipo21 loss: 0.36273032426834106 - accuracy: 0.8700565099716187
2024-01-31 02:44:52,294 - METRIC - INFO - statipo16 loss: 0.4233909547328949 - accuracy: 0.8563050031661987
2024-01-31 02:44:52,297 - METRIC - INFO - statipo13 loss: 0.16377727687358856 - accuracy: 0.928205132484436
2024-01-31 02:44:52,301 - METRIC - INFO - statipo14 loss: 0.36273032426834106 - accuracy: 0.8700565099716187
2024-01-31 02:44:52,327 - METRIC - INFO - statipo11 loss: 0.06497174501419067 - accuracy: 0.9855769276618958
2024-01-31 02:44:53,047 - METRIC - INFO - mean_accuracy: 0.8454146325588227

2024-01-31 02:44:53,047 - METRIC - INFO - round: 19
2024-01-31 02:44:53,047 - METRIC - INFO - selected_trainers: statipo12 - statipo11 - statipo14 - statipo18
2024-01-31 02:44:54,079 - EXECUT - INFO - received weights from trainer statipo18!
2024-01-31 02:44:54,181 - EXECUT - INFO - received weights from trainer statipo11!
2024-01-31 02:44:54,248 - EXECUT - INFO - received weights from trainer statipo14!
2024-01-31 02:44:54,539 - EXECUT - INFO - received weights from trainer statipo12!
2024-01-31 02:44:55,162 - EXECUT - INFO - sent aggregated weights to trainers!
2024-01-31 02:44:55,357 - METRIC - INFO - statipo15 loss: 3.2780215740203857 - accuracy: 0.4390243887901306
2024-01-31 02:44:55,385 - METRIC - INFO - statipo12 loss: 0.08066771924495697 - accuracy: 0.9731800556182861
2024-01-31 02:44:55,393 - METRIC - INFO - statipo16 loss: 0.7431280016899109 - accuracy: 0.766862154006958
2024-01-31 02:44:55,400 - METRIC - INFO - statipo11 loss: 0.06122604385018349 - accuracy: 0.9839743375778198
2024-01-31 02:44:55,405 - METRIC - INFO - statipo19 loss: 0.5681425333023071 - accuracy: 0.7743589878082275
2024-01-31 02:44:55,407 - METRIC - INFO - statipo21 loss: 0.8603776693344116 - accuracy: 0.744350254535675
2024-01-31 02:44:55,413 - METRIC - INFO - statipo17 loss: 0.606485903263092 - accuracy: 0.8413461446762085
2024-01-31 02:44:55,414 - METRIC - INFO - statipo13 loss: 0.5681425333023071 - accuracy: 0.7743589878082275
2024-01-31 02:44:55,415 - METRIC - INFO - statipo18 loss: 0.07944733649492264 - accuracy: 0.9712643623352051
2024-01-31 02:44:55,447 - METRIC - INFO - statipo14 loss: 0.043460503220558167 - accuracy: 0.9858757257461548
2024-01-31 02:44:56,164 - METRIC - INFO - mean_accuracy: 0.8254595398902893

2024-01-31 02:44:56,164 - METRIC - INFO - round: 20
2024-01-31 02:44:56,165 - METRIC - INFO - selected_trainers: statipo19 - statipo18 - statipo14 - statipo12
2024-01-31 02:44:57,181 - EXECUT - INFO - received weights from trainer statipo18!
2024-01-31 02:44:57,384 - EXECUT - INFO - received weights from trainer statipo14!
2024-01-31 02:44:57,437 - EXECUT - INFO - received weights from trainer statipo19!
2024-01-31 02:44:57,654 - EXECUT - INFO - received weights from trainer statipo12!
2024-01-31 02:44:58,266 - EXECUT - INFO - sent aggregated weights to trainers!
2024-01-31 02:44:58,450 - METRIC - INFO - statipo18 loss: 0.06502246856689453 - accuracy: 0.984674334526062
2024-01-31 02:44:58,464 - METRIC - INFO - statipo15 loss: 3.719343423843384 - accuracy: 0.4000000059604645
2024-01-31 02:44:58,497 - METRIC - INFO - statipo19 loss: 0.2533229887485504 - accuracy: 0.8910256624221802
2024-01-31 02:44:58,498 - METRIC - INFO - statipo21 loss: 0.3190917372703552 - accuracy: 0.8757061958312988
2024-01-31 02:44:58,513 - METRIC - INFO - statipo11 loss: 0.6949317455291748 - accuracy: 0.8317307829856873
2024-01-31 02:44:58,517 - METRIC - INFO - statipo17 loss: 0.6949317455291748 - accuracy: 0.8317307829856873
2024-01-31 02:44:58,529 - METRIC - INFO - statipo14 loss: 0.04407239332795143 - accuracy: 0.9844632744789124
2024-01-31 02:44:58,554 - METRIC - INFO - statipo13 loss: 1.4166189432144165 - accuracy: 0.6025640964508057
2024-01-31 02:44:58,556 - METRIC - INFO - statipo16 loss: 1.1833827495574951 - accuracy: 0.6847507357597351
2024-01-31 02:44:58,573 - METRIC - INFO - statipo12 loss: 0.06989243626594543 - accuracy: 0.9789271950721741
2024-01-31 02:44:59,267 - METRIC - INFO - mean_accuracy: 0.8065573066473007

2024-01-31 02:44:59,267 - METRIC - INFO - round: 21
2024-01-31 02:44:59,267 - METRIC - INFO - selected_trainers: statipo14 - statipo19 - statipo12 - statipo15
2024-01-31 02:45:00,429 - EXECUT - INFO - received weights from trainer statipo15!
2024-01-31 02:45:00,574 - EXECUT - INFO - received weights from trainer statipo19!
2024-01-31 02:45:00,724 - EXECUT - INFO - received weights from trainer statipo12!
2024-01-31 02:45:00,776 - EXECUT - INFO - received weights from trainer statipo14!
2024-01-31 02:45:01,362 - EXECUT - INFO - sent aggregated weights to trainers!
2024-01-31 02:45:01,573 - METRIC - INFO - statipo18 loss: 0.15346138179302216 - accuracy: 0.9559386968612671
2024-01-31 02:45:01,589 - METRIC - INFO - statipo12 loss: 0.07130070775747299 - accuracy: 0.975095808506012
2024-01-31 02:45:01,590 - METRIC - INFO - statipo19 loss: 0.2668020725250244 - accuracy: 0.892307698726654
2024-01-31 02:45:01,604 - METRIC - INFO - statipo14 loss: 0.35580894351005554 - accuracy: 0.901129961013794
2024-01-31 02:45:01,607 - METRIC - INFO - statipo11 loss: 1.2501298189163208 - accuracy: 0.7900640964508057
2024-01-31 02:45:01,613 - METRIC - INFO - statipo21 loss: 0.41730573773384094 - accuracy: 0.8474576473236084
2024-01-31 02:45:01,613 - METRIC - INFO - statipo15 loss: 0.11407720297574997 - accuracy: 0.9512194991111755
2024-01-31 02:45:01,617 - METRIC - INFO - statipo16 loss: 1.2298697233200073 - accuracy: 0.6656891703605652
2024-01-31 02:45:01,619 - METRIC - INFO - statipo13 loss: 0.6486809253692627 - accuracy: 0.764102578163147
2024-01-31 02:45:01,625 - METRIC - INFO - statipo17 loss: 1.2501298189163208 - accuracy: 0.7900640964508057
2024-01-31 02:45:02,363 - METRIC - INFO - mean_accuracy: 0.8533069252967834

2024-01-31 02:45:02,363 - METRIC - INFO - round: 22
2024-01-31 02:45:02,363 - METRIC - INFO - selected_trainers: statipo17 - statipo11 - statipo14 - statipo19
2024-01-31 02:45:03,730 - EXECUT - INFO - received weights from trainer statipo19!
2024-01-31 02:45:03,821 - EXECUT - INFO - received weights from trainer statipo14!
2024-01-31 02:45:03,871 - EXECUT - INFO - received weights from trainer statipo11!
2024-01-31 02:45:03,921 - EXECUT - INFO - received weights from trainer statipo17!
2024-01-31 02:45:04,489 - EXECUT - INFO - sent aggregated weights to trainers!
2024-01-31 02:45:04,687 - METRIC - INFO - statipo18 loss: 0.19477958977222443 - accuracy: 0.9214559197425842
2024-01-31 02:45:04,689 - METRIC - INFO - statipo12 loss: 0.19477958977222443 - accuracy: 0.9214559197425842
2024-01-31 02:45:04,700 - METRIC - INFO - statipo16 loss: 1.2961400747299194 - accuracy: 0.662756621837616
2024-01-31 02:45:04,718 - METRIC - INFO - statipo14 loss: 0.03708324581384659 - accuracy: 0.9858757257461548
2024-01-31 02:45:04,728 - METRIC - INFO - statipo21 loss: 0.41919589042663574 - accuracy: 0.8333333134651184
2024-01-31 02:45:04,729 - METRIC - INFO - statipo17 loss: 0.06699293851852417 - accuracy: 0.9807692170143127
2024-01-31 02:45:04,737 - METRIC - INFO - statipo19 loss: 0.12083540856838226 - accuracy: 0.9564102292060852
2024-01-31 02:45:04,741 - METRIC - INFO - statipo11 loss: 0.06971712410449982 - accuracy: 0.9775640964508057
2024-01-31 02:45:04,752 - METRIC - INFO - statipo13 loss: 0.7021139860153198 - accuracy: 0.7525641322135925
2024-01-31 02:45:04,760 - METRIC - INFO - statipo15 loss: 1.402902364730835 - accuracy: 0.6146341562271118
2024-01-31 02:45:05,491 - METRIC - INFO - mean_accuracy: 0.8606819331645965

2024-01-31 02:45:05,491 - METRIC - INFO - round: 23
2024-01-31 02:45:05,491 - METRIC - INFO - selected_trainers: statipo11 - statipo19 - statipo12 - statipo13
2024-01-31 02:45:06,523 - EXECUT - INFO - received weights from trainer statipo12!
2024-01-31 02:45:06,673 - EXECUT - INFO - received weights from trainer statipo11!
2024-01-31 02:45:06,829 - EXECUT - INFO - received weights from trainer statipo19!
2024-01-31 02:45:06,948 - EXECUT - INFO - received weights from trainer statipo13!
2024-01-31 02:45:07,606 - EXECUT - INFO - sent aggregated weights to trainers!
2024-01-31 02:45:07,803 - METRIC - INFO - statipo19 loss: 0.13555580377578735 - accuracy: 0.9461538195610046
2024-01-31 02:45:07,813 - METRIC - INFO - statipo18 loss: 0.3595556318759918 - accuracy: 0.8946360349655151
2024-01-31 02:45:07,814 - METRIC - INFO - statipo12 loss: 0.07358790189027786 - accuracy: 0.9789271950721741
2024-01-31 02:45:07,835 - METRIC - INFO - statipo17 loss: 0.3467944860458374 - accuracy: 0.9150640964508057
2024-01-31 02:45:07,842 - METRIC - INFO - statipo15 loss: 1.6491618156433105 - accuracy: 0.5918698906898499
2024-01-31 02:45:07,847 - METRIC - INFO - statipo21 loss: 0.3876669108867645 - accuracy: 0.8573446273803711
2024-01-31 02:45:07,856 - METRIC - INFO - statipo16 loss: 1.7117717266082764 - accuracy: 0.6231671571731567
2024-01-31 02:45:07,856 - METRIC - INFO - statipo11 loss: 0.062042493373155594 - accuracy: 0.9823718070983887
2024-01-31 02:45:07,871 - METRIC - INFO - statipo13 loss: 0.21886010468006134 - accuracy: 0.9128205180168152
2024-01-31 02:45:07,881 - METRIC - INFO - statipo14 loss: 0.3876669108867645 - accuracy: 0.8573446273803711
2024-01-31 02:45:08,608 - METRIC - INFO - mean_accuracy: 0.8559699773788452

2024-01-31 02:45:08,608 - METRIC - INFO - round: 24
2024-01-31 02:45:08,608 - METRIC - INFO - selected_trainers: statipo13 - statipo19 - statipo15 - statipo12
2024-01-31 02:45:09,886 - EXECUT - INFO - received weights from trainer statipo13!
2024-01-31 02:45:09,936 - EXECUT - INFO - received weights from trainer statipo19!
2024-01-31 02:45:10,062 - EXECUT - INFO - received weights from trainer statipo12!
2024-01-31 02:45:10,116 - EXECUT - INFO - received weights from trainer statipo15!
2024-01-31 02:45:10,705 - EXECUT - INFO - sent aggregated weights to trainers!
2024-01-31 02:45:10,902 - METRIC - INFO - statipo18 loss: 0.282650887966156 - accuracy: 0.9042145609855652
2024-01-31 02:45:10,903 - METRIC - INFO - statipo19 loss: 0.1511692851781845 - accuracy: 0.9410256147384644
2024-01-31 02:45:10,928 - METRIC - INFO - statipo12 loss: 0.0752985030412674 - accuracy: 0.9789271950721741
2024-01-31 02:45:10,933 - METRIC - INFO - statipo14 loss: 1.2572559118270874 - accuracy: 0.6737288236618042
2024-01-31 02:45:10,945 - METRIC - INFO - statipo17 loss: 0.519708514213562 - accuracy: 0.8733974099159241
2024-01-31 02:45:10,952 - METRIC - INFO - statipo16 loss: 1.893537998199463 - accuracy: 0.6246334314346313
2024-01-31 02:45:10,959 - METRIC - INFO - statipo11 loss: 0.519708514213562 - accuracy: 0.8733974099159241
2024-01-31 02:45:10,963 - METRIC - INFO - statipo13 loss: 0.13986970484256744 - accuracy: 0.949999988079071
2024-01-31 02:45:10,967 - METRIC - INFO - statipo21 loss: 1.2572559118270874 - accuracy: 0.6737288236618042
2024-01-31 02:45:10,987 - METRIC - INFO - statipo15 loss: 0.09642033278942108 - accuracy: 0.9626016020774841
2024-01-31 02:45:11,707 - METRIC - INFO - mean_accuracy: 0.8455654859542847

2024-01-31 02:45:11,707 - METRIC - INFO - round: 25
2024-01-31 02:45:11,707 - METRIC - INFO - selected_trainers: statipo16 - statipo18 - statipo15 - statipo21
2024-01-31 02:45:12,915 - EXECUT - INFO - received weights from trainer statipo16!
2024-01-31 02:45:12,969 - EXECUT - INFO - received weights from trainer statipo21!
2024-01-31 02:45:13,199 - EXECUT - INFO - received weights from trainer statipo15!
2024-01-31 02:45:13,252 - EXECUT - INFO - received weights from trainer statipo18!
2024-01-31 02:45:13,801 - EXECUT - INFO - sent aggregated weights to trainers!
2024-01-31 02:45:13,983 - METRIC - INFO - statipo12 loss: 0.27758705615997314 - accuracy: 0.9061302542686462
2024-01-31 02:45:13,987 - METRIC - INFO - statipo15 loss: 0.11945813149213791 - accuracy: 0.9495934844017029
2024-01-31 02:45:14,010 - METRIC - INFO - statipo19 loss: 0.16458147764205933 - accuracy: 0.9115384817123413
2024-01-31 02:45:14,032 - METRIC - INFO - statipo14 loss: 1.6289831399917603 - accuracy: 0.6412429213523865
2024-01-31 02:45:14,042 - METRIC - INFO - statipo17 loss: 0.5727693438529968 - accuracy: 0.8717948794364929
2024-01-31 02:45:14,048 - METRIC - INFO - statipo11 loss: 0.5727693438529968 - accuracy: 0.8717948794364929
2024-01-31 02:45:14,051 - METRIC - INFO - statipo16 loss: 0.16590438783168793 - accuracy: 0.9428152441978455
2024-01-31 02:45:14,055 - METRIC - INFO - statipo21 loss: 0.045063283294439316 - accuracy: 0.9844632744789124
2024-01-31 02:45:14,081 - METRIC - INFO - statipo18 loss: 0.07236790657043457 - accuracy: 0.9731800556182861
2024-01-31 02:45:14,085 - METRIC - INFO - statipo13 loss: 0.16458147764205933 - accuracy: 0.9115384817123413
2024-01-31 02:45:14,802 - METRIC - INFO - mean_accuracy: 0.8964091956615448

2024-01-31 02:45:14,802 - METRIC - INFO - round: 26
2024-01-31 02:45:14,802 - METRIC - INFO - selected_trainers: statipo17 - statipo19 - statipo16 - statipo14
2024-01-31 02:45:16,076 - EXECUT - INFO - received weights from trainer statipo17!
2024-01-31 02:45:16,182 - EXECUT - INFO - received weights from trainer statipo14!
2024-01-31 02:45:16,237 - EXECUT - INFO - received weights from trainer statipo19!
2024-01-31 02:45:16,293 - EXECUT - INFO - received weights from trainer statipo16!
2024-01-31 02:45:16,891 - EXECUT - INFO - sent aggregated weights to trainers!
2024-01-31 02:45:17,072 - METRIC - INFO - statipo21 loss: 0.492087721824646 - accuracy: 0.8516949415206909
2024-01-31 02:45:17,073 - METRIC - INFO - statipo12 loss: 0.2739562392234802 - accuracy: 0.9080459475517273
2024-01-31 02:45:17,081 - METRIC - INFO - statipo15 loss: 0.905096173286438 - accuracy: 0.712195098400116
2024-01-31 02:45:17,099 - METRIC - INFO - statipo19 loss: 0.10869429260492325 - accuracy: 0.9564102292060852
2024-01-31 02:45:17,109 - METRIC - INFO - statipo14 loss: 0.03202706575393677 - accuracy: 0.9887005686759949
2024-01-31 02:45:17,122 - METRIC - INFO - statipo11 loss: 0.7277460098266602 - accuracy: 0.8237179517745972
2024-01-31 02:45:17,129 - METRIC - INFO - statipo13 loss: 0.4823441207408905 - accuracy: 0.8051282167434692
2024-01-31 02:45:17,138 - METRIC - INFO - statipo18 loss: 0.2739562392234802 - accuracy: 0.9080459475517273
2024-01-31 02:45:17,149 - METRIC - INFO - statipo17 loss: 0.06797772645950317 - accuracy: 0.9823718070983887
2024-01-31 02:45:17,150 - METRIC - INFO - statipo16 loss: 0.13859498500823975 - accuracy: 0.9516128897666931
2024-01-31 02:45:17,893 - METRIC - INFO - mean_accuracy: 0.888792359828949

2024-01-31 02:45:17,893 - METRIC - INFO - round: 27
2024-01-31 02:45:17,893 - METRIC - INFO - selected_trainers: statipo12 - statipo18 - statipo16 - statipo21
2024-01-31 02:45:18,926 - EXECUT - INFO - received weights from trainer statipo12!
2024-01-31 02:45:19,108 - EXECUT - INFO - received weights from trainer statipo16!
2024-01-31 02:45:19,164 - EXECUT - INFO - received weights from trainer statipo21!
2024-01-31 02:45:19,351 - EXECUT - INFO - received weights from trainer statipo18!
2024-01-31 02:45:20,008 - EXECUT - INFO - sent aggregated weights to trainers!
2024-01-31 02:45:20,203 - METRIC - INFO - statipo18 loss: 0.07440829277038574 - accuracy: 0.9789271950721741
2024-01-31 02:45:20,243 - METRIC - INFO - statipo17 loss: 0.6959807276725769 - accuracy: 0.8349359035491943
2024-01-31 02:45:20,256 - METRIC - INFO - statipo21 loss: 0.10005214810371399 - accuracy: 0.9661017060279846
2024-01-31 02:45:20,259 - METRIC - INFO - statipo15 loss: 1.6252188682556152 - accuracy: 0.6227642297744751
2024-01-31 02:45:20,263 - METRIC - INFO - statipo12 loss: 0.08218896389007568 - accuracy: 0.9789271950721741
2024-01-31 02:45:20,264 - METRIC - INFO - statipo19 loss: 0.45098942518234253 - accuracy: 0.8179486989974976
2024-01-31 02:45:20,274 - METRIC - INFO - statipo16 loss: 0.10931985080242157 - accuracy: 0.9560117125511169
2024-01-31 02:45:20,277 - METRIC - INFO - statipo13 loss: 0.45098942518234253 - accuracy: 0.8179486989974976
2024-01-31 02:45:20,282 - METRIC - INFO - statipo14 loss: 0.38647693395614624 - accuracy: 0.8615819215774536
2024-01-31 02:45:20,287 - METRIC - INFO - statipo11 loss: 0.6959807276725769 - accuracy: 0.8349359035491943
2024-01-31 02:45:21,010 - METRIC - INFO - mean_accuracy: 0.8670083165168763

2024-01-31 02:45:21,010 - METRIC - INFO - round: 28
2024-01-31 02:45:21,010 - METRIC - INFO - selected_trainers: statipo18 - statipo12 - statipo16 - statipo15
2024-01-31 02:45:22,047 - EXECUT - INFO - received weights from trainer statipo18!
2024-01-31 02:45:22,154 - EXECUT - INFO - received weights from trainer statipo15!
2024-01-31 02:45:22,215 - EXECUT - INFO - received weights from trainer statipo16!
2024-01-31 02:45:22,501 - EXECUT - INFO - received weights from trainer statipo12!
2024-01-31 02:45:23,130 - EXECUT - INFO - sent aggregated weights to trainers!
2024-01-31 02:45:23,298 - METRIC - INFO - statipo12 loss: 0.07678315043449402 - accuracy: 0.9789271950721741
2024-01-31 02:45:23,336 - METRIC - INFO - statipo14 loss: 0.2569138705730438 - accuracy: 0.903954803943634
2024-01-31 02:45:23,359 - METRIC - INFO - statipo21 loss: 0.2569138705730438 - accuracy: 0.903954803943634
2024-01-31 02:45:23,364 - METRIC - INFO - statipo18 loss: 0.06905301660299301 - accuracy: 0.9808428883552551
2024-01-31 02:45:23,364 - METRIC - INFO - statipo19 loss: 0.8913598656654358 - accuracy: 0.6897435784339905
2024-01-31 02:45:23,381 - METRIC - INFO - statipo16 loss: 0.19896255433559418 - accuracy: 0.9252199530601501
2024-01-31 02:45:23,387 - METRIC - INFO - statipo13 loss: 0.8913598656654358 - accuracy: 0.6897435784339905
2024-01-31 02:45:23,387 - METRIC - INFO - statipo17 loss: 1.2648307085037231 - accuracy: 0.7708333134651184
2024-01-31 02:45:23,401 - METRIC - INFO - statipo11 loss: 1.2648307085037231 - accuracy: 0.7708333134651184
2024-01-31 02:45:23,412 - METRIC - INFO - statipo15 loss: 0.45879387855529785 - accuracy: 0.8926829099655151
2024-01-31 02:45:24,132 - METRIC - INFO - mean_accuracy: 0.8506736338138581

2024-01-31 02:45:24,133 - METRIC - INFO - round: 29
2024-01-31 02:45:24,133 - METRIC - INFO - selected_trainers: statipo11 - statipo15 - statipo12 - statipo19
2024-01-31 02:45:25,412 - EXECUT - INFO - received weights from trainer statipo19!
2024-01-31 02:45:25,592 - EXECUT - INFO - received weights from trainer statipo12!
2024-01-31 02:45:25,643 - EXECUT - INFO - received weights from trainer statipo15!
2024-01-31 02:45:25,696 - EXECUT - INFO - received weights from trainer statipo11!
2024-01-31 02:45:26,226 - EXECUT - INFO - sent aggregated weights to trainers!
2024-01-31 02:45:26,416 - METRIC - INFO - statipo14 loss: 0.3045344948768616 - accuracy: 0.8912429213523865
2024-01-31 02:45:26,426 - METRIC - INFO - statipo18 loss: 0.1492413878440857 - accuracy: 0.9482758641242981
2024-01-31 02:45:26,437 - METRIC - INFO - statipo12 loss: 0.0828244537115097 - accuracy: 0.9789271950721741
2024-01-31 02:45:26,463 - METRIC - INFO - statipo15 loss: 0.11563710868358612 - accuracy: 0.9495934844017029
2024-01-31 02:45:26,468 - METRIC - INFO - statipo13 loss: 1.1721484661102295 - accuracy: 0.6307692527770996
2024-01-31 02:45:26,472 - METRIC - INFO - statipo11 loss: 0.056696031242609024 - accuracy: 0.9823718070983887
2024-01-31 02:45:26,477 - METRIC - INFO - statipo19 loss: 0.14955799281597137 - accuracy: 0.9397435784339905
2024-01-31 02:45:26,480 - METRIC - INFO - statipo17 loss: 1.2249209880828857 - accuracy: 0.7628205418586731
2024-01-31 02:45:26,487 - METRIC - INFO - statipo16 loss: 0.46492424607276917 - accuracy: 0.8269794583320618
2024-01-31 02:45:26,492 - METRIC - INFO - statipo21 loss: 0.3045344948768616 - accuracy: 0.8912429213523865
2024-01-31 02:45:27,227 - METRIC - INFO - mean_accuracy: 0.8801967024803161

2024-01-31 02:45:27,227 - METRIC - INFO - round: 30
2024-01-31 02:45:27,227 - METRIC - INFO - selected_trainers: statipo12 - statipo13 - statipo21 - statipo11
2024-01-31 02:45:28,404 - EXECUT - INFO - received weights from trainer statipo11!
2024-01-31 02:45:28,497 - EXECUT - INFO - received weights from trainer statipo21!
2024-01-31 02:45:28,571 - EXECUT - INFO - received weights from trainer statipo13!
2024-01-31 02:45:28,683 - EXECUT - INFO - received weights from trainer statipo12!
2024-01-31 02:45:29,319 - EXECUT - INFO - sent aggregated weights to trainers!
2024-01-31 02:45:29,523 - METRIC - INFO - statipo19 loss: 0.5613234043121338 - accuracy: 0.7884615659713745
2024-01-31 02:45:29,527 - METRIC - INFO - statipo12 loss: 0.10093555599451065 - accuracy: 0.9636015295982361
2024-01-31 02:45:29,541 - METRIC - INFO - statipo14 loss: 0.517035722732544 - accuracy: 0.8262711763381958
2024-01-31 02:45:29,550 - METRIC - INFO - statipo15 loss: 0.6958890557289124 - accuracy: 0.7756097316741943
2024-01-31 02:45:29,562 - METRIC - INFO - statipo17 loss: 0.6161426901817322 - accuracy: 0.8349359035491943
2024-01-31 02:45:29,566 - METRIC - INFO - statipo21 loss: 0.15383784472942352 - accuracy: 0.9632768630981445
2024-01-31 02:45:29,570 - METRIC - INFO - statipo16 loss: 0.8455671668052673 - accuracy: 0.7756597995758057
2024-01-31 02:45:29,574 - METRIC - INFO - statipo13 loss: 0.10181110352277756 - accuracy: 0.9666666388511658
2024-01-31 02:45:29,581 - METRIC - INFO - statipo18 loss: 0.1785508096218109 - accuracy: 0.9406130313873291
2024-01-31 02:45:29,600 - METRIC - INFO - statipo11 loss: 0.05724942311644554 - accuracy: 0.9839743375778198
2024-01-31 02:45:30,320 - METRIC - INFO - mean_accuracy: 0.881907057762146

2024-01-31 02:45:30,320 - METRIC - INFO - round: 31
2024-01-31 02:45:30,321 - METRIC - INFO - selected_trainers: statipo11 - statipo18 - statipo15 - statipo13
2024-01-31 02:45:31,494 - EXECUT - INFO - received weights from trainer statipo15!
2024-01-31 02:45:31,637 - EXECUT - INFO - received weights from trainer statipo13!
2024-01-31 02:45:31,777 - EXECUT - INFO - received weights from trainer statipo18!
2024-01-31 02:45:31,831 - EXECUT - INFO - received weights from trainer statipo11!
2024-01-31 02:45:32,444 - EXECUT - INFO - sent aggregated weights to trainers!
2024-01-31 02:45:32,598 - METRIC - INFO - statipo18 loss: 0.0906824991106987 - accuracy: 0.9789271950721741
2024-01-31 02:45:32,627 - METRIC - INFO - statipo12 loss: 0.19175219535827637 - accuracy: 0.9425287246704102
2024-01-31 02:45:32,645 - METRIC - INFO - statipo19 loss: 0.4668150246143341 - accuracy: 0.8141025900840759
2024-01-31 02:45:32,664 - METRIC - INFO - statipo17 loss: 0.5699089765548706 - accuracy: 0.8589743375778198
2024-01-31 02:45:32,680 - METRIC - INFO - statipo16 loss: 1.1364027261734009 - accuracy: 0.7184750437736511
2024-01-31 02:45:32,689 - METRIC - INFO - statipo15 loss: 0.09820755571126938 - accuracy: 0.9658536314964294
2024-01-31 02:45:32,690 - METRIC - INFO - statipo21 loss: 0.21547280251979828 - accuracy: 0.9110169410705566
2024-01-31 02:45:32,695 - METRIC - INFO - statipo11 loss: 0.06253857165575027 - accuracy: 0.9807692170143127
2024-01-31 02:45:32,704 - METRIC - INFO - statipo14 loss: 0.21547280251979828 - accuracy: 0.9110169410705566
2024-01-31 02:45:32,708 - METRIC - INFO - statipo13 loss: 0.09827117621898651 - accuracy: 0.9679487347602844
2024-01-31 02:45:33,446 - METRIC - INFO - mean_accuracy: 0.9049613356590271

2024-01-31 02:45:33,446 - METRIC - INFO - round: 32
2024-01-31 02:45:33,446 - METRIC - INFO - selected_trainers: statipo19 - statipo21 - statipo15 - statipo12
2024-01-31 02:45:34,749 - EXECUT - INFO - received weights from trainer statipo21!
2024-01-31 02:45:34,810 - EXECUT - INFO - received weights from trainer statipo19!
2024-01-31 02:45:34,904 - EXECUT - INFO - received weights from trainer statipo12!
2024-01-31 02:45:34,957 - EXECUT - INFO - received weights from trainer statipo15!
2024-01-31 02:45:35,535 - EXECUT - INFO - sent aggregated weights to trainers!
2024-01-31 02:45:35,735 - METRIC - INFO - statipo12 loss: 0.0918760746717453 - accuracy: 0.9789271950721741
2024-01-31 02:45:35,735 - METRIC - INFO - statipo18 loss: 0.21167616546154022 - accuracy: 0.9348658919334412
2024-01-31 02:45:35,763 - METRIC - INFO - statipo17 loss: 0.3089238107204437 - accuracy: 0.9134615659713745
2024-01-31 02:45:35,768 - METRIC - INFO - statipo15 loss: 0.09015043079853058 - accuracy: 0.9691057205200195
2024-01-31 02:45:35,774 - METRIC - INFO - statipo21 loss: 0.029010070487856865 - accuracy: 0.9887005686759949
2024-01-31 02:45:35,780 - METRIC - INFO - statipo11 loss: 0.3089238107204437 - accuracy: 0.9134615659713745
2024-01-31 02:45:35,784 - METRIC - INFO - statipo16 loss: 1.4165048599243164 - accuracy: 0.7023460268974304
2024-01-31 02:45:35,792 - METRIC - INFO - statipo14 loss: 0.4405142664909363 - accuracy: 0.840395450592041
2024-01-31 02:45:35,793 - METRIC - INFO - statipo19 loss: 0.15973496437072754 - accuracy: 0.9269230961799622
2024-01-31 02:45:35,807 - METRIC - INFO - statipo13 loss: 0.33186623454093933 - accuracy: 0.8512820601463318
2024-01-31 02:45:36,536 - METRIC - INFO - mean_accuracy: 0.9019469141960144

2024-01-31 02:45:36,537 - METRIC - INFO - round: 33
2024-01-31 02:45:36,537 - METRIC - INFO - selected_trainers: statipo15 - statipo21 - statipo12 - statipo11
2024-01-31 02:45:37,692 - EXECUT - INFO - received weights from trainer statipo15!
2024-01-31 02:45:37,746 - EXECUT - INFO - received weights from trainer statipo11!
2024-01-31 02:45:37,795 - EXECUT - INFO - received weights from trainer statipo21!
2024-01-31 02:45:38,023 - EXECUT - INFO - received weights from trainer statipo12!
2024-01-31 02:45:38,630 - EXECUT - INFO - sent aggregated weights to trainers!
2024-01-31 02:45:38,824 - METRIC - INFO - statipo18 loss: 0.20470915734767914 - accuracy: 0.938697338104248
2024-01-31 02:45:38,836 - METRIC - INFO - statipo19 loss: 0.42289742827415466 - accuracy: 0.8256410360336304
2024-01-31 02:45:38,864 - METRIC - INFO - statipo13 loss: 0.42289742827415466 - accuracy: 0.8256410360336304
2024-01-31 02:45:38,871 - METRIC - INFO - statipo17 loss: 0.48894476890563965 - accuracy: 0.8814102411270142
2024-01-31 02:45:38,871 - METRIC - INFO - statipo16 loss: 1.5284545421600342 - accuracy: 0.6832844614982605
2024-01-31 02:45:38,880 - METRIC - INFO - statipo12 loss: 0.08665426820516586 - accuracy: 0.9808428883552551
2024-01-31 02:45:38,884 - METRIC - INFO - statipo11 loss: 0.06556345522403717 - accuracy: 0.9807692170143127
2024-01-31 02:45:38,894 - METRIC - INFO - statipo14 loss: 0.24676360189914703 - accuracy: 0.9081920981407166
2024-01-31 02:45:38,894 - METRIC - INFO - statipo15 loss: 0.12985867261886597 - accuracy: 0.9577235579490662
2024-01-31 02:45:38,900 - METRIC - INFO - statipo21 loss: 0.033191900700330734 - accuracy: 0.991525411605835
2024-01-31 02:45:39,631 - METRIC - INFO - mean_accuracy: 0.8973727285861969

2024-01-31 02:45:39,631 - METRIC - INFO - round: 34
2024-01-31 02:45:39,631 - METRIC - INFO - selected_trainers: statipo14 - statipo19 - statipo18 - statipo16
2024-01-31 02:45:40,883 - EXECUT - INFO - received weights from trainer statipo14!
2024-01-31 02:45:40,938 - EXECUT - INFO - received weights from trainer statipo19!
2024-01-31 02:45:41,092 - EXECUT - INFO - received weights from trainer statipo18!
2024-01-31 02:45:41,147 - EXECUT - INFO - received weights from trainer statipo16!
2024-01-31 02:45:41,758 - EXECUT - INFO - sent aggregated weights to trainers!
2024-01-31 02:45:41,963 - METRIC - INFO - statipo14 loss: 0.09032328426837921 - accuracy: 0.9675140976905823
2024-01-31 02:45:41,967 - METRIC - INFO - statipo12 loss: 0.26137685775756836 - accuracy: 0.9233716726303101
2024-01-31 02:45:41,990 - METRIC - INFO - statipo21 loss: 0.11915909498929977 - accuracy: 0.9618644118309021
2024-01-31 02:45:41,997 - METRIC - INFO - statipo17 loss: 0.2857321798801422 - accuracy: 0.9134615659713745
2024-01-31 02:45:42,000 - METRIC - INFO - statipo19 loss: 0.0999174490571022 - accuracy: 0.9576923251152039
2024-01-31 02:45:42,002 - METRIC - INFO - statipo16 loss: 0.11572812497615814 - accuracy: 0.9604105353355408
2024-01-31 02:45:42,006 - METRIC - INFO - statipo15 loss: 0.27992695569992065 - accuracy: 0.9154471755027771
2024-01-31 02:45:42,016 - METRIC - INFO - statipo18 loss: 0.08505026996135712 - accuracy: 0.9808428883552551
2024-01-31 02:45:42,017 - METRIC - INFO - statipo13 loss: 0.6847106218338013 - accuracy: 0.7628205418586731
2024-01-31 02:45:42,019 - METRIC - INFO - statipo11 loss: 0.2857321798801422 - accuracy: 0.9134615659713745
2024-01-31 02:45:42,760 - METRIC - INFO - mean_accuracy: 0.9256886780261994

2024-01-31 02:45:42,760 - METRIC - INFO - round: 35
2024-01-31 02:45:42,761 - METRIC - INFO - selected_trainers: statipo14 - statipo11 - statipo12 - statipo15
2024-01-31 02:45:43,949 - EXECUT - INFO - received weights from trainer statipo11!
2024-01-31 02:45:44,071 - EXECUT - INFO - received weights from trainer statipo14!
2024-01-31 02:45:44,213 - EXECUT - INFO - received weights from trainer statipo12!
2024-01-31 02:45:44,267 - EXECUT - INFO - received weights from trainer statipo15!
2024-01-31 02:45:44,887 - EXECUT - INFO - sent aggregated weights to trainers!
2024-01-31 02:45:45,046 - METRIC - INFO - statipo12 loss: 0.0889088436961174 - accuracy: 0.9712643623352051
2024-01-31 02:45:45,050 - METRIC - INFO - statipo19 loss: 0.494759738445282 - accuracy: 0.8089743852615356
2024-01-31 02:45:45,101 - METRIC - INFO - statipo17 loss: 0.7002952098846436 - accuracy: 0.8301281929016113
2024-01-31 02:45:45,106 - METRIC - INFO - statipo21 loss: 0.17243710160255432 - accuracy: 0.9265536665916443
2024-01-31 02:45:45,113 - METRIC - INFO - statipo15 loss: 0.0663745254278183 - accuracy: 0.9723577499389648
2024-01-31 02:45:45,124 - METRIC - INFO - statipo14 loss: 0.028147855773568153 - accuracy: 0.9887005686759949
2024-01-31 02:45:45,128 - METRIC - INFO - statipo13 loss: 0.494759738445282 - accuracy: 0.8089743852615356
2024-01-31 02:45:45,147 - METRIC - INFO - statipo11 loss: 0.06939252465963364 - accuracy: 0.9855769276618958
2024-01-31 02:45:45,162 - METRIC - INFO - statipo18 loss: 0.26163628697395325 - accuracy: 0.9195402264595032
2024-01-31 02:45:45,183 - METRIC - INFO - statipo16 loss: 0.9056514501571655 - accuracy: 0.7507331371307373
2024-01-31 02:45:45,888 - METRIC - INFO - mean_accuracy: 0.8962803602218627

2024-01-31 02:45:45,889 - METRIC - INFO - round: 36
2024-01-31 02:45:45,889 - METRIC - INFO - selected_trainers: statipo13 - statipo21 - statipo12 - statipo11
2024-01-31 02:45:47,141 - EXECUT - INFO - received weights from trainer statipo21!
2024-01-31 02:45:47,268 - EXECUT - INFO - received weights from trainer statipo13!
2024-01-31 02:45:47,350 - EXECUT - INFO - received weights from trainer statipo12!
2024-01-31 02:45:47,402 - EXECUT - INFO - received weights from trainer statipo11!
2024-01-31 02:45:47,978 - EXECUT - INFO - sent aggregated weights to trainers!
2024-01-31 02:45:48,206 - METRIC - INFO - statipo15 loss: 0.3676395118236542 - accuracy: 0.8943089246749878
2024-01-31 02:45:48,241 - METRIC - INFO - statipo18 loss: 0.2748667895793915 - accuracy: 0.9291187524795532
2024-01-31 02:45:48,249 - METRIC - INFO - statipo19 loss: 0.7536572813987732 - accuracy: 0.7435897588729858
2024-01-31 02:45:48,250 - METRIC - INFO - statipo12 loss: 0.1049683690071106 - accuracy: 0.977011501789093
2024-01-31 02:45:48,252 - METRIC - INFO - statipo14 loss: 0.09761204570531845 - accuracy: 0.9661017060279846
2024-01-31 02:45:48,261 - METRIC - INFO - statipo11 loss: 0.06037250533699989 - accuracy: 0.9823718070983887
2024-01-31 02:45:48,269 - METRIC - INFO - statipo16 loss: 1.2644704580307007 - accuracy: 0.7140762209892273
2024-01-31 02:45:48,279 - METRIC - INFO - statipo17 loss: 0.36342674493789673 - accuracy: 0.8990384340286255
2024-01-31 02:45:48,283 - METRIC - INFO - statipo21 loss: 0.05243181064724922 - accuracy: 0.9788135886192322
2024-01-31 02:45:48,309 - METRIC - INFO - statipo13 loss: 0.17620444297790527 - accuracy: 0.9269230961799622
2024-01-31 02:45:48,980 - METRIC - INFO - mean_accuracy: 0.901135379076004

2024-01-31 02:45:48,981 - METRIC - INFO - round: 37
2024-01-31 02:45:48,981 - METRIC - INFO - selected_trainers: statipo16 - statipo18 - statipo14 - statipo12
2024-01-31 02:45:50,208 - EXECUT - INFO - received weights from trainer statipo16!
2024-01-31 02:45:50,265 - EXECUT - INFO - received weights from trainer statipo14!
2024-01-31 02:45:50,437 - EXECUT - INFO - received weights from trainer statipo12!
2024-01-31 02:45:50,489 - EXECUT - INFO - received weights from trainer statipo18!
2024-01-31 02:45:51,073 - EXECUT - INFO - sent aggregated weights to trainers!
2024-01-31 02:45:51,351 - METRIC - INFO - statipo17 loss: 0.3270796537399292 - accuracy: 0.8990384340286255
2024-01-31 02:45:51,353 - METRIC - INFO - statipo18 loss: 0.08457855135202408 - accuracy: 0.982758641242981
2024-01-31 02:45:51,366 - METRIC - INFO - statipo15 loss: 0.5965450406074524 - accuracy: 0.8373983502388
2024-01-31 02:45:51,382 - METRIC - INFO - statipo16 loss: 0.14436663687229156 - accuracy: 0.9589442610740662
2024-01-31 02:45:51,402 - METRIC - INFO - statipo11 loss: 0.3270796537399292 - accuracy: 0.8990384340286255
2024-01-31 02:45:51,413 - METRIC - INFO - statipo19 loss: 0.4551173746585846 - accuracy: 0.8166666626930237
2024-01-31 02:45:51,418 - METRIC - INFO - statipo13 loss: 0.4551173746585846 - accuracy: 0.8166666626930237
2024-01-31 02:45:51,421 - METRIC - INFO - statipo21 loss: 0.1439506560564041 - accuracy: 0.9435028433799744
2024-01-31 02:45:51,459 - METRIC - INFO - statipo12 loss: 0.09861139208078384 - accuracy: 0.977011501789093
2024-01-31 02:45:51,497 - METRIC - INFO - statipo14 loss: 0.06274665147066116 - accuracy: 0.9759886860847473
2024-01-31 02:45:52,074 - METRIC - INFO - mean_accuracy: 0.910701447725296

2024-01-31 02:45:52,074 - METRIC - INFO - round: 38
2024-01-31 02:45:52,074 - METRIC - INFO - selected_trainers: statipo14 - statipo19 - statipo16 - statipo15
2024-01-31 02:45:53,360 - EXECUT - INFO - received weights from trainer statipo15!
2024-01-31 02:45:53,456 - EXECUT - INFO - received weights from trainer statipo16!
2024-01-31 02:45:53,542 - EXECUT - INFO - received weights from trainer statipo14!
2024-01-31 02:45:53,600 - EXECUT - INFO - received weights from trainer statipo19!
2024-01-31 02:45:54,194 - EXECUT - INFO - sent aggregated weights to trainers!
2024-01-31 02:45:54,416 - METRIC - INFO - statipo18 loss: 0.15391942858695984 - accuracy: 0.9559386968612671
2024-01-31 02:45:54,430 - METRIC - INFO - statipo14 loss: 0.025669224560260773 - accuracy: 0.9901130199432373
2024-01-31 02:45:54,446 - METRIC - INFO - statipo12 loss: 0.15391942858695984 - accuracy: 0.9559386968612671
2024-01-31 02:45:54,458 - METRIC - INFO - statipo17 loss: 0.7536711096763611 - accuracy: 0.8349359035491943
2024-01-31 02:45:54,467 - METRIC - INFO - statipo15 loss: 0.10698610544204712 - accuracy: 0.9642276167869568
2024-01-31 02:45:54,472 - METRIC - INFO - statipo11 loss: 0.7536711096763611 - accuracy: 0.8349359035491943
2024-01-31 02:45:54,479 - METRIC - INFO - statipo21 loss: 0.11538144201040268 - accuracy: 0.9562146663665771
2024-01-31 02:45:54,483 - METRIC - INFO - statipo16 loss: 0.09404250234365463 - accuracy: 0.9706745147705078
2024-01-31 02:45:54,487 - METRIC - INFO - statipo19 loss: 0.2679878771305084 - accuracy: 0.8974359035491943
2024-01-31 02:45:54,540 - METRIC - INFO - statipo13 loss: 0.728843629360199 - accuracy: 0.7589743733406067
2024-01-31 02:45:55,195 - METRIC - INFO - mean_accuracy: 0.9119389295578003

2024-01-31 02:45:55,195 - METRIC - INFO - round: 39
2024-01-31 02:45:55,195 - METRIC - INFO - selected_trainers: statipo13 - statipo15 - statipo16 - statipo17
2024-01-31 02:45:56,397 - EXECUT - INFO - received weights from trainer statipo15!
2024-01-31 02:45:56,452 - EXECUT - INFO - received weights from trainer statipo17!
2024-01-31 02:45:56,575 - EXECUT - INFO - received weights from trainer statipo13!
2024-01-31 02:45:56,658 - EXECUT - INFO - received weights from trainer statipo16!
2024-01-31 02:45:57,322 - EXECUT - INFO - sent aggregated weights to trainers!
2024-01-31 02:45:57,523 - METRIC - INFO - statipo12 loss: 0.21017156541347504 - accuracy: 0.9348658919334412
2024-01-31 02:45:57,538 - METRIC - INFO - statipo15 loss: 0.09373871982097626 - accuracy: 0.9674796462059021
2024-01-31 02:45:57,568 - METRIC - INFO - statipo19 loss: 0.4424096941947937 - accuracy: 0.8128204941749573
2024-01-31 02:45:57,571 - METRIC - INFO - statipo17 loss: 0.0631171464920044 - accuracy: 0.9839743375778198
2024-01-31 02:45:57,576 - METRIC - INFO - statipo14 loss: 0.11566881090402603 - accuracy: 0.9491525292396545
2024-01-31 02:45:57,578 - METRIC - INFO - statipo11 loss: 0.8933082222938538 - accuracy: 0.8125
2024-01-31 02:45:57,581 - METRIC - INFO - statipo16 loss: 0.10531257092952728 - accuracy: 0.9574779868125916
2024-01-31 02:45:57,593 - METRIC - INFO - statipo13 loss: 0.09247921407222748 - accuracy: 0.9653846025466919
2024-01-31 02:45:57,604 - METRIC - INFO - statipo18 loss: 0.21017156541347504 - accuracy: 0.9348658919334412
2024-01-31 02:45:57,651 - METRIC - INFO - statipo21 loss: 0.11566881090402603 - accuracy: 0.9491525292396545
2024-01-31 02:45:58,322 - METRIC - INFO - mean_accuracy: 0.9267673909664154

2024-01-31 02:45:58,323 - METRIC - INFO - round: 40
2024-01-31 02:45:58,323 - METRIC - INFO - selected_trainers: statipo18 - statipo21 - statipo15 - statipo13
2024-01-31 02:45:59,508 - EXECUT - INFO - received weights from trainer statipo18!
2024-01-31 02:45:59,724 - EXECUT - INFO - received weights from trainer statipo21!
2024-01-31 02:45:59,792 - EXECUT - INFO - received weights from trainer statipo13!
2024-01-31 02:45:59,849 - EXECUT - INFO - received weights from trainer statipo15!
2024-01-31 02:46:00,448 - EXECUT - INFO - sent aggregated weights to trainers!
2024-01-31 02:46:00,685 - METRIC - INFO - statipo18 loss: 0.09599552303552628 - accuracy: 0.9789271950721741
2024-01-31 02:46:00,686 - METRIC - INFO - statipo17 loss: 0.5502098798751831 - accuracy: 0.8509615659713745
2024-01-31 02:46:00,698 - METRIC - INFO - statipo12 loss: 0.25213807821273804 - accuracy: 0.9291187524795532
2024-01-31 02:46:00,713 - METRIC - INFO - statipo11 loss: 0.5502098798751831 - accuracy: 0.8509615659713745
2024-01-31 02:46:00,718 - METRIC - INFO - statipo16 loss: 0.5293777585029602 - accuracy: 0.829912006855011
2024-01-31 02:46:00,721 - METRIC - INFO - statipo21 loss: 0.029727838933467865 - accuracy: 0.9872881174087524
2024-01-31 02:46:00,721 - METRIC - INFO - statipo15 loss: 0.06349488347768784 - accuracy: 0.9739837646484375
2024-01-31 02:46:00,731 - METRIC - INFO - statipo19 loss: 0.2742520570755005 - accuracy: 0.8820512890815735
2024-01-31 02:46:00,735 - METRIC - INFO - statipo13 loss: 0.1386207789182663 - accuracy: 0.9384615421295166
2024-01-31 02:46:00,745 - METRIC - INFO - statipo14 loss: 0.23957082629203796 - accuracy: 0.901129961013794
2024-01-31 02:46:01,449 - METRIC - INFO - mean_accuracy: 0.9122795760631561

2024-01-31 02:46:01,450 - METRIC - INFO - round: 41
2024-01-31 02:46:01,450 - METRIC - INFO - selected_trainers: statipo17 - statipo19 - statipo18 - statipo12
2024-01-31 02:46:02,627 - EXECUT - INFO - received weights from trainer statipo12!
2024-01-31 02:46:02,864 - EXECUT - INFO - received weights from trainer statipo19!
2024-01-31 02:46:02,931 - EXECUT - INFO - received weights from trainer statipo18!
2024-01-31 02:46:02,987 - EXECUT - INFO - received weights from trainer statipo17!
2024-01-31 02:46:03,541 - EXECUT - INFO - sent aggregated weights to trainers!
2024-01-31 02:46:03,771 - METRIC - INFO - statipo18 loss: 0.10228293389081955 - accuracy: 0.982758641242981
2024-01-31 02:46:03,771 - METRIC - INFO - statipo15 loss: 0.2915898859500885 - accuracy: 0.9170731902122498
2024-01-31 02:46:03,775 - METRIC - INFO - statipo21 loss: 0.14446894824504852 - accuracy: 0.9364407062530518
2024-01-31 02:46:03,779 - METRIC - INFO - statipo16 loss: 0.6828179955482483 - accuracy: 0.7991202473640442
2024-01-31 02:46:03,791 - METRIC - INFO - statipo11 loss: 0.6918322443962097 - accuracy: 0.8269230723381042
2024-01-31 02:46:03,793 - METRIC - INFO - statipo17 loss: 0.05703675001859665 - accuracy: 0.9839743375778198
2024-01-31 02:46:03,794 - METRIC - INFO - statipo19 loss: 0.07302288711071014 - accuracy: 0.9679487347602844
2024-01-31 02:46:03,796 - METRIC - INFO - statipo14 loss: 0.14446894824504852 - accuracy: 0.9364407062530518
2024-01-31 02:46:03,799 - METRIC - INFO - statipo13 loss: 0.28820931911468506 - accuracy: 0.8679487109184265
2024-01-31 02:46:03,799 - METRIC - INFO - statipo12 loss: 0.081307552754879 - accuracy: 0.9808428883552551
2024-01-31 02:46:04,542 - METRIC - INFO - mean_accuracy: 0.9199471235275268

2024-01-31 02:46:04,543 - METRIC - INFO - round: 42
2024-01-31 02:46:04,543 - METRIC - INFO - selected_trainers: statipo12 - statipo19 - statipo15 - statipo18
2024-01-31 02:46:05,799 - EXECUT - INFO - received weights from trainer statipo15!
2024-01-31 02:46:05,962 - EXECUT - INFO - received weights from trainer statipo19!
2024-01-31 02:46:06,042 - EXECUT - INFO - received weights from trainer statipo18!
2024-01-31 02:46:06,100 - EXECUT - INFO - received weights from trainer statipo12!
2024-01-31 02:46:06,668 - EXECUT - INFO - sent aggregated weights to trainers!
2024-01-31 02:46:06,858 - METRIC - INFO - statipo19 loss: 0.08251143246889114 - accuracy: 0.9628205299377441
2024-01-31 02:46:06,941 - METRIC - INFO - statipo15 loss: 0.06704091280698776 - accuracy: 0.9723577499389648
2024-01-31 02:46:06,943 - METRIC - INFO - statipo18 loss: 0.09446872770786285 - accuracy: 0.9808428883552551
2024-01-31 02:46:06,950 - METRIC - INFO - statipo21 loss: 0.35099947452545166 - accuracy: 0.8587570786476135
2024-01-31 02:46:06,959 - METRIC - INFO - statipo12 loss: 0.09700196981430054 - accuracy: 0.9789271950721741
2024-01-31 02:46:06,975 - METRIC - INFO - statipo16 loss: 1.0145710706710815 - accuracy: 0.7390029430389404
2024-01-31 02:46:06,978 - METRIC - INFO - statipo13 loss: 0.22267276048660278 - accuracy: 0.8987179398536682
2024-01-31 02:46:06,989 - METRIC - INFO - statipo11 loss: 0.42049604654312134 - accuracy: 0.8733974099159241
2024-01-31 02:46:06,996 - METRIC - INFO - statipo14 loss: 0.35099947452545166 - accuracy: 0.8587570786476135
2024-01-31 02:46:07,014 - METRIC - INFO - statipo17 loss: 0.42049604654312134 - accuracy: 0.8733974099159241
2024-01-31 02:46:07,670 - METRIC - INFO - mean_accuracy: 0.8996978223323822

2024-01-31 02:46:07,670 - METRIC - INFO - round: 43
2024-01-31 02:46:07,670 - METRIC - INFO - selected_trainers: statipo18 - statipo16 - statipo19 - statipo11
2024-01-31 02:46:08,863 - EXECUT - INFO - received weights from trainer statipo11!
2024-01-31 02:46:09,010 - EXECUT - INFO - received weights from trainer statipo16!
2024-01-31 02:46:09,068 - EXECUT - INFO - received weights from trainer statipo19!
2024-01-31 02:46:09,134 - EXECUT - INFO - received weights from trainer statipo18!
2024-01-31 02:46:09,764 - EXECUT - INFO - sent aggregated weights to trainers!
2024-01-31 02:46:09,971 - METRIC - INFO - statipo15 loss: 0.2419539839029312 - accuracy: 0.9268292784690857
2024-01-31 02:46:09,990 - METRIC - INFO - statipo12 loss: 0.1093454360961914 - accuracy: 0.977011501789093
2024-01-31 02:46:10,002 - METRIC - INFO - statipo14 loss: 0.5577681660652161 - accuracy: 0.8163841962814331
2024-01-31 02:46:10,016 - METRIC - INFO - statipo19 loss: 0.09080033004283905 - accuracy: 0.9653846025466919
2024-01-31 02:46:10,027 - METRIC - INFO - statipo16 loss: 0.0938936173915863 - accuracy: 0.9648093581199646
2024-01-31 02:46:10,032 - METRIC - INFO - statipo18 loss: 0.10336560010910034 - accuracy: 0.9789271950721741
2024-01-31 02:46:10,034 - METRIC - INFO - statipo11 loss: 0.06545726209878922 - accuracy: 0.9855769276618958
2024-01-31 02:46:10,040 - METRIC - INFO - statipo21 loss: 0.5577681660652161 - accuracy: 0.8163841962814331
2024-01-31 02:46:10,043 - METRIC - INFO - statipo13 loss: 0.16207300126552582 - accuracy: 0.9205127954483032
2024-01-31 02:46:10,069 - METRIC - INFO - statipo17 loss: 0.49361833930015564 - accuracy: 0.8637820482254028
2024-01-31 02:46:10,765 - METRIC - INFO - mean_accuracy: 0.9215602099895477

2024-01-31 02:46:10,766 - METRIC - INFO - round: 44
2024-01-31 02:46:10,766 - METRIC - INFO - selected_trainers: statipo16 - statipo19 - statipo15 - statipo17
2024-01-31 02:46:12,019 - EXECUT - INFO - received weights from trainer statipo15!
2024-01-31 02:46:12,172 - EXECUT - INFO - received weights from trainer statipo19!
2024-01-31 02:46:12,265 - EXECUT - INFO - received weights from trainer statipo16!
2024-01-31 02:46:12,324 - EXECUT - INFO - received weights from trainer statipo17!
2024-01-31 02:46:12,856 - EXECUT - INFO - sent aggregated weights to trainers!
2024-01-31 02:46:13,077 - METRIC - INFO - statipo14 loss: 0.7028558850288391 - accuracy: 0.7937853336334229
2024-01-31 02:46:13,081 - METRIC - INFO - statipo12 loss: 0.11655842512845993 - accuracy: 0.9712643623352051
2024-01-31 02:46:13,094 - METRIC - INFO - statipo15 loss: 0.08090896159410477 - accuracy: 0.9788618087768555
2024-01-31 02:46:13,114 - METRIC - INFO - statipo18 loss: 0.11655842512845993 - accuracy: 0.9712643623352051
2024-01-31 02:46:13,123 - METRIC - INFO - statipo17 loss: 0.06369952857494354 - accuracy: 0.9855769276618958
2024-01-31 02:46:13,139 - METRIC - INFO - statipo19 loss: 0.07364103198051453 - accuracy: 0.9705128073692322
2024-01-31 02:46:13,148 - METRIC - INFO - statipo16 loss: 0.08913548290729523 - accuracy: 0.9765396118164062
2024-01-31 02:46:13,157 - METRIC - INFO - statipo21 loss: 0.7028558850288391 - accuracy: 0.7937853336334229
2024-01-31 02:46:13,167 - METRIC - INFO - statipo11 loss: 0.4782852232456207 - accuracy: 0.879807710647583
2024-01-31 02:46:13,176 - METRIC - INFO - statipo13 loss: 0.1624266654253006 - accuracy: 0.9269230961799622
2024-01-31 02:46:13,857 - METRIC - INFO - mean_accuracy: 0.9248321354389191

2024-01-31 02:46:13,857 - METRIC - INFO - round: 45
2024-01-31 02:46:13,858 - METRIC - INFO - selected_trainers: statipo12 - statipo16 - statipo13 - statipo14
2024-01-31 02:46:15,204 - EXECUT - INFO - received weights from trainer statipo16!
2024-01-31 02:46:15,265 - EXECUT - INFO - received weights from trainer statipo14!
2024-01-31 02:46:15,321 - EXECUT - INFO - received weights from trainer statipo13!
2024-01-31 02:46:15,376 - EXECUT - INFO - received weights from trainer statipo12!
2024-01-31 02:46:15,948 - EXECUT - INFO - sent aggregated weights to trainers!
2024-01-31 02:46:16,108 - METRIC - INFO - statipo18 loss: 0.17903456091880798 - accuracy: 0.9501915574073792
2024-01-31 02:46:16,192 - METRIC - INFO - statipo16 loss: 0.12322534620761871 - accuracy: 0.9589442610740662
2024-01-31 02:46:16,194 - METRIC - INFO - statipo12 loss: 0.08578614890575409 - accuracy: 0.984674334526062
2024-01-31 02:46:16,204 - METRIC - INFO - statipo11 loss: 0.3757000267505646 - accuracy: 0.9038461446762085
2024-01-31 02:46:16,205 - METRIC - INFO - statipo21 loss: 0.8114629983901978 - accuracy: 0.7740113139152527
2024-01-31 02:46:16,209 - METRIC - INFO - statipo17 loss: 0.3757000267505646 - accuracy: 0.9038461446762085
2024-01-31 02:46:16,221 - METRIC - INFO - statipo13 loss: 0.391305536031723 - accuracy: 0.8897435665130615
2024-01-31 02:46:16,224 - METRIC - INFO - statipo15 loss: 0.33399897813796997 - accuracy: 0.9121951460838318
2024-01-31 02:46:16,234 - METRIC - INFO - statipo14 loss: 0.042040012776851654 - accuracy: 0.9830508232116699
2024-01-31 02:46:16,236 - METRIC - INFO - statipo19 loss: 0.168799489736557 - accuracy: 0.9179487228393555
2024-01-31 02:46:16,949 - METRIC - INFO - mean_accuracy: 0.9178452014923095

2024-01-31 02:46:16,949 - METRIC - INFO - round: 46
2024-01-31 02:46:16,949 - METRIC - INFO - selected_trainers: statipo18 - statipo11 - statipo15 - statipo14
2024-01-31 02:46:18,093 - EXECUT - INFO - received weights from trainer statipo15!
2024-01-31 02:46:18,174 - EXECUT - INFO - received weights from trainer statipo14!
2024-01-31 02:46:18,442 - EXECUT - INFO - received weights from trainer statipo18!
2024-01-31 02:46:18,493 - EXECUT - INFO - received weights from trainer statipo11!
2024-01-31 02:46:19,039 - EXECUT - INFO - sent aggregated weights to trainers!
2024-01-31 02:46:19,256 - METRIC - INFO - statipo19 loss: 0.2952500879764557 - accuracy: 0.8756410479545593
2024-01-31 02:46:19,269 - METRIC - INFO - statipo18 loss: 0.0848369300365448 - accuracy: 0.9789271950721741
2024-01-31 02:46:19,310 - METRIC - INFO - statipo14 loss: 0.03422229364514351 - accuracy: 0.9872881174087524
2024-01-31 02:46:19,319 - METRIC - INFO - statipo17 loss: 0.7850784063339233 - accuracy: 0.8317307829856873
2024-01-31 02:46:19,324 - METRIC - INFO - statipo12 loss: 0.17967042326927185 - accuracy: 0.9444444179534912
2024-01-31 02:46:19,351 - METRIC - INFO - statipo13 loss: 0.2952500879764557 - accuracy: 0.8756410479545593
2024-01-31 02:46:19,354 - METRIC - INFO - statipo16 loss: 0.4584914743900299 - accuracy: 0.8636363744735718
2024-01-31 02:46:19,365 - METRIC - INFO - statipo15 loss: 0.05701599270105362 - accuracy: 0.9772357940673828
2024-01-31 02:46:19,365 - METRIC - INFO - statipo11 loss: 0.06562495231628418 - accuracy: 0.9839743375778198
2024-01-31 02:46:19,373 - METRIC - INFO - statipo21 loss: 0.20561479032039642 - accuracy: 0.9180790781974792
2024-01-31 02:46:20,041 - METRIC - INFO - mean_accuracy: 0.9236598193645478

2024-01-31 02:46:20,041 - METRIC - INFO - round: 47
2024-01-31 02:46:20,041 - METRIC - INFO - selected_trainers: statipo16 - statipo21 - statipo18 - statipo15
2024-01-31 02:46:21,081 - EXECUT - INFO - received weights from trainer statipo18!
2024-01-31 02:46:21,277 - EXECUT - INFO - received weights from trainer statipo16!
2024-01-31 02:46:21,334 - EXECUT - INFO - received weights from trainer statipo21!
2024-01-31 02:46:21,492 - EXECUT - INFO - received weights from trainer statipo15!
2024-01-31 02:46:22,191 - EXECUT - INFO - sent aggregated weights to trainers!
2024-01-31 02:46:22,387 - METRIC - INFO - statipo15 loss: 0.04527744650840759 - accuracy: 0.9788618087768555
2024-01-31 02:46:22,409 - METRIC - INFO - statipo14 loss: 0.11263016611337662 - accuracy: 0.9661017060279846
2024-01-31 02:46:22,446 - METRIC - INFO - statipo13 loss: 0.5201264023780823 - accuracy: 0.8038461804389954
2024-01-31 02:46:22,448 - METRIC - INFO - statipo12 loss: 0.1819230318069458 - accuracy: 0.9444444179534912
2024-01-31 02:46:22,451 - METRIC - INFO - statipo16 loss: 0.0866990014910698 - accuracy: 0.9750733375549316
2024-01-31 02:46:22,456 - METRIC - INFO - statipo21 loss: 0.028707589954137802 - accuracy: 0.991525411605835
2024-01-31 02:46:22,461 - METRIC - INFO - statipo19 loss: 0.5201264023780823 - accuracy: 0.8038461804389954
2024-01-31 02:46:22,465 - METRIC - INFO - statipo11 loss: 0.3481422960758209 - accuracy: 0.8910256624221802
2024-01-31 02:46:22,481 - METRIC - INFO - statipo17 loss: 0.3481422960758209 - accuracy: 0.8910256624221802
2024-01-31 02:46:22,489 - METRIC - INFO - statipo18 loss: 0.09581626206636429 - accuracy: 0.975095808506012
2024-01-31 02:46:23,192 - METRIC - INFO - mean_accuracy: 0.9220846176147461

2024-01-31 02:46:23,193 - METRIC - INFO - round: 48
2024-01-31 02:46:23,193 - METRIC - INFO - selected_trainers: statipo15 - statipo16 - statipo19 - statipo18
2024-01-31 02:46:24,228 - EXECUT - INFO - received weights from trainer statipo18!
2024-01-31 02:46:24,361 - EXECUT - INFO - received weights from trainer statipo15!
2024-01-31 02:46:24,517 - EXECUT - INFO - received weights from trainer statipo19!
2024-01-31 02:46:24,655 - EXECUT - INFO - received weights from trainer statipo16!
2024-01-31 02:46:25,312 - EXECUT - INFO - sent aggregated weights to trainers!
2024-01-31 02:46:25,537 - METRIC - INFO - statipo15 loss: 0.05232270434498787 - accuracy: 0.9788618087768555
2024-01-31 02:46:25,542 - METRIC - INFO - statipo18 loss: 0.09420793503522873 - accuracy: 0.977011501789093
2024-01-31 02:46:25,550 - METRIC - INFO - statipo21 loss: 0.08068236708641052 - accuracy: 0.9745762944221497
2024-01-31 02:46:25,555 - METRIC - INFO - statipo19 loss: 0.07811594754457474 - accuracy: 0.9730769395828247
2024-01-31 02:46:25,556 - METRIC - INFO - statipo17 loss: 0.5978946685791016 - accuracy: 0.8605769276618958
2024-01-31 02:46:25,556 - METRIC - INFO - statipo16 loss: 0.09801919758319855 - accuracy: 0.9692082405090332
2024-01-31 02:46:25,559 - METRIC - INFO - statipo13 loss: 0.644692599773407 - accuracy: 0.7833333611488342
2024-01-31 02:46:25,566 - METRIC - INFO - statipo14 loss: 0.08068236708641052 - accuracy: 0.9745762944221497
2024-01-31 02:46:25,567 - METRIC - INFO - statipo11 loss: 0.5978946685791016 - accuracy: 0.8605769276618958
2024-01-31 02:46:25,571 - METRIC - INFO - statipo12 loss: 0.20520438253879547 - accuracy: 0.9425287246704102
2024-01-31 02:46:26,314 - METRIC - INFO - mean_accuracy: 0.9294327020645141

2024-01-31 02:46:26,314 - METRIC - INFO - round: 49
2024-01-31 02:46:26,314 - METRIC - INFO - selected_trainers: statipo11 - statipo16 - statipo13 - statipo14
2024-01-31 02:46:27,604 - EXECUT - INFO - received weights from trainer statipo16!
2024-01-31 02:46:27,659 - EXECUT - INFO - received weights from trainer statipo14!
2024-01-31 02:46:27,715 - EXECUT - INFO - received weights from trainer statipo13!
2024-01-31 02:46:27,777 - EXECUT - INFO - received weights from trainer statipo11!
2024-01-31 02:46:28,440 - EXECUT - INFO - sent aggregated weights to trainers!
2024-01-31 02:46:28,605 - METRIC - INFO - statipo18 loss: 0.1455409973859787 - accuracy: 0.9559386968612671
2024-01-31 02:46:28,637 - METRIC - INFO - statipo19 loss: 0.34790948033332825 - accuracy: 0.8551282286643982
2024-01-31 02:46:28,646 - METRIC - INFO - statipo12 loss: 0.1455409973859787 - accuracy: 0.9559386968612671
2024-01-31 02:46:28,679 - METRIC - INFO - statipo13 loss: 0.14777208864688873 - accuracy: 0.942307710647583
2024-01-31 02:46:28,681 - METRIC - INFO - statipo14 loss: 0.03893579542636871 - accuracy: 0.9887005686759949
2024-01-31 02:46:28,682 - METRIC - INFO - statipo15 loss: 0.26523739099502563 - accuracy: 0.9284552931785583
2024-01-31 02:46:28,687 - METRIC - INFO - statipo11 loss: 0.061668310314416885 - accuracy: 0.9823718070983887
2024-01-31 02:46:28,698 - METRIC - INFO - statipo16 loss: 0.08119070529937744 - accuracy: 0.9721407890319824
2024-01-31 02:46:28,718 - METRIC - INFO - statipo17 loss: 0.752631664276123 - accuracy: 0.8381410241127014
2024-01-31 02:46:28,724 - METRIC - INFO - statipo21 loss: 0.15646350383758545 - accuracy: 0.9378530979156494
2024-01-31 02:46:29,441 - METRIC - INFO - mean_accuracy: 0.935697591304779

2024-01-31 02:46:29,442 - METRIC - INFO - round: 50
2024-01-31 02:46:29,442 - METRIC - INFO - selected_trainers: statipo21 - statipo13 - statipo12 - statipo14
2024-01-31 02:46:30,770 - EXECUT - INFO - received weights from trainer statipo14!
2024-01-31 02:46:30,829 - EXECUT - INFO - received weights from trainer statipo21!
2024-01-31 02:46:30,882 - EXECUT - INFO - received weights from trainer statipo13!
2024-01-31 02:46:30,937 - EXECUT - INFO - received weights from trainer statipo12!
2024-01-31 02:46:31,563 - EXECUT - INFO - sent aggregated weights to trainers!
2024-01-31 02:46:31,745 - METRIC - INFO - statipo12 loss: 0.0839434266090393 - accuracy: 0.9789271950721741
2024-01-31 02:46:31,763 - METRIC - INFO - statipo15 loss: 0.42443421483039856 - accuracy: 0.8894308805465698
2024-01-31 02:46:31,801 - METRIC - INFO - statipo19 loss: 0.2349681556224823 - accuracy: 0.892307698726654
2024-01-31 02:46:31,802 - METRIC - INFO - statipo14 loss: 0.03179213032126427 - accuracy: 0.9901130199432373
2024-01-31 02:46:31,816 - METRIC - INFO - statipo13 loss: 0.1560007780790329 - accuracy: 0.9371795058250427
2024-01-31 02:46:31,822 - METRIC - INFO - statipo16 loss: 0.36667174100875854 - accuracy: 0.8797653913497925
2024-01-31 02:46:31,827 - METRIC - INFO - statipo17 loss: 0.550593912601471 - accuracy: 0.8717948794364929
2024-01-31 02:46:31,828 - METRIC - INFO - statipo18 loss: 0.19185711443424225 - accuracy: 0.946360170841217
2024-01-31 02:46:31,833 - METRIC - INFO - statipo11 loss: 0.550593912601471 - accuracy: 0.8717948794364929
2024-01-31 02:46:31,841 - METRIC - INFO - statipo21 loss: 0.03517169877886772 - accuracy: 0.9844632744789124
2024-01-31 02:46:32,565 - METRIC - INFO - mean_accuracy: 0.9242136895656585

2024-01-31 02:46:32,566 - METRIC - INFO - stop_condition: rounds
