2024-01-31 02:38:58,948 - EXECUT - INFO - starting server...
2024-01-31 02:39:15,469 - EXECUT - INFO - trainer number statipo18 just joined the pool
2024-01-31 02:39:15,509 - EXECUT - INFO - trainer number statipo17 just joined the pool
2024-01-31 02:39:15,509 - EXECUT - INFO - trainer number statipo11 just joined the pool
2024-01-31 02:39:15,510 - EXECUT - INFO - trainer number statipo14 just joined the pool
2024-01-31 02:39:15,510 - EXECUT - INFO - trainer number statipo15 just joined the pool
2024-01-31 02:39:15,547 - EXECUT - INFO - trainer number statipo19 just joined the pool
2024-01-31 02:39:15,549 - EXECUT - INFO - trainer number statipo16 just joined the pool
2024-01-31 02:39:15,551 - EXECUT - INFO - trainer number statipo13 just joined the pool
2024-01-31 02:39:15,558 - EXECUT - INFO - trainer number statipo12 just joined the pool
2024-01-31 02:39:15,576 - EXECUT - INFO - trainer number statipo21 just joined the pool
2024-01-31 02:39:15,965 - METRIC - INFO - round: 1
2024-01-31 02:39:15,965 - METRIC - INFO - selected_trainers: statipo18 - statipo17 - statipo11 - statipo14 - statipo15 - statipo19 - statipo16 - statipo13 - statipo12 - statipo21
2024-01-31 02:39:18,768 - EXECUT - INFO - received weights from trainer statipo18!
2024-01-31 02:39:18,993 - EXECUT - INFO - received weights from trainer statipo19!
2024-01-31 02:39:19,169 - EXECUT - INFO - received weights from trainer statipo17!
2024-01-31 02:39:19,371 - EXECUT - INFO - received weights from trainer statipo14!
2024-01-31 02:39:19,428 - EXECUT - INFO - received weights from trainer statipo11!
2024-01-31 02:39:19,482 - EXECUT - INFO - received weights from trainer statipo15!
2024-01-31 02:39:19,536 - EXECUT - INFO - received weights from trainer statipo21!
2024-01-31 02:39:19,588 - EXECUT - INFO - received weights from trainer statipo13!
2024-01-31 02:39:19,641 - EXECUT - INFO - received weights from trainer statipo12!
2024-01-31 02:39:19,689 - EXECUT - INFO - received weights from trainer statipo16!
2024-01-31 02:39:20,081 - EXECUT - INFO - sent aggregated weights to trainers!
2024-01-31 02:39:20,194 - METRIC - INFO - statipo12 loss: 0.740973174571991 - accuracy: 0.7547892928123474
2024-01-31 02:39:20,243 - METRIC - INFO - statipo16 loss: 1.4551048278808594 - accuracy: 0.4164222776889801
2024-01-31 02:39:20,250 - METRIC - INFO - statipo11 loss: 0.11395993828773499 - accuracy: 0.9663461446762085
2024-01-31 02:39:20,259 - METRIC - INFO - statipo18 loss: 1.1884219646453857 - accuracy: 0.5977011322975159
2024-01-31 02:39:20,264 - METRIC - INFO - statipo19 loss: nan - accuracy: 0.32692307233810425
2024-01-31 02:39:20,268 - METRIC - INFO - statipo14 loss: 0.11087426543235779 - accuracy: 0.9604519605636597
2024-01-31 02:39:20,270 - METRIC - INFO - statipo17 loss: 0.1533629149198532 - accuracy: 0.9535256624221802
2024-01-31 02:39:20,279 - METRIC - INFO - statipo15 loss: 0.1236821711063385 - accuracy: 0.9609755873680115
2024-01-31 02:39:20,299 - METRIC - INFO - statipo21 loss: 0.1458052396774292 - accuracy: 0.950564980506897
2024-01-31 02:39:20,302 - METRIC - INFO - statipo13 loss: 1.0779626369476318 - accuracy: 0.535897433757782
2024-01-31 02:39:21,082 - METRIC - INFO - mean_accuracy: 0.7423597544431686

2024-01-31 02:39:21,083 - METRIC - INFO - round: 2
2024-01-31 02:39:21,083 - METRIC - INFO - selected_trainers: statipo18 - statipo17 - statipo11 - statipo14 - statipo15 - statipo19 - statipo16 - statipo13 - statipo12 - statipo21
2024-01-31 02:39:23,052 - EXECUT - INFO - received weights from trainer statipo18!
2024-01-31 02:39:23,626 - EXECUT - INFO - received weights from trainer statipo21!
2024-01-31 02:39:23,731 - EXECUT - INFO - received weights from trainer statipo16!
2024-01-31 02:39:23,750 - EXECUT - INFO - received weights from trainer statipo17!
2024-01-31 02:39:23,768 - EXECUT - INFO - received weights from trainer statipo14!
2024-01-31 02:39:23,786 - EXECUT - INFO - received weights from trainer statipo11!
2024-01-31 02:39:23,804 - EXECUT - INFO - received weights from trainer statipo15!
2024-01-31 02:39:23,821 - EXECUT - INFO - received weights from trainer statipo13!
2024-01-31 02:39:23,839 - EXECUT - INFO - received weights from trainer statipo19!
2024-01-31 02:39:23,856 - EXECUT - INFO - received weights from trainer statipo12!
2024-01-31 02:39:24,137 - EXECUT - INFO - sent aggregated weights to trainers!
2024-01-31 02:39:24,265 - METRIC - INFO - statipo17 loss: nan - accuracy: 0.3044871687889099
2024-01-31 02:39:24,291 - METRIC - INFO - statipo14 loss: nan - accuracy: 0.2923728823661804
2024-01-31 02:39:24,300 - METRIC - INFO - statipo18 loss: nan - accuracy: 0.25670498609542847
2024-01-31 02:39:24,301 - METRIC - INFO - statipo19 loss: nan - accuracy: 0.32692307233810425
2024-01-31 02:39:24,306 - METRIC - INFO - statipo16 loss: nan - accuracy: 0.3870967626571655
2024-01-31 02:39:24,319 - METRIC - INFO - statipo21 loss: nan - accuracy: 0.2923728823661804
2024-01-31 02:39:24,321 - METRIC - INFO - statipo13 loss: nan - accuracy: 0.32692307233810425
2024-01-31 02:39:24,327 - METRIC - INFO - statipo12 loss: nan - accuracy: 0.25670498609542847
2024-01-31 02:39:24,343 - METRIC - INFO - statipo11 loss: nan - accuracy: 0.3044871687889099
2024-01-31 02:39:24,344 - METRIC - INFO - statipo15 loss: nan - accuracy: 0.30243903398513794
2024-01-31 02:39:25,138 - METRIC - INFO - mean_accuracy: 0.305051201581955

2024-01-31 02:39:25,139 - METRIC - INFO - round: 3
2024-01-31 02:39:25,139 - METRIC - INFO - selected_trainers: statipo18 - statipo17 - statipo11 - statipo14 - statipo15 - statipo19 - statipo16 - statipo13 - statipo12 - statipo21
2024-01-31 02:39:27,502 - EXECUT - INFO - received weights from trainer statipo14!
2024-01-31 02:39:27,697 - EXECUT - INFO - received weights from trainer statipo19!
2024-01-31 02:39:27,716 - EXECUT - INFO - received weights from trainer statipo11!
2024-01-31 02:39:27,735 - EXECUT - INFO - received weights from trainer statipo16!
2024-01-31 02:39:27,795 - EXECUT - INFO - received weights from trainer statipo17!
2024-01-31 02:39:27,813 - EXECUT - INFO - received weights from trainer statipo18!
2024-01-31 02:39:27,831 - EXECUT - INFO - received weights from trainer statipo21!
2024-01-31 02:39:27,849 - EXECUT - INFO - received weights from trainer statipo15!
2024-01-31 02:39:27,867 - EXECUT - INFO - received weights from trainer statipo13!
2024-01-31 02:39:27,884 - EXECUT - INFO - received weights from trainer statipo12!
2024-01-31 02:39:28,202 - EXECUT - INFO - sent aggregated weights to trainers!
2024-01-31 02:39:28,375 - METRIC - INFO - statipo14 loss: nan - accuracy: 0.2923728823661804
2024-01-31 02:39:28,380 - METRIC - INFO - statipo18 loss: nan - accuracy: 0.25670498609542847
2024-01-31 02:39:28,381 - METRIC - INFO - statipo17 loss: nan - accuracy: 0.3044871687889099
2024-01-31 02:39:28,382 - METRIC - INFO - statipo12 loss: nan - accuracy: 0.25670498609542847
2024-01-31 02:39:28,406 - METRIC - INFO - statipo15 loss: nan - accuracy: 0.30243903398513794
2024-01-31 02:39:28,409 - METRIC - INFO - statipo19 loss: nan - accuracy: 0.32692307233810425
2024-01-31 02:39:28,410 - METRIC - INFO - statipo13 loss: nan - accuracy: 0.32692307233810425
2024-01-31 02:39:28,425 - METRIC - INFO - statipo11 loss: nan - accuracy: 0.3044871687889099
2024-01-31 02:39:28,468 - METRIC - INFO - statipo21 loss: nan - accuracy: 0.2923728823661804
2024-01-31 02:39:28,470 - METRIC - INFO - statipo16 loss: nan - accuracy: 0.3870967626571655
2024-01-31 02:39:29,203 - METRIC - INFO - mean_accuracy: 0.305051201581955

2024-01-31 02:39:29,203 - METRIC - INFO - round: 4
2024-01-31 02:39:29,203 - METRIC - INFO - selected_trainers: statipo18 - statipo17 - statipo11 - statipo14 - statipo15 - statipo19 - statipo16 - statipo13 - statipo12 - statipo21
2024-01-31 02:39:31,320 - EXECUT - INFO - received weights from trainer statipo11!
2024-01-31 02:39:31,464 - EXECUT - INFO - received weights from trainer statipo15!
2024-01-31 02:39:31,796 - EXECUT - INFO - received weights from trainer statipo14!
2024-01-31 02:39:31,874 - EXECUT - INFO - received weights from trainer statipo16!
2024-01-31 02:39:31,895 - EXECUT - INFO - received weights from trainer statipo19!
2024-01-31 02:39:31,916 - EXECUT - INFO - received weights from trainer statipo12!
2024-01-31 02:39:31,936 - EXECUT - INFO - received weights from trainer statipo21!
2024-01-31 02:39:31,956 - EXECUT - INFO - received weights from trainer statipo18!
2024-01-31 02:39:31,975 - EXECUT - INFO - received weights from trainer statipo13!
2024-01-31 02:39:31,994 - EXECUT - INFO - received weights from trainer statipo17!
2024-01-31 02:39:32,260 - EXECUT - INFO - sent aggregated weights to trainers!
2024-01-31 02:39:32,403 - METRIC - INFO - statipo17 loss: nan - accuracy: 0.3044871687889099
2024-01-31 02:39:32,411 - METRIC - INFO - statipo16 loss: nan - accuracy: 0.3870967626571655
2024-01-31 02:39:32,413 - METRIC - INFO - statipo21 loss: nan - accuracy: 0.2923728823661804
2024-01-31 02:39:32,419 - METRIC - INFO - statipo15 loss: nan - accuracy: 0.30243903398513794
2024-01-31 02:39:32,439 - METRIC - INFO - statipo13 loss: nan - accuracy: 0.32692307233810425
2024-01-31 02:39:32,440 - METRIC - INFO - statipo11 loss: nan - accuracy: 0.3044871687889099
2024-01-31 02:39:32,441 - METRIC - INFO - statipo14 loss: nan - accuracy: 0.2923728823661804
2024-01-31 02:39:32,442 - METRIC - INFO - statipo19 loss: nan - accuracy: 0.32692307233810425
2024-01-31 02:39:32,444 - METRIC - INFO - statipo12 loss: nan - accuracy: 0.25670498609542847
2024-01-31 02:39:32,446 - METRIC - INFO - statipo18 loss: nan - accuracy: 0.25670498609542847
2024-01-31 02:39:33,262 - METRIC - INFO - mean_accuracy: 0.305051201581955

2024-01-31 02:39:33,262 - METRIC - INFO - round: 5
2024-01-31 02:39:33,263 - METRIC - INFO - selected_trainers: statipo18 - statipo17 - statipo11 - statipo14 - statipo15 - statipo19 - statipo16 - statipo13 - statipo12 - statipo21
2024-01-31 02:39:35,570 - EXECUT - INFO - received weights from trainer statipo17!
2024-01-31 02:39:35,676 - EXECUT - INFO - received weights from trainer statipo18!
2024-01-31 02:39:35,859 - EXECUT - INFO - received weights from trainer statipo19!
2024-01-31 02:39:35,931 - EXECUT - INFO - received weights from trainer statipo21!
2024-01-31 02:39:35,951 - EXECUT - INFO - received weights from trainer statipo11!
2024-01-31 02:39:35,990 - EXECUT - INFO - received weights from trainer statipo15!
2024-01-31 02:39:36,022 - EXECUT - INFO - received weights from trainer statipo12!
2024-01-31 02:39:36,062 - EXECUT - INFO - received weights from trainer statipo13!
2024-01-31 02:39:38,504 - EXECUT - INFO - received weights from trainer statipo16!
2024-01-31 02:39:38,522 - EXECUT - INFO - received weights from trainer statipo14!
2024-01-31 02:39:39,289 - EXECUT - INFO - sent aggregated weights to trainers!
2024-01-31 02:39:39,418 - METRIC - INFO - statipo15 loss: nan - accuracy: 0.30243903398513794
2024-01-31 02:39:39,437 - METRIC - INFO - statipo17 loss: nan - accuracy: 0.3044871687889099
2024-01-31 02:39:39,442 - METRIC - INFO - statipo14 loss: nan - accuracy: 0.2923728823661804
2024-01-31 02:39:39,445 - METRIC - INFO - statipo12 loss: nan - accuracy: 0.25670498609542847
2024-01-31 02:39:39,454 - METRIC - INFO - statipo18 loss: nan - accuracy: 0.25670498609542847
2024-01-31 02:39:39,468 - METRIC - INFO - statipo16 loss: nan - accuracy: 0.3870967626571655
2024-01-31 02:39:39,471 - METRIC - INFO - statipo21 loss: nan - accuracy: 0.2923728823661804
2024-01-31 02:39:39,472 - METRIC - INFO - statipo19 loss: nan - accuracy: 0.32692307233810425
2024-01-31 02:39:39,482 - METRIC - INFO - statipo13 loss: nan - accuracy: 0.32692307233810425
2024-01-31 02:39:39,505 - METRIC - INFO - statipo11 loss: nan - accuracy: 0.3044871687889099
2024-01-31 02:39:40,291 - METRIC - INFO - mean_accuracy: 0.305051201581955

2024-01-31 02:39:40,291 - METRIC - INFO - round: 6
2024-01-31 02:39:40,291 - METRIC - INFO - selected_trainers: statipo18 - statipo17 - statipo11 - statipo14 - statipo15 - statipo19 - statipo16 - statipo13 - statipo12 - statipo21
2024-01-31 02:39:42,656 - EXECUT - INFO - received weights from trainer statipo17!
2024-01-31 02:39:42,955 - EXECUT - INFO - received weights from trainer statipo18!
2024-01-31 02:39:42,977 - EXECUT - INFO - received weights from trainer statipo11!
2024-01-31 02:39:42,999 - EXECUT - INFO - received weights from trainer statipo14!
2024-01-31 02:39:43,021 - EXECUT - INFO - received weights from trainer statipo12!
2024-01-31 02:39:43,042 - EXECUT - INFO - received weights from trainer statipo16!
2024-01-31 02:39:43,062 - EXECUT - INFO - received weights from trainer statipo15!
2024-01-31 02:39:43,082 - EXECUT - INFO - received weights from trainer statipo21!
2024-01-31 02:39:43,160 - EXECUT - INFO - received weights from trainer statipo13!
2024-01-31 02:39:45,522 - EXECUT - INFO - received weights from trainer statipo19!
2024-01-31 02:39:46,322 - EXECUT - INFO - sent aggregated weights to trainers!
2024-01-31 02:39:46,427 - METRIC - INFO - statipo17 loss: nan - accuracy: 0.3044871687889099
2024-01-31 02:39:46,436 - METRIC - INFO - statipo18 loss: nan - accuracy: 0.25670498609542847
2024-01-31 02:39:46,469 - METRIC - INFO - statipo19 loss: nan - accuracy: 0.32692307233810425
2024-01-31 02:39:46,494 - METRIC - INFO - statipo16 loss: nan - accuracy: 0.3870967626571655
2024-01-31 02:39:46,498 - METRIC - INFO - statipo13 loss: nan - accuracy: 0.32692307233810425
2024-01-31 02:39:46,499 - METRIC - INFO - statipo15 loss: nan - accuracy: 0.30243903398513794
2024-01-31 02:39:46,501 - METRIC - INFO - statipo14 loss: nan - accuracy: 0.2923728823661804
2024-01-31 02:39:46,505 - METRIC - INFO - statipo21 loss: nan - accuracy: 0.2923728823661804
2024-01-31 02:39:46,521 - METRIC - INFO - statipo11 loss: nan - accuracy: 0.3044871687889099
2024-01-31 02:39:46,527 - METRIC - INFO - statipo12 loss: nan - accuracy: 0.25670498609542847
2024-01-31 02:39:47,323 - METRIC - INFO - mean_accuracy: 0.305051201581955

2024-01-31 02:39:47,323 - METRIC - INFO - round: 7
2024-01-31 02:39:47,323 - METRIC - INFO - selected_trainers: statipo18 - statipo17 - statipo11 - statipo14 - statipo15 - statipo19 - statipo16 - statipo13 - statipo12 - statipo21
2024-01-31 02:39:49,870 - EXECUT - INFO - received weights from trainer statipo11!
2024-01-31 02:39:50,013 - EXECUT - INFO - received weights from trainer statipo21!
2024-01-31 02:39:50,035 - EXECUT - INFO - received weights from trainer statipo18!
2024-01-31 02:39:50,057 - EXECUT - INFO - received weights from trainer statipo12!
2024-01-31 02:39:50,078 - EXECUT - INFO - received weights from trainer statipo16!
2024-01-31 02:39:50,099 - EXECUT - INFO - received weights from trainer statipo15!
2024-01-31 02:39:50,119 - EXECUT - INFO - received weights from trainer statipo19!
2024-01-31 02:39:50,218 - EXECUT - INFO - received weights from trainer statipo13!
2024-01-31 02:39:52,536 - EXECUT - INFO - received weights from trainer statipo17!
2024-01-31 02:39:52,553 - EXECUT - INFO - received weights from trainer statipo14!
2024-01-31 02:39:53,348 - EXECUT - INFO - sent aggregated weights to trainers!
2024-01-31 02:39:53,479 - METRIC - INFO - statipo18 loss: nan - accuracy: 0.25670498609542847
2024-01-31 02:39:53,482 - METRIC - INFO - statipo17 loss: nan - accuracy: 0.3044871687889099
2024-01-31 02:39:53,500 - METRIC - INFO - statipo12 loss: nan - accuracy: 0.25670498609542847
2024-01-31 02:39:53,511 - METRIC - INFO - statipo14 loss: nan - accuracy: 0.2923728823661804
2024-01-31 02:39:53,513 - METRIC - INFO - statipo21 loss: nan - accuracy: 0.2923728823661804
2024-01-31 02:39:53,524 - METRIC - INFO - statipo11 loss: nan - accuracy: 0.3044871687889099
2024-01-31 02:39:53,531 - METRIC - INFO - statipo19 loss: nan - accuracy: 0.32692307233810425
2024-01-31 02:39:53,536 - METRIC - INFO - statipo16 loss: nan - accuracy: 0.3870967626571655
2024-01-31 02:39:53,540 - METRIC - INFO - statipo13 loss: nan - accuracy: 0.32692307233810425
2024-01-31 02:39:53,558 - METRIC - INFO - statipo15 loss: nan - accuracy: 0.30243903398513794
2024-01-31 02:39:54,349 - METRIC - INFO - mean_accuracy: 0.305051201581955

2024-01-31 02:39:54,349 - METRIC - INFO - round: 8
2024-01-31 02:39:54,350 - METRIC - INFO - selected_trainers: statipo18 - statipo17 - statipo11 - statipo14 - statipo15 - statipo19 - statipo16 - statipo13 - statipo12 - statipo21
2024-01-31 02:39:56,561 - EXECUT - INFO - received weights from trainer statipo17!
2024-01-31 02:39:56,792 - EXECUT - INFO - received weights from trainer statipo15!
2024-01-31 02:39:56,885 - EXECUT - INFO - received weights from trainer statipo12!
2024-01-31 02:39:56,940 - EXECUT - INFO - received weights from trainer statipo16!
2024-01-31 02:39:57,039 - EXECUT - INFO - received weights from trainer statipo18!
2024-01-31 02:39:57,063 - EXECUT - INFO - received weights from trainer statipo11!
2024-01-31 02:39:57,143 - EXECUT - INFO - received weights from trainer statipo14!
2024-01-31 02:39:57,178 - EXECUT - INFO - received weights from trainer statipo19!
2024-01-31 02:39:57,198 - EXECUT - INFO - received weights from trainer statipo13!
2024-01-31 02:39:57,216 - EXECUT - INFO - received weights from trainer statipo21!
2024-01-31 02:39:57,415 - EXECUT - INFO - sent aggregated weights to trainers!
2024-01-31 02:39:57,621 - METRIC - INFO - statipo18 loss: nan - accuracy: 0.25670498609542847
2024-01-31 02:39:57,630 - METRIC - INFO - statipo14 loss: nan - accuracy: 0.2923728823661804
2024-01-31 02:39:57,634 - METRIC - INFO - statipo15 loss: nan - accuracy: 0.30243903398513794
2024-01-31 02:39:57,652 - METRIC - INFO - statipo17 loss: nan - accuracy: 0.3044871687889099
2024-01-31 02:39:57,654 - METRIC - INFO - statipo12 loss: nan - accuracy: 0.25670498609542847
2024-01-31 02:39:57,667 - METRIC - INFO - statipo13 loss: nan - accuracy: 0.32692307233810425
2024-01-31 02:39:57,671 - METRIC - INFO - statipo11 loss: nan - accuracy: 0.3044871687889099
2024-01-31 02:39:57,671 - METRIC - INFO - statipo19 loss: nan - accuracy: 0.32692307233810425
2024-01-31 02:39:57,671 - METRIC - INFO - statipo21 loss: nan - accuracy: 0.2923728823661804
2024-01-31 02:39:57,672 - METRIC - INFO - statipo16 loss: nan - accuracy: 0.3870967626571655
2024-01-31 02:39:58,416 - METRIC - INFO - mean_accuracy: 0.305051201581955

2024-01-31 02:39:58,417 - METRIC - INFO - round: 9
2024-01-31 02:39:58,417 - METRIC - INFO - selected_trainers: statipo18 - statipo17 - statipo11 - statipo14 - statipo15 - statipo19 - statipo16 - statipo13 - statipo12 - statipo21
2024-01-31 02:40:00,915 - EXECUT - INFO - received weights from trainer statipo15!
2024-01-31 02:40:00,935 - EXECUT - INFO - received weights from trainer statipo18!
2024-01-31 02:40:00,979 - EXECUT - INFO - received weights from trainer statipo16!
2024-01-31 02:40:01,079 - EXECUT - INFO - received weights from trainer statipo14!
2024-01-31 02:40:01,102 - EXECUT - INFO - received weights from trainer statipo17!
2024-01-31 02:40:01,123 - EXECUT - INFO - received weights from trainer statipo11!
2024-01-31 02:40:01,145 - EXECUT - INFO - received weights from trainer statipo21!
2024-01-31 02:40:01,165 - EXECUT - INFO - received weights from trainer statipo13!
2024-01-31 02:40:01,184 - EXECUT - INFO - received weights from trainer statipo12!
2024-01-31 02:40:01,203 - EXECUT - INFO - received weights from trainer statipo19!
2024-01-31 02:40:01,481 - EXECUT - INFO - sent aggregated weights to trainers!
2024-01-31 02:40:01,630 - METRIC - INFO - statipo18 loss: nan - accuracy: 0.25670498609542847
2024-01-31 02:40:01,656 - METRIC - INFO - statipo15 loss: nan - accuracy: 0.30243903398513794
2024-01-31 02:40:01,663 - METRIC - INFO - statipo14 loss: nan - accuracy: 0.2923728823661804
2024-01-31 02:40:01,667 - METRIC - INFO - statipo12 loss: nan - accuracy: 0.25670498609542847
2024-01-31 02:40:01,672 - METRIC - INFO - statipo16 loss: nan - accuracy: 0.3870967626571655
2024-01-31 02:40:01,677 - METRIC - INFO - statipo11 loss: nan - accuracy: 0.3044871687889099
2024-01-31 02:40:01,678 - METRIC - INFO - statipo17 loss: nan - accuracy: 0.3044871687889099
2024-01-31 02:40:01,680 - METRIC - INFO - statipo21 loss: nan - accuracy: 0.2923728823661804
2024-01-31 02:40:01,694 - METRIC - INFO - statipo13 loss: nan - accuracy: 0.32692307233810425
2024-01-31 02:40:01,717 - METRIC - INFO - statipo19 loss: nan - accuracy: 0.32692307233810425
2024-01-31 02:40:02,482 - METRIC - INFO - mean_accuracy: 0.305051201581955

2024-01-31 02:40:02,482 - METRIC - INFO - round: 10
2024-01-31 02:40:02,483 - METRIC - INFO - selected_trainers: statipo18 - statipo17 - statipo11 - statipo14 - statipo15 - statipo19 - statipo16 - statipo13 - statipo12 - statipo21
2024-01-31 02:40:05,146 - EXECUT - INFO - received weights from trainer statipo18!
2024-01-31 02:40:05,195 - EXECUT - INFO - received weights from trainer statipo17!
2024-01-31 02:40:05,235 - EXECUT - INFO - received weights from trainer statipo11!
2024-01-31 02:40:05,257 - EXECUT - INFO - received weights from trainer statipo16!
2024-01-31 02:40:05,279 - EXECUT - INFO - received weights from trainer statipo12!
2024-01-31 02:40:05,300 - EXECUT - INFO - received weights from trainer statipo15!
2024-01-31 02:40:05,322 - EXECUT - INFO - received weights from trainer statipo21!
2024-01-31 02:40:05,343 - EXECUT - INFO - received weights from trainer statipo14!
2024-01-31 02:40:05,364 - EXECUT - INFO - received weights from trainer statipo19!
2024-01-31 02:40:05,410 - EXECUT - INFO - received weights from trainer statipo13!
2024-01-31 02:40:05,529 - EXECUT - INFO - sent aggregated weights to trainers!
2024-01-31 02:40:05,763 - METRIC - INFO - statipo15 loss: nan - accuracy: 0.30243903398513794
2024-01-31 02:40:05,771 - METRIC - INFO - statipo13 loss: nan - accuracy: 0.32692307233810425
2024-01-31 02:40:05,781 - METRIC - INFO - statipo18 loss: nan - accuracy: 0.25670498609542847
2024-01-31 02:40:05,784 - METRIC - INFO - statipo17 loss: nan - accuracy: 0.3044871687889099
2024-01-31 02:40:05,789 - METRIC - INFO - statipo11 loss: nan - accuracy: 0.3044871687889099
2024-01-31 02:40:05,795 - METRIC - INFO - statipo16 loss: nan - accuracy: 0.3870967626571655
2024-01-31 02:40:05,800 - METRIC - INFO - statipo19 loss: nan - accuracy: 0.32692307233810425
2024-01-31 02:40:05,805 - METRIC - INFO - statipo12 loss: nan - accuracy: 0.25670498609542847
2024-01-31 02:40:05,813 - METRIC - INFO - statipo21 loss: nan - accuracy: 0.2923728823661804
2024-01-31 02:40:05,825 - METRIC - INFO - statipo14 loss: nan - accuracy: 0.2923728823661804
2024-01-31 02:40:06,531 - METRIC - INFO - mean_accuracy: 0.305051201581955

2024-01-31 02:40:06,531 - METRIC - INFO - round: 11
2024-01-31 02:40:06,531 - METRIC - INFO - selected_trainers: statipo18 - statipo17 - statipo11 - statipo14 - statipo15 - statipo19 - statipo16 - statipo13 - statipo12 - statipo21
2024-01-31 02:40:09,193 - EXECUT - INFO - received weights from trainer statipo13!
2024-01-31 02:40:09,215 - EXECUT - INFO - received weights from trainer statipo11!
2024-01-31 02:40:09,239 - EXECUT - INFO - received weights from trainer statipo18!
2024-01-31 02:40:09,260 - EXECUT - INFO - received weights from trainer statipo17!
2024-01-31 02:40:09,281 - EXECUT - INFO - received weights from trainer statipo15!
2024-01-31 02:40:09,302 - EXECUT - INFO - received weights from trainer statipo12!
2024-01-31 02:40:09,342 - EXECUT - INFO - received weights from trainer statipo16!
2024-01-31 02:40:09,386 - EXECUT - INFO - received weights from trainer statipo21!
2024-01-31 02:40:11,785 - EXECUT - INFO - received weights from trainer statipo19!
2024-01-31 02:40:11,802 - EXECUT - INFO - received weights from trainer statipo14!
2024-01-31 02:40:12,582 - EXECUT - INFO - sent aggregated weights to trainers!
2024-01-31 02:40:12,726 - METRIC - INFO - statipo16 loss: nan - accuracy: 0.3870967626571655
2024-01-31 02:40:12,740 - METRIC - INFO - statipo21 loss: nan - accuracy: 0.2923728823661804
2024-01-31 02:40:12,745 - METRIC - INFO - statipo18 loss: nan - accuracy: 0.25670498609542847
2024-01-31 02:40:12,747 - METRIC - INFO - statipo14 loss: nan - accuracy: 0.2923728823661804
2024-01-31 02:40:12,757 - METRIC - INFO - statipo12 loss: nan - accuracy: 0.25670498609542847
2024-01-31 02:40:12,757 - METRIC - INFO - statipo11 loss: nan - accuracy: 0.3044871687889099
2024-01-31 02:40:12,765 - METRIC - INFO - statipo15 loss: nan - accuracy: 0.30243903398513794
2024-01-31 02:40:12,768 - METRIC - INFO - statipo19 loss: nan - accuracy: 0.32692307233810425
2024-01-31 02:40:12,772 - METRIC - INFO - statipo13 loss: nan - accuracy: 0.32692307233810425
2024-01-31 02:40:12,792 - METRIC - INFO - statipo17 loss: nan - accuracy: 0.3044871687889099
2024-01-31 02:40:13,583 - METRIC - INFO - mean_accuracy: 0.305051201581955

2024-01-31 02:40:13,583 - METRIC - INFO - round: 12
2024-01-31 02:40:13,583 - METRIC - INFO - selected_trainers: statipo18 - statipo17 - statipo11 - statipo14 - statipo15 - statipo19 - statipo16 - statipo13 - statipo12 - statipo21
2024-01-31 02:40:15,983 - EXECUT - INFO - received weights from trainer statipo11!
2024-01-31 02:40:16,247 - EXECUT - INFO - received weights from trainer statipo18!
2024-01-31 02:40:16,304 - EXECUT - INFO - received weights from trainer statipo21!
2024-01-31 02:40:16,330 - EXECUT - INFO - received weights from trainer statipo12!
2024-01-31 02:40:16,384 - EXECUT - INFO - received weights from trainer statipo19!
2024-01-31 02:40:16,445 - EXECUT - INFO - received weights from trainer statipo17!
2024-01-31 02:40:16,464 - EXECUT - INFO - received weights from trainer statipo16!
2024-01-31 02:40:16,538 - EXECUT - INFO - received weights from trainer statipo13!
2024-01-31 02:40:18,803 - EXECUT - INFO - received weights from trainer statipo14!
2024-01-31 02:40:18,835 - EXECUT - INFO - received weights from trainer statipo15!
2024-01-31 02:40:19,637 - EXECUT - INFO - sent aggregated weights to trainers!
2024-01-31 02:40:19,775 - METRIC - INFO - statipo15 loss: nan - accuracy: 0.30243903398513794
2024-01-31 02:40:19,809 - METRIC - INFO - statipo11 loss: nan - accuracy: 0.3044871687889099
2024-01-31 02:40:19,814 - METRIC - INFO - statipo21 loss: nan - accuracy: 0.2923728823661804
2024-01-31 02:40:19,818 - METRIC - INFO - statipo18 loss: nan - accuracy: 0.25670498609542847
2024-01-31 02:40:19,821 - METRIC - INFO - statipo14 loss: nan - accuracy: 0.2923728823661804
2024-01-31 02:40:19,821 - METRIC - INFO - statipo16 loss: nan - accuracy: 0.3870967626571655
2024-01-31 02:40:19,827 - METRIC - INFO - statipo19 loss: nan - accuracy: 0.32692307233810425
2024-01-31 02:40:19,827 - METRIC - INFO - statipo12 loss: nan - accuracy: 0.25670498609542847
2024-01-31 02:40:19,840 - METRIC - INFO - statipo17 loss: nan - accuracy: 0.3044871687889099
2024-01-31 02:40:19,856 - METRIC - INFO - statipo13 loss: nan - accuracy: 0.32692307233810425
2024-01-31 02:40:20,638 - METRIC - INFO - mean_accuracy: 0.305051201581955

2024-01-31 02:40:20,639 - METRIC - INFO - round: 13
2024-01-31 02:40:20,639 - METRIC - INFO - selected_trainers: statipo18 - statipo17 - statipo11 - statipo14 - statipo15 - statipo19 - statipo16 - statipo13 - statipo12 - statipo21
2024-01-31 02:40:22,800 - EXECUT - INFO - received weights from trainer statipo12!
2024-01-31 02:40:22,822 - EXECUT - INFO - received weights from trainer statipo18!
2024-01-31 02:40:23,077 - EXECUT - INFO - received weights from trainer statipo17!
2024-01-31 02:40:23,288 - EXECUT - INFO - received weights from trainer statipo14!
2024-01-31 02:40:23,312 - EXECUT - INFO - received weights from trainer statipo15!
2024-01-31 02:40:23,334 - EXECUT - INFO - received weights from trainer statipo13!
2024-01-31 02:40:23,355 - EXECUT - INFO - received weights from trainer statipo16!
2024-01-31 02:40:23,447 - EXECUT - INFO - received weights from trainer statipo11!
2024-01-31 02:40:23,467 - EXECUT - INFO - received weights from trainer statipo19!
2024-01-31 02:40:23,488 - EXECUT - INFO - received weights from trainer statipo21!
2024-01-31 02:40:23,706 - EXECUT - INFO - sent aggregated weights to trainers!
2024-01-31 02:40:23,894 - METRIC - INFO - statipo17 loss: nan - accuracy: 0.3044871687889099
2024-01-31 02:40:23,913 - METRIC - INFO - statipo11 loss: nan - accuracy: 0.3044871687889099
2024-01-31 02:40:23,926 - METRIC - INFO - statipo18 loss: nan - accuracy: 0.25670498609542847
2024-01-31 02:40:23,937 - METRIC - INFO - statipo16 loss: nan - accuracy: 0.3870967626571655
2024-01-31 02:40:23,941 - METRIC - INFO - statipo13 loss: nan - accuracy: 0.32692307233810425
2024-01-31 02:40:23,946 - METRIC - INFO - statipo19 loss: nan - accuracy: 0.32692307233810425
2024-01-31 02:40:23,947 - METRIC - INFO - statipo21 loss: nan - accuracy: 0.2923728823661804
2024-01-31 02:40:23,955 - METRIC - INFO - statipo14 loss: nan - accuracy: 0.2923728823661804
2024-01-31 02:40:23,955 - METRIC - INFO - statipo12 loss: nan - accuracy: 0.25670498609542847
2024-01-31 02:40:23,961 - METRIC - INFO - statipo15 loss: nan - accuracy: 0.30243903398513794
2024-01-31 02:40:24,708 - METRIC - INFO - mean_accuracy: 0.305051201581955

2024-01-31 02:40:24,708 - METRIC - INFO - round: 14
2024-01-31 02:40:24,708 - METRIC - INFO - selected_trainers: statipo18 - statipo17 - statipo11 - statipo14 - statipo15 - statipo19 - statipo16 - statipo13 - statipo12 - statipo21
2024-01-31 02:40:26,912 - EXECUT - INFO - received weights from trainer statipo11!
2024-01-31 02:40:27,108 - EXECUT - INFO - received weights from trainer statipo18!
2024-01-31 02:40:27,166 - EXECUT - INFO - received weights from trainer statipo12!
2024-01-31 02:40:27,304 - EXECUT - INFO - received weights from trainer statipo16!
2024-01-31 02:40:27,403 - EXECUT - INFO - received weights from trainer statipo17!
2024-01-31 02:40:27,423 - EXECUT - INFO - received weights from trainer statipo15!
2024-01-31 02:40:27,453 - EXECUT - INFO - received weights from trainer statipo21!
2024-01-31 02:40:27,521 - EXECUT - INFO - received weights from trainer statipo19!
2024-01-31 02:40:29,938 - EXECUT - INFO - received weights from trainer statipo14!
2024-01-31 02:40:29,969 - EXECUT - INFO - received weights from trainer statipo13!
2024-01-31 02:40:30,736 - EXECUT - INFO - sent aggregated weights to trainers!
2024-01-31 02:40:30,877 - METRIC - INFO - statipo17 loss: nan - accuracy: 0.3044871687889099
2024-01-31 02:40:30,889 - METRIC - INFO - statipo14 loss: nan - accuracy: 0.2923728823661804
2024-01-31 02:40:30,898 - METRIC - INFO - statipo11 loss: nan - accuracy: 0.3044871687889099
2024-01-31 02:40:30,905 - METRIC - INFO - statipo13 loss: nan - accuracy: 0.32692307233810425
2024-01-31 02:40:30,908 - METRIC - INFO - statipo19 loss: nan - accuracy: 0.32692307233810425
2024-01-31 02:40:30,912 - METRIC - INFO - statipo12 loss: nan - accuracy: 0.25670498609542847
2024-01-31 02:40:30,913 - METRIC - INFO - statipo18 loss: nan - accuracy: 0.25670498609542847
2024-01-31 02:40:30,913 - METRIC - INFO - statipo15 loss: nan - accuracy: 0.30243903398513794
2024-01-31 02:40:30,916 - METRIC - INFO - statipo21 loss: nan - accuracy: 0.2923728823661804
2024-01-31 02:40:30,924 - METRIC - INFO - statipo16 loss: nan - accuracy: 0.3870967626571655
2024-01-31 02:40:31,737 - METRIC - INFO - mean_accuracy: 0.305051201581955

2024-01-31 02:40:31,737 - METRIC - INFO - round: 15
2024-01-31 02:40:31,738 - METRIC - INFO - selected_trainers: statipo18 - statipo17 - statipo11 - statipo14 - statipo15 - statipo19 - statipo16 - statipo13 - statipo12 - statipo21
2024-01-31 02:40:33,211 - EXECUT - INFO - received weights from trainer statipo18!
2024-01-31 02:40:34,036 - EXECUT - INFO - received weights from trainer statipo12!
2024-01-31 02:40:34,065 - EXECUT - INFO - received weights from trainer statipo14!
2024-01-31 02:40:34,408 - EXECUT - INFO - received weights from trainer statipo11!
2024-01-31 02:40:34,441 - EXECUT - INFO - received weights from trainer statipo17!
2024-01-31 02:40:34,479 - EXECUT - INFO - received weights from trainer statipo15!
2024-01-31 02:40:34,500 - EXECUT - INFO - received weights from trainer statipo16!
2024-01-31 02:40:34,571 - EXECUT - INFO - received weights from trainer statipo13!
2024-01-31 02:40:34,598 - EXECUT - INFO - received weights from trainer statipo19!
2024-01-31 02:40:37,057 - EXECUT - INFO - received weights from trainer statipo21!
2024-01-31 02:40:37,804 - EXECUT - INFO - sent aggregated weights to trainers!
2024-01-31 02:40:37,940 - METRIC - INFO - statipo16 loss: nan - accuracy: 0.3870967626571655
2024-01-31 02:40:37,943 - METRIC - INFO - statipo17 loss: nan - accuracy: 0.3044871687889099
2024-01-31 02:40:37,944 - METRIC - INFO - statipo13 loss: nan - accuracy: 0.32692307233810425
2024-01-31 02:40:37,955 - METRIC - INFO - statipo21 loss: nan - accuracy: 0.2923728823661804
2024-01-31 02:40:37,968 - METRIC - INFO - statipo12 loss: nan - accuracy: 0.25670498609542847
2024-01-31 02:40:37,977 - METRIC - INFO - statipo18 loss: nan - accuracy: 0.25670498609542847
2024-01-31 02:40:37,990 - METRIC - INFO - statipo15 loss: nan - accuracy: 0.30243903398513794
2024-01-31 02:40:38,001 - METRIC - INFO - statipo14 loss: nan - accuracy: 0.2923728823661804
2024-01-31 02:40:38,025 - METRIC - INFO - statipo19 loss: nan - accuracy: 0.32692307233810425
2024-01-31 02:40:38,054 - METRIC - INFO - statipo11 loss: nan - accuracy: 0.3044871687889099
2024-01-31 02:40:38,806 - METRIC - INFO - mean_accuracy: 0.305051201581955

2024-01-31 02:40:38,806 - METRIC - INFO - round: 16
2024-01-31 02:40:38,806 - METRIC - INFO - selected_trainers: statipo18 - statipo17 - statipo11 - statipo14 - statipo15 - statipo19 - statipo16 - statipo13 - statipo12 - statipo21
2024-01-31 02:40:40,875 - EXECUT - INFO - received weights from trainer statipo12!
2024-01-31 02:40:41,385 - EXECUT - INFO - received weights from trainer statipo11!
2024-01-31 02:40:41,463 - EXECUT - INFO - received weights from trainer statipo18!
2024-01-31 02:40:41,501 - EXECUT - INFO - received weights from trainer statipo13!
2024-01-31 02:40:41,523 - EXECUT - INFO - received weights from trainer statipo14!
2024-01-31 02:40:41,544 - EXECUT - INFO - received weights from trainer statipo16!
2024-01-31 02:40:41,564 - EXECUT - INFO - received weights from trainer statipo15!
2024-01-31 02:40:41,583 - EXECUT - INFO - received weights from trainer statipo17!
2024-01-31 02:40:41,602 - EXECUT - INFO - received weights from trainer statipo19!
2024-01-31 02:40:41,621 - EXECUT - INFO - received weights from trainer statipo21!
2024-01-31 02:40:41,863 - EXECUT - INFO - sent aggregated weights to trainers!
2024-01-31 02:40:41,999 - METRIC - INFO - statipo17 loss: nan - accuracy: 0.3044871687889099
2024-01-31 02:40:42,036 - METRIC - INFO - statipo13 loss: nan - accuracy: 0.32692307233810425
2024-01-31 02:40:42,037 - METRIC - INFO - statipo18 loss: nan - accuracy: 0.25670498609542847
2024-01-31 02:40:42,038 - METRIC - INFO - statipo11 loss: nan - accuracy: 0.3044871687889099
2024-01-31 02:40:42,041 - METRIC - INFO - statipo16 loss: nan - accuracy: 0.3870967626571655
2024-01-31 02:40:42,047 - METRIC - INFO - statipo15 loss: nan - accuracy: 0.30243903398513794
2024-01-31 02:40:42,048 - METRIC - INFO - statipo21 loss: nan - accuracy: 0.2923728823661804
2024-01-31 02:40:42,060 - METRIC - INFO - statipo14 loss: nan - accuracy: 0.2923728823661804
2024-01-31 02:40:42,066 - METRIC - INFO - statipo12 loss: nan - accuracy: 0.25670498609542847
2024-01-31 02:40:42,130 - METRIC - INFO - statipo19 loss: nan - accuracy: 0.32692307233810425
2024-01-31 02:40:42,865 - METRIC - INFO - mean_accuracy: 0.305051201581955

2024-01-31 02:40:42,865 - METRIC - INFO - round: 17
2024-01-31 02:40:42,865 - METRIC - INFO - selected_trainers: statipo18 - statipo17 - statipo11 - statipo14 - statipo15 - statipo19 - statipo16 - statipo13 - statipo12 - statipo21
2024-01-31 02:40:44,472 - EXECUT - INFO - received weights from trainer statipo18!
2024-01-31 02:40:44,883 - EXECUT - INFO - received weights from trainer statipo12!
2024-01-31 02:40:45,559 - EXECUT - INFO - received weights from trainer statipo17!
2024-01-31 02:40:45,583 - EXECUT - INFO - received weights from trainer statipo11!
2024-01-31 02:40:45,605 - EXECUT - INFO - received weights from trainer statipo14!
2024-01-31 02:40:45,625 - EXECUT - INFO - received weights from trainer statipo21!
2024-01-31 02:40:45,646 - EXECUT - INFO - received weights from trainer statipo16!
2024-01-31 02:40:45,666 - EXECUT - INFO - received weights from trainer statipo15!
2024-01-31 02:40:45,705 - EXECUT - INFO - received weights from trainer statipo19!
2024-01-31 02:40:48,137 - EXECUT - INFO - received weights from trainer statipo13!
2024-01-31 02:40:48,894 - EXECUT - INFO - sent aggregated weights to trainers!
2024-01-31 02:40:49,029 - METRIC - INFO - statipo19 loss: nan - accuracy: 0.32692307233810425
2024-01-31 02:40:49,040 - METRIC - INFO - statipo11 loss: nan - accuracy: 0.3044871687889099
2024-01-31 02:40:49,070 - METRIC - INFO - statipo16 loss: nan - accuracy: 0.3870967626571655
2024-01-31 02:40:49,073 - METRIC - INFO - statipo21 loss: nan - accuracy: 0.2923728823661804
2024-01-31 02:40:49,075 - METRIC - INFO - statipo15 loss: nan - accuracy: 0.30243903398513794
2024-01-31 02:40:49,083 - METRIC - INFO - statipo12 loss: nan - accuracy: 0.25670498609542847
2024-01-31 02:40:49,085 - METRIC - INFO - statipo17 loss: nan - accuracy: 0.3044871687889099
2024-01-31 02:40:49,087 - METRIC - INFO - statipo18 loss: nan - accuracy: 0.25670498609542847
2024-01-31 02:40:49,097 - METRIC - INFO - statipo14 loss: nan - accuracy: 0.2923728823661804
2024-01-31 02:40:49,125 - METRIC - INFO - statipo13 loss: nan - accuracy: 0.32692307233810425
2024-01-31 02:40:49,896 - METRIC - INFO - mean_accuracy: 0.305051201581955

2024-01-31 02:40:49,896 - METRIC - INFO - round: 18
2024-01-31 02:40:49,897 - METRIC - INFO - selected_trainers: statipo18 - statipo17 - statipo11 - statipo14 - statipo15 - statipo19 - statipo16 - statipo13 - statipo12 - statipo21
2024-01-31 02:40:52,376 - EXECUT - INFO - received weights from trainer statipo17!
2024-01-31 02:40:52,437 - EXECUT - INFO - received weights from trainer statipo16!
2024-01-31 02:40:52,571 - EXECUT - INFO - received weights from trainer statipo18!
2024-01-31 02:40:52,614 - EXECUT - INFO - received weights from trainer statipo12!
2024-01-31 02:40:52,635 - EXECUT - INFO - received weights from trainer statipo15!
2024-01-31 02:40:52,656 - EXECUT - INFO - received weights from trainer statipo13!
2024-01-31 02:40:52,702 - EXECUT - INFO - received weights from trainer statipo14!
2024-01-31 02:40:52,790 - EXECUT - INFO - received weights from trainer statipo21!
2024-01-31 02:40:55,127 - EXECUT - INFO - received weights from trainer statipo11!
2024-01-31 02:40:55,148 - EXECUT - INFO - received weights from trainer statipo19!
2024-01-31 02:40:55,951 - EXECUT - INFO - sent aggregated weights to trainers!
2024-01-31 02:40:56,077 - METRIC - INFO - statipo17 loss: nan - accuracy: 0.3044871687889099
2024-01-31 02:40:56,097 - METRIC - INFO - statipo12 loss: nan - accuracy: 0.25670498609542847
2024-01-31 02:40:56,108 - METRIC - INFO - statipo18 loss: nan - accuracy: 0.25670498609542847
2024-01-31 02:40:56,110 - METRIC - INFO - statipo11 loss: nan - accuracy: 0.3044871687889099
2024-01-31 02:40:56,113 - METRIC - INFO - statipo15 loss: nan - accuracy: 0.30243903398513794
2024-01-31 02:40:56,133 - METRIC - INFO - statipo19 loss: nan - accuracy: 0.32692307233810425
2024-01-31 02:40:56,137 - METRIC - INFO - statipo21 loss: nan - accuracy: 0.2923728823661804
2024-01-31 02:40:56,138 - METRIC - INFO - statipo16 loss: nan - accuracy: 0.3870967626571655
2024-01-31 02:40:56,141 - METRIC - INFO - statipo13 loss: nan - accuracy: 0.32692307233810425
2024-01-31 02:40:56,163 - METRIC - INFO - statipo14 loss: nan - accuracy: 0.2923728823661804
2024-01-31 02:40:56,953 - METRIC - INFO - mean_accuracy: 0.305051201581955

2024-01-31 02:40:56,953 - METRIC - INFO - round: 19
2024-01-31 02:40:56,953 - METRIC - INFO - selected_trainers: statipo18 - statipo17 - statipo11 - statipo14 - statipo15 - statipo19 - statipo16 - statipo13 - statipo12 - statipo21
2024-01-31 02:40:59,276 - EXECUT - INFO - received weights from trainer statipo18!
2024-01-31 02:40:59,632 - EXECUT - INFO - received weights from trainer statipo15!
2024-01-31 02:40:59,704 - EXECUT - INFO - received weights from trainer statipo16!
2024-01-31 02:40:59,759 - EXECUT - INFO - received weights from trainer statipo14!
2024-01-31 02:40:59,781 - EXECUT - INFO - received weights from trainer statipo17!
2024-01-31 02:40:59,801 - EXECUT - INFO - received weights from trainer statipo11!
2024-01-31 02:40:59,855 - EXECUT - INFO - received weights from trainer statipo12!
2024-01-31 02:40:59,876 - EXECUT - INFO - received weights from trainer statipo21!
2024-01-31 02:40:59,895 - EXECUT - INFO - received weights from trainer statipo13!
2024-01-31 02:40:59,914 - EXECUT - INFO - received weights from trainer statipo19!
2024-01-31 02:40:59,974 - EXECUT - INFO - sent aggregated weights to trainers!
2024-01-31 02:41:00,150 - METRIC - INFO - statipo17 loss: nan - accuracy: 0.3044871687889099
2024-01-31 02:41:00,161 - METRIC - INFO - statipo14 loss: nan - accuracy: 0.2923728823661804
2024-01-31 02:41:00,175 - METRIC - INFO - statipo15 loss: nan - accuracy: 0.30243903398513794
2024-01-31 02:41:00,176 - METRIC - INFO - statipo11 loss: nan - accuracy: 0.3044871687889099
2024-01-31 02:41:00,177 - METRIC - INFO - statipo19 loss: nan - accuracy: 0.32692307233810425
2024-01-31 02:41:00,181 - METRIC - INFO - statipo16 loss: nan - accuracy: 0.3870967626571655
2024-01-31 02:41:00,182 - METRIC - INFO - statipo12 loss: nan - accuracy: 0.25670498609542847
2024-01-31 02:41:00,184 - METRIC - INFO - statipo21 loss: nan - accuracy: 0.2923728823661804
2024-01-31 02:41:00,189 - METRIC - INFO - statipo13 loss: nan - accuracy: 0.32692307233810425
2024-01-31 02:41:00,204 - METRIC - INFO - statipo18 loss: nan - accuracy: 0.25670498609542847
2024-01-31 02:41:00,975 - METRIC - INFO - mean_accuracy: 0.305051201581955

2024-01-31 02:41:00,975 - METRIC - INFO - round: 20
2024-01-31 02:41:00,975 - METRIC - INFO - selected_trainers: statipo18 - statipo17 - statipo11 - statipo14 - statipo15 - statipo19 - statipo16 - statipo13 - statipo12 - statipo21
2024-01-31 02:41:03,282 - EXECUT - INFO - received weights from trainer statipo12!
2024-01-31 02:41:03,616 - EXECUT - INFO - received weights from trainer statipo18!
2024-01-31 02:41:03,706 - EXECUT - INFO - received weights from trainer statipo16!
2024-01-31 02:41:03,737 - EXECUT - INFO - received weights from trainer statipo21!
2024-01-31 02:41:03,824 - EXECUT - INFO - received weights from trainer statipo13!
2024-01-31 02:41:03,882 - EXECUT - INFO - received weights from trainer statipo14!
2024-01-31 02:41:03,927 - EXECUT - INFO - received weights from trainer statipo19!
2024-01-31 02:41:06,215 - EXECUT - INFO - received weights from trainer statipo17!
2024-01-31 02:41:06,232 - EXECUT - INFO - received weights from trainer statipo15!
2024-01-31 02:41:06,282 - EXECUT - INFO - received weights from trainer statipo11!
2024-01-31 02:41:07,003 - EXECUT - INFO - sent aggregated weights to trainers!
2024-01-31 02:41:07,135 - METRIC - INFO - statipo13 loss: nan - accuracy: 0.32692307233810425
2024-01-31 02:41:07,151 - METRIC - INFO - statipo11 loss: nan - accuracy: 0.3044871687889099
2024-01-31 02:41:07,161 - METRIC - INFO - statipo21 loss: nan - accuracy: 0.2923728823661804
2024-01-31 02:41:07,168 - METRIC - INFO - statipo15 loss: nan - accuracy: 0.30243903398513794
2024-01-31 02:41:07,174 - METRIC - INFO - statipo17 loss: nan - accuracy: 0.3044871687889099
2024-01-31 02:41:07,175 - METRIC - INFO - statipo14 loss: nan - accuracy: 0.2923728823661804
2024-01-31 02:41:07,178 - METRIC - INFO - statipo12 loss: nan - accuracy: 0.25670498609542847
2024-01-31 02:41:07,179 - METRIC - INFO - statipo18 loss: nan - accuracy: 0.25670498609542847
2024-01-31 02:41:07,187 - METRIC - INFO - statipo16 loss: nan - accuracy: 0.3870967626571655
2024-01-31 02:41:07,210 - METRIC - INFO - statipo19 loss: nan - accuracy: 0.32692307233810425
2024-01-31 02:41:08,004 - METRIC - INFO - mean_accuracy: 0.305051201581955

2024-01-31 02:41:08,005 - METRIC - INFO - round: 21
2024-01-31 02:41:08,005 - METRIC - INFO - selected_trainers: statipo18 - statipo17 - statipo11 - statipo14 - statipo15 - statipo19 - statipo16 - statipo13 - statipo12 - statipo21
2024-01-31 02:41:10,248 - EXECUT - INFO - received weights from trainer statipo12!
2024-01-31 02:41:10,591 - EXECUT - INFO - received weights from trainer statipo18!
2024-01-31 02:41:10,664 - EXECUT - INFO - received weights from trainer statipo17!
2024-01-31 02:41:10,712 - EXECUT - INFO - received weights from trainer statipo16!
2024-01-31 02:41:10,734 - EXECUT - INFO - received weights from trainer statipo15!
2024-01-31 02:41:10,785 - EXECUT - INFO - received weights from trainer statipo11!
2024-01-31 02:41:10,865 - EXECUT - INFO - received weights from trainer statipo21!
2024-01-31 02:41:10,889 - EXECUT - INFO - received weights from trainer statipo13!
2024-01-31 02:41:13,227 - EXECUT - INFO - received weights from trainer statipo14!
2024-01-31 02:41:13,262 - EXECUT - INFO - received weights from trainer statipo19!
2024-01-31 02:41:14,031 - EXECUT - INFO - sent aggregated weights to trainers!
2024-01-31 02:41:14,160 - METRIC - INFO - statipo11 loss: nan - accuracy: 0.3044871687889099
2024-01-31 02:41:14,173 - METRIC - INFO - statipo18 loss: nan - accuracy: 0.25670498609542847
2024-01-31 02:41:14,191 - METRIC - INFO - statipo13 loss: nan - accuracy: 0.32692307233810425
2024-01-31 02:41:14,196 - METRIC - INFO - statipo15 loss: nan - accuracy: 0.30243903398513794
2024-01-31 02:41:14,202 - METRIC - INFO - statipo12 loss: nan - accuracy: 0.25670498609542847
2024-01-31 02:41:14,207 - METRIC - INFO - statipo14 loss: nan - accuracy: 0.2923728823661804
2024-01-31 02:41:14,215 - METRIC - INFO - statipo21 loss: nan - accuracy: 0.2923728823661804
2024-01-31 02:41:14,216 - METRIC - INFO - statipo17 loss: nan - accuracy: 0.3044871687889099
2024-01-31 02:41:14,217 - METRIC - INFO - statipo19 loss: nan - accuracy: 0.32692307233810425
2024-01-31 02:41:14,257 - METRIC - INFO - statipo16 loss: nan - accuracy: 0.3870967626571655
2024-01-31 02:41:15,033 - METRIC - INFO - mean_accuracy: 0.305051201581955

2024-01-31 02:41:15,033 - METRIC - INFO - round: 22
2024-01-31 02:41:15,034 - METRIC - INFO - selected_trainers: statipo18 - statipo17 - statipo11 - statipo14 - statipo15 - statipo19 - statipo16 - statipo13 - statipo12 - statipo21
2024-01-31 02:41:17,372 - EXECUT - INFO - received weights from trainer statipo15!
2024-01-31 02:41:17,408 - EXECUT - INFO - received weights from trainer statipo11!
2024-01-31 02:41:17,650 - EXECUT - INFO - received weights from trainer statipo12!
2024-01-31 02:41:17,700 - EXECUT - INFO - received weights from trainer statipo18!
2024-01-31 02:41:17,797 - EXECUT - INFO - received weights from trainer statipo16!
2024-01-31 02:41:17,900 - EXECUT - INFO - received weights from trainer statipo13!
2024-01-31 02:41:17,956 - EXECUT - INFO - received weights from trainer statipo19!
2024-01-31 02:41:17,983 - EXECUT - INFO - received weights from trainer statipo21!
2024-01-31 02:41:20,243 - EXECUT - INFO - received weights from trainer statipo14!
2024-01-31 02:41:20,261 - EXECUT - INFO - received weights from trainer statipo17!
2024-01-31 02:41:21,056 - EXECUT - INFO - sent aggregated weights to trainers!
2024-01-31 02:41:21,205 - METRIC - INFO - statipo11 loss: nan - accuracy: 0.3044871687889099
2024-01-31 02:41:21,210 - METRIC - INFO - statipo18 loss: nan - accuracy: 0.25670498609542847
2024-01-31 02:41:21,211 - METRIC - INFO - statipo13 loss: nan - accuracy: 0.32692307233810425
2024-01-31 02:41:21,226 - METRIC - INFO - statipo15 loss: nan - accuracy: 0.30243903398513794
2024-01-31 02:41:21,228 - METRIC - INFO - statipo12 loss: nan - accuracy: 0.25670498609542847
2024-01-31 02:41:21,233 - METRIC - INFO - statipo19 loss: nan - accuracy: 0.32692307233810425
2024-01-31 02:41:21,234 - METRIC - INFO - statipo16 loss: nan - accuracy: 0.3870967626571655
2024-01-31 02:41:21,237 - METRIC - INFO - statipo17 loss: nan - accuracy: 0.3044871687889099
2024-01-31 02:41:21,237 - METRIC - INFO - statipo21 loss: nan - accuracy: 0.2923728823661804
2024-01-31 02:41:21,267 - METRIC - INFO - statipo14 loss: nan - accuracy: 0.2923728823661804
2024-01-31 02:41:22,057 - METRIC - INFO - mean_accuracy: 0.305051201581955

2024-01-31 02:41:22,058 - METRIC - INFO - round: 23
2024-01-31 02:41:22,058 - METRIC - INFO - selected_trainers: statipo18 - statipo17 - statipo11 - statipo14 - statipo15 - statipo19 - statipo16 - statipo13 - statipo12 - statipo21
2024-01-31 02:41:24,478 - EXECUT - INFO - received weights from trainer statipo18!
2024-01-31 02:41:24,745 - EXECUT - INFO - received weights from trainer statipo15!
2024-01-31 02:41:24,769 - EXECUT - INFO - received weights from trainer statipo12!
2024-01-31 02:41:24,791 - EXECUT - INFO - received weights from trainer statipo11!
2024-01-31 02:41:24,903 - EXECUT - INFO - received weights from trainer statipo19!
2024-01-31 02:41:24,922 - EXECUT - INFO - received weights from trainer statipo16!
2024-01-31 02:41:24,939 - EXECUT - INFO - received weights from trainer statipo13!
2024-01-31 02:41:27,321 - EXECUT - INFO - received weights from trainer statipo14!
2024-01-31 02:41:27,339 - EXECUT - INFO - received weights from trainer statipo17!
2024-01-31 02:41:27,356 - EXECUT - INFO - received weights from trainer statipo21!
2024-01-31 02:41:28,084 - EXECUT - INFO - sent aggregated weights to trainers!
2024-01-31 02:41:28,202 - METRIC - INFO - statipo15 loss: nan - accuracy: 0.30243903398513794
2024-01-31 02:41:28,218 - METRIC - INFO - statipo17 loss: nan - accuracy: 0.3044871687889099
2024-01-31 02:41:28,220 - METRIC - INFO - statipo16 loss: nan - accuracy: 0.3870967626571655
2024-01-31 02:41:28,252 - METRIC - INFO - statipo18 loss: nan - accuracy: 0.25670498609542847
2024-01-31 02:41:28,261 - METRIC - INFO - statipo11 loss: nan - accuracy: 0.3044871687889099
2024-01-31 02:41:28,262 - METRIC - INFO - statipo12 loss: nan - accuracy: 0.25670498609542847
2024-01-31 02:41:28,266 - METRIC - INFO - statipo14 loss: nan - accuracy: 0.2923728823661804
2024-01-31 02:41:28,270 - METRIC - INFO - statipo21 loss: nan - accuracy: 0.2923728823661804
2024-01-31 02:41:28,273 - METRIC - INFO - statipo19 loss: nan - accuracy: 0.32692307233810425
2024-01-31 02:41:28,274 - METRIC - INFO - statipo13 loss: nan - accuracy: 0.32692307233810425
2024-01-31 02:41:29,085 - METRIC - INFO - mean_accuracy: 0.305051201581955

2024-01-31 02:41:29,085 - METRIC - INFO - round: 24
2024-01-31 02:41:29,086 - METRIC - INFO - selected_trainers: statipo18 - statipo17 - statipo11 - statipo14 - statipo15 - statipo19 - statipo16 - statipo13 - statipo12 - statipo21
2024-01-31 02:41:31,419 - EXECUT - INFO - received weights from trainer statipo15!
2024-01-31 02:41:31,603 - EXECUT - INFO - received weights from trainer statipo11!
2024-01-31 02:41:31,703 - EXECUT - INFO - received weights from trainer statipo14!
2024-01-31 02:41:31,738 - EXECUT - INFO - received weights from trainer statipo18!
2024-01-31 02:41:31,795 - EXECUT - INFO - received weights from trainer statipo17!
2024-01-31 02:41:31,816 - EXECUT - INFO - received weights from trainer statipo16!
2024-01-31 02:41:31,864 - EXECUT - INFO - received weights from trainer statipo13!
2024-01-31 02:41:31,882 - EXECUT - INFO - received weights from trainer statipo12!
2024-01-31 02:41:31,900 - EXECUT - INFO - received weights from trainer statipo21!
2024-01-31 02:41:34,335 - EXECUT - INFO - received weights from trainer statipo19!
2024-01-31 02:41:35,140 - EXECUT - INFO - sent aggregated weights to trainers!
2024-01-31 02:41:35,277 - METRIC - INFO - statipo11 loss: nan - accuracy: 0.3044871687889099
2024-01-31 02:41:35,299 - METRIC - INFO - statipo15 loss: nan - accuracy: 0.30243903398513794
2024-01-31 02:41:35,303 - METRIC - INFO - statipo13 loss: nan - accuracy: 0.32692307233810425
2024-01-31 02:41:35,308 - METRIC - INFO - statipo12 loss: nan - accuracy: 0.25670498609542847
2024-01-31 02:41:35,312 - METRIC - INFO - statipo17 loss: nan - accuracy: 0.3044871687889099
2024-01-31 02:41:35,317 - METRIC - INFO - statipo21 loss: nan - accuracy: 0.2923728823661804
2024-01-31 02:41:35,319 - METRIC - INFO - statipo18 loss: nan - accuracy: 0.25670498609542847
2024-01-31 02:41:35,320 - METRIC - INFO - statipo16 loss: nan - accuracy: 0.3870967626571655
2024-01-31 02:41:35,322 - METRIC - INFO - statipo19 loss: nan - accuracy: 0.32692307233810425
2024-01-31 02:41:35,333 - METRIC - INFO - statipo14 loss: nan - accuracy: 0.2923728823661804
2024-01-31 02:41:36,141 - METRIC - INFO - mean_accuracy: 0.305051201581955

2024-01-31 02:41:36,142 - METRIC - INFO - round: 25
2024-01-31 02:41:36,142 - METRIC - INFO - selected_trainers: statipo18 - statipo17 - statipo11 - statipo14 - statipo15 - statipo19 - statipo16 - statipo13 - statipo12 - statipo21
2024-01-31 02:41:38,390 - EXECUT - INFO - received weights from trainer statipo12!
2024-01-31 02:41:38,802 - EXECUT - INFO - received weights from trainer statipo18!
2024-01-31 02:41:38,825 - EXECUT - INFO - received weights from trainer statipo17!
2024-01-31 02:41:38,848 - EXECUT - INFO - received weights from trainer statipo15!
2024-01-31 02:41:38,869 - EXECUT - INFO - received weights from trainer statipo11!
2024-01-31 02:41:38,890 - EXECUT - INFO - received weights from trainer statipo14!
2024-01-31 02:41:38,911 - EXECUT - INFO - received weights from trainer statipo19!
2024-01-31 02:41:38,929 - EXECUT - INFO - received weights from trainer statipo21!
2024-01-31 02:41:38,948 - EXECUT - INFO - received weights from trainer statipo13!
2024-01-31 02:41:38,967 - EXECUT - INFO - received weights from trainer statipo16!
2024-01-31 02:41:39,210 - EXECUT - INFO - sent aggregated weights to trainers!
2024-01-31 02:41:39,433 - METRIC - INFO - statipo21 loss: nan - accuracy: 0.2923728823661804
2024-01-31 02:41:39,440 - METRIC - INFO - statipo13 loss: nan - accuracy: 0.32692307233810425
2024-01-31 02:41:39,449 - METRIC - INFO - statipo15 loss: nan - accuracy: 0.30243903398513794
2024-01-31 02:41:39,452 - METRIC - INFO - statipo19 loss: nan - accuracy: 0.32692307233810425
2024-01-31 02:41:39,457 - METRIC - INFO - statipo14 loss: nan - accuracy: 0.2923728823661804
2024-01-31 02:41:39,467 - METRIC - INFO - statipo11 loss: nan - accuracy: 0.3044871687889099
2024-01-31 02:41:39,468 - METRIC - INFO - statipo16 loss: nan - accuracy: 0.3870967626571655
2024-01-31 02:41:39,477 - METRIC - INFO - statipo12 loss: nan - accuracy: 0.25670498609542847
2024-01-31 02:41:39,492 - METRIC - INFO - statipo17 loss: nan - accuracy: 0.3044871687889099
2024-01-31 02:41:39,534 - METRIC - INFO - statipo18 loss: nan - accuracy: 0.25670498609542847
2024-01-31 02:41:40,212 - METRIC - INFO - mean_accuracy: 0.305051201581955

2024-01-31 02:41:40,212 - METRIC - INFO - round: 26
2024-01-31 02:41:40,212 - METRIC - INFO - selected_trainers: statipo18 - statipo17 - statipo11 - statipo14 - statipo15 - statipo19 - statipo16 - statipo13 - statipo12 - statipo21
2024-01-31 02:41:42,839 - EXECUT - INFO - received weights from trainer statipo15!
2024-01-31 02:41:42,897 - EXECUT - INFO - received weights from trainer statipo11!
2024-01-31 02:41:42,921 - EXECUT - INFO - received weights from trainer statipo18!
2024-01-31 02:41:42,944 - EXECUT - INFO - received weights from trainer statipo17!
2024-01-31 02:41:42,967 - EXECUT - INFO - received weights from trainer statipo21!
2024-01-31 02:41:42,991 - EXECUT - INFO - received weights from trainer statipo14!
2024-01-31 02:41:43,013 - EXECUT - INFO - received weights from trainer statipo12!
2024-01-31 02:41:43,040 - EXECUT - INFO - received weights from trainer statipo19!
2024-01-31 02:41:43,061 - EXECUT - INFO - received weights from trainer statipo16!
2024-01-31 02:41:45,497 - EXECUT - INFO - received weights from trainer statipo13!
2024-01-31 02:41:46,236 - EXECUT - INFO - sent aggregated weights to trainers!
2024-01-31 02:41:46,368 - METRIC - INFO - statipo19 loss: nan - accuracy: 0.32692307233810425
2024-01-31 02:41:46,384 - METRIC - INFO - statipo11 loss: nan - accuracy: 0.3044871687889099
2024-01-31 02:41:46,392 - METRIC - INFO - statipo12 loss: nan - accuracy: 0.25670498609542847
2024-01-31 02:41:46,395 - METRIC - INFO - statipo16 loss: nan - accuracy: 0.3870967626571655
2024-01-31 02:41:46,404 - METRIC - INFO - statipo17 loss: nan - accuracy: 0.3044871687889099
2024-01-31 02:41:46,417 - METRIC - INFO - statipo18 loss: nan - accuracy: 0.25670498609542847
2024-01-31 02:41:46,419 - METRIC - INFO - statipo21 loss: nan - accuracy: 0.2923728823661804
2024-01-31 02:41:46,420 - METRIC - INFO - statipo13 loss: nan - accuracy: 0.32692307233810425
2024-01-31 02:41:46,427 - METRIC - INFO - statipo15 loss: nan - accuracy: 0.30243903398513794
2024-01-31 02:41:46,428 - METRIC - INFO - statipo14 loss: nan - accuracy: 0.2923728823661804
2024-01-31 02:41:47,237 - METRIC - INFO - mean_accuracy: 0.305051201581955

2024-01-31 02:41:47,238 - METRIC - INFO - round: 27
2024-01-31 02:41:47,238 - METRIC - INFO - selected_trainers: statipo18 - statipo17 - statipo11 - statipo14 - statipo15 - statipo19 - statipo16 - statipo13 - statipo12 - statipo21
2024-01-31 02:41:49,915 - EXECUT - INFO - received weights from trainer statipo11!
2024-01-31 02:41:49,950 - EXECUT - INFO - received weights from trainer statipo18!
2024-01-31 02:41:49,985 - EXECUT - INFO - received weights from trainer statipo12!
2024-01-31 02:41:50,061 - EXECUT - INFO - received weights from trainer statipo17!
2024-01-31 02:41:50,247 - EXECUT - INFO - received weights from trainer statipo15!
2024-01-31 02:41:50,286 - EXECUT - INFO - received weights from trainer statipo16!
2024-01-31 02:41:50,314 - EXECUT - INFO - received weights from trainer statipo14!
2024-01-31 02:41:50,370 - EXECUT - INFO - received weights from trainer statipo19!
2024-01-31 02:41:52,492 - EXECUT - INFO - received weights from trainer statipo13!
2024-01-31 02:41:52,524 - EXECUT - INFO - received weights from trainer statipo21!
2024-01-31 02:41:53,268 - EXECUT - INFO - sent aggregated weights to trainers!
2024-01-31 02:41:53,410 - METRIC - INFO - statipo18 loss: nan - accuracy: 0.25670498609542847
2024-01-31 02:41:53,445 - METRIC - INFO - statipo12 loss: nan - accuracy: 0.25670498609542847
2024-01-31 02:41:53,448 - METRIC - INFO - statipo11 loss: nan - accuracy: 0.3044871687889099
2024-01-31 02:41:53,449 - METRIC - INFO - statipo15 loss: nan - accuracy: 0.30243903398513794
2024-01-31 02:41:53,449 - METRIC - INFO - statipo16 loss: nan - accuracy: 0.3870967626571655
2024-01-31 02:41:53,452 - METRIC - INFO - statipo19 loss: nan - accuracy: 0.32692307233810425
2024-01-31 02:41:53,453 - METRIC - INFO - statipo21 loss: nan - accuracy: 0.2923728823661804
2024-01-31 02:41:53,469 - METRIC - INFO - statipo14 loss: nan - accuracy: 0.2923728823661804
2024-01-31 02:41:53,489 - METRIC - INFO - statipo17 loss: nan - accuracy: 0.3044871687889099
2024-01-31 02:41:53,506 - METRIC - INFO - statipo13 loss: nan - accuracy: 0.32692307233810425
2024-01-31 02:41:54,269 - METRIC - INFO - mean_accuracy: 0.305051201581955

2024-01-31 02:41:54,270 - METRIC - INFO - round: 28
2024-01-31 02:41:54,270 - METRIC - INFO - selected_trainers: statipo18 - statipo17 - statipo11 - statipo14 - statipo15 - statipo19 - statipo16 - statipo13 - statipo12 - statipo21
2024-01-31 02:41:56,867 - EXECUT - INFO - received weights from trainer statipo11!
2024-01-31 02:41:56,932 - EXECUT - INFO - received weights from trainer statipo18!
2024-01-31 02:41:57,042 - EXECUT - INFO - received weights from trainer statipo12!
2024-01-31 02:41:57,138 - EXECUT - INFO - received weights from trainer statipo17!
2024-01-31 02:41:57,162 - EXECUT - INFO - received weights from trainer statipo15!
2024-01-31 02:41:57,300 - EXECUT - INFO - received weights from trainer statipo21!
2024-01-31 02:41:57,323 - EXECUT - INFO - received weights from trainer statipo16!
2024-01-31 02:41:59,550 - EXECUT - INFO - received weights from trainer statipo19!
2024-01-31 02:41:59,570 - EXECUT - INFO - received weights from trainer statipo14!
2024-01-31 02:41:59,587 - EXECUT - INFO - received weights from trainer statipo13!
2024-01-31 02:42:00,323 - EXECUT - INFO - sent aggregated weights to trainers!
2024-01-31 02:42:00,465 - METRIC - INFO - statipo18 loss: nan - accuracy: 0.25670498609542847
2024-01-31 02:42:00,491 - METRIC - INFO - statipo17 loss: nan - accuracy: 0.3044871687889099
2024-01-31 02:42:00,492 - METRIC - INFO - statipo12 loss: nan - accuracy: 0.25670498609542847
2024-01-31 02:42:00,499 - METRIC - INFO - statipo13 loss: nan - accuracy: 0.32692307233810425
2024-01-31 02:42:00,515 - METRIC - INFO - statipo16 loss: nan - accuracy: 0.3870967626571655
2024-01-31 02:42:00,517 - METRIC - INFO - statipo11 loss: nan - accuracy: 0.3044871687889099
2024-01-31 02:42:00,524 - METRIC - INFO - statipo14 loss: nan - accuracy: 0.2923728823661804
2024-01-31 02:42:00,527 - METRIC - INFO - statipo21 loss: nan - accuracy: 0.2923728823661804
2024-01-31 02:42:00,534 - METRIC - INFO - statipo19 loss: nan - accuracy: 0.32692307233810425
2024-01-31 02:42:00,555 - METRIC - INFO - statipo15 loss: nan - accuracy: 0.30243903398513794
2024-01-31 02:42:01,325 - METRIC - INFO - mean_accuracy: 0.305051201581955

2024-01-31 02:42:01,325 - METRIC - INFO - round: 29
2024-01-31 02:42:01,326 - METRIC - INFO - selected_trainers: statipo18 - statipo17 - statipo11 - statipo14 - statipo15 - statipo19 - statipo16 - statipo13 - statipo12 - statipo21
2024-01-31 02:42:03,777 - EXECUT - INFO - received weights from trainer statipo18!
2024-01-31 02:42:03,800 - EXECUT - INFO - received weights from trainer statipo15!
2024-01-31 02:42:03,823 - EXECUT - INFO - received weights from trainer statipo19!
2024-01-31 02:42:04,027 - EXECUT - INFO - received weights from trainer statipo17!
2024-01-31 02:42:04,067 - EXECUT - INFO - received weights from trainer statipo12!
2024-01-31 02:42:04,088 - EXECUT - INFO - received weights from trainer statipo14!
2024-01-31 02:42:04,109 - EXECUT - INFO - received weights from trainer statipo21!
2024-01-31 02:42:04,128 - EXECUT - INFO - received weights from trainer statipo11!
2024-01-31 02:42:04,147 - EXECUT - INFO - received weights from trainer statipo16!
2024-01-31 02:42:04,165 - EXECUT - INFO - received weights from trainer statipo13!
2024-01-31 02:42:04,404 - EXECUT - INFO - sent aggregated weights to trainers!
2024-01-31 02:42:04,559 - METRIC - INFO - statipo12 loss: nan - accuracy: 0.25670498609542847
2024-01-31 02:42:04,560 - METRIC - INFO - statipo15 loss: nan - accuracy: 0.30243903398513794
2024-01-31 02:42:04,573 - METRIC - INFO - statipo17 loss: nan - accuracy: 0.3044871687889099
2024-01-31 02:42:04,578 - METRIC - INFO - statipo18 loss: nan - accuracy: 0.25670498609542847
2024-01-31 02:42:04,586 - METRIC - INFO - statipo16 loss: nan - accuracy: 0.3870967626571655
2024-01-31 02:42:04,594 - METRIC - INFO - statipo13 loss: nan - accuracy: 0.32692307233810425
2024-01-31 02:42:04,596 - METRIC - INFO - statipo11 loss: nan - accuracy: 0.3044871687889099
2024-01-31 02:42:04,606 - METRIC - INFO - statipo19 loss: nan - accuracy: 0.32692307233810425
2024-01-31 02:42:04,666 - METRIC - INFO - statipo21 loss: nan - accuracy: 0.2923728823661804
2024-01-31 02:42:04,669 - METRIC - INFO - statipo14 loss: nan - accuracy: 0.2923728823661804
2024-01-31 02:42:05,405 - METRIC - INFO - mean_accuracy: 0.305051201581955

2024-01-31 02:42:05,406 - METRIC - INFO - round: 30
2024-01-31 02:42:05,406 - METRIC - INFO - selected_trainers: statipo18 - statipo17 - statipo11 - statipo14 - statipo15 - statipo19 - statipo16 - statipo13 - statipo12 - statipo21
2024-01-31 02:42:07,325 - EXECUT - INFO - received weights from trainer statipo12!
2024-01-31 02:42:07,766 - EXECUT - INFO - received weights from trainer statipo18!
2024-01-31 02:42:07,813 - EXECUT - INFO - received weights from trainer statipo11!
2024-01-31 02:42:08,091 - EXECUT - INFO - received weights from trainer statipo14!
2024-01-31 02:42:08,113 - EXECUT - INFO - received weights from trainer statipo17!
2024-01-31 02:42:08,137 - EXECUT - INFO - received weights from trainer statipo13!
2024-01-31 02:42:08,311 - EXECUT - INFO - received weights from trainer statipo21!
2024-01-31 02:42:08,367 - EXECUT - INFO - received weights from trainer statipo19!
2024-01-31 02:42:10,688 - EXECUT - INFO - received weights from trainer statipo16!
2024-01-31 02:42:10,723 - EXECUT - INFO - received weights from trainer statipo15!
2024-01-31 02:42:11,439 - EXECUT - INFO - sent aggregated weights to trainers!
2024-01-31 02:42:11,585 - METRIC - INFO - statipo18 loss: nan - accuracy: 0.25670498609542847
2024-01-31 02:42:11,618 - METRIC - INFO - statipo13 loss: nan - accuracy: 0.32692307233810425
2024-01-31 02:42:11,630 - METRIC - INFO - statipo17 loss: nan - accuracy: 0.3044871687889099
2024-01-31 02:42:11,638 - METRIC - INFO - statipo19 loss: nan - accuracy: 0.32692307233810425
2024-01-31 02:42:11,639 - METRIC - INFO - statipo14 loss: nan - accuracy: 0.2923728823661804
2024-01-31 02:42:11,641 - METRIC - INFO - statipo15 loss: nan - accuracy: 0.30243903398513794
2024-01-31 02:42:11,641 - METRIC - INFO - statipo12 loss: nan - accuracy: 0.25670498609542847
2024-01-31 02:42:11,650 - METRIC - INFO - statipo11 loss: nan - accuracy: 0.3044871687889099
2024-01-31 02:42:11,675 - METRIC - INFO - statipo21 loss: nan - accuracy: 0.2923728823661804
2024-01-31 02:42:11,720 - METRIC - INFO - statipo16 loss: nan - accuracy: 0.3870967626571655
2024-01-31 02:42:12,441 - METRIC - INFO - mean_accuracy: 0.305051201581955

2024-01-31 02:42:12,441 - METRIC - INFO - round: 31
2024-01-31 02:42:12,442 - METRIC - INFO - selected_trainers: statipo18 - statipo17 - statipo11 - statipo14 - statipo15 - statipo19 - statipo16 - statipo13 - statipo12 - statipo21
2024-01-31 02:42:15,203 - EXECUT - INFO - received weights from trainer statipo17!
2024-01-31 02:42:15,226 - EXECUT - INFO - received weights from trainer statipo12!
