2024-01-31 11:34:13,718 - EXECUT - INFO - starting server...
2024-01-31 11:34:19,438 - EXECUT - INFO - trainer number statipo12 just joined the pool
2024-01-31 11:34:19,447 - EXECUT - INFO - trainer number statipo21 just joined the pool
2024-01-31 11:34:19,449 - EXECUT - INFO - trainer number statipo13 just joined the pool
2024-01-31 11:34:19,473 - EXECUT - INFO - trainer number statipo11 just joined the pool
2024-01-31 11:34:19,724 - METRIC - INFO - round: 1
2024-01-31 11:34:19,725 - METRIC - INFO - selected_trainers: statipo12 - statipo21 - statipo13 - statipo11
2024-01-31 11:34:21,072 - EXECUT - INFO - received weights from trainer statipo12!
2024-01-31 11:34:21,192 - EXECUT - INFO - received weights from trainer statipo11!
2024-01-31 11:34:21,280 - EXECUT - INFO - received weights from trainer statipo21!
2024-01-31 11:34:21,346 - EXECUT - INFO - received weights from trainer statipo13!
2024-01-31 11:34:21,818 - EXECUT - INFO - sent aggregated weights to trainers!
2024-01-31 11:34:21,944 - METRIC - INFO - statipo12 loss: 0.3780895173549652 - accuracy: 0.8620689511299133
2024-01-31 11:34:21,957 - METRIC - INFO - statipo13 loss: 1.018667221069336 - accuracy: 0.6743589639663696
2024-01-31 11:34:21,994 - METRIC - INFO - statipo11 loss: 0.15568742156028748 - accuracy: 0.9439102411270142
2024-01-31 11:34:21,997 - METRIC - INFO - statipo21 loss: 0.13268409669399261 - accuracy: 0.9491525292396545
2024-01-31 11:34:22,820 - METRIC - INFO - mean_accuracy: 0.8573726713657379

2024-01-31 11:34:22,820 - METRIC - INFO - round: 2
2024-01-31 11:34:22,820 - METRIC - INFO - selected_trainers: statipo12 - statipo21 - statipo13 - statipo11
2024-01-31 11:34:24,137 - EXECUT - INFO - received weights from trainer statipo11!
2024-01-31 11:34:24,225 - EXECUT - INFO - received weights from trainer statipo21!
2024-01-31 11:34:24,353 - EXECUT - INFO - received weights from trainer statipo12!
2024-01-31 11:34:24,403 - EXECUT - INFO - received weights from trainer statipo13!
2024-01-31 11:34:24,941 - EXECUT - INFO - sent aggregated weights to trainers!
2024-01-31 11:34:25,066 - METRIC - INFO - statipo12 loss: 0.31262585520744324 - accuracy: 0.8984674215316772
2024-01-31 11:34:25,072 - METRIC - INFO - statipo21 loss: 0.20817938446998596 - accuracy: 0.909604549407959
2024-01-31 11:34:25,074 - METRIC - INFO - statipo11 loss: 0.2680833041667938 - accuracy: 0.8974359035491943
2024-01-31 11:34:25,076 - METRIC - INFO - statipo13 loss: 0.5554855465888977 - accuracy: 0.7397435903549194
2024-01-31 11:34:25,943 - METRIC - INFO - mean_accuracy: 0.8613128662109375

2024-01-31 11:34:25,943 - METRIC - INFO - round: 3
2024-01-31 11:34:25,943 - METRIC - INFO - selected_trainers: statipo12 - statipo21 - statipo13 - statipo11
2024-01-31 11:34:26,902 - EXECUT - INFO - received weights from trainer statipo12!
2024-01-31 11:34:27,015 - EXECUT - INFO - received weights from trainer statipo11!
2024-01-31 11:34:27,173 - EXECUT - INFO - received weights from trainer statipo13!
2024-01-31 11:34:27,434 - EXECUT - INFO - received weights from trainer statipo21!
2024-01-31 11:34:28,032 - EXECUT - INFO - sent aggregated weights to trainers!
2024-01-31 11:34:28,154 - METRIC - INFO - statipo12 loss: 0.2521812319755554 - accuracy: 0.9195402264595032
2024-01-31 11:34:28,163 - METRIC - INFO - statipo11 loss: 0.18049293756484985 - accuracy: 0.9407051205635071
2024-01-31 11:34:28,166 - METRIC - INFO - statipo13 loss: 0.4010198414325714 - accuracy: 0.8282051086425781
2024-01-31 11:34:28,170 - METRIC - INFO - statipo21 loss: 0.18701691925525665 - accuracy: 0.9209039807319641
2024-01-31 11:34:29,034 - METRIC - INFO - mean_accuracy: 0.9023386090993881

2024-01-31 11:34:29,035 - METRIC - INFO - round: 4
2024-01-31 11:34:29,035 - METRIC - INFO - selected_trainers: statipo12 - statipo21 - statipo13 - statipo11
2024-01-31 11:34:30,171 - EXECUT - INFO - received weights from trainer statipo21!
2024-01-31 11:34:30,229 - EXECUT - INFO - received weights from trainer statipo13!
2024-01-31 11:34:30,489 - EXECUT - INFO - received weights from trainer statipo11!
2024-01-31 11:34:30,540 - EXECUT - INFO - received weights from trainer statipo12!
2024-01-31 11:34:31,128 - EXECUT - INFO - sent aggregated weights to trainers!
2024-01-31 11:34:31,263 - METRIC - INFO - statipo13 loss: 0.3407321274280548 - accuracy: 0.8833333253860474
2024-01-31 11:34:31,264 - METRIC - INFO - statipo11 loss: 0.1959920972585678 - accuracy: 0.9310897588729858
2024-01-31 11:34:31,297 - METRIC - INFO - statipo12 loss: 0.1272745430469513 - accuracy: 0.9521072506904602
2024-01-31 11:34:31,298 - METRIC - INFO - statipo21 loss: 0.11026786267757416 - accuracy: 0.9562146663665771
2024-01-31 11:34:32,129 - METRIC - INFO - mean_accuracy: 0.9306862503290176

2024-01-31 11:34:32,129 - METRIC - INFO - round: 5
2024-01-31 11:34:32,129 - METRIC - INFO - selected_trainers: statipo12 - statipo21 - statipo13 - statipo11
2024-01-31 11:34:33,302 - EXECUT - INFO - received weights from trainer statipo11!
2024-01-31 11:34:33,427 - EXECUT - INFO - received weights from trainer statipo13!
2024-01-31 11:34:33,588 - EXECUT - INFO - received weights from trainer statipo21!
2024-01-31 11:34:33,639 - EXECUT - INFO - received weights from trainer statipo12!
2024-01-31 11:34:34,219 - EXECUT - INFO - sent aggregated weights to trainers!
2024-01-31 11:34:34,350 - METRIC - INFO - statipo11 loss: 0.11166507750749588 - accuracy: 0.9663461446762085
2024-01-31 11:34:34,355 - METRIC - INFO - statipo13 loss: 0.30091673135757446 - accuracy: 0.8807692527770996
2024-01-31 11:34:34,385 - METRIC - INFO - statipo12 loss: 0.15090474486351013 - accuracy: 0.946360170841217
2024-01-31 11:34:34,387 - METRIC - INFO - statipo21 loss: 0.19273222982883453 - accuracy: 0.9364407062530518
2024-01-31 11:34:35,219 - METRIC - INFO - mean_accuracy: 0.9324790686368942

2024-01-31 11:34:35,220 - METRIC - INFO - round: 6
2024-01-31 11:34:35,220 - METRIC - INFO - selected_trainers: statipo12 - statipo21 - statipo13 - statipo11
2024-01-31 11:34:36,421 - EXECUT - INFO - received weights from trainer statipo21!
2024-01-31 11:34:36,472 - EXECUT - INFO - received weights from trainer statipo13!
2024-01-31 11:34:36,673 - EXECUT - INFO - received weights from trainer statipo11!
2024-01-31 11:34:36,723 - EXECUT - INFO - received weights from trainer statipo12!
2024-01-31 11:34:37,345 - EXECUT - INFO - sent aggregated weights to trainers!
2024-01-31 11:34:37,484 - METRIC - INFO - statipo12 loss: 0.17977267503738403 - accuracy: 0.9521072506904602
2024-01-31 11:34:37,494 - METRIC - INFO - statipo13 loss: 0.2697181701660156 - accuracy: 0.8961538672447205
2024-01-31 11:34:37,495 - METRIC - INFO - statipo21 loss: 0.0892193466424942 - accuracy: 0.9675140976905823
2024-01-31 11:34:37,529 - METRIC - INFO - statipo11 loss: 0.1417892724275589 - accuracy: 0.9487179517745972
2024-01-31 11:34:38,346 - METRIC - INFO - mean_accuracy: 0.94112329185009

2024-01-31 11:34:38,347 - METRIC - INFO - round: 7
2024-01-31 11:34:38,347 - METRIC - INFO - selected_trainers: statipo12 - statipo21 - statipo13 - statipo11
2024-01-31 11:34:39,364 - EXECUT - INFO - received weights from trainer statipo12!
2024-01-31 11:34:39,547 - EXECUT - INFO - received weights from trainer statipo21!
2024-01-31 11:34:39,639 - EXECUT - INFO - received weights from trainer statipo13!
2024-01-31 11:34:39,825 - EXECUT - INFO - received weights from trainer statipo11!
2024-01-31 11:34:40,455 - EXECUT - INFO - sent aggregated weights to trainers!
2024-01-31 11:34:40,592 - METRIC - INFO - statipo21 loss: 0.08515391498804092 - accuracy: 0.9661017060279846
2024-01-31 11:34:40,593 - METRIC - INFO - statipo13 loss: 0.5623727440834045 - accuracy: 0.785897433757782
2024-01-31 11:34:40,617 - METRIC - INFO - statipo12 loss: 0.09463126212358475 - accuracy: 0.9712643623352051
2024-01-31 11:34:40,624 - METRIC - INFO - statipo11 loss: 0.09818906337022781 - accuracy: 0.9711538553237915
2024-01-31 11:34:41,457 - METRIC - INFO - mean_accuracy: 0.9236043393611908

2024-01-31 11:34:41,457 - METRIC - INFO - round: 8
2024-01-31 11:34:41,457 - METRIC - INFO - selected_trainers: statipo12 - statipo21 - statipo13 - statipo11
2024-01-31 11:34:42,407 - EXECUT - INFO - received weights from trainer statipo12!
2024-01-31 11:34:42,611 - EXECUT - INFO - received weights from trainer statipo21!
2024-01-31 11:34:42,669 - EXECUT - INFO - received weights from trainer statipo13!
2024-01-31 11:34:42,935 - EXECUT - INFO - received weights from trainer statipo11!
2024-01-31 11:34:43,581 - EXECUT - INFO - sent aggregated weights to trainers!
2024-01-31 11:34:43,705 - METRIC - INFO - statipo12 loss: 0.11942154914140701 - accuracy: 0.9636015295982361
2024-01-31 11:34:43,713 - METRIC - INFO - statipo21 loss: 0.13063767552375793 - accuracy: 0.9519773721694946
2024-01-31 11:34:43,714 - METRIC - INFO - statipo11 loss: 0.1383865922689438 - accuracy: 0.9455128312110901
2024-01-31 11:34:43,717 - METRIC - INFO - statipo13 loss: 0.18947061896324158 - accuracy: 0.9166666865348816
2024-01-31 11:34:44,582 - METRIC - INFO - mean_accuracy: 0.9444396048784256

2024-01-31 11:34:44,583 - METRIC - INFO - round: 9
2024-01-31 11:34:44,583 - METRIC - INFO - selected_trainers: statipo12 - statipo21 - statipo13 - statipo11
2024-01-31 11:34:45,729 - EXECUT - INFO - received weights from trainer statipo21!
2024-01-31 11:34:45,781 - EXECUT - INFO - received weights from trainer statipo13!
2024-01-31 11:34:46,071 - EXECUT - INFO - received weights from trainer statipo11!
2024-01-31 11:34:46,124 - EXECUT - INFO - received weights from trainer statipo12!
2024-01-31 11:34:46,709 - EXECUT - INFO - sent aggregated weights to trainers!
2024-01-31 11:34:46,838 - METRIC - INFO - statipo12 loss: 0.07109531760215759 - accuracy: 0.984674334526062
2024-01-31 11:34:46,839 - METRIC - INFO - statipo11 loss: 0.08654657006263733 - accuracy: 0.9711538553237915
2024-01-31 11:34:46,846 - METRIC - INFO - statipo21 loss: 0.06753062456846237 - accuracy: 0.9731638431549072
2024-01-31 11:34:46,846 - METRIC - INFO - statipo13 loss: 0.26544684171676636 - accuracy: 0.8858974575996399
2024-01-31 11:34:47,711 - METRIC - INFO - mean_accuracy: 0.9537223726511002

2024-01-31 11:34:47,711 - METRIC - INFO - round: 10
2024-01-31 11:34:47,712 - METRIC - INFO - selected_trainers: statipo12 - statipo21 - statipo13 - statipo11
2024-01-31 11:34:48,856 - EXECUT - INFO - received weights from trainer statipo21!
2024-01-31 11:34:48,906 - EXECUT - INFO - received weights from trainer statipo13!
2024-01-31 11:34:49,168 - EXECUT - INFO - received weights from trainer statipo12!
2024-01-31 11:34:49,220 - EXECUT - INFO - received weights from trainer statipo11!
2024-01-31 11:34:49,798 - EXECUT - INFO - sent aggregated weights to trainers!
2024-01-31 11:34:49,930 - METRIC - INFO - statipo21 loss: 0.2115134596824646 - accuracy: 0.9322034120559692
2024-01-31 11:34:49,931 - METRIC - INFO - statipo13 loss: 0.22503870725631714 - accuracy: 0.9076923131942749
2024-01-31 11:34:49,960 - METRIC - INFO - statipo12 loss: 0.08074784278869629 - accuracy: 0.977011501789093
2024-01-31 11:34:49,965 - METRIC - INFO - statipo11 loss: 0.10257362574338913 - accuracy: 0.9679487347602844
2024-01-31 11:34:50,800 - METRIC - INFO - mean_accuracy: 0.9462139904499054

2024-01-31 11:34:50,800 - METRIC - INFO - round: 11
2024-01-31 11:34:50,801 - METRIC - INFO - selected_trainers: statipo12 - statipo21 - statipo13 - statipo11
2024-01-31 11:34:51,859 - EXECUT - INFO - received weights from trainer statipo11!
2024-01-31 11:34:51,972 - EXECUT - INFO - received weights from trainer statipo21!
2024-01-31 11:34:52,025 - EXECUT - INFO - received weights from trainer statipo13!
2024-01-31 11:34:52,283 - EXECUT - INFO - received weights from trainer statipo12!
2024-01-31 11:34:52,922 - EXECUT - INFO - sent aggregated weights to trainers!
2024-01-31 11:34:53,046 - METRIC - INFO - statipo12 loss: 0.07274291664361954 - accuracy: 0.982758641242981
2024-01-31 11:34:53,054 - METRIC - INFO - statipo11 loss: 0.12409660220146179 - accuracy: 0.9535256624221802
2024-01-31 11:34:53,089 - METRIC - INFO - statipo13 loss: 0.15652239322662354 - accuracy: 0.928205132484436
2024-01-31 11:34:53,090 - METRIC - INFO - statipo21 loss: 0.03978101164102554 - accuracy: 0.9830508232116699
2024-01-31 11:34:53,923 - METRIC - INFO - mean_accuracy: 0.9618850648403168

2024-01-31 11:34:53,924 - METRIC - INFO - round: 12
2024-01-31 11:34:53,924 - METRIC - INFO - selected_trainers: statipo12 - statipo21 - statipo13 - statipo11
2024-01-31 11:34:55,173 - EXECUT - INFO - received weights from trainer statipo11!
2024-01-31 11:34:55,328 - EXECUT - INFO - received weights from trainer statipo13!
2024-01-31 11:34:55,393 - EXECUT - INFO - received weights from trainer statipo21!
2024-01-31 11:34:55,446 - EXECUT - INFO - received weights from trainer statipo12!
2024-01-31 11:34:56,050 - EXECUT - INFO - sent aggregated weights to trainers!
2024-01-31 11:34:56,187 - METRIC - INFO - statipo13 loss: 0.19067837297916412 - accuracy: 0.9243589639663696
2024-01-31 11:34:56,219 - METRIC - INFO - statipo11 loss: 0.06578951328992844 - accuracy: 0.9791666865348816
2024-01-31 11:34:56,219 - METRIC - INFO - statipo12 loss: 0.07946562021970749 - accuracy: 0.9712643623352051
2024-01-31 11:34:56,222 - METRIC - INFO - statipo21 loss: 0.1023988127708435 - accuracy: 0.9717513918876648
2024-01-31 11:34:57,051 - METRIC - INFO - mean_accuracy: 0.9616353511810303

2024-01-31 11:34:57,052 - METRIC - INFO - round: 13
2024-01-31 11:34:57,052 - METRIC - INFO - selected_trainers: statipo12 - statipo21 - statipo13 - statipo11
2024-01-31 11:34:58,129 - EXECUT - INFO - received weights from trainer statipo12!
2024-01-31 11:34:58,243 - EXECUT - INFO - received weights from trainer statipo11!
2024-01-31 11:34:58,390 - EXECUT - INFO - received weights from trainer statipo13!
2024-01-31 11:34:58,530 - EXECUT - INFO - received weights from trainer statipo21!
2024-01-31 11:34:59,173 - EXECUT - INFO - sent aggregated weights to trainers!
2024-01-31 11:34:59,302 - METRIC - INFO - statipo11 loss: 0.07703228294849396 - accuracy: 0.9791666865348816
2024-01-31 11:34:59,304 - METRIC - INFO - statipo13 loss: 0.15126992762088776 - accuracy: 0.9333333373069763
2024-01-31 11:34:59,305 - METRIC - INFO - statipo21 loss: 0.04136588051915169 - accuracy: 0.9816384315490723
2024-01-31 11:34:59,336 - METRIC - INFO - statipo12 loss: 0.10754458606243134 - accuracy: 0.969348669052124
2024-01-31 11:35:00,175 - METRIC - INFO - mean_accuracy: 0.9658717811107635

2024-01-31 11:35:00,175 - METRIC - INFO - round: 14
2024-01-31 11:35:00,175 - METRIC - INFO - selected_trainers: statipo12 - statipo21 - statipo13 - statipo11
2024-01-31 11:35:01,265 - EXECUT - INFO - received weights from trainer statipo11!
2024-01-31 11:35:01,368 - EXECUT - INFO - received weights from trainer statipo21!
2024-01-31 11:35:01,418 - EXECUT - INFO - received weights from trainer statipo13!
2024-01-31 11:35:01,653 - EXECUT - INFO - received weights from trainer statipo12!
2024-01-31 11:35:02,264 - EXECUT - INFO - sent aggregated weights to trainers!
2024-01-31 11:35:02,393 - METRIC - INFO - statipo11 loss: 0.057597044855356216 - accuracy: 0.9823718070983887
2024-01-31 11:35:02,396 - METRIC - INFO - statipo13 loss: 0.1276116818189621 - accuracy: 0.9512820243835449
2024-01-31 11:35:02,427 - METRIC - INFO - statipo12 loss: 0.07613138109445572 - accuracy: 0.9789271950721741
2024-01-31 11:35:02,430 - METRIC - INFO - statipo21 loss: 0.0560179278254509 - accuracy: 0.9788135886192322
2024-01-31 11:35:03,266 - METRIC - INFO - mean_accuracy: 0.972848653793335

2024-01-31 11:35:03,266 - METRIC - INFO - stop_condition: accuracy
