2023-11-20 00:47:43,308 - EXECUT - INFO - starting server...
2023-11-20 00:48:00,451 - EXECUT - INFO - trainer number statipo12 just joined the pool
2023-11-20 00:48:00,570 - EXECUT - INFO - trainer number statipo11 just joined the pool
2023-11-20 00:48:01,130 - EXECUT - INFO - trainer number statipo21 just joined the pool
2023-11-20 00:48:01,325 - METRIC - INFO - round: 1
2023-11-20 00:48:01,325 - METRIC - INFO - selected: statipo12
2023-11-20 00:48:01,326 - METRIC - INFO - selected: statipo11
2023-11-20 00:48:01,327 - METRIC - INFO - selected: statipo21
2023-11-20 00:48:01,662 - EXECUT - INFO - trainer number statipo22 just joined the pool
2023-11-20 00:48:49,889 - EXECUT - INFO - received weights from trainer statipo11!
2023-11-20 00:48:50,356 - EXECUT - INFO - received weights from trainer statipo21!
2023-11-20 00:48:51,274 - EXECUT - INFO - received weights from trainer statipo12!
2023-11-20 00:48:51,785 - EXECUT - INFO - sent aggregated weights to trainers!
2023-11-20 00:48:52,871 - METRIC - INFO - statipo21 loss: 1.4001768827438354 - accuracy: 0.718666672706604
2023-11-20 00:48:53,049 - METRIC - INFO - statipo22 loss: 1.3883635997772217 - accuracy: 0.7229999899864197
2023-11-20 00:48:53,195 - METRIC - INFO - statipo11 loss: 1.401650071144104 - accuracy: 0.7123333215713501
2023-11-20 00:48:53,232 - METRIC - INFO - statipo12 loss: 1.3916832208633423 - accuracy: 0.718666672706604
2023-11-20 00:48:53,788 - METRIC - INFO - mean_accuracy: 0.7181666642427444

2023-11-20 00:48:53,788 - METRIC - INFO - round: 2
2023-11-20 00:48:53,789 - METRIC - INFO - NOT_selected: statipo12
2023-11-20 00:48:53,790 - METRIC - INFO - selected: statipo11
2023-11-20 00:48:53,790 - METRIC - INFO - selected: statipo21
2023-11-20 00:48:53,790 - METRIC - INFO - selected: statipo22
2023-11-20 00:49:41,720 - EXECUT - INFO - received weights from trainer statipo21!
2023-11-20 00:49:42,020 - EXECUT - INFO - received weights from trainer statipo11!
2023-11-20 00:49:43,249 - EXECUT - INFO - received weights from trainer statipo22!
2023-11-20 00:49:44,326 - EXECUT - INFO - sent aggregated weights to trainers!
2023-11-20 00:49:45,139 - METRIC - INFO - statipo22 loss: 0.049428313970565796 - accuracy: 0.9850000143051147
2023-11-20 00:49:45,644 - METRIC - INFO - statipo21 loss: 0.04188434034585953 - accuracy: 0.9879999756813049
2023-11-20 00:49:45,653 - METRIC - INFO - statipo12 loss: 0.0479508712887764 - accuracy: 0.9863333106040955
2023-11-20 00:49:45,687 - METRIC - INFO - statipo11 loss: 0.05605757609009743 - accuracy: 0.984000027179718
2023-11-20 00:49:46,328 - METRIC - INFO - mean_accuracy: 0.9858333319425583

2023-11-20 00:49:46,329 - METRIC - INFO - round: 3
2023-11-20 00:49:46,329 - METRIC - INFO - NOT_selected: statipo12
2023-11-20 00:49:46,329 - METRIC - INFO - selected: statipo11
2023-11-20 00:49:46,330 - METRIC - INFO - selected: statipo21
2023-11-20 00:49:46,331 - METRIC - INFO - selected: statipo22
2023-11-20 00:50:33,929 - EXECUT - INFO - received weights from trainer statipo21!
2023-11-20 00:50:34,212 - EXECUT - INFO - received weights from trainer statipo11!
2023-11-20 00:50:34,992 - EXECUT - INFO - received weights from trainer statipo22!
2023-11-20 00:50:35,692 - EXECUT - INFO - sent aggregated weights to trainers!
2023-11-20 00:50:36,780 - METRIC - INFO - statipo22 loss: 0.04671742767095566 - accuracy: 0.9856666922569275
2023-11-20 00:50:36,783 - METRIC - INFO - statipo11 loss: 0.05272461473941803 - accuracy: 0.984333336353302
2023-11-20 00:50:36,799 - METRIC - INFO - statipo21 loss: 0.0387367308139801 - accuracy: 0.9869999885559082
2023-11-20 00:50:36,951 - METRIC - INFO - statipo12 loss: 0.04327499866485596 - accuracy: 0.9869999885559082
2023-11-20 00:50:37,694 - METRIC - INFO - mean_accuracy: 0.9860000014305115

2023-11-20 00:50:37,694 - METRIC - INFO - round: 4
2023-11-20 00:50:37,695 - METRIC - INFO - selected: statipo12
2023-11-20 00:50:37,695 - METRIC - INFO - selected: statipo11
2023-11-20 00:50:37,696 - METRIC - INFO - selected: statipo21
2023-11-20 00:50:37,697 - METRIC - INFO - NOT_selected: statipo22
2023-11-20 00:51:25,492 - EXECUT - INFO - received weights from trainer statipo11!
2023-11-20 00:51:26,427 - EXECUT - INFO - received weights from trainer statipo12!
2023-11-20 00:52:00,297 - EXECUT - INFO - received weights from trainer statipo21!
2023-11-20 00:52:01,134 - EXECUT - INFO - sent aggregated weights to trainers!
2023-11-20 00:52:01,989 - METRIC - INFO - statipo22 loss: 0.04920799285173416 - accuracy: 0.9853333234786987
2023-11-20 00:52:02,066 - METRIC - INFO - statipo12 loss: 0.041685011237859726 - accuracy: 0.9860000014305115
2023-11-20 00:52:02,456 - METRIC - INFO - statipo11 loss: 0.05095432698726654 - accuracy: 0.984666645526886
2023-11-20 00:52:02,770 - METRIC - INFO - statipo21 loss: 0.03960254788398743 - accuracy: 0.9866666793823242
2023-11-20 00:52:03,136 - METRIC - INFO - mean_accuracy: 0.9856666624546051

2023-11-20 00:52:03,137 - METRIC - INFO - round: 5
2023-11-20 00:52:03,137 - METRIC - INFO - selected: statipo12
2023-11-20 00:52:03,137 - METRIC - INFO - selected: statipo11
2023-11-20 00:52:03,138 - METRIC - INFO - NOT_selected: statipo21
2023-11-20 00:52:03,138 - METRIC - INFO - selected: statipo22
2023-11-20 00:52:49,604 - EXECUT - INFO - received weights from trainer statipo11!
2023-11-20 00:52:51,009 - EXECUT - INFO - received weights from trainer statipo12!
2023-11-20 00:52:51,216 - EXECUT - INFO - received weights from trainer statipo22!
2023-11-20 00:52:52,521 - EXECUT - INFO - sent aggregated weights to trainers!
2023-11-20 00:52:53,899 - METRIC - INFO - statipo21 loss: 0.03976497799158096 - accuracy: 0.987333357334137
2023-11-20 00:52:53,905 - METRIC - INFO - statipo12 loss: 0.043360304087400436 - accuracy: 0.987333357334137
2023-11-20 00:52:53,912 - METRIC - INFO - statipo22 loss: 0.04726434871554375 - accuracy: 0.9860000014305115
2023-11-20 00:52:54,207 - METRIC - INFO - statipo11 loss: 0.05367868021130562 - accuracy: 0.9853333234786987
2023-11-20 00:52:54,525 - METRIC - INFO - mean_accuracy: 0.986500009894371

2023-11-20 00:52:54,525 - METRIC - INFO - round: 6
2023-11-20 00:52:54,525 - METRIC - INFO - selected: statipo12
2023-11-20 00:52:54,526 - METRIC - INFO - selected: statipo11
2023-11-20 00:52:54,526 - METRIC - INFO - selected: statipo21
2023-11-20 00:52:54,526 - METRIC - INFO - NOT_selected: statipo22
2023-11-20 00:53:42,049 - EXECUT - INFO - received weights from trainer statipo11!
2023-11-20 00:53:42,297 - EXECUT - INFO - received weights from trainer statipo21!
2023-11-20 00:53:43,291 - EXECUT - INFO - received weights from trainer statipo12!
2023-11-20 00:53:43,906 - EXECUT - INFO - sent aggregated weights to trainers!
2023-11-20 00:53:44,726 - METRIC - INFO - statipo12 loss: 0.043331827968358994 - accuracy: 0.987333357334137
2023-11-20 00:53:45,207 - METRIC - INFO - statipo22 loss: 0.05072161927819252 - accuracy: 0.9856666922569275
2023-11-20 00:53:45,216 - METRIC - INFO - statipo21 loss: 0.0390256904065609 - accuracy: 0.987666666507721
2023-11-20 00:53:45,241 - METRIC - INFO - statipo11 loss: 0.055206090211868286 - accuracy: 0.9850000143051147
2023-11-20 00:53:45,909 - METRIC - INFO - mean_accuracy: 0.986416682600975

2023-11-20 00:53:45,909 - METRIC - INFO - round: 7
2023-11-20 00:53:45,909 - METRIC - INFO - selected: statipo12
2023-11-20 00:53:45,910 - METRIC - INFO - NOT_selected: statipo11
2023-11-20 00:53:45,910 - METRIC - INFO - selected: statipo21
2023-11-20 00:53:45,911 - METRIC - INFO - selected: statipo22
2023-11-20 00:54:33,323 - EXECUT - INFO - received weights from trainer statipo21!
2023-11-20 00:54:34,925 - EXECUT - INFO - received weights from trainer statipo12!
2023-11-20 00:54:35,127 - EXECUT - INFO - received weights from trainer statipo22!
2023-11-20 00:54:36,431 - EXECUT - INFO - sent aggregated weights to trainers!
2023-11-20 00:54:37,349 - METRIC - INFO - statipo12 loss: 0.04367545619606972 - accuracy: 0.987333357334137
2023-11-20 00:54:37,376 - METRIC - INFO - statipo21 loss: 0.040259648114442825 - accuracy: 0.987666666507721
2023-11-20 00:54:37,376 - METRIC - INFO - statipo11 loss: 0.056922972202301025 - accuracy: 0.9853333234786987
2023-11-20 00:54:37,554 - METRIC - INFO - statipo22 loss: 0.04995282366871834 - accuracy: 0.987333357334137
2023-11-20 00:54:38,433 - METRIC - INFO - mean_accuracy: 0.9869166761636734

2023-11-20 00:54:38,434 - METRIC - INFO - round: 8
2023-11-20 00:54:38,434 - METRIC - INFO - selected: statipo12
2023-11-20 00:54:38,435 - METRIC - INFO - selected: statipo11
2023-11-20 00:54:38,435 - METRIC - INFO - NOT_selected: statipo21
2023-11-20 00:54:38,435 - METRIC - INFO - selected: statipo22
2023-11-20 00:55:25,725 - EXECUT - INFO - received weights from trainer statipo11!
2023-11-20 00:55:27,561 - EXECUT - INFO - received weights from trainer statipo22!
2023-11-20 00:55:27,775 - EXECUT - INFO - received weights from trainer statipo12!
2023-11-20 00:55:29,109 - EXECUT - INFO - sent aggregated weights to trainers!
2023-11-20 00:55:30,087 - METRIC - INFO - statipo12 loss: 0.04589109867811203 - accuracy: 0.9869999885559082
2023-11-20 00:55:30,096 - METRIC - INFO - statipo11 loss: 0.058937493711709976 - accuracy: 0.9856666922569275
2023-11-20 00:55:30,117 - METRIC - INFO - statipo22 loss: 0.05093063786625862 - accuracy: 0.9863333106040955
2023-11-20 00:55:30,299 - METRIC - INFO - statipo21 loss: 0.04127436503767967 - accuracy: 0.9879999756813049
2023-11-20 00:55:31,113 - METRIC - INFO - mean_accuracy: 0.986749991774559

2023-11-20 00:55:31,114 - METRIC - INFO - round: 9
2023-11-20 00:55:31,114 - METRIC - INFO - NOT_selected: statipo12
2023-11-20 00:55:31,114 - METRIC - INFO - selected: statipo11
2023-11-20 00:55:31,115 - METRIC - INFO - selected: statipo21
2023-11-20 00:55:31,115 - METRIC - INFO - selected: statipo22
2023-11-20 00:56:18,575 - EXECUT - INFO - received weights from trainer statipo21!
2023-11-20 00:56:18,836 - EXECUT - INFO - received weights from trainer statipo11!
2023-11-20 00:56:19,646 - EXECUT - INFO - received weights from trainer statipo22!
2023-11-20 00:56:20,504 - EXECUT - INFO - sent aggregated weights to trainers!
2023-11-20 00:56:21,400 - METRIC - INFO - statipo11 loss: 0.06109681352972984 - accuracy: 0.9853333234786987
2023-11-20 00:56:21,400 - METRIC - INFO - statipo12 loss: 0.04744203761219978 - accuracy: 0.987333357334137
2023-11-20 00:56:21,788 - METRIC - INFO - statipo21 loss: 0.04234140366315842 - accuracy: 0.9893333315849304
2023-11-20 00:56:21,793 - METRIC - INFO - statipo22 loss: 0.053147658705711365 - accuracy: 0.987333357334137
2023-11-20 00:56:22,507 - METRIC - INFO - mean_accuracy: 0.9873333424329758

2023-11-20 00:56:22,508 - METRIC - INFO - round: 10
2023-11-20 00:56:22,508 - METRIC - INFO - selected: statipo12
2023-11-20 00:56:22,509 - METRIC - INFO - NOT_selected: statipo11
2023-11-20 00:56:22,509 - METRIC - INFO - selected: statipo21
2023-11-20 00:56:22,510 - METRIC - INFO - selected: statipo22
2023-11-20 00:57:10,742 - EXECUT - INFO - received weights from trainer statipo21!
2023-11-20 00:57:12,304 - EXECUT - INFO - received weights from trainer statipo12!
2023-11-20 00:57:12,512 - EXECUT - INFO - received weights from trainer statipo22!
2023-11-20 00:57:13,042 - EXECUT - INFO - sent aggregated weights to trainers!
2023-11-20 00:57:13,984 - METRIC - INFO - statipo12 loss: 0.04625079408288002 - accuracy: 0.987333357334137
2023-11-20 00:57:14,003 - METRIC - INFO - statipo21 loss: 0.04229750111699104 - accuracy: 0.9883333444595337
2023-11-20 00:57:14,029 - METRIC - INFO - statipo11 loss: 0.06042967736721039 - accuracy: 0.9856666922569275
2023-11-20 00:57:14,174 - METRIC - INFO - statipo22 loss: 0.05319646745920181 - accuracy: 0.9866666793823242
2023-11-20 00:57:15,046 - METRIC - INFO - mean_accuracy: 0.9870000183582306

2023-11-20 00:57:15,046 - METRIC - INFO - stop_condition: rounds
