2023-12-28 02:05:32,103 - EXECUT - INFO - starting server...
2023-12-28 02:05:40,199 - EXECUT - INFO - trainer number statipo11 just joined the pool
2023-12-28 02:05:40,246 - EXECUT - INFO - trainer number statipo19 just joined the pool
2023-12-28 02:05:40,258 - EXECUT - INFO - trainer number statipo110 just joined the pool
2023-12-28 02:05:40,259 - EXECUT - INFO - trainer number statipo22 just joined the pool
2023-12-28 02:05:40,266 - EXECUT - INFO - trainer number statipo21 just joined the pool
2023-12-28 02:05:40,281 - EXECUT - INFO - trainer number statipo12 just joined the pool
2023-12-28 02:05:40,283 - EXECUT - INFO - trainer number statipo16 just joined the pool
2023-12-28 02:05:40,303 - EXECUT - INFO - trainer number statipo14 just joined the pool
2023-12-28 02:05:40,306 - EXECUT - INFO - trainer number statipo15 just joined the pool
2023-12-28 02:05:40,312 - EXECUT - INFO - trainer number statipo17 just joined the pool
2023-12-28 02:05:40,317 - EXECUT - INFO - trainer number statipo13 just joined the pool
2023-12-28 02:05:40,319 - EXECUT - INFO - trainer number statipo18 just joined the pool
2023-12-28 02:05:41,114 - METRIC - INFO - round: 1
2023-12-28 02:05:41,115 - METRIC - INFO - selected: statipo11
2023-12-28 02:05:41,116 - METRIC - INFO - NOT_selected: statipo19
2023-12-28 02:05:41,116 - METRIC - INFO - NOT_selected: statipo110
2023-12-28 02:05:41,117 - METRIC - INFO - NOT_selected: statipo22
2023-12-28 02:05:41,117 - METRIC - INFO - selected: statipo21
2023-12-28 02:05:41,118 - METRIC - INFO - selected: statipo12
2023-12-28 02:05:41,119 - METRIC - INFO - NOT_selected: statipo16
2023-12-28 02:05:41,120 - METRIC - INFO - selected: statipo14
2023-12-28 02:05:41,121 - METRIC - INFO - NOT_selected: statipo15
2023-12-28 02:05:41,121 - METRIC - INFO - NOT_selected: statipo17
2023-12-28 02:05:41,121 - METRIC - INFO - NOT_selected: statipo13
2023-12-28 02:05:41,121 - METRIC - INFO - NOT_selected: statipo18
2023-12-28 02:05:42,779 - EXECUT - INFO - received weights from trainer statipo21!
2023-12-28 02:05:42,831 - EXECUT - INFO - received weights from trainer statipo12!
2023-12-28 02:05:42,880 - EXECUT - INFO - received weights from trainer statipo11!
2023-12-28 02:05:42,931 - EXECUT - INFO - received weights from trainer statipo14!
2023-12-28 02:05:43,249 - EXECUT - INFO - sent aggregated weights to trainers!
2023-12-28 02:05:43,875 - METRIC - INFO - statipo11 loss: 1.5934587717056274 - accuracy: 0.19070513546466827
2023-12-28 02:05:43,966 - METRIC - INFO - statipo110 loss: 1.5934587717056274 - accuracy: 0.19070513546466827
2023-12-28 02:05:43,981 - METRIC - INFO - statipo14 loss: 1.5934587717056274 - accuracy: 0.19070513546466827
2023-12-28 02:05:43,990 - METRIC - INFO - statipo12 loss: 1.5934587717056274 - accuracy: 0.19070513546466827
2023-12-28 02:05:43,992 - METRIC - INFO - statipo19 loss: 1.5934587717056274 - accuracy: 0.19070513546466827
2023-12-28 02:05:44,010 - METRIC - INFO - statipo21 loss: 1.5934587717056274 - accuracy: 0.19070513546466827
2023-12-28 02:05:44,024 - METRIC - INFO - statipo16 loss: 1.5934587717056274 - accuracy: 0.19070513546466827
2023-12-28 02:05:44,064 - METRIC - INFO - statipo17 loss: 1.5934587717056274 - accuracy: 0.19070513546466827
2023-12-28 02:05:44,070 - METRIC - INFO - statipo15 loss: 1.5934587717056274 - accuracy: 0.19070513546466827
2023-12-28 02:05:44,071 - METRIC - INFO - statipo18 loss: 1.5934587717056274 - accuracy: 0.19070513546466827
2023-12-28 02:05:44,104 - METRIC - INFO - statipo22 loss: 1.5934587717056274 - accuracy: 0.19070513546466827
2023-12-28 02:05:44,105 - METRIC - INFO - statipo13 loss: 1.5934587717056274 - accuracy: 0.19070513546466827
2023-12-28 02:05:44,251 - METRIC - INFO - mean_accuracy: 0.19070513546466827

2023-12-28 02:05:44,251 - METRIC - INFO - round: 2
2023-12-28 02:05:44,251 - METRIC - INFO - selected: statipo11
2023-12-28 02:05:44,252 - METRIC - INFO - NOT_selected: statipo19
2023-12-28 02:05:44,253 - METRIC - INFO - NOT_selected: statipo110
2023-12-28 02:05:44,255 - METRIC - INFO - NOT_selected: statipo22
2023-12-28 02:05:44,255 - METRIC - INFO - selected: statipo21
2023-12-28 02:05:44,256 - METRIC - INFO - selected: statipo12
2023-12-28 02:05:44,256 - METRIC - INFO - selected: statipo16
2023-12-28 02:05:44,256 - METRIC - INFO - NOT_selected: statipo14
2023-12-28 02:05:44,256 - METRIC - INFO - NOT_selected: statipo15
2023-12-28 02:05:44,257 - METRIC - INFO - NOT_selected: statipo17
2023-12-28 02:05:44,257 - METRIC - INFO - NOT_selected: statipo13
2023-12-28 02:05:44,257 - METRIC - INFO - NOT_selected: statipo18
2023-12-28 02:05:45,359 - EXECUT - INFO - received weights from trainer statipo12!
2023-12-28 02:05:45,563 - EXECUT - INFO - received weights from trainer statipo16!
2023-12-28 02:05:45,742 - EXECUT - INFO - received weights from trainer statipo21!
2023-12-28 02:05:45,793 - EXECUT - INFO - received weights from trainer statipo11!
2023-12-28 02:05:46,348 - EXECUT - INFO - sent aggregated weights to trainers!
2023-12-28 02:05:46,732 - METRIC - INFO - statipo12 loss: 0.5658955574035645 - accuracy: 0.754807710647583
2023-12-28 02:05:46,752 - METRIC - INFO - statipo17 loss: 0.5658955574035645 - accuracy: 0.754807710647583
2023-12-28 02:05:46,756 - METRIC - INFO - statipo16 loss: 0.5658955574035645 - accuracy: 0.754807710647583
2023-12-28 02:05:46,765 - METRIC - INFO - statipo19 loss: 0.5658955574035645 - accuracy: 0.754807710647583
2023-12-28 02:05:46,771 - METRIC - INFO - statipo13 loss: 0.5658955574035645 - accuracy: 0.754807710647583
2023-12-28 02:05:46,791 - METRIC - INFO - statipo18 loss: 0.5658955574035645 - accuracy: 0.754807710647583
2023-12-28 02:05:46,792 - METRIC - INFO - statipo15 loss: 0.5658955574035645 - accuracy: 0.754807710647583
2023-12-28 02:05:46,801 - METRIC - INFO - statipo11 loss: 0.5658955574035645 - accuracy: 0.754807710647583
2023-12-28 02:05:46,808 - METRIC - INFO - statipo14 loss: 0.5658955574035645 - accuracy: 0.754807710647583
2023-12-28 02:05:46,833 - METRIC - INFO - statipo21 loss: 0.5658955574035645 - accuracy: 0.754807710647583
2023-12-28 02:05:46,854 - METRIC - INFO - statipo22 loss: 0.5658955574035645 - accuracy: 0.754807710647583
2023-12-28 02:05:46,854 - METRIC - INFO - statipo110 loss: 0.5658955574035645 - accuracy: 0.754807710647583
2023-12-28 02:05:47,350 - METRIC - INFO - mean_accuracy: 0.754807710647583

2023-12-28 02:05:47,351 - METRIC - INFO - round: 3
2023-12-28 02:05:47,352 - METRIC - INFO - NOT_selected: statipo11
2023-12-28 02:05:47,353 - METRIC - INFO - NOT_selected: statipo19
2023-12-28 02:05:47,353 - METRIC - INFO - selected: statipo110
2023-12-28 02:05:47,355 - METRIC - INFO - NOT_selected: statipo22
2023-12-28 02:05:47,356 - METRIC - INFO - NOT_selected: statipo21
2023-12-28 02:05:47,356 - METRIC - INFO - NOT_selected: statipo12
2023-12-28 02:05:47,357 - METRIC - INFO - selected: statipo16
2023-12-28 02:05:47,358 - METRIC - INFO - NOT_selected: statipo14
2023-12-28 02:05:47,358 - METRIC - INFO - selected: statipo15
2023-12-28 02:05:47,358 - METRIC - INFO - NOT_selected: statipo17
2023-12-28 02:05:47,358 - METRIC - INFO - selected: statipo13
2023-12-28 02:05:47,358 - METRIC - INFO - NOT_selected: statipo18
2023-12-28 02:05:48,703 - EXECUT - INFO - received weights from trainer statipo13!
2023-12-28 02:05:48,753 - EXECUT - INFO - received weights from trainer statipo110!
2023-12-28 02:05:48,805 - EXECUT - INFO - received weights from trainer statipo16!
2023-12-28 02:05:49,163 - EXECUT - INFO - received weights from trainer statipo15!
2023-12-28 02:05:49,482 - EXECUT - INFO - sent aggregated weights to trainers!
2023-12-28 02:05:49,821 - METRIC - INFO - statipo11 loss: 0.34726694226264954 - accuracy: 0.8733974099159241
2023-12-28 02:05:49,846 - METRIC - INFO - statipo22 loss: 0.34726694226264954 - accuracy: 0.8733974099159241
2023-12-28 02:05:49,856 - METRIC - INFO - statipo12 loss: 0.34726694226264954 - accuracy: 0.8733974099159241
2023-12-28 02:05:49,890 - METRIC - INFO - statipo15 loss: 0.34726694226264954 - accuracy: 0.8733974099159241
2023-12-28 02:05:49,906 - METRIC - INFO - statipo21 loss: 0.34726694226264954 - accuracy: 0.8733974099159241
2023-12-28 02:05:49,909 - METRIC - INFO - statipo19 loss: 0.34726694226264954 - accuracy: 0.8733974099159241
2023-12-28 02:05:49,920 - METRIC - INFO - statipo18 loss: 0.34726694226264954 - accuracy: 0.8733974099159241
2023-12-28 02:05:49,927 - METRIC - INFO - statipo16 loss: 0.34726694226264954 - accuracy: 0.8733974099159241
2023-12-28 02:05:49,928 - METRIC - INFO - statipo110 loss: 0.34726694226264954 - accuracy: 0.8733974099159241
2023-12-28 02:05:49,929 - METRIC - INFO - statipo17 loss: 0.34726694226264954 - accuracy: 0.8733974099159241
2023-12-28 02:05:49,936 - METRIC - INFO - statipo14 loss: 0.34726694226264954 - accuracy: 0.8733974099159241
2023-12-28 02:05:49,954 - METRIC - INFO - statipo13 loss: 0.34726694226264954 - accuracy: 0.8733974099159241
2023-12-28 02:05:50,485 - METRIC - INFO - mean_accuracy: 0.8733974099159241

2023-12-28 02:05:50,486 - METRIC - INFO - round: 4
2023-12-28 02:05:50,486 - METRIC - INFO - NOT_selected: statipo11
2023-12-28 02:05:50,486 - METRIC - INFO - NOT_selected: statipo19
2023-12-28 02:05:50,487 - METRIC - INFO - NOT_selected: statipo110
2023-12-28 02:05:50,488 - METRIC - INFO - NOT_selected: statipo22
2023-12-28 02:05:50,488 - METRIC - INFO - NOT_selected: statipo21
2023-12-28 02:05:50,489 - METRIC - INFO - NOT_selected: statipo12
2023-12-28 02:05:50,489 - METRIC - INFO - selected: statipo16
2023-12-28 02:05:50,490 - METRIC - INFO - selected: statipo14
2023-12-28 02:05:50,490 - METRIC - INFO - NOT_selected: statipo15
2023-12-28 02:05:50,490 - METRIC - INFO - selected: statipo17
2023-12-28 02:05:50,490 - METRIC - INFO - selected: statipo13
2023-12-28 02:05:50,491 - METRIC - INFO - NOT_selected: statipo18
2023-12-28 02:05:51,582 - EXECUT - INFO - received weights from trainer statipo13!
2023-12-28 02:05:51,638 - EXECUT - INFO - received weights from trainer statipo16!
2023-12-28 02:05:51,814 - EXECUT - INFO - received weights from trainer statipo17!
2023-12-28 02:05:51,941 - EXECUT - INFO - received weights from trainer statipo14!
2023-12-28 02:05:52,579 - EXECUT - INFO - sent aggregated weights to trainers!
2023-12-28 02:05:52,906 - METRIC - INFO - statipo19 loss: 0.24053482711315155 - accuracy: 0.9102563858032227
2023-12-28 02:05:52,948 - METRIC - INFO - statipo14 loss: 0.24053482711315155 - accuracy: 0.9102563858032227
2023-12-28 02:05:52,971 - METRIC - INFO - statipo15 loss: 0.24053482711315155 - accuracy: 0.9102563858032227
2023-12-28 02:05:52,974 - METRIC - INFO - statipo18 loss: 0.24053482711315155 - accuracy: 0.9102563858032227
2023-12-28 02:05:52,981 - METRIC - INFO - statipo110 loss: 0.24053482711315155 - accuracy: 0.9102563858032227
2023-12-28 02:05:52,984 - METRIC - INFO - statipo11 loss: 0.24053482711315155 - accuracy: 0.9102563858032227
2023-12-28 02:05:52,985 - METRIC - INFO - statipo12 loss: 0.24053482711315155 - accuracy: 0.9102563858032227
2023-12-28 02:05:53,011 - METRIC - INFO - statipo16 loss: 0.24053482711315155 - accuracy: 0.9102563858032227
2023-12-28 02:05:53,031 - METRIC - INFO - statipo21 loss: 0.24053482711315155 - accuracy: 0.9102563858032227
2023-12-28 02:05:53,032 - METRIC - INFO - statipo22 loss: 0.24053482711315155 - accuracy: 0.9102563858032227
2023-12-28 02:05:53,043 - METRIC - INFO - statipo17 loss: 0.24053482711315155 - accuracy: 0.9102563858032227
2023-12-28 02:05:53,044 - METRIC - INFO - statipo13 loss: 0.24053482711315155 - accuracy: 0.9102563858032227
2023-12-28 02:05:53,582 - METRIC - INFO - mean_accuracy: 0.9102563858032227

2023-12-28 02:05:53,582 - METRIC - INFO - round: 5
2023-12-28 02:05:53,582 - METRIC - INFO - selected: statipo11
2023-12-28 02:05:53,583 - METRIC - INFO - selected: statipo19
2023-12-28 02:05:53,583 - METRIC - INFO - selected: statipo110
2023-12-28 02:05:53,584 - METRIC - INFO - NOT_selected: statipo22
2023-12-28 02:05:53,584 - METRIC - INFO - NOT_selected: statipo21
2023-12-28 02:05:53,584 - METRIC - INFO - NOT_selected: statipo12
2023-12-28 02:05:53,585 - METRIC - INFO - NOT_selected: statipo16
2023-12-28 02:05:53,585 - METRIC - INFO - NOT_selected: statipo14
2023-12-28 02:05:53,586 - METRIC - INFO - selected: statipo15
2023-12-28 02:05:53,587 - METRIC - INFO - NOT_selected: statipo17
2023-12-28 02:05:53,587 - METRIC - INFO - NOT_selected: statipo13
2023-12-28 02:05:53,587 - METRIC - INFO - NOT_selected: statipo18
2023-12-28 02:05:54,689 - EXECUT - INFO - received weights from trainer statipo11!
2023-12-28 02:05:54,884 - EXECUT - INFO - received weights from trainer statipo19!
2023-12-28 02:05:55,067 - EXECUT - INFO - received weights from trainer statipo15!
2023-12-28 02:05:55,120 - EXECUT - INFO - received weights from trainer statipo110!
2023-12-28 02:05:55,675 - EXECUT - INFO - sent aggregated weights to trainers!
2023-12-28 02:05:56,074 - METRIC - INFO - statipo21 loss: 0.19962579011917114 - accuracy: 0.9391025900840759
2023-12-28 02:05:56,077 - METRIC - INFO - statipo15 loss: 0.19962579011917114 - accuracy: 0.9391025900840759
2023-12-28 02:05:56,078 - METRIC - INFO - statipo16 loss: 0.19962579011917114 - accuracy: 0.9391025900840759
2023-12-28 02:05:56,088 - METRIC - INFO - statipo110 loss: 0.19962579011917114 - accuracy: 0.9391025900840759
2023-12-28 02:05:56,089 - METRIC - INFO - statipo12 loss: 0.19962579011917114 - accuracy: 0.9391025900840759
2023-12-28 02:05:56,095 - METRIC - INFO - statipo22 loss: 0.19962579011917114 - accuracy: 0.9391025900840759
2023-12-28 02:05:56,102 - METRIC - INFO - statipo17 loss: 0.19962579011917114 - accuracy: 0.9391025900840759
2023-12-28 02:05:56,114 - METRIC - INFO - statipo13 loss: 0.19962579011917114 - accuracy: 0.9391025900840759
2023-12-28 02:05:56,120 - METRIC - INFO - statipo18 loss: 0.19962579011917114 - accuracy: 0.9391025900840759
2023-12-28 02:05:56,121 - METRIC - INFO - statipo14 loss: 0.19962579011917114 - accuracy: 0.9391025900840759
2023-12-28 02:05:56,149 - METRIC - INFO - statipo11 loss: 0.19962579011917114 - accuracy: 0.9391025900840759
2023-12-28 02:05:56,157 - METRIC - INFO - statipo19 loss: 0.19962579011917114 - accuracy: 0.9391025900840759
2023-12-28 02:05:56,677 - METRIC - INFO - mean_accuracy: 0.9391025900840759

2023-12-28 02:05:56,678 - METRIC - INFO - round: 6
2023-12-28 02:05:56,678 - METRIC - INFO - selected: statipo11
2023-12-28 02:05:56,679 - METRIC - INFO - NOT_selected: statipo19
2023-12-28 02:05:56,679 - METRIC - INFO - NOT_selected: statipo110
2023-12-28 02:05:56,680 - METRIC - INFO - selected: statipo22
2023-12-28 02:05:56,681 - METRIC - INFO - NOT_selected: statipo21
2023-12-28 02:05:56,682 - METRIC - INFO - NOT_selected: statipo12
2023-12-28 02:05:56,683 - METRIC - INFO - selected: statipo16
2023-12-28 02:05:56,683 - METRIC - INFO - NOT_selected: statipo14
2023-12-28 02:05:56,683 - METRIC - INFO - NOT_selected: statipo15
2023-12-28 02:05:56,683 - METRIC - INFO - NOT_selected: statipo17
2023-12-28 02:05:56,684 - METRIC - INFO - selected: statipo13
2023-12-28 02:05:56,684 - METRIC - INFO - NOT_selected: statipo18
2023-12-28 02:05:57,783 - EXECUT - INFO - received weights from trainer statipo11!
2023-12-28 02:05:57,838 - EXECUT - INFO - received weights from trainer statipo13!
2023-12-28 02:05:58,008 - EXECUT - INFO - received weights from trainer statipo22!
2023-12-28 02:05:58,136 - EXECUT - INFO - received weights from trainer statipo16!
2023-12-28 02:05:58,772 - EXECUT - INFO - sent aggregated weights to trainers!
2023-12-28 02:05:59,126 - METRIC - INFO - statipo19 loss: 0.15839749574661255 - accuracy: 0.9407051205635071
2023-12-28 02:05:59,162 - METRIC - INFO - statipo110 loss: 0.15839749574661255 - accuracy: 0.9407051205635071
2023-12-28 02:05:59,174 - METRIC - INFO - statipo22 loss: 0.15839749574661255 - accuracy: 0.9407051205635071
2023-12-28 02:05:59,177 - METRIC - INFO - statipo14 loss: 0.15839749574661255 - accuracy: 0.9407051205635071
2023-12-28 02:05:59,180 - METRIC - INFO - statipo18 loss: 0.15839749574661255 - accuracy: 0.9407051205635071
2023-12-28 02:05:59,191 - METRIC - INFO - statipo16 loss: 0.15839749574661255 - accuracy: 0.9407051205635071
2023-12-28 02:05:59,202 - METRIC - INFO - statipo12 loss: 0.15839749574661255 - accuracy: 0.9407051205635071
2023-12-28 02:05:59,206 - METRIC - INFO - statipo15 loss: 0.15839749574661255 - accuracy: 0.9407051205635071
2023-12-28 02:05:59,211 - METRIC - INFO - statipo11 loss: 0.15839749574661255 - accuracy: 0.9407051205635071
2023-12-28 02:05:59,226 - METRIC - INFO - statipo13 loss: 0.15839749574661255 - accuracy: 0.9407051205635071
2023-12-28 02:05:59,231 - METRIC - INFO - statipo21 loss: 0.15839749574661255 - accuracy: 0.9407051205635071
2023-12-28 02:05:59,276 - METRIC - INFO - statipo17 loss: 0.15839749574661255 - accuracy: 0.9407051205635071
2023-12-28 02:05:59,774 - METRIC - INFO - mean_accuracy: 0.9407051205635071

2023-12-28 02:05:59,775 - METRIC - INFO - round: 7
2023-12-28 02:05:59,775 - METRIC - INFO - NOT_selected: statipo11
2023-12-28 02:05:59,776 - METRIC - INFO - selected: statipo19
2023-12-28 02:05:59,776 - METRIC - INFO - NOT_selected: statipo110
2023-12-28 02:05:59,777 - METRIC - INFO - NOT_selected: statipo22
2023-12-28 02:05:59,778 - METRIC - INFO - selected: statipo21
2023-12-28 02:05:59,778 - METRIC - INFO - NOT_selected: statipo12
2023-12-28 02:05:59,779 - METRIC - INFO - NOT_selected: statipo16
2023-12-28 02:05:59,780 - METRIC - INFO - NOT_selected: statipo14
2023-12-28 02:05:59,780 - METRIC - INFO - selected: statipo15
2023-12-28 02:05:59,781 - METRIC - INFO - selected: statipo17
2023-12-28 02:05:59,781 - METRIC - INFO - NOT_selected: statipo13
2023-12-28 02:05:59,781 - METRIC - INFO - NOT_selected: statipo18
2023-12-28 02:06:00,897 - EXECUT - INFO - received weights from trainer statipo19!
2023-12-28 02:06:00,951 - EXECUT - INFO - received weights from trainer statipo21!
2023-12-28 02:06:01,004 - EXECUT - INFO - received weights from trainer statipo17!
2023-12-28 02:06:01,269 - EXECUT - INFO - received weights from trainer statipo15!
2023-12-28 02:06:01,870 - EXECUT - INFO - sent aggregated weights to trainers!
2023-12-28 02:06:02,224 - METRIC - INFO - statipo19 loss: 0.1328640878200531 - accuracy: 0.9615384340286255
2023-12-28 02:06:02,255 - METRIC - INFO - statipo110 loss: 0.1328640878200531 - accuracy: 0.9615384340286255
2023-12-28 02:06:02,279 - METRIC - INFO - statipo15 loss: 0.1328640878200531 - accuracy: 0.9615384340286255
2023-12-28 02:06:02,286 - METRIC - INFO - statipo18 loss: 0.1328640878200531 - accuracy: 0.9615384340286255
2023-12-28 02:06:02,289 - METRIC - INFO - statipo21 loss: 0.1328640878200531 - accuracy: 0.9615384340286255
2023-12-28 02:06:02,291 - METRIC - INFO - statipo11 loss: 0.1328640878200531 - accuracy: 0.9615384340286255
2023-12-28 02:06:02,300 - METRIC - INFO - statipo22 loss: 0.1328640878200531 - accuracy: 0.9615384340286255
2023-12-28 02:06:02,305 - METRIC - INFO - statipo12 loss: 0.1328640878200531 - accuracy: 0.9615384340286255
2023-12-28 02:06:02,307 - METRIC - INFO - statipo14 loss: 0.1328640878200531 - accuracy: 0.9615384340286255
2023-12-28 02:06:02,307 - METRIC - INFO - statipo13 loss: 0.1328640878200531 - accuracy: 0.9615384340286255
2023-12-28 02:06:02,312 - METRIC - INFO - statipo16 loss: 0.1328640878200531 - accuracy: 0.9615384340286255
2023-12-28 02:06:02,386 - METRIC - INFO - statipo17 loss: 0.1328640878200531 - accuracy: 0.9615384340286255
2023-12-28 02:06:02,871 - METRIC - INFO - mean_accuracy: 0.9615384340286255

2023-12-28 02:06:02,872 - METRIC - INFO - round: 8
2023-12-28 02:06:02,872 - METRIC - INFO - NOT_selected: statipo11
2023-12-28 02:06:02,872 - METRIC - INFO - NOT_selected: statipo19
2023-12-28 02:06:02,873 - METRIC - INFO - NOT_selected: statipo110
2023-12-28 02:06:02,873 - METRIC - INFO - selected: statipo22
2023-12-28 02:06:02,874 - METRIC - INFO - selected: statipo21
2023-12-28 02:06:02,874 - METRIC - INFO - NOT_selected: statipo12
2023-12-28 02:06:02,875 - METRIC - INFO - NOT_selected: statipo16
2023-12-28 02:06:02,875 - METRIC - INFO - NOT_selected: statipo14
2023-12-28 02:06:02,876 - METRIC - INFO - selected: statipo15
2023-12-28 02:06:02,876 - METRIC - INFO - NOT_selected: statipo17
2023-12-28 02:06:02,876 - METRIC - INFO - selected: statipo13
2023-12-28 02:06:02,876 - METRIC - INFO - NOT_selected: statipo18
2023-12-28 02:06:04,002 - EXECUT - INFO - received weights from trainer statipo22!
2023-12-28 02:06:04,055 - EXECUT - INFO - received weights from trainer statipo15!
2023-12-28 02:06:04,368 - EXECUT - INFO - received weights from trainer statipo21!
2023-12-28 02:06:04,421 - EXECUT - INFO - received weights from trainer statipo13!
2023-12-28 02:06:04,965 - EXECUT - INFO - sent aggregated weights to trainers!
2023-12-28 02:06:05,266 - METRIC - INFO - statipo110 loss: 0.12561392784118652 - accuracy: 0.9519230723381042
2023-12-28 02:06:05,292 - METRIC - INFO - statipo22 loss: 0.12561392784118652 - accuracy: 0.9519230723381042
2023-12-28 02:06:05,293 - METRIC - INFO - statipo16 loss: 0.12561392784118652 - accuracy: 0.9519230723381042
2023-12-28 02:06:05,363 - METRIC - INFO - statipo12 loss: 0.12561392784118652 - accuracy: 0.9519230723381042
2023-12-28 02:06:05,379 - METRIC - INFO - statipo19 loss: 0.12561392784118652 - accuracy: 0.9519230723381042
2023-12-28 02:06:05,382 - METRIC - INFO - statipo21 loss: 0.12561392784118652 - accuracy: 0.9519230723381042
2023-12-28 02:06:05,387 - METRIC - INFO - statipo15 loss: 0.12561392784118652 - accuracy: 0.9519230723381042
2023-12-28 02:06:05,390 - METRIC - INFO - statipo17 loss: 0.12561392784118652 - accuracy: 0.9519230723381042
2023-12-28 02:06:05,416 - METRIC - INFO - statipo14 loss: 0.12561392784118652 - accuracy: 0.9519230723381042
2023-12-28 02:06:05,432 - METRIC - INFO - statipo11 loss: 0.12561392784118652 - accuracy: 0.9519230723381042
2023-12-28 02:06:05,438 - METRIC - INFO - statipo13 loss: 0.12561392784118652 - accuracy: 0.9519230723381042
2023-12-28 02:06:05,439 - METRIC - INFO - statipo18 loss: 0.12561392784118652 - accuracy: 0.9519230723381042
2023-12-28 02:06:05,967 - METRIC - INFO - mean_accuracy: 0.9519230723381042

2023-12-28 02:06:05,967 - METRIC - INFO - round: 9
2023-12-28 02:06:05,967 - METRIC - INFO - NOT_selected: statipo11
2023-12-28 02:06:05,968 - METRIC - INFO - selected: statipo19
2023-12-28 02:06:05,968 - METRIC - INFO - NOT_selected: statipo110
2023-12-28 02:06:05,969 - METRIC - INFO - selected: statipo22
2023-12-28 02:06:05,969 - METRIC - INFO - selected: statipo21
2023-12-28 02:06:05,969 - METRIC - INFO - NOT_selected: statipo12
2023-12-28 02:06:05,970 - METRIC - INFO - NOT_selected: statipo16
2023-12-28 02:06:05,970 - METRIC - INFO - NOT_selected: statipo14
2023-12-28 02:06:05,970 - METRIC - INFO - NOT_selected: statipo15
2023-12-28 02:06:05,971 - METRIC - INFO - NOT_selected: statipo17
2023-12-28 02:06:05,971 - METRIC - INFO - NOT_selected: statipo13
2023-12-28 02:06:05,971 - METRIC - INFO - selected: statipo18
2023-12-28 02:06:07,083 - EXECUT - INFO - received weights from trainer statipo21!
2023-12-28 02:06:07,312 - EXECUT - INFO - received weights from trainer statipo18!
2023-12-28 02:06:07,420 - EXECUT - INFO - received weights from trainer statipo22!
2023-12-28 02:06:07,473 - EXECUT - INFO - received weights from trainer statipo19!
2023-12-28 02:06:08,060 - EXECUT - INFO - sent aggregated weights to trainers!
2023-12-28 02:06:08,324 - METRIC - INFO - statipo110 loss: 0.09266508370637894 - accuracy: 0.9663461446762085
2023-12-28 02:06:08,390 - METRIC - INFO - statipo11 loss: 0.09266508370637894 - accuracy: 0.9663461446762085
2023-12-28 02:06:08,416 - METRIC - INFO - statipo19 loss: 0.09266508370637894 - accuracy: 0.9663461446762085
2023-12-28 02:06:08,427 - METRIC - INFO - statipo15 loss: 0.09266508370637894 - accuracy: 0.9663461446762085
2023-12-28 02:06:08,433 - METRIC - INFO - statipo12 loss: 0.09266508370637894 - accuracy: 0.9663461446762085
2023-12-28 02:06:08,480 - METRIC - INFO - statipo21 loss: 0.09266508370637894 - accuracy: 0.9663461446762085
2023-12-28 02:06:08,498 - METRIC - INFO - statipo16 loss: 0.09266508370637894 - accuracy: 0.9663461446762085
2023-12-28 02:06:08,502 - METRIC - INFO - statipo18 loss: 0.09266508370637894 - accuracy: 0.9663461446762085
2023-12-28 02:06:08,504 - METRIC - INFO - statipo22 loss: 0.09266508370637894 - accuracy: 0.9663461446762085
2023-12-28 02:06:08,508 - METRIC - INFO - statipo14 loss: 0.09266508370637894 - accuracy: 0.9663461446762085
2023-12-28 02:06:08,512 - METRIC - INFO - statipo13 loss: 0.09266508370637894 - accuracy: 0.9663461446762085
2023-12-28 02:06:08,536 - METRIC - INFO - statipo17 loss: 0.09266508370637894 - accuracy: 0.9663461446762085
2023-12-28 02:06:09,062 - METRIC - INFO - mean_accuracy: 0.9663461446762085

2023-12-28 02:06:09,062 - METRIC - INFO - round: 10
2023-12-28 02:06:09,062 - METRIC - INFO - NOT_selected: statipo11
2023-12-28 02:06:09,063 - METRIC - INFO - NOT_selected: statipo19
2023-12-28 02:06:09,063 - METRIC - INFO - NOT_selected: statipo110
2023-12-28 02:06:09,064 - METRIC - INFO - NOT_selected: statipo22
2023-12-28 02:06:09,064 - METRIC - INFO - selected: statipo21
2023-12-28 02:06:09,066 - METRIC - INFO - NOT_selected: statipo12
2023-12-28 02:06:09,068 - METRIC - INFO - selected: statipo16
2023-12-28 02:06:09,068 - METRIC - INFO - selected: statipo14
2023-12-28 02:06:09,069 - METRIC - INFO - selected: statipo15
2023-12-28 02:06:09,070 - METRIC - INFO - NOT_selected: statipo17
2023-12-28 02:06:09,070 - METRIC - INFO - NOT_selected: statipo13
2023-12-28 02:06:09,071 - METRIC - INFO - NOT_selected: statipo18
2023-12-28 02:06:10,188 - EXECUT - INFO - received weights from trainer statipo16!
2023-12-28 02:06:10,241 - EXECUT - INFO - received weights from trainer statipo14!
2023-12-28 02:06:10,556 - EXECUT - INFO - received weights from trainer statipo21!
2023-12-28 02:06:10,609 - EXECUT - INFO - received weights from trainer statipo15!
2023-12-28 02:06:11,158 - EXECUT - INFO - sent aggregated weights to trainers!
2023-12-28 02:06:11,527 - METRIC - INFO - statipo16 loss: 0.08505921810865402 - accuracy: 0.9711538553237915
2023-12-28 02:06:11,554 - METRIC - INFO - statipo22 loss: 0.08505921810865402 - accuracy: 0.9711538553237915
2023-12-28 02:06:11,555 - METRIC - INFO - statipo12 loss: 0.08505921810865402 - accuracy: 0.9711538553237915
2023-12-28 02:06:11,571 - METRIC - INFO - statipo14 loss: 0.08505921810865402 - accuracy: 0.9711538553237915
2023-12-28 02:06:11,593 - METRIC - INFO - statipo11 loss: 0.08505921810865402 - accuracy: 0.9711538553237915
2023-12-28 02:06:11,593 - METRIC - INFO - statipo19 loss: 0.08505921810865402 - accuracy: 0.9711538553237915
2023-12-28 02:06:11,604 - METRIC - INFO - statipo18 loss: 0.08505921810865402 - accuracy: 0.9711538553237915
2023-12-28 02:06:11,607 - METRIC - INFO - statipo110 loss: 0.08505921810865402 - accuracy: 0.9711538553237915
2023-12-28 02:06:11,624 - METRIC - INFO - statipo13 loss: 0.08505921810865402 - accuracy: 0.9711538553237915
2023-12-28 02:06:11,628 - METRIC - INFO - statipo15 loss: 0.08505921810865402 - accuracy: 0.9711538553237915
2023-12-28 02:06:11,640 - METRIC - INFO - statipo17 loss: 0.08505921810865402 - accuracy: 0.9711538553237915
2023-12-28 02:06:11,652 - METRIC - INFO - statipo21 loss: 0.08505921810865402 - accuracy: 0.9711538553237915
2023-12-28 02:06:12,160 - METRIC - INFO - mean_accuracy: 0.9711538553237915

2023-12-28 02:06:12,160 - METRIC - INFO - stop_condition: rounds
