2024-02-27 12:39:21,644 - EXECUT - INFO - starting server...
2024-02-27 12:39:27,755 - EXECUT - INFO - trainer number statipo15 just joined the pool
2024-02-27 12:39:27,799 - EXECUT - INFO - trainer number statipo14 just joined the pool
2024-02-27 12:39:27,799 - EXECUT - INFO - trainer number statipo21 just joined the pool
2024-02-27 12:39:27,799 - EXECUT - INFO - trainer number statipo11 just joined the pool
2024-02-27 12:39:27,799 - EXECUT - INFO - trainer number statipo13 just joined the pool
2024-02-27 12:39:27,822 - EXECUT - INFO - trainer number statipo12 just joined the pool
2024-02-27 12:39:28,651 - METRIC - INFO - round: 1
2024-02-27 12:39:28,651 - METRIC - INFO - n_selected: 3
2024-02-27 12:39:28,651 - METRIC - INFO - selected_trainers: statipo12 - statipo13 - statipo14
2024-02-27 12:39:29,889 - EXECUT - INFO - received weights from trainer statipo12!
2024-02-27 12:39:30,073 - EXECUT - INFO - received weights from trainer statipo14!
2024-02-27 12:39:30,126 - EXECUT - INFO - received weights from trainer statipo13!
2024-02-27 12:39:30,749 - EXECUT - INFO - sent aggregated weights to trainers!
2024-02-27 12:39:30,917 - METRIC - INFO - statipo12 loss: 1.0335825681686401 - accuracy: 0.5363984704017639
2024-02-27 12:39:30,931 - METRIC - INFO - statipo11 loss: 17.33022117614746 - accuracy: 0.1458333283662796
2024-02-27 12:39:30,945 - METRIC - INFO - statipo14 loss: 0.11133089661598206 - accuracy: 0.9548022747039795
2024-02-27 12:39:30,946 - METRIC - INFO - statipo21 loss: 32.574676513671875 - accuracy: 0.22140762209892273
2024-02-27 12:39:30,949 - METRIC - INFO - statipo13 loss: 1.0842561721801758 - accuracy: 0.5243589878082275
2024-02-27 12:39:30,952 - METRIC - INFO - statipo15 loss: 27.995983123779297 - accuracy: 0.15934959053993225
2024-02-27 12:39:31,750 - METRIC - INFO - mean_accuracy: 0.4236917123198509

2024-02-27 12:39:31,751 - METRIC - INFO - round: 2
2024-02-27 12:39:31,751 - METRIC - INFO - n_selected: 3
2024-02-27 12:39:31,751 - METRIC - INFO - selected_trainers: statipo11 - statipo13 - statipo12
2024-02-27 12:39:32,670 - EXECUT - INFO - received weights from trainer statipo12!
2024-02-27 12:39:32,946 - EXECUT - INFO - received weights from trainer statipo13!
2024-02-27 12:39:33,069 - EXECUT - INFO - received weights from trainer statipo11!
2024-02-27 12:39:33,878 - EXECUT - INFO - sent aggregated weights to trainers!
2024-02-27 12:39:34,032 - METRIC - INFO - statipo14 loss: 1.7978893518447876 - accuracy: 0.26836156845092773
2024-02-27 12:39:34,037 - METRIC - INFO - statipo13 loss: 0.4276358485221863 - accuracy: 0.8423076868057251
2024-02-27 12:39:34,040 - METRIC - INFO - statipo11 loss: 0.3849429190158844 - accuracy: 0.8621794581413269
2024-02-27 12:39:34,040 - METRIC - INFO - statipo12 loss: 0.5127412676811218 - accuracy: 0.7911877632141113
2024-02-27 12:39:34,053 - METRIC - INFO - statipo21 loss: 4.636782646179199 - accuracy: 0.20381231606006622
2024-02-27 12:39:34,059 - METRIC - INFO - statipo15 loss: 7.2499799728393555 - accuracy: 0.16260161995887756
2024-02-27 12:39:34,879 - METRIC - INFO - mean_accuracy: 0.5217417354385058

2024-02-27 12:39:34,879 - METRIC - INFO - round: 3
2024-02-27 12:39:34,880 - METRIC - INFO - n_selected: 3
2024-02-27 12:39:34,880 - METRIC - INFO - selected_trainers: statipo14 - statipo12 - statipo21
2024-02-27 12:39:35,697 - EXECUT - INFO - received weights from trainer statipo12!
2024-02-27 12:39:36,117 - EXECUT - INFO - received weights from trainer statipo21!
2024-02-27 12:39:36,368 - EXECUT - INFO - received weights from trainer statipo14!
2024-02-27 12:39:36,968 - EXECUT - INFO - sent aggregated weights to trainers!
2024-02-27 12:39:37,110 - METRIC - INFO - statipo12 loss: 0.21025754511356354 - accuracy: 0.9329501986503601
2024-02-27 12:39:37,120 - METRIC - INFO - statipo15 loss: 4.227505683898926 - accuracy: 0.2195121943950653
2024-02-27 12:39:37,125 - METRIC - INFO - statipo11 loss: 1.6108325719833374 - accuracy: 0.46794870495796204
2024-02-27 12:39:37,127 - METRIC - INFO - statipo21 loss: 0.26523783802986145 - accuracy: 0.9076246619224548
2024-02-27 12:39:37,144 - METRIC - INFO - statipo13 loss: 1.1457042694091797 - accuracy: 0.5641025900840759
2024-02-27 12:39:37,145 - METRIC - INFO - statipo14 loss: 0.11125503480434418 - accuracy: 0.9618644118309021
2024-02-27 12:39:37,971 - METRIC - INFO - mean_accuracy: 0.6756671269734701

2024-02-27 12:39:37,971 - METRIC - INFO - round: 4
2024-02-27 12:39:37,971 - METRIC - INFO - n_selected: 3
2024-02-27 12:39:37,971 - METRIC - INFO - selected_trainers: statipo14 - statipo15 - statipo13
2024-02-27 12:39:39,002 - EXECUT - INFO - received weights from trainer statipo14!
2024-02-27 12:39:39,056 - EXECUT - INFO - received weights from trainer statipo13!
2024-02-27 12:39:39,187 - EXECUT - INFO - received weights from trainer statipo15!
2024-02-27 12:39:40,118 - EXECUT - INFO - sent aggregated weights to trainers!
2024-02-27 12:39:40,269 - METRIC - INFO - statipo14 loss: 0.14364305138587952 - accuracy: 0.9307909607887268
2024-02-27 12:39:40,272 - METRIC - INFO - statipo13 loss: 0.3167001008987427 - accuracy: 0.8692307472229004
2024-02-27 12:39:40,285 - METRIC - INFO - statipo11 loss: 1.5187921524047852 - accuracy: 0.5480769276618958
2024-02-27 12:39:40,294 - METRIC - INFO - statipo15 loss: 0.3334091901779175 - accuracy: 0.8747967481613159
2024-02-27 12:39:40,299 - METRIC - INFO - statipo21 loss: 0.7229272723197937 - accuracy: 0.7023460268974304
2024-02-27 12:39:40,303 - METRIC - INFO - statipo12 loss: 2.1119213104248047 - accuracy: 0.38697317242622375
2024-02-27 12:39:41,120 - METRIC - INFO - mean_accuracy: 0.7187024305264155

2024-02-27 12:39:41,121 - METRIC - INFO - round: 5
2024-02-27 12:39:41,121 - METRIC - INFO - n_selected: 3
2024-02-27 12:39:41,121 - METRIC - INFO - selected_trainers: statipo21 - statipo14 - statipo13
2024-02-27 12:39:42,152 - EXECUT - INFO - received weights from trainer statipo14!
2024-02-27 12:39:42,205 - EXECUT - INFO - received weights from trainer statipo13!
2024-02-27 12:39:42,586 - EXECUT - INFO - received weights from trainer statipo21!
2024-02-27 12:39:43,271 - EXECUT - INFO - sent aggregated weights to trainers!
2024-02-27 12:39:43,416 - METRIC - INFO - statipo11 loss: 1.8254287242889404 - accuracy: 0.5032051205635071
2024-02-27 12:39:43,420 - METRIC - INFO - statipo14 loss: 0.11675895750522614 - accuracy: 0.9519773721694946
2024-02-27 12:39:43,420 - METRIC - INFO - statipo21 loss: 0.1896965205669403 - accuracy: 0.9252199530601501
2024-02-27 12:39:43,420 - METRIC - INFO - statipo13 loss: 0.3054102063179016 - accuracy: 0.8666666746139526
2024-02-27 12:39:43,424 - METRIC - INFO - statipo12 loss: 3.2077596187591553 - accuracy: 0.2586206793785095
2024-02-27 12:39:43,445 - METRIC - INFO - statipo15 loss: 2.6194450855255127 - accuracy: 0.35121950507164
2024-02-27 12:39:44,273 - METRIC - INFO - mean_accuracy: 0.642818217476209

2024-02-27 12:39:44,273 - METRIC - INFO - round: 6
2024-02-27 12:39:44,273 - METRIC - INFO - n_selected: 3
2024-02-27 12:39:44,273 - METRIC - INFO - selected_trainers: statipo14 - statipo21 - statipo12
2024-02-27 12:39:45,232 - EXECUT - INFO - received weights from trainer statipo21!
2024-02-27 12:39:45,286 - EXECUT - INFO - received weights from trainer statipo14!
2024-02-27 12:39:45,721 - EXECUT - INFO - received weights from trainer statipo12!
2024-02-27 12:39:46,370 - EXECUT - INFO - sent aggregated weights to trainers!
2024-02-27 12:39:46,518 - METRIC - INFO - statipo11 loss: 2.451662540435791 - accuracy: 0.5016025900840759
2024-02-27 12:39:46,521 - METRIC - INFO - statipo12 loss: 0.2041085660457611 - accuracy: 0.9272030591964722
2024-02-27 12:39:46,525 - METRIC - INFO - statipo13 loss: 1.2878518104553223 - accuracy: 0.5384615659713745
2024-02-27 12:39:46,539 - METRIC - INFO - statipo21 loss: 0.1825462132692337 - accuracy: 0.9398826956748962
2024-02-27 12:39:46,546 - METRIC - INFO - statipo14 loss: 0.06541087478399277 - accuracy: 0.9717513918876648
2024-02-27 12:39:46,548 - METRIC - INFO - statipo15 loss: 5.1828932762146 - accuracy: 0.28455284237861633
2024-02-27 12:39:47,373 - METRIC - INFO - mean_accuracy: 0.69390902419885

2024-02-27 12:39:47,373 - METRIC - INFO - round: 7
2024-02-27 12:39:47,373 - METRIC - INFO - n_selected: 3
2024-02-27 12:39:47,373 - METRIC - INFO - selected_trainers: statipo15 - statipo21 - statipo14
2024-02-27 12:39:48,365 - EXECUT - INFO - received weights from trainer statipo21!
2024-02-27 12:39:48,418 - EXECUT - INFO - received weights from trainer statipo14!
2024-02-27 12:39:48,826 - EXECUT - INFO - received weights from trainer statipo15!
2024-02-27 12:39:49,500 - EXECUT - INFO - sent aggregated weights to trainers!
2024-02-27 12:39:49,644 - METRIC - INFO - statipo14 loss: 0.12911483645439148 - accuracy: 0.9392655491828918
2024-02-27 12:39:49,648 - METRIC - INFO - statipo13 loss: 3.91215443611145 - accuracy: 0.3025641143321991
2024-02-27 12:39:49,651 - METRIC - INFO - statipo11 loss: 3.0826430320739746 - accuracy: 0.5192307829856873
2024-02-27 12:39:49,668 - METRIC - INFO - statipo21 loss: 0.14494505524635315 - accuracy: 0.9530791640281677
2024-02-27 12:39:49,680 - METRIC - INFO - statipo12 loss: 2.704063653945923 - accuracy: 0.43869730830192566
2024-02-27 12:39:49,683 - METRIC - INFO - statipo15 loss: 0.23116546869277954 - accuracy: 0.8991869688034058
2024-02-27 12:39:50,503 - METRIC - INFO - mean_accuracy: 0.6753373146057129

2024-02-27 12:39:50,503 - METRIC - INFO - round: 8
2024-02-27 12:39:50,504 - METRIC - INFO - n_selected: 3
2024-02-27 12:39:50,504 - METRIC - INFO - selected_trainers: statipo12 - statipo15 - statipo13
2024-02-27 12:39:51,326 - EXECUT - INFO - received weights from trainer statipo12!
2024-02-27 12:39:51,425 - EXECUT - INFO - received weights from trainer statipo15!
2024-02-27 12:39:51,552 - EXECUT - INFO - received weights from trainer statipo13!
2024-02-27 12:39:52,670 - EXECUT - INFO - sent aggregated weights to trainers!
2024-02-27 12:39:52,830 - METRIC - INFO - statipo21 loss: 0.36191993951797485 - accuracy: 0.859237551689148
2024-02-27 12:39:52,838 - METRIC - INFO - statipo13 loss: 0.2528739273548126 - accuracy: 0.892307698726654
2024-02-27 12:39:52,841 - METRIC - INFO - statipo12 loss: 0.10511991381645203 - accuracy: 0.9578543901443481
2024-02-27 12:39:52,843 - METRIC - INFO - statipo14 loss: 0.2065366506576538 - accuracy: 0.9194915294647217
2024-02-27 12:39:52,848 - METRIC - INFO - statipo11 loss: 2.5936977863311768 - accuracy: 0.5544871687889099
2024-02-27 12:39:52,855 - METRIC - INFO - statipo15 loss: 0.15414002537727356 - accuracy: 0.9398373961448669
2024-02-27 12:39:53,672 - METRIC - INFO - mean_accuracy: 0.8538692891597748

2024-02-27 12:39:53,672 - METRIC - INFO - round: 9
2024-02-27 12:39:53,672 - METRIC - INFO - n_selected: 3
2024-02-27 12:39:53,673 - METRIC - INFO - selected_trainers: statipo11 - statipo14 - statipo13
2024-02-27 12:39:54,685 - EXECUT - INFO - received weights from trainer statipo14!
2024-02-27 12:39:54,752 - EXECUT - INFO - received weights from trainer statipo13!
2024-02-27 12:39:55,121 - EXECUT - INFO - received weights from trainer statipo11!
2024-02-27 12:39:55,767 - EXECUT - INFO - sent aggregated weights to trainers!
2024-02-27 12:39:55,917 - METRIC - INFO - statipo21 loss: 0.8808788657188416 - accuracy: 0.7228739261627197
2024-02-27 12:39:55,917 - METRIC - INFO - statipo14 loss: 0.06937573105096817 - accuracy: 0.9731638431549072
2024-02-27 12:39:55,920 - METRIC - INFO - statipo13 loss: 0.22367717325687408 - accuracy: 0.906410276889801
2024-02-27 12:39:55,939 - METRIC - INFO - statipo11 loss: 0.17527201771736145 - accuracy: 0.942307710647583
2024-02-27 12:39:55,949 - METRIC - INFO - statipo15 loss: 1.2545853853225708 - accuracy: 0.5902438759803772
2024-02-27 12:39:55,960 - METRIC - INFO - statipo12 loss: 1.336791753768921 - accuracy: 0.6091954112052917
2024-02-27 12:39:56,769 - METRIC - INFO - mean_accuracy: 0.79069917400678

2024-02-27 12:39:56,769 - METRIC - INFO - round: 10
2024-02-27 12:39:56,769 - METRIC - INFO - n_selected: 3
2024-02-27 12:39:56,770 - METRIC - INFO - selected_trainers: statipo13 - statipo12 - statipo14
2024-02-27 12:39:57,588 - EXECUT - INFO - received weights from trainer statipo12!
2024-02-27 12:39:57,773 - EXECUT - INFO - received weights from trainer statipo14!
2024-02-27 12:39:57,827 - EXECUT - INFO - received weights from trainer statipo13!
2024-02-27 12:39:58,856 - EXECUT - INFO - sent aggregated weights to trainers!
2024-02-27 12:39:59,003 - METRIC - INFO - statipo14 loss: 0.055045563727617264 - accuracy: 0.9774011373519897
2024-02-27 12:39:59,004 - METRIC - INFO - statipo21 loss: 0.9015809297561646 - accuracy: 0.7082111239433289
2024-02-27 12:39:59,007 - METRIC - INFO - statipo12 loss: 0.07461197674274445 - accuracy: 0.9789271950721741
2024-02-27 12:39:59,020 - METRIC - INFO - statipo13 loss: 0.21592625975608826 - accuracy: 0.9012820720672607
2024-02-27 12:39:59,026 - METRIC - INFO - statipo11 loss: 1.234020709991455 - accuracy: 0.6762820482254028
2024-02-27 12:39:59,036 - METRIC - INFO - statipo15 loss: 2.131314277648926 - accuracy: 0.4943089485168457
2024-02-27 12:39:59,858 - METRIC - INFO - mean_accuracy: 0.7894020875295004

2024-02-27 12:39:59,858 - METRIC - INFO - round: 11
2024-02-27 12:39:59,859 - METRIC - INFO - n_selected: 3
2024-02-27 12:39:59,859 - METRIC - INFO - selected_trainers: statipo14 - statipo15 - statipo21
2024-02-27 12:40:00,796 - EXECUT - INFO - received weights from trainer statipo15!
2024-02-27 12:40:00,862 - EXECUT - INFO - received weights from trainer statipo21!
2024-02-27 12:40:01,310 - EXECUT - INFO - received weights from trainer statipo14!
2024-02-27 12:40:01,949 - EXECUT - INFO - sent aggregated weights to trainers!
2024-02-27 12:40:02,093 - METRIC - INFO - statipo21 loss: 0.14211077988147736 - accuracy: 0.9384164214134216
2024-02-27 12:40:02,094 - METRIC - INFO - statipo11 loss: 1.815146803855896 - accuracy: 0.6442307829856873
2024-02-27 12:40:02,106 - METRIC - INFO - statipo13 loss: 0.4811096489429474 - accuracy: 0.7987179756164551
2024-02-27 12:40:02,130 - METRIC - INFO - statipo15 loss: 0.18242894113063812 - accuracy: 0.9365853667259216
2024-02-27 12:40:02,132 - METRIC - INFO - statipo14 loss: 0.05392079800367355 - accuracy: 0.9731638431549072
2024-02-27 12:40:02,142 - METRIC - INFO - statipo12 loss: 1.7182917594909668 - accuracy: 0.6015325784683228
2024-02-27 12:40:02,952 - METRIC - INFO - mean_accuracy: 0.8154411613941193

2024-02-27 12:40:02,952 - METRIC - INFO - round: 12
2024-02-27 12:40:02,953 - METRIC - INFO - n_selected: 3
2024-02-27 12:40:02,953 - METRIC - INFO - selected_trainers: statipo12 - statipo14 - statipo11
2024-02-27 12:40:03,781 - EXECUT - INFO - received weights from trainer statipo12!
2024-02-27 12:40:03,948 - EXECUT - INFO - received weights from trainer statipo14!
2024-02-27 12:40:04,436 - EXECUT - INFO - received weights from trainer statipo11!
2024-02-27 12:40:05,078 - EXECUT - INFO - sent aggregated weights to trainers!
2024-02-27 12:40:05,225 - METRIC - INFO - statipo15 loss: 1.9301400184631348 - accuracy: 0.5512195229530334
2024-02-27 12:40:05,225 - METRIC - INFO - statipo11 loss: 0.08779796957969666 - accuracy: 0.9775640964508057
2024-02-27 12:40:05,231 - METRIC - INFO - statipo14 loss: 0.05681116506457329 - accuracy: 0.9802259802818298
2024-02-27 12:40:05,248 - METRIC - INFO - statipo21 loss: 0.4697716236114502 - accuracy: 0.8401759266853333
2024-02-27 12:40:05,260 - METRIC - INFO - statipo13 loss: 0.9399672150611877 - accuracy: 0.7012820243835449
2024-02-27 12:40:05,274 - METRIC - INFO - statipo12 loss: 0.08061845600605011 - accuracy: 0.9712643623352051
2024-02-27 12:40:06,079 - METRIC - INFO - mean_accuracy: 0.836955318848292

2024-02-27 12:40:06,080 - METRIC - INFO - round: 13
2024-02-27 12:40:06,080 - METRIC - INFO - n_selected: 3
2024-02-27 12:40:06,080 - METRIC - INFO - selected_trainers: statipo13 - statipo11 - statipo21
2024-02-27 12:40:07,025 - EXECUT - INFO - received weights from trainer statipo11!
2024-02-27 12:40:07,085 - EXECUT - INFO - received weights from trainer statipo21!
2024-02-27 12:40:07,164 - EXECUT - INFO - received weights from trainer statipo13!
2024-02-27 12:40:08,172 - EXECUT - INFO - sent aggregated weights to trainers!
2024-02-27 12:40:08,317 - METRIC - INFO - statipo11 loss: 0.07519234716892242 - accuracy: 0.9807692170143127
2024-02-27 12:40:08,318 - METRIC - INFO - statipo12 loss: 2.3132576942443848 - accuracy: 0.5057471394538879
2024-02-27 12:40:08,322 - METRIC - INFO - statipo21 loss: 0.12539729475975037 - accuracy: 0.96334308385849
2024-02-27 12:40:08,328 - METRIC - INFO - statipo15 loss: 2.6844840049743652 - accuracy: 0.4764227569103241
2024-02-27 12:40:08,344 - METRIC - INFO - statipo14 loss: 0.16389024257659912 - accuracy: 0.9307909607887268
2024-02-27 12:40:08,351 - METRIC - INFO - statipo13 loss: 0.26249563694000244 - accuracy: 0.9115384817123413
2024-02-27 12:40:09,174 - METRIC - INFO - mean_accuracy: 0.7947686066230139

2024-02-27 12:40:09,174 - METRIC - INFO - round: 14
2024-02-27 12:40:09,174 - METRIC - INFO - n_selected: 3
2024-02-27 12:40:09,174 - METRIC - INFO - selected_trainers: statipo15 - statipo12 - statipo11
2024-02-27 12:40:10,004 - EXECUT - INFO - received weights from trainer statipo12!
2024-02-27 12:40:10,085 - EXECUT - INFO - received weights from trainer statipo15!
2024-02-27 12:40:10,138 - EXECUT - INFO - received weights from trainer statipo11!
2024-02-27 12:40:10,268 - EXECUT - INFO - sent aggregated weights to trainers!
2024-02-27 12:40:10,416 - METRIC - INFO - statipo14 loss: 1.0001962184906006 - accuracy: 0.7401130199432373
2024-02-27 12:40:10,417 - METRIC - INFO - statipo11 loss: 0.07817474752664566 - accuracy: 0.9791666865348816
2024-02-27 12:40:10,419 - METRIC - INFO - statipo15 loss: 0.17354924976825714 - accuracy: 0.934959352016449
2024-02-27 12:40:10,422 - METRIC - INFO - statipo12 loss: 0.12280414998531342 - accuracy: 0.9578543901443481
2024-02-27 12:40:10,435 - METRIC - INFO - statipo21 loss: 0.8372604846954346 - accuracy: 0.7096773982048035
2024-02-27 12:40:10,444 - METRIC - INFO - statipo13 loss: 0.5123642683029175 - accuracy: 0.7884615659713745
2024-02-27 12:40:11,270 - METRIC - INFO - mean_accuracy: 0.851705402135849

2024-02-27 12:40:11,270 - METRIC - INFO - round: 15
2024-02-27 12:40:11,270 - METRIC - INFO - n_selected: 3
2024-02-27 12:40:11,270 - METRIC - INFO - selected_trainers: statipo11 - statipo13 - statipo21
2024-02-27 12:40:12,223 - EXECUT - INFO - received weights from trainer statipo11!
2024-02-27 12:40:12,276 - EXECUT - INFO - received weights from trainer statipo21!
2024-02-27 12:40:12,355 - EXECUT - INFO - received weights from trainer statipo13!
2024-02-27 12:40:13,363 - EXECUT - INFO - sent aggregated weights to trainers!
2024-02-27 12:40:13,505 - METRIC - INFO - statipo14 loss: 0.8370586037635803 - accuracy: 0.7542372941970825
2024-02-27 12:40:13,514 - METRIC - INFO - statipo15 loss: 0.827892005443573 - accuracy: 0.7691056728363037
2024-02-27 12:40:13,516 - METRIC - INFO - statipo13 loss: 0.21856053173542023 - accuracy: 0.9012820720672607
2024-02-27 12:40:13,518 - METRIC - INFO - statipo21 loss: 0.11422573029994965 - accuracy: 0.9648093581199646
2024-02-27 12:40:13,531 - METRIC - INFO - statipo11 loss: 0.09902330487966537 - accuracy: 0.9679487347602844
2024-02-27 12:40:13,538 - METRIC - INFO - statipo12 loss: 1.6139230728149414 - accuracy: 0.6226053833961487
2024-02-27 12:40:14,365 - METRIC - INFO - mean_accuracy: 0.8299980858961741

2024-02-27 12:40:14,366 - METRIC - INFO - round: 16
2024-02-27 12:40:14,366 - METRIC - INFO - n_selected: 3
2024-02-27 12:40:14,366 - METRIC - INFO - selected_trainers: statipo21 - statipo14 - statipo12
2024-02-27 12:40:15,201 - EXECUT - INFO - received weights from trainer statipo12!
2024-02-27 12:40:15,372 - EXECUT - INFO - received weights from trainer statipo14!
2024-02-27 12:40:15,851 - EXECUT - INFO - received weights from trainer statipo21!
2024-02-27 12:40:16,460 - EXECUT - INFO - sent aggregated weights to trainers!
2024-02-27 12:40:16,604 - METRIC - INFO - statipo21 loss: 0.13496796786785126 - accuracy: 0.9516128897666931
2024-02-27 12:40:16,612 - METRIC - INFO - statipo12 loss: 0.06937140971422195 - accuracy: 0.9731800556182861
2024-02-27 12:40:16,613 - METRIC - INFO - statipo13 loss: 0.3441583514213562 - accuracy: 0.8294872045516968
2024-02-27 12:40:16,616 - METRIC - INFO - statipo11 loss: 0.40420418977737427 - accuracy: 0.8557692170143127
2024-02-27 12:40:16,640 - METRIC - INFO - statipo14 loss: 0.04755649343132973 - accuracy: 0.9844632744789124
2024-02-27 12:40:16,647 - METRIC - INFO - statipo15 loss: 2.27388596534729 - accuracy: 0.5447154641151428
2024-02-27 12:40:17,461 - METRIC - INFO - mean_accuracy: 0.8565380175908407

2024-02-27 12:40:17,461 - METRIC - INFO - round: 17
2024-02-27 12:40:17,462 - METRIC - INFO - n_selected: 3
2024-02-27 12:40:17,462 - METRIC - INFO - selected_trainers: statipo14 - statipo21 - statipo12
2024-02-27 12:40:18,284 - EXECUT - INFO - received weights from trainer statipo12!
2024-02-27 12:40:18,444 - EXECUT - INFO - received weights from trainer statipo21!
2024-02-27 12:40:18,497 - EXECUT - INFO - received weights from trainer statipo14!
2024-02-27 12:40:19,618 - EXECUT - INFO - sent aggregated weights to trainers!
2024-02-27 12:40:19,765 - METRIC - INFO - statipo11 loss: 1.1553785800933838 - accuracy: 0.7644230723381042
2024-02-27 12:40:19,773 - METRIC - INFO - statipo14 loss: 0.1515025496482849 - accuracy: 0.9618644118309021
2024-02-27 12:40:19,778 - METRIC - INFO - statipo21 loss: 0.08967071026563644 - accuracy: 0.9706745147705078
2024-02-27 12:40:19,783 - METRIC - INFO - statipo13 loss: 0.6853985786437988 - accuracy: 0.7243589758872986
2024-02-27 12:40:19,792 - METRIC - INFO - statipo15 loss: 4.279503345489502 - accuracy: 0.4390243887901306
2024-02-27 12:40:19,797 - METRIC - INFO - statipo12 loss: 0.1452610343694687 - accuracy: 0.946360170841217
2024-02-27 12:40:20,619 - METRIC - INFO - mean_accuracy: 0.8011175890763601

2024-02-27 12:40:20,620 - METRIC - INFO - round: 18
2024-02-27 12:40:20,620 - METRIC - INFO - n_selected: 3
2024-02-27 12:40:20,620 - METRIC - INFO - selected_trainers: statipo12 - statipo15 - statipo11
2024-02-27 12:40:21,522 - EXECUT - INFO - received weights from trainer statipo15!
2024-02-27 12:40:21,576 - EXECUT - INFO - received weights from trainer statipo11!
2024-02-27 12:40:22,102 - EXECUT - INFO - received weights from trainer statipo12!
2024-02-27 12:40:22,745 - EXECUT - INFO - sent aggregated weights to trainers!
2024-02-27 12:40:22,889 - METRIC - INFO - statipo12 loss: 0.08746299892663956 - accuracy: 0.9712643623352051
2024-02-27 12:40:22,893 - METRIC - INFO - statipo15 loss: 0.14030195772647858 - accuracy: 0.9512194991111755
2024-02-27 12:40:22,899 - METRIC - INFO - statipo13 loss: 1.0028502941131592 - accuracy: 0.6820513010025024
2024-02-27 12:40:22,902 - METRIC - INFO - statipo14 loss: 0.166732519865036 - accuracy: 0.9364407062530518
2024-02-27 12:40:22,903 - METRIC - INFO - statipo21 loss: 0.269846111536026 - accuracy: 0.8900293111801147
2024-02-27 12:40:22,929 - METRIC - INFO - statipo11 loss: 0.06936882436275482 - accuracy: 0.9791666865348816
2024-02-27 12:40:23,746 - METRIC - INFO - mean_accuracy: 0.9016953110694885

2024-02-27 12:40:23,747 - METRIC - INFO - round: 19
2024-02-27 12:40:23,747 - METRIC - INFO - n_selected: 3
2024-02-27 12:40:23,747 - METRIC - INFO - selected_trainers: statipo13 - statipo21 - statipo11
2024-02-27 12:40:24,725 - EXECUT - INFO - received weights from trainer statipo11!
2024-02-27 12:40:24,779 - EXECUT - INFO - received weights from trainer statipo21!
2024-02-27 12:40:24,875 - EXECUT - INFO - received weights from trainer statipo13!
2024-02-27 12:40:25,860 - EXECUT - INFO - sent aggregated weights to trainers!
2024-02-27 12:40:26,012 - METRIC - INFO - statipo21 loss: 0.10707944631576538 - accuracy: 0.9662756323814392
2024-02-27 12:40:26,015 - METRIC - INFO - statipo13 loss: 0.1300661414861679 - accuracy: 0.9461538195610046
2024-02-27 12:40:26,015 - METRIC - INFO - statipo14 loss: 0.340899795293808 - accuracy: 0.8813559412956238
2024-02-27 12:40:26,029 - METRIC - INFO - statipo12 loss: 1.1025363206863403 - accuracy: 0.6819923520088196
2024-02-27 12:40:26,035 - METRIC - INFO - statipo11 loss: 0.06342606991529465 - accuracy: 0.9823718070983887
2024-02-27 12:40:26,049 - METRIC - INFO - statipo15 loss: 0.6863461136817932 - accuracy: 0.7804877758026123
2024-02-27 12:40:26,862 - METRIC - INFO - mean_accuracy: 0.8731062213579813

2024-02-27 12:40:26,863 - METRIC - INFO - round: 20
2024-02-27 12:40:26,863 - METRIC - INFO - n_selected: 3
2024-02-27 12:40:26,863 - METRIC - INFO - selected_trainers: statipo21 - statipo15 - statipo14
2024-02-27 12:40:27,890 - EXECUT - INFO - received weights from trainer statipo21!
2024-02-27 12:40:27,943 - EXECUT - INFO - received weights from trainer statipo14!
2024-02-27 12:40:28,350 - EXECUT - INFO - received weights from trainer statipo15!
2024-02-27 12:40:28,991 - EXECUT - INFO - sent aggregated weights to trainers!
2024-02-27 12:40:29,143 - METRIC - INFO - statipo14 loss: 0.05481448397040367 - accuracy: 0.9788135886192322
2024-02-27 12:40:29,148 - METRIC - INFO - statipo15 loss: 0.13607364892959595 - accuracy: 0.9577235579490662
2024-02-27 12:40:29,148 - METRIC - INFO - statipo13 loss: 0.4293976128101349 - accuracy: 0.7948718070983887
2024-02-27 12:40:29,171 - METRIC - INFO - statipo21 loss: 0.09069545567035675 - accuracy: 0.9706745147705078
2024-02-27 12:40:29,177 - METRIC - INFO - statipo11 loss: 0.38829439878463745 - accuracy: 0.875
2024-02-27 12:40:29,181 - METRIC - INFO - statipo12 loss: 1.9726003408432007 - accuracy: 0.6072797179222107
2024-02-27 12:40:29,993 - METRIC - INFO - mean_accuracy: 0.8640605310599009

2024-02-27 12:40:29,993 - METRIC - INFO - round: 21
2024-02-27 12:40:29,993 - METRIC - INFO - n_selected: 3
2024-02-27 12:40:29,993 - METRIC - INFO - selected_trainers: statipo15 - statipo13 - statipo11
2024-02-27 12:40:30,926 - EXECUT - INFO - received weights from trainer statipo15!
2024-02-27 12:40:30,980 - EXECUT - INFO - received weights from trainer statipo11!
2024-02-27 12:40:31,057 - EXECUT - INFO - received weights from trainer statipo13!
2024-02-27 12:40:32,082 - EXECUT - INFO - sent aggregated weights to trainers!
2024-02-27 12:40:32,226 - METRIC - INFO - statipo11 loss: 0.06916201114654541 - accuracy: 0.9823718070983887
2024-02-27 12:40:32,233 - METRIC - INFO - statipo12 loss: 1.8221920728683472 - accuracy: 0.6130267977714539
2024-02-27 12:40:32,237 - METRIC - INFO - statipo14 loss: 0.17556354403495789 - accuracy: 0.9364407062530518
2024-02-27 12:40:32,238 - METRIC - INFO - statipo13 loss: 0.15609779953956604 - accuracy: 0.9307692050933838
2024-02-27 12:40:32,258 - METRIC - INFO - statipo21 loss: 0.30246803164482117 - accuracy: 0.8856304883956909
2024-02-27 12:40:32,262 - METRIC - INFO - statipo15 loss: 0.09281528741121292 - accuracy: 0.9626016020774841
2024-02-27 12:40:33,085 - METRIC - INFO - mean_accuracy: 0.8851401011149088

2024-02-27 12:40:33,086 - METRIC - INFO - round: 22
2024-02-27 12:40:33,086 - METRIC - INFO - n_selected: 3
2024-02-27 12:40:33,086 - METRIC - INFO - selected_trainers: statipo15 - statipo11 - statipo12
2024-02-27 12:40:34,005 - EXECUT - INFO - received weights from trainer statipo11!
2024-02-27 12:40:34,057 - EXECUT - INFO - received weights from trainer statipo15!
2024-02-27 12:40:34,535 - EXECUT - INFO - received weights from trainer statipo12!
2024-02-27 12:40:35,175 - EXECUT - INFO - sent aggregated weights to trainers!
2024-02-27 12:40:35,314 - METRIC - INFO - statipo21 loss: 0.6804271340370178 - accuracy: 0.7844575047492981
2024-02-27 12:40:35,326 - METRIC - INFO - statipo11 loss: 0.06876546889543533 - accuracy: 0.9855769276618958
2024-02-27 12:40:35,332 - METRIC - INFO - statipo15 loss: 0.15937599539756775 - accuracy: 0.9398373961448669
2024-02-27 12:40:35,335 - METRIC - INFO - statipo13 loss: 0.32687094807624817 - accuracy: 0.8397436141967773
2024-02-27 12:40:35,336 - METRIC - INFO - statipo14 loss: 0.7910361289978027 - accuracy: 0.7980226278305054
2024-02-27 12:40:35,354 - METRIC - INFO - statipo12 loss: 0.06229627877473831 - accuracy: 0.984674334526062
2024-02-27 12:40:36,176 - METRIC - INFO - mean_accuracy: 0.8887187341849009

2024-02-27 12:40:36,177 - METRIC - INFO - round: 23
2024-02-27 12:40:36,177 - METRIC - INFO - n_selected: 3
2024-02-27 12:40:36,177 - METRIC - INFO - selected_trainers: statipo12 - statipo15 - statipo11
2024-02-27 12:40:37,077 - EXECUT - INFO - received weights from trainer statipo15!
2024-02-27 12:40:37,129 - EXECUT - INFO - received weights from trainer statipo11!
2024-02-27 12:40:37,624 - EXECUT - INFO - received weights from trainer statipo12!
2024-02-27 12:40:38,268 - EXECUT - INFO - sent aggregated weights to trainers!
2024-02-27 12:40:38,411 - METRIC - INFO - statipo21 loss: 1.0408591032028198 - accuracy: 0.7140762209892273
2024-02-27 12:40:38,415 - METRIC - INFO - statipo12 loss: 0.06217111647129059 - accuracy: 0.9789271950721741
2024-02-27 12:40:38,418 - METRIC - INFO - statipo15 loss: 0.06813410669565201 - accuracy: 0.9756097793579102
2024-02-27 12:40:38,423 - METRIC - INFO - statipo13 loss: 0.4118102192878723 - accuracy: 0.8064102530479431
2024-02-27 12:40:38,429 - METRIC - INFO - statipo14 loss: 0.6224384903907776 - accuracy: 0.7966101765632629
2024-02-27 12:40:38,442 - METRIC - INFO - statipo11 loss: 0.06718923151493073 - accuracy: 0.9807692170143127
2024-02-27 12:40:39,269 - METRIC - INFO - mean_accuracy: 0.8754004736741384

2024-02-27 12:40:39,269 - METRIC - INFO - round: 24
2024-02-27 12:40:39,270 - METRIC - INFO - n_selected: 3
2024-02-27 12:40:39,270 - METRIC - INFO - selected_trainers: statipo11 - statipo21 - statipo13
2024-02-27 12:40:40,259 - EXECUT - INFO - received weights from trainer statipo21!
2024-02-27 12:40:40,337 - EXECUT - INFO - received weights from trainer statipo13!
2024-02-27 12:40:40,754 - EXECUT - INFO - received weights from trainer statipo11!
2024-02-27 12:40:41,358 - EXECUT - INFO - sent aggregated weights to trainers!
2024-02-27 12:40:41,502 - METRIC - INFO - statipo15 loss: 0.2337096482515335 - accuracy: 0.9235772490501404
2024-02-27 12:40:41,509 - METRIC - INFO - statipo14 loss: 0.7157753705978394 - accuracy: 0.7725988626480103
2024-02-27 12:40:41,516 - METRIC - INFO - statipo13 loss: 0.20097094774246216 - accuracy: 0.9141025543212891
2024-02-27 12:40:41,530 - METRIC - INFO - statipo21 loss: 0.16083048284053802 - accuracy: 0.9472140669822693
2024-02-27 12:40:41,542 - METRIC - INFO - statipo12 loss: 0.7621780633926392 - accuracy: 0.7547892928123474
2024-02-27 12:40:41,545 - METRIC - INFO - statipo11 loss: 0.07071170955896378 - accuracy: 0.9871794581413269
2024-02-27 12:40:42,361 - METRIC - INFO - mean_accuracy: 0.8832435806592306

2024-02-27 12:40:42,361 - METRIC - INFO - round: 25
2024-02-27 12:40:42,361 - METRIC - INFO - n_selected: 3
2024-02-27 12:40:42,361 - METRIC - INFO - selected_trainers: statipo21 - statipo12 - statipo14
2024-02-27 12:40:43,178 - EXECUT - INFO - received weights from trainer statipo12!
2024-02-27 12:40:43,363 - EXECUT - INFO - received weights from trainer statipo14!
2024-02-27 12:40:43,843 - EXECUT - INFO - received weights from trainer statipo21!
2024-02-27 12:40:44,487 - EXECUT - INFO - sent aggregated weights to trainers!
2024-02-27 12:40:44,675 - METRIC - INFO - statipo11 loss: 0.27621373534202576 - accuracy: 0.9086538553237915
2024-02-27 12:40:44,677 - METRIC - INFO - statipo14 loss: 0.04016371816396713 - accuracy: 0.9901130199432373
2024-02-27 12:40:44,677 - METRIC - INFO - statipo15 loss: 0.44328126311302185 - accuracy: 0.8617886304855347
2024-02-27 12:40:44,681 - METRIC - INFO - statipo13 loss: 0.22516867518424988 - accuracy: 0.8974359035491943
2024-02-27 12:40:44,683 - METRIC - INFO - statipo21 loss: 0.12497232109308243 - accuracy: 0.9574779868125916
2024-02-27 12:40:44,709 - METRIC - INFO - statipo12 loss: 0.04885190352797508 - accuracy: 0.9865900278091431
2024-02-27 12:40:45,488 - METRIC - INFO - mean_accuracy: 0.9336765706539154

2024-02-27 12:40:45,488 - METRIC - INFO - round: 26
2024-02-27 12:40:45,489 - METRIC - INFO - n_selected: 3
2024-02-27 12:40:45,489 - METRIC - INFO - selected_trainers: statipo13 - statipo12 - statipo21
2024-02-27 12:40:46,454 - EXECUT - INFO - received weights from trainer statipo21!
2024-02-27 12:40:46,531 - EXECUT - INFO - received weights from trainer statipo13!
2024-02-27 12:40:46,974 - EXECUT - INFO - received weights from trainer statipo12!
2024-02-27 12:40:47,647 - EXECUT - INFO - sent aggregated weights to trainers!
2024-02-27 12:40:47,790 - METRIC - INFO - statipo11 loss: 0.8147934675216675 - accuracy: 0.7900640964508057
2024-02-27 12:40:47,794 - METRIC - INFO - statipo14 loss: 0.16053612530231476 - accuracy: 0.9463276863098145
2024-02-27 12:40:47,794 - METRIC - INFO - statipo12 loss: 0.04131237417459488 - accuracy: 0.9885057210922241
2024-02-27 12:40:47,810 - METRIC - INFO - statipo13 loss: 0.29014986753463745 - accuracy: 0.8692307472229004
2024-02-27 12:40:47,818 - METRIC - INFO - statipo21 loss: 0.09842391312122345 - accuracy: 0.9706745147705078
2024-02-27 12:40:47,820 - METRIC - INFO - statipo15 loss: 1.3607393503189087 - accuracy: 0.6845528483390808
2024-02-27 12:40:48,649 - METRIC - INFO - mean_accuracy: 0.8748926023642222

2024-02-27 12:40:48,650 - METRIC - INFO - round: 27
2024-02-27 12:40:48,650 - METRIC - INFO - n_selected: 3
2024-02-27 12:40:48,650 - METRIC - INFO - selected_trainers: statipo12 - statipo21 - statipo15
2024-02-27 12:40:49,477 - EXECUT - INFO - received weights from trainer statipo12!
2024-02-27 12:40:49,574 - EXECUT - INFO - received weights from trainer statipo15!
2024-02-27 12:40:49,633 - EXECUT - INFO - received weights from trainer statipo21!
2024-02-27 12:40:49,749 - EXECUT - INFO - sent aggregated weights to trainers!
2024-02-27 12:40:49,888 - METRIC - INFO - statipo11 loss: 1.2364897727966309 - accuracy: 0.745192289352417
2024-02-27 12:40:49,895 - METRIC - INFO - statipo21 loss: 0.07870277017354965 - accuracy: 0.9765396118164062
2024-02-27 12:40:49,905 - METRIC - INFO - statipo13 loss: 0.26637977361679077 - accuracy: 0.8807692527770996
2024-02-27 12:40:49,906 - METRIC - INFO - statipo14 loss: 0.5276575088500977 - accuracy: 0.8389830589294434
2024-02-27 12:40:49,924 - METRIC - INFO - statipo15 loss: 0.09548500180244446 - accuracy: 0.9626016020774841
2024-02-27 12:40:49,927 - METRIC - INFO - statipo12 loss: 0.04846714064478874 - accuracy: 0.984674334526062
2024-02-27 12:40:50,750 - METRIC - INFO - mean_accuracy: 0.8981266915798187

2024-02-27 12:40:50,751 - METRIC - INFO - round: 28
2024-02-27 12:40:50,751 - METRIC - INFO - n_selected: 3
2024-02-27 12:40:50,751 - METRIC - INFO - selected_trainers: statipo11 - statipo12 - statipo21
2024-02-27 12:40:51,568 - EXECUT - INFO - received weights from trainer statipo12!
2024-02-27 12:40:51,676 - EXECUT - INFO - received weights from trainer statipo11!
2024-02-27 12:40:51,730 - EXECUT - INFO - received weights from trainer statipo21!
2024-02-27 12:40:51,839 - EXECUT - INFO - sent aggregated weights to trainers!
2024-02-27 12:40:51,984 - METRIC - INFO - statipo15 loss: 0.7147566676139832 - accuracy: 0.7886179089546204
2024-02-27 12:40:51,984 - METRIC - INFO - statipo14 loss: 0.6013587713241577 - accuracy: 0.8008474707603455
2024-02-27 12:40:51,994 - METRIC - INFO - statipo21 loss: 0.09230005741119385 - accuracy: 0.9750733375549316
2024-02-27 12:40:52,000 - METRIC - INFO - statipo13 loss: 0.37547141313552856 - accuracy: 0.8179486989974976
2024-02-27 12:40:52,008 - METRIC - INFO - statipo11 loss: 0.07014044374227524 - accuracy: 0.9839743375778198
2024-02-27 12:40:52,025 - METRIC - INFO - statipo12 loss: 0.05080978572368622 - accuracy: 0.982758641242981
2024-02-27 12:40:52,840 - METRIC - INFO - mean_accuracy: 0.8915367325146993

2024-02-27 12:40:52,841 - METRIC - INFO - round: 29
2024-02-27 12:40:52,841 - METRIC - INFO - n_selected: 3
2024-02-27 12:40:52,841 - METRIC - INFO - selected_trainers: statipo11 - statipo14 - statipo13
2024-02-27 12:40:53,910 - EXECUT - INFO - received weights from trainer statipo13!
2024-02-27 12:40:53,964 - EXECUT - INFO - received weights from trainer statipo14!
2024-02-27 12:40:54,326 - EXECUT - INFO - received weights from trainer statipo11!
2024-02-27 12:40:54,929 - EXECUT - INFO - sent aggregated weights to trainers!
2024-02-27 12:40:55,076 - METRIC - INFO - statipo21 loss: 0.30662134289741516 - accuracy: 0.8958944082260132
2024-02-27 12:40:55,079 - METRIC - INFO - statipo15 loss: 1.0788103342056274 - accuracy: 0.7365853786468506
2024-02-27 12:40:55,092 - METRIC - INFO - statipo14 loss: 0.0720217376947403 - accuracy: 0.9689265489578247
2024-02-27 12:40:55,110 - METRIC - INFO - statipo11 loss: 0.07203587144613266 - accuracy: 0.9775640964508057
2024-02-27 12:40:55,123 - METRIC - INFO - statipo12 loss: 0.4145832359790802 - accuracy: 0.8620689511299133
2024-02-27 12:40:55,158 - METRIC - INFO - statipo13 loss: 0.16775968670845032 - accuracy: 0.9358974099159241
2024-02-27 12:40:55,931 - METRIC - INFO - mean_accuracy: 0.8961561322212219

2024-02-27 12:40:55,931 - METRIC - INFO - round: 30
2024-02-27 12:40:55,932 - METRIC - INFO - n_selected: 3
2024-02-27 12:40:55,932 - METRIC - INFO - selected_trainers: statipo13 - statipo15 - statipo21
2024-02-27 12:40:56,871 - EXECUT - INFO - received weights from trainer statipo15!
2024-02-27 12:40:57,001 - EXECUT - INFO - received weights from trainer statipo13!
2024-02-27 12:40:57,415 - EXECUT - INFO - received weights from trainer statipo21!
2024-02-27 12:40:58,020 - EXECUT - INFO - sent aggregated weights to trainers!
2024-02-27 12:40:58,167 - METRIC - INFO - statipo15 loss: 0.21446482837200165 - accuracy: 0.9463414549827576
2024-02-27 12:40:58,167 - METRIC - INFO - statipo21 loss: 0.09672888368368149 - accuracy: 0.9677419066429138
2024-02-27 12:40:58,177 - METRIC - INFO - statipo13 loss: 0.1501348912715912 - accuracy: 0.9307692050933838
2024-02-27 12:40:58,184 - METRIC - INFO - statipo14 loss: 0.3296176791191101 - accuracy: 0.8841807842254639
2024-02-27 12:40:58,200 - METRIC - INFO - statipo12 loss: 0.7591646909713745 - accuracy: 0.7911877632141113
2024-02-27 12:40:58,236 - METRIC - INFO - statipo11 loss: 0.3762100636959076 - accuracy: 0.8958333134651184
2024-02-27 12:40:59,022 - METRIC - INFO - mean_accuracy: 0.9026757379372915

2024-02-27 12:40:59,022 - METRIC - INFO - round: 31
2024-02-27 12:40:59,023 - METRIC - INFO - n_selected: 3
2024-02-27 12:40:59,023 - METRIC - INFO - selected_trainers: statipo14 - statipo21 - statipo11
2024-02-27 12:41:00,013 - EXECUT - INFO - received weights from trainer statipo21!
2024-02-27 12:41:00,066 - EXECUT - INFO - received weights from trainer statipo14!
2024-02-27 12:41:00,508 - EXECUT - INFO - received weights from trainer statipo11!
2024-02-27 12:41:01,178 - EXECUT - INFO - sent aggregated weights to trainers!
2024-02-27 12:41:01,312 - METRIC - INFO - statipo11 loss: 0.0713704526424408 - accuracy: 0.9823718070983887
2024-02-27 12:41:01,325 - METRIC - INFO - statipo21 loss: 0.07002654671669006 - accuracy: 0.9750733375549316
2024-02-27 12:41:01,326 - METRIC - INFO - statipo12 loss: 0.7694973945617676 - accuracy: 0.8065134286880493
2024-02-27 12:41:01,335 - METRIC - INFO - statipo13 loss: 0.19726905226707458 - accuracy: 0.9012820720672607
2024-02-27 12:41:01,356 - METRIC - INFO - statipo14 loss: 0.06519866734743118 - accuracy: 0.9731638431549072
2024-02-27 12:41:01,356 - METRIC - INFO - statipo15 loss: 0.3895043432712555 - accuracy: 0.86504065990448
2024-02-27 12:41:02,179 - METRIC - INFO - mean_accuracy: 0.9172408580780029

2024-02-27 12:41:02,179 - METRIC - INFO - round: 32
2024-02-27 12:41:02,180 - METRIC - INFO - n_selected: 3
2024-02-27 12:41:02,180 - METRIC - INFO - selected_trainers: statipo21 - statipo13 - statipo14
2024-02-27 12:41:03,218 - EXECUT - INFO - received weights from trainer statipo14!
2024-02-27 12:41:03,273 - EXECUT - INFO - received weights from trainer statipo21!
2024-02-27 12:41:03,327 - EXECUT - INFO - received weights from trainer statipo13!
2024-02-27 12:41:04,301 - EXECUT - INFO - sent aggregated weights to trainers!
2024-02-27 12:41:04,457 - METRIC - INFO - statipo12 loss: 1.1496264934539795 - accuracy: 0.7490421533584595
2024-02-27 12:41:04,462 - METRIC - INFO - statipo21 loss: 0.08290406316518784 - accuracy: 0.9780058860778809
2024-02-27 12:41:04,479 - METRIC - INFO - statipo11 loss: 0.3662353754043579 - accuracy: 0.8926281929016113
2024-02-27 12:41:04,485 - METRIC - INFO - statipo14 loss: 0.032026369124650955 - accuracy: 0.9887005686759949
2024-02-27 12:41:04,487 - METRIC - INFO - statipo13 loss: 0.1805790811777115 - accuracy: 0.9192307591438293
2024-02-27 12:41:04,517 - METRIC - INFO - statipo15 loss: 0.7144556045532227 - accuracy: 0.8065040707588196
2024-02-27 12:41:05,302 - METRIC - INFO - mean_accuracy: 0.8890186051527659

2024-02-27 12:41:05,303 - METRIC - INFO - round: 33
2024-02-27 12:41:05,303 - METRIC - INFO - n_selected: 3
2024-02-27 12:41:05,303 - METRIC - INFO - selected_trainers: statipo11 - statipo21 - statipo12
2024-02-27 12:41:06,125 - EXECUT - INFO - received weights from trainer statipo12!
2024-02-27 12:41:06,226 - EXECUT - INFO - received weights from trainer statipo11!
2024-02-27 12:41:06,280 - EXECUT - INFO - received weights from trainer statipo21!
2024-02-27 12:41:06,390 - EXECUT - INFO - sent aggregated weights to trainers!
2024-02-27 12:41:06,535 - METRIC - INFO - statipo11 loss: 0.07548102736473083 - accuracy: 0.9839743375778198
2024-02-27 12:41:06,538 - METRIC - INFO - statipo12 loss: 0.03519951552152634 - accuracy: 0.99042147397995
2024-02-27 12:41:06,542 - METRIC - INFO - statipo14 loss: 0.152671679854393 - accuracy: 0.9406779408454895
2024-02-27 12:41:06,545 - METRIC - INFO - statipo13 loss: 0.2619084417819977 - accuracy: 0.8871794939041138
2024-02-27 12:41:06,548 - METRIC - INFO - statipo15 loss: 0.8930556774139404 - accuracy: 0.777235746383667
2024-02-27 12:41:06,559 - METRIC - INFO - statipo21 loss: 0.06495874375104904 - accuracy: 0.9853372573852539
2024-02-27 12:41:07,392 - METRIC - INFO - mean_accuracy: 0.9274710416793823

2024-02-27 12:41:07,392 - METRIC - INFO - round: 34
2024-02-27 12:41:07,392 - METRIC - INFO - n_selected: 3
2024-02-27 12:41:07,392 - METRIC - INFO - selected_trainers: statipo21 - statipo11 - statipo14
2024-02-27 12:41:08,325 - EXECUT - INFO - received weights from trainer statipo11!
2024-02-27 12:41:08,390 - EXECUT - INFO - received weights from trainer statipo21!
2024-02-27 12:41:08,444 - EXECUT - INFO - received weights from trainer statipo14!
2024-02-27 12:41:09,527 - EXECUT - INFO - sent aggregated weights to trainers!
2024-02-27 12:41:09,667 - METRIC - INFO - statipo11 loss: 0.06498431414365768 - accuracy: 0.9839743375778198
2024-02-27 12:41:09,672 - METRIC - INFO - statipo15 loss: 1.302221655845642 - accuracy: 0.725203275680542
2024-02-27 12:41:09,679 - METRIC - INFO - statipo21 loss: 0.06818873435258865 - accuracy: 0.9809384346008301
2024-02-27 12:41:09,691 - METRIC - INFO - statipo13 loss: 0.328063040971756 - accuracy: 0.8410256505012512
2024-02-27 12:41:09,711 - METRIC - INFO - statipo12 loss: 0.6691082119941711 - accuracy: 0.8141762614250183
2024-02-27 12:41:09,724 - METRIC - INFO - statipo14 loss: 0.03707120567560196 - accuracy: 0.9872881174087524
2024-02-27 12:41:10,529 - METRIC - INFO - mean_accuracy: 0.888767679532369

2024-02-27 12:41:10,529 - METRIC - INFO - round: 35
2024-02-27 12:41:10,529 - METRIC - INFO - n_selected: 3
2024-02-27 12:41:10,529 - METRIC - INFO - selected_trainers: statipo15 - statipo14 - statipo12
2024-02-27 12:41:11,365 - EXECUT - INFO - received weights from trainer statipo12!
2024-02-27 12:41:11,445 - EXECUT - INFO - received weights from trainer statipo15!
2024-02-27 12:41:11,536 - EXECUT - INFO - received weights from trainer statipo14!
2024-02-27 12:41:11,623 - EXECUT - INFO - sent aggregated weights to trainers!
2024-02-27 12:41:11,765 - METRIC - INFO - statipo21 loss: 0.23001892864704132 - accuracy: 0.9208211302757263
2024-02-27 12:41:11,771 - METRIC - INFO - statipo11 loss: 0.37925881147384644 - accuracy: 0.9038461446762085
2024-02-27 12:41:11,772 - METRIC - INFO - statipo14 loss: 0.04992116615176201 - accuracy: 0.9802259802818298
2024-02-27 12:41:11,781 - METRIC - INFO - statipo13 loss: 0.48940563201904297 - accuracy: 0.8115384578704834
2024-02-27 12:41:11,799 - METRIC - INFO - statipo15 loss: 0.15998582541942596 - accuracy: 0.9447154402732849
2024-02-27 12:41:11,808 - METRIC - INFO - statipo12 loss: 0.04643486067652702 - accuracy: 0.984674334526062
2024-02-27 12:41:12,625 - METRIC - INFO - mean_accuracy: 0.9243035813172659

2024-02-27 12:41:12,626 - METRIC - INFO - round: 36
2024-02-27 12:41:12,626 - METRIC - INFO - n_selected: 3
2024-02-27 12:41:12,626 - METRIC - INFO - selected_trainers: statipo12 - statipo13 - statipo15
2024-02-27 12:41:13,490 - EXECUT - INFO - received weights from trainer statipo12!
2024-02-27 12:41:13,574 - EXECUT - INFO - received weights from trainer statipo15!
2024-02-27 12:41:13,703 - EXECUT - INFO - received weights from trainer statipo13!
2024-02-27 12:41:14,715 - EXECUT - INFO - sent aggregated weights to trainers!
2024-02-27 12:41:14,856 - METRIC - INFO - statipo11 loss: 0.38323459029197693 - accuracy: 0.9006410241127014
2024-02-27 12:41:14,862 - METRIC - INFO - statipo21 loss: 0.24504521489143372 - accuracy: 0.9193548560142517
2024-02-27 12:41:14,868 - METRIC - INFO - statipo13 loss: 0.10686639696359634 - accuracy: 0.9589743614196777
2024-02-27 12:41:14,868 - METRIC - INFO - statipo14 loss: 0.056663576513528824 - accuracy: 0.9774011373519897
2024-02-27 12:41:14,873 - METRIC - INFO - statipo12 loss: 0.05055106803774834 - accuracy: 0.982758641242981
2024-02-27 12:41:14,902 - METRIC - INFO - statipo15 loss: 0.06125018000602722 - accuracy: 0.9772357940673828
2024-02-27 12:41:15,716 - METRIC - INFO - mean_accuracy: 0.9527276357014974

2024-02-27 12:41:15,717 - METRIC - INFO - round: 37
2024-02-27 12:41:15,717 - METRIC - INFO - n_selected: 3
2024-02-27 12:41:15,717 - METRIC - INFO - selected_trainers: statipo13 - statipo11 - statipo12
2024-02-27 12:41:16,592 - EXECUT - INFO - received weights from trainer statipo12!
2024-02-27 12:41:16,665 - EXECUT - INFO - received weights from trainer statipo11!
2024-02-27 12:41:16,800 - EXECUT - INFO - received weights from trainer statipo13!
2024-02-27 12:41:17,809 - EXECUT - INFO - sent aggregated weights to trainers!
2024-02-27 12:41:17,956 - METRIC - INFO - statipo14 loss: 0.15169574320316315 - accuracy: 0.9378530979156494
2024-02-27 12:41:17,958 - METRIC - INFO - statipo12 loss: 0.05332000553607941 - accuracy: 0.9808428883552551
2024-02-27 12:41:17,961 - METRIC - INFO - statipo15 loss: 0.1944943219423294 - accuracy: 0.9284552931785583
2024-02-27 12:41:17,963 - METRIC - INFO - statipo13 loss: 0.1153060644865036 - accuracy: 0.9358974099159241
2024-02-27 12:41:17,977 - METRIC - INFO - statipo21 loss: 0.3407417833805084 - accuracy: 0.8885630369186401
2024-02-27 12:41:17,978 - METRIC - INFO - statipo11 loss: 0.05962960049510002 - accuracy: 0.9871794581413269
2024-02-27 12:41:18,810 - METRIC - INFO - mean_accuracy: 0.9431318640708923

2024-02-27 12:41:18,810 - METRIC - INFO - round: 38
2024-02-27 12:41:18,811 - METRIC - INFO - n_selected: 3
2024-02-27 12:41:18,811 - METRIC - INFO - selected_trainers: statipo11 - statipo14 - statipo15
2024-02-27 12:41:19,757 - EXECUT - INFO - received weights from trainer statipo15!
2024-02-27 12:41:19,811 - EXECUT - INFO - received weights from trainer statipo11!
2024-02-27 12:41:19,865 - EXECUT - INFO - received weights from trainer statipo14!
2024-02-27 12:41:20,948 - EXECUT - INFO - sent aggregated weights to trainers!
2024-02-27 12:41:21,101 - METRIC - INFO - statipo15 loss: 0.058030590415000916 - accuracy: 0.9772357940673828
2024-02-27 12:41:21,121 - METRIC - INFO - statipo14 loss: 0.03189368173480034 - accuracy: 0.9858757257461548
2024-02-27 12:41:21,122 - METRIC - INFO - statipo21 loss: 0.547478973865509 - accuracy: 0.8357771039009094
2024-02-27 12:41:21,124 - METRIC - INFO - statipo11 loss: 0.06477183848619461 - accuracy: 0.9855769276618958
2024-02-27 12:41:21,124 - METRIC - INFO - statipo12 loss: 0.3217257559299469 - accuracy: 0.8908045887947083
2024-02-27 12:41:21,125 - METRIC - INFO - statipo13 loss: 0.1679493635892868 - accuracy: 0.9179487228393555
2024-02-27 12:41:21,950 - METRIC - INFO - mean_accuracy: 0.9322031438350677

2024-02-27 12:41:21,950 - METRIC - INFO - round: 39
2024-02-27 12:41:21,950 - METRIC - INFO - n_selected: 3
2024-02-27 12:41:21,950 - METRIC - INFO - selected_trainers: statipo12 - statipo13 - statipo15
2024-02-27 12:41:22,856 - EXECUT - INFO - received weights from trainer statipo15!
2024-02-27 12:41:22,973 - EXECUT - INFO - received weights from trainer statipo13!
2024-02-27 12:41:23,439 - EXECUT - INFO - received weights from trainer statipo12!
2024-02-27 12:41:24,055 - EXECUT - INFO - sent aggregated weights to trainers!
2024-02-27 12:41:24,204 - METRIC - INFO - statipo21 loss: 0.7328435778617859 - accuracy: 0.8137829899787903
2024-02-27 12:41:24,247 - METRIC - INFO - statipo14 loss: 0.11305953562259674 - accuracy: 0.9533898234367371
2024-02-27 12:41:24,247 - METRIC - INFO - statipo11 loss: 0.14885647594928741 - accuracy: 0.9551281929016113
2024-02-27 12:41:24,247 - METRIC - INFO - statipo15 loss: 0.06747062504291534 - accuracy: 0.9756097793579102
2024-02-27 12:41:24,248 - METRIC - INFO - statipo13 loss: 0.12819257378578186 - accuracy: 0.9461538195610046
2024-02-27 12:41:24,275 - METRIC - INFO - statipo12 loss: 0.1125740334391594 - accuracy: 0.9578543901443481
2024-02-27 12:41:25,057 - METRIC - INFO - mean_accuracy: 0.9336531658967336

2024-02-27 12:41:25,058 - METRIC - INFO - round: 40
2024-02-27 12:41:25,058 - METRIC - INFO - n_selected: 3
2024-02-27 12:41:25,058 - METRIC - INFO - selected_trainers: statipo12 - statipo15 - statipo11
2024-02-27 12:41:25,937 - EXECUT - INFO - received weights from trainer statipo12!
2024-02-27 12:41:25,991 - EXECUT - INFO - received weights from trainer statipo15!
2024-02-27 12:41:26,045 - EXECUT - INFO - received weights from trainer statipo11!
2024-02-27 12:41:26,146 - EXECUT - INFO - sent aggregated weights to trainers!
2024-02-27 12:41:26,288 - METRIC - INFO - statipo12 loss: 0.060963913798332214 - accuracy: 0.9808428883552551
2024-02-27 12:41:26,292 - METRIC - INFO - statipo15 loss: 0.17485764622688293 - accuracy: 0.9447154402732849
2024-02-27 12:41:26,295 - METRIC - INFO - statipo13 loss: 0.16134662926197052 - accuracy: 0.9307692050933838
2024-02-27 12:41:26,314 - METRIC - INFO - statipo11 loss: 0.06598048657178879 - accuracy: 0.9871794581413269
2024-02-27 12:41:26,319 - METRIC - INFO - statipo14 loss: 0.2964930534362793 - accuracy: 0.8926553726196289
2024-02-27 12:41:26,321 - METRIC - INFO - statipo21 loss: 0.779794454574585 - accuracy: 0.8005865216255188
2024-02-27 12:41:27,148 - METRIC - INFO - mean_accuracy: 0.9227914810180664

2024-02-27 12:41:27,148 - METRIC - INFO - round: 41
2024-02-27 12:41:27,148 - METRIC - INFO - n_selected: 3
2024-02-27 12:41:27,148 - METRIC - INFO - selected_trainers: statipo11 - statipo14 - statipo13
2024-02-27 12:41:28,181 - EXECUT - INFO - received weights from trainer statipo14!
2024-02-27 12:41:28,235 - EXECUT - INFO - received weights from trainer statipo13!
2024-02-27 12:41:28,633 - EXECUT - INFO - received weights from trainer statipo11!
2024-02-27 12:41:29,262 - EXECUT - INFO - sent aggregated weights to trainers!
2024-02-27 12:41:29,413 - METRIC - INFO - statipo14 loss: 0.06254139542579651 - accuracy: 0.9745762944221497
2024-02-27 12:41:29,416 - METRIC - INFO - statipo12 loss: 0.2519241273403168 - accuracy: 0.9157088398933411
2024-02-27 12:41:29,421 - METRIC - INFO - statipo13 loss: 0.08416314423084259 - accuracy: 0.9679487347602844
2024-02-27 12:41:29,433 - METRIC - INFO - statipo11 loss: 0.06653337180614471 - accuracy: 0.9839743375778198
2024-02-27 12:41:29,436 - METRIC - INFO - statipo21 loss: 0.91440349817276 - accuracy: 0.7873900532722473
2024-02-27 12:41:29,443 - METRIC - INFO - statipo15 loss: 0.15676932036876678 - accuracy: 0.9447154402732849
2024-02-27 12:41:30,265 - METRIC - INFO - mean_accuracy: 0.9290522833665212

2024-02-27 12:41:30,265 - METRIC - INFO - round: 42
2024-02-27 12:41:30,265 - METRIC - INFO - n_selected: 3
2024-02-27 12:41:30,265 - METRIC - INFO - selected_trainers: statipo11 - statipo14 - statipo13
2024-02-27 12:41:31,249 - EXECUT - INFO - received weights from trainer statipo11!
2024-02-27 12:41:31,381 - EXECUT - INFO - received weights from trainer statipo13!
2024-02-27 12:41:31,758 - EXECUT - INFO - received weights from trainer statipo14!
2024-02-27 12:41:32,353 - EXECUT - INFO - sent aggregated weights to trainers!
2024-02-27 12:41:32,510 - METRIC - INFO - statipo14 loss: 0.027642101049423218 - accuracy: 0.9887005686759949
2024-02-27 12:41:32,511 - METRIC - INFO - statipo13 loss: 0.2190888375043869 - accuracy: 0.9128205180168152
2024-02-27 12:41:32,536 - METRIC - INFO - statipo21 loss: 1.0410245656967163 - accuracy: 0.7727272510528564
2024-02-27 12:41:32,538 - METRIC - INFO - statipo11 loss: 0.06690795719623566 - accuracy: 0.9823718070983887
2024-02-27 12:41:32,545 - METRIC - INFO - statipo12 loss: 0.4405398964881897 - accuracy: 0.8678160905838013
2024-02-27 12:41:32,549 - METRIC - INFO - statipo15 loss: 0.15239566564559937 - accuracy: 0.9447154402732849
2024-02-27 12:41:33,355 - METRIC - INFO - mean_accuracy: 0.9115252792835236

2024-02-27 12:41:33,355 - METRIC - INFO - round: 43
2024-02-27 12:41:33,355 - METRIC - INFO - n_selected: 3
2024-02-27 12:41:33,356 - METRIC - INFO - selected_trainers: statipo21 - statipo11 - statipo12
2024-02-27 12:41:34,187 - EXECUT - INFO - received weights from trainer statipo12!
2024-02-27 12:41:34,299 - EXECUT - INFO - received weights from trainer statipo11!
2024-02-27 12:41:34,353 - EXECUT - INFO - received weights from trainer statipo21!
2024-02-27 12:41:34,443 - EXECUT - INFO - sent aggregated weights to trainers!
2024-02-27 12:41:34,585 - METRIC - INFO - statipo11 loss: 0.06632301211357117 - accuracy: 0.9823718070983887
2024-02-27 12:41:34,589 - METRIC - INFO - statipo21 loss: 0.0913633331656456 - accuracy: 0.9765396118164062
2024-02-27 12:41:34,593 - METRIC - INFO - statipo14 loss: 0.10506850481033325 - accuracy: 0.9604519605636597
2024-02-27 12:41:34,600 - METRIC - INFO - statipo15 loss: 0.1480637490749359 - accuracy: 0.9495934844017029
2024-02-27 12:41:34,601 - METRIC - INFO - statipo13 loss: 0.24587242305278778 - accuracy: 0.8897435665130615
2024-02-27 12:41:34,623 - METRIC - INFO - statipo12 loss: 0.0542423315346241 - accuracy: 0.982758641242981
2024-02-27 12:41:35,444 - METRIC - INFO - mean_accuracy: 0.9569098452727

2024-02-27 12:41:35,445 - METRIC - INFO - round: 44
2024-02-27 12:41:35,445 - METRIC - INFO - n_selected: 3
2024-02-27 12:41:35,445 - METRIC - INFO - selected_trainers: statipo11 - statipo13 - statipo12
2024-02-27 12:41:36,357 - EXECUT - INFO - received weights from trainer statipo11!
2024-02-27 12:41:36,483 - EXECUT - INFO - received weights from trainer statipo13!
2024-02-27 12:41:36,929 - EXECUT - INFO - received weights from trainer statipo12!
2024-02-27 12:41:37,566 - EXECUT - INFO - sent aggregated weights to trainers!
2024-02-27 12:41:37,713 - METRIC - INFO - statipo21 loss: 0.41183972358703613 - accuracy: 0.8680351972579956
2024-02-27 12:41:37,722 - METRIC - INFO - statipo15 loss: 0.32039740681648254 - accuracy: 0.8943089246749878
2024-02-27 12:41:37,725 - METRIC - INFO - statipo13 loss: 0.09474228322505951 - accuracy: 0.9653846025466919
2024-02-27 12:41:37,749 - METRIC - INFO - statipo14 loss: 0.11975877732038498 - accuracy: 0.9533898234367371
2024-02-27 12:41:37,751 - METRIC - INFO - statipo11 loss: 0.07016830891370773 - accuracy: 0.9839743375778198
2024-02-27 12:41:37,752 - METRIC - INFO - statipo12 loss: 0.034793008118867874 - accuracy: 0.982758641242981
2024-02-27 12:41:38,568 - METRIC - INFO - mean_accuracy: 0.9413085877895355

2024-02-27 12:41:38,569 - METRIC - INFO - round: 45
2024-02-27 12:41:38,569 - METRIC - INFO - n_selected: 3
2024-02-27 12:41:38,569 - METRIC - INFO - selected_trainers: statipo15 - statipo13 - statipo14
2024-02-27 12:41:39,584 - EXECUT - INFO - received weights from trainer statipo14!
2024-02-27 12:41:39,638 - EXECUT - INFO - received weights from trainer statipo13!
2024-02-27 12:41:40,057 - EXECUT - INFO - received weights from trainer statipo15!
2024-02-27 12:41:40,666 - EXECUT - INFO - sent aggregated weights to trainers!
2024-02-27 12:41:40,808 - METRIC - INFO - statipo21 loss: 0.6485462188720703 - accuracy: 0.8196480870246887
2024-02-27 12:41:40,811 - METRIC - INFO - statipo12 loss: 0.2625344395637512 - accuracy: 0.9195402264595032
2024-02-27 12:41:40,818 - METRIC - INFO - statipo14 loss: 0.09681729972362518 - accuracy: 0.9675140976905823
2024-02-27 12:41:40,824 - METRIC - INFO - statipo13 loss: 0.10722628235816956 - accuracy: 0.9576923251152039
2024-02-27 12:41:40,845 - METRIC - INFO - statipo11 loss: 0.14401854574680328 - accuracy: 0.9583333134651184
2024-02-27 12:41:40,862 - METRIC - INFO - statipo15 loss: 0.10351957380771637 - accuracy: 0.9626016020774841
2024-02-27 12:41:41,669 - METRIC - INFO - mean_accuracy: 0.9308882753054301

2024-02-27 12:41:41,669 - METRIC - INFO - round: 46
2024-02-27 12:41:41,669 - METRIC - INFO - n_selected: 3
2024-02-27 12:41:41,670 - METRIC - INFO - selected_trainers: statipo14 - statipo13 - statipo15
2024-02-27 12:41:42,624 - EXECUT - INFO - received weights from trainer statipo15!
2024-02-27 12:41:42,744 - EXECUT - INFO - received weights from trainer statipo13!
2024-02-27 12:41:43,155 - EXECUT - INFO - received weights from trainer statipo14!
2024-02-27 12:41:43,793 - EXECUT - INFO - sent aggregated weights to trainers!
2024-02-27 12:41:43,944 - METRIC - INFO - statipo12 loss: 0.32853248715400696 - accuracy: 0.9157088398933411
2024-02-27 12:41:43,948 - METRIC - INFO - statipo13 loss: 0.11495909094810486 - accuracy: 0.9487179517745972
2024-02-27 12:41:43,964 - METRIC - INFO - statipo14 loss: 0.037347521632909775 - accuracy: 0.9901130199432373
2024-02-27 12:41:43,968 - METRIC - INFO - statipo11 loss: 0.19581535458564758 - accuracy: 0.942307710647583
2024-02-27 12:41:43,975 - METRIC - INFO - statipo15 loss: 0.21877552568912506 - accuracy: 0.9512194991111755
2024-02-27 12:41:43,978 - METRIC - INFO - statipo21 loss: 0.6268638372421265 - accuracy: 0.8269794583320618
2024-02-27 12:41:44,794 - METRIC - INFO - mean_accuracy: 0.929174413283666

2024-02-27 12:41:44,795 - METRIC - INFO - round: 47
2024-02-27 12:41:44,795 - METRIC - INFO - n_selected: 3
2024-02-27 12:41:44,795 - METRIC - INFO - selected_trainers: statipo13 - statipo12 - statipo21
2024-02-27 12:41:45,674 - EXECUT - INFO - received weights from trainer statipo12!
2024-02-27 12:41:45,808 - EXECUT - INFO - received weights from trainer statipo21!
2024-02-27 12:41:45,895 - EXECUT - INFO - received weights from trainer statipo13!
2024-02-27 12:41:46,890 - EXECUT - INFO - sent aggregated weights to trainers!
2024-02-27 12:41:47,037 - METRIC - INFO - statipo11 loss: 0.22561518847942352 - accuracy: 0.9375
2024-02-27 12:41:47,044 - METRIC - INFO - statipo13 loss: 0.07723093032836914 - accuracy: 0.9705128073692322
2024-02-27 12:41:47,045 - METRIC - INFO - statipo12 loss: 0.056680530309677124 - accuracy: 0.9808428883552551
2024-02-27 12:41:47,047 - METRIC - INFO - statipo14 loss: 0.10509292781352997 - accuracy: 0.9618644118309021
2024-02-27 12:41:47,060 - METRIC - INFO - statipo21 loss: 0.0853344053030014 - accuracy: 0.9765396118164062
2024-02-27 12:41:47,066 - METRIC - INFO - statipo15 loss: 0.13117817044258118 - accuracy: 0.9495934844017029
2024-02-27 12:41:47,891 - METRIC - INFO - mean_accuracy: 0.9628088672955831

2024-02-27 12:41:47,891 - METRIC - INFO - round: 48
2024-02-27 12:41:47,892 - METRIC - INFO - n_selected: 3
2024-02-27 12:41:47,892 - METRIC - INFO - selected_trainers: statipo14 - statipo11 - statipo15
2024-02-27 12:41:48,835 - EXECUT - INFO - received weights from trainer statipo11!
2024-02-27 12:41:48,898 - EXECUT - INFO - received weights from trainer statipo14!
2024-02-27 12:41:49,342 - EXECUT - INFO - received weights from trainer statipo15!
2024-02-27 12:41:49,986 - EXECUT - INFO - sent aggregated weights to trainers!
2024-02-27 12:41:50,136 - METRIC - INFO - statipo12 loss: 0.30710315704345703 - accuracy: 0.9137930870056152
2024-02-27 12:41:50,144 - METRIC - INFO - statipo13 loss: 0.11943235993385315 - accuracy: 0.9448717832565308
2024-02-27 12:41:50,158 - METRIC - INFO - statipo21 loss: 0.33923399448394775 - accuracy: 0.8782991170883179
2024-02-27 12:41:50,160 - METRIC - INFO - statipo14 loss: 0.02746862731873989 - accuracy: 0.991525411605835
2024-02-27 12:41:50,160 - METRIC - INFO - statipo11 loss: 0.06283855438232422 - accuracy: 0.9855769276618958
2024-02-27 12:41:50,163 - METRIC - INFO - statipo15 loss: 0.05749253183603287 - accuracy: 0.9788618087768555
2024-02-27 12:41:50,988 - METRIC - INFO - mean_accuracy: 0.948821355899175

2024-02-27 12:41:50,989 - METRIC - INFO - round: 49
2024-02-27 12:41:50,990 - METRIC - INFO - n_selected: 3
2024-02-27 12:41:50,990 - METRIC - INFO - selected_trainers: statipo12 - statipo21 - statipo15
2024-02-27 12:41:51,811 - EXECUT - INFO - received weights from trainer statipo12!
2024-02-27 12:41:51,914 - EXECUT - INFO - received weights from trainer statipo15!
2024-02-27 12:41:51,967 - EXECUT - INFO - received weights from trainer statipo21!
2024-02-27 12:41:52,077 - EXECUT - INFO - sent aggregated weights to trainers!
2024-02-27 12:41:52,219 - METRIC - INFO - statipo21 loss: 0.0788169726729393 - accuracy: 0.9765396118164062
2024-02-27 12:41:52,219 - METRIC - INFO - statipo12 loss: 0.05283705145120621 - accuracy: 0.9789271950721741
2024-02-27 12:41:52,230 - METRIC - INFO - statipo13 loss: 0.2319422960281372 - accuracy: 0.8884615302085876
2024-02-27 12:41:52,234 - METRIC - INFO - statipo14 loss: 0.08430315554141998 - accuracy: 0.9646892547607422
2024-02-27 12:41:52,250 - METRIC - INFO - statipo15 loss: 0.05094965547323227 - accuracy: 0.9788618087768555
2024-02-27 12:41:52,253 - METRIC - INFO - statipo11 loss: 0.1848442405462265 - accuracy: 0.9455128312110901
2024-02-27 12:41:53,080 - METRIC - INFO - mean_accuracy: 0.9554987053076426

2024-02-27 12:41:53,080 - METRIC - INFO - round: 50
2024-02-27 12:41:53,080 - METRIC - INFO - n_selected: 3
2024-02-27 12:41:53,080 - METRIC - INFO - selected_trainers: statipo15 - statipo21 - statipo14
2024-02-27 12:41:54,007 - EXECUT - INFO - received weights from trainer statipo15!
2024-02-27 12:41:54,076 - EXECUT - INFO - received weights from trainer statipo21!
2024-02-27 12:41:54,130 - EXECUT - INFO - received weights from trainer statipo14!
2024-02-27 12:41:55,213 - EXECUT - INFO - sent aggregated weights to trainers!
2024-02-27 12:41:55,354 - METRIC - INFO - statipo11 loss: 0.3493373394012451 - accuracy: 0.9070512652397156
2024-02-27 12:41:55,355 - METRIC - INFO - statipo12 loss: 0.22839291393756866 - accuracy: 0.9367815852165222
2024-02-27 12:41:55,361 - METRIC - INFO - statipo14 loss: 1.412057876586914 - accuracy: 0.8079096078872681
2024-02-27 12:41:55,363 - METRIC - INFO - statipo21 loss: 0.06992452591657639 - accuracy: 0.9765396118164062
2024-02-27 12:41:55,365 - METRIC - INFO - statipo15 loss: 0.06271649897098541 - accuracy: 0.9756097793579102
2024-02-27 12:41:55,372 - METRIC - INFO - statipo13 loss: 0.28599482774734497 - accuracy: 0.8730769157409668
2024-02-27 12:41:56,214 - METRIC - INFO - mean_accuracy: 0.9128281275431315

2024-02-27 12:41:56,215 - METRIC - INFO - stop_condition: rounds
