2024-02-27 12:53:25,785 - EXECUT - INFO - starting server...
2024-02-27 12:53:32,103 - EXECUT - INFO - trainer number statipo13 just joined the pool
2024-02-27 12:53:32,147 - EXECUT - INFO - trainer number statipo11 just joined the pool
2024-02-27 12:53:32,147 - EXECUT - INFO - trainer number statipo15 just joined the pool
2024-02-27 12:53:32,147 - EXECUT - INFO - trainer number statipo21 just joined the pool
2024-02-27 12:53:32,235 - EXECUT - INFO - trainer number statipo14 just joined the pool
2024-02-27 12:53:32,235 - EXECUT - INFO - trainer number statipo12 just joined the pool
2024-02-27 12:53:32,791 - METRIC - INFO - round: 1
2024-02-27 12:53:32,791 - METRIC - INFO - n_selected: 3
2024-02-27 12:53:32,791 - METRIC - INFO - selected_trainers: statipo14 - statipo15 - statipo12
2024-02-27 12:53:37,559 - EXECUT - INFO - received weights from trainer statipo12!
2024-02-27 12:53:37,731 - EXECUT - INFO - received weights from trainer statipo15!
2024-02-27 12:53:37,842 - EXECUT - INFO - received weights from trainer statipo14!
2024-02-27 12:53:38,930 - EXECUT - INFO - sent aggregated weights to trainers!
2024-02-27 12:53:39,082 - METRIC - INFO - statipo12 loss: 0.2253880351781845 - accuracy: 0.9195402264595032
2024-02-27 12:53:39,098 - METRIC - INFO - statipo21 loss: 22.17291259765625 - accuracy: 0.3695014715194702
2024-02-27 12:53:39,108 - METRIC - INFO - statipo13 loss: 20.611133575439453 - accuracy: 0.22179487347602844
2024-02-27 12:53:39,108 - METRIC - INFO - statipo14 loss: 0.33611392974853516 - accuracy: 0.901129961013794
2024-02-27 12:53:39,113 - METRIC - INFO - statipo15 loss: 0.1540285050868988 - accuracy: 0.9512194991111755
2024-02-27 12:53:39,119 - METRIC - INFO - statipo11 loss: 10.09701156616211 - accuracy: 0.33493590354919434
2024-02-27 12:53:39,931 - METRIC - INFO - mean_accuracy: 0.6163536558548609

2024-02-27 12:53:39,931 - METRIC - INFO - round: 2
2024-02-27 12:53:39,932 - METRIC - INFO - n_selected: 3
2024-02-27 12:53:39,932 - METRIC - INFO - selected_trainers: statipo12 - statipo13 - statipo21
2024-02-27 12:53:41,115 - EXECUT - INFO - received weights from trainer statipo12!
2024-02-27 12:53:41,754 - EXECUT - INFO - received weights from trainer statipo21!
2024-02-27 12:53:41,889 - EXECUT - INFO - received weights from trainer statipo13!
2024-02-27 12:53:42,032 - EXECUT - INFO - sent aggregated weights to trainers!
2024-02-27 12:53:42,175 - METRIC - INFO - statipo11 loss: 2.1943278312683105 - accuracy: 0.16025641560554504
2024-02-27 12:53:42,181 - METRIC - INFO - statipo12 loss: 0.19028107821941376 - accuracy: 0.9291187524795532
2024-02-27 12:53:42,182 - METRIC - INFO - statipo15 loss: 1.817581057548523 - accuracy: 0.19837398827075958
2024-02-27 12:53:42,185 - METRIC - INFO - statipo21 loss: 0.3190944492816925 - accuracy: 0.8636363744735718
2024-02-27 12:53:42,187 - METRIC - INFO - statipo13 loss: 0.4901644289493561 - accuracy: 0.800000011920929
2024-02-27 12:53:42,221 - METRIC - INFO - statipo14 loss: 1.5710588693618774 - accuracy: 0.2711864411830902
2024-02-27 12:53:43,033 - METRIC - INFO - mean_accuracy: 0.5370953306555748

2024-02-27 12:53:43,033 - METRIC - INFO - round: 3
2024-02-27 12:53:43,034 - METRIC - INFO - n_selected: 3
2024-02-27 12:53:43,034 - METRIC - INFO - selected_trainers: statipo12 - statipo21 - statipo11
2024-02-27 12:53:47,314 - EXECUT - INFO - received weights from trainer statipo21!
2024-02-27 12:53:47,887 - EXECUT - INFO - received weights from trainer statipo11!
2024-02-27 12:53:48,374 - EXECUT - INFO - received weights from trainer statipo12!
2024-02-27 12:53:49,126 - EXECUT - INFO - sent aggregated weights to trainers!
2024-02-27 12:53:49,263 - METRIC - INFO - statipo11 loss: 0.16191703081130981 - accuracy: 0.942307710647583
2024-02-27 12:53:49,272 - METRIC - INFO - statipo13 loss: 1.0074739456176758 - accuracy: 0.6000000238418579
2024-02-27 12:53:49,272 - METRIC - INFO - statipo14 loss: 1.4160155057907104 - accuracy: 0.34887006878852844
2024-02-27 12:53:49,272 - METRIC - INFO - statipo12 loss: 0.12182898819446564 - accuracy: 0.9559386968612671
2024-02-27 12:53:49,278 - METRIC - INFO - statipo15 loss: 2.160245656967163 - accuracy: 0.19837398827075958
2024-02-27 12:53:49,285 - METRIC - INFO - statipo21 loss: 0.21640734374523163 - accuracy: 0.9149560332298279
2024-02-27 12:53:50,127 - METRIC - INFO - mean_accuracy: 0.660074420273304

2024-02-27 12:53:50,127 - METRIC - INFO - round: 4
2024-02-27 12:53:50,128 - METRIC - INFO - n_selected: 3
2024-02-27 12:53:50,128 - METRIC - INFO - selected_trainers: statipo12 - statipo15 - statipo14
2024-02-27 12:53:53,550 - EXECUT - INFO - received weights from trainer statipo12!
2024-02-27 12:53:53,809 - EXECUT - INFO - received weights from trainer statipo15!
2024-02-27 12:53:53,986 - EXECUT - INFO - received weights from trainer statipo14!
2024-02-27 12:53:54,220 - EXECUT - INFO - sent aggregated weights to trainers!
2024-02-27 12:53:54,359 - METRIC - INFO - statipo13 loss: 1.4322429895401 - accuracy: 0.4307692348957062
2024-02-27 12:53:54,370 - METRIC - INFO - statipo11 loss: 1.0667433738708496 - accuracy: 0.48557692766189575
2024-02-27 12:53:54,371 - METRIC - INFO - statipo12 loss: 0.0878247544169426 - accuracy: 0.967432975769043
2024-02-27 12:53:54,394 - METRIC - INFO - statipo15 loss: 0.1586144119501114 - accuracy: 0.9414634108543396
2024-02-27 12:53:54,396 - METRIC - INFO - statipo21 loss: 0.5720705986022949 - accuracy: 0.7829912304878235
2024-02-27 12:53:54,400 - METRIC - INFO - statipo14 loss: 0.17823739349842072 - accuracy: 0.9350282549858093
2024-02-27 12:53:55,221 - METRIC - INFO - mean_accuracy: 0.7572103391091028

2024-02-27 12:53:55,222 - METRIC - INFO - round: 5
2024-02-27 12:53:55,222 - METRIC - INFO - n_selected: 3
2024-02-27 12:53:55,223 - METRIC - INFO - selected_trainers: statipo13 - statipo11 - statipo21
2024-02-27 12:53:56,595 - EXECUT - INFO - received weights from trainer statipo11!
2024-02-27 12:53:56,695 - EXECUT - INFO - received weights from trainer statipo21!
2024-02-27 12:53:56,811 - EXECUT - INFO - received weights from trainer statipo13!
2024-02-27 12:53:57,311 - EXECUT - INFO - sent aggregated weights to trainers!
2024-02-27 12:53:57,448 - METRIC - INFO - statipo11 loss: 0.1313885897397995 - accuracy: 0.9535256624221802
2024-02-27 12:53:57,453 - METRIC - INFO - statipo12 loss: 0.6887115240097046 - accuracy: 0.7758620977401733
2024-02-27 12:53:57,454 - METRIC - INFO - statipo13 loss: 0.25154948234558105 - accuracy: 0.9025641083717346
2024-02-27 12:53:57,462 - METRIC - INFO - statipo14 loss: 0.5493055582046509 - accuracy: 0.790960431098938
2024-02-27 12:53:57,485 - METRIC - INFO - statipo21 loss: 0.19846446812152863 - accuracy: 0.9237536787986755
2024-02-27 12:53:57,486 - METRIC - INFO - statipo15 loss: 3.1938772201538086 - accuracy: 0.27642276883125305
2024-02-27 12:53:58,313 - METRIC - INFO - mean_accuracy: 0.7705147912104925

2024-02-27 12:53:58,313 - METRIC - INFO - round: 6
2024-02-27 12:53:58,314 - METRIC - INFO - n_selected: 3
2024-02-27 12:53:58,314 - METRIC - INFO - selected_trainers: statipo11 - statipo12 - statipo13
2024-02-27 12:53:59,539 - EXECUT - INFO - received weights from trainer statipo12!
2024-02-27 12:53:59,713 - EXECUT - INFO - received weights from trainer statipo11!
2024-02-27 12:53:59,941 - EXECUT - INFO - received weights from trainer statipo13!
2024-02-27 12:54:00,437 - EXECUT - INFO - sent aggregated weights to trainers!
2024-02-27 12:54:00,575 - METRIC - INFO - statipo12 loss: 0.09984445571899414 - accuracy: 0.977011501789093
2024-02-27 12:54:00,585 - METRIC - INFO - statipo15 loss: 5.731040000915527 - accuracy: 0.22926829755306244
2024-02-27 12:54:00,585 - METRIC - INFO - statipo13 loss: 0.3026217222213745 - accuracy: 0.8884615302085876
2024-02-27 12:54:00,589 - METRIC - INFO - statipo14 loss: 0.7729259133338928 - accuracy: 0.7358757257461548
2024-02-27 12:54:00,605 - METRIC - INFO - statipo11 loss: 0.13655638694763184 - accuracy: 0.9583333134651184
2024-02-27 12:54:00,610 - METRIC - INFO - statipo21 loss: 0.9224731922149658 - accuracy: 0.7126099467277527
2024-02-27 12:54:01,438 - METRIC - INFO - mean_accuracy: 0.7502600525816282

2024-02-27 12:54:01,438 - METRIC - INFO - round: 7
2024-02-27 12:54:01,439 - METRIC - INFO - n_selected: 3
2024-02-27 12:54:01,439 - METRIC - INFO - selected_trainers: statipo12 - statipo13 - statipo15
2024-02-27 12:54:05,377 - EXECUT - INFO - received weights from trainer statipo12!
2024-02-27 12:54:05,588 - EXECUT - INFO - received weights from trainer statipo15!
2024-02-27 12:54:05,997 - EXECUT - INFO - received weights from trainer statipo13!
2024-02-27 12:54:06,530 - EXECUT - INFO - sent aggregated weights to trainers!
2024-02-27 12:54:06,675 - METRIC - INFO - statipo15 loss: 0.14092928171157837 - accuracy: 0.9495934844017029
2024-02-27 12:54:06,679 - METRIC - INFO - statipo13 loss: 0.1795273870229721 - accuracy: 0.9294871687889099
2024-02-27 12:54:06,681 - METRIC - INFO - statipo14 loss: 0.9067579507827759 - accuracy: 0.6525423526763916
2024-02-27 12:54:06,696 - METRIC - INFO - statipo11 loss: 0.8106750845909119 - accuracy: 0.7483974099159241
2024-02-27 12:54:06,701 - METRIC - INFO - statipo21 loss: 1.6706641912460327 - accuracy: 0.626099705696106
2024-02-27 12:54:06,710 - METRIC - INFO - statipo12 loss: 0.2247243970632553 - accuracy: 0.9214559197425842
2024-02-27 12:54:07,533 - METRIC - INFO - mean_accuracy: 0.8045960068702698

2024-02-27 12:54:07,533 - METRIC - INFO - round: 8
2024-02-27 12:54:07,533 - METRIC - INFO - n_selected: 3
2024-02-27 12:54:07,533 - METRIC - INFO - selected_trainers: statipo21 - statipo12 - statipo13
2024-02-27 12:54:08,724 - EXECUT - INFO - received weights from trainer statipo12!
2024-02-27 12:54:08,989 - EXECUT - INFO - received weights from trainer statipo21!
2024-02-27 12:54:09,132 - EXECUT - INFO - received weights from trainer statipo13!
2024-02-27 12:54:09,623 - EXECUT - INFO - sent aggregated weights to trainers!
2024-02-27 12:54:09,767 - METRIC - INFO - statipo11 loss: 0.8185840249061584 - accuracy: 0.7756410241127014
2024-02-27 12:54:09,769 - METRIC - INFO - statipo14 loss: 1.3830499649047852 - accuracy: 0.5480226278305054
2024-02-27 12:54:09,769 - METRIC - INFO - statipo13 loss: 0.3035503923892975 - accuracy: 0.8807692527770996
2024-02-27 12:54:09,778 - METRIC - INFO - statipo21 loss: 0.157705157995224 - accuracy: 0.9428152441978455
2024-02-27 12:54:09,799 - METRIC - INFO - statipo15 loss: 2.297027826309204 - accuracy: 0.43089431524276733
2024-02-27 12:54:09,799 - METRIC - INFO - statipo12 loss: 0.12468991428613663 - accuracy: 0.9578543901443481
2024-02-27 12:54:10,625 - METRIC - INFO - mean_accuracy: 0.7559994757175446

2024-02-27 12:54:10,626 - METRIC - INFO - round: 9
2024-02-27 12:54:10,626 - METRIC - INFO - n_selected: 3
2024-02-27 12:54:10,626 - METRIC - INFO - selected_trainers: statipo21 - statipo14 - statipo13
2024-02-27 12:54:12,129 - EXECUT - INFO - received weights from trainer statipo21!
2024-02-27 12:54:12,182 - EXECUT - INFO - received weights from trainer statipo14!
2024-02-27 12:54:12,236 - EXECUT - INFO - received weights from trainer statipo13!
2024-02-27 12:54:12,717 - EXECUT - INFO - sent aggregated weights to trainers!
2024-02-27 12:54:12,859 - METRIC - INFO - statipo11 loss: 1.2512379884719849 - accuracy: 0.692307710647583
2024-02-27 12:54:12,861 - METRIC - INFO - statipo12 loss: 0.7406570315361023 - accuracy: 0.7643678188323975
2024-02-27 12:54:12,863 - METRIC - INFO - statipo14 loss: 0.07896054536104202 - accuracy: 0.9703390002250671
2024-02-27 12:54:12,864 - METRIC - INFO - statipo15 loss: 4.593499660491943 - accuracy: 0.3040650486946106
2024-02-27 12:54:12,885 - METRIC - INFO - statipo13 loss: 0.17588163912296295 - accuracy: 0.9217948913574219
2024-02-27 12:54:12,898 - METRIC - INFO - statipo21 loss: 0.1930086761713028 - accuracy: 0.929618775844574
2024-02-27 12:54:13,719 - METRIC - INFO - mean_accuracy: 0.7637488742669424

2024-02-27 12:54:13,719 - METRIC - INFO - round: 10
2024-02-27 12:54:13,719 - METRIC - INFO - n_selected: 3
2024-02-27 12:54:13,719 - METRIC - INFO - selected_trainers: statipo11 - statipo12 - statipo21
2024-02-27 12:54:16,716 - EXECUT - INFO - received weights from trainer statipo12!
2024-02-27 12:54:16,922 - EXECUT - INFO - received weights from trainer statipo11!
2024-02-27 12:54:16,976 - EXECUT - INFO - received weights from trainer statipo21!
2024-02-27 12:54:17,808 - EXECUT - INFO - sent aggregated weights to trainers!
2024-02-27 12:54:17,948 - METRIC - INFO - statipo12 loss: 0.08605416864156723 - accuracy: 0.9712643623352051
2024-02-27 12:54:17,950 - METRIC - INFO - statipo11 loss: 0.08656509220600128 - accuracy: 0.9743589758872986
2024-02-27 12:54:17,957 - METRIC - INFO - statipo14 loss: 0.5423142910003662 - accuracy: 0.8163841962814331
2024-02-27 12:54:17,958 - METRIC - INFO - statipo15 loss: 6.972645282745361 - accuracy: 0.25040650367736816
2024-02-27 12:54:17,960 - METRIC - INFO - statipo21 loss: 0.1260533183813095 - accuracy: 0.9662756323814392
2024-02-27 12:54:17,983 - METRIC - INFO - statipo13 loss: 0.31509584188461304 - accuracy: 0.8666666746139526
2024-02-27 12:54:18,810 - METRIC - INFO - mean_accuracy: 0.8075593908627828

2024-02-27 12:54:18,810 - METRIC - INFO - round: 11
2024-02-27 12:54:18,810 - METRIC - INFO - n_selected: 3
2024-02-27 12:54:18,810 - METRIC - INFO - selected_trainers: statipo13 - statipo15 - statipo11
2024-02-27 12:54:22,621 - EXECUT - INFO - received weights from trainer statipo11!
2024-02-27 12:54:22,675 - EXECUT - INFO - received weights from trainer statipo15!
2024-02-27 12:54:22,956 - EXECUT - INFO - received weights from trainer statipo13!
2024-02-27 12:54:23,902 - EXECUT - INFO - sent aggregated weights to trainers!
2024-02-27 12:54:24,049 - METRIC - INFO - statipo15 loss: 0.11961118131875992 - accuracy: 0.9609755873680115
2024-02-27 12:54:24,051 - METRIC - INFO - statipo12 loss: 0.843047559261322 - accuracy: 0.7586206793785095
2024-02-27 12:54:24,052 - METRIC - INFO - statipo13 loss: 0.26865872740745544 - accuracy: 0.9089743494987488
2024-02-27 12:54:24,057 - METRIC - INFO - statipo21 loss: 0.44059503078460693 - accuracy: 0.829912006855011
2024-02-27 12:54:24,080 - METRIC - INFO - statipo11 loss: 0.08026883751153946 - accuracy: 0.9775640964508057
2024-02-27 12:54:24,085 - METRIC - INFO - statipo14 loss: 0.622611939907074 - accuracy: 0.7796609997749329
2024-02-27 12:54:24,903 - METRIC - INFO - mean_accuracy: 0.8692846198876699

2024-02-27 12:54:24,903 - METRIC - INFO - round: 12
2024-02-27 12:54:24,904 - METRIC - INFO - n_selected: 3
2024-02-27 12:54:24,904 - METRIC - INFO - selected_trainers: statipo21 - statipo15 - statipo14
2024-02-27 12:54:29,075 - EXECUT - INFO - received weights from trainer statipo15!
2024-02-27 12:54:29,154 - EXECUT - INFO - received weights from trainer statipo21!
2024-02-27 12:54:29,243 - EXECUT - INFO - received weights from trainer statipo14!
2024-02-27 12:54:30,027 - EXECUT - INFO - sent aggregated weights to trainers!
2024-02-27 12:54:30,167 - METRIC - INFO - statipo11 loss: 0.5700901746749878 - accuracy: 0.8285256624221802
2024-02-27 12:54:30,169 - METRIC - INFO - statipo12 loss: 1.1222431659698486 - accuracy: 0.6819923520088196
2024-02-27 12:54:30,174 - METRIC - INFO - statipo14 loss: 0.06701312959194183 - accuracy: 0.9759886860847473
2024-02-27 12:54:30,178 - METRIC - INFO - statipo21 loss: 0.13247613608837128 - accuracy: 0.9560117125511169
2024-02-27 12:54:30,181 - METRIC - INFO - statipo15 loss: 0.11240033060312271 - accuracy: 0.9658536314964294
2024-02-27 12:54:30,194 - METRIC - INFO - statipo13 loss: 0.288923442363739 - accuracy: 0.870512843132019
2024-02-27 12:54:31,029 - METRIC - INFO - mean_accuracy: 0.8798141479492188

2024-02-27 12:54:31,029 - METRIC - INFO - round: 13
2024-02-27 12:54:31,029 - METRIC - INFO - n_selected: 3
2024-02-27 12:54:31,030 - METRIC - INFO - selected_trainers: statipo13 - statipo21 - statipo14
2024-02-27 12:54:32,554 - EXECUT - INFO - received weights from trainer statipo21!
2024-02-27 12:54:32,608 - EXECUT - INFO - received weights from trainer statipo13!
2024-02-27 12:54:32,660 - EXECUT - INFO - received weights from trainer statipo14!
2024-02-27 12:54:33,118 - EXECUT - INFO - sent aggregated weights to trainers!
2024-02-27 12:54:33,255 - METRIC - INFO - statipo11 loss: 0.9959779381752014 - accuracy: 0.7708333134651184
2024-02-27 12:54:33,256 - METRIC - INFO - statipo13 loss: 0.13591213524341583 - accuracy: 0.942307710647583
2024-02-27 12:54:33,259 - METRIC - INFO - statipo15 loss: 1.6152855157852173 - accuracy: 0.5951219797134399
2024-02-27 12:54:33,273 - METRIC - INFO - statipo21 loss: 0.24913296103477478 - accuracy: 0.9120234847068787
2024-02-27 12:54:33,307 - METRIC - INFO - statipo14 loss: 0.07698830217123032 - accuracy: 0.9703390002250671
2024-02-27 12:54:33,324 - METRIC - INFO - statipo12 loss: 1.493434190750122 - accuracy: 0.6379310488700867
2024-02-27 12:54:34,119 - METRIC - INFO - mean_accuracy: 0.8047594229380289

2024-02-27 12:54:34,120 - METRIC - INFO - round: 14
2024-02-27 12:54:34,120 - METRIC - INFO - n_selected: 3
2024-02-27 12:54:34,120 - METRIC - INFO - selected_trainers: statipo11 - statipo12 - statipo21
2024-02-27 12:54:37,890 - EXECUT - INFO - received weights from trainer statipo12!
2024-02-27 12:54:38,076 - EXECUT - INFO - received weights from trainer statipo11!
2024-02-27 12:54:38,155 - EXECUT - INFO - received weights from trainer statipo21!
2024-02-27 12:54:39,269 - EXECUT - INFO - sent aggregated weights to trainers!
2024-02-27 12:54:39,415 - METRIC - INFO - statipo14 loss: 0.2792057394981384 - accuracy: 0.8898305296897888
2024-02-27 12:54:39,421 - METRIC - INFO - statipo12 loss: 0.06316728889942169 - accuracy: 0.9808428883552551
2024-02-27 12:54:39,421 - METRIC - INFO - statipo15 loss: 3.5196573734283447 - accuracy: 0.4585365951061249
2024-02-27 12:54:39,421 - METRIC - INFO - statipo13 loss: 0.2746985852718353 - accuracy: 0.8782051205635071
2024-02-27 12:54:39,446 - METRIC - INFO - statipo21 loss: 0.1870056688785553 - accuracy: 0.9442815184593201
2024-02-27 12:54:39,454 - METRIC - INFO - statipo11 loss: 0.06379907578229904 - accuracy: 0.9823718070983887
2024-02-27 12:54:40,271 - METRIC - INFO - mean_accuracy: 0.8556780765453974

2024-02-27 12:54:40,271 - METRIC - INFO - round: 15
2024-02-27 12:54:40,271 - METRIC - INFO - n_selected: 3
2024-02-27 12:54:40,272 - METRIC - INFO - selected_trainers: statipo12 - statipo15 - statipo13
2024-02-27 12:54:42,904 - EXECUT - INFO - received weights from trainer statipo12!
2024-02-27 12:54:43,109 - EXECUT - INFO - received weights from trainer statipo15!
2024-02-27 12:54:43,499 - EXECUT - INFO - received weights from trainer statipo13!
2024-02-27 12:54:44,395 - EXECUT - INFO - sent aggregated weights to trainers!
2024-02-27 12:54:44,538 - METRIC - INFO - statipo11 loss: 0.812219500541687 - accuracy: 0.7884615659713745
2024-02-27 12:54:44,540 - METRIC - INFO - statipo12 loss: 0.0621313713490963 - accuracy: 0.9789271950721741
2024-02-27 12:54:44,543 - METRIC - INFO - statipo21 loss: 0.4332173466682434 - accuracy: 0.8431084752082825
2024-02-27 12:54:44,551 - METRIC - INFO - statipo13 loss: 0.10394846647977829 - accuracy: 0.9525641202926636
2024-02-27 12:54:44,582 - METRIC - INFO - statipo15 loss: 0.1266985982656479 - accuracy: 0.9560975432395935
2024-02-27 12:54:44,583 - METRIC - INFO - statipo14 loss: 0.2849019765853882 - accuracy: 0.8997175097465515
2024-02-27 12:54:45,396 - METRIC - INFO - mean_accuracy: 0.9031460682551066

2024-02-27 12:54:45,396 - METRIC - INFO - round: 16
2024-02-27 12:54:45,397 - METRIC - INFO - n_selected: 3
2024-02-27 12:54:45,397 - METRIC - INFO - selected_trainers: statipo13 - statipo21 - statipo11
2024-02-27 12:54:46,778 - EXECUT - INFO - received weights from trainer statipo11!
2024-02-27 12:54:46,864 - EXECUT - INFO - received weights from trainer statipo21!
2024-02-27 12:54:46,983 - EXECUT - INFO - received weights from trainer statipo13!
2024-02-27 12:54:47,486 - EXECUT - INFO - sent aggregated weights to trainers!
2024-02-27 12:54:47,631 - METRIC - INFO - statipo12 loss: 0.36594775319099426 - accuracy: 0.8773946166038513
2024-02-27 12:54:47,635 - METRIC - INFO - statipo15 loss: 0.8977265954017639 - accuracy: 0.7365853786468506
2024-02-27 12:54:47,654 - METRIC - INFO - statipo13 loss: 0.11789674311876297 - accuracy: 0.949999988079071
2024-02-27 12:54:47,657 - METRIC - INFO - statipo21 loss: 0.12608659267425537 - accuracy: 0.9545454382896423
2024-02-27 12:54:47,660 - METRIC - INFO - statipo11 loss: 0.06556709855794907 - accuracy: 0.9839743375778198
2024-02-27 12:54:47,661 - METRIC - INFO - statipo14 loss: 0.49252068996429443 - accuracy: 0.8248587846755981
2024-02-27 12:54:48,487 - METRIC - INFO - mean_accuracy: 0.8878930906454722

2024-02-27 12:54:48,487 - METRIC - INFO - round: 17
2024-02-27 12:54:48,488 - METRIC - INFO - n_selected: 3
2024-02-27 12:54:48,488 - METRIC - INFO - selected_trainers: statipo21 - statipo11 - statipo15
2024-02-27 12:54:52,830 - EXECUT - INFO - received weights from trainer statipo11!
2024-02-27 12:54:52,884 - EXECUT - INFO - received weights from trainer statipo15!
2024-02-27 12:54:52,937 - EXECUT - INFO - received weights from trainer statipo21!
2024-02-27 12:54:53,615 - EXECUT - INFO - sent aggregated weights to trainers!
2024-02-27 12:54:53,756 - METRIC - INFO - statipo11 loss: 0.05920802801847458 - accuracy: 0.9839743375778198
2024-02-27 12:54:53,761 - METRIC - INFO - statipo12 loss: 0.7645541429519653 - accuracy: 0.7911877632141113
2024-02-27 12:54:53,770 - METRIC - INFO - statipo21 loss: 0.14244242012500763 - accuracy: 0.9560117125511169
2024-02-27 12:54:53,783 - METRIC - INFO - statipo13 loss: 0.14096955955028534 - accuracy: 0.9448717832565308
2024-02-27 12:54:53,787 - METRIC - INFO - statipo15 loss: 0.17563490569591522 - accuracy: 0.9544715285301208
2024-02-27 12:54:53,792 - METRIC - INFO - statipo14 loss: 0.6831539869308472 - accuracy: 0.7542372941970825
2024-02-27 12:54:54,616 - METRIC - INFO - mean_accuracy: 0.897459069887797

2024-02-27 12:54:54,616 - METRIC - INFO - round: 18
2024-02-27 12:54:54,616 - METRIC - INFO - n_selected: 3
2024-02-27 12:54:54,616 - METRIC - INFO - selected_trainers: statipo15 - statipo11 - statipo21
2024-02-27 12:54:59,223 - EXECUT - INFO - received weights from trainer statipo15!
2024-02-27 12:54:59,278 - EXECUT - INFO - received weights from trainer statipo11!
2024-02-27 12:54:59,331 - EXECUT - INFO - received weights from trainer statipo21!
2024-02-27 12:54:59,707 - EXECUT - INFO - sent aggregated weights to trainers!
2024-02-27 12:54:59,853 - METRIC - INFO - statipo15 loss: 0.08228155225515366 - accuracy: 0.9723577499389648
2024-02-27 12:54:59,854 - METRIC - INFO - statipo21 loss: 0.1156364306807518 - accuracy: 0.9648093581199646
2024-02-27 12:54:59,855 - METRIC - INFO - statipo14 loss: 0.7481012940406799 - accuracy: 0.7372881174087524
2024-02-27 12:54:59,873 - METRIC - INFO - statipo13 loss: 0.22161397337913513 - accuracy: 0.9153845906257629
2024-02-27 12:54:59,880 - METRIC - INFO - statipo11 loss: 0.0719439908862114 - accuracy: 0.9791666865348816
2024-02-27 12:54:59,884 - METRIC - INFO - statipo12 loss: 1.1423850059509277 - accuracy: 0.6992337107658386
2024-02-27 12:55:00,709 - METRIC - INFO - mean_accuracy: 0.8780400355656942

2024-02-27 12:55:00,709 - METRIC - INFO - round: 19
2024-02-27 12:55:00,710 - METRIC - INFO - n_selected: 3
2024-02-27 12:55:00,710 - METRIC - INFO - selected_trainers: statipo14 - statipo12 - statipo21
2024-02-27 12:55:05,535 - EXECUT - INFO - received weights from trainer statipo21!
2024-02-27 12:55:05,624 - EXECUT - INFO - received weights from trainer statipo14!
2024-02-27 12:55:06,035 - EXECUT - INFO - received weights from trainer statipo12!
2024-02-27 12:55:06,804 - EXECUT - INFO - sent aggregated weights to trainers!
2024-02-27 12:55:06,944 - METRIC - INFO - statipo12 loss: 0.07354486733675003 - accuracy: 0.9789271950721741
2024-02-27 12:55:06,950 - METRIC - INFO - statipo11 loss: 0.5486066937446594 - accuracy: 0.8413461446762085
2024-02-27 12:55:06,955 - METRIC - INFO - statipo21 loss: 0.10546678304672241 - accuracy: 0.9648093581199646
2024-02-27 12:55:06,972 - METRIC - INFO - statipo13 loss: 0.3293759822845459 - accuracy: 0.8602564334869385
2024-02-27 12:55:06,978 - METRIC - INFO - statipo14 loss: 0.06295561045408249 - accuracy: 0.9717513918876648
2024-02-27 12:55:06,981 - METRIC - INFO - statipo15 loss: 0.6688162088394165 - accuracy: 0.7869918942451477
2024-02-27 12:55:07,806 - METRIC - INFO - mean_accuracy: 0.900680402914683

2024-02-27 12:55:07,807 - METRIC - INFO - round: 20
2024-02-27 12:55:07,807 - METRIC - INFO - n_selected: 3
2024-02-27 12:55:07,807 - METRIC - INFO - selected_trainers: statipo11 - statipo12 - statipo21
2024-02-27 12:55:11,394 - EXECUT - INFO - received weights from trainer statipo12!
2024-02-27 12:55:11,689 - EXECUT - INFO - received weights from trainer statipo11!
2024-02-27 12:55:11,757 - EXECUT - INFO - received weights from trainer statipo21!
2024-02-27 12:55:11,935 - EXECUT - INFO - sent aggregated weights to trainers!
2024-02-27 12:55:12,082 - METRIC - INFO - statipo14 loss: 0.25528645515441895 - accuracy: 0.8997175097465515
2024-02-27 12:55:12,114 - METRIC - INFO - statipo11 loss: 0.06862707436084747 - accuracy: 0.9871794581413269
2024-02-27 12:55:12,121 - METRIC - INFO - statipo15 loss: 1.8301417827606201 - accuracy: 0.632520318031311
2024-02-27 12:55:12,122 - METRIC - INFO - statipo21 loss: 0.101191446185112 - accuracy: 0.9662756323814392
2024-02-27 12:55:12,124 - METRIC - INFO - statipo13 loss: 0.4655779004096985 - accuracy: 0.8089743852615356
2024-02-27 12:55:12,124 - METRIC - INFO - statipo12 loss: 0.06370263546705246 - accuracy: 0.969348669052124
2024-02-27 12:55:12,937 - METRIC - INFO - mean_accuracy: 0.8773359954357147

2024-02-27 12:55:12,937 - METRIC - INFO - round: 21
2024-02-27 12:55:12,937 - METRIC - INFO - n_selected: 3
2024-02-27 12:55:12,938 - METRIC - INFO - selected_trainers: statipo12 - statipo11 - statipo15
2024-02-27 12:55:16,256 - EXECUT - INFO - received weights from trainer statipo12!
2024-02-27 12:55:16,480 - EXECUT - INFO - received weights from trainer statipo11!
2024-02-27 12:55:16,533 - EXECUT - INFO - received weights from trainer statipo15!
2024-02-27 12:55:17,030 - EXECUT - INFO - sent aggregated weights to trainers!
2024-02-27 12:55:17,169 - METRIC - INFO - statipo11 loss: 0.05596538633108139 - accuracy: 0.9903846383094788
2024-02-27 12:55:17,176 - METRIC - INFO - statipo12 loss: 0.05643235892057419 - accuracy: 0.982758641242981
2024-02-27 12:55:17,179 - METRIC - INFO - statipo15 loss: 0.10529159009456635 - accuracy: 0.9560975432395935
2024-02-27 12:55:17,179 - METRIC - INFO - statipo13 loss: 0.5614412426948547 - accuracy: 0.7769230604171753
2024-02-27 12:55:17,200 - METRIC - INFO - statipo14 loss: 0.31114619970321655 - accuracy: 0.8728813529014587
2024-02-27 12:55:17,202 - METRIC - INFO - statipo21 loss: 0.26806482672691345 - accuracy: 0.9017595052719116
2024-02-27 12:55:18,031 - METRIC - INFO - mean_accuracy: 0.9134674568970998

2024-02-27 12:55:18,031 - METRIC - INFO - round: 22
2024-02-27 12:55:18,031 - METRIC - INFO - n_selected: 3
2024-02-27 12:55:18,031 - METRIC - INFO - selected_trainers: statipo13 - statipo14 - statipo12
2024-02-27 12:55:21,546 - EXECUT - INFO - received weights from trainer statipo12!
2024-02-27 12:55:21,866 - EXECUT - INFO - received weights from trainer statipo14!
2024-02-27 12:55:22,049 - EXECUT - INFO - received weights from trainer statipo13!
2024-02-27 12:55:23,134 - EXECUT - INFO - sent aggregated weights to trainers!
2024-02-27 12:55:23,282 - METRIC - INFO - statipo14 loss: 0.04645078629255295 - accuracy: 0.9816384315490723
2024-02-27 12:55:23,283 - METRIC - INFO - statipo12 loss: 0.041265904903411865 - accuracy: 0.984674334526062
2024-02-27 12:55:23,286 - METRIC - INFO - statipo13 loss: 0.11967353522777557 - accuracy: 0.949999988079071
2024-02-27 12:55:23,304 - METRIC - INFO - statipo11 loss: 0.2682056725025177 - accuracy: 0.9118589758872986
2024-02-27 12:55:23,304 - METRIC - INFO - statipo21 loss: 0.6547753810882568 - accuracy: 0.803519070148468
2024-02-27 12:55:23,314 - METRIC - INFO - statipo15 loss: 0.4371946156024933 - accuracy: 0.8585366010665894
2024-02-27 12:55:24,135 - METRIC - INFO - mean_accuracy: 0.9150379002094269

2024-02-27 12:55:24,135 - METRIC - INFO - round: 23
2024-02-27 12:55:24,136 - METRIC - INFO - n_selected: 3
2024-02-27 12:55:24,136 - METRIC - INFO - selected_trainers: statipo13 - statipo11 - statipo21
2024-02-27 12:55:25,500 - EXECUT - INFO - received weights from trainer statipo11!
2024-02-27 12:55:25,615 - EXECUT - INFO - received weights from trainer statipo21!
2024-02-27 12:55:25,745 - EXECUT - INFO - received weights from trainer statipo13!
2024-02-27 12:55:26,224 - EXECUT - INFO - sent aggregated weights to trainers!
2024-02-27 12:55:26,381 - METRIC - INFO - statipo14 loss: 0.26443833112716675 - accuracy: 0.8940678238868713
2024-02-27 12:55:26,384 - METRIC - INFO - statipo21 loss: 0.16035369038581848 - accuracy: 0.9442815184593201
2024-02-27 12:55:26,387 - METRIC - INFO - statipo11 loss: 0.06140459328889847 - accuracy: 0.9871794581413269
2024-02-27 12:55:26,390 - METRIC - INFO - statipo13 loss: 0.1439979374408722 - accuracy: 0.9448717832565308
2024-02-27 12:55:26,403 - METRIC - INFO - statipo15 loss: 0.9779106378555298 - accuracy: 0.7447154521942139
2024-02-27 12:55:26,407 - METRIC - INFO - statipo12 loss: 0.15272818505764008 - accuracy: 0.9636015295982361
2024-02-27 12:55:27,227 - METRIC - INFO - mean_accuracy: 0.9131195942560831

2024-02-27 12:55:27,227 - METRIC - INFO - round: 24
2024-02-27 12:55:27,228 - METRIC - INFO - n_selected: 3
2024-02-27 12:55:27,228 - METRIC - INFO - selected_trainers: statipo14 - statipo12 - statipo11
2024-02-27 12:55:31,310 - EXECUT - INFO - received weights from trainer statipo11!
2024-02-27 12:55:31,526 - EXECUT - INFO - received weights from trainer statipo14!
2024-02-27 12:55:32,565 - EXECUT - INFO - received weights from trainer statipo12!
2024-02-27 12:55:33,322 - EXECUT - INFO - sent aggregated weights to trainers!
2024-02-27 12:55:33,468 - METRIC - INFO - statipo12 loss: 0.03930845484137535 - accuracy: 0.984674334526062
2024-02-27 12:55:33,477 - METRIC - INFO - statipo15 loss: 2.3035988807678223 - accuracy: 0.6178861856460571
2024-02-27 12:55:33,484 - METRIC - INFO - statipo13 loss: 0.17517684400081635 - accuracy: 0.9230769276618958
2024-02-27 12:55:33,508 - METRIC - INFO - statipo14 loss: 0.04886792600154877 - accuracy: 0.9830508232116699
2024-02-27 12:55:33,509 - METRIC - INFO - statipo11 loss: 0.06182853877544403 - accuracy: 0.9887820482254028
2024-02-27 12:55:33,517 - METRIC - INFO - statipo21 loss: 0.4298888146877289 - accuracy: 0.8489736318588257
2024-02-27 12:55:34,323 - METRIC - INFO - mean_accuracy: 0.8910739918549856

2024-02-27 12:55:34,323 - METRIC - INFO - round: 25
2024-02-27 12:55:34,324 - METRIC - INFO - n_selected: 3
2024-02-27 12:55:34,324 - METRIC - INFO - selected_trainers: statipo11 - statipo13 - statipo12
2024-02-27 12:55:37,625 - EXECUT - INFO - received weights from trainer statipo12!
2024-02-27 12:55:37,805 - EXECUT - INFO - received weights from trainer statipo11!
2024-02-27 12:55:38,566 - EXECUT - INFO - received weights from trainer statipo13!
2024-02-27 12:55:39,450 - EXECUT - INFO - sent aggregated weights to trainers!
2024-02-27 12:55:39,595 - METRIC - INFO - statipo11 loss: 0.0544818714261055 - accuracy: 0.9903846383094788
2024-02-27 12:55:39,606 - METRIC - INFO - statipo14 loss: 0.1667574793100357 - accuracy: 0.9307909607887268
2024-02-27 12:55:39,619 - METRIC - INFO - statipo15 loss: 2.1880459785461426 - accuracy: 0.6211382150650024
2024-02-27 12:55:39,628 - METRIC - INFO - statipo12 loss: 0.04951416701078415 - accuracy: 0.9808428883552551
2024-02-27 12:55:39,630 - METRIC - INFO - statipo13 loss: 0.10184948146343231 - accuracy: 0.964102566242218
2024-02-27 12:55:39,636 - METRIC - INFO - statipo21 loss: 0.6818608045578003 - accuracy: 0.774193525314331
2024-02-27 12:55:40,451 - METRIC - INFO - mean_accuracy: 0.8769087990125021

2024-02-27 12:55:40,452 - METRIC - INFO - round: 26
2024-02-27 12:55:40,452 - METRIC - INFO - n_selected: 3
2024-02-27 12:55:40,452 - METRIC - INFO - selected_trainers: statipo15 - statipo14 - statipo11
2024-02-27 12:55:44,932 - EXECUT - INFO - received weights from trainer statipo15!
2024-02-27 12:55:45,093 - EXECUT - INFO - received weights from trainer statipo14!
2024-02-27 12:55:45,751 - EXECUT - INFO - received weights from trainer statipo11!
2024-02-27 12:55:46,567 - EXECUT - INFO - sent aggregated weights to trainers!
2024-02-27 12:55:46,709 - METRIC - INFO - statipo21 loss: 0.7566797733306885 - accuracy: 0.7507331371307373
2024-02-27 12:55:46,739 - METRIC - INFO - statipo11 loss: 0.05677220597863197 - accuracy: 0.9855769276618958
2024-02-27 12:55:46,742 - METRIC - INFO - statipo13 loss: 0.1704433113336563 - accuracy: 0.9256410002708435
2024-02-27 12:55:46,742 - METRIC - INFO - statipo14 loss: 0.5857923626899719 - accuracy: 0.8855932354927063
2024-02-27 12:55:46,743 - METRIC - INFO - statipo12 loss: 0.18514157831668854 - accuracy: 0.946360170841217
2024-02-27 12:55:46,748 - METRIC - INFO - statipo15 loss: 0.08229192346334457 - accuracy: 0.9609755873680115
2024-02-27 12:55:47,568 - METRIC - INFO - mean_accuracy: 0.9091466764609019

2024-02-27 12:55:47,569 - METRIC - INFO - round: 27
2024-02-27 12:55:47,569 - METRIC - INFO - n_selected: 3
2024-02-27 12:55:47,569 - METRIC - INFO - selected_trainers: statipo14 - statipo11 - statipo12
2024-02-27 12:55:51,433 - EXECUT - INFO - received weights from trainer statipo12!
2024-02-27 12:55:51,626 - EXECUT - INFO - received weights from trainer statipo11!
2024-02-27 12:55:51,749 - EXECUT - INFO - received weights from trainer statipo14!
2024-02-27 12:55:52,660 - EXECUT - INFO - sent aggregated weights to trainers!
2024-02-27 12:55:52,806 - METRIC - INFO - statipo12 loss: 0.05092658847570419 - accuracy: 0.9789271950721741
2024-02-27 12:55:52,807 - METRIC - INFO - statipo14 loss: 0.34146061539649963 - accuracy: 0.9025423526763916
2024-02-27 12:55:52,818 - METRIC - INFO - statipo15 loss: 0.6256514191627502 - accuracy: 0.8195121884346008
2024-02-27 12:55:52,830 - METRIC - INFO - statipo13 loss: 0.2879717946052551 - accuracy: 0.892307698726654
2024-02-27 12:55:52,832 - METRIC - INFO - statipo11 loss: 0.057714950293302536 - accuracy: 0.9871794581413269
2024-02-27 12:55:52,833 - METRIC - INFO - statipo21 loss: 0.9688013792037964 - accuracy: 0.7214076519012451
2024-02-27 12:55:53,662 - METRIC - INFO - mean_accuracy: 0.8836460908253988

2024-02-27 12:55:53,662 - METRIC - INFO - round: 28
2024-02-27 12:55:53,662 - METRIC - INFO - n_selected: 3
2024-02-27 12:55:53,662 - METRIC - INFO - selected_trainers: statipo12 - statipo21 - statipo15
2024-02-27 12:55:57,224 - EXECUT - INFO - received weights from trainer statipo12!
2024-02-27 12:55:57,405 - EXECUT - INFO - received weights from trainer statipo15!
2024-02-27 12:55:57,478 - EXECUT - INFO - received weights from trainer statipo21!
2024-02-27 12:55:57,787 - EXECUT - INFO - sent aggregated weights to trainers!
2024-02-27 12:55:57,929 - METRIC - INFO - statipo13 loss: 0.3949202299118042 - accuracy: 0.8461538553237915
2024-02-27 12:55:57,933 - METRIC - INFO - statipo12 loss: 0.04179136082530022 - accuracy: 0.9865900278091431
2024-02-27 12:55:57,936 - METRIC - INFO - statipo21 loss: 0.12519198656082153 - accuracy: 0.9604105353355408
2024-02-27 12:55:57,941 - METRIC - INFO - statipo14 loss: 0.14517533779144287 - accuracy: 0.9463276863098145
2024-02-27 12:55:57,954 - METRIC - INFO - statipo11 loss: 0.14169462025165558 - accuracy: 0.9647436141967773
2024-02-27 12:55:57,962 - METRIC - INFO - statipo15 loss: 0.07017361372709274 - accuracy: 0.9739837646484375
2024-02-27 12:55:58,788 - METRIC - INFO - mean_accuracy: 0.9463682472705841

2024-02-27 12:55:58,788 - METRIC - INFO - round: 29
2024-02-27 12:55:58,789 - METRIC - INFO - n_selected: 3
2024-02-27 12:55:58,789 - METRIC - INFO - selected_trainers: statipo15 - statipo21 - statipo11
2024-02-27 12:56:03,057 - EXECUT - INFO - received weights from trainer statipo11!
2024-02-27 12:56:03,111 - EXECUT - INFO - received weights from trainer statipo15!
2024-02-27 12:56:03,164 - EXECUT - INFO - received weights from trainer statipo21!
2024-02-27 12:56:03,881 - EXECUT - INFO - sent aggregated weights to trainers!
2024-02-27 12:56:04,027 - METRIC - INFO - statipo11 loss: 0.0540274903178215 - accuracy: 0.9903846383094788
2024-02-27 12:56:04,031 - METRIC - INFO - statipo14 loss: 0.14771431684494019 - accuracy: 0.9392655491828918
2024-02-27 12:56:04,050 - METRIC - INFO - statipo13 loss: 0.45587822794914246 - accuracy: 0.8230769038200378
2024-02-27 12:56:04,050 - METRIC - INFO - statipo21 loss: 0.13486634194850922 - accuracy: 0.9604105353355408
2024-02-27 12:56:04,059 - METRIC - INFO - statipo15 loss: 0.2718857526779175 - accuracy: 0.9463414549827576
2024-02-27 12:56:04,061 - METRIC - INFO - statipo12 loss: 0.14718876779079437 - accuracy: 0.967432975769043
2024-02-27 12:56:04,883 - METRIC - INFO - mean_accuracy: 0.9378186762332916

2024-02-27 12:56:04,883 - METRIC - INFO - round: 30
2024-02-27 12:56:04,883 - METRIC - INFO - n_selected: 3
2024-02-27 12:56:04,883 - METRIC - INFO - selected_trainers: statipo21 - statipo12 - statipo14
2024-02-27 12:56:08,286 - EXECUT - INFO - received weights from trainer statipo12!
2024-02-27 12:56:08,703 - EXECUT - INFO - received weights from trainer statipo21!
2024-02-27 12:56:08,809 - EXECUT - INFO - received weights from trainer statipo14!
2024-02-27 12:56:08,974 - EXECUT - INFO - sent aggregated weights to trainers!
2024-02-27 12:56:09,127 - METRIC - INFO - statipo12 loss: 0.03801599144935608 - accuracy: 0.9865900278091431
2024-02-27 12:56:09,130 - METRIC - INFO - statipo21 loss: 0.20728497207164764 - accuracy: 0.9501466155052185
2024-02-27 12:56:09,143 - METRIC - INFO - statipo11 loss: 0.3092915117740631 - accuracy: 0.9150640964508057
2024-02-27 12:56:09,146 - METRIC - INFO - statipo15 loss: 0.5160456299781799 - accuracy: 0.8520325422286987
2024-02-27 12:56:09,147 - METRIC - INFO - statipo13 loss: 0.5408016443252563 - accuracy: 0.7948718070983887
2024-02-27 12:56:09,154 - METRIC - INFO - statipo14 loss: 0.0817304253578186 - accuracy: 0.9717513918876648
2024-02-27 12:56:09,977 - METRIC - INFO - mean_accuracy: 0.9117427468299866

2024-02-27 12:56:09,977 - METRIC - INFO - round: 31
2024-02-27 12:56:09,977 - METRIC - INFO - n_selected: 3
2024-02-27 12:56:09,977 - METRIC - INFO - selected_trainers: statipo14 - statipo13 - statipo11
2024-02-27 12:56:12,507 - EXECUT - INFO - received weights from trainer statipo11!
2024-02-27 12:56:12,653 - EXECUT - INFO - received weights from trainer statipo14!
2024-02-27 12:56:12,737 - EXECUT - INFO - received weights from trainer statipo13!
2024-02-27 12:56:13,066 - EXECUT - INFO - sent aggregated weights to trainers!
2024-02-27 12:56:13,218 - METRIC - INFO - statipo15 loss: 1.0484005212783813 - accuracy: 0.7512195110321045
2024-02-27 12:56:13,220 - METRIC - INFO - statipo12 loss: 0.19727039337158203 - accuracy: 0.9367815852165222
2024-02-27 12:56:13,240 - METRIC - INFO - statipo13 loss: 0.11247596889734268 - accuracy: 0.9538461565971375
2024-02-27 12:56:13,243 - METRIC - INFO - statipo14 loss: 0.0427294597029686 - accuracy: 0.9830508232116699
2024-02-27 12:56:13,244 - METRIC - INFO - statipo21 loss: 0.18543706834316254 - accuracy: 0.9340175986289978
2024-02-27 12:56:13,246 - METRIC - INFO - statipo11 loss: 0.053668029606342316 - accuracy: 0.9919871687889099
2024-02-27 12:56:14,069 - METRIC - INFO - mean_accuracy: 0.925150473912557

2024-02-27 12:56:14,069 - METRIC - INFO - round: 32
2024-02-27 12:56:14,070 - METRIC - INFO - n_selected: 3
2024-02-27 12:56:14,070 - METRIC - INFO - selected_trainers: statipo12 - statipo15 - statipo14
2024-02-27 12:56:18,028 - EXECUT - INFO - received weights from trainer statipo12!
2024-02-27 12:56:18,366 - EXECUT - INFO - received weights from trainer statipo15!
2024-02-27 12:56:18,419 - EXECUT - INFO - received weights from trainer statipo14!
2024-02-27 12:56:19,162 - EXECUT - INFO - sent aggregated weights to trainers!
2024-02-27 12:56:19,310 - METRIC - INFO - statipo11 loss: 0.28043442964553833 - accuracy: 0.9278846383094788
2024-02-27 12:56:19,312 - METRIC - INFO - statipo15 loss: 0.07063303142786026 - accuracy: 0.9707317352294922
2024-02-27 12:56:19,314 - METRIC - INFO - statipo13 loss: 0.23316116631031036 - accuracy: 0.9115384817123413
2024-02-27 12:56:19,314 - METRIC - INFO - statipo12 loss: 0.04945029318332672 - accuracy: 0.982758641242981
2024-02-27 12:56:19,337 - METRIC - INFO - statipo21 loss: 0.33790817856788635 - accuracy: 0.8753665685653687
2024-02-27 12:56:19,338 - METRIC - INFO - statipo14 loss: 0.03671682998538017 - accuracy: 0.9872881174087524
2024-02-27 12:56:20,163 - METRIC - INFO - mean_accuracy: 0.9425946970780691

2024-02-27 12:56:20,163 - METRIC - INFO - round: 33
2024-02-27 12:56:20,164 - METRIC - INFO - n_selected: 3
2024-02-27 12:56:20,164 - METRIC - INFO - selected_trainers: statipo15 - statipo13 - statipo14
2024-02-27 12:56:22,673 - EXECUT - INFO - received weights from trainer statipo15!
2024-02-27 12:56:22,793 - EXECUT - INFO - received weights from trainer statipo14!
2024-02-27 12:56:22,936 - EXECUT - INFO - received weights from trainer statipo13!
2024-02-27 12:56:23,255 - EXECUT - INFO - sent aggregated weights to trainers!
2024-02-27 12:56:23,398 - METRIC - INFO - statipo12 loss: 0.17512568831443787 - accuracy: 0.9521072506904602
2024-02-27 12:56:23,402 - METRIC - INFO - statipo21 loss: 0.41740506887435913 - accuracy: 0.8577712774276733
2024-02-27 12:56:23,405 - METRIC - INFO - statipo15 loss: 0.06641770899295807 - accuracy: 0.9723577499389648
2024-02-27 12:56:23,422 - METRIC - INFO - statipo13 loss: 0.13716357946395874 - accuracy: 0.9448717832565308
2024-02-27 12:56:23,423 - METRIC - INFO - statipo11 loss: 0.30649274587631226 - accuracy: 0.9070512652397156
2024-02-27 12:56:23,432 - METRIC - INFO - statipo14 loss: 0.032415490597486496 - accuracy: 0.9901130199432373
2024-02-27 12:56:24,256 - METRIC - INFO - mean_accuracy: 0.937378724416097

2024-02-27 12:56:24,256 - METRIC - INFO - round: 34
2024-02-27 12:56:24,257 - METRIC - INFO - n_selected: 3
2024-02-27 12:56:24,257 - METRIC - INFO - selected_trainers: statipo15 - statipo14 - statipo12
2024-02-27 12:56:28,644 - EXECUT - INFO - received weights from trainer statipo12!
2024-02-27 12:56:28,863 - EXECUT - INFO - received weights from trainer statipo15!
2024-02-27 12:56:28,988 - EXECUT - INFO - received weights from trainer statipo14!
2024-02-27 12:56:29,348 - EXECUT - INFO - sent aggregated weights to trainers!
2024-02-27 12:56:29,495 - METRIC - INFO - statipo13 loss: 0.21522553265094757 - accuracy: 0.9153845906257629
2024-02-27 12:56:29,496 - METRIC - INFO - statipo12 loss: 0.061347465962171555 - accuracy: 0.9789271950721741
2024-02-27 12:56:29,516 - METRIC - INFO - statipo11 loss: 0.3567619323730469 - accuracy: 0.8958333134651184
2024-02-27 12:56:29,523 - METRIC - INFO - statipo15 loss: 0.0668787732720375 - accuracy: 0.9772357940673828
2024-02-27 12:56:29,529 - METRIC - INFO - statipo21 loss: 0.4380056858062744 - accuracy: 0.8431084752082825
2024-02-27 12:56:29,529 - METRIC - INFO - statipo14 loss: 0.036823518574237823 - accuracy: 0.9872881174087524
2024-02-27 12:56:30,350 - METRIC - INFO - mean_accuracy: 0.9329629143079122

2024-02-27 12:56:30,350 - METRIC - INFO - round: 35
2024-02-27 12:56:30,350 - METRIC - INFO - n_selected: 3
2024-02-27 12:56:30,350 - METRIC - INFO - selected_trainers: statipo12 - statipo14 - statipo15
2024-02-27 12:56:34,408 - EXECUT - INFO - received weights from trainer statipo12!
2024-02-27 12:56:34,601 - EXECUT - INFO - received weights from trainer statipo15!
2024-02-27 12:56:34,784 - EXECUT - INFO - received weights from trainer statipo14!
2024-02-27 12:56:35,491 - EXECUT - INFO - sent aggregated weights to trainers!
2024-02-27 12:56:35,638 - METRIC - INFO - statipo15 loss: 0.06848421692848206 - accuracy: 0.9707317352294922
2024-02-27 12:56:35,640 - METRIC - INFO - statipo12 loss: 0.1311037838459015 - accuracy: 0.9559386968612671
2024-02-27 12:56:35,642 - METRIC - INFO - statipo14 loss: 0.03348856791853905 - accuracy: 0.9901130199432373
2024-02-27 12:56:35,667 - METRIC - INFO - statipo11 loss: 0.3648941218852997 - accuracy: 0.8894230723381042
2024-02-27 12:56:35,669 - METRIC - INFO - statipo13 loss: 0.29654645919799805 - accuracy: 0.8935897350311279
2024-02-27 12:56:35,671 - METRIC - INFO - statipo21 loss: 0.5053213834762573 - accuracy: 0.829912006855011
2024-02-27 12:56:36,494 - METRIC - INFO - mean_accuracy: 0.9216180443763733

2024-02-27 12:56:36,494 - METRIC - INFO - round: 36
2024-02-27 12:56:36,495 - METRIC - INFO - n_selected: 3
2024-02-27 12:56:36,495 - METRIC - INFO - selected_trainers: statipo21 - statipo14 - statipo15
2024-02-27 12:56:40,735 - EXECUT - INFO - received weights from trainer statipo15!
2024-02-27 12:56:40,806 - EXECUT - INFO - received weights from trainer statipo21!
2024-02-27 12:56:40,899 - EXECUT - INFO - received weights from trainer statipo14!
2024-02-27 12:56:41,586 - EXECUT - INFO - sent aggregated weights to trainers!
2024-02-27 12:56:41,733 - METRIC - INFO - statipo11 loss: 0.45662346482276917 - accuracy: 0.8717948794364929
2024-02-27 12:56:41,734 - METRIC - INFO - statipo13 loss: 0.37894535064697266 - accuracy: 0.8487179279327393
2024-02-27 12:56:41,735 - METRIC - INFO - statipo14 loss: 0.04927448183298111 - accuracy: 0.9887005686759949
2024-02-27 12:56:41,740 - METRIC - INFO - statipo15 loss: 0.06622902303934097 - accuracy: 0.9739837646484375
2024-02-27 12:56:41,763 - METRIC - INFO - statipo21 loss: 0.13331520557403564 - accuracy: 0.9677419066429138
2024-02-27 12:56:41,766 - METRIC - INFO - statipo12 loss: 0.13479232788085938 - accuracy: 0.9655172228813171
2024-02-27 12:56:42,588 - METRIC - INFO - mean_accuracy: 0.9360760450363159

2024-02-27 12:56:42,588 - METRIC - INFO - round: 37
2024-02-27 12:56:42,588 - METRIC - INFO - n_selected: 3
2024-02-27 12:56:42,589 - METRIC - INFO - selected_trainers: statipo21 - statipo11 - statipo15
2024-02-27 12:56:45,950 - EXECUT - INFO - received weights from trainer statipo11!
2024-02-27 12:56:46,004 - EXECUT - INFO - received weights from trainer statipo15!
2024-02-27 12:56:46,099 - EXECUT - INFO - received weights from trainer statipo21!
2024-02-27 12:56:46,679 - EXECUT - INFO - sent aggregated weights to trainers!
2024-02-27 12:56:46,828 - METRIC - INFO - statipo13 loss: 0.4966197907924652 - accuracy: 0.807692289352417
2024-02-27 12:56:46,833 - METRIC - INFO - statipo21 loss: 0.08751722425222397 - accuracy: 0.9794721603393555
2024-02-27 12:56:46,861 - METRIC - INFO - statipo12 loss: 0.21187666058540344 - accuracy: 0.9406130313873291
2024-02-27 12:56:46,863 - METRIC - INFO - statipo15 loss: 0.07150756567716599 - accuracy: 0.9756097793579102
2024-02-27 12:56:46,865 - METRIC - INFO - statipo14 loss: 0.046348586678504944 - accuracy: 0.9816384315490723
2024-02-27 12:56:46,895 - METRIC - INFO - statipo11 loss: 0.05530552193522453 - accuracy: 0.9887820482254028
2024-02-27 12:56:47,682 - METRIC - INFO - mean_accuracy: 0.9456346233685812

2024-02-27 12:56:47,683 - METRIC - INFO - round: 38
2024-02-27 12:56:47,683 - METRIC - INFO - n_selected: 3
2024-02-27 12:56:47,683 - METRIC - INFO - selected_trainers: statipo12 - statipo13 - statipo11
2024-02-27 12:56:51,942 - EXECUT - INFO - received weights from trainer statipo11!
2024-02-27 12:56:52,364 - EXECUT - INFO - received weights from trainer statipo13!
2024-02-27 12:56:53,056 - EXECUT - INFO - received weights from trainer statipo12!
2024-02-27 12:56:53,779 - EXECUT - INFO - sent aggregated weights to trainers!
2024-02-27 12:56:53,930 - METRIC - INFO - statipo15 loss: 0.17746196687221527 - accuracy: 0.9512194991111755
2024-02-27 12:56:53,930 - METRIC - INFO - statipo11 loss: 0.0543472096323967 - accuracy: 0.9887820482254028
2024-02-27 12:56:53,935 - METRIC - INFO - statipo21 loss: 0.2759179472923279 - accuracy: 0.9017595052719116
2024-02-27 12:56:53,948 - METRIC - INFO - statipo13 loss: 0.09648776799440384 - accuracy: 0.9628205299377441
2024-02-27 12:56:54,005 - METRIC - INFO - statipo14 loss: 0.05113471671938896 - accuracy: 0.9844632744789124
2024-02-27 12:56:54,022 - METRIC - INFO - statipo12 loss: 0.051857586950063705 - accuracy: 0.982758641242981
2024-02-27 12:56:54,780 - METRIC - INFO - mean_accuracy: 0.9619672497113546

2024-02-27 12:56:54,781 - METRIC - INFO - round: 39
2024-02-27 12:56:54,781 - METRIC - INFO - n_selected: 3
2024-02-27 12:56:54,781 - METRIC - INFO - selected_trainers: statipo11 - statipo14 - statipo15
2024-02-27 12:56:59,483 - EXECUT - INFO - received weights from trainer statipo11!
2024-02-27 12:56:59,537 - EXECUT - INFO - received weights from trainer statipo15!
2024-02-27 12:56:59,628 - EXECUT - INFO - received weights from trainer statipo14!
2024-02-27 12:56:59,910 - EXECUT - INFO - sent aggregated weights to trainers!
2024-02-27 12:57:00,057 - METRIC - INFO - statipo21 loss: 0.45874470472335815 - accuracy: 0.8445748090744019
2024-02-27 12:57:00,058 - METRIC - INFO - statipo12 loss: 0.1387881636619568 - accuracy: 0.9425287246704102
2024-02-27 12:57:00,061 - METRIC - INFO - statipo15 loss: 0.07102718949317932 - accuracy: 0.9723577499389648
2024-02-27 12:57:00,065 - METRIC - INFO - statipo14 loss: 0.029636142775416374 - accuracy: 0.9872881174087524
2024-02-27 12:57:00,079 - METRIC - INFO - statipo13 loss: 0.16211259365081787 - accuracy: 0.9269230961799622
2024-02-27 12:57:00,082 - METRIC - INFO - statipo11 loss: 0.0587308295071125 - accuracy: 0.9887820482254028
2024-02-27 12:57:00,911 - METRIC - INFO - mean_accuracy: 0.943742424249649

2024-02-27 12:57:00,911 - METRIC - INFO - round: 40
2024-02-27 12:57:00,912 - METRIC - INFO - n_selected: 3
2024-02-27 12:57:00,912 - METRIC - INFO - selected_trainers: statipo13 - statipo14 - statipo21
2024-02-27 12:57:02,452 - EXECUT - INFO - received weights from trainer statipo21!
2024-02-27 12:57:02,506 - EXECUT - INFO - received weights from trainer statipo14!
2024-02-27 12:57:02,559 - EXECUT - INFO - received weights from trainer statipo13!
2024-02-27 12:57:03,002 - EXECUT - INFO - sent aggregated weights to trainers!
2024-02-27 12:57:03,148 - METRIC - INFO - statipo11 loss: 0.1313021183013916 - accuracy: 0.9695512652397156
2024-02-27 12:57:03,149 - METRIC - INFO - statipo15 loss: 0.1440674066543579 - accuracy: 0.9658536314964294
2024-02-27 12:57:03,173 - METRIC - INFO - statipo21 loss: 0.07412834465503693 - accuracy: 0.9780058860778809
2024-02-27 12:57:03,173 - METRIC - INFO - statipo13 loss: 0.10543610155582428 - accuracy: 0.9615384340286255
2024-02-27 12:57:03,179 - METRIC - INFO - statipo14 loss: 0.04238346964120865 - accuracy: 0.9858757257461548
2024-02-27 12:57:03,180 - METRIC - INFO - statipo12 loss: 0.23696944117546082 - accuracy: 0.931034505367279
2024-02-27 12:57:04,003 - METRIC - INFO - mean_accuracy: 0.9653099079926809

2024-02-27 12:57:04,003 - METRIC - INFO - round: 41
2024-02-27 12:57:04,004 - METRIC - INFO - n_selected: 3
2024-02-27 12:57:04,004 - METRIC - INFO - selected_trainers: statipo21 - statipo13 - statipo14
2024-02-27 12:57:05,516 - EXECUT - INFO - received weights from trainer statipo21!
2024-02-27 12:57:05,571 - EXECUT - INFO - received weights from trainer statipo14!
2024-02-27 12:57:05,624 - EXECUT - INFO - received weights from trainer statipo13!
2024-02-27 12:57:06,094 - EXECUT - INFO - sent aggregated weights to trainers!
2024-02-27 12:57:06,242 - METRIC - INFO - statipo11 loss: 0.26558980345726013 - accuracy: 0.9358974099159241
2024-02-27 12:57:06,244 - METRIC - INFO - statipo21 loss: 0.12780605256557465 - accuracy: 0.9589442610740662
2024-02-27 12:57:06,261 - METRIC - INFO - statipo13 loss: 0.07520589232444763 - accuracy: 0.9705128073692322
2024-02-27 12:57:06,269 - METRIC - INFO - statipo14 loss: 0.03174404799938202 - accuracy: 0.991525411605835
2024-02-27 12:57:06,272 - METRIC - INFO - statipo15 loss: 0.27946019172668457 - accuracy: 0.9154471755027771
2024-02-27 12:57:06,279 - METRIC - INFO - statipo12 loss: 0.19268858432769775 - accuracy: 0.9406130313873291
2024-02-27 12:57:07,095 - METRIC - INFO - mean_accuracy: 0.952156682809194

2024-02-27 12:57:07,095 - METRIC - INFO - round: 42
2024-02-27 12:57:07,096 - METRIC - INFO - n_selected: 3
2024-02-27 12:57:07,096 - METRIC - INFO - selected_trainers: statipo12 - statipo13 - statipo15
2024-02-27 12:57:10,803 - EXECUT - INFO - received weights from trainer statipo15!
2024-02-27 12:57:11,512 - EXECUT - INFO - received weights from trainer statipo13!
2024-02-27 12:57:12,395 - EXECUT - INFO - received weights from trainer statipo12!
2024-02-27 12:57:13,188 - EXECUT - INFO - sent aggregated weights to trainers!
2024-02-27 12:57:13,332 - METRIC - INFO - statipo15 loss: 0.07894209027290344 - accuracy: 0.9739837646484375
2024-02-27 12:57:13,342 - METRIC - INFO - statipo21 loss: 0.17017316818237305 - accuracy: 0.9413489699363708
2024-02-27 12:57:13,355 - METRIC - INFO - statipo13 loss: 0.2624480724334717 - accuracy: 0.8974359035491943
2024-02-27 12:57:13,359 - METRIC - INFO - statipo11 loss: 0.4660058617591858 - accuracy: 0.8733974099159241
2024-02-27 12:57:13,363 - METRIC - INFO - statipo14 loss: 0.11107081919908524 - accuracy: 0.9632768630981445
2024-02-27 12:57:13,366 - METRIC - INFO - statipo12 loss: 0.062416501343250275 - accuracy: 0.984674334526062
2024-02-27 12:57:14,191 - METRIC - INFO - mean_accuracy: 0.9390195409456888

2024-02-27 12:57:14,191 - METRIC - INFO - round: 43
2024-02-27 12:57:14,192 - METRIC - INFO - n_selected: 3
2024-02-27 12:57:14,192 - METRIC - INFO - selected_trainers: statipo13 - statipo21 - statipo14
2024-02-27 12:57:15,704 - EXECUT - INFO - received weights from trainer statipo21!
2024-02-27 12:57:15,758 - EXECUT - INFO - received weights from trainer statipo14!
2024-02-27 12:57:15,812 - EXECUT - INFO - received weights from trainer statipo13!
2024-02-27 12:57:16,313 - EXECUT - INFO - sent aggregated weights to trainers!
2024-02-27 12:57:16,461 - METRIC - INFO - statipo14 loss: 0.03567121922969818 - accuracy: 0.9929378628730774
2024-02-27 12:57:16,486 - METRIC - INFO - statipo13 loss: 0.07112731784582138 - accuracy: 0.971794843673706
2024-02-27 12:57:16,490 - METRIC - INFO - statipo11 loss: 0.4617310166358948 - accuracy: 0.879807710647583
2024-02-27 12:57:16,491 - METRIC - INFO - statipo21 loss: 0.08226434886455536 - accuracy: 0.9765396118164062
2024-02-27 12:57:16,496 - METRIC - INFO - statipo12 loss: 0.12774020433425903 - accuracy: 0.954023003578186
2024-02-27 12:57:16,499 - METRIC - INFO - statipo15 loss: 0.229090616106987 - accuracy: 0.9382113814353943
2024-02-27 12:57:17,315 - METRIC - INFO - mean_accuracy: 0.9522190690040588

2024-02-27 12:57:17,315 - METRIC - INFO - round: 44
2024-02-27 12:57:17,315 - METRIC - INFO - n_selected: 3
2024-02-27 12:57:17,315 - METRIC - INFO - selected_trainers: statipo15 - statipo21 - statipo13
2024-02-27 12:57:18,691 - EXECUT - INFO - received weights from trainer statipo15!
2024-02-27 12:57:18,757 - EXECUT - INFO - received weights from trainer statipo21!
2024-02-27 12:57:18,950 - EXECUT - INFO - received weights from trainer statipo13!
2024-02-27 12:57:19,431 - EXECUT - INFO - sent aggregated weights to trainers!
2024-02-27 12:57:19,575 - METRIC - INFO - statipo11 loss: 0.6036456227302551 - accuracy: 0.8525640964508057
2024-02-27 12:57:19,580 - METRIC - INFO - statipo12 loss: 0.16446365416049957 - accuracy: 0.9559386968612671
2024-02-27 12:57:19,583 - METRIC - INFO - statipo13 loss: 0.08976992219686508 - accuracy: 0.964102566242218
2024-02-27 12:57:19,604 - METRIC - INFO - statipo21 loss: 0.09176850318908691 - accuracy: 0.9706745147705078
2024-02-27 12:57:19,608 - METRIC - INFO - statipo14 loss: 0.10375262051820755 - accuracy: 0.9632768630981445
2024-02-27 12:57:19,617 - METRIC - INFO - statipo15 loss: 0.07078723609447479 - accuracy: 0.9674796462059021
2024-02-27 12:57:20,433 - METRIC - INFO - mean_accuracy: 0.9456727306048075

2024-02-27 12:57:20,433 - METRIC - INFO - round: 45
2024-02-27 12:57:20,434 - METRIC - INFO - n_selected: 3
2024-02-27 12:57:20,434 - METRIC - INFO - selected_trainers: statipo13 - statipo14 - statipo12
2024-02-27 12:57:21,900 - EXECUT - INFO - received weights from trainer statipo12!
2024-02-27 12:57:22,232 - EXECUT - INFO - received weights from trainer statipo14!
2024-02-27 12:57:22,453 - EXECUT - INFO - received weights from trainer statipo13!
2024-02-27 12:57:23,534 - EXECUT - INFO - sent aggregated weights to trainers!
2024-02-27 12:57:23,676 - METRIC - INFO - statipo21 loss: 0.13894666731357574 - accuracy: 0.9560117125511169
2024-02-27 12:57:23,681 - METRIC - INFO - statipo14 loss: 0.44450438022613525 - accuracy: 0.9420903921127319
2024-02-27 12:57:23,686 - METRIC - INFO - statipo12 loss: 0.08811705559492111 - accuracy: 0.975095808506012
2024-02-27 12:57:23,686 - METRIC - INFO - statipo13 loss: 0.21786385774612427 - accuracy: 0.9230769276618958
2024-02-27 12:57:23,709 - METRIC - INFO - statipo11 loss: 0.7082801461219788 - accuracy: 0.8349359035491943
2024-02-27 12:57:23,715 - METRIC - INFO - statipo15 loss: 0.22807244956493378 - accuracy: 0.934959352016449
2024-02-27 12:57:24,536 - METRIC - INFO - mean_accuracy: 0.9276950160662333

2024-02-27 12:57:24,536 - METRIC - INFO - round: 46
2024-02-27 12:57:24,536 - METRIC - INFO - n_selected: 3
2024-02-27 12:57:24,537 - METRIC - INFO - selected_trainers: statipo13 - statipo15 - statipo12
2024-02-27 12:57:26,085 - EXECUT - INFO - received weights from trainer statipo12!
2024-02-27 12:57:26,299 - EXECUT - INFO - received weights from trainer statipo15!
2024-02-27 12:57:26,660 - EXECUT - INFO - received weights from trainer statipo13!
2024-02-27 12:57:27,626 - EXECUT - INFO - sent aggregated weights to trainers!
2024-02-27 12:57:27,771 - METRIC - INFO - statipo21 loss: 0.16737021505832672 - accuracy: 0.9486803412437439
2024-02-27 12:57:27,775 - METRIC - INFO - statipo14 loss: 0.13049361109733582 - accuracy: 0.9618644118309021
2024-02-27 12:57:27,794 - METRIC - INFO - statipo13 loss: 0.0789019837975502 - accuracy: 0.971794843673706
2024-02-27 12:57:27,802 - METRIC - INFO - statipo11 loss: 0.7540810704231262 - accuracy: 0.8461538553237915
2024-02-27 12:57:27,805 - METRIC - INFO - statipo15 loss: 0.0837390273809433 - accuracy: 0.9691057205200195
2024-02-27 12:57:27,805 - METRIC - INFO - statipo12 loss: 0.051563162356615067 - accuracy: 0.9789271950721741
2024-02-27 12:57:28,627 - METRIC - INFO - mean_accuracy: 0.9460877279440562

2024-02-27 12:57:28,627 - METRIC - INFO - round: 47
2024-02-27 12:57:28,628 - METRIC - INFO - n_selected: 3
2024-02-27 12:57:28,628 - METRIC - INFO - selected_trainers: statipo13 - statipo12 - statipo11
2024-02-27 12:57:31,485 - EXECUT - INFO - received weights from trainer statipo12!
2024-02-27 12:57:31,619 - EXECUT - INFO - received weights from trainer statipo11!
2024-02-27 12:57:31,963 - EXECUT - INFO - received weights from trainer statipo13!
2024-02-27 12:57:32,719 - EXECUT - INFO - sent aggregated weights to trainers!
2024-02-27 12:57:32,864 - METRIC - INFO - statipo12 loss: 0.05495544895529747 - accuracy: 0.9865900278091431
2024-02-27 12:57:32,866 - METRIC - INFO - statipo15 loss: 0.1817745715379715 - accuracy: 0.9512194991111755
2024-02-27 12:57:32,867 - METRIC - INFO - statipo11 loss: 0.05842062830924988 - accuracy: 0.9919871687889099
2024-02-27 12:57:32,868 - METRIC - INFO - statipo13 loss: 0.06003119796514511 - accuracy: 0.9743589758872986
2024-02-27 12:57:32,873 - METRIC - INFO - statipo14 loss: 0.1514034867286682 - accuracy: 0.9477401375770569
2024-02-27 12:57:32,910 - METRIC - INFO - statipo21 loss: 0.1867106854915619 - accuracy: 0.9457477927207947
2024-02-27 12:57:33,722 - METRIC - INFO - mean_accuracy: 0.9662739336490631

2024-02-27 12:57:33,723 - METRIC - INFO - round: 48
2024-02-27 12:57:33,723 - METRIC - INFO - n_selected: 3
2024-02-27 12:57:33,723 - METRIC - INFO - selected_trainers: statipo12 - statipo21 - statipo14
2024-02-27 12:57:38,538 - EXECUT - INFO - received weights from trainer statipo21!
2024-02-27 12:57:38,636 - EXECUT - INFO - received weights from trainer statipo14!
2024-02-27 12:57:39,057 - EXECUT - INFO - received weights from trainer statipo12!
2024-02-27 12:57:39,818 - EXECUT - INFO - sent aggregated weights to trainers!
2024-02-27 12:57:39,974 - METRIC - INFO - statipo13 loss: 0.0725003033876419 - accuracy: 0.9679487347602844
2024-02-27 12:57:39,977 - METRIC - INFO - statipo15 loss: 0.21055255830287933 - accuracy: 0.9528455138206482
2024-02-27 12:57:40,008 - METRIC - INFO - statipo11 loss: 0.3002394437789917 - accuracy: 0.9310897588729858
2024-02-27 12:57:40,008 - METRIC - INFO - statipo14 loss: 0.040562428534030914 - accuracy: 0.9830508232116699
2024-02-27 12:57:40,009 - METRIC - INFO - statipo21 loss: 0.1143503412604332 - accuracy: 0.9662756323814392
2024-02-27 12:57:40,018 - METRIC - INFO - statipo12 loss: 0.05246622487902641 - accuracy: 0.9885057210922241
2024-02-27 12:57:40,820 - METRIC - INFO - mean_accuracy: 0.964952697356542

2024-02-27 12:57:40,820 - METRIC - INFO - round: 49
2024-02-27 12:57:40,820 - METRIC - INFO - n_selected: 3
2024-02-27 12:57:40,821 - METRIC - INFO - selected_trainers: statipo12 - statipo14 - statipo15
2024-02-27 12:57:45,203 - EXECUT - INFO - received weights from trainer statipo12!
2024-02-27 12:57:45,388 - EXECUT - INFO - received weights from trainer statipo15!
2024-02-27 12:57:45,544 - EXECUT - INFO - received weights from trainer statipo14!
2024-02-27 12:57:45,944 - EXECUT - INFO - sent aggregated weights to trainers!
2024-02-27 12:57:46,079 - METRIC - INFO - statipo11 loss: 0.5678746700286865 - accuracy: 0.8589743375778198
2024-02-27 12:57:46,091 - METRIC - INFO - statipo12 loss: 0.04921220988035202 - accuracy: 0.9885057210922241
2024-02-27 12:57:46,091 - METRIC - INFO - statipo21 loss: 0.16506202518939972 - accuracy: 0.9472140669822693
2024-02-27 12:57:46,093 - METRIC - INFO - statipo13 loss: 0.14016810059547424 - accuracy: 0.9448717832565308
2024-02-27 12:57:46,114 - METRIC - INFO - statipo14 loss: 0.0351036936044693 - accuracy: 0.9901130199432373
2024-02-27 12:57:46,124 - METRIC - INFO - statipo15 loss: 0.0739474892616272 - accuracy: 0.9723577499389648
2024-02-27 12:57:46,946 - METRIC - INFO - mean_accuracy: 0.9503394464651743

2024-02-27 12:57:46,947 - METRIC - INFO - round: 50
2024-02-27 12:57:46,947 - METRIC - INFO - n_selected: 3
2024-02-27 12:57:46,947 - METRIC - INFO - selected_trainers: statipo11 - statipo14 - statipo21
2024-02-27 12:57:52,353 - EXECUT - INFO - received weights from trainer statipo11!
2024-02-27 12:57:52,413 - EXECUT - INFO - received weights from trainer statipo21!
2024-02-27 12:57:52,498 - EXECUT - INFO - received weights from trainer statipo14!
2024-02-27 12:57:53,041 - EXECUT - INFO - sent aggregated weights to trainers!
2024-02-27 12:57:53,186 - METRIC - INFO - statipo21 loss: 0.09621026366949081 - accuracy: 0.9824047088623047
2024-02-27 12:57:53,186 - METRIC - INFO - statipo11 loss: 0.06024593487381935 - accuracy: 0.9887820482254028
2024-02-27 12:57:53,189 - METRIC - INFO - statipo14 loss: 0.028863204643130302 - accuracy: 0.991525411605835
2024-02-27 12:57:53,211 - METRIC - INFO - statipo13 loss: 0.19675862789154053 - accuracy: 0.9192307591438293
2024-02-27 12:57:53,217 - METRIC - INFO - statipo15 loss: 0.19323907792568207 - accuracy: 0.9414634108543396
2024-02-27 12:57:53,218 - METRIC - INFO - statipo12 loss: 0.09947552531957626 - accuracy: 0.977011501789093
2024-02-27 12:57:54,042 - METRIC - INFO - mean_accuracy: 0.9667363067468008

2024-02-27 12:57:54,042 - METRIC - INFO - stop_condition: rounds
