2024-02-17 13:56:47,979 - EXECUT - INFO - starting server...
2024-02-17 13:56:53,756 - EXECUT - INFO - trainer number statipo12 just joined the pool
2024-02-17 13:56:53,766 - EXECUT - INFO - trainer number statipo21 just joined the pool
2024-02-17 13:56:53,781 - EXECUT - INFO - trainer number statipo11 just joined the pool
2024-02-17 13:56:53,788 - EXECUT - INFO - trainer number statipo13 just joined the pool
2024-02-17 13:56:53,984 - METRIC - INFO - round: 1
2024-02-17 13:56:53,985 - METRIC - INFO - n_selected: 3
2024-02-17 13:56:53,985 - METRIC - INFO - selected_trainers: statipo12 - statipo21 - statipo11
2024-02-17 13:56:55,183 - EXECUT - INFO - received weights from trainer statipo12!
2024-02-17 13:56:55,283 - EXECUT - INFO - received weights from trainer statipo11!
2024-02-17 13:56:55,359 - EXECUT - INFO - received weights from trainer statipo21!
2024-02-17 13:56:56,112 - EXECUT - INFO - sent aggregated weights to trainers!
2024-02-17 13:56:56,254 - METRIC - INFO - statipo21 loss: 0.17461751401424408 - accuracy: 0.9406779408454895
2024-02-17 13:56:56,260 - METRIC - INFO - statipo13 loss: 25.523540496826172 - accuracy: 0.39230769872665405
2024-02-17 13:56:56,282 - METRIC - INFO - statipo12 loss: 0.3786662518978119 - accuracy: 0.8773946166038513
2024-02-17 13:56:56,286 - METRIC - INFO - statipo11 loss: 0.1511092334985733 - accuracy: 0.9519230723381042
2024-02-17 13:56:57,114 - METRIC - INFO - mean_accuracy: 0.7905758321285248

2024-02-17 13:56:57,115 - METRIC - INFO - round: 2
2024-02-17 13:56:57,115 - METRIC - INFO - n_selected: 1
2024-02-17 13:56:57,115 - METRIC - INFO - selected_trainers: statipo13
2024-02-17 13:56:58,199 - EXECUT - INFO - received weights from trainer statipo13!
2024-02-17 13:56:59,204 - EXECUT - INFO - sent aggregated weights to trainers!
2024-02-17 13:56:59,329 - METRIC - INFO - statipo12 loss: 1.7539817094802856 - accuracy: 0.09770114719867706
2024-02-17 13:56:59,332 - METRIC - INFO - statipo11 loss: 1.797013521194458 - accuracy: 0.13621795177459717
2024-02-17 13:56:59,338 - METRIC - INFO - statipo21 loss: 1.6580400466918945 - accuracy: 0.25847458839416504
2024-02-17 13:56:59,341 - METRIC - INFO - statipo13 loss: 0.3768138289451599 - accuracy: 0.8410256505012512
2024-02-17 13:57:00,206 - METRIC - INFO - mean_accuracy: 0.3333548344671726

2024-02-17 13:57:00,207 - METRIC - INFO - round: 3
2024-02-17 13:57:00,207 - METRIC - INFO - n_selected: 3
2024-02-17 13:57:00,207 - METRIC - INFO - selected_trainers: statipo12 - statipo21 - statipo11
2024-02-17 13:57:01,058 - EXECUT - INFO - received weights from trainer statipo12!
2024-02-17 13:57:01,155 - EXECUT - INFO - received weights from trainer statipo11!
2024-02-17 13:57:01,247 - EXECUT - INFO - received weights from trainer statipo21!
2024-02-17 13:57:02,352 - EXECUT - INFO - sent aggregated weights to trainers!
2024-02-17 13:57:02,485 - METRIC - INFO - statipo11 loss: 0.4466754198074341 - accuracy: 0.8621794581413269
2024-02-17 13:57:02,488 - METRIC - INFO - statipo21 loss: 0.695235013961792 - accuracy: 0.8305084705352783
2024-02-17 13:57:02,492 - METRIC - INFO - statipo13 loss: 0.3768138289451599 - accuracy: 0.8410256505012512
2024-02-17 13:57:02,516 - METRIC - INFO - statipo12 loss: 0.7953135371208191 - accuracy: 0.6762452125549316
2024-02-17 13:57:03,354 - METRIC - INFO - mean_accuracy: 0.802489697933197

2024-02-17 13:57:03,354 - METRIC - INFO - round: 4
2024-02-17 13:57:03,354 - METRIC - INFO - n_selected: 1
2024-02-17 13:57:03,355 - METRIC - INFO - selected_trainers: statipo12
2024-02-17 13:57:03,981 - EXECUT - INFO - received weights from trainer statipo12!
2024-02-17 13:57:04,443 - EXECUT - INFO - sent aggregated weights to trainers!
2024-02-17 13:57:04,560 - METRIC - INFO - statipo12 loss: 0.2291162759065628 - accuracy: 0.9233716726303101
2024-02-17 13:57:04,565 - METRIC - INFO - statipo11 loss: 1.1358065605163574 - accuracy: 0.6153846383094788
2024-02-17 13:57:04,568 - METRIC - INFO - statipo21 loss: 0.8993541598320007 - accuracy: 0.6963276863098145
2024-02-17 13:57:04,572 - METRIC - INFO - statipo13 loss: 1.2065824270248413 - accuracy: 0.6615384817123413
2024-02-17 13:57:05,444 - METRIC - INFO - mean_accuracy: 0.7241556197404861

2024-02-17 13:57:05,445 - METRIC - INFO - round: 5
2024-02-17 13:57:05,445 - METRIC - INFO - n_selected: 3
2024-02-17 13:57:05,445 - METRIC - INFO - selected_trainers: statipo21 - statipo11 - statipo13
2024-02-17 13:57:06,602 - EXECUT - INFO - received weights from trainer statipo13!
2024-02-17 13:57:06,959 - EXECUT - INFO - received weights from trainer statipo21!
2024-02-17 13:57:07,008 - EXECUT - INFO - received weights from trainer statipo11!
2024-02-17 13:57:07,537 - EXECUT - INFO - sent aggregated weights to trainers!
2024-02-17 13:57:07,678 - METRIC - INFO - statipo12 loss: 0.2291162759065628 - accuracy: 0.9233716726303101
2024-02-17 13:57:07,682 - METRIC - INFO - statipo21 loss: 0.4953969717025757 - accuracy: 0.854519784450531
2024-02-17 13:57:07,688 - METRIC - INFO - statipo11 loss: 0.1351058930158615 - accuracy: 0.9519230723381042
2024-02-17 13:57:07,714 - METRIC - INFO - statipo13 loss: 0.29676395654678345 - accuracy: 0.8846153616905212
2024-02-17 13:57:08,538 - METRIC - INFO - mean_accuracy: 0.9036074727773666

2024-02-17 13:57:08,539 - METRIC - INFO - round: 6
2024-02-17 13:57:08,540 - METRIC - INFO - n_selected: 2
2024-02-17 13:57:08,540 - METRIC - INFO - selected_trainers: statipo21 - statipo13
2024-02-17 13:57:09,503 - EXECUT - INFO - received weights from trainer statipo13!
2024-02-17 13:57:09,993 - EXECUT - INFO - received weights from trainer statipo21!
2024-02-17 13:57:10,632 - EXECUT - INFO - sent aggregated weights to trainers!
2024-02-17 13:57:10,757 - METRIC - INFO - statipo12 loss: 0.6128306984901428 - accuracy: 0.8218390941619873
2024-02-17 13:57:10,761 - METRIC - INFO - statipo21 loss: 0.21577966213226318 - accuracy: 0.9350282549858093
2024-02-17 13:57:10,765 - METRIC - INFO - statipo11 loss: 1.4737415313720703 - accuracy: 0.6137820482254028
2024-02-17 13:57:10,768 - METRIC - INFO - statipo13 loss: 0.14979079365730286 - accuracy: 0.942307710647583
2024-02-17 13:57:11,634 - METRIC - INFO - mean_accuracy: 0.8282392770051956

2024-02-17 13:57:11,634 - METRIC - INFO - round: 7
2024-02-17 13:57:11,634 - METRIC - INFO - n_selected: 2
2024-02-17 13:57:11,635 - METRIC - INFO - selected_trainers: statipo12 - statipo11
2024-02-17 13:57:12,352 - EXECUT - INFO - received weights from trainer statipo12!
2024-02-17 13:57:12,427 - EXECUT - INFO - received weights from trainer statipo11!
2024-02-17 13:57:12,735 - EXECUT - INFO - sent aggregated weights to trainers!
2024-02-17 13:57:12,859 - METRIC - INFO - statipo11 loss: 0.09940575808286667 - accuracy: 0.9711538553237915
2024-02-17 13:57:12,861 - METRIC - INFO - statipo21 loss: 0.4403168559074402 - accuracy: 0.8615819215774536
2024-02-17 13:57:12,863 - METRIC - INFO - statipo13 loss: 0.5131335258483887 - accuracy: 0.7961538434028625
2024-02-17 13:57:12,902 - METRIC - INFO - statipo12 loss: 0.09615498036146164 - accuracy: 0.969348669052124
2024-02-17 13:57:13,736 - METRIC - INFO - mean_accuracy: 0.8995595723390579

2024-02-17 13:57:13,736 - METRIC - INFO - round: 8
2024-02-17 13:57:13,737 - METRIC - INFO - n_selected: 2
2024-02-17 13:57:13,737 - METRIC - INFO - selected_trainers: statipo21 - statipo13
2024-02-17 13:57:14,593 - EXECUT - INFO - received weights from trainer statipo21!
2024-02-17 13:57:14,644 - EXECUT - INFO - received weights from trainer statipo13!
2024-02-17 13:57:14,853 - EXECUT - INFO - sent aggregated weights to trainers!
2024-02-17 13:57:14,969 - METRIC - INFO - statipo12 loss: 0.740969181060791 - accuracy: 0.7605363726615906
2024-02-17 13:57:14,976 - METRIC - INFO - statipo11 loss: 0.6522292494773865 - accuracy: 0.7916666865348816
2024-02-17 13:57:14,980 - METRIC - INFO - statipo21 loss: 0.05729961022734642 - accuracy: 0.9788135886192322
2024-02-17 13:57:14,984 - METRIC - INFO - statipo13 loss: 0.3029380738735199 - accuracy: 0.8666666746139526
2024-02-17 13:57:15,855 - METRIC - INFO - mean_accuracy: 0.8494208306074142

2024-02-17 13:57:15,855 - METRIC - INFO - round: 9
2024-02-17 13:57:15,855 - METRIC - INFO - n_selected: 2
2024-02-17 13:57:15,855 - METRIC - INFO - selected_trainers: statipo12 - statipo11
2024-02-17 13:57:16,531 - EXECUT - INFO - received weights from trainer statipo12!
2024-02-17 13:57:16,612 - EXECUT - INFO - received weights from trainer statipo11!
2024-02-17 13:57:16,974 - EXECUT - INFO - sent aggregated weights to trainers!
2024-02-17 13:57:17,095 - METRIC - INFO - statipo12 loss: 0.10832145065069199 - accuracy: 0.967432975769043
2024-02-17 13:57:17,103 - METRIC - INFO - statipo13 loss: 0.4245155155658722 - accuracy: 0.8128204941749573
2024-02-17 13:57:17,135 - METRIC - INFO - statipo21 loss: 0.27791377902030945 - accuracy: 0.895480215549469
2024-02-17 13:57:17,137 - METRIC - INFO - statipo11 loss: 0.07258685678243637 - accuracy: 0.9775640964508057
2024-02-17 13:57:17,975 - METRIC - INFO - mean_accuracy: 0.9133244454860687

2024-02-17 13:57:17,975 - METRIC - INFO - round: 10
2024-02-17 13:57:17,976 - METRIC - INFO - n_selected: 2
2024-02-17 13:57:17,976 - METRIC - INFO - selected_trainers: statipo21 - statipo13
2024-02-17 13:57:18,888 - EXECUT - INFO - received weights from trainer statipo13!
2024-02-17 13:57:19,454 - EXECUT - INFO - received weights from trainer statipo21!
2024-02-17 13:57:20,069 - EXECUT - INFO - sent aggregated weights to trainers!
2024-02-17 13:57:20,189 - METRIC - INFO - statipo12 loss: 0.46823620796203613 - accuracy: 0.8218390941619873
2024-02-17 13:57:20,197 - METRIC - INFO - statipo11 loss: 0.48953428864479065 - accuracy: 0.8333333134651184
2024-02-17 13:57:20,201 - METRIC - INFO - statipo21 loss: 0.360837459564209 - accuracy: 0.8940678238868713
2024-02-17 13:57:20,203 - METRIC - INFO - statipo13 loss: 0.11899710446596146 - accuracy: 0.9628205299377441
2024-02-17 13:57:21,071 - METRIC - INFO - mean_accuracy: 0.8780151903629303

2024-02-17 13:57:21,072 - METRIC - INFO - round: 11
2024-02-17 13:57:21,072 - METRIC - INFO - n_selected: 2
2024-02-17 13:57:21,072 - METRIC - INFO - selected_trainers: statipo12 - statipo11
2024-02-17 13:57:21,852 - EXECUT - INFO - received weights from trainer statipo12!
2024-02-17 13:57:21,952 - EXECUT - INFO - received weights from trainer statipo11!
2024-02-17 13:57:22,192 - EXECUT - INFO - sent aggregated weights to trainers!
2024-02-17 13:57:22,339 - METRIC - INFO - statipo12 loss: 0.07602714002132416 - accuracy: 0.975095808506012
2024-02-17 13:57:22,349 - METRIC - INFO - statipo21 loss: 0.305914044380188 - accuracy: 0.887005627155304
2024-02-17 13:57:22,355 - METRIC - INFO - statipo13 loss: 0.33520007133483887 - accuracy: 0.8512820601463318
2024-02-17 13:57:22,367 - METRIC - INFO - statipo11 loss: 0.09578634798526764 - accuracy: 0.9743589758872986
2024-02-17 13:57:23,194 - METRIC - INFO - mean_accuracy: 0.9219356179237366

2024-02-17 13:57:23,194 - METRIC - INFO - round: 12
2024-02-17 13:57:23,194 - METRIC - INFO - n_selected: 2
2024-02-17 13:57:23,194 - METRIC - INFO - selected_trainers: statipo21 - statipo13
2024-02-17 13:57:24,073 - EXECUT - INFO - received weights from trainer statipo21!
2024-02-17 13:57:24,133 - EXECUT - INFO - received weights from trainer statipo13!
2024-02-17 13:57:24,301 - EXECUT - INFO - sent aggregated weights to trainers!
2024-02-17 13:57:24,425 - METRIC - INFO - statipo21 loss: 0.19400951266288757 - accuracy: 0.9420903921127319
2024-02-17 13:57:24,433 - METRIC - INFO - statipo13 loss: 0.12430275976657867 - accuracy: 0.9525641202926636
2024-02-17 13:57:24,460 - METRIC - INFO - statipo12 loss: 0.5811154246330261 - accuracy: 0.8160919547080994
2024-02-17 13:57:24,464 - METRIC - INFO - statipo11 loss: 0.40252357721328735 - accuracy: 0.8685897588729858
2024-02-17 13:57:25,302 - METRIC - INFO - mean_accuracy: 0.8948340564966202

2024-02-17 13:57:25,303 - METRIC - INFO - round: 13
2024-02-17 13:57:25,303 - METRIC - INFO - n_selected: 2
2024-02-17 13:57:25,303 - METRIC - INFO - selected_trainers: statipo12 - statipo11
2024-02-17 13:57:26,052 - EXECUT - INFO - received weights from trainer statipo12!
2024-02-17 13:57:26,136 - EXECUT - INFO - received weights from trainer statipo11!
2024-02-17 13:57:26,425 - EXECUT - INFO - sent aggregated weights to trainers!
2024-02-17 13:57:26,552 - METRIC - INFO - statipo12 loss: 0.06016569584608078 - accuracy: 0.9808428883552551
2024-02-17 13:57:26,561 - METRIC - INFO - statipo13 loss: 0.26398733258247375 - accuracy: 0.9102563858032227
2024-02-17 13:57:26,598 - METRIC - INFO - statipo21 loss: 0.22443290054798126 - accuracy: 0.9067796468734741
2024-02-17 13:57:26,599 - METRIC - INFO - statipo11 loss: 0.05483020842075348 - accuracy: 0.9839743375778198
2024-02-17 13:57:27,427 - METRIC - INFO - mean_accuracy: 0.9454633146524429

2024-02-17 13:57:27,427 - METRIC - INFO - round: 14
2024-02-17 13:57:27,427 - METRIC - INFO - n_selected: 2
2024-02-17 13:57:27,427 - METRIC - INFO - selected_trainers: statipo21 - statipo13
2024-02-17 13:57:28,403 - EXECUT - INFO - received weights from trainer statipo21!
2024-02-17 13:57:28,463 - EXECUT - INFO - received weights from trainer statipo13!
2024-02-17 13:57:29,582 - EXECUT - INFO - sent aggregated weights to trainers!
2024-02-17 13:57:29,713 - METRIC - INFO - statipo11 loss: 0.3821517825126648 - accuracy: 0.8814102411270142
2024-02-17 13:57:29,718 - METRIC - INFO - statipo13 loss: 0.11895041167736053 - accuracy: 0.9487179517745972
2024-02-17 13:57:29,749 - METRIC - INFO - statipo12 loss: 0.4665074050426483 - accuracy: 0.8486589789390564
2024-02-17 13:57:29,753 - METRIC - INFO - statipo21 loss: 0.03938094526529312 - accuracy: 0.9858757257461548
2024-02-17 13:57:30,583 - METRIC - INFO - mean_accuracy: 0.9161657243967056

2024-02-17 13:57:30,584 - METRIC - INFO - round: 15
2024-02-17 13:57:30,584 - METRIC - INFO - n_selected: 2
2024-02-17 13:57:30,584 - METRIC - INFO - selected_trainers: statipo12 - statipo11
2024-02-17 13:57:31,316 - EXECUT - INFO - received weights from trainer statipo12!
2024-02-17 13:57:31,410 - EXECUT - INFO - received weights from trainer statipo11!
2024-02-17 13:57:31,713 - EXECUT - INFO - sent aggregated weights to trainers!
2024-02-17 13:57:31,834 - METRIC - INFO - statipo12 loss: 0.21763360500335693 - accuracy: 0.9176245331764221
2024-02-17 13:57:31,840 - METRIC - INFO - statipo21 loss: 0.1872803419828415 - accuracy: 0.9322034120559692
2024-02-17 13:57:31,879 - METRIC - INFO - statipo11 loss: 0.05442435294389725 - accuracy: 0.9839743375778198
2024-02-17 13:57:31,880 - METRIC - INFO - statipo13 loss: 0.1947915256023407 - accuracy: 0.9333333373069763
2024-02-17 13:57:32,715 - METRIC - INFO - mean_accuracy: 0.9417839050292969

2024-02-17 13:57:32,715 - METRIC - INFO - round: 16
2024-02-17 13:57:32,715 - METRIC - INFO - n_selected: 3
2024-02-17 13:57:32,716 - METRIC - INFO - selected_trainers: statipo12 - statipo21 - statipo13
2024-02-17 13:57:33,649 - EXECUT - INFO - received weights from trainer statipo12!
2024-02-17 13:57:33,855 - EXECUT - INFO - received weights from trainer statipo21!
2024-02-17 13:57:33,910 - EXECUT - INFO - received weights from trainer statipo13!
2024-02-17 13:57:34,841 - EXECUT - INFO - sent aggregated weights to trainers!
2024-02-17 13:57:34,964 - METRIC - INFO - statipo12 loss: 0.06603670865297318 - accuracy: 0.982758641242981
2024-02-17 13:57:34,966 - METRIC - INFO - statipo21 loss: 0.03969291225075722 - accuracy: 0.9872881174087524
2024-02-17 13:57:34,974 - METRIC - INFO - statipo11 loss: 0.24211017787456512 - accuracy: 0.9054487347602844
2024-02-17 13:57:34,976 - METRIC - INFO - statipo13 loss: 0.10582221299409866 - accuracy: 0.9589743614196777
2024-02-17 13:57:35,843 - METRIC - INFO - mean_accuracy: 0.9586174637079239

2024-02-17 13:57:35,843 - METRIC - INFO - round: 17
2024-02-17 13:57:35,843 - METRIC - INFO - n_selected: 1
2024-02-17 13:57:35,843 - METRIC - INFO - selected_trainers: statipo11
2024-02-17 13:57:36,528 - EXECUT - INFO - received weights from trainer statipo11!
2024-02-17 13:57:36,942 - EXECUT - INFO - sent aggregated weights to trainers!
2024-02-17 13:57:37,065 - METRIC - INFO - statipo11 loss: 0.054673805832862854 - accuracy: 0.9823718070983887
2024-02-17 13:57:37,067 - METRIC - INFO - statipo21 loss: 0.16830436885356903 - accuracy: 0.9293785095214844
2024-02-17 13:57:37,072 - METRIC - INFO - statipo13 loss: 0.17623786628246307 - accuracy: 0.928205132484436
2024-02-17 13:57:37,099 - METRIC - INFO - statipo12 loss: 0.29032185673713684 - accuracy: 0.9080459475517273
2024-02-17 13:57:37,943 - METRIC - INFO - mean_accuracy: 0.9370003491640091

2024-02-17 13:57:37,943 - METRIC - INFO - round: 18
2024-02-17 13:57:37,943 - METRIC - INFO - n_selected: 3
2024-02-17 13:57:37,943 - METRIC - INFO - selected_trainers: statipo12 - statipo21 - statipo13
2024-02-17 13:57:38,992 - EXECUT - INFO - received weights from trainer statipo21!
2024-02-17 13:57:39,054 - EXECUT - INFO - received weights from trainer statipo13!
2024-02-17 13:57:39,422 - EXECUT - INFO - received weights from trainer statipo12!
2024-02-17 13:57:40,069 - EXECUT - INFO - sent aggregated weights to trainers!
2024-02-17 13:57:40,185 - METRIC - INFO - statipo12 loss: 0.05637345835566521 - accuracy: 0.982758641242981
2024-02-17 13:57:40,193 - METRIC - INFO - statipo11 loss: 0.054673805832862854 - accuracy: 0.9823718070983887
2024-02-17 13:57:40,193 - METRIC - INFO - statipo21 loss: 0.037487734109163284 - accuracy: 0.9830508232116699
2024-02-17 13:57:40,198 - METRIC - INFO - statipo13 loss: 0.22247332334518433 - accuracy: 0.9192307591438293
2024-02-17 13:57:41,071 - METRIC - INFO - mean_accuracy: 0.9668530076742172

2024-02-17 13:57:41,072 - METRIC - INFO - round: 19
2024-02-17 13:57:41,072 - METRIC - INFO - n_selected: 1
2024-02-17 13:57:41,072 - METRIC - INFO - selected_trainers: statipo13
2024-02-17 13:57:41,914 - EXECUT - INFO - received weights from trainer statipo13!
2024-02-17 13:57:42,193 - EXECUT - INFO - sent aggregated weights to trainers!
2024-02-17 13:57:42,310 - METRIC - INFO - statipo12 loss: 0.5244753956794739 - accuracy: 0.8352490663528442
2024-02-17 13:57:42,316 - METRIC - INFO - statipo11 loss: 0.14151881635189056 - accuracy: 0.9471153616905212
2024-02-17 13:57:42,322 - METRIC - INFO - statipo13 loss: 0.15352776646614075 - accuracy: 0.9461538195610046
2024-02-17 13:57:42,354 - METRIC - INFO - statipo21 loss: 0.13343721628189087 - accuracy: 0.9491525292396545
2024-02-17 13:57:43,194 - METRIC - INFO - mean_accuracy: 0.9194176942110062

2024-02-17 13:57:43,195 - METRIC - INFO - round: 20
2024-02-17 13:57:43,195 - METRIC - INFO - n_selected: 1
2024-02-17 13:57:43,195 - METRIC - INFO - selected_trainers: statipo12
2024-02-17 13:57:43,797 - EXECUT - INFO - received weights from trainer statipo12!
2024-02-17 13:57:44,282 - EXECUT - INFO - sent aggregated weights to trainers!
2024-02-17 13:57:44,406 - METRIC - INFO - statipo11 loss: 0.2559535801410675 - accuracy: 0.9198718070983887
2024-02-17 13:57:44,413 - METRIC - INFO - statipo21 loss: 1.319869041442871 - accuracy: 0.7175140976905823
2024-02-17 13:57:44,416 - METRIC - INFO - statipo13 loss: 0.15352776646614075 - accuracy: 0.9461538195610046
2024-02-17 13:57:44,443 - METRIC - INFO - statipo12 loss: 0.07962749153375626 - accuracy: 0.969348669052124
2024-02-17 13:57:45,284 - METRIC - INFO - mean_accuracy: 0.8882220983505249

2024-02-17 13:57:45,284 - METRIC - INFO - round: 21
2024-02-17 13:57:45,284 - METRIC - INFO - n_selected: 1
2024-02-17 13:57:45,285 - METRIC - INFO - selected_trainers: statipo21
2024-02-17 13:57:46,048 - EXECUT - INFO - received weights from trainer statipo21!
2024-02-17 13:57:46,404 - EXECUT - INFO - sent aggregated weights to trainers!
2024-02-17 13:57:46,523 - METRIC - INFO - statipo12 loss: 0.07962749153375626 - accuracy: 0.969348669052124
2024-02-17 13:57:46,528 - METRIC - INFO - statipo11 loss: 0.8777292966842651 - accuracy: 0.8125
2024-02-17 13:57:46,566 - METRIC - INFO - statipo21 loss: 0.10240274667739868 - accuracy: 0.9632768630981445
2024-02-17 13:57:46,568 - METRIC - INFO - statipo13 loss: 0.22510473430156708 - accuracy: 0.8987179398536682
2024-02-17 13:57:47,406 - METRIC - INFO - mean_accuracy: 0.9109608680009842

2024-02-17 13:57:47,406 - METRIC - INFO - round: 22
2024-02-17 13:57:47,406 - METRIC - INFO - n_selected: 2
2024-02-17 13:57:47,406 - METRIC - INFO - selected_trainers: statipo11 - statipo13
2024-02-17 13:57:48,238 - EXECUT - INFO - received weights from trainer statipo11!
2024-02-17 13:57:48,371 - EXECUT - INFO - received weights from trainer statipo13!
2024-02-17 13:57:48,494 - EXECUT - INFO - sent aggregated weights to trainers!
2024-02-17 13:57:48,617 - METRIC - INFO - statipo11 loss: 0.044271159917116165 - accuracy: 0.9871794581413269
2024-02-17 13:57:48,663 - METRIC - INFO - statipo21 loss: 0.10240274667739868 - accuracy: 0.9632768630981445
2024-02-17 13:57:48,664 - METRIC - INFO - statipo13 loss: 0.09736651182174683 - accuracy: 0.9589743614196777
2024-02-17 13:57:48,664 - METRIC - INFO - statipo12 loss: 0.48492127656936646 - accuracy: 0.8735632300376892
2024-02-17 13:57:49,495 - METRIC - INFO - mean_accuracy: 0.9457484781742096

2024-02-17 13:57:49,496 - METRIC - INFO - round: 23
2024-02-17 13:57:49,496 - METRIC - INFO - n_selected: 1
2024-02-17 13:57:49,496 - METRIC - INFO - selected_trainers: statipo12
2024-02-17 13:57:50,125 - EXECUT - INFO - received weights from trainer statipo12!
2024-02-17 13:57:50,616 - EXECUT - INFO - sent aggregated weights to trainers!
2024-02-17 13:57:50,741 - METRIC - INFO - statipo11 loss: 0.22991158068180084 - accuracy: 0.9214743375778198
2024-02-17 13:57:50,743 - METRIC - INFO - statipo21 loss: 0.1377161592245102 - accuracy: 0.944915235042572
2024-02-17 13:57:50,746 - METRIC - INFO - statipo13 loss: 0.12051510810852051 - accuracy: 0.9474359154701233
2024-02-17 13:57:50,773 - METRIC - INFO - statipo12 loss: 0.08400411158800125 - accuracy: 0.9789271950721741
2024-02-17 13:57:51,617 - METRIC - INFO - mean_accuracy: 0.9481881707906723

2024-02-17 13:57:51,618 - METRIC - INFO - round: 24
2024-02-17 13:57:51,618 - METRIC - INFO - n_selected: 3
2024-02-17 13:57:51,618 - METRIC - INFO - selected_trainers: statipo21 - statipo11 - statipo13
2024-02-17 13:57:52,657 - EXECUT - INFO - received weights from trainer statipo11!
2024-02-17 13:57:52,806 - EXECUT - INFO - received weights from trainer statipo13!
2024-02-17 13:57:53,127 - EXECUT - INFO - received weights from trainer statipo21!
2024-02-17 13:57:53,740 - EXECUT - INFO - sent aggregated weights to trainers!
2024-02-17 13:57:53,859 - METRIC - INFO - statipo12 loss: 0.08400411158800125 - accuracy: 0.9789271950721741
2024-02-17 13:57:53,871 - METRIC - INFO - statipo21 loss: 0.07025953382253647 - accuracy: 0.9717513918876648
2024-02-17 13:57:53,903 - METRIC - INFO - statipo11 loss: 0.041968993842601776 - accuracy: 0.9855769276618958
2024-02-17 13:57:53,906 - METRIC - INFO - statipo13 loss: 0.0786757692694664 - accuracy: 0.9743589758872986
2024-02-17 13:57:54,741 - METRIC - INFO - mean_accuracy: 0.9776536226272583

2024-02-17 13:57:54,742 - METRIC - INFO - stop_condition: accuracy
