2024-03-04 18:56:38,090 - EXECUT - INFO - starting server...
2024-03-04 18:56:46,966 - EXECUT - INFO - trainer number statipo12 just joined the pool
2024-03-04 18:56:47,007 - EXECUT - INFO - trainer number statipo13 just joined the pool
2024-03-04 18:56:47,008 - EXECUT - INFO - trainer number statipo21 just joined the pool
2024-03-04 18:56:47,008 - EXECUT - INFO - trainer number statipo11 just joined the pool
2024-03-04 18:56:47,097 - METRIC - INFO - round: 1
2024-03-04 18:56:47,098 - METRIC - INFO - n_selected: 3
2024-03-04 18:56:47,098 - METRIC - INFO - selected_trainers: statipo13 - statipo21 - statipo11
2024-03-04 18:56:48,494 - EXECUT - INFO - received weights from trainer statipo11!
2024-03-04 18:56:48,610 - EXECUT - INFO - received weights from trainer statipo21!
2024-03-04 18:56:48,990 - EXECUT - INFO - received weights from trainer statipo13!
2024-03-04 18:56:49,230 - EXECUT - INFO - sent aggregated weights to trainers!
2024-03-04 18:56:49,370 - METRIC - INFO - statipo12 loss: 18.786649703979492 - accuracy: 0.2662835121154785
2024-03-04 18:56:49,378 - METRIC - INFO - statipo13 loss: 0.3520679175853729 - accuracy: 0.8538461327552795
2024-03-04 18:56:49,398 - METRIC - INFO - statipo11 loss: 0.11961571127176285 - accuracy: 0.9695512652397156
2024-03-04 18:56:49,403 - METRIC - INFO - statipo21 loss: 0.1161596029996872 - accuracy: 0.959039568901062
2024-03-04 18:56:50,232 - METRIC - INFO - mean_accuracy: 0.7621801197528839

2024-03-04 18:56:50,232 - METRIC - INFO - round: 2
2024-03-04 18:56:50,232 - METRIC - INFO - n_selected: 3
2024-03-04 18:56:50,232 - METRIC - INFO - selected_trainers: statipo21 - statipo11 - statipo13
2024-03-04 18:56:51,267 - EXECUT - INFO - received weights from trainer statipo11!
2024-03-04 18:56:51,408 - EXECUT - INFO - received weights from trainer statipo13!
2024-03-04 18:56:51,721 - EXECUT - INFO - received weights from trainer statipo21!
2024-03-04 18:56:52,353 - EXECUT - INFO - sent aggregated weights to trainers!
2024-03-04 18:56:52,480 - METRIC - INFO - statipo11 loss: 0.22932082414627075 - accuracy: 0.9294871687889099
2024-03-04 18:56:52,484 - METRIC - INFO - statipo21 loss: 0.14412710070610046 - accuracy: 0.9378530979156494
2024-03-04 18:56:52,488 - METRIC - INFO - statipo13 loss: 0.29144150018692017 - accuracy: 0.8884615302085876
2024-03-04 18:56:52,519 - METRIC - INFO - statipo12 loss: 2.012422800064087 - accuracy: 0.19157087802886963
2024-03-04 18:56:53,354 - METRIC - INFO - mean_accuracy: 0.7368431687355042

2024-03-04 18:56:53,355 - METRIC - INFO - round: 3
2024-03-04 18:56:53,355 - METRIC - INFO - n_selected: 3
2024-03-04 18:56:53,355 - METRIC - INFO - selected_trainers: statipo21 - statipo12 - statipo11
2024-03-04 18:56:54,278 - EXECUT - INFO - received weights from trainer statipo11!
2024-03-04 18:56:54,380 - EXECUT - INFO - received weights from trainer statipo21!
2024-03-04 18:56:54,494 - EXECUT - INFO - received weights from trainer statipo12!
2024-03-04 18:56:55,464 - EXECUT - INFO - sent aggregated weights to trainers!
2024-03-04 18:56:55,590 - METRIC - INFO - statipo11 loss: 0.18631784617900848 - accuracy: 0.9487179517745972
2024-03-04 18:56:55,590 - METRIC - INFO - statipo12 loss: 0.19826053082942963 - accuracy: 0.9425287246704102
2024-03-04 18:56:55,594 - METRIC - INFO - statipo21 loss: 0.10027510672807693 - accuracy: 0.9576271176338196
2024-03-04 18:56:55,599 - METRIC - INFO - statipo13 loss: 1.0485022068023682 - accuracy: 0.5987179279327393
2024-03-04 18:56:56,466 - METRIC - INFO - mean_accuracy: 0.8618979305028915

2024-03-04 18:56:56,466 - METRIC - INFO - round: 4
2024-03-04 18:56:56,466 - METRIC - INFO - n_selected: 3
2024-03-04 18:56:56,466 - METRIC - INFO - selected_trainers: statipo12 - statipo13 - statipo11
2024-03-04 18:56:57,407 - EXECUT - INFO - received weights from trainer statipo11!
2024-03-04 18:56:57,546 - EXECUT - INFO - received weights from trainer statipo13!
2024-03-04 18:56:57,922 - EXECUT - INFO - received weights from trainer statipo12!
2024-03-04 18:56:58,592 - EXECUT - INFO - sent aggregated weights to trainers!
2024-03-04 18:56:58,716 - METRIC - INFO - statipo12 loss: 0.13790729641914368 - accuracy: 0.967432975769043
2024-03-04 18:56:58,724 - METRIC - INFO - statipo21 loss: 0.40920114517211914 - accuracy: 0.848870038986206
2024-03-04 18:56:58,730 - METRIC - INFO - statipo13 loss: 0.35060498118400574 - accuracy: 0.857692301273346
2024-03-04 18:56:58,753 - METRIC - INFO - statipo11 loss: 0.280007541179657 - accuracy: 0.8894230723381042
2024-03-04 18:56:59,594 - METRIC - INFO - mean_accuracy: 0.8908545970916748

2024-03-04 18:56:59,594 - METRIC - INFO - round: 5
2024-03-04 18:56:59,595 - METRIC - INFO - n_selected: 3
2024-03-04 18:56:59,595 - METRIC - INFO - selected_trainers: statipo13 - statipo21 - statipo11
2024-03-04 18:57:00,635 - EXECUT - INFO - received weights from trainer statipo11!
2024-03-04 18:57:00,758 - EXECUT - INFO - received weights from trainer statipo21!
2024-03-04 18:57:00,811 - EXECUT - INFO - received weights from trainer statipo13!
2024-03-04 18:57:01,723 - EXECUT - INFO - sent aggregated weights to trainers!
2024-03-04 18:57:01,854 - METRIC - INFO - statipo11 loss: 0.11014153063297272 - accuracy: 0.9679487347602844
2024-03-04 18:57:01,855 - METRIC - INFO - statipo12 loss: 0.797042727470398 - accuracy: 0.7164750695228577
2024-03-04 18:57:01,865 - METRIC - INFO - statipo21 loss: 0.07602036744356155 - accuracy: 0.9646892547607422
2024-03-04 18:57:01,869 - METRIC - INFO - statipo13 loss: 0.23289546370506287 - accuracy: 0.9051281809806824
2024-03-04 18:57:02,725 - METRIC - INFO - mean_accuracy: 0.8885603100061417

2024-03-04 18:57:02,725 - METRIC - INFO - round: 6
2024-03-04 18:57:02,725 - METRIC - INFO - n_selected: 3
2024-03-04 18:57:02,725 - METRIC - INFO - selected_trainers: statipo11 - statipo21 - statipo13
2024-03-04 18:57:03,785 - EXECUT - INFO - received weights from trainer statipo21!
2024-03-04 18:57:03,844 - EXECUT - INFO - received weights from trainer statipo13!
2024-03-04 18:57:04,211 - EXECUT - INFO - received weights from trainer statipo11!
2024-03-04 18:57:04,849 - EXECUT - INFO - sent aggregated weights to trainers!
2024-03-04 18:57:04,982 - METRIC - INFO - statipo12 loss: 1.311180830001831 - accuracy: 0.5593869686126709
2024-03-04 18:57:04,986 - METRIC - INFO - statipo21 loss: 0.05711911991238594 - accuracy: 0.9872881174087524
2024-03-04 18:57:04,990 - METRIC - INFO - statipo13 loss: 0.20098887383937836 - accuracy: 0.9128205180168152
2024-03-04 18:57:05,013 - METRIC - INFO - statipo11 loss: 0.12591195106506348 - accuracy: 0.9647436141967773
2024-03-04 18:57:05,851 - METRIC - INFO - mean_accuracy: 0.856059804558754

2024-03-04 18:57:05,852 - METRIC - INFO - round: 7
2024-03-04 18:57:05,852 - METRIC - INFO - n_selected: 3
2024-03-04 18:57:05,852 - METRIC - INFO - selected_trainers: statipo11 - statipo13 - statipo12
2024-03-04 18:57:06,749 - EXECUT - INFO - received weights from trainer statipo12!
2024-03-04 18:57:06,975 - EXECUT - INFO - received weights from trainer statipo13!
2024-03-04 18:57:07,368 - EXECUT - INFO - received weights from trainer statipo11!
2024-03-04 18:57:07,944 - EXECUT - INFO - sent aggregated weights to trainers!
2024-03-04 18:57:08,072 - METRIC - INFO - statipo12 loss: 0.09225434064865112 - accuracy: 0.9636015295982361
2024-03-04 18:57:08,075 - METRIC - INFO - statipo11 loss: 0.0891137644648552 - accuracy: 0.9743589758872986
2024-03-04 18:57:08,084 - METRIC - INFO - statipo21 loss: 0.27492082118988037 - accuracy: 0.8968926668167114
2024-03-04 18:57:08,085 - METRIC - INFO - statipo13 loss: 0.15820111334323883 - accuracy: 0.942307710647583
2024-03-04 18:57:08,946 - METRIC - INFO - mean_accuracy: 0.9442902207374573

2024-03-04 18:57:08,946 - METRIC - INFO - round: 8
2024-03-04 18:57:08,946 - METRIC - INFO - n_selected: 3
2024-03-04 18:57:08,946 - METRIC - INFO - selected_trainers: statipo12 - statipo13 - statipo11
2024-03-04 18:57:09,909 - EXECUT - INFO - received weights from trainer statipo12!
2024-03-04 18:57:10,188 - EXECUT - INFO - received weights from trainer statipo13!
2024-03-04 18:57:10,423 - EXECUT - INFO - received weights from trainer statipo11!
2024-03-04 18:57:11,038 - EXECUT - INFO - sent aggregated weights to trainers!
2024-03-04 18:57:11,164 - METRIC - INFO - statipo12 loss: 0.11262180656194687 - accuracy: 0.969348669052124
2024-03-04 18:57:11,167 - METRIC - INFO - statipo11 loss: 0.08017218112945557 - accuracy: 0.9791666865348816
2024-03-04 18:57:11,169 - METRIC - INFO - statipo21 loss: 0.9022139310836792 - accuracy: 0.645480215549469
2024-03-04 18:57:11,178 - METRIC - INFO - statipo13 loss: 0.45928263664245605 - accuracy: 0.8564102649688721
2024-03-04 18:57:12,040 - METRIC - INFO - mean_accuracy: 0.8626014590263367

2024-03-04 18:57:12,040 - METRIC - INFO - round: 9
2024-03-04 18:57:12,041 - METRIC - INFO - n_selected: 3
2024-03-04 18:57:12,041 - METRIC - INFO - selected_trainers: statipo11 - statipo13 - statipo21
2024-03-04 18:57:13,042 - EXECUT - INFO - received weights from trainer statipo11!
2024-03-04 18:57:13,153 - EXECUT - INFO - received weights from trainer statipo21!
2024-03-04 18:57:13,206 - EXECUT - INFO - received weights from trainer statipo13!
2024-03-04 18:57:14,167 - EXECUT - INFO - sent aggregated weights to trainers!
2024-03-04 18:57:14,290 - METRIC - INFO - statipo11 loss: 0.0680292472243309 - accuracy: 0.9823718070983887
2024-03-04 18:57:14,296 - METRIC - INFO - statipo12 loss: 0.9188895225524902 - accuracy: 0.7107279896736145
2024-03-04 18:57:14,297 - METRIC - INFO - statipo21 loss: 0.11350541561841965 - accuracy: 0.950564980506897
2024-03-04 18:57:14,303 - METRIC - INFO - statipo13 loss: 0.14814387261867523 - accuracy: 0.9512820243835449
2024-03-04 18:57:15,169 - METRIC - INFO - mean_accuracy: 0.8987367004156113

2024-03-04 18:57:15,169 - METRIC - INFO - round: 10
2024-03-04 18:57:15,169 - METRIC - INFO - n_selected: 3
2024-03-04 18:57:15,169 - METRIC - INFO - selected_trainers: statipo11 - statipo21 - statipo12
2024-03-04 18:57:16,077 - EXECUT - INFO - received weights from trainer statipo12!
2024-03-04 18:57:16,166 - EXECUT - INFO - received weights from trainer statipo11!
2024-03-04 18:57:16,255 - EXECUT - INFO - received weights from trainer statipo21!
2024-03-04 18:57:17,257 - EXECUT - INFO - sent aggregated weights to trainers!
2024-03-04 18:57:17,385 - METRIC - INFO - statipo11 loss: 0.0707809254527092 - accuracy: 0.9775640964508057
2024-03-04 18:57:17,388 - METRIC - INFO - statipo12 loss: 0.08828005939722061 - accuracy: 0.975095808506012
2024-03-04 18:57:17,393 - METRIC - INFO - statipo21 loss: 0.2861661911010742 - accuracy: 0.903954803943634
2024-03-04 18:57:17,440 - METRIC - INFO - statipo13 loss: 0.39275747537612915 - accuracy: 0.8320512771606445
2024-03-04 18:57:18,259 - METRIC - INFO - mean_accuracy: 0.922166496515274

2024-03-04 18:57:18,259 - METRIC - INFO - round: 11
2024-03-04 18:57:18,259 - METRIC - INFO - n_selected: 3
2024-03-04 18:57:18,259 - METRIC - INFO - selected_trainers: statipo21 - statipo11 - statipo13
2024-03-04 18:57:19,225 - EXECUT - INFO - received weights from trainer statipo11!
2024-03-04 18:57:19,342 - EXECUT - INFO - received weights from trainer statipo21!
2024-03-04 18:57:19,397 - EXECUT - INFO - received weights from trainer statipo13!
2024-03-04 18:57:20,385 - EXECUT - INFO - sent aggregated weights to trainers!
2024-03-04 18:57:20,515 - METRIC - INFO - statipo12 loss: 0.7749159336090088 - accuracy: 0.7758620977401733
2024-03-04 18:57:20,517 - METRIC - INFO - statipo11 loss: 0.05618710443377495 - accuracy: 0.9855769276618958
2024-03-04 18:57:20,522 - METRIC - INFO - statipo21 loss: 0.059024035930633545 - accuracy: 0.9802259802818298
2024-03-04 18:57:20,528 - METRIC - INFO - statipo13 loss: 0.14321893453598022 - accuracy: 0.949999988079071
2024-03-04 18:57:21,387 - METRIC - INFO - mean_accuracy: 0.9229162484407425

2024-03-04 18:57:21,387 - METRIC - INFO - round: 12
2024-03-04 18:57:21,388 - METRIC - INFO - n_selected: 3
2024-03-04 18:57:21,388 - METRIC - INFO - selected_trainers: statipo11 - statipo21 - statipo13
2024-03-04 18:57:22,495 - EXECUT - INFO - received weights from trainer statipo21!
2024-03-04 18:57:22,551 - EXECUT - INFO - received weights from trainer statipo13!
2024-03-04 18:57:22,875 - EXECUT - INFO - received weights from trainer statipo11!
2024-03-04 18:57:23,498 - EXECUT - INFO - sent aggregated weights to trainers!
2024-03-04 18:57:23,624 - METRIC - INFO - statipo21 loss: 0.13476122915744781 - accuracy: 0.9576271176338196
2024-03-04 18:57:23,625 - METRIC - INFO - statipo12 loss: 1.24239182472229 - accuracy: 0.7068965435028076
2024-03-04 18:57:23,632 - METRIC - INFO - statipo13 loss: 0.20559249818325043 - accuracy: 0.9012820720672607
2024-03-04 18:57:23,659 - METRIC - INFO - statipo11 loss: 0.060630157589912415 - accuracy: 0.9887820482254028
2024-03-04 18:57:24,499 - METRIC - INFO - mean_accuracy: 0.8886469453573227

2024-03-04 18:57:24,500 - METRIC - INFO - round: 13
2024-03-04 18:57:24,500 - METRIC - INFO - n_selected: 3
2024-03-04 18:57:24,500 - METRIC - INFO - selected_trainers: statipo13 - statipo11 - statipo21
2024-03-04 18:57:25,576 - EXECUT - INFO - received weights from trainer statipo21!
2024-03-04 18:57:25,630 - EXECUT - INFO - received weights from trainer statipo13!
2024-03-04 18:57:25,984 - EXECUT - INFO - received weights from trainer statipo11!
2024-03-04 18:57:26,621 - EXECUT - INFO - sent aggregated weights to trainers!
2024-03-04 18:57:26,745 - METRIC - INFO - statipo11 loss: 0.05820804834365845 - accuracy: 0.9823718070983887
2024-03-04 18:57:26,745 - METRIC - INFO - statipo12 loss: 1.6346074342727661 - accuracy: 0.6628352403640747
2024-03-04 18:57:26,752 - METRIC - INFO - statipo21 loss: 0.15682151913642883 - accuracy: 0.9491525292396545
2024-03-04 18:57:26,759 - METRIC - INFO - statipo13 loss: 0.14414376020431519 - accuracy: 0.9589743614196777
2024-03-04 18:57:27,623 - METRIC - INFO - mean_accuracy: 0.8883334845304489

2024-03-04 18:57:27,624 - METRIC - INFO - round: 14
2024-03-04 18:57:27,624 - METRIC - INFO - n_selected: 3
2024-03-04 18:57:27,624 - METRIC - INFO - selected_trainers: statipo13 - statipo21 - statipo11
2024-03-04 18:57:28,595 - EXECUT - INFO - received weights from trainer statipo11!
2024-03-04 18:57:28,751 - EXECUT - INFO - received weights from trainer statipo21!
2024-03-04 18:57:28,811 - EXECUT - INFO - received weights from trainer statipo13!
2024-03-04 18:57:29,716 - EXECUT - INFO - sent aggregated weights to trainers!
2024-03-04 18:57:29,838 - METRIC - INFO - statipo11 loss: 0.07436071336269379 - accuracy: 0.9791666865348816
2024-03-04 18:57:29,844 - METRIC - INFO - statipo12 loss: 1.8490519523620605 - accuracy: 0.6647509336471558
2024-03-04 18:57:29,845 - METRIC - INFO - statipo21 loss: 0.04340902343392372 - accuracy: 0.9858757257461548
2024-03-04 18:57:29,854 - METRIC - INFO - statipo13 loss: 0.14947114884853363 - accuracy: 0.9384615421295166
2024-03-04 18:57:30,718 - METRIC - INFO - mean_accuracy: 0.8920637220144272

2024-03-04 18:57:30,718 - METRIC - INFO - round: 15
2024-03-04 18:57:30,718 - METRIC - INFO - n_selected: 3
2024-03-04 18:57:30,719 - METRIC - INFO - selected_trainers: statipo11 - statipo12 - statipo21
2024-03-04 18:57:31,640 - EXECUT - INFO - received weights from trainer statipo12!
2024-03-04 18:57:31,739 - EXECUT - INFO - received weights from trainer statipo11!
2024-03-04 18:57:31,829 - EXECUT - INFO - received weights from trainer statipo21!
2024-03-04 18:57:32,855 - EXECUT - INFO - sent aggregated weights to trainers!
2024-03-04 18:57:32,990 - METRIC - INFO - statipo21 loss: 0.1633998453617096 - accuracy: 0.9392655491828918
2024-03-04 18:57:32,993 - METRIC - INFO - statipo13 loss: 0.30596840381622314 - accuracy: 0.8730769157409668
2024-03-04 18:57:33,019 - METRIC - INFO - statipo11 loss: 0.04978063330054283 - accuracy: 0.9839743375778198
2024-03-04 18:57:33,025 - METRIC - INFO - statipo12 loss: 0.0810888409614563 - accuracy: 0.969348669052124
2024-03-04 18:57:33,856 - METRIC - INFO - mean_accuracy: 0.9414163678884506

2024-03-04 18:57:33,857 - METRIC - INFO - round: 16
2024-03-04 18:57:33,857 - METRIC - INFO - n_selected: 3
2024-03-04 18:57:33,857 - METRIC - INFO - selected_trainers: statipo11 - statipo21 - statipo13
2024-03-04 18:57:34,961 - EXECUT - INFO - received weights from trainer statipo21!
2024-03-04 18:57:35,015 - EXECUT - INFO - received weights from trainer statipo13!
2024-03-04 18:57:35,309 - EXECUT - INFO - received weights from trainer statipo11!
2024-03-04 18:57:35,982 - EXECUT - INFO - sent aggregated weights to trainers!
2024-03-04 18:57:36,103 - METRIC - INFO - statipo11 loss: 0.04898964613676071 - accuracy: 0.9807692170143127
2024-03-04 18:57:36,109 - METRIC - INFO - statipo12 loss: 1.0300803184509277 - accuracy: 0.7643678188323975
2024-03-04 18:57:36,114 - METRIC - INFO - statipo21 loss: 0.04355744644999504 - accuracy: 0.9830508232116699
2024-03-04 18:57:36,150 - METRIC - INFO - statipo13 loss: 0.15225768089294434 - accuracy: 0.9371795058250427
2024-03-04 18:57:36,983 - METRIC - INFO - mean_accuracy: 0.9163418412208557

2024-03-04 18:57:36,984 - METRIC - INFO - round: 17
2024-03-04 18:57:36,984 - METRIC - INFO - n_selected: 3
2024-03-04 18:57:36,984 - METRIC - INFO - selected_trainers: statipo12 - statipo11 - statipo21
2024-03-04 18:57:37,897 - EXECUT - INFO - received weights from trainer statipo11!
2024-03-04 18:57:37,972 - EXECUT - INFO - received weights from trainer statipo21!
2024-03-04 18:57:38,474 - EXECUT - INFO - received weights from trainer statipo12!
2024-03-04 18:57:39,107 - EXECUT - INFO - sent aggregated weights to trainers!
2024-03-04 18:57:39,238 - METRIC - INFO - statipo12 loss: 0.05780510604381561 - accuracy: 0.9865900278091431
2024-03-04 18:57:39,245 - METRIC - INFO - statipo21 loss: 0.03931029513478279 - accuracy: 0.9844632744789124
2024-03-04 18:57:39,253 - METRIC - INFO - statipo13 loss: 0.3896838128566742 - accuracy: 0.8192307949066162
2024-03-04 18:57:39,272 - METRIC - INFO - statipo11 loss: 0.047219183295965195 - accuracy: 0.9839743375778198
2024-03-04 18:57:40,107 - METRIC - INFO - mean_accuracy: 0.9435646086931229

2024-03-04 18:57:40,108 - METRIC - INFO - round: 18
2024-03-04 18:57:40,108 - METRIC - INFO - n_selected: 3
2024-03-04 18:57:40,108 - METRIC - INFO - selected_trainers: statipo21 - statipo13 - statipo11
2024-03-04 18:57:41,259 - EXECUT - INFO - received weights from trainer statipo13!
2024-03-04 18:57:41,602 - EXECUT - INFO - received weights from trainer statipo11!
2024-03-04 18:57:41,653 - EXECUT - INFO - received weights from trainer statipo21!
2024-03-04 18:57:42,227 - EXECUT - INFO - sent aggregated weights to trainers!
2024-03-04 18:57:42,353 - METRIC - INFO - statipo11 loss: 0.05145353078842163 - accuracy: 0.9807692170143127
2024-03-04 18:57:42,356 - METRIC - INFO - statipo12 loss: 0.892811119556427 - accuracy: 0.7931034564971924
2024-03-04 18:57:42,359 - METRIC - INFO - statipo21 loss: 0.03203175589442253 - accuracy: 0.9887005686759949
2024-03-04 18:57:42,365 - METRIC - INFO - statipo13 loss: 0.1527228206396103 - accuracy: 0.9397435784339905
2024-03-04 18:57:43,229 - METRIC - INFO - mean_accuracy: 0.9255792051553726

2024-03-04 18:57:43,229 - METRIC - INFO - round: 19
2024-03-04 18:57:43,229 - METRIC - INFO - n_selected: 3
2024-03-04 18:57:43,229 - METRIC - INFO - selected_trainers: statipo21 - statipo12 - statipo13
2024-03-04 18:57:44,269 - EXECUT - INFO - received weights from trainer statipo21!
2024-03-04 18:57:44,322 - EXECUT - INFO - received weights from trainer statipo13!
2024-03-04 18:57:44,681 - EXECUT - INFO - received weights from trainer statipo12!
2024-03-04 18:57:45,355 - EXECUT - INFO - sent aggregated weights to trainers!
2024-03-04 18:57:45,481 - METRIC - INFO - statipo12 loss: 0.05261445418000221 - accuracy: 0.9865900278091431
2024-03-04 18:57:45,490 - METRIC - INFO - statipo13 loss: 0.1251373142004013 - accuracy: 0.9564102292060852
2024-03-04 18:57:45,519 - METRIC - INFO - statipo21 loss: 0.03985784202814102 - accuracy: 0.9844632744789124
2024-03-04 18:57:45,520 - METRIC - INFO - statipo11 loss: 0.25058040022850037 - accuracy: 0.9102563858032227
2024-03-04 18:57:46,357 - METRIC - INFO - mean_accuracy: 0.9594299793243408

2024-03-04 18:57:46,358 - METRIC - INFO - round: 20
2024-03-04 18:57:46,358 - METRIC - INFO - n_selected: 3
2024-03-04 18:57:46,358 - METRIC - INFO - selected_trainers: statipo21 - statipo13 - statipo11
2024-03-04 18:57:47,343 - EXECUT - INFO - received weights from trainer statipo11!
2024-03-04 18:57:47,470 - EXECUT - INFO - received weights from trainer statipo21!
2024-03-04 18:57:47,533 - EXECUT - INFO - received weights from trainer statipo13!
2024-03-04 18:57:48,448 - EXECUT - INFO - sent aggregated weights to trainers!
2024-03-04 18:57:48,572 - METRIC - INFO - statipo12 loss: 0.7299138307571411 - accuracy: 0.8122605085372925
2024-03-04 18:57:48,584 - METRIC - INFO - statipo13 loss: 0.1432640105485916 - accuracy: 0.9294871687889099
2024-03-04 18:57:48,610 - METRIC - INFO - statipo11 loss: 0.04689212143421173 - accuracy: 0.9855769276618958
2024-03-04 18:57:48,615 - METRIC - INFO - statipo21 loss: 0.09892622381448746 - accuracy: 0.9604519605636597
2024-03-04 18:57:49,449 - METRIC - INFO - mean_accuracy: 0.9219441413879395

2024-03-04 18:57:49,450 - METRIC - INFO - round: 21
2024-03-04 18:57:49,450 - METRIC - INFO - n_selected: 3
2024-03-04 18:57:49,450 - METRIC - INFO - selected_trainers: statipo13 - statipo12 - statipo21
2024-03-04 18:57:50,453 - EXECUT - INFO - received weights from trainer statipo21!
2024-03-04 18:57:50,506 - EXECUT - INFO - received weights from trainer statipo13!
2024-03-04 18:57:50,933 - EXECUT - INFO - received weights from trainer statipo12!
2024-03-04 18:57:51,541 - EXECUT - INFO - sent aggregated weights to trainers!
2024-03-04 18:57:51,663 - METRIC - INFO - statipo11 loss: 0.2978504002094269 - accuracy: 0.8974359035491943
2024-03-04 18:57:51,667 - METRIC - INFO - statipo12 loss: 0.06792543828487396 - accuracy: 0.9789271950721741
2024-03-04 18:57:51,676 - METRIC - INFO - statipo13 loss: 0.10920519381761551 - accuracy: 0.9628205299377441
2024-03-04 18:57:51,705 - METRIC - INFO - statipo21 loss: 0.027950605377554893 - accuracy: 0.9901130199432373
2024-03-04 18:57:52,543 - METRIC - INFO - mean_accuracy: 0.9573241621255875

2024-03-04 18:57:52,543 - METRIC - INFO - round: 22
2024-03-04 18:57:52,544 - METRIC - INFO - n_selected: 3
2024-03-04 18:57:52,544 - METRIC - INFO - selected_trainers: statipo12 - statipo21 - statipo11
2024-03-04 18:57:53,454 - EXECUT - INFO - received weights from trainer statipo12!
2024-03-04 18:57:53,521 - EXECUT - INFO - received weights from trainer statipo11!
2024-03-04 18:57:53,608 - EXECUT - INFO - received weights from trainer statipo21!
2024-03-04 18:57:54,641 - EXECUT - INFO - sent aggregated weights to trainers!
2024-03-04 18:57:54,767 - METRIC - INFO - statipo12 loss: 0.05416029319167137 - accuracy: 0.984674334526062
2024-03-04 18:57:54,768 - METRIC - INFO - statipo21 loss: 0.03461921960115433 - accuracy: 0.9901130199432373
2024-03-04 18:57:54,775 - METRIC - INFO - statipo13 loss: 0.18019521236419678 - accuracy: 0.9051281809806824
2024-03-04 18:57:54,802 - METRIC - INFO - statipo11 loss: 0.05009149760007858 - accuracy: 0.9855769276618958
2024-03-04 18:57:55,643 - METRIC - INFO - mean_accuracy: 0.9663731157779694

2024-03-04 18:57:55,643 - METRIC - INFO - round: 23
2024-03-04 18:57:55,643 - METRIC - INFO - n_selected: 3
2024-03-04 18:57:55,644 - METRIC - INFO - selected_trainers: statipo13 - statipo11 - statipo12
2024-03-04 18:57:56,569 - EXECUT - INFO - received weights from trainer statipo12!
2024-03-04 18:57:56,680 - EXECUT - INFO - received weights from trainer statipo11!
2024-03-04 18:57:56,809 - EXECUT - INFO - received weights from trainer statipo13!
2024-03-04 18:57:57,794 - EXECUT - INFO - sent aggregated weights to trainers!
2024-03-04 18:57:57,918 - METRIC - INFO - statipo12 loss: 0.07273352891206741 - accuracy: 0.975095808506012
2024-03-04 18:57:57,919 - METRIC - INFO - statipo11 loss: 0.050043780356645584 - accuracy: 0.9823718070983887
2024-03-04 18:57:57,927 - METRIC - INFO - statipo21 loss: 0.046038370579481125 - accuracy: 0.9872881174087524
2024-03-04 18:57:57,963 - METRIC - INFO - statipo13 loss: 0.10284717381000519 - accuracy: 0.9615384340286255
2024-03-04 18:57:58,796 - METRIC - INFO - mean_accuracy: 0.9765735417604446

2024-03-04 18:57:58,796 - METRIC - INFO - stop_condition: accuracy
