2024-03-05 22:37:32,717 - EXECUT - INFO - starting server...
2024-03-05 22:37:41,058 - EXECUT - INFO - trainer number statipo21 just joined the pool
2024-03-05 22:37:41,104 - EXECUT - INFO - trainer number statipo14 just joined the pool
2024-03-05 22:37:41,104 - EXECUT - INFO - trainer number statipo13 just joined the pool
2024-03-05 22:37:41,104 - EXECUT - INFO - trainer number statipo12 just joined the pool
2024-03-05 22:37:41,104 - EXECUT - INFO - trainer number statipo15 just joined the pool
2024-03-05 22:37:41,105 - EXECUT - INFO - trainer number statipo11 just joined the pool
2024-03-05 22:37:41,739 - METRIC - INFO - round: 1
2024-03-05 22:37:41,739 - METRIC - INFO - n_selected: 3
2024-03-05 22:37:41,740 - METRIC - INFO - selected_trainers: statipo11 - statipo15 - statipo21
2024-03-05 22:37:46,714 - EXECUT - INFO - received weights from trainer statipo15!
2024-03-05 22:37:46,766 - EXECUT - INFO - received weights from trainer statipo11!
2024-03-05 22:37:46,818 - EXECUT - INFO - received weights from trainer statipo21!
2024-03-05 22:37:47,887 - EXECUT - INFO - sent aggregated weights to trainers!
2024-03-05 22:37:50,638 - METRIC - INFO - statipo11 loss: 0.11204145103693008 - accuracy: 0.9663461446762085
2024-03-05 22:37:50,643 - METRIC - INFO - statipo15 loss: 0.12532790005207062 - accuracy: 0.9577235579490662
2024-03-05 22:37:50,644 - METRIC - INFO - statipo21 loss: 0.328243613243103 - accuracy: 0.8563050031661987
2024-03-05 22:37:50,646 - METRIC - INFO - statipo12 loss: 26.40697479248047 - accuracy: 0.27586206793785095
2024-03-05 22:37:50,650 - METRIC - INFO - statipo14 loss: 32.06890106201172 - accuracy: 0.2429378479719162
2024-03-05 22:37:50,666 - METRIC - INFO - statipo13 loss: 18.415433883666992 - accuracy: 0.18974359333515167
2024-03-05 22:37:50,890 - METRIC - INFO - mean_accuracy: 0.581486369172732

2024-03-05 22:37:50,891 - METRIC - INFO - round: 2
2024-03-05 22:37:50,891 - METRIC - INFO - n_selected: 3
2024-03-05 22:37:50,891 - METRIC - INFO - selected_trainers: statipo13 - statipo21 - statipo14
2024-03-05 22:37:57,866 - EXECUT - INFO - received weights from trainer statipo21!
2024-03-05 22:37:58,184 - EXECUT - INFO - received weights from trainer statipo14!
2024-03-05 22:37:58,372 - EXECUT - INFO - received weights from trainer statipo13!
2024-03-05 22:37:58,983 - EXECUT - INFO - sent aggregated weights to trainers!
2024-03-05 22:38:01,757 - METRIC - INFO - statipo13 loss: 0.3332229554653168 - accuracy: 0.8756410479545593
2024-03-05 22:38:01,760 - METRIC - INFO - statipo14 loss: 0.1701832413673401 - accuracy: 0.9378530979156494
2024-03-05 22:38:01,763 - METRIC - INFO - statipo12 loss: 1.9953267574310303 - accuracy: 0.24521072208881378
2024-03-05 22:38:01,769 - METRIC - INFO - statipo21 loss: 0.34483739733695984 - accuracy: 0.8577712774276733
2024-03-05 22:38:01,781 - METRIC - INFO - statipo11 loss: 1.8646072149276733 - accuracy: 0.12820513546466827
2024-03-05 22:38:01,786 - METRIC - INFO - statipo15 loss: 1.8267273902893066 - accuracy: 0.22926829755306244
2024-03-05 22:38:01,986 - METRIC - INFO - mean_accuracy: 0.5456582630674044

2024-03-05 22:38:01,987 - METRIC - INFO - round: 3
2024-03-05 22:38:01,987 - METRIC - INFO - n_selected: 3
2024-03-05 22:38:01,987 - METRIC - INFO - selected_trainers: statipo15 - statipo14 - statipo12
2024-03-05 22:38:08,575 - EXECUT - INFO - received weights from trainer statipo14!
2024-03-05 22:38:09,980 - EXECUT - INFO - received weights from trainer statipo15!
2024-03-05 22:38:10,393 - EXECUT - INFO - received weights from trainer statipo12!
2024-03-05 22:38:11,079 - EXECUT - INFO - sent aggregated weights to trainers!
2024-03-05 22:38:13,851 - METRIC - INFO - statipo11 loss: 1.5649172067642212 - accuracy: 0.375
2024-03-05 22:38:13,854 - METRIC - INFO - statipo14 loss: 0.4599541127681732 - accuracy: 0.8375706076622009
2024-03-05 22:38:13,856 - METRIC - INFO - statipo15 loss: 0.2894679009914398 - accuracy: 0.8910568952560425
2024-03-05 22:38:13,858 - METRIC - INFO - statipo21 loss: 1.00304114818573 - accuracy: 0.6862170100212097
2024-03-05 22:38:13,860 - METRIC - INFO - statipo12 loss: 0.21444030106067657 - accuracy: 0.9233716726303101
2024-03-05 22:38:13,891 - METRIC - INFO - statipo13 loss: 1.2726538181304932 - accuracy: 0.44871795177459717
2024-03-05 22:38:14,082 - METRIC - INFO - mean_accuracy: 0.6936556895573934

2024-03-05 22:38:14,083 - METRIC - INFO - round: 4
2024-03-05 22:38:14,083 - METRIC - INFO - n_selected: 3
2024-03-05 22:38:14,083 - METRIC - INFO - selected_trainers: statipo15 - statipo11 - statipo14
2024-03-05 22:38:18,033 - EXECUT - INFO - received weights from trainer statipo11!
2024-03-05 22:38:18,125 - EXECUT - INFO - received weights from trainer statipo15!
2024-03-05 22:38:18,376 - EXECUT - INFO - received weights from trainer statipo14!
2024-03-05 22:38:19,236 - EXECUT - INFO - sent aggregated weights to trainers!
2024-03-05 22:38:22,005 - METRIC - INFO - statipo15 loss: 0.15710563957691193 - accuracy: 0.9495934844017029
2024-03-05 22:38:22,010 - METRIC - INFO - statipo14 loss: 0.07637390494346619 - accuracy: 0.9731638431549072
2024-03-05 22:38:22,020 - METRIC - INFO - statipo13 loss: 4.274852752685547 - accuracy: 0.2192307710647583
2024-03-05 22:38:22,023 - METRIC - INFO - statipo11 loss: 0.2015388011932373 - accuracy: 0.9503205418586731
2024-03-05 22:38:22,034 - METRIC - INFO - statipo12 loss: 1.2781049013137817 - accuracy: 0.5057471394538879
2024-03-05 22:38:22,039 - METRIC - INFO - statipo21 loss: 0.9053171873092651 - accuracy: 0.6173020601272583
2024-03-05 22:38:22,241 - METRIC - INFO - mean_accuracy: 0.702559640010198

2024-03-05 22:38:22,241 - METRIC - INFO - round: 5
2024-03-05 22:38:22,241 - METRIC - INFO - n_selected: 3
2024-03-05 22:38:22,241 - METRIC - INFO - selected_trainers: statipo13 - statipo21 - statipo11
2024-03-05 22:38:26,976 - EXECUT - INFO - received weights from trainer statipo21!
2024-03-05 22:38:27,314 - EXECUT - INFO - received weights from trainer statipo13!
2024-03-05 22:38:27,625 - EXECUT - INFO - received weights from trainer statipo11!
2024-03-05 22:38:28,327 - EXECUT - INFO - sent aggregated weights to trainers!
2024-03-05 22:38:31,103 - METRIC - INFO - statipo11 loss: 0.16647246479988098 - accuracy: 0.9599359035491943
2024-03-05 22:38:31,110 - METRIC - INFO - statipo14 loss: 0.5370690822601318 - accuracy: 0.7612994313240051
2024-03-05 22:38:31,116 - METRIC - INFO - statipo13 loss: 0.42678433656692505 - accuracy: 0.8371794819831848
2024-03-05 22:38:31,123 - METRIC - INFO - statipo12 loss: 2.3085408210754395 - accuracy: 0.4042145609855652
2024-03-05 22:38:31,126 - METRIC - INFO - statipo21 loss: 0.2111264020204544 - accuracy: 0.9208211302757263
2024-03-05 22:38:31,147 - METRIC - INFO - statipo15 loss: 1.3207536935806274 - accuracy: 0.5837398171424866
2024-03-05 22:38:31,330 - METRIC - INFO - mean_accuracy: 0.7445317208766937

2024-03-05 22:38:31,330 - METRIC - INFO - round: 6
2024-03-05 22:38:31,331 - METRIC - INFO - n_selected: 3
2024-03-05 22:38:31,331 - METRIC - INFO - selected_trainers: statipo12 - statipo11 - statipo14
2024-03-05 22:38:35,321 - EXECUT - INFO - received weights from trainer statipo11!
2024-03-05 22:38:35,550 - EXECUT - INFO - received weights from trainer statipo12!
2024-03-05 22:38:35,605 - EXECUT - INFO - received weights from trainer statipo14!
2024-03-05 22:38:36,458 - EXECUT - INFO - sent aggregated weights to trainers!
2024-03-05 22:38:39,243 - METRIC - INFO - statipo13 loss: 1.7470864057540894 - accuracy: 0.521794855594635
2024-03-05 22:38:39,245 - METRIC - INFO - statipo15 loss: 3.287912368774414 - accuracy: 0.4146341383457184
2024-03-05 22:38:39,253 - METRIC - INFO - statipo21 loss: 0.7577237486839294 - accuracy: 0.6774193644523621
2024-03-05 22:38:39,253 - METRIC - INFO - statipo11 loss: 0.14765387773513794 - accuracy: 0.9567307829856873
2024-03-05 22:38:39,261 - METRIC - INFO - statipo14 loss: 0.07267804443836212 - accuracy: 0.9689265489578247
2024-03-05 22:38:39,269 - METRIC - INFO - statipo12 loss: 0.10537813603878021 - accuracy: 0.969348669052124
2024-03-05 22:38:39,461 - METRIC - INFO - mean_accuracy: 0.7514757265647253

2024-03-05 22:38:39,461 - METRIC - INFO - round: 7
2024-03-05 22:38:39,462 - METRIC - INFO - n_selected: 3
2024-03-05 22:38:39,462 - METRIC - INFO - selected_trainers: statipo21 - statipo11 - statipo12
2024-03-05 22:38:43,301 - EXECUT - INFO - received weights from trainer statipo12!
2024-03-05 22:38:43,478 - EXECUT - INFO - received weights from trainer statipo11!
2024-03-05 22:38:43,643 - EXECUT - INFO - received weights from trainer statipo21!
2024-03-05 22:38:44,592 - EXECUT - INFO - sent aggregated weights to trainers!
2024-03-05 22:38:47,368 - METRIC - INFO - statipo21 loss: 0.23063677549362183 - accuracy: 0.910557210445404
2024-03-05 22:38:47,369 - METRIC - INFO - statipo13 loss: 4.117893218994141 - accuracy: 0.38846153020858765
2024-03-05 22:38:47,372 - METRIC - INFO - statipo15 loss: 4.064643383026123 - accuracy: 0.3691056966781616
2024-03-05 22:38:47,393 - METRIC - INFO - statipo14 loss: 0.44684091210365295 - accuracy: 0.8093220591545105
2024-03-05 22:38:47,394 - METRIC - INFO - statipo12 loss: 0.07954543828964233 - accuracy: 0.9789271950721741
2024-03-05 22:38:47,394 - METRIC - INFO - statipo11 loss: 0.11999363452196121 - accuracy: 0.9727563858032227
2024-03-05 22:38:47,597 - METRIC - INFO - mean_accuracy: 0.7381883462270101

2024-03-05 22:38:47,597 - METRIC - INFO - round: 8
2024-03-05 22:38:47,598 - METRIC - INFO - n_selected: 3
2024-03-05 22:38:47,598 - METRIC - INFO - selected_trainers: statipo14 - statipo21 - statipo11
2024-03-05 22:38:52,410 - EXECUT - INFO - received weights from trainer statipo11!
2024-03-05 22:38:52,651 - EXECUT - INFO - received weights from trainer statipo21!
2024-03-05 22:38:52,703 - EXECUT - INFO - received weights from trainer statipo14!
2024-03-05 22:38:53,731 - EXECUT - INFO - sent aggregated weights to trainers!
2024-03-05 22:38:56,505 - METRIC - INFO - statipo14 loss: 0.07806138694286346 - accuracy: 0.9675140976905823
2024-03-05 22:38:56,506 - METRIC - INFO - statipo11 loss: 0.10068236291408539 - accuracy: 0.9743589758872986
2024-03-05 22:38:56,515 - METRIC - INFO - statipo13 loss: 7.667565822601318 - accuracy: 0.27435898780822754
2024-03-05 22:38:56,528 - METRIC - INFO - statipo12 loss: 1.377596139907837 - accuracy: 0.6360152959823608
2024-03-05 22:38:56,529 - METRIC - INFO - statipo21 loss: 0.18862558901309967 - accuracy: 0.9325513243675232
2024-03-05 22:38:56,534 - METRIC - INFO - statipo15 loss: 5.781569004058838 - accuracy: 0.3398374021053314
2024-03-05 22:38:56,734 - METRIC - INFO - mean_accuracy: 0.6874393473068873

2024-03-05 22:38:56,735 - METRIC - INFO - round: 9
2024-03-05 22:38:56,735 - METRIC - INFO - n_selected: 3
2024-03-05 22:38:56,735 - METRIC - INFO - selected_trainers: statipo13 - statipo21 - statipo14
2024-03-05 22:39:03,549 - EXECUT - INFO - received weights from trainer statipo14!
2024-03-05 22:39:03,764 - EXECUT - INFO - received weights from trainer statipo13!
2024-03-05 22:39:04,685 - EXECUT - INFO - received weights from trainer statipo21!
2024-03-05 22:39:04,878 - EXECUT - INFO - sent aggregated weights to trainers!
2024-03-05 22:39:07,643 - METRIC - INFO - statipo11 loss: 0.9554120302200317 - accuracy: 0.7275640964508057
2024-03-05 22:39:07,647 - METRIC - INFO - statipo12 loss: 2.2244389057159424 - accuracy: 0.5191571116447449
2024-03-05 22:39:07,651 - METRIC - INFO - statipo14 loss: 0.052704259753227234 - accuracy: 0.9774011373519897
2024-03-05 22:39:07,654 - METRIC - INFO - statipo13 loss: 0.21394692361354828 - accuracy: 0.9153845906257629
2024-03-05 22:39:07,657 - METRIC - INFO - statipo15 loss: 7.084527492523193 - accuracy: 0.3284552991390228
2024-03-05 22:39:07,682 - METRIC - INFO - statipo21 loss: 0.13964059948921204 - accuracy: 0.9457477927207947
2024-03-05 22:39:07,882 - METRIC - INFO - mean_accuracy: 0.7356183379888535

2024-03-05 22:39:07,883 - METRIC - INFO - round: 10
2024-03-05 22:39:07,883 - METRIC - INFO - n_selected: 3
2024-03-05 22:39:07,883 - METRIC - INFO - selected_trainers: statipo13 - statipo11 - statipo21
2024-03-05 22:39:14,037 - EXECUT - INFO - received weights from trainer statipo11!
2024-03-05 22:39:14,091 - EXECUT - INFO - received weights from trainer statipo21!
2024-03-05 22:39:14,443 - EXECUT - INFO - received weights from trainer statipo13!
2024-03-05 22:39:15,009 - EXECUT - INFO - sent aggregated weights to trainers!
2024-03-05 22:39:17,772 - METRIC - INFO - statipo12 loss: 2.2197046279907227 - accuracy: 0.5114942789077759
2024-03-05 22:39:17,783 - METRIC - INFO - statipo21 loss: 0.13607822358608246 - accuracy: 0.9516128897666931
2024-03-05 22:39:17,787 - METRIC - INFO - statipo11 loss: 0.10638214647769928 - accuracy: 0.9679487347602844
2024-03-05 22:39:17,793 - METRIC - INFO - statipo13 loss: 0.18546149134635925 - accuracy: 0.9320513010025024
2024-03-05 22:39:17,812 - METRIC - INFO - statipo15 loss: 8.042998313903809 - accuracy: 0.27967479825019836
2024-03-05 22:39:17,813 - METRIC - INFO - statipo14 loss: 0.2889624238014221 - accuracy: 0.8912429213523865
2024-03-05 22:39:18,012 - METRIC - INFO - mean_accuracy: 0.7556708206733068

2024-03-05 22:39:18,012 - METRIC - INFO - round: 11
2024-03-05 22:39:18,012 - METRIC - INFO - n_selected: 3
2024-03-05 22:39:18,012 - METRIC - INFO - selected_trainers: statipo11 - statipo15 - statipo12
2024-03-05 22:39:21,886 - EXECUT - INFO - received weights from trainer statipo12!
2024-03-05 22:39:21,964 - EXECUT - INFO - received weights from trainer statipo11!
2024-03-05 22:39:22,019 - EXECUT - INFO - received weights from trainer statipo15!
2024-03-05 22:39:22,102 - EXECUT - INFO - sent aggregated weights to trainers!
2024-03-05 22:39:24,869 - METRIC - INFO - statipo11 loss: 0.10821197181940079 - accuracy: 0.9615384340286255
2024-03-05 22:39:24,885 - METRIC - INFO - statipo15 loss: 0.14607472717761993 - accuracy: 0.9463414549827576
2024-03-05 22:39:24,891 - METRIC - INFO - statipo12 loss: 0.08790242671966553 - accuracy: 0.9712643623352051
2024-03-05 22:39:24,894 - METRIC - INFO - statipo21 loss: 0.3909759521484375 - accuracy: 0.8577712774276733
2024-03-05 22:39:24,902 - METRIC - INFO - statipo13 loss: 1.1739587783813477 - accuracy: 0.6641025543212891
2024-03-05 22:39:24,908 - METRIC - INFO - statipo14 loss: 0.4127269387245178 - accuracy: 0.8432203531265259
2024-03-05 22:39:25,105 - METRIC - INFO - mean_accuracy: 0.8740397393703461

2024-03-05 22:39:25,105 - METRIC - INFO - round: 12
2024-03-05 22:39:25,105 - METRIC - INFO - n_selected: 3
2024-03-05 22:39:25,105 - METRIC - INFO - selected_trainers: statipo13 - statipo12 - statipo21
2024-03-05 22:39:28,908 - EXECUT - INFO - received weights from trainer statipo12!
2024-03-05 22:39:29,225 - EXECUT - INFO - received weights from trainer statipo21!
2024-03-05 22:39:29,493 - EXECUT - INFO - received weights from trainer statipo13!
2024-03-05 22:39:30,194 - EXECUT - INFO - sent aggregated weights to trainers!
2024-03-05 22:39:32,966 - METRIC - INFO - statipo11 loss: 0.6160398125648499 - accuracy: 0.8060897588729858
2024-03-05 22:39:32,972 - METRIC - INFO - statipo21 loss: 0.21575187146663666 - accuracy: 0.9266862273216248
2024-03-05 22:39:32,995 - METRIC - INFO - statipo12 loss: 0.07658551633358002 - accuracy: 0.977011501789093
2024-03-05 22:39:32,995 - METRIC - INFO - statipo13 loss: 0.18034842610359192 - accuracy: 0.9397435784339905
2024-03-05 22:39:33,000 - METRIC - INFO - statipo14 loss: 1.1100484132766724 - accuracy: 0.6977401375770569
2024-03-05 22:39:33,002 - METRIC - INFO - statipo15 loss: 1.5261598825454712 - accuracy: 0.5821138024330139
2024-03-05 22:39:33,197 - METRIC - INFO - mean_accuracy: 0.8215641677379608

2024-03-05 22:39:33,197 - METRIC - INFO - round: 13
2024-03-05 22:39:33,198 - METRIC - INFO - n_selected: 3
2024-03-05 22:39:33,199 - METRIC - INFO - selected_trainers: statipo12 - statipo21 - statipo11
2024-03-05 22:39:37,069 - EXECUT - INFO - received weights from trainer statipo12!
2024-03-05 22:39:37,314 - EXECUT - INFO - received weights from trainer statipo11!
2024-03-05 22:39:37,379 - EXECUT - INFO - received weights from trainer statipo21!
2024-03-05 22:39:38,288 - EXECUT - INFO - sent aggregated weights to trainers!
2024-03-05 22:39:41,066 - METRIC - INFO - statipo13 loss: 0.703734815120697 - accuracy: 0.7089743614196777
2024-03-05 22:39:41,087 - METRIC - INFO - statipo21 loss: 0.21876740455627441 - accuracy: 0.9208211302757263
2024-03-05 22:39:41,089 - METRIC - INFO - statipo11 loss: 0.07780700922012329 - accuracy: 0.9807692170143127
2024-03-05 22:39:41,091 - METRIC - INFO - statipo12 loss: 0.08179598301649094 - accuracy: 0.967432975769043
2024-03-05 22:39:41,095 - METRIC - INFO - statipo14 loss: 0.7575576901435852 - accuracy: 0.7161017060279846
2024-03-05 22:39:41,100 - METRIC - INFO - statipo15 loss: 3.7762346267700195 - accuracy: 0.42276424169540405
2024-03-05 22:39:41,291 - METRIC - INFO - mean_accuracy: 0.786143938700358

2024-03-05 22:39:41,292 - METRIC - INFO - round: 14
2024-03-05 22:39:41,292 - METRIC - INFO - n_selected: 3
2024-03-05 22:39:41,292 - METRIC - INFO - selected_trainers: statipo11 - statipo15 - statipo21
2024-03-05 22:39:45,411 - EXECUT - INFO - received weights from trainer statipo15!
2024-03-05 22:39:45,466 - EXECUT - INFO - received weights from trainer statipo11!
2024-03-05 22:39:45,528 - EXECUT - INFO - received weights from trainer statipo21!
2024-03-05 22:39:46,411 - EXECUT - INFO - sent aggregated weights to trainers!
2024-03-05 22:39:49,178 - METRIC - INFO - statipo15 loss: 0.12161357700824738 - accuracy: 0.9528455138206482
2024-03-05 22:39:49,184 - METRIC - INFO - statipo14 loss: 1.2795475721359253 - accuracy: 0.6101694703102112
2024-03-05 22:39:49,186 - METRIC - INFO - statipo11 loss: 0.06696916371583939 - accuracy: 0.9823718070983887
2024-03-05 22:39:49,191 - METRIC - INFO - statipo13 loss: 1.840080738067627 - accuracy: 0.6128205060958862
2024-03-05 22:39:49,214 - METRIC - INFO - statipo12 loss: 0.6278579831123352 - accuracy: 0.8180076479911804
2024-03-05 22:39:49,220 - METRIC - INFO - statipo21 loss: 0.1277068853378296 - accuracy: 0.9501466155052185
2024-03-05 22:39:49,414 - METRIC - INFO - mean_accuracy: 0.8210602601369222

2024-03-05 22:39:49,414 - METRIC - INFO - round: 15
2024-03-05 22:39:49,414 - METRIC - INFO - n_selected: 3
2024-03-05 22:39:49,414 - METRIC - INFO - selected_trainers: statipo12 - statipo11 - statipo15
2024-03-05 22:39:53,221 - EXECUT - INFO - received weights from trainer statipo12!
2024-03-05 22:39:53,339 - EXECUT - INFO - received weights from trainer statipo11!
2024-03-05 22:39:53,392 - EXECUT - INFO - received weights from trainer statipo15!
2024-03-05 22:39:53,498 - EXECUT - INFO - sent aggregated weights to trainers!
2024-03-05 22:39:56,263 - METRIC - INFO - statipo11 loss: 0.0644468367099762 - accuracy: 0.9855769276618958
2024-03-05 22:39:56,264 - METRIC - INFO - statipo21 loss: 0.4939125180244446 - accuracy: 0.8196480870246887
2024-03-05 22:39:56,269 - METRIC - INFO - statipo15 loss: 0.11324942857027054 - accuracy: 0.9658536314964294
2024-03-05 22:39:56,283 - METRIC - INFO - statipo13 loss: 2.9936416149139404 - accuracy: 0.5487179756164551
2024-03-05 22:39:56,301 - METRIC - INFO - statipo12 loss: 0.05495462566614151 - accuracy: 0.9865900278091431
2024-03-05 22:39:56,302 - METRIC - INFO - statipo14 loss: 1.7427606582641602 - accuracy: 0.5762711763381958
2024-03-05 22:39:56,501 - METRIC - INFO - mean_accuracy: 0.813776304324468

2024-03-05 22:39:56,501 - METRIC - INFO - round: 16
2024-03-05 22:39:56,502 - METRIC - INFO - n_selected: 3
2024-03-05 22:39:56,502 - METRIC - INFO - selected_trainers: statipo15 - statipo12 - statipo14
2024-03-05 22:40:03,523 - EXECUT - INFO - received weights from trainer statipo12!
2024-03-05 22:40:03,853 - EXECUT - INFO - received weights from trainer statipo15!
2024-03-05 22:40:04,060 - EXECUT - INFO - received weights from trainer statipo14!
2024-03-05 22:40:04,599 - EXECUT - INFO - sent aggregated weights to trainers!
2024-03-05 22:40:07,369 - METRIC - INFO - statipo14 loss: 0.06118088960647583 - accuracy: 0.9774011373519897
2024-03-05 22:40:07,370 - METRIC - INFO - statipo12 loss: 0.054664988070726395 - accuracy: 0.982758641242981
2024-03-05 22:40:07,384 - METRIC - INFO - statipo13 loss: 3.615725517272949 - accuracy: 0.5179487466812134
2024-03-05 22:40:07,393 - METRIC - INFO - statipo11 loss: 0.44169527292251587 - accuracy: 0.8541666865348816
2024-03-05 22:40:07,404 - METRIC - INFO - statipo21 loss: 0.9989767074584961 - accuracy: 0.7126099467277527
2024-03-05 22:40:07,414 - METRIC - INFO - statipo15 loss: 0.11548808962106705 - accuracy: 0.9560975432395935
2024-03-05 22:40:07,602 - METRIC - INFO - mean_accuracy: 0.8334971169630686

2024-03-05 22:40:07,602 - METRIC - INFO - round: 17
2024-03-05 22:40:07,602 - METRIC - INFO - n_selected: 3
2024-03-05 22:40:07,602 - METRIC - INFO - selected_trainers: statipo15 - statipo14 - statipo12
2024-03-05 22:40:11,935 - EXECUT - INFO - received weights from trainer statipo12!
2024-03-05 22:40:12,300 - EXECUT - INFO - received weights from trainer statipo15!
2024-03-05 22:40:12,564 - EXECUT - INFO - received weights from trainer statipo14!
2024-03-05 22:40:12,698 - EXECUT - INFO - sent aggregated weights to trainers!
2024-03-05 22:40:15,475 - METRIC - INFO - statipo15 loss: 0.14641542732715607 - accuracy: 0.9447154402732849
2024-03-05 22:40:15,482 - METRIC - INFO - statipo14 loss: 0.054928526282310486 - accuracy: 0.9774011373519897
2024-03-05 22:40:15,494 - METRIC - INFO - statipo21 loss: 0.8949190378189087 - accuracy: 0.7067448496818542
2024-03-05 22:40:15,501 - METRIC - INFO - statipo13 loss: 3.4249019622802734 - accuracy: 0.4948717951774597
2024-03-05 22:40:15,502 - METRIC - INFO - statipo11 loss: 0.781305193901062 - accuracy: 0.7820512652397156
2024-03-05 22:40:15,521 - METRIC - INFO - statipo12 loss: 0.06469658762216568 - accuracy: 0.984674334526062
2024-03-05 22:40:15,701 - METRIC - INFO - mean_accuracy: 0.815076470375061

2024-03-05 22:40:15,701 - METRIC - INFO - round: 18
2024-03-05 22:40:15,702 - METRIC - INFO - n_selected: 3
2024-03-05 22:40:15,702 - METRIC - INFO - selected_trainers: statipo11 - statipo13 - statipo12
2024-03-05 22:40:19,497 - EXECUT - INFO - received weights from trainer statipo12!
2024-03-05 22:40:19,842 - EXECUT - INFO - received weights from trainer statipo11!
2024-03-05 22:40:20,270 - EXECUT - INFO - received weights from trainer statipo13!
2024-03-05 22:40:20,826 - EXECUT - INFO - sent aggregated weights to trainers!
2024-03-05 22:40:23,591 - METRIC - INFO - statipo12 loss: 0.04914208501577377 - accuracy: 0.9865900278091431
2024-03-05 22:40:23,597 - METRIC - INFO - statipo21 loss: 0.9754418730735779 - accuracy: 0.696480929851532
2024-03-05 22:40:23,599 - METRIC - INFO - statipo15 loss: 0.701134979724884 - accuracy: 0.790243923664093
2024-03-05 22:40:23,626 - METRIC - INFO - statipo11 loss: 0.06432226300239563 - accuracy: 0.9871794581413269
2024-03-05 22:40:23,630 - METRIC - INFO - statipo13 loss: 0.1485808789730072 - accuracy: 0.9474359154701233
2024-03-05 22:40:23,630 - METRIC - INFO - statipo14 loss: 0.18994024395942688 - accuracy: 0.9237288236618042
2024-03-05 22:40:23,832 - METRIC - INFO - mean_accuracy: 0.8886098464330038

2024-03-05 22:40:23,832 - METRIC - INFO - round: 19
2024-03-05 22:40:23,832 - METRIC - INFO - n_selected: 3
2024-03-05 22:40:23,833 - METRIC - INFO - selected_trainers: statipo13 - statipo15 - statipo12
2024-03-05 22:40:28,124 - EXECUT - INFO - received weights from trainer statipo12!
2024-03-05 22:40:28,263 - EXECUT - INFO - received weights from trainer statipo15!
2024-03-05 22:40:28,718 - EXECUT - INFO - received weights from trainer statipo13!
2024-03-05 22:40:28,953 - EXECUT - INFO - sent aggregated weights to trainers!
2024-03-05 22:40:31,727 - METRIC - INFO - statipo14 loss: 0.3180074095726013 - accuracy: 0.8785310983657837
2024-03-05 22:40:31,728 - METRIC - INFO - statipo21 loss: 0.8933992981910706 - accuracy: 0.7023460268974304
2024-03-05 22:40:31,729 - METRIC - INFO - statipo11 loss: 0.7340986728668213 - accuracy: 0.8044871687889099
2024-03-05 22:40:31,755 - METRIC - INFO - statipo12 loss: 0.04462260752916336 - accuracy: 0.99042147397995
2024-03-05 22:40:31,761 - METRIC - INFO - statipo15 loss: 0.09375902265310287 - accuracy: 0.9756097793579102
2024-03-05 22:40:31,767 - METRIC - INFO - statipo13 loss: 0.17663490772247314 - accuracy: 0.9269230961799622
2024-03-05 22:40:31,958 - METRIC - INFO - mean_accuracy: 0.8797197739283243

2024-03-05 22:40:31,958 - METRIC - INFO - round: 20
2024-03-05 22:40:31,958 - METRIC - INFO - n_selected: 3
2024-03-05 22:40:31,958 - METRIC - INFO - selected_trainers: statipo12 - statipo11 - statipo14
2024-03-05 22:40:35,864 - EXECUT - INFO - received weights from trainer statipo12!
2024-03-05 22:40:35,917 - EXECUT - INFO - received weights from trainer statipo11!
2024-03-05 22:40:36,153 - EXECUT - INFO - received weights from trainer statipo14!
2024-03-05 22:40:37,084 - EXECUT - INFO - sent aggregated weights to trainers!
2024-03-05 22:40:39,866 - METRIC - INFO - statipo21 loss: 0.7831525802612305 - accuracy: 0.7360703945159912
2024-03-05 22:40:39,867 - METRIC - INFO - statipo15 loss: 0.6381621360778809 - accuracy: 0.8048780560493469
2024-03-05 22:40:39,882 - METRIC - INFO - statipo12 loss: 0.05191177874803543 - accuracy: 0.984674334526062
2024-03-05 22:40:39,883 - METRIC - INFO - statipo14 loss: 0.04181734472513199 - accuracy: 0.9858757257461548
2024-03-05 22:40:39,884 - METRIC - INFO - statipo11 loss: 0.07122616469860077 - accuracy: 0.9775640964508057
2024-03-05 22:40:39,885 - METRIC - INFO - statipo13 loss: 0.5680035352706909 - accuracy: 0.7551282048225403
2024-03-05 22:40:40,089 - METRIC - INFO - mean_accuracy: 0.8740318020184835

2024-03-05 22:40:40,089 - METRIC - INFO - round: 21
2024-03-05 22:40:40,089 - METRIC - INFO - n_selected: 3
2024-03-05 22:40:40,090 - METRIC - INFO - selected_trainers: statipo21 - statipo14 - statipo11
2024-03-05 22:40:44,988 - EXECUT - INFO - received weights from trainer statipo11!
2024-03-05 22:40:45,232 - EXECUT - INFO - received weights from trainer statipo14!
2024-03-05 22:40:45,499 - EXECUT - INFO - received weights from trainer statipo21!
2024-03-05 22:40:46,180 - EXECUT - INFO - sent aggregated weights to trainers!
2024-03-05 22:40:48,951 - METRIC - INFO - statipo21 loss: 0.13005994260311127 - accuracy: 0.9560117125511169
2024-03-05 22:40:48,954 - METRIC - INFO - statipo12 loss: 0.28578945994377136 - accuracy: 0.9118773937225342
2024-03-05 22:40:48,956 - METRIC - INFO - statipo13 loss: 0.9181733131408691 - accuracy: 0.6987179517745972
2024-03-05 22:40:48,957 - METRIC - INFO - statipo14 loss: 0.05546068772673607 - accuracy: 0.9830508232116699
2024-03-05 22:40:48,992 - METRIC - INFO - statipo11 loss: 0.053785379976034164 - accuracy: 0.9871794581413269
2024-03-05 22:40:49,002 - METRIC - INFO - statipo15 loss: 0.8732641339302063 - accuracy: 0.785365879535675
2024-03-05 22:40:49,184 - METRIC - INFO - mean_accuracy: 0.8870338698228201

2024-03-05 22:40:49,184 - METRIC - INFO - round: 22
2024-03-05 22:40:49,185 - METRIC - INFO - n_selected: 3
2024-03-05 22:40:49,185 - METRIC - INFO - selected_trainers: statipo12 - statipo14 - statipo15
2024-03-05 22:40:55,069 - EXECUT - INFO - received weights from trainer statipo12!
2024-03-05 22:40:55,440 - EXECUT - INFO - received weights from trainer statipo15!
2024-03-05 22:40:55,624 - EXECUT - INFO - received weights from trainer statipo14!
2024-03-05 22:40:56,274 - EXECUT - INFO - sent aggregated weights to trainers!
2024-03-05 22:40:59,046 - METRIC - INFO - statipo15 loss: 0.08362410217523575 - accuracy: 0.9756097793579102
2024-03-05 22:40:59,065 - METRIC - INFO - statipo14 loss: 0.19444534182548523 - accuracy: 0.9279661178588867
2024-03-05 22:40:59,075 - METRIC - INFO - statipo13 loss: 1.36945641040802 - accuracy: 0.6576923131942749
2024-03-05 22:40:59,076 - METRIC - INFO - statipo11 loss: 0.5947640538215637 - accuracy: 0.8349359035491943
2024-03-05 22:40:59,079 - METRIC - INFO - statipo21 loss: 0.5649696588516235 - accuracy: 0.796187698841095
2024-03-05 22:40:59,080 - METRIC - INFO - statipo12 loss: 0.049835290759801865 - accuracy: 0.9865900278091431
2024-03-05 22:40:59,277 - METRIC - INFO - mean_accuracy: 0.8631636401017507

2024-03-05 22:40:59,277 - METRIC - INFO - round: 23
2024-03-05 22:40:59,278 - METRIC - INFO - n_selected: 3
2024-03-05 22:40:59,278 - METRIC - INFO - selected_trainers: statipo14 - statipo15 - statipo11
2024-03-05 22:41:03,679 - EXECUT - INFO - received weights from trainer statipo15!
2024-03-05 22:41:03,733 - EXECUT - INFO - received weights from trainer statipo11!
2024-03-05 22:41:03,881 - EXECUT - INFO - received weights from trainer statipo14!
2024-03-05 22:41:04,363 - EXECUT - INFO - sent aggregated weights to trainers!
2024-03-05 22:41:07,128 - METRIC - INFO - statipo12 loss: 0.3338949382305145 - accuracy: 0.8984674215316772
2024-03-05 22:41:07,130 - METRIC - INFO - statipo11 loss: 0.060168907046318054 - accuracy: 0.9839743375778198
2024-03-05 22:41:07,139 - METRIC - INFO - statipo21 loss: 0.7498359680175781 - accuracy: 0.7536656856536865
2024-03-05 22:41:07,144 - METRIC - INFO - statipo15 loss: 0.07875287532806396 - accuracy: 0.9723577499389648
2024-03-05 22:41:07,160 - METRIC - INFO - statipo14 loss: 0.03553609549999237 - accuracy: 0.9858757257461548
2024-03-05 22:41:07,164 - METRIC - INFO - statipo13 loss: 1.8749696016311646 - accuracy: 0.6358974575996399
2024-03-05 22:41:07,368 - METRIC - INFO - mean_accuracy: 0.8717063963413239

2024-03-05 22:41:07,368 - METRIC - INFO - round: 24
2024-03-05 22:41:07,368 - METRIC - INFO - n_selected: 3
2024-03-05 22:41:07,368 - METRIC - INFO - selected_trainers: statipo21 - statipo14 - statipo13
2024-03-05 22:41:11,523 - EXECUT - INFO - received weights from trainer statipo21!
2024-03-05 22:41:11,576 - EXECUT - INFO - received weights from trainer statipo14!
2024-03-05 22:41:11,629 - EXECUT - INFO - received weights from trainer statipo13!
2024-03-05 22:41:12,491 - EXECUT - INFO - sent aggregated weights to trainers!
2024-03-05 22:41:15,263 - METRIC - INFO - statipo12 loss: 0.7173375487327576 - accuracy: 0.8180076479911804
2024-03-05 22:41:15,264 - METRIC - INFO - statipo21 loss: 0.1339748501777649 - accuracy: 0.9516128897666931
2024-03-05 22:41:15,275 - METRIC - INFO - statipo15 loss: 0.3891424536705017 - accuracy: 0.8764227628707886
2024-03-05 22:41:15,294 - METRIC - INFO - statipo13 loss: 0.12815101444721222 - accuracy: 0.9487179517745972
2024-03-05 22:41:15,301 - METRIC - INFO - statipo11 loss: 0.38211706280708313 - accuracy: 0.879807710647583
2024-03-05 22:41:15,307 - METRIC - INFO - statipo14 loss: 0.0366990752518177 - accuracy: 0.9858757257461548
2024-03-05 22:41:15,494 - METRIC - INFO - mean_accuracy: 0.9100741147994995

2024-03-05 22:41:15,495 - METRIC - INFO - round: 25
2024-03-05 22:41:15,495 - METRIC - INFO - n_selected: 3
2024-03-05 22:41:15,495 - METRIC - INFO - selected_trainers: statipo11 - statipo13 - statipo15
2024-03-05 22:41:21,835 - EXECUT - INFO - received weights from trainer statipo15!
2024-03-05 22:41:22,039 - EXECUT - INFO - received weights from trainer statipo11!
2024-03-05 22:41:22,716 - EXECUT - INFO - received weights from trainer statipo13!
2024-03-05 22:41:23,584 - EXECUT - INFO - sent aggregated weights to trainers!
2024-03-05 22:41:26,351 - METRIC - INFO - statipo21 loss: 0.4057213068008423 - accuracy: 0.873900294303894
2024-03-05 22:41:26,359 - METRIC - INFO - statipo14 loss: 0.05958472937345505 - accuracy: 0.9759886860847473
2024-03-05 22:41:26,367 - METRIC - INFO - statipo15 loss: 0.11148747056722641 - accuracy: 0.9609755873680115
2024-03-05 22:41:26,382 - METRIC - INFO - statipo12 loss: 0.7146238088607788 - accuracy: 0.8141762614250183
2024-03-05 22:41:26,390 - METRIC - INFO - statipo11 loss: 0.056136149913072586 - accuracy: 0.9871794581413269
2024-03-05 22:41:26,390 - METRIC - INFO - statipo13 loss: 0.17088362574577332 - accuracy: 0.9217948913574219
2024-03-05 22:41:26,588 - METRIC - INFO - mean_accuracy: 0.9223358631134033

2024-03-05 22:41:26,588 - METRIC - INFO - round: 26
2024-03-05 22:41:26,589 - METRIC - INFO - n_selected: 3
2024-03-05 22:41:26,589 - METRIC - INFO - selected_trainers: statipo11 - statipo21 - statipo14
2024-03-05 22:41:33,993 - EXECUT - INFO - received weights from trainer statipo11!
2024-03-05 22:41:34,145 - EXECUT - INFO - received weights from trainer statipo21!
2024-03-05 22:41:34,199 - EXECUT - INFO - received weights from trainer statipo14!
2024-03-05 22:41:34,681 - EXECUT - INFO - sent aggregated weights to trainers!
2024-03-05 22:41:37,449 - METRIC - INFO - statipo12 loss: 0.7678534984588623 - accuracy: 0.8160919547080994
2024-03-05 22:41:37,455 - METRIC - INFO - statipo13 loss: 0.6272536516189575 - accuracy: 0.7615384459495544
2024-03-05 22:41:37,457 - METRIC - INFO - statipo14 loss: 0.04085468128323555 - accuracy: 0.9872881174087524
2024-03-05 22:41:37,462 - METRIC - INFO - statipo11 loss: 0.05161077529191971 - accuracy: 0.9887820482254028
2024-03-05 22:41:37,484 - METRIC - INFO - statipo15 loss: 0.5177981853485107 - accuracy: 0.8536585569381714
2024-03-05 22:41:37,489 - METRIC - INFO - statipo21 loss: 0.12718023359775543 - accuracy: 0.9574779868125916
2024-03-05 22:41:37,684 - METRIC - INFO - mean_accuracy: 0.8941395183404287

2024-03-05 22:41:37,684 - METRIC - INFO - round: 27
2024-03-05 22:41:37,685 - METRIC - INFO - n_selected: 3
2024-03-05 22:41:37,685 - METRIC - INFO - selected_trainers: statipo13 - statipo21 - statipo15
2024-03-05 22:41:43,876 - EXECUT - INFO - received weights from trainer statipo15!
2024-03-05 22:41:44,068 - EXECUT - INFO - received weights from trainer statipo21!
2024-03-05 22:41:44,352 - EXECUT - INFO - received weights from trainer statipo13!
2024-03-05 22:41:44,772 - EXECUT - INFO - sent aggregated weights to trainers!
2024-03-05 22:41:47,540 - METRIC - INFO - statipo12 loss: 0.9565536379814148 - accuracy: 0.8007662892341614
2024-03-05 22:41:47,549 - METRIC - INFO - statipo21 loss: 0.11083100736141205 - accuracy: 0.9692082405090332
2024-03-05 22:41:47,549 - METRIC - INFO - statipo15 loss: 0.07374449819326401 - accuracy: 0.9804878234863281
2024-03-05 22:41:47,582 - METRIC - INFO - statipo11 loss: 0.48660993576049805 - accuracy: 0.8830128312110901
2024-03-05 22:41:47,585 - METRIC - INFO - statipo13 loss: 0.10735525190830231 - accuracy: 0.9589743614196777
2024-03-05 22:41:47,588 - METRIC - INFO - statipo14 loss: 0.06152300164103508 - accuracy: 0.9788135886192322
2024-03-05 22:41:47,775 - METRIC - INFO - mean_accuracy: 0.9285438557465872

2024-03-05 22:41:47,775 - METRIC - INFO - round: 28
2024-03-05 22:41:47,775 - METRIC - INFO - n_selected: 3
2024-03-05 22:41:47,775 - METRIC - INFO - selected_trainers: statipo13 - statipo11 - statipo14
2024-03-05 22:41:52,124 - EXECUT - INFO - received weights from trainer statipo11!
2024-03-05 22:41:52,187 - EXECUT - INFO - received weights from trainer statipo14!
2024-03-05 22:41:52,526 - EXECUT - INFO - received weights from trainer statipo13!
2024-03-05 22:41:52,862 - EXECUT - INFO - sent aggregated weights to trainers!
2024-03-05 22:41:55,629 - METRIC - INFO - statipo12 loss: 1.0142409801483154 - accuracy: 0.7624521255493164
2024-03-05 22:41:55,638 - METRIC - INFO - statipo11 loss: 0.06229742243885994 - accuracy: 0.9807692170143127
2024-03-05 22:41:55,639 - METRIC - INFO - statipo13 loss: 1.044757604598999 - accuracy: 0.6730769276618958
2024-03-05 22:41:55,645 - METRIC - INFO - statipo14 loss: 0.03744355961680412 - accuracy: 0.9816384315490723
2024-03-05 22:41:55,646 - METRIC - INFO - statipo15 loss: 0.8035759329795837 - accuracy: 0.790243923664093
2024-03-05 22:41:55,670 - METRIC - INFO - statipo21 loss: 0.2358568012714386 - accuracy: 0.9120234847068787
2024-03-05 22:41:55,865 - METRIC - INFO - mean_accuracy: 0.8500340183575948

2024-03-05 22:41:55,865 - METRIC - INFO - round: 29
2024-03-05 22:41:55,865 - METRIC - INFO - n_selected: 3
2024-03-05 22:41:55,865 - METRIC - INFO - selected_trainers: statipo21 - statipo12 - statipo11
2024-03-05 22:41:59,665 - EXECUT - INFO - received weights from trainer statipo12!
2024-03-05 22:41:59,875 - EXECUT - INFO - received weights from trainer statipo11!
2024-03-05 22:41:59,984 - EXECUT - INFO - received weights from trainer statipo21!
2024-03-05 22:42:00,957 - EXECUT - INFO - sent aggregated weights to trainers!
2024-03-05 22:42:03,723 - METRIC - INFO - statipo12 loss: 0.058590538799762726 - accuracy: 0.9789271950721741
2024-03-05 22:42:03,731 - METRIC - INFO - statipo21 loss: 0.1099657416343689 - accuracy: 0.9604105353355408
2024-03-05 22:42:03,737 - METRIC - INFO - statipo13 loss: 0.45917439460754395 - accuracy: 0.7897436022758484
2024-03-05 22:42:03,738 - METRIC - INFO - statipo15 loss: 0.98279869556427 - accuracy: 0.7609755992889404
2024-03-05 22:42:03,756 - METRIC - INFO - statipo11 loss: 0.0532163605093956 - accuracy: 0.9839743375778198
2024-03-05 22:42:03,757 - METRIC - INFO - statipo14 loss: 0.07588209211826324 - accuracy: 0.9689265489578247
2024-03-05 22:42:03,962 - METRIC - INFO - mean_accuracy: 0.9071596364180247

2024-03-05 22:42:03,962 - METRIC - INFO - round: 30
2024-03-05 22:42:03,962 - METRIC - INFO - n_selected: 3
2024-03-05 22:42:03,962 - METRIC - INFO - selected_trainers: statipo21 - statipo14 - statipo11
2024-03-05 22:42:08,286 - EXECUT - INFO - received weights from trainer statipo11!
2024-03-05 22:42:08,480 - EXECUT - INFO - received weights from trainer statipo21!
2024-03-05 22:42:08,532 - EXECUT - INFO - received weights from trainer statipo14!
2024-03-05 22:42:09,050 - EXECUT - INFO - sent aggregated weights to trainers!
2024-03-05 22:42:11,818 - METRIC - INFO - statipo12 loss: 0.45173048973083496 - accuracy: 0.8927202820777893
2024-03-05 22:42:11,828 - METRIC - INFO - statipo13 loss: 0.6532993912696838 - accuracy: 0.7576923370361328
2024-03-05 22:42:11,830 - METRIC - INFO - statipo14 loss: 0.0423632375895977 - accuracy: 0.9816384315490723
2024-03-05 22:42:11,832 - METRIC - INFO - statipo11 loss: 0.053143978118896484 - accuracy: 0.9887820482254028
2024-03-05 22:42:11,851 - METRIC - INFO - statipo15 loss: 1.3107930421829224 - accuracy: 0.7382113933563232
2024-03-05 22:42:11,852 - METRIC - INFO - statipo21 loss: 0.10128625482320786 - accuracy: 0.9677419066429138
2024-03-05 22:42:12,053 - METRIC - INFO - mean_accuracy: 0.8877977331479391

2024-03-05 22:42:12,053 - METRIC - INFO - round: 31
2024-03-05 22:42:12,054 - METRIC - INFO - n_selected: 3
2024-03-05 22:42:12,054 - METRIC - INFO - selected_trainers: statipo14 - statipo15 - statipo12
2024-03-05 22:42:18,977 - EXECUT - INFO - received weights from trainer statipo15!
2024-03-05 22:42:19,272 - EXECUT - INFO - received weights from trainer statipo14!
2024-03-05 22:42:20,024 - EXECUT - INFO - received weights from trainer statipo12!
2024-03-05 22:42:20,180 - EXECUT - INFO - sent aggregated weights to trainers!
2024-03-05 22:42:22,958 - METRIC - INFO - statipo15 loss: 0.09482615441083908 - accuracy: 0.9593495726585388
2024-03-05 22:42:22,958 - METRIC - INFO - statipo14 loss: 0.03437623754143715 - accuracy: 0.9872881174087524
2024-03-05 22:42:22,961 - METRIC - INFO - statipo21 loss: 0.33228567242622375 - accuracy: 0.8753665685653687
2024-03-05 22:42:22,984 - METRIC - INFO - statipo13 loss: 0.7867796421051025 - accuracy: 0.735897421836853
2024-03-05 22:42:22,984 - METRIC - INFO - statipo11 loss: 0.4487259089946747 - accuracy: 0.879807710647583
2024-03-05 22:42:22,990 - METRIC - INFO - statipo12 loss: 0.06669960916042328 - accuracy: 0.9731800556182861
2024-03-05 22:42:23,184 - METRIC - INFO - mean_accuracy: 0.9018149077892303

2024-03-05 22:42:23,185 - METRIC - INFO - round: 32
2024-03-05 22:42:23,185 - METRIC - INFO - n_selected: 3
2024-03-05 22:42:23,185 - METRIC - INFO - selected_trainers: statipo14 - statipo13 - statipo12
2024-03-05 22:42:27,088 - EXECUT - INFO - received weights from trainer statipo12!
2024-03-05 22:42:27,404 - EXECUT - INFO - received weights from trainer statipo14!
2024-03-05 22:42:27,457 - EXECUT - INFO - received weights from trainer statipo13!
2024-03-05 22:42:28,310 - EXECUT - INFO - sent aggregated weights to trainers!
2024-03-05 22:42:31,085 - METRIC - INFO - statipo14 loss: 0.03071354143321514 - accuracy: 0.9872881174087524
2024-03-05 22:42:31,087 - METRIC - INFO - statipo21 loss: 0.39371395111083984 - accuracy: 0.8504399061203003
2024-03-05 22:42:31,089 - METRIC - INFO - statipo15 loss: 0.6893183588981628 - accuracy: 0.8195121884346008
2024-03-05 22:42:31,099 - METRIC - INFO - statipo13 loss: 0.11625012755393982 - accuracy: 0.9551281929016113
2024-03-05 22:42:31,109 - METRIC - INFO - statipo12 loss: 0.060370806604623795 - accuracy: 0.9808428883552551
2024-03-05 22:42:31,114 - METRIC - INFO - statipo11 loss: 0.6219387054443359 - accuracy: 0.8525640964508057
2024-03-05 22:42:31,314 - METRIC - INFO - mean_accuracy: 0.9076292316118876

2024-03-05 22:42:31,314 - METRIC - INFO - round: 33
2024-03-05 22:42:31,315 - METRIC - INFO - n_selected: 3
2024-03-05 22:42:31,315 - METRIC - INFO - selected_trainers: statipo21 - statipo15 - statipo13
2024-03-05 22:42:35,338 - EXECUT - INFO - received weights from trainer statipo15!
2024-03-05 22:42:35,516 - EXECUT - INFO - received weights from trainer statipo21!
2024-03-05 22:42:35,595 - EXECUT - INFO - received weights from trainer statipo13!
2024-03-05 22:42:36,445 - EXECUT - INFO - sent aggregated weights to trainers!
2024-03-05 22:42:39,211 - METRIC - INFO - statipo12 loss: 0.26016056537628174 - accuracy: 0.9157088398933411
2024-03-05 22:42:39,222 - METRIC - INFO - statipo11 loss: 0.9678841829299927 - accuracy: 0.7916666865348816
2024-03-05 22:42:39,228 - METRIC - INFO - statipo21 loss: 0.2095729410648346 - accuracy: 0.9354838728904724
2024-03-05 22:42:39,228 - METRIC - INFO - statipo13 loss: 0.1080939769744873 - accuracy: 0.9564102292060852
2024-03-05 22:42:39,230 - METRIC - INFO - statipo15 loss: 0.16645553708076477 - accuracy: 0.9447154402732849
2024-03-05 22:42:39,247 - METRIC - INFO - statipo14 loss: 0.0696328729391098 - accuracy: 0.9759886860847473
2024-03-05 22:42:39,450 - METRIC - INFO - mean_accuracy: 0.9199956258138021

2024-03-05 22:42:39,451 - METRIC - INFO - round: 34
2024-03-05 22:42:39,451 - METRIC - INFO - n_selected: 3
2024-03-05 22:42:39,451 - METRIC - INFO - selected_trainers: statipo11 - statipo15 - statipo21
2024-03-05 22:42:43,632 - EXECUT - INFO - received weights from trainer statipo15!
2024-03-05 22:42:43,686 - EXECUT - INFO - received weights from trainer statipo11!
2024-03-05 22:42:43,748 - EXECUT - INFO - received weights from trainer statipo21!
2024-03-05 22:42:44,541 - EXECUT - INFO - sent aggregated weights to trainers!
2024-03-05 22:42:47,310 - METRIC - INFO - statipo15 loss: 0.08800944685935974 - accuracy: 0.9707317352294922
2024-03-05 22:42:47,315 - METRIC - INFO - statipo11 loss: 0.05421772971749306 - accuracy: 0.9823718070983887
2024-03-05 22:42:47,318 - METRIC - INFO - statipo13 loss: 0.29001984000205994 - accuracy: 0.8666666746139526
2024-03-05 22:42:47,319 - METRIC - INFO - statipo21 loss: 0.0961545929312706 - accuracy: 0.973607063293457
2024-03-05 22:42:47,344 - METRIC - INFO - statipo14 loss: 0.07242077589035034 - accuracy: 0.9759886860847473
2024-03-05 22:42:47,347 - METRIC - INFO - statipo12 loss: 0.3928936719894409 - accuracy: 0.8697317838668823
2024-03-05 22:42:47,546 - METRIC - INFO - mean_accuracy: 0.9398496250311533

2024-03-05 22:42:47,546 - METRIC - INFO - round: 35
2024-03-05 22:42:47,546 - METRIC - INFO - n_selected: 3
2024-03-05 22:42:47,546 - METRIC - INFO - selected_trainers: statipo12 - statipo21 - statipo14
2024-03-05 22:42:52,137 - EXECUT - INFO - received weights from trainer statipo12!
2024-03-05 22:42:52,657 - EXECUT - INFO - received weights from trainer statipo21!
2024-03-05 22:42:52,710 - EXECUT - INFO - received weights from trainer statipo14!
2024-03-05 22:42:53,635 - EXECUT - INFO - sent aggregated weights to trainers!
2024-03-05 22:42:56,400 - METRIC - INFO - statipo12 loss: 0.055120863020420074 - accuracy: 0.982758641242981
2024-03-05 22:42:56,402 - METRIC - INFO - statipo14 loss: 0.026747478172183037 - accuracy: 0.9872881174087524
2024-03-05 22:42:56,405 - METRIC - INFO - statipo11 loss: 0.5759470462799072 - accuracy: 0.8637820482254028
2024-03-05 22:42:56,429 - METRIC - INFO - statipo21 loss: 0.10192335397005081 - accuracy: 0.9648093581199646
2024-03-05 22:42:56,435 - METRIC - INFO - statipo13 loss: 0.6229776740074158 - accuracy: 0.7794871926307678
2024-03-05 22:42:56,436 - METRIC - INFO - statipo15 loss: 0.36350929737091064 - accuracy: 0.8813008069992065
2024-03-05 22:42:56,639 - METRIC - INFO - mean_accuracy: 0.9099043607711792

2024-03-05 22:42:56,639 - METRIC - INFO - round: 36
2024-03-05 22:42:56,640 - METRIC - INFO - n_selected: 3
2024-03-05 22:42:56,640 - METRIC - INFO - selected_trainers: statipo21 - statipo11 - statipo13
2024-03-05 22:43:04,335 - EXECUT - INFO - received weights from trainer statipo11!
2024-03-05 22:43:04,727 - EXECUT - INFO - received weights from trainer statipo21!
2024-03-05 22:43:04,785 - EXECUT - INFO - received weights from trainer statipo13!
2024-03-05 22:43:05,780 - EXECUT - INFO - sent aggregated weights to trainers!
2024-03-05 22:43:08,557 - METRIC - INFO - statipo21 loss: 0.09660176187753677 - accuracy: 0.9706745147705078
2024-03-05 22:43:08,557 - METRIC - INFO - statipo15 loss: 0.7843990921974182 - accuracy: 0.8195121884346008
2024-03-05 22:43:08,558 - METRIC - INFO - statipo14 loss: 0.06706297397613525 - accuracy: 0.9745762944221497
2024-03-05 22:43:08,581 - METRIC - INFO - statipo11 loss: 0.054240256547927856 - accuracy: 0.9823718070983887
2024-03-05 22:43:08,581 - METRIC - INFO - statipo13 loss: 0.11914919316768646 - accuracy: 0.9410256147384644
2024-03-05 22:43:08,581 - METRIC - INFO - statipo12 loss: 0.27116671204566956 - accuracy: 0.9061302542686462
2024-03-05 22:43:08,783 - METRIC - INFO - mean_accuracy: 0.9323817789554596

2024-03-05 22:43:08,783 - METRIC - INFO - round: 37
2024-03-05 22:43:08,784 - METRIC - INFO - n_selected: 3
2024-03-05 22:43:08,784 - METRIC - INFO - selected_trainers: statipo11 - statipo14 - statipo12
2024-03-05 22:43:12,686 - EXECUT - INFO - received weights from trainer statipo12!
2024-03-05 22:43:12,834 - EXECUT - INFO - received weights from trainer statipo11!
2024-03-05 22:43:13,024 - EXECUT - INFO - received weights from trainer statipo14!
2024-03-05 22:43:13,914 - EXECUT - INFO - sent aggregated weights to trainers!
2024-03-05 22:43:16,678 - METRIC - INFO - statipo12 loss: 0.045901570469141006 - accuracy: 0.9865900278091431
2024-03-05 22:43:16,682 - METRIC - INFO - statipo21 loss: 0.18556955456733704 - accuracy: 0.9413489699363708
2024-03-05 22:43:16,684 - METRIC - INFO - statipo14 loss: 0.030314715579152107 - accuracy: 0.9901130199432373
2024-03-05 22:43:16,691 - METRIC - INFO - statipo11 loss: 0.04565170034766197 - accuracy: 0.9903846383094788
2024-03-05 22:43:16,692 - METRIC - INFO - statipo15 loss: 1.1099042892456055 - accuracy: 0.7577235698699951
2024-03-05 22:43:16,698 - METRIC - INFO - statipo13 loss: 0.37736910581588745 - accuracy: 0.8384615182876587
2024-03-05 22:43:16,918 - METRIC - INFO - mean_accuracy: 0.917436957359314

2024-03-05 22:43:16,918 - METRIC - INFO - round: 38
2024-03-05 22:43:16,919 - METRIC - INFO - n_selected: 3
2024-03-05 22:43:16,919 - METRIC - INFO - selected_trainers: statipo13 - statipo14 - statipo15
2024-03-05 22:43:20,982 - EXECUT - INFO - received weights from trainer statipo15!
2024-03-05 22:43:21,185 - EXECUT - INFO - received weights from trainer statipo13!
2024-03-05 22:43:21,237 - EXECUT - INFO - received weights from trainer statipo14!
2024-03-05 22:43:22,042 - EXECUT - INFO - sent aggregated weights to trainers!
2024-03-05 22:43:24,813 - METRIC - INFO - statipo15 loss: 0.08958464115858078 - accuracy: 0.9674796462059021
2024-03-05 22:43:24,818 - METRIC - INFO - statipo13 loss: 0.24594643712043762 - accuracy: 0.9128205180168152
2024-03-05 22:43:24,819 - METRIC - INFO - statipo21 loss: 0.3843820095062256 - accuracy: 0.8548387289047241
2024-03-05 22:43:24,842 - METRIC - INFO - statipo11 loss: 0.3320808708667755 - accuracy: 0.8974359035491943
2024-03-05 22:43:24,844 - METRIC - INFO - statipo12 loss: 0.28585344552993774 - accuracy: 0.9214559197425842
2024-03-05 22:43:24,845 - METRIC - INFO - statipo14 loss: 0.030316831544041634 - accuracy: 0.991525411605835
2024-03-05 22:43:25,046 - METRIC - INFO - mean_accuracy: 0.9242593546708425

2024-03-05 22:43:25,046 - METRIC - INFO - round: 39
2024-03-05 22:43:25,046 - METRIC - INFO - n_selected: 3
2024-03-05 22:43:25,046 - METRIC - INFO - selected_trainers: statipo13 - statipo12 - statipo14
2024-03-05 22:43:28,893 - EXECUT - INFO - received weights from trainer statipo12!
2024-03-05 22:43:29,183 - EXECUT - INFO - received weights from trainer statipo14!
2024-03-05 22:43:29,301 - EXECUT - INFO - received weights from trainer statipo13!
2024-03-05 22:43:30,163 - EXECUT - INFO - sent aggregated weights to trainers!
2024-03-05 22:43:32,975 - METRIC - INFO - statipo13 loss: 0.12398985028266907 - accuracy: 0.9461538195610046
2024-03-05 22:43:32,978 - METRIC - INFO - statipo14 loss: 0.027967331930994987 - accuracy: 0.9929378628730774
2024-03-05 22:43:32,997 - METRIC - INFO - statipo11 loss: 0.4827499985694885 - accuracy: 0.8669871687889099
2024-03-05 22:43:33,001 - METRIC - INFO - statipo12 loss: 0.05341806262731552 - accuracy: 0.984674334526062
2024-03-05 22:43:33,006 - METRIC - INFO - statipo21 loss: 0.3000541031360626 - accuracy: 0.892961859703064
2024-03-05 22:43:33,014 - METRIC - INFO - statipo15 loss: 0.47740989923477173 - accuracy: 0.8666666746139526
2024-03-05 22:43:33,168 - METRIC - INFO - mean_accuracy: 0.9250636200110117

2024-03-05 22:43:33,168 - METRIC - INFO - round: 40
2024-03-05 22:43:33,168 - METRIC - INFO - n_selected: 3
2024-03-05 22:43:33,168 - METRIC - INFO - selected_trainers: statipo13 - statipo15 - statipo11
2024-03-05 22:43:37,114 - EXECUT - INFO - received weights from trainer statipo15!
2024-03-05 22:43:37,316 - EXECUT - INFO - received weights from trainer statipo11!
2024-03-05 22:43:37,596 - EXECUT - INFO - received weights from trainer statipo13!
2024-03-05 22:43:38,260 - EXECUT - INFO - sent aggregated weights to trainers!
2024-03-05 22:43:41,037 - METRIC - INFO - statipo11 loss: 0.045577533543109894 - accuracy: 0.9887820482254028
2024-03-05 22:43:41,084 - METRIC - INFO - statipo12 loss: 0.24829928576946259 - accuracy: 0.9176245331764221
2024-03-05 22:43:41,084 - METRIC - INFO - statipo13 loss: 0.0863325372338295 - accuracy: 0.9679487347602844
2024-03-05 22:43:41,084 - METRIC - INFO - statipo15 loss: 0.06934256851673126 - accuracy: 0.9804878234863281
2024-03-05 22:43:41,084 - METRIC - INFO - statipo14 loss: 0.06730576604604721 - accuracy: 0.9745762944221497
2024-03-05 22:43:41,084 - METRIC - INFO - statipo21 loss: 0.32249748706817627 - accuracy: 0.8856304883956909
2024-03-05 22:43:41,265 - METRIC - INFO - mean_accuracy: 0.9525083204110464

2024-03-05 22:43:41,265 - METRIC - INFO - round: 41
2024-03-05 22:43:41,266 - METRIC - INFO - n_selected: 3
2024-03-05 22:43:41,266 - METRIC - INFO - selected_trainers: statipo15 - statipo21 - statipo11
2024-03-05 22:43:48,170 - EXECUT - INFO - received weights from trainer statipo15!
2024-03-05 22:43:48,223 - EXECUT - INFO - received weights from trainer statipo11!
2024-03-05 22:43:48,351 - EXECUT - INFO - received weights from trainer statipo21!
2024-03-05 22:43:49,361 - EXECUT - INFO - sent aggregated weights to trainers!
2024-03-05 22:43:52,132 - METRIC - INFO - statipo14 loss: 0.07116061449050903 - accuracy: 0.9759886860847473
2024-03-05 22:43:52,132 - METRIC - INFO - statipo12 loss: 0.3485276997089386 - accuracy: 0.9042145609855652
2024-03-05 22:43:52,138 - METRIC - INFO - statipo15 loss: 0.06888337433338165 - accuracy: 0.9788618087768555
2024-03-05 22:43:52,141 - METRIC - INFO - statipo13 loss: 0.1694232076406479 - accuracy: 0.9217948913574219
2024-03-05 22:43:52,159 - METRIC - INFO - statipo21 loss: 0.09969676285982132 - accuracy: 0.9692082405090332
2024-03-05 22:43:52,160 - METRIC - INFO - statipo11 loss: 0.0448228195309639 - accuracy: 0.9887820482254028
2024-03-05 22:43:52,364 - METRIC - INFO - mean_accuracy: 0.956475039323171

2024-03-05 22:43:52,364 - METRIC - INFO - round: 42
2024-03-05 22:43:52,364 - METRIC - INFO - n_selected: 3
2024-03-05 22:43:52,364 - METRIC - INFO - selected_trainers: statipo15 - statipo13 - statipo21
2024-03-05 22:43:58,165 - EXECUT - INFO - received weights from trainer statipo15!
2024-03-05 22:43:58,361 - EXECUT - INFO - received weights from trainer statipo21!
2024-03-05 22:43:58,567 - EXECUT - INFO - received weights from trainer statipo13!
2024-03-05 22:43:59,455 - EXECUT - INFO - sent aggregated weights to trainers!
2024-03-05 22:44:02,217 - METRIC - INFO - statipo12 loss: 0.4656132459640503 - accuracy: 0.8793103694915771
2024-03-05 22:44:02,223 - METRIC - INFO - statipo11 loss: 0.27286234498023987 - accuracy: 0.9214743375778198
2024-03-05 22:44:02,231 - METRIC - INFO - statipo15 loss: 0.06785552203655243 - accuracy: 0.9772357940673828
2024-03-05 22:44:02,233 - METRIC - INFO - statipo14 loss: 0.07118852436542511 - accuracy: 0.9745762944221497
2024-03-05 22:44:02,239 - METRIC - INFO - statipo13 loss: 0.09202250093221664 - accuracy: 0.9602563977241516
2024-03-05 22:44:02,252 - METRIC - INFO - statipo21 loss: 0.11859969794750214 - accuracy: 0.9648093581199646
2024-03-05 22:44:02,460 - METRIC - INFO - mean_accuracy: 0.9462770919005076

2024-03-05 22:44:02,460 - METRIC - INFO - round: 43
2024-03-05 22:44:02,460 - METRIC - INFO - n_selected: 3
2024-03-05 22:44:02,461 - METRIC - INFO - selected_trainers: statipo12 - statipo21 - statipo11
2024-03-05 22:44:06,268 - EXECUT - INFO - received weights from trainer statipo12!
2024-03-05 22:44:06,526 - EXECUT - INFO - received weights from trainer statipo11!
2024-03-05 22:44:06,684 - EXECUT - INFO - received weights from trainer statipo21!
2024-03-05 22:44:07,607 - EXECUT - INFO - sent aggregated weights to trainers!
2024-03-05 22:44:10,373 - METRIC - INFO - statipo21 loss: 0.13914842903614044 - accuracy: 0.9516128897666931
2024-03-05 22:44:10,377 - METRIC - INFO - statipo15 loss: 0.31029394268989563 - accuracy: 0.8959349393844604
2024-03-05 22:44:10,378 - METRIC - INFO - statipo12 loss: 0.05202820524573326 - accuracy: 0.982758641242981
2024-03-05 22:44:10,383 - METRIC - INFO - statipo11 loss: 0.04566201940178871 - accuracy: 0.9887820482254028
2024-03-05 22:44:10,391 - METRIC - INFO - statipo13 loss: 0.16402818262577057 - accuracy: 0.9192307591438293
2024-03-05 22:44:10,408 - METRIC - INFO - statipo14 loss: 0.07888895273208618 - accuracy: 0.9731638431549072
2024-03-05 22:44:10,610 - METRIC - INFO - mean_accuracy: 0.951913853486379

2024-03-05 22:44:10,610 - METRIC - INFO - round: 44
2024-03-05 22:44:10,611 - METRIC - INFO - n_selected: 3
2024-03-05 22:44:10,611 - METRIC - INFO - selected_trainers: statipo15 - statipo12 - statipo11
2024-03-05 22:44:14,457 - EXECUT - INFO - received weights from trainer statipo12!
2024-03-05 22:44:14,548 - EXECUT - INFO - received weights from trainer statipo11!
2024-03-05 22:44:14,632 - EXECUT - INFO - received weights from trainer statipo15!
2024-03-05 22:44:15,747 - EXECUT - INFO - sent aggregated weights to trainers!
2024-03-05 22:44:18,537 - METRIC - INFO - statipo11 loss: 0.049647897481918335 - accuracy: 0.9871794581413269
2024-03-05 22:44:18,537 - METRIC - INFO - statipo14 loss: 0.18068915605545044 - accuracy: 0.9336158037185669
2024-03-05 22:44:18,540 - METRIC - INFO - statipo21 loss: 0.2735264003276825 - accuracy: 0.8988269567489624
2024-03-05 22:44:18,541 - METRIC - INFO - statipo15 loss: 0.054832298308610916 - accuracy: 0.9837398529052734
2024-03-05 22:44:18,550 - METRIC - INFO - statipo12 loss: 0.04733246564865112 - accuracy: 0.9865900278091431
2024-03-05 22:44:18,561 - METRIC - INFO - statipo13 loss: 0.24049384891986847 - accuracy: 0.8846153616905212
2024-03-05 22:44:18,752 - METRIC - INFO - mean_accuracy: 0.945761243502299

2024-03-05 22:44:18,752 - METRIC - INFO - round: 45
2024-03-05 22:44:18,753 - METRIC - INFO - n_selected: 3
2024-03-05 22:44:18,753 - METRIC - INFO - selected_trainers: statipo15 - statipo13 - statipo12
2024-03-05 22:44:22,619 - EXECUT - INFO - received weights from trainer statipo12!
2024-03-05 22:44:22,804 - EXECUT - INFO - received weights from trainer statipo15!
2024-03-05 22:44:23,030 - EXECUT - INFO - received weights from trainer statipo13!
2024-03-05 22:44:23,884 - EXECUT - INFO - sent aggregated weights to trainers!
2024-03-05 22:44:26,679 - METRIC - INFO - statipo11 loss: 0.16786108911037445 - accuracy: 0.9407051205635071
2024-03-05 22:44:26,685 - METRIC - INFO - statipo21 loss: 0.40498751401901245 - accuracy: 0.8445748090744019
2024-03-05 22:44:26,693 - METRIC - INFO - statipo13 loss: 0.07490572333335876 - accuracy: 0.9679487347602844
2024-03-05 22:44:26,695 - METRIC - INFO - statipo15 loss: 0.06835033744573593 - accuracy: 0.9772357940673828
2024-03-05 22:44:26,701 - METRIC - INFO - statipo14 loss: 0.19163542985916138 - accuracy: 0.9237288236618042
2024-03-05 22:44:26,704 - METRIC - INFO - statipo12 loss: 0.04623176157474518 - accuracy: 0.9885057210922241
2024-03-05 22:44:26,888 - METRIC - INFO - mean_accuracy: 0.9404498338699341

2024-03-05 22:44:26,888 - METRIC - INFO - round: 46
2024-03-05 22:44:26,889 - METRIC - INFO - n_selected: 3
2024-03-05 22:44:26,889 - METRIC - INFO - selected_trainers: statipo21 - statipo11 - statipo14
2024-03-05 22:44:31,584 - EXECUT - INFO - received weights from trainer statipo11!
2024-03-05 22:44:31,662 - EXECUT - INFO - received weights from trainer statipo14!
2024-03-05 22:44:31,716 - EXECUT - INFO - received weights from trainer statipo21!
2024-03-05 22:44:31,975 - EXECUT - INFO - sent aggregated weights to trainers!
2024-03-05 22:44:34,741 - METRIC - INFO - statipo11 loss: 0.04981309920549393 - accuracy: 0.9887820482254028
2024-03-05 22:44:34,748 - METRIC - INFO - statipo21 loss: 0.090556301176548 - accuracy: 0.973607063293457
2024-03-05 22:44:34,754 - METRIC - INFO - statipo13 loss: 0.20451153814792633 - accuracy: 0.9038461446762085
2024-03-05 22:44:34,769 - METRIC - INFO - statipo14 loss: 0.04541453719139099 - accuracy: 0.9830508232116699
2024-03-05 22:44:34,774 - METRIC - INFO - statipo15 loss: 0.164800226688385 - accuracy: 0.9528455138206482
2024-03-05 22:44:34,789 - METRIC - INFO - statipo12 loss: 0.09551459550857544 - accuracy: 0.967432975769043
2024-03-05 22:44:34,978 - METRIC - INFO - mean_accuracy: 0.9615940948327383

2024-03-05 22:44:34,979 - METRIC - INFO - round: 47
2024-03-05 22:44:34,979 - METRIC - INFO - n_selected: 3
2024-03-05 22:44:34,979 - METRIC - INFO - selected_trainers: statipo12 - statipo14 - statipo15
2024-03-05 22:44:40,540 - EXECUT - INFO - received weights from trainer statipo12!
2024-03-05 22:44:40,958 - EXECUT - INFO - received weights from trainer statipo15!
2024-03-05 22:44:41,261 - EXECUT - INFO - received weights from trainer statipo14!
2024-03-05 22:44:42,073 - EXECUT - INFO - sent aggregated weights to trainers!
2024-03-05 22:44:44,847 - METRIC - INFO - statipo14 loss: 0.02662687562406063 - accuracy: 0.9901130199432373
2024-03-05 22:44:44,849 - METRIC - INFO - statipo15 loss: 0.17340371012687683 - accuracy: 0.9626016020774841
2024-03-05 22:44:44,850 - METRIC - INFO - statipo21 loss: 0.22972382605075836 - accuracy: 0.9090909361839294
2024-03-05 22:44:44,869 - METRIC - INFO - statipo11 loss: 0.28073573112487793 - accuracy: 0.9182692170143127
2024-03-05 22:44:44,872 - METRIC - INFO - statipo12 loss: 0.052027419209480286 - accuracy: 0.9808428883552551
2024-03-05 22:44:44,873 - METRIC - INFO - statipo13 loss: 0.2679785192012787 - accuracy: 0.8743589520454407
2024-03-05 22:44:45,076 - METRIC - INFO - mean_accuracy: 0.9392127692699432

2024-03-05 22:44:45,076 - METRIC - INFO - round: 48
2024-03-05 22:44:45,077 - METRIC - INFO - n_selected: 3
2024-03-05 22:44:45,077 - METRIC - INFO - selected_trainers: statipo21 - statipo14 - statipo11
2024-03-05 22:44:52,101 - EXECUT - INFO - received weights from trainer statipo11!
2024-03-05 22:44:52,214 - EXECUT - INFO - received weights from trainer statipo21!
2024-03-05 22:44:53,075 - EXECUT - INFO - received weights from trainer statipo14!
2024-03-05 22:44:53,179 - EXECUT - INFO - sent aggregated weights to trainers!
2024-03-05 22:44:55,949 - METRIC - INFO - statipo11 loss: 0.053615305572748184 - accuracy: 0.9871794581413269
2024-03-05 22:44:55,953 - METRIC - INFO - statipo13 loss: 0.42060285806655884 - accuracy: 0.8243589997291565
2024-03-05 22:44:55,955 - METRIC - INFO - statipo21 loss: 0.08180996030569077 - accuracy: 0.9765396118164062
2024-03-05 22:44:55,959 - METRIC - INFO - statipo12 loss: 0.1411896049976349 - accuracy: 0.9501915574073792
2024-03-05 22:44:55,962 - METRIC - INFO - statipo15 loss: 0.18855814635753632 - accuracy: 0.9495934844017029
2024-03-05 22:44:55,979 - METRIC - INFO - statipo14 loss: 0.07557937502861023 - accuracy: 0.9788135886192322
2024-03-05 22:44:56,182 - METRIC - INFO - mean_accuracy: 0.9444461166858673

2024-03-05 22:44:56,183 - METRIC - INFO - round: 49
2024-03-05 22:44:56,183 - METRIC - INFO - n_selected: 3
2024-03-05 22:44:56,183 - METRIC - INFO - selected_trainers: statipo15 - statipo21 - statipo13
2024-03-05 22:45:00,651 - EXECUT - INFO - received weights from trainer statipo15!
2024-03-05 22:45:00,848 - EXECUT - INFO - received weights from trainer statipo21!
2024-03-05 22:45:00,930 - EXECUT - INFO - received weights from trainer statipo13!
2024-03-05 22:45:01,275 - EXECUT - INFO - sent aggregated weights to trainers!
2024-03-05 22:45:04,043 - METRIC - INFO - statipo12 loss: 0.2930435240268707 - accuracy: 0.9022988677024841
2024-03-05 22:45:04,046 - METRIC - INFO - statipo21 loss: 0.08368926495313644 - accuracy: 0.9780058860778809
2024-03-05 22:45:04,047 - METRIC - INFO - statipo14 loss: 0.032672204077243805 - accuracy: 0.9901130199432373
2024-03-05 22:45:04,055 - METRIC - INFO - statipo15 loss: 0.058049824088811874 - accuracy: 0.9821138381958008
2024-03-05 22:45:04,078 - METRIC - INFO - statipo11 loss: 0.2996714413166046 - accuracy: 0.9102563858032227
2024-03-05 22:45:04,095 - METRIC - INFO - statipo13 loss: 0.18502917885780334 - accuracy: 0.9256410002708435
2024-03-05 22:45:04,279 - METRIC - INFO - mean_accuracy: 0.9480714996655782

2024-03-05 22:45:04,280 - METRIC - INFO - round: 50
2024-03-05 22:45:04,280 - METRIC - INFO - n_selected: 3
2024-03-05 22:45:04,280 - METRIC - INFO - selected_trainers: statipo12 - statipo11 - statipo14
2024-03-05 22:45:08,327 - EXECUT - INFO - received weights from trainer statipo11!
2024-03-05 22:45:08,405 - EXECUT - INFO - received weights from trainer statipo12!
2024-03-05 22:45:08,479 - EXECUT - INFO - received weights from trainer statipo14!
2024-03-05 22:45:09,412 - EXECUT - INFO - sent aggregated weights to trainers!
2024-03-05 22:45:12,187 - METRIC - INFO - statipo21 loss: 0.1340843141078949 - accuracy: 0.9545454382896423
2024-03-05 22:45:12,191 - METRIC - INFO - statipo12 loss: 0.04613370820879936 - accuracy: 0.9885057210922241
2024-03-05 22:45:12,211 - METRIC - INFO - statipo14 loss: 0.02550322562456131 - accuracy: 0.9887005686759949
2024-03-05 22:45:12,216 - METRIC - INFO - statipo13 loss: 0.2970094680786133 - accuracy: 0.8615384697914124
2024-03-05 22:45:12,224 - METRIC - INFO - statipo15 loss: 0.21683168411254883 - accuracy: 0.9430894255638123
2024-03-05 22:45:12,265 - METRIC - INFO - statipo11 loss: 0.048479173332452774 - accuracy: 0.9887820482254028
2024-03-05 22:45:12,415 - METRIC - INFO - mean_accuracy: 0.9541936119397482

2024-03-05 22:45:12,416 - METRIC - INFO - stop_condition: rounds
